<?xml version="1.0" encoding="UTF-8"?>
<testsuite xmlns:xsi="http://www.w3.org/2001/XMLSchema-instance" xsi:noNamespaceSchemaLocation="https://maven.apache.org/surefire/maven-surefire-plugin/xsd/surefire-test-report-3.0.xsd" version="3.0" name="org.jsoup.integration.ConnectTest" time="3.032" tests="44" errors="0" skipped="0" failures="0">
  <properties>
    <property name="awt.toolkit" value="sun.awt.X11.XToolkit"/>
    <property name="file.encoding.pkg" value="sun.io"/>
    <property name="java.specification.version" value="1.8"/>
    <property name="sun.cpu.isalist" value=""/>
    <property name="sun.jnu.encoding" value="UTF-8"/>
    <property name="java.class.path" value="/home/ubuntu/jsoup/target/test-classes:/home/ubuntu/jsoup/target/generated-classes/cobertura:/home/ubuntu/.m2/repository/org/junit/jupiter/junit-jupiter/5.8.0/junit-jupiter-5.8.0.jar:/home/ubuntu/.m2/repository/org/junit/jupiter/junit-jupiter-api/5.8.0/junit-jupiter-api-5.8.0.jar:/home/ubuntu/.m2/repository/org/opentest4j/opentest4j/1.2.0/opentest4j-1.2.0.jar:/home/ubuntu/.m2/repository/org/junit/platform/junit-platform-commons/1.8.0/junit-platform-commons-1.8.0.jar:/home/ubuntu/.m2/repository/org/apiguardian/apiguardian-api/1.1.2/apiguardian-api-1.1.2.jar:/home/ubuntu/.m2/repository/org/junit/jupiter/junit-jupiter-params/5.8.0/junit-jupiter-params-5.8.0.jar:/home/ubuntu/.m2/repository/org/junit/jupiter/junit-jupiter-engine/5.8.0/junit-jupiter-engine-5.8.0.jar:/home/ubuntu/.m2/repository/org/junit/platform/junit-platform-engine/1.8.0/junit-platform-engine-1.8.0.jar:/home/ubuntu/.m2/repository/com/google/code/gson/gson/2.8.8/gson-2.8.8.jar:/home/ubuntu/.m2/repository/org/eclipse/jetty/jetty-server/9.4.43.v20210629/jetty-server-9.4.43.v20210629.jar:/home/ubuntu/.m2/repository/javax/servlet/javax.servlet-api/3.1.0/javax.servlet-api-3.1.0.jar:/home/ubuntu/.m2/repository/org/eclipse/jetty/jetty-http/9.4.43.v20210629/jetty-http-9.4.43.v20210629.jar:/home/ubuntu/.m2/repository/org/eclipse/jetty/jetty-util/9.4.43.v20210629/jetty-util-9.4.43.v20210629.jar:/home/ubuntu/.m2/repository/org/eclipse/jetty/jetty-io/9.4.43.v20210629/jetty-io-9.4.43.v20210629.jar:/home/ubuntu/.m2/repository/org/eclipse/jetty/jetty-servlet/9.4.43.v20210629/jetty-servlet-9.4.43.v20210629.jar:/home/ubuntu/.m2/repository/org/eclipse/jetty/jetty-security/9.4.43.v20210629/jetty-security-9.4.43.v20210629.jar:/home/ubuntu/.m2/repository/org/eclipse/jetty/jetty-util-ajax/9.4.43.v20210629/jetty-util-ajax-9.4.43.v20210629.jar:/home/ubuntu/.m2/repository/com/google/code/findbugs/jsr305/3.0.2/jsr305-3.0.2.jar:/home/ubuntu/.m2/repository/net/sourceforge/cobertura/cobertura/2.1.1/cobertura-2.1.1.jar:/home/ubuntu/.m2/repository/jaxen/jaxen/1.1.4/jaxen-1.1.4.jar:/home/ubuntu/.m2/repository/org/apache/ant/ant/1.8.3/ant-1.8.3.jar:/home/ubuntu/.m2/repository/org/apache/ant/ant-launcher/1.8.3/ant-launcher-1.8.3.jar:/home/ubuntu/.m2/repository/org/apache/ant/ant-junit/1.8.3/ant-junit-1.8.3.jar:/home/ubuntu/.m2/repository/org/mortbay/jetty/servlet-api-2.5/6.1.14/servlet-api-2.5-6.1.14.jar:/home/ubuntu/.m2/repository/org/mortbay/jetty/jetty/6.1.14/jetty-6.1.14.jar:/home/ubuntu/.m2/repository/org/mortbay/jetty/jetty-util/6.1.14/jetty-util-6.1.14.jar:/usr/lib/jvm/java-8-openjdk-amd64/jre/../lib/tools.jar:/home/ubuntu/.m2/repository/org/slf4j/slf4j-api/1.7.5/slf4j-api-1.7.5.jar:/home/ubuntu/.m2/repository/ch/qos/logback/logback-classic/1.0.13/logback-classic-1.0.13.jar:/home/ubuntu/.m2/repository/ch/qos/logback/logback-core/1.0.13/logback-core-1.0.13.jar:/home/ubuntu/.m2/repository/junit/junit/4.11/junit-4.11.jar:/home/ubuntu/.m2/repository/org/hamcrest/hamcrest-core/1.3/hamcrest-core-1.3.jar:/home/ubuntu/.m2/repository/org/apache/commons/commons-lang3/3.3.2/commons-lang3-3.3.2.jar:"/>
    <property name="java.vm.vendor" value="Private Build"/>
    <property name="sun.arch.data.model" value="64"/>
    <property name="java.vendor.url" value="http://java.oracle.com/"/>
    <property name="user.timezone" value="Etc/UTC"/>
    <property name="java.vm.specification.version" value="1.8"/>
    <property name="os.name" value="Linux"/>
    <property name="user.country" value="US"/>
    <property name="sun.java.launcher" value="SUN_STANDARD"/>
    <property name="sun.boot.library.path" value="/usr/lib/jvm/java-8-openjdk-amd64/jre/lib/amd64"/>
    <property name="sun.java.command" value="/home/ubuntu/jsoup/target/surefire/surefirebooter7323666008193123.jar /home/ubuntu/jsoup/target/surefire 2021-09-20T19-29-57_152-jvmRun1 surefire7154921910731547436tmp surefire_07487924543571756645tmp"/>
    <property name="surefire.test.class.path" value="/home/ubuntu/jsoup/target/test-classes:/home/ubuntu/jsoup/target/generated-classes/cobertura:/home/ubuntu/.m2/repository/org/junit/jupiter/junit-jupiter/5.8.0/junit-jupiter-5.8.0.jar:/home/ubuntu/.m2/repository/org/junit/jupiter/junit-jupiter-api/5.8.0/junit-jupiter-api-5.8.0.jar:/home/ubuntu/.m2/repository/org/opentest4j/opentest4j/1.2.0/opentest4j-1.2.0.jar:/home/ubuntu/.m2/repository/org/junit/platform/junit-platform-commons/1.8.0/junit-platform-commons-1.8.0.jar:/home/ubuntu/.m2/repository/org/apiguardian/apiguardian-api/1.1.2/apiguardian-api-1.1.2.jar:/home/ubuntu/.m2/repository/org/junit/jupiter/junit-jupiter-params/5.8.0/junit-jupiter-params-5.8.0.jar:/home/ubuntu/.m2/repository/org/junit/jupiter/junit-jupiter-engine/5.8.0/junit-jupiter-engine-5.8.0.jar:/home/ubuntu/.m2/repository/org/junit/platform/junit-platform-engine/1.8.0/junit-platform-engine-1.8.0.jar:/home/ubuntu/.m2/repository/com/google/code/gson/gson/2.8.8/gson-2.8.8.jar:/home/ubuntu/.m2/repository/org/eclipse/jetty/jetty-server/9.4.43.v20210629/jetty-server-9.4.43.v20210629.jar:/home/ubuntu/.m2/repository/javax/servlet/javax.servlet-api/3.1.0/javax.servlet-api-3.1.0.jar:/home/ubuntu/.m2/repository/org/eclipse/jetty/jetty-http/9.4.43.v20210629/jetty-http-9.4.43.v20210629.jar:/home/ubuntu/.m2/repository/org/eclipse/jetty/jetty-util/9.4.43.v20210629/jetty-util-9.4.43.v20210629.jar:/home/ubuntu/.m2/repository/org/eclipse/jetty/jetty-io/9.4.43.v20210629/jetty-io-9.4.43.v20210629.jar:/home/ubuntu/.m2/repository/org/eclipse/jetty/jetty-servlet/9.4.43.v20210629/jetty-servlet-9.4.43.v20210629.jar:/home/ubuntu/.m2/repository/org/eclipse/jetty/jetty-security/9.4.43.v20210629/jetty-security-9.4.43.v20210629.jar:/home/ubuntu/.m2/repository/org/eclipse/jetty/jetty-util-ajax/9.4.43.v20210629/jetty-util-ajax-9.4.43.v20210629.jar:/home/ubuntu/.m2/repository/com/google/code/findbugs/jsr305/3.0.2/jsr305-3.0.2.jar:/home/ubuntu/.m2/repository/net/sourceforge/cobertura/cobertura/2.1.1/cobertura-2.1.1.jar:/home/ubuntu/.m2/repository/jaxen/jaxen/1.1.4/jaxen-1.1.4.jar:/home/ubuntu/.m2/repository/org/apache/ant/ant/1.8.3/ant-1.8.3.jar:/home/ubuntu/.m2/repository/org/apache/ant/ant-launcher/1.8.3/ant-launcher-1.8.3.jar:/home/ubuntu/.m2/repository/org/apache/ant/ant-junit/1.8.3/ant-junit-1.8.3.jar:/home/ubuntu/.m2/repository/org/mortbay/jetty/servlet-api-2.5/6.1.14/servlet-api-2.5-6.1.14.jar:/home/ubuntu/.m2/repository/org/mortbay/jetty/jetty/6.1.14/jetty-6.1.14.jar:/home/ubuntu/.m2/repository/org/mortbay/jetty/jetty-util/6.1.14/jetty-util-6.1.14.jar:/usr/lib/jvm/java-8-openjdk-amd64/jre/../lib/tools.jar:/home/ubuntu/.m2/repository/org/slf4j/slf4j-api/1.7.5/slf4j-api-1.7.5.jar:/home/ubuntu/.m2/repository/ch/qos/logback/logback-classic/1.0.13/logback-classic-1.0.13.jar:/home/ubuntu/.m2/repository/ch/qos/logback/logback-core/1.0.13/logback-core-1.0.13.jar:/home/ubuntu/.m2/repository/junit/junit/4.11/junit-4.11.jar:/home/ubuntu/.m2/repository/org/hamcrest/hamcrest-core/1.3/hamcrest-core-1.3.jar:/home/ubuntu/.m2/repository/org/apache/commons/commons-lang3/3.3.2/commons-lang3-3.3.2.jar:"/>
    <property name="sun.cpu.endian" value="little"/>
    <property name="user.home" value="/home/ubuntu"/>
    <property name="user.language" value="en"/>
    <property name="java.specification.vendor" value="Oracle Corporation"/>
    <property name="java.home" value="/usr/lib/jvm/java-8-openjdk-amd64/jre"/>
    <property name="basedir" value="/home/ubuntu/jsoup"/>
    <property name="file.separator" value="/"/>
    <property name="line.separator" value="&#10;"/>
    <property name="java.vm.specification.vendor" value="Oracle Corporation"/>
    <property name="java.specification.name" value="Java Platform API Specification"/>
    <property name="java.awt.graphicsenv" value="sun.awt.X11GraphicsEnvironment"/>
    <property name="surefire.real.class.path" value="/home/ubuntu/jsoup/target/surefire/surefirebooter7323666008193123.jar"/>
    <property name="sun.boot.class.path" value="/usr/lib/jvm/java-8-openjdk-amd64/jre/lib/resources.jar:/usr/lib/jvm/java-8-openjdk-amd64/jre/lib/rt.jar:/usr/lib/jvm/java-8-openjdk-amd64/jre/lib/sunrsasign.jar:/usr/lib/jvm/java-8-openjdk-amd64/jre/lib/jsse.jar:/usr/lib/jvm/java-8-openjdk-amd64/jre/lib/jce.jar:/usr/lib/jvm/java-8-openjdk-amd64/jre/lib/charsets.jar:/usr/lib/jvm/java-8-openjdk-amd64/jre/lib/jfr.jar:/usr/lib/jvm/java-8-openjdk-amd64/jre/classes"/>
    <property name="sun.management.compiler" value="HotSpot 64-Bit Tiered Compilers"/>
    <property name="java.runtime.version" value="1.8.0_292-8u292-b10-0ubuntu1~16.04.1-b10"/>
    <property name="user.name" value="ubuntu"/>
    <property name="path.separator" value=":"/>
    <property name="os.version" value="4.4.0-1128-aws"/>
    <property name="java.endorsed.dirs" value="/usr/lib/jvm/java-8-openjdk-amd64/jre/lib/endorsed"/>
    <property name="java.runtime.name" value="OpenJDK Runtime Environment"/>
    <property name="file.encoding" value="UTF-8"/>
    <property name="sun.net.http.allowRestrictedHeaders" value="true"/>
    <property name="java.vm.name" value="OpenJDK 64-Bit Server VM"/>
    <property name="localRepository" value="/home/ubuntu/.m2/repository"/>
    <property name="java.vendor.url.bug" value="http://bugreport.sun.com/bugreport/"/>
    <property name="jetty.git.hash" value="526006ecfa3af7f1a27ef3a288e2bef7ea9dd7e8"/>
    <property name="java.io.tmpdir" value="/tmp"/>
    <property name="java.version" value="1.8.0_292"/>
    <property name="user.dir" value="/home/ubuntu/jsoup"/>
    <property name="os.arch" value="amd64"/>
    <property name="java.vm.specification.name" value="Java Virtual Machine Specification"/>
    <property name="java.awt.printerjob" value="sun.print.PSPrinterJob"/>
    <property name="sun.os.patch.level" value="unknown"/>
    <property name="java.library.path" value="/usr/java/packages/lib/amd64:/usr/lib/x86_64-linux-gnu/jni:/lib/x86_64-linux-gnu:/usr/lib/x86_64-linux-gnu:/usr/lib/jni:/lib:/usr/lib"/>
    <property name="java.vm.info" value="mixed mode"/>
    <property name="java.vendor" value="Private Build"/>
    <property name="java.vm.version" value="25.292-b10"/>
    <property name="java.ext.dirs" value="/usr/lib/jvm/java-8-openjdk-amd64/jre/lib/ext:/usr/java/packages/lib/ext"/>
    <property name="sun.io.unicode.encoding" value="UnicodeLittle"/>
    <property name="java.class.version" value="52.0"/>
  </properties>
  <testcase name="multipleParsesOkAfterBufferUp" classname="org.jsoup.integration.ConnectTest" time="0.015">
    <system-out><![CDATA[[DEBUG] Selector sun.nio.ch.EPollSelectorImpl@54609eb7 woken up from select, 1/1/1 selected
[DEBUG] Selector sun.nio.ch.EPollSelectorImpl@54609eb7 processing 1 keys, 0 updates
[DEBUG] selected 1 sun.nio.ch.SelectionKeyImpl@6080f61d SocketChannelEndPoint@1bd6e8a{l=/127.0.0.1:38858,r=/127.0.0.1:42938,OPEN,fill=FI,flush=-,to=2796/30000}{io=1/1,kio=1,kro=1}->HttpConnection@77276f3d[p=HttpParser{s=START,0 of -1},g=HttpGenerator@1fdf9a47{s=START}]=>HttpChannelOverHttp@33736c40{s=HttpChannelState@4531524{s=IDLE rs=BLOCKING os=OPEN is=IDLE awp=false se=false i=true al=0},r=3,c=false/false,a=IDLE,uri=null,age=0} 
[DEBUG] onSelected 1->0 r=true w=false for SocketChannelEndPoint@1bd6e8a{l=/127.0.0.1:38858,r=/127.0.0.1:42938,OPEN,fill=FI,flush=-,to=2796/30000}{io=1/0,kio=1,kro=1}->HttpConnection@77276f3d[p=HttpParser{s=START,0 of -1},g=HttpGenerator@1fdf9a47{s=START}]=>HttpChannelOverHttp@33736c40{s=HttpChannelState@4531524{s=IDLE rs=BLOCKING os=OPEN is=IDLE awp=false se=false i=true al=0},r=3,c=false/false,a=IDLE,uri=null,age=0}
[DEBUG] task CEP:SocketChannelEndPoint@1bd6e8a{l=/127.0.0.1:38858,r=/127.0.0.1:42938,OPEN,fill=FI,flush=-,to=2796/30000}{io=1/0,kio=1,kro=1}->HttpConnection@77276f3d[p=HttpParser{s=START,0 of -1},g=HttpGenerator@1fdf9a47{s=START}]=>HttpChannelOverHttp@33736c40{s=HttpChannelState@4531524{s=IDLE rs=BLOCKING os=OPEN is=IDLE awp=false se=false i=true al=0},r=3,c=false/false,a=IDLE,uri=null,age=0}:runFillable:BLOCKING
[DEBUG] ReservedThreadExecutor@7ec3394b{s=1/1,p=0} tryExecute EatWhatYouKill@4febb875/SelectorProducer@cb191ca/PRODUCING/p=false/QueuedThreadPool[qtp487792155]@1d131e1b{STARTED,8<=8<=200,i=5,r=-1,q=0}[ReservedThreadExecutor@7ec3394b{s=1/1,p=0}][pc=0,pic=0,pec=1,epc=1]@2021-09-20T19:30:10.727Z
[DEBUG] ReservedThreadExecutor@7ec3394b{s=0/1,p=0}@725b6828 offer EatWhatYouKill@4febb875/SelectorProducer@cb191ca/PRODUCING/p=false/QueuedThreadPool[qtp487792155]@1d131e1b{STARTED,8<=8<=200,i=5,r=-1,q=0}[ReservedThreadExecutor@7ec3394b{s=0/1,p=0}][pc=0,pic=0,pec=1,epc=1]@2021-09-20T19:30:10.727Z
[DEBUG] ReservedThreadExecutor@7ec3394b{s=0/1,p=1} startReservedThread p=1
[DEBUG] run ReservedThreadExecutor@7ec3394b{s=0/1,p=1}@2d148dcc in QueuedThreadPool[qtp487792155]@1d131e1b{STARTED,8<=8<=200,i=4,r=-1,q=0}[ReservedThreadExecutor@7ec3394b{s=0/1,p=1}]
[DEBUG] ReservedThreadExecutor@7ec3394b{s=1/1,p=1}@2d148dcc started
[DEBUG] ReservedThreadExecutor@7ec3394b{s=1/1,p=0}@2d148dcc waiting
[DEBUG] queue ReservedThreadExecutor@7ec3394b{s=1/1,p=0}@2d148dcc startThread=0
[DEBUG] ReservedThreadExecutor@7ec3394b{s=0/1,p=0}@725b6828 task=EatWhatYouKill@4febb875/SelectorProducer@cb191ca/IDLE/p=true/QueuedThreadPool[qtp487792155]@1d131e1b{STARTED,8<=8<=200,i=4,r=-1,q=0}[ReservedThreadExecutor@7ec3394b{s=1/1,p=0}][pc=0,pic=0,pec=1,epc=1]@2021-09-20T19:30:10.728Z
[DEBUG] EatWhatYouKill@4febb875/SelectorProducer@cb191ca/IDLE/p=true/QueuedThreadPool[qtp487792155]@1d131e1b{STARTED,8<=8<=200,i=4,r=-1,q=0}[ReservedThreadExecutor@7ec3394b{s=1/1,p=0}][pc=0,pic=0,pec=1,epc=1]@2021-09-20T19:30:10.728Z tryProduce true
[DEBUG] updateable 0
[DEBUG] updates 0
[DEBUG] Key interests updated 1 -> 0 on SocketChannelEndPoint@1bd6e8a{l=/127.0.0.1:38858,r=/127.0.0.1:42938,OPEN,fill=FI,flush=-,to=2797/30000}{io=0/0,kio=0,kro=1}->HttpConnection@77276f3d[p=HttpParser{s=START,0 of -1},g=HttpGenerator@1fdf9a47{s=START}]=>HttpChannelOverHttp@33736c40{s=HttpChannelState@4531524{s=IDLE rs=BLOCKING os=OPEN is=IDLE awp=false se=false i=true al=0},r=3,c=false/false,a=IDLE,uri=null,age=0}
[DEBUG] Selector sun.nio.ch.EPollSelectorImpl@54609eb7 waiting with 1 keys
[DEBUG] EatWhatYouKill@4febb875/SelectorProducer@cb191ca/PRODUCING/p=false/QueuedThreadPool[qtp487792155]@1d131e1b{STARTED,8<=8<=200,i=4,r=-1,q=0}[ReservedThreadExecutor@7ec3394b{s=1/1,p=0}][pc=0,pic=0,pec=1,epc=1]@2021-09-20T19:30:10.728Z m=EXECUTE_PRODUCE_CONSUME t=CEP:SocketChannelEndPoint@1bd6e8a{l=/127.0.0.1:38858,r=/127.0.0.1:42938,OPEN,fill=FI,flush=-,to=2797/30000}{io=0/0,kio=0,kro=1}->HttpConnection@77276f3d[p=HttpParser{s=START,0 of -1},g=HttpGenerator@1fdf9a47{s=START}]=>HttpChannelOverHttp@33736c40{s=HttpChannelState@4531524{s=IDLE rs=BLOCKING os=OPEN is=IDLE awp=false se=false i=true al=0},r=3,c=false/false,a=IDLE,uri=null,age=0}:runFillable:BLOCKING/BLOCKING
[DEBUG] fillable FillInterest@81c799d{AC.ReadCB@77276f3d{HttpConnection@77276f3d::SocketChannelEndPoint@1bd6e8a{l=/127.0.0.1:38858,r=/127.0.0.1:42938,OPEN,fill=FI,flush=-,to=2797/30000}{io=0/0,kio=0,kro=1}->HttpConnection@77276f3d[p=HttpParser{s=START,0 of -1},g=HttpGenerator@1fdf9a47{s=START}]=>HttpChannelOverHttp@33736c40{s=HttpChannelState@4531524{s=IDLE rs=BLOCKING os=OPEN is=IDLE awp=false se=false i=true al=0},r=3,c=false/false,a=IDLE,uri=null,age=0}}}
[DEBUG] HttpConnection@77276f3d::SocketChannelEndPoint@1bd6e8a{l=/127.0.0.1:38858,r=/127.0.0.1:42938,OPEN,fill=-,flush=-,to=2798/30000}{io=0/0,kio=0,kro=1}->HttpConnection@77276f3d[p=HttpParser{s=START,0 of -1},g=HttpGenerator@1fdf9a47{s=START}]=>HttpChannelOverHttp@33736c40{s=HttpChannelState@4531524{s=IDLE rs=BLOCKING os=OPEN is=IDLE awp=false se=false i=true al=0},r=3,c=false/false,a=IDLE,uri=null,age=0} onFillable enter HttpChannelState@4531524{s=IDLE rs=BLOCKING os=OPEN is=IDLE awp=false se=false i=true al=0} null
[DEBUG] filled 290 HeapByteBuffer@22b9b50d[p=0,l=290,c=8192,r=290]={<<<GET /EchoServlet HTTP/1.1...nection: keep-alive\r\n\r\n>>>host:3885...\x00\x00\x00\x00\x00\x00\x00}
[DEBUG] HttpConnection@77276f3d::SocketChannelEndPoint@1bd6e8a{l=/127.0.0.1:38858,r=/127.0.0.1:42938,OPEN,fill=-,flush=-,to=0/30000}{io=0/0,kio=0,kro=1}->HttpConnection@77276f3d[p=HttpParser{s=START,0 of -1},g=HttpGenerator@1fdf9a47{s=START}]=>HttpChannelOverHttp@33736c40{s=HttpChannelState@4531524{s=IDLE rs=BLOCKING os=OPEN is=IDLE awp=false se=false i=true al=0},r=3,c=false/false,a=IDLE,uri=null,age=0} filled 290 HeapByteBuffer@22b9b50d[p=0,l=290,c=8192,r=290]={<<<GET /EchoServlet HTTP/1.1...nection: keep-alive\r\n\r\n>>>host:3885...\x00\x00\x00\x00\x00\x00\x00}
[DEBUG] HttpConnection@77276f3d::SocketChannelEndPoint@1bd6e8a{l=/127.0.0.1:38858,r=/127.0.0.1:42938,OPEN,fill=-,flush=-,to=0/30000}{io=0/0,kio=0,kro=1}->HttpConnection@77276f3d[p=HttpParser{s=START,0 of -1},g=HttpGenerator@1fdf9a47{s=START}]=>HttpChannelOverHttp@33736c40{s=HttpChannelState@4531524{s=IDLE rs=BLOCKING os=OPEN is=IDLE awp=false se=false i=true al=0},r=3,c=false/false,a=IDLE,uri=null,age=0} parse HeapByteBuffer@22b9b50d[p=0,l=290,c=8192,r=290]={<<<GET /EchoServlet HTTP/1.1...nection: keep-alive\r\n\r\n>>>host:3885...\x00\x00\x00\x00\x00\x00\x00} {}
[DEBUG] parseNext s=START HeapByteBuffer@22b9b50d[p=0,l=290,c=8192,r=290]={<<<GET /EchoServlet HTTP/1.1...nection: keep-alive\r\n\r\n>>>host:3885...\x00\x00\x00\x00\x00\x00\x00}
[DEBUG] START --> SPACE1
[DEBUG] SPACE1 --> URI
[DEBUG] URI --> SPACE2
[DEBUG] SPACE2 --> REQUEST_VERSION
[DEBUG] REQUEST_VERSION --> HEADER
[DEBUG] HEADER:Accept-Encoding: gzip --> IN_VALUE
[DEBUG] HEADER:Accept-Encoding: gzip --> FIELD
[DEBUG] HEADER:User-Agent: Mozilla/5.0 (Windows NT 10.0; Win64; x64) AppleWebKit/537.36 (KHTML, like Gecko) Chrome/79.0.3945.130 Safari/537.36 --> IN_VALUE
[DEBUG] HEADER:User-Agent: Mozilla/5.0 (Windows NT 10.0; Win64; x64) AppleWebKit/537.36 (KHTML, like Gecko) Chrome/79.0.3945.130 Safari/537.36 --> FIELD
[DEBUG] HEADER:Host: localhost:38858 --> IN_VALUE
[DEBUG] HEADER:Host: localhost:38858 --> FIELD
[DEBUG] HEADER:Accept: text/html, image/gif, image/jpeg, *; q=.2, */*; q=.2 --> IN_VALUE
[DEBUG] HEADER:Accept: text/html, image/gif, image/jpeg, *; q=.2, */*; q=.2 --> FIELD
[DEBUG] HEADER:Connection: keep-alive --> IN_VALUE
[DEBUG] HEADER:Connection: keep-alive --> FIELD
[DEBUG] HEADER --> CONTENT
[DEBUG] REQUEST for //localhost:38858/EchoServlet on HttpChannelOverHttp@33736c40{s=HttpChannelState@4531524{s=IDLE rs=BLOCKING os=OPEN is=IDLE awp=false se=false i=true al=0},r=4,c=false/false,a=IDLE,uri=//localhost:38858/EchoServlet,age=0}
GET //localhost:38858/EchoServlet HTTP/1.1
Accept-Encoding: gzip
User-Agent: Mozilla/5.0 (Windows NT 10.0; Win64; x64) AppleWebKit/537.36 (KHTML, like Gecko) Chrome/79.0.3945.130 Safari/537.36
Host: localhost:38858
Accept: text/html, image/gif, image/jpeg, *; q=.2, */*; q=.2
Connection: keep-alive


[DEBUG] HttpConnection@77276f3d::SocketChannelEndPoint@1bd6e8a{l=/127.0.0.1:38858,r=/127.0.0.1:42938,OPEN,fill=-,flush=-,to=0/30000}{io=0/0,kio=0,kro=1}->HttpConnection@77276f3d[p=HttpParser{s=CONTENT,0 of -1},g=HttpGenerator@1fdf9a47{s=START}]=>HttpChannelOverHttp@33736c40{s=HttpChannelState@4531524{s=IDLE rs=BLOCKING os=OPEN is=IDLE awp=false se=false i=true al=0},r=4,c=false/false,a=IDLE,uri=//localhost:38858/EchoServlet,age=1} parsed true HttpParser{s=CONTENT,0 of -1}
[DEBUG] releaseRequestBuffer HttpConnection@77276f3d::SocketChannelEndPoint@1bd6e8a{l=/127.0.0.1:38858,r=/127.0.0.1:42938,OPEN,fill=-,flush=-,to=0/30000}{io=0/0,kio=0,kro=1}->HttpConnection@77276f3d[p=HttpParser{s=CONTENT,0 of -1},g=HttpGenerator@1fdf9a47{s=START}]=>HttpChannelOverHttp@33736c40{s=HttpChannelState@4531524{s=IDLE rs=BLOCKING os=OPEN is=IDLE awp=false se=false i=true al=0},r=4,c=false/false,a=IDLE,uri=//localhost:38858/EchoServlet,age=1}
[DEBUG] handle //localhost:38858/EchoServlet HttpChannelOverHttp@33736c40{s=HttpChannelState@4531524{s=IDLE rs=BLOCKING os=OPEN is=IDLE awp=false se=false i=true al=0},r=4,c=false/false,a=IDLE,uri=//localhost:38858/EchoServlet,age=1} 
[DEBUG] handling HttpChannelState@4531524{s=IDLE rs=BLOCKING os=OPEN is=IDLE awp=false se=false i=true al=0}
[DEBUG] action DISPATCH HttpChannelOverHttp@33736c40{s=HttpChannelState@4531524{s=HANDLING rs=BLOCKING os=OPEN is=IDLE awp=false se=false i=true al=0},r=4,c=false/false,a=HANDLING,uri=//localhost:38858/EchoServlet,age=1}
[DEBUG] REQUEST GET /EchoServlet on HttpChannelOverHttp@33736c40{s=HttpChannelState@4531524{s=HANDLING rs=BLOCKING os=OPEN is=IDLE awp=false se=false i=true al=0},r=4,c=false/false,a=HANDLING,uri=//localhost:38858/EchoServlet,age=1}
[DEBUG] servlet null|/EchoServlet|null -> org.jsoup.integration.servlets.EchoServlet-422c3c7a==org.jsoup.integration.servlets.EchoServlet@66e2fba5{jsp=null,order=-1,inst=true,async=true,src=EMBEDDED:null,STARTED}
[DEBUG] chain=null
[DEBUG] write(array HeapByteBuffer@1b3d1b2d[p=0,l=235,c=512,r=235]={<<<<title>Webserver Environm...\n    <table border="0">>>>\x00\x00\x00\x00\x00\x00\x00\x00\x00...\x00\x00\x00\x00\x00\x00\x00})
[DEBUG] write(array) s=OPEN,api=BLOCKING,sc=false,e=null aggregated !flush DirectByteBuffer@1667663f[p=0,l=235,c=32768,r=235]={<<<<title>Webserver Environm...\n    <table border="0">>>><tr><th>M...\x00\x00\x00\x00\x00\x00\x00}
[DEBUG] write(array HeapByteBuffer@5e3f862e[p=0,l=36,c=512,r=36]={<<<<tr><th>Method</th><td>GET</td></tr>>>>es</title...\x00\x00\x00\x00\x00\x00\x00})
[DEBUG] write(array) s=OPEN,api=BLOCKING,sc=false,e=null aggregated !flush DirectByteBuffer@1667663f[p=0,l=271,c=32768,r=271]={<<<<title>Webserver Environm...d</th><td>GET</td></tr>>>>>\n<tr><th...\x00\x00\x00\x00\x00\x00\x00}
[DEBUG] write(array HeapByteBuffer@6442422c[p=0,l=1,c=512,r=1]={<<<\n>>>tr><th>Me...\x00\x00\x00\x00\x00\x00\x00})
[DEBUG] write(array) s=OPEN,api=BLOCKING,sc=false,e=null aggregated !flush DirectByteBuffer@1667663f[p=0,l=272,c=32768,r=272]={<<<<title>Webserver Environm...</th><td>GET</td></tr>\n>>>\n<tr><th>...\x00\x00\x00\x00\x00\x00\x00}
[DEBUG] write(array HeapByteBuffer@6fab1895[p=0,l=50,c=512,r=50]={<<<<tr><th>Request URI</th><...>/EchoServlet</td></tr>>>> <style t...\x00\x00\x00\x00\x00\x00\x00})
[DEBUG] write(array) s=OPEN,api=BLOCKING,sc=false,e=null aggregated !flush DirectByteBuffer@1667663f[p=0,l=322,c=32768,r=322]={<<<<title>Webserver Environm...>/EchoServlet</td></tr>>>>>\n<tr><th...\x00\x00\x00\x00\x00\x00\x00}
[DEBUG] write(array HeapByteBuffer@1c3c823e[p=0,l=1,c=512,r=1]={<<<\n>>>tr><th>Re...\x00\x00\x00\x00\x00\x00\x00})
[DEBUG] write(array) s=OPEN,api=BLOCKING,sc=false,e=null aggregated !flush DirectByteBuffer@1667663f[p=0,l=323,c=32768,r=323]={<<<<title>Webserver Environm.../EchoServlet</td></tr>\n>>>\n<tr><th>...\x00\x00\x00\x00\x00\x00\x00}
[DEBUG] write(array HeapByteBuffer@3e107961[p=0,l=39,c=512,r=39]={<<<<tr><th>Query String</th><td></td></tr>>>>t</td></t...\x00\x00\x00\x00\x00\x00\x00})
[DEBUG] write(array) s=OPEN,api=BLOCKING,sc=false,e=null aggregated !flush DirectByteBuffer@1667663f[p=0,l=362,c=32768,r=362]={<<<<title>Webserver Environm...ring</th><td></td></tr>>>>>\n<tr><th...\x00\x00\x00\x00\x00\x00\x00}
[DEBUG] write(array HeapByteBuffer@48b50fad[p=0,l=1,c=512,r=1]={<<<\n>>>tr><th>Qu...\x00\x00\x00\x00\x00\x00\x00})
[DEBUG] write(array) s=OPEN,api=BLOCKING,sc=false,e=null aggregated !flush DirectByteBuffer@1667663f[p=0,l=363,c=32768,r=363]={<<<<title>Webserver Environm...ing</th><td></td></tr>\n>>>\n<tr><th>...\x00\x00\x00\x00\x00\x00\x00}
[DEBUG] write(array HeapByteBuffer@7fedc99e[p=0,l=85,c=512,r=85]={<<<<tr><th>Accept</th><td>te....2, */*; q=.2</td></tr>>>>, td, th ...\x00\x00\x00\x00\x00\x00\x00})
[DEBUG] write(array) s=OPEN,api=BLOCKING,sc=false,e=null aggregated !flush DirectByteBuffer@1667663f[p=0,l=448,c=32768,r=448]={<<<<title>Webserver Environm....2, */*; q=.2</td></tr>>>>xt/html, ...\x00\x00\x00\x00\x00\x00\x00}
[DEBUG] write(array HeapByteBuffer@738892f[p=0,l=1,c=512,r=1]={<<<\n>>>tr><th>Ac...\x00\x00\x00\x00\x00\x00\x00})
[DEBUG] write(array) s=OPEN,api=BLOCKING,sc=false,e=null aggregated !flush DirectByteBuffer@1667663f[p=0,l=449,c=32768,r=449]={<<<<title>Webserver Environm...2, */*; q=.2</td></tr>\n>>>t/html, i...\x00\x00\x00\x00\x00\x00\x00}
[DEBUG] write(array HeapByteBuffer@3a5e23d8[p=0,l=152,c=512,r=152]={<<<<tr><th>User-Agent</th><t...Safari/537.36</td></tr>>>>      th ...\x00\x00\x00\x00\x00\x00\x00})
[DEBUG] write(array) s=OPEN,api=BLOCKING,sc=false,e=null aggregated !flush DirectByteBuffer@1667663f[p=0,l=601,c=32768,r=601]={<<<<title>Webserver Environm...Safari/537.36</td></tr>>>>ML, like ...\x00\x00\x00\x00\x00\x00\x00}
[DEBUG] write(array HeapByteBuffer@5af69b59[p=0,l=1,c=512,r=1]={<<<\n>>>tr><th>Us...\x00\x00\x00\x00\x00\x00\x00})
[DEBUG] write(array) s=OPEN,api=BLOCKING,sc=false,e=null aggregated !flush DirectByteBuffer@1667663f[p=0,l=602,c=32768,r=602]={<<<<title>Webserver Environm...afari/537.36</td></tr>\n>>>L, like G...\x00\x00\x00\x00\x00\x00\x00}
[DEBUG] write(array HeapByteBuffer@4bc618a0[p=0,l=47,c=512,r=47]={<<<<tr><th>Connection</th><td>keep-alive</td></tr>>>> NT 10.0;...\x00\x00\x00\x00\x00\x00\x00})
[DEBUG] write(array) s=OPEN,api=BLOCKING,sc=false,e=null aggregated !flush DirectByteBuffer@1667663f[p=0,l=649,c=32768,r=649]={<<<<title>Webserver Environm...td>keep-alive</td></tr>>>>36</td></...\x00\x00\x00\x00\x00\x00\x00}
[DEBUG] write(array HeapByteBuffer@8749106[p=0,l=1,c=512,r=1]={<<<\n>>>tr><th>Co...\x00\x00\x00\x00\x00\x00\x00})
[DEBUG] write(array) s=OPEN,api=BLOCKING,sc=false,e=null aggregated !flush DirectByteBuffer@1667663f[p=0,l=650,c=32768,r=650]={<<<<title>Webserver Environm...d>keep-alive</td></tr>\n>>>6</td></t...\x00\x00\x00\x00\x00\x00\x00}
[DEBUG] write(array HeapByteBuffer@437f2333[p=0,l=46,c=512,r=46]={<<<<tr><th>Host</th><td>localhost:38858</td></tr>>>>> NT 10.0...\x00\x00\x00\x00\x00\x00\x00})
[DEBUG] write(array) s=OPEN,api=BLOCKING,sc=false,e=null aggregated !flush DirectByteBuffer@1667663f[p=0,l=696,c=32768,r=696]={<<<<title>Webserver Environm...calhost:38858</td></tr>>>>ive</td><...\x00\x00\x00\x00\x00\x00\x00}
[DEBUG] write(array HeapByteBuffer@2d3d4456[p=0,l=1,c=512,r=1]={<<<\n>>>tr><th>Ho...\x00\x00\x00\x00\x00\x00\x00})
[DEBUG] write(array) s=OPEN,api=BLOCKING,sc=false,e=null aggregated !flush DirectByteBuffer@1667663f[p=0,l=697,c=32768,r=697]={<<<<title>Webserver Environm...alhost:38858</td></tr>\n>>>ve</td></...\x00\x00\x00\x00\x00\x00\x00}
[DEBUG] write(array HeapByteBuffer@56454a49[p=0,l=46,c=512,r=46]={<<<<tr><th>Accept-Encoding</th><td>gzip</td></tr>>>>> NT 10.0...\x00\x00\x00\x00\x00\x00\x00})
[DEBUG] write(array) s=OPEN,api=BLOCKING,sc=false,e=null aggregated !flush DirectByteBuffer@1667663f[p=0,l=743,c=32768,r=743]={<<<<title>Webserver Environm...</th><td>gzip</td></tr>>>>858</td><...\x00\x00\x00\x00\x00\x00\x00}
[DEBUG] write(array HeapByteBuffer@7a950d26[p=0,l=1,c=512,r=1]={<<<\n>>>tr><th>Ac...\x00\x00\x00\x00\x00\x00\x00})
[DEBUG] write(array) s=OPEN,api=BLOCKING,sc=false,e=null aggregated !flush DirectByteBuffer@1667663f[p=0,l=744,c=32768,r=744]={<<<<title>Webserver Environm.../th><td>gzip</td></tr>\n>>>58</td></...\x00\x00\x00\x00\x00\x00\x00}
[DEBUG] filled 0 HeapByteBuffer@22b9b50d[p=0,l=0,c=8192,r=0]={<<<>>>GET /Echo...\x00\x00\x00\x00\x00\x00\x00}
[DEBUG] filled 0 HeapByteBuffer@22b9b50d[p=0,l=0,c=8192,r=0]={<<<>>>GET /Echo...\x00\x00\x00\x00\x00\x00\x00}
[DEBUG] HttpConnection@77276f3d::SocketChannelEndPoint@1bd6e8a{l=/127.0.0.1:38858,r=/127.0.0.1:42938,OPEN,fill=-,flush=-,to=7/30000}{io=0/0,kio=0,kro=1}->HttpConnection@77276f3d[p=HttpParser{s=CONTENT,0 of -1},g=HttpGenerator@1fdf9a47{s=START}]=>HttpChannelOverHttp@33736c40{s=HttpChannelState@4531524{s=HANDLING rs=BLOCKING os=OPEN is=IDLE awp=false se=false i=true al=0},r=4,c=false/false,a=HANDLING,uri=//localhost:38858/EchoServlet,age=7} filled 0 HeapByteBuffer@22b9b50d[p=0,l=0,c=8192,r=0]={<<<>>>GET /Echo...\x00\x00\x00\x00\x00\x00\x00}
[DEBUG] HttpConnection@77276f3d::SocketChannelEndPoint@1bd6e8a{l=/127.0.0.1:38858,r=/127.0.0.1:42938,OPEN,fill=-,flush=-,to=7/30000}{io=0/0,kio=0,kro=1}->HttpConnection@77276f3d[p=HttpParser{s=CONTENT,0 of -1},g=HttpGenerator@1fdf9a47{s=START}]=>HttpChannelOverHttp@33736c40{s=HttpChannelState@4531524{s=HANDLING rs=BLOCKING os=OPEN is=IDLE awp=false se=false i=true al=0},r=4,c=false/false,a=HANDLING,uri=//localhost:38858/EchoServlet,age=7} parse HeapByteBuffer@22b9b50d[p=0,l=0,c=8192,r=0]={<<<>>>GET /Echo...\x00\x00\x00\x00\x00\x00\x00} {}
[DEBUG] parseNext s=CONTENT HeapByteBuffer@22b9b50d[p=0,l=0,c=8192,r=0]={<<<>>>GET /Echo...\x00\x00\x00\x00\x00\x00\x00}
[DEBUG] CONTENT --> CONTENT_END
[DEBUG] onContentComplete HttpChannelOverHttp@33736c40{s=HttpChannelState@4531524{s=HANDLING rs=BLOCKING os=OPEN is=IDLE awp=false se=false i=true al=0},r=4,c=false/false,a=HANDLING,uri=//localhost:38858/EchoServlet,age=7}
[DEBUG] CONTENT_END --> END
[DEBUG] onRequestComplete HttpChannelOverHttp@33736c40{s=HttpChannelState@4531524{s=HANDLING rs=BLOCKING os=OPEN is=IDLE awp=false se=false i=true al=0},r=4,c=false/false,a=HANDLING,uri=//localhost:38858/EchoServlet,age=7}
[DEBUG] HttpInputOverHTTP@474ff53b[c=0,q=0,[0]=null,s=STREAM] addContent EOF
[DEBUG] HttpConnection@77276f3d::SocketChannelEndPoint@1bd6e8a{l=/127.0.0.1:38858,r=/127.0.0.1:42938,OPEN,fill=-,flush=-,to=7/30000}{io=0/0,kio=0,kro=1}->HttpConnection@77276f3d[p=HttpParser{s=END,0 of -1},g=HttpGenerator@1fdf9a47{s=START}]=>HttpChannelOverHttp@33736c40{s=HttpChannelState@4531524{s=HANDLING rs=BLOCKING os=OPEN is=IDLE awp=false se=false i=true al=0},r=4,c=false/false,a=HANDLING,uri=//localhost:38858/EchoServlet,age=7} parsed false HttpParser{s=END,0 of -1}
[DEBUG] releaseRequestBuffer HttpConnection@77276f3d::SocketChannelEndPoint@1bd6e8a{l=/127.0.0.1:38858,r=/127.0.0.1:42938,OPEN,fill=-,flush=-,to=7/30000}{io=0/0,kio=0,kro=1}->HttpConnection@77276f3d[p=HttpParser{s=END,0 of -1},g=HttpGenerator@1fdf9a47{s=START}]=>HttpChannelOverHttp@33736c40{s=HttpChannelState@4531524{s=HANDLING rs=BLOCKING os=OPEN is=IDLE awp=false se=false i=true al=0},r=4,c=false/false,a=HANDLING,uri=//localhost:38858/EchoServlet,age=7}
[DEBUG] onEof HttpChannelState@4531524{s=HANDLING rs=BLOCKING os=OPEN is=IDLE awp=false se=false i=true al=0}
[DEBUG] write(array HeapByteBuffer@40c9cffc[p=0,l=8,c=512,r=8]={<<<</table>>>>Accept-En...\x00\x00\x00\x00\x00\x00\x00})
[DEBUG] write(array) s=OPEN,api=BLOCKING,sc=false,e=null aggregated !flush DirectByteBuffer@1667663f[p=0,l=752,c=32768,r=752]={<<<<title>Webserver Environm...gzip</td></tr>\n</table>>>>/tr>\n<tr>...\x00\x00\x00\x00\x00\x00\x00}
[DEBUG] write(array HeapByteBuffer@7913c47[p=0,l=1,c=512,r=1]={<<<\n>>>/table>Ac...\x00\x00\x00\x00\x00\x00\x00})
[DEBUG] write(array) s=OPEN,api=BLOCKING,sc=false,e=null aggregated !flush DirectByteBuffer@1667663f[p=0,l=753,c=32768,r=753]={<<<<title>Webserver Environm...zip</td></tr>\n</table>\n>>>tr>\n<tr><...\x00\x00\x00\x00\x00\x00\x00}
[DEBUG] handled=true async=false committed=false on HttpChannelOverHttp@33736c40{s=HttpChannelState@4531524{s=HANDLING rs=BLOCKING os=OPEN is=READY awp=false se=false i=true al=0},r=4,c=false/false,a=HANDLING,uri=//localhost:38858/EchoServlet,age=8}
[DEBUG] unhandle HttpChannelState@4531524{s=HANDLING rs=BLOCKING os=OPEN is=READY awp=false se=false i=true al=0}
[DEBUG] nextAction(false) COMPLETE HttpChannelState@4531524{s=HANDLING rs=COMPLETING os=OPEN is=READY awp=false se=false i=false al=0}
[DEBUG] action COMPLETE HttpChannelOverHttp@33736c40{s=HttpChannelState@4531524{s=HANDLING rs=COMPLETING os=OPEN is=READY awp=false se=false i=false al=0},r=4,c=false/false,a=HANDLING,uri=//localhost:38858/EchoServlet,age=8}
[DEBUG] complete(org.eclipse.jetty.util.Callback$3@7b7a39fe) s=CLOSING,api=BLOCKED,sc=false,e=null s=false e=null, c=DirectByteBuffer@1667663f[p=0,l=753,c=32768,r=753]={<<<<title>Webserver Environm...zip</td></tr>\n</table>\n>>>tr>\n<tr><...\x00\x00\x00\x00\x00\x00\x00}
[DEBUG] sendResponse info=null content=DirectByteBuffer@1667663f[p=0,l=753,c=32768,r=753]={<<<<title>Webserver Environm...zip</td></tr>\n</table>\n>>>tr>\n<tr><...\x00\x00\x00\x00\x00\x00\x00} complete=true committing=true callback=org.eclipse.jetty.server.HttpOutput$WriteCompleteCB@29d4f78a
[DEBUG] COMMIT for /EchoServlet on HttpChannelOverHttp@33736c40{s=HttpChannelState@4531524{s=HANDLING rs=COMPLETING os=COMMITTED is=READY awp=false se=false i=false al=0},r=4,c=false/false,a=HANDLING,uri=//localhost:38858/EchoServlet,age=8}
200 null HTTP/1.1
Date: Mon, 20 Sep 2021 19:30:10 GMT
Content-Type: text/html;charset=utf-8
Cache-Control: no-cache
Cache-Control: no-store


[DEBUG] generate: NEED_HEADER for SendCallback@260c015[PROCESSING][i=HTTP/1.1{s=200,h=4,cl=-1},cb=org.eclipse.jetty.server.HttpChannel$SendCallback@27ec6b63] (null,[p=0,l=753,c=32768,r=753],true)@START
[DEBUG] generateHeaders HTTP/1.1{s=200,h=4,cl=-1} last=true content=DirectByteBuffer@1667663f[p=0,l=753,c=32768,r=753]={<<<<title>Webserver Environm...zip</td></tr>\n</table>\n>>>tr>\n<tr><...\x00\x00\x00\x00\x00\x00\x00}
[DEBUG] Date: Mon, 20 Sep 2021 19:30:10 GMT
Content-Type: text/html;charset=utf-8
Cache-Control: no-cache
Cache-Control: no-store


[DEBUG] CONTENT_LENGTH
[DEBUG] generate: FLUSH for SendCallback@260c015[PROCESSING][i=HTTP/1.1{s=200,h=4,cl=-1},cb=org.eclipse.jetty.server.HttpChannel$SendCallback@27ec6b63] ([p=0,l=199,c=8192,r=199],[p=0,l=753,c=32768,r=753],true)@COMPLETING
[DEBUG] write: WriteFlusher@d5b1c05{IDLE}->null [HeapByteBuffer@22b9b50d[p=0,l=199,c=8192,r=199]={<<<HTTP/1.1 200 OK\r\nDate: Mo...y(9.4.43.v20210629)\r\n\r\n>>>8\r\nAccept...\x00\x00\x00\x00\x00\x00\x00},DirectByteBuffer@1667663f[p=0,l=753,c=32768,r=753]={<<<<title>Webserver Environm...zip</td></tr>\n</table>\n>>>tr>\n<tr><...\x00\x00\x00\x00\x00\x00\x00}]
[DEBUG] update WriteFlusher@d5b1c05{WRITING}->null:IDLE-->WRITING
]]></system-out>
  </testcase>
  <testcase name="handlesWrongContentLengthDuringBufferedRead" classname="org.jsoup.integration.ConnectTest" time="0.022">
    <system-out><![CDATA[[DEBUG] starting org.jsoup.integration.servlets.InterruptedServlet-6e78fcf5==org.jsoup.integration.servlets.InterruptedServlet@877530d7{jsp=null,order=-1,inst=false,async=true,src=EMBEDDED:null,STOPPED}
[DEBUG] STARTED @11841ms org.jsoup.integration.servlets.InterruptedServlet-6e78fcf5==org.jsoup.integration.servlets.InterruptedServlet@877530d7{jsp=null,order=-1,inst=false,async=true,src=EMBEDDED:null,STARTED}
[DEBUG] ServletHandler@73dce0e6{STARTED} added {org.jsoup.integration.servlets.InterruptedServlet-6e78fcf5==org.jsoup.integration.servlets.InterruptedServlet@877530d7{jsp=null,order=-1,inst=false,async=true,src=EMBEDDED:null,STARTED},UNMANAGED}
[DEBUG] ServletHandler@73dce0e6{STARTED} added {[/InterruptedServlet/*]=>org.jsoup.integration.servlets.InterruptedServlet-6e78fcf5,POJO}
[DEBUG] Path=/InterruptedServlet/*[EMBEDDED:null] mapped to servlet=org.jsoup.integration.servlets.InterruptedServlet-6e78fcf5[EMBEDDED:null]
[DEBUG] Added MappedResource[pathSpec=ServletPathSpec@bf5e7dac{/InterruptedServlet/*},resource=org.jsoup.integration.servlets.InterruptedServlet-6e78fcf5==org.jsoup.integration.servlets.InterruptedServlet@877530d7{jsp=null,order=-1,inst=false,async=true,src=EMBEDDED:null,STARTED}] to PathMappings[size=1]
[DEBUG] Path=/EchoServlet/*[EMBEDDED:null] mapped to servlet=org.jsoup.integration.servlets.EchoServlet-422c3c7a[EMBEDDED:null]
[DEBUG] Added MappedResource[pathSpec=ServletPathSpec@8f86de6b{/EchoServlet/*},resource=org.jsoup.integration.servlets.EchoServlet-422c3c7a==org.jsoup.integration.servlets.EchoServlet@66e2fba5{jsp=null,order=-1,inst=true,async=true,src=EMBEDDED:null,STARTED}] to PathMappings[size=2]
[DEBUG] Path=/FileServlet/*[EMBEDDED:null] mapped to servlet=org.jsoup.integration.servlets.FileServlet-3fffff43[EMBEDDED:null]
[DEBUG] Added MappedResource[pathSpec=ServletPathSpec@74e824f4{/FileServlet/*},resource=org.jsoup.integration.servlets.FileServlet-3fffff43==org.jsoup.integration.servlets.FileServlet@bc0855c5{jsp=null,order=-1,inst=true,async=true,src=EMBEDDED:null,STARTED}] to PathMappings[size=3]
[DEBUG] Path=/CookieServlet/*[EMBEDDED:null] mapped to servlet=org.jsoup.integration.servlets.CookieServlet-d8305c2[EMBEDDED:null]
[DEBUG] Added MappedResource[pathSpec=ServletPathSpec@5e4054cc{/CookieServlet/*},resource=org.jsoup.integration.servlets.CookieServlet-d8305c2==org.jsoup.integration.servlets.CookieServlet@ca8db5d8{jsp=null,order=-1,inst=true,async=true,src=EMBEDDED:null,STARTED}] to PathMappings[size=4]
[DEBUG] Path=/[EMBEDDED:null] mapped to servlet=org.eclipse.jetty.servlet.ServletHandler$Default404Servlet-6035b93b[EMBEDDED:null]
[DEBUG] Added MappedResource[pathSpec=ServletPathSpec@4e{/},resource=org.eclipse.jetty.servlet.ServletHandler$Default404Servlet-6035b93b==org.eclipse.jetty.servlet.ServletHandler$Default404Servlet@8bf2cb16{jsp=null,order=-1,inst=false,async=true,src=EMBEDDED:null,STARTED}] to PathMappings[size=5]
[DEBUG] filterNameMap={}
[DEBUG] pathFilters=null
[DEBUG] servletFilterMap=null
[DEBUG] servletPathMap=PathMappings[size=5]
[DEBUG] servletNameMap={org.jsoup.integration.servlets.InterruptedServlet-6e78fcf5=org.jsoup.integration.servlets.InterruptedServlet-6e78fcf5==org.jsoup.integration.servlets.InterruptedServlet@877530d7{jsp=null,order=-1,inst=false,async=true,src=EMBEDDED:null,STARTED}, org.eclipse.jetty.servlet.ServletHandler$Default404Servlet-6035b93b=org.eclipse.jetty.servlet.ServletHandler$Default404Servlet-6035b93b==org.eclipse.jetty.servlet.ServletHandler$Default404Servlet@8bf2cb16{jsp=null,order=-1,inst=false,async=true,src=EMBEDDED:null,STARTED}, org.jsoup.integration.servlets.CookieServlet-d8305c2=org.jsoup.integration.servlets.CookieServlet-d8305c2==org.jsoup.integration.servlets.CookieServlet@ca8db5d8{jsp=null,order=-1,inst=true,async=true,src=EMBEDDED:null,STARTED}, org.jsoup.integration.servlets.EchoServlet-422c3c7a=org.jsoup.integration.servlets.EchoServlet-422c3c7a==org.jsoup.integration.servlets.EchoServlet@66e2fba5{jsp=null,order=-1,inst=true,async=true,src=EMBEDDED:null,STARTED}, org.jsoup.integration.servlets.FileServlet-3fffff43=org.jsoup.integration.servlets.FileServlet-3fffff43==org.jsoup.integration.servlets.FileServlet@bc0855c5{jsp=null,order=-1,inst=true,async=true,src=EMBEDDED:null,STARTED}}
[DEBUG] flushed 952 SocketChannelEndPoint@1bd6e8a{l=/127.0.0.1:38858,r=/127.0.0.1:42938,OPEN,fill=-,flush=W,to=24/30000}{io=0/0,kio=0,kro=1}->HttpConnection@77276f3d[p=HttpParser{s=END,0 of -1},g=HttpGenerator@1fdf9a47{s=COMPLETING}]=>HttpChannelOverHttp@33736c40{s=HttpChannelState@4531524{s=HANDLING rs=COMPLETING os=COMMITTED is=READY awp=false se=false i=false al=0},r=4,c=false/false,a=HANDLING,uri=//localhost:38858/EchoServlet,age=25}
[DEBUG] Flushed=true written=952 remaining=0 WriteFlusher@d5b1c05{WRITING}->null
[DEBUG] update WriteFlusher@d5b1c05{IDLE}->null:WRITING-->IDLE
[DEBUG] generate: DONE for SendCallback@260c015[PROCESSING][i=HTTP/1.1{s=200,h=4,cl=-1},cb=org.eclipse.jetty.server.HttpChannel$SendCallback@27ec6b63] ([p=199,l=199,c=8192,r=0],[p=753,l=753,c=32768,r=0],true)@END
[DEBUG] onWriteComplete(true,null) s=CLOSING,api=BLOCKED,sc=false,e=null->s=CLOSED,api=BLOCKING,sc=false,e=null c=null cb=org.eclipse.jetty.util.Callback$3@7b7a39fe w=false
[DEBUG] completed HttpChannelState@4531524{s=HANDLING rs=COMPLETING os=COMPLETED is=READY awp=false se=false i=false al=0}
[DEBUG] unhandle HttpChannelState@4531524{s=HANDLING rs=COMPLETED os=COMPLETED is=READY awp=false se=false i=false al=0}
[DEBUG] nextAction(false) TERMINATED HttpChannelState@4531524{s=IDLE rs=COMPLETED os=COMPLETED is=READY awp=false se=false i=false al=0}
[DEBUG] action TERMINATED HttpChannelOverHttp@33736c40{s=HttpChannelState@4531524{s=IDLE rs=COMPLETED os=COMPLETED is=READY awp=false se=false i=false al=0},r=4,c=true/true,a=IDLE,uri=//localhost:38858/EchoServlet,age=25}
[DEBUG] onCompleted for /EchoServlet written=753
[DEBUG] recycle HttpChannelState@4531524{s=IDLE rs=COMPLETED os=COMPLETED is=READY awp=false se=false i=false al=0}
[DEBUG] reset HttpParser{s=END,0 of -1}
[DEBUG] END --> START
[DEBUG] !handle TERMINATED HttpChannelOverHttp@33736c40{s=HttpChannelState@4531524{s=IDLE rs=BLOCKING os=OPEN is=IDLE awp=false se=false i=true al=0},r=4,c=false/false,a=IDLE,uri=null,age=0}
[DEBUG] filled 297 HeapByteBuffer@22b9b50d[p=0,l=297,c=8192,r=297]={<<<GET /InterruptedServlet H...nection: keep-alive\r\n\r\n>>>858\r\nAcce...\x00\x00\x00\x00\x00\x00\x00}
[DEBUG] HttpConnection@77276f3d::SocketChannelEndPoint@1bd6e8a{l=/127.0.0.1:38858,r=/127.0.0.1:42938,OPEN,fill=-,flush=-,to=0/30000}{io=0/0,kio=0,kro=1}->HttpConnection@77276f3d[p=HttpParser{s=START,0 of -1},g=HttpGenerator@1fdf9a47{s=START}]=>HttpChannelOverHttp@33736c40{s=HttpChannelState@4531524{s=IDLE rs=BLOCKING os=OPEN is=IDLE awp=false se=false i=true al=0},r=4,c=false/false,a=IDLE,uri=null,age=0} filled 297 HeapByteBuffer@22b9b50d[p=0,l=297,c=8192,r=297]={<<<GET /InterruptedServlet H...nection: keep-alive\r\n\r\n>>>858\r\nAcce...\x00\x00\x00\x00\x00\x00\x00}
[DEBUG] HttpConnection@77276f3d::SocketChannelEndPoint@1bd6e8a{l=/127.0.0.1:38858,r=/127.0.0.1:42938,OPEN,fill=-,flush=-,to=4/30000}{io=0/0,kio=0,kro=1}->HttpConnection@77276f3d[p=HttpParser{s=START,0 of -1},g=HttpGenerator@1fdf9a47{s=START}]=>HttpChannelOverHttp@33736c40{s=HttpChannelState@4531524{s=IDLE rs=BLOCKING os=OPEN is=IDLE awp=false se=false i=true al=0},r=4,c=false/false,a=IDLE,uri=null,age=0} parse HeapByteBuffer@22b9b50d[p=0,l=297,c=8192,r=297]={<<<GET /InterruptedServlet H...nection: keep-alive\r\n\r\n>>>858\r\nAcce...\x00\x00\x00\x00\x00\x00\x00} {}
[DEBUG] parseNext s=START HeapByteBuffer@22b9b50d[p=0,l=297,c=8192,r=297]={<<<GET /InterruptedServlet H...nection: keep-alive\r\n\r\n>>>858\r\nAcce...\x00\x00\x00\x00\x00\x00\x00}
[DEBUG] START --> SPACE1
[DEBUG] SPACE1 --> URI
[DEBUG] URI --> SPACE2
[DEBUG] SPACE2 --> REQUEST_VERSION
[DEBUG] REQUEST_VERSION --> HEADER
[DEBUG] HEADER:Accept-Encoding: gzip --> IN_VALUE
[DEBUG] HEADER:Accept-Encoding: gzip --> FIELD
[DEBUG] HEADER:User-Agent: Mozilla/5.0 (Windows NT 10.0; Win64; x64) AppleWebKit/537.36 (KHTML, like Gecko) Chrome/79.0.3945.130 Safari/537.36 --> IN_VALUE
[DEBUG] HEADER:User-Agent: Mozilla/5.0 (Windows NT 10.0; Win64; x64) AppleWebKit/537.36 (KHTML, like Gecko) Chrome/79.0.3945.130 Safari/537.36 --> FIELD
[DEBUG] HEADER:Host: localhost:38858 --> IN_VALUE
[DEBUG] HEADER:Host: localhost:38858 --> FIELD
[DEBUG] HEADER:Accept: text/html, image/gif, image/jpeg, *; q=.2, */*; q=.2 --> IN_VALUE
[DEBUG] HEADER:Accept: text/html, image/gif, image/jpeg, *; q=.2, */*; q=.2 --> FIELD
[DEBUG] HEADER:Connection: keep-alive --> IN_VALUE
[DEBUG] HEADER:Connection: keep-alive --> FIELD
[DEBUG] HEADER --> CONTENT
[DEBUG] REQUEST for //localhost:38858/InterruptedServlet on HttpChannelOverHttp@33736c40{s=HttpChannelState@4531524{s=IDLE rs=BLOCKING os=OPEN is=IDLE awp=false se=false i=true al=0},r=5,c=false/false,a=IDLE,uri=//localhost:38858/InterruptedServlet,age=0}
GET //localhost:38858/InterruptedServlet HTTP/1.1
Accept-Encoding: gzip
User-Agent: Mozilla/5.0 (Windows NT 10.0; Win64; x64) AppleWebKit/537.36 (KHTML, like Gecko) Chrome/79.0.3945.130 Safari/537.36
Host: localhost:38858
Accept: text/html, image/gif, image/jpeg, *; q=.2, */*; q=.2
Connection: keep-alive


[DEBUG] HttpConnection@77276f3d::SocketChannelEndPoint@1bd6e8a{l=/127.0.0.1:38858,r=/127.0.0.1:42938,OPEN,fill=-,flush=-,to=4/30000}{io=0/0,kio=0,kro=1}->HttpConnection@77276f3d[p=HttpParser{s=CONTENT,0 of -1},g=HttpGenerator@1fdf9a47{s=START}]=>HttpChannelOverHttp@33736c40{s=HttpChannelState@4531524{s=IDLE rs=BLOCKING os=OPEN is=IDLE awp=false se=false i=true al=0},r=5,c=false/false,a=IDLE,uri=//localhost:38858/InterruptedServlet,age=0} parsed true HttpParser{s=CONTENT,0 of -1}
[DEBUG] releaseRequestBuffer HttpConnection@77276f3d::SocketChannelEndPoint@1bd6e8a{l=/127.0.0.1:38858,r=/127.0.0.1:42938,OPEN,fill=-,flush=-,to=4/30000}{io=0/0,kio=0,kro=1}->HttpConnection@77276f3d[p=HttpParser{s=CONTENT,0 of -1},g=HttpGenerator@1fdf9a47{s=START}]=>HttpChannelOverHttp@33736c40{s=HttpChannelState@4531524{s=IDLE rs=BLOCKING os=OPEN is=IDLE awp=false se=false i=true al=0},r=5,c=false/false,a=IDLE,uri=//localhost:38858/InterruptedServlet,age=0}
[DEBUG] handle //localhost:38858/InterruptedServlet HttpChannelOverHttp@33736c40{s=HttpChannelState@4531524{s=IDLE rs=BLOCKING os=OPEN is=IDLE awp=false se=false i=true al=0},r=5,c=false/false,a=IDLE,uri=//localhost:38858/InterruptedServlet,age=0} 
[DEBUG] handling HttpChannelState@4531524{s=IDLE rs=BLOCKING os=OPEN is=IDLE awp=false se=false i=true al=0}
[DEBUG] action DISPATCH HttpChannelOverHttp@33736c40{s=HttpChannelState@4531524{s=HANDLING rs=BLOCKING os=OPEN is=IDLE awp=false se=false i=true al=0},r=5,c=false/false,a=HANDLING,uri=//localhost:38858/InterruptedServlet,age=0}
[DEBUG] REQUEST GET /InterruptedServlet on HttpChannelOverHttp@33736c40{s=HttpChannelState@4531524{s=HANDLING rs=BLOCKING os=OPEN is=IDLE awp=false se=false i=true al=0},r=5,c=false/false,a=HANDLING,uri=//localhost:38858/InterruptedServlet,age=1}
[DEBUG] servlet null|/InterruptedServlet|null -> org.jsoup.integration.servlets.InterruptedServlet-6e78fcf5==org.jsoup.integration.servlets.InterruptedServlet@877530d7{jsp=null,order=-1,inst=false,async=true,src=EMBEDDED:null,STARTED}
[DEBUG] chain=null
[DEBUG] Servlet.init null for org.jsoup.integration.servlets.InterruptedServlet-6e78fcf5
[DEBUG] write(array HeapByteBuffer@299108dd[p=0,l=512,c=512,r=512]={<<<<title>Something</title>A... of data. \nA suitable a>>>})
[DEBUG] write(array) s=OPEN,api=BLOCKING,sc=false,e=null aggregated !flush DirectByteBuffer@1667663f[p=0,l=512,c=32768,r=512]={<<<<title>Something</title>A... of data. \nA suitable a>>> x64) App...\x00\x00\x00\x00\x00\x00\x00}
[DEBUG] write(array HeapByteBuffer@38e61d8[p=0,l=512,c=512,r=512]={<<<mount of data. \nA suitabl.... \nA suitable amount of>>>})
[DEBUG] write(array) s=OPEN,api=BLOCKING,sc=false,e=null aggregated !flush DirectByteBuffer@1667663f[p=0,l=1024,c=32768,r=1024]={<<<<title>Something</title>A.... \nA suitable amount of>>>/tr>\n<tr>...\x00\x00\x00\x00\x00\x00\x00}
[DEBUG] write(array HeapByteBuffer@d68ae84[p=0,l=512,c=512,r=512]={<<< data. \nA suitable amount...table amount of data. \n>>>})
[DEBUG] write(array) s=OPEN,api=BLOCKING,sc=false,e=null aggregated !flush DirectByteBuffer@1667663f[p=0,l=1536,c=32768,r=1536]={<<<<title>Something</title>A...table amount of data. \n>>>\x00\x00\x00\x00\x00\x00\x00\x00\x00...\x00\x00\x00\x00\x00\x00\x00}
[DEBUG] write(array HeapByteBuffer@491b7b39[p=0,l=512,c=512,r=512]={<<<A suitable amount of data...ount of data. \nA suitab>>>})
[DEBUG] write(array) s=OPEN,api=BLOCKING,sc=false,e=null aggregated !flush DirectByteBuffer@1667663f[p=0,l=2048,c=32768,r=2048]={<<<<title>Something</title>A...ount of data. \nA suitab>>>\x00\x00\x00\x00\x00\x00\x00\x00\x00...\x00\x00\x00\x00\x00\x00\x00}
[DEBUG] write(array HeapByteBuffer@68ed4527[p=0,l=512,c=512,r=512]={<<<le amount of data. \nA sui...data. \nA suitable amoun>>>})
[DEBUG] write(array) s=OPEN,api=BLOCKING,sc=false,e=null aggregated !flush DirectByteBuffer@1667663f[p=0,l=2560,c=32768,r=2560]={<<<<title>Something</title>A...data. \nA suitable amoun>>>\x00\x00\x00\x00\x00\x00\x00\x00\x00...\x00\x00\x00\x00\x00\x00\x00}
[DEBUG] write(array HeapByteBuffer@181d6943[p=0,l=512,c=512,r=512]={<<<t of data. \nA suitable am... suitable amount of dat>>>})
[DEBUG] write(array) s=OPEN,api=BLOCKING,sc=false,e=null aggregated !flush DirectByteBuffer@1667663f[p=0,l=3072,c=32768,r=3072]={<<<<title>Something</title>A... suitable amount of dat>>>\x00\x00\x00\x00\x00\x00\x00\x00\x00...\x00\x00\x00\x00\x00\x00\x00}
[DEBUG] write(array HeapByteBuffer@50c9f84a[p=0,l=512,c=512,r=512]={<<<a. \nA suitable amount of ...e amount of data. \nA su>>>})
[DEBUG] write(array) s=OPEN,api=BLOCKING,sc=false,e=null aggregated !flush DirectByteBuffer@1667663f[p=0,l=3584,c=32768,r=3584]={<<<<title>Something</title>A...e amount of data. \nA su>>>\x00\x00\x00\x00\x00\x00\x00\x00\x00...\x00\x00\x00\x00\x00\x00\x00}
[DEBUG] write(array HeapByteBuffer@429993d9[p=0,l=512,c=512,r=512]={<<<itable amount of data. \nA... of data. \nA suitable a>>>})
[DEBUG] write(array) s=OPEN,api=BLOCKING,sc=false,e=null aggregated !flush DirectByteBuffer@1667663f[p=0,l=4096,c=32768,r=4096]={<<<<title>Something</title>A... of data. \nA suitable a>>>\x00\x00\x00\x00\x00\x00\x00\x00\x00...\x00\x00\x00\x00\x00\x00\x00}
[DEBUG] write(array HeapByteBuffer@405f22d0[p=0,l=512,c=512,r=512]={<<<mount of data. \nA suitabl.... \nA suitable amount of>>>})
[DEBUG] write(array) s=OPEN,api=BLOCKING,sc=false,e=null aggregated !flush DirectByteBuffer@1667663f[p=0,l=4608,c=32768,r=4608]={<<<<title>Something</title>A.... \nA suitable amount of>>>\x00\x00\x00\x00\x00\x00\x00\x00\x00...\x00\x00\x00\x00\x00\x00\x00}
[DEBUG] write(array HeapByteBuffer@33fb0ce9[p=0,l=512,c=512,r=512]={<<< data. \nA suitable amount...table amount of data. \n>>>})
[DEBUG] write(array) s=OPEN,api=BLOCKING,sc=false,e=null aggregated !flush DirectByteBuffer@1667663f[p=0,l=5120,c=32768,r=5120]={<<<<title>Something</title>A...table amount of data. \n>>>\x00\x00\x00\x00\x00\x00\x00\x00\x00...\x00\x00\x00\x00\x00\x00\x00}
[DEBUG] write(array HeapByteBuffer@2c6fb974[p=0,l=512,c=512,r=512]={<<<A suitable amount of data...ount of data. \nA suitab>>>})
[DEBUG] write(array) s=OPEN,api=BLOCKING,sc=false,e=null aggregated !flush DirectByteBuffer@1667663f[p=0,l=5632,c=32768,r=5632]={<<<<title>Something</title>A...ount of data. \nA suitab>>>\x00\x00\x00\x00\x00\x00\x00\x00\x00...\x00\x00\x00\x00\x00\x00\x00}
[DEBUG] write(array HeapByteBuffer@22e6e07b[p=0,l=512,c=512,r=512]={<<<le amount of data. \nA sui...data. \nA suitable amoun>>>})
[DEBUG] write(array) s=OPEN,api=BLOCKING,sc=false,e=null aggregated !flush DirectByteBuffer@1667663f[p=0,l=6144,c=32768,r=6144]={<<<<title>Something</title>A...data. \nA suitable amoun>>>\x00\x00\x00\x00\x00\x00\x00\x00\x00...\x00\x00\x00\x00\x00\x00\x00}
[DEBUG] write(array HeapByteBuffer@1b161f55[p=0,l=512,c=512,r=512]={<<<t of data. \nA suitable am... suitable amount of dat>>>})
[DEBUG] write(array) s=OPEN,api=BLOCKING,sc=false,e=null aggregated !flush DirectByteBuffer@1667663f[p=0,l=6656,c=32768,r=6656]={<<<<title>Something</title>A... suitable amount of dat>>>\x00\x00\x00\x00\x00\x00\x00\x00\x00...\x00\x00\x00\x00\x00\x00\x00}
[DEBUG] write(array HeapByteBuffer@70e1c49a[p=0,l=512,c=512,r=512]={<<<a. \nA suitable amount of ...e amount of data. \nA su>>>})
[DEBUG] write(array) s=OPEN,api=BLOCKING,sc=false,e=null aggregated !flush DirectByteBuffer@1667663f[p=0,l=7168,c=32768,r=7168]={<<<<title>Something</title>A...e amount of data. \nA su>>>\x00\x00\x00\x00\x00\x00\x00\x00\x00...\x00\x00\x00\x00\x00\x00\x00}
[DEBUG] write(array HeapByteBuffer@211477eb[p=0,l=512,c=512,r=512]={<<<itable amount of data. \nA... of data. \nA suitable a>>>})
[DEBUG] write(array) s=OPEN,api=BLOCKING,sc=false,e=null aggregated !flush DirectByteBuffer@1667663f[p=0,l=7680,c=32768,r=7680]={<<<<title>Something</title>A... of data. \nA suitable a>>>\x00\x00\x00\x00\x00\x00\x00\x00\x00...\x00\x00\x00\x00\x00\x00\x00}
[DEBUG] write(array HeapByteBuffer@3464ae8a[p=0,l=512,c=512,r=512]={<<<mount of data. \nA suitabl.... \nA suitable amount of>>>})
[DEBUG] write(array) s=OPEN,api=BLOCKING,sc=false,e=null aggregated !flush DirectByteBuffer@1667663f[p=0,l=8192,c=32768,r=8192]={<<<<title>Something</title>A.... \nA suitable amount of>>>\x00\x00\x00\x00\x00\x00\x00\x00\x00...\x00\x00\x00\x00\x00\x00\x00}
[DEBUG] write(array HeapByteBuffer@1f23e3e4[p=0,l=512,c=512,r=512]={<<< data. \nA suitable amount...table amount of data. \n>>>})
[DEBUG] write(array) s=OPEN,api=BLOCKING,sc=false,e=null aggregated !flush DirectByteBuffer@1667663f[p=0,l=8704,c=32768,r=8704]={<<<<title>Something</title>A...table amount of data. \n>>>\x00\x00\x00\x00\x00\x00\x00\x00\x00...\x00\x00\x00\x00\x00\x00\x00}
[DEBUG] write(array HeapByteBuffer@6198318e[p=0,l=512,c=512,r=512]={<<<A suitable amount of data...ount of data. \nA suitab>>>})
[DEBUG] write(array) s=OPEN,api=BLOCKING,sc=false,e=null aggregated !flush DirectByteBuffer@1667663f[p=0,l=9216,c=32768,r=9216]={<<<<title>Something</title>A...ount of data. \nA suitab>>>\x00\x00\x00\x00\x00\x00\x00\x00\x00...\x00\x00\x00\x00\x00\x00\x00}
[DEBUG] write(array HeapByteBuffer@63b1b979[p=0,l=512,c=512,r=512]={<<<le amount of data. \nA sui...data. \nA suitable amoun>>>})
[DEBUG] write(array) s=OPEN,api=BLOCKING,sc=false,e=null aggregated !flush DirectByteBuffer@1667663f[p=0,l=9728,c=32768,r=9728]={<<<<title>Something</title>A...data. \nA suitable amoun>>>\x00\x00\x00\x00\x00\x00\x00\x00\x00...\x00\x00\x00\x00\x00\x00\x00}
[DEBUG] write(array HeapByteBuffer@72304b7b[p=0,l=512,c=512,r=512]={<<<t of data. \nA suitable am... suitable amount of dat>>>})
[DEBUG] write(array) s=OPEN,api=BLOCKING,sc=false,e=null aggregated !flush DirectByteBuffer@1667663f[p=0,l=10240,c=32768,r=10240]={<<<<title>Something</title>A... suitable amount of dat>>>\x00\x00\x00\x00\x00\x00\x00\x00\x00...\x00\x00\x00\x00\x00\x00\x00}
[DEBUG] write(array HeapByteBuffer@720cba1a[p=0,l=512,c=512,r=512]={<<<a. \nA suitable amount of ...e amount of data. \nA su>>>})
[DEBUG] write(array) s=OPEN,api=BLOCKING,sc=false,e=null aggregated !flush DirectByteBuffer@1667663f[p=0,l=10752,c=32768,r=10752]={<<<<title>Something</title>A...e amount of data. \nA su>>>\x00\x00\x00\x00\x00\x00\x00\x00\x00...\x00\x00\x00\x00\x00\x00\x00}
[DEBUG] write(array HeapByteBuffer@52b8e194[p=0,l=512,c=512,r=512]={<<<itable amount of data. \nA... of data. \nA suitable a>>>})
[DEBUG] write(array) s=OPEN,api=BLOCKING,sc=false,e=null aggregated !flush DirectByteBuffer@1667663f[p=0,l=11264,c=32768,r=11264]={<<<<title>Something</title>A... of data. \nA suitable a>>>\x00\x00\x00\x00\x00\x00\x00\x00\x00...\x00\x00\x00\x00\x00\x00\x00}
[DEBUG] write(array HeapByteBuffer@3cacf0cb[p=0,l=512,c=512,r=512]={<<<mount of data. \nA suitabl.... \nA suitable amount of>>>})
[DEBUG] write(array) s=OPEN,api=BLOCKING,sc=false,e=null aggregated !flush DirectByteBuffer@1667663f[p=0,l=11776,c=32768,r=11776]={<<<<title>Something</title>A.... \nA suitable amount of>>>\x00\x00\x00\x00\x00\x00\x00\x00\x00...\x00\x00\x00\x00\x00\x00\x00}
[DEBUG] write(array HeapByteBuffer@4c371fb6[p=0,l=512,c=512,r=512]={<<< data. \nA suitable amount...table amount of data. \n>>>})
[DEBUG] write(array) s=OPEN,api=BLOCKING,sc=false,e=null aggregated !flush DirectByteBuffer@1667663f[p=0,l=12288,c=32768,r=12288]={<<<<title>Something</title>A...table amount of data. \n>>>\x00\x00\x00\x00\x00\x00\x00\x00\x00...\x00\x00\x00\x00\x00\x00\x00}
[DEBUG] write(array HeapByteBuffer@5bfca040[p=0,l=512,c=512,r=512]={<<<A suitable amount of data...ount of data. \nA suitab>>>})
[DEBUG] write(array) s=OPEN,api=BLOCKING,sc=false,e=null aggregated !flush DirectByteBuffer@1667663f[p=0,l=12800,c=32768,r=12800]={<<<<title>Something</title>A...ount of data. \nA suitab>>>\x00\x00\x00\x00\x00\x00\x00\x00\x00...\x00\x00\x00\x00\x00\x00\x00}
[DEBUG] write(array HeapByteBuffer@4e5d5eea[p=0,l=512,c=512,r=512]={<<<le amount of data. \nA sui...data. \nA suitable amoun>>>})
[DEBUG] write(array) s=OPEN,api=BLOCKING,sc=false,e=null aggregated !flush DirectByteBuffer@1667663f[p=0,l=13312,c=32768,r=13312]={<<<<title>Something</title>A...data. \nA suitable amoun>>>\x00\x00\x00\x00\x00\x00\x00\x00\x00...\x00\x00\x00\x00\x00\x00\x00}
[DEBUG] write(array HeapByteBuffer@15acd542[p=0,l=512,c=512,r=512]={<<<t of data. \nA suitable am... suitable amount of dat>>>})
[DEBUG] write(array) s=OPEN,api=BLOCKING,sc=false,e=null aggregated !flush DirectByteBuffer@1667663f[p=0,l=13824,c=32768,r=13824]={<<<<title>Something</title>A... suitable amount of dat>>>\x00\x00\x00\x00\x00\x00\x00\x00\x00...\x00\x00\x00\x00\x00\x00\x00}
[DEBUG] write(array HeapByteBuffer@6192a2ee[p=0,l=512,c=512,r=512]={<<<a. \nA suitable amount of ...e amount of data. \nA su>>>})
[DEBUG] write(array) s=OPEN,api=BLOCKING,sc=false,e=null aggregated !flush DirectByteBuffer@1667663f[p=0,l=14336,c=32768,r=14336]={<<<<title>Something</title>A...e amount of data. \nA su>>>\x00\x00\x00\x00\x00\x00\x00\x00\x00...\x00\x00\x00\x00\x00\x00\x00}
[DEBUG] write(array HeapByteBuffer@5fd2f03c[p=0,l=512,c=512,r=512]={<<<itable amount of data. \nA... of data. \nA suitable a>>>})
[DEBUG] write(array) s=OPEN,api=BLOCKING,sc=false,e=null aggregated !flush DirectByteBuffer@1667663f[p=0,l=14848,c=32768,r=14848]={<<<<title>Something</title>A... of data. \nA suitable a>>>\x00\x00\x00\x00\x00\x00\x00\x00\x00...\x00\x00\x00\x00\x00\x00\x00}
[DEBUG] write(array HeapByteBuffer@7bdc4f22[p=0,l=512,c=512,r=512]={<<<mount of data. \nA suitabl.... \nA suitable amount of>>>})
[DEBUG] write(array) s=OPEN,api=BLOCKING,sc=false,e=null aggregated !flush DirectByteBuffer@1667663f[p=0,l=15360,c=32768,r=15360]={<<<<title>Something</title>A.... \nA suitable amount of>>>\x00\x00\x00\x00\x00\x00\x00\x00\x00...\x00\x00\x00\x00\x00\x00\x00}
[DEBUG] write(array HeapByteBuffer@82983de[p=0,l=512,c=512,r=512]={<<< data. \nA suitable amount...table amount of data. \n>>>})
[DEBUG] write(array) s=OPEN,api=BLOCKING,sc=false,e=null aggregated !flush DirectByteBuffer@1667663f[p=0,l=15872,c=32768,r=15872]={<<<<title>Something</title>A...table amount of data. \n>>>\x00\x00\x00\x00\x00\x00\x00\x00\x00...\x00\x00\x00\x00\x00\x00\x00}
[DEBUG] write(array HeapByteBuffer@7c58c5e7[p=0,l=512,c=512,r=512]={<<<A suitable amount of data...ount of data. \nA suitab>>>})
[DEBUG] write(array) s=OPEN,api=BLOCKING,sc=false,e=null aggregated !flush DirectByteBuffer@1667663f[p=0,l=16384,c=32768,r=16384]={<<<<title>Something</title>A...ount of data. \nA suitab>>>\x00\x00\x00\x00\x00\x00\x00\x00\x00...\x00\x00\x00\x00\x00\x00\x00}
[DEBUG] write(array HeapByteBuffer@34438940[p=0,l=512,c=512,r=512]={<<<le amount of data. \nA sui...data. \nA suitable amoun>>>})
[DEBUG] write(array) s=CLOSING,api=BLOCKED,sc=false,e=null last=true agg=true flush=true async=false, len=0 DirectByteBuffer@1667663f[p=0,l=16896,c=32768,r=16896]={<<<<title>Something</title>A...data. \nA suitable amoun>>>\x00\x00\x00\x00\x00\x00\x00\x00\x00...\x00\x00\x00\x00\x00\x00\x00}
[DEBUG] sendResponse info=null content=DirectByteBuffer@1667663f[p=0,l=16896,c=32768,r=16896]={<<<<title>Something</title>A...data. \nA suitable amoun>>>\x00\x00\x00\x00\x00\x00\x00\x00\x00...\x00\x00\x00\x00\x00\x00\x00} complete=true committing=true callback=Blocker@d5a6828{null}
[DEBUG] COMMIT for /InterruptedServlet on HttpChannelOverHttp@33736c40{s=HttpChannelState@4531524{s=HANDLING rs=BLOCKING os=COMMITTED is=IDLE awp=false se=false i=true al=0},r=5,c=false/false,a=HANDLING,uri=//localhost:38858/InterruptedServlet,age=9}
200 null HTTP/1.1
Date: Mon, 20 Sep 2021 19:30:10 GMT
Content-Type: text/html;charset=utf-8
Content-Length: 16399


[DEBUG] generate: NEED_HEADER for SendCallback@260c015[PROCESSING][i=HTTP/1.1{s=200,h=3,cl=16399},cb=org.eclipse.jetty.server.HttpChannel$SendCallback@2d7f75b5] (null,[p=0,l=16896,c=32768,r=16896],true)@START
[DEBUG] generateHeaders HTTP/1.1{s=200,h=3,cl=16399} last=true content=DirectByteBuffer@1667663f[p=0,l=16896,c=32768,r=16896]={<<<<title>Something</title>A...data. \nA suitable amoun>>>\x00\x00\x00\x00\x00\x00\x00\x00\x00...\x00\x00\x00\x00\x00\x00\x00}
[DEBUG] Date: Mon, 20 Sep 2021 19:30:10 GMT
Content-Type: text/html;charset=utf-8
Content-Length: 16399


[DEBUG] CONTENT_LENGTH
[DEBUG] generate: FLUSH for SendCallback@260c015[PROCESSING][i=HTTP/1.1{s=200,h=3,cl=16399},cb=org.eclipse.jetty.server.HttpChannel$SendCallback@2d7f75b5] ([p=0,l=151,c=8192,r=151],[p=0,l=16896,c=32768,r=16896],true)@COMPLETING
[DEBUG] write: WriteFlusher@d5b1c05{IDLE}->null [HeapByteBuffer@22b9b50d[p=0,l=151,c=8192,r=151]={<<<HTTP/1.1 200 OK\r\nDate: Mo...y(9.4.43.v20210629)\r\n\r\n>>>hrome/79....\x00\x00\x00\x00\x00\x00\x00},DirectByteBuffer@1667663f[p=0,l=16896,c=32768,r=16896]={<<<<title>Something</title>A...data. \nA suitable amoun>>>\x00\x00\x00\x00\x00\x00\x00\x00\x00...\x00\x00\x00\x00\x00\x00\x00}]
[DEBUG] update WriteFlusher@d5b1c05{WRITING}->null:IDLE-->WRITING
]]></system-out>
  </testcase>
  <testcase name="multiCookieSet" classname="org.jsoup.integration.ConnectTest" time="0.107">
    <system-out><![CDATA[[DEBUG] starting org.jsoup.integration.servlets.RedirectServlet-56febdc==org.jsoup.integration.servlets.RedirectServlet@decc268e{jsp=null,order=-1,inst=false,async=true,src=EMBEDDED:null,STOPPED}
[DEBUG] STARTED @11859ms org.jsoup.integration.servlets.RedirectServlet-56febdc==org.jsoup.integration.servlets.RedirectServlet@decc268e{jsp=null,order=-1,inst=false,async=true,src=EMBEDDED:null,STARTED}
[DEBUG] ServletHandler@73dce0e6{STARTED} added {org.jsoup.integration.servlets.RedirectServlet-56febdc==org.jsoup.integration.servlets.RedirectServlet@decc268e{jsp=null,order=-1,inst=false,async=true,src=EMBEDDED:null,STARTED},UNMANAGED}
[DEBUG] ServletHandler@73dce0e6{STARTED} added {[/RedirectServlet/*]=>org.jsoup.integration.servlets.RedirectServlet-56febdc,POJO}
[DEBUG] Path=/InterruptedServlet/*[EMBEDDED:null] mapped to servlet=org.jsoup.integration.servlets.InterruptedServlet-6e78fcf5[EMBEDDED:null]
[DEBUG] Added MappedResource[pathSpec=ServletPathSpec@bf5e7dac{/InterruptedServlet/*},resource=org.jsoup.integration.servlets.InterruptedServlet-6e78fcf5==org.jsoup.integration.servlets.InterruptedServlet@877530d7{jsp=null,order=-1,inst=true,async=true,src=EMBEDDED:null,STARTED}] to PathMappings[size=1]
[DEBUG] Path=/RedirectServlet/*[EMBEDDED:null] mapped to servlet=org.jsoup.integration.servlets.RedirectServlet-56febdc[EMBEDDED:null]
[DEBUG] Added MappedResource[pathSpec=ServletPathSpec@9a9d5e14{/RedirectServlet/*},resource=org.jsoup.integration.servlets.RedirectServlet-56febdc==org.jsoup.integration.servlets.RedirectServlet@decc268e{jsp=null,order=-1,inst=false,async=true,src=EMBEDDED:null,STARTED}] to PathMappings[size=2]
[DEBUG] Path=/EchoServlet/*[EMBEDDED:null] mapped to servlet=org.jsoup.integration.servlets.EchoServlet-422c3c7a[EMBEDDED:null]
[DEBUG] Added MappedResource[pathSpec=ServletPathSpec@8f86de6b{/EchoServlet/*},resource=org.jsoup.integration.servlets.EchoServlet-422c3c7a==org.jsoup.integration.servlets.EchoServlet@66e2fba5{jsp=null,order=-1,inst=true,async=true,src=EMBEDDED:null,STARTED}] to PathMappings[size=3]
[DEBUG] Path=/FileServlet/*[EMBEDDED:null] mapped to servlet=org.jsoup.integration.servlets.FileServlet-3fffff43[EMBEDDED:null]
[DEBUG] Added MappedResource[pathSpec=ServletPathSpec@74e824f4{/FileServlet/*},resource=org.jsoup.integration.servlets.FileServlet-3fffff43==org.jsoup.integration.servlets.FileServlet@bc0855c5{jsp=null,order=-1,inst=true,async=true,src=EMBEDDED:null,STARTED}] to PathMappings[size=4]
[DEBUG] Path=/CookieServlet/*[EMBEDDED:null] mapped to servlet=org.jsoup.integration.servlets.CookieServlet-d8305c2[EMBEDDED:null]
[DEBUG] Added MappedResource[pathSpec=ServletPathSpec@5e4054cc{/CookieServlet/*},resource=org.jsoup.integration.servlets.CookieServlet-d8305c2==org.jsoup.integration.servlets.CookieServlet@ca8db5d8{jsp=null,order=-1,inst=true,async=true,src=EMBEDDED:null,STARTED}] to PathMappings[size=5]
[DEBUG] Path=/[EMBEDDED:null] mapped to servlet=org.eclipse.jetty.servlet.ServletHandler$Default404Servlet-6035b93b[EMBEDDED:null]
[DEBUG] Added MappedResource[pathSpec=ServletPathSpec@4e{/},resource=org.eclipse.jetty.servlet.ServletHandler$Default404Servlet-6035b93b==org.eclipse.jetty.servlet.ServletHandler$Default404Servlet@8bf2cb16{jsp=null,order=-1,inst=false,async=true,src=EMBEDDED:null,STARTED}] to PathMappings[size=6]
[DEBUG] filterNameMap={}
[DEBUG] pathFilters=null
[DEBUG] servletFilterMap=null
[DEBUG] servletPathMap=PathMappings[size=6]
[DEBUG] servletNameMap={org.jsoup.integration.servlets.InterruptedServlet-6e78fcf5=org.jsoup.integration.servlets.InterruptedServlet-6e78fcf5==org.jsoup.integration.servlets.InterruptedServlet@877530d7{jsp=null,order=-1,inst=true,async=true,src=EMBEDDED:null,STARTED}, org.jsoup.integration.servlets.RedirectServlet-56febdc=org.jsoup.integration.servlets.RedirectServlet-56febdc==org.jsoup.integration.servlets.RedirectServlet@decc268e{jsp=null,order=-1,inst=false,async=true,src=EMBEDDED:null,STARTED}, org.eclipse.jetty.servlet.ServletHandler$Default404Servlet-6035b93b=org.eclipse.jetty.servlet.ServletHandler$Default404Servlet-6035b93b==org.eclipse.jetty.servlet.ServletHandler$Default404Servlet@8bf2cb16{jsp=null,order=-1,inst=false,async=true,src=EMBEDDED:null,STARTED}, org.jsoup.integration.servlets.CookieServlet-d8305c2=org.jsoup.integration.servlets.CookieServlet-d8305c2==org.jsoup.integration.servlets.CookieServlet@ca8db5d8{jsp=null,order=-1,inst=true,async=true,src=EMBEDDED:null,STARTED}, org.jsoup.integration.servlets.EchoServlet-422c3c7a=org.jsoup.integration.servlets.EchoServlet-422c3c7a==org.jsoup.integration.servlets.EchoServlet@66e2fba5{jsp=null,order=-1,inst=true,async=true,src=EMBEDDED:null,STARTED}, org.jsoup.integration.servlets.FileServlet-3fffff43=org.jsoup.integration.servlets.FileServlet-3fffff43==org.jsoup.integration.servlets.FileServlet@bc0855c5{jsp=null,order=-1,inst=true,async=true,src=EMBEDDED:null,STARTED}}
[DEBUG] flushed 17047 SocketChannelEndPoint@1bd6e8a{l=/127.0.0.1:38858,r=/127.0.0.1:42938,OPEN,fill=-,flush=W,to=27/30000}{io=0/0,kio=0,kro=1}->HttpConnection@77276f3d[p=HttpParser{s=CONTENT,0 of -1},g=HttpGenerator@1fdf9a47{s=COMPLETING}]=>HttpChannelOverHttp@33736c40{s=HttpChannelState@4531524{s=HANDLING rs=BLOCKING os=COMMITTED is=IDLE awp=false se=false i=true al=0},r=5,c=false/false,a=HANDLING,uri=//localhost:38858/InterruptedServlet,age=22}
[DEBUG] Flushed=true written=17047 remaining=0 WriteFlusher@d5b1c05{WRITING}->null
[DEBUG] update WriteFlusher@d5b1c05{IDLE}->null:WRITING-->IDLE
[DEBUG] generate: DONE for SendCallback@260c015[PROCESSING][i=HTTP/1.1{s=200,h=3,cl=16399},cb=org.eclipse.jetty.server.HttpChannel$SendCallback@2d7f75b5] ([p=151,l=151,c=8192,r=0],[p=16896,l=16896,c=32768,r=0],true)@END
[DEBUG] sendResponse info=null content=HeapByteBuffer@11848662[p=0,l=0,c=0,r=0]={<<<>>>} complete=true committing=false callback=Blocker@d5a6828{null}
[DEBUG] generate: DONE for SendCallback@260c015[PROCESSING][i=null,cb=org.eclipse.jetty.server.HttpChannel$SendCallback@698c24b7] (null,[p=0,l=0,c=0,r=0],true)@END
[DEBUG] onWriteComplete(true,null) s=CLOSING,api=BLOCKED,sc=false,e=null->s=CLOSED,api=BLOCKING,sc=false,e=null c=null cb=null w=false
[DEBUG] write(array HeapByteBuffer@5341a39c[p=0,l=512,c=512,r=512]={<<<t of data. \nA suitable am... suitable amount of dat>>>})
[DEBUG] 
org.eclipse.jetty.io.EofException: Closed
	at org.eclipse.jetty.server.HttpOutput.checkWritable(HttpOutput.java:769) ~[jetty-server-9.4.43.v20210629.jar:9.4.43.v20210629]
	at org.eclipse.jetty.server.HttpOutput.write(HttpOutput.java:793) ~[jetty-server-9.4.43.v20210629.jar:9.4.43.v20210629]
	at java.io.ByteArrayOutputStream.writeTo(ByteArrayOutputStream.java:167) ~[na:1.8.0_292]
	at org.eclipse.jetty.server.Utf8HttpWriter.write(Utf8HttpWriter.java:177) ~[jetty-server-9.4.43.v20210629.jar:9.4.43.v20210629]
	at org.eclipse.jetty.server.HttpWriter.write(HttpWriter.java:73) ~[jetty-server-9.4.43.v20210629.jar:9.4.43.v20210629]
	at org.eclipse.jetty.server.HttpWriter.write(HttpWriter.java:67) ~[jetty-server-9.4.43.v20210629.jar:9.4.43.v20210629]
	at org.eclipse.jetty.server.ResponseWriter.write(ResponseWriter.java:242) [jetty-server-9.4.43.v20210629.jar:9.4.43.v20210629]
	at org.eclipse.jetty.server.ResponseWriter.write(ResponseWriter.java:259) [jetty-server-9.4.43.v20210629.jar:9.4.43.v20210629]
	at org.jsoup.integration.servlets.InterruptedServlet.doGet(InterruptedServlet.java:34) [test-classes/:na]
	at javax.servlet.http.HttpServlet.service(HttpServlet.java:687) [javax.servlet-api-3.1.0.jar:3.1.0]
	at javax.servlet.http.HttpServlet.service(HttpServlet.java:790) [javax.servlet-api-3.1.0.jar:3.1.0]
	at org.eclipse.jetty.servlet.ServletHolder.handle(ServletHolder.java:799) [jetty-servlet-9.4.43.v20210629.jar:9.4.43.v20210629]
	at org.eclipse.jetty.servlet.ServletHandler.doHandle(ServletHandler.java:550) [jetty-servlet-9.4.43.v20210629.jar:9.4.43.v20210629]
	at org.eclipse.jetty.server.handler.ScopedHandler.nextScope(ScopedHandler.java:190) [jetty-server-9.4.43.v20210629.jar:9.4.43.v20210629]
	at org.eclipse.jetty.servlet.ServletHandler.doScope(ServletHandler.java:501) [jetty-servlet-9.4.43.v20210629.jar:9.4.43.v20210629]
	at org.eclipse.jetty.server.handler.ScopedHandler.handle(ScopedHandler.java:141) [jetty-server-9.4.43.v20210629.jar:9.4.43.v20210629]
	at org.eclipse.jetty.server.handler.HandlerWrapper.handle(HandlerWrapper.java:127) [jetty-server-9.4.43.v20210629.jar:9.4.43.v20210629]
	at org.eclipse.jetty.server.Server.handle(Server.java:516) [jetty-server-9.4.43.v20210629.jar:9.4.43.v20210629]
	at org.eclipse.jetty.server.HttpChannel.lambda$handle$1(HttpChannel.java:388) [jetty-server-9.4.43.v20210629.jar:9.4.43.v20210629]
	at org.eclipse.jetty.server.HttpChannel.dispatch(HttpChannel.java:633) [jetty-server-9.4.43.v20210629.jar:9.4.43.v20210629]
	at org.eclipse.jetty.server.HttpChannel.handle(HttpChannel.java:380) [jetty-server-9.4.43.v20210629.jar:9.4.43.v20210629]
	at org.eclipse.jetty.server.HttpConnection.onFillable(HttpConnection.java:277) ~[jetty-server-9.4.43.v20210629.jar:9.4.43.v20210629]
	at org.eclipse.jetty.io.AbstractConnection$ReadCallback.succeeded(AbstractConnection.java:311) ~[jetty-io-9.4.43.v20210629.jar:9.4.43.v20210629]
	at org.eclipse.jetty.io.FillInterest.fillable(FillInterest.java:105) ~[jetty-io-9.4.43.v20210629.jar:9.4.43.v20210629]
	at org.eclipse.jetty.io.ChannelEndPoint$1.run(ChannelEndPoint.java:104) ~[jetty-io-9.4.43.v20210629.jar:9.4.43.v20210629]
	at org.eclipse.jetty.util.thread.strategy.EatWhatYouKill.runTask(EatWhatYouKill.java:338) ~[jetty-util-9.4.43.v20210629.jar:9.4.43.v20210629]
	at org.eclipse.jetty.util.thread.strategy.EatWhatYouKill.doProduce(EatWhatYouKill.java:315) ~[jetty-util-9.4.43.v20210629.jar:9.4.43.v20210629]
	at org.eclipse.jetty.util.thread.strategy.EatWhatYouKill.tryProduce(EatWhatYouKill.java:173) ~[jetty-util-9.4.43.v20210629.jar:9.4.43.v20210629]
	at org.eclipse.jetty.util.thread.strategy.EatWhatYouKill.run(EatWhatYouKill.java:131) ~[jetty-util-9.4.43.v20210629.jar:9.4.43.v20210629]
	at org.eclipse.jetty.util.thread.ReservedThreadExecutor$ReservedThread.run(ReservedThreadExecutor.java:386) ~[jetty-util-9.4.43.v20210629.jar:9.4.43.v20210629]
	at org.eclipse.jetty.util.thread.QueuedThreadPool.runJob(QueuedThreadPool.java:883) ~[jetty-util-9.4.43.v20210629.jar:9.4.43.v20210629]
	at org.eclipse.jetty.util.thread.QueuedThreadPool$Runner.run(QueuedThreadPool.java:1034) ~[jetty-util-9.4.43.v20210629.jar:9.4.43.v20210629]
	at java.lang.Thread.run(Thread.java:748) ~[na:1.8.0_292]
[DEBUG] handled=true async=false committed=true on HttpChannelOverHttp@33736c40{s=HttpChannelState@4531524{s=HANDLING rs=BLOCKING os=COMPLETED is=IDLE awp=false se=false i=true al=0},r=5,c=false/true,a=HANDLING,uri=//localhost:38858/InterruptedServlet,age=36}
[DEBUG] unhandle HttpChannelState@4531524{s=HANDLING rs=BLOCKING os=COMPLETED is=IDLE awp=false se=false i=true al=0}
[DEBUG] nextAction(false) COMPLETE HttpChannelState@4531524{s=HANDLING rs=COMPLETING os=COMPLETED is=IDLE awp=false se=false i=false al=0}
[DEBUG] action COMPLETE HttpChannelOverHttp@33736c40{s=HttpChannelState@4531524{s=HANDLING rs=COMPLETING os=COMPLETED is=IDLE awp=false se=false i=false al=0},r=5,c=false/true,a=HANDLING,uri=//localhost:38858/InterruptedServlet,age=36}
[DEBUG] complete(org.eclipse.jetty.util.Callback$3@4508f6e) s=CLOSED,api=BLOCKING,sc=false,e=null s=true e=null, c=null
[DEBUG] completed HttpChannelState@4531524{s=HANDLING rs=COMPLETING os=COMPLETED is=IDLE awp=false se=false i=false al=0}
[DEBUG] unhandle HttpChannelState@4531524{s=HANDLING rs=COMPLETED os=COMPLETED is=IDLE awp=false se=false i=false al=0}
[DEBUG] nextAction(false) TERMINATED HttpChannelState@4531524{s=IDLE rs=COMPLETED os=COMPLETED is=IDLE awp=false se=false i=false al=0}
[DEBUG] action TERMINATED HttpChannelOverHttp@33736c40{s=HttpChannelState@4531524{s=IDLE rs=COMPLETED os=COMPLETED is=IDLE awp=false se=false i=false al=0},r=5,c=true/true,a=IDLE,uri=//localhost:38858/InterruptedServlet,age=36}
[DEBUG] onCompleted for /InterruptedServlet written=16896
[DEBUG] filled 368 HeapByteBuffer@22b9b50d[p=0,l=368,c=8192,r=368]={<<<GET /RedirectServlet?code...nection: keep-alive\r\n\r\n>>>ection: k...\x00\x00\x00\x00\x00\x00\x00}
[DEBUG] HttpConnection@77276f3d::SocketChannelEndPoint@1bd6e8a{l=/127.0.0.1:38858,r=/127.0.0.1:42938,OPEN,fill=-,flush=-,to=0/30000}{io=0/0,kio=0,kro=1}->HttpConnection@77276f3d[p=HttpParser{s=CONTENT,0 of -1},g=HttpGenerator@1fdf9a47{s=END}]=>HttpChannelOverHttp@33736c40{s=HttpChannelState@4531524{s=IDLE rs=COMPLETED os=COMPLETED is=IDLE awp=false se=false i=false al=0},r=5,c=true/true,a=IDLE,uri=//localhost:38858/InterruptedServlet,age=36} filled 368 HeapByteBuffer@22b9b50d[p=0,l=368,c=8192,r=368]={<<<GET /RedirectServlet?code...nection: keep-alive\r\n\r\n>>>ection: k...\x00\x00\x00\x00\x00\x00\x00}
[DEBUG] HttpConnection@77276f3d::SocketChannelEndPoint@1bd6e8a{l=/127.0.0.1:38858,r=/127.0.0.1:42938,OPEN,fill=-,flush=-,to=0/30000}{io=0/0,kio=0,kro=1}->HttpConnection@77276f3d[p=HttpParser{s=CONTENT,0 of -1},g=HttpGenerator@1fdf9a47{s=END}]=>HttpChannelOverHttp@33736c40{s=HttpChannelState@4531524{s=IDLE rs=COMPLETED os=COMPLETED is=IDLE awp=false se=false i=false al=0},r=5,c=true/true,a=IDLE,uri=//localhost:38858/InterruptedServlet,age=37} parse HeapByteBuffer@22b9b50d[p=0,l=368,c=8192,r=368]={<<<GET /RedirectServlet?code...nection: keep-alive\r\n\r\n>>>ection: k...\x00\x00\x00\x00\x00\x00\x00} {}
[DEBUG] parseNext s=CONTENT HeapByteBuffer@22b9b50d[p=0,l=368,c=8192,r=368]={<<<GET /RedirectServlet?code...nection: keep-alive\r\n\r\n>>>ection: k...\x00\x00\x00\x00\x00\x00\x00}
[DEBUG] CONTENT --> CONTENT_END
[DEBUG] onContentComplete HttpChannelOverHttp@33736c40{s=HttpChannelState@4531524{s=IDLE rs=COMPLETED os=COMPLETED is=IDLE awp=false se=false i=false al=0},r=5,c=true/true,a=IDLE,uri=//localhost:38858/InterruptedServlet,age=37}
[DEBUG] CONTENT_END --> END
[DEBUG] onRequestComplete HttpChannelOverHttp@33736c40{s=HttpChannelState@4531524{s=IDLE rs=COMPLETED os=COMPLETED is=IDLE awp=false se=false i=false al=0},r=5,c=true/true,a=IDLE,uri=//localhost:38858/InterruptedServlet,age=37}
[DEBUG] HttpInputOverHTTP@474ff53b[c=0,q=0,[0]=null,s=STREAM] addContent EOF
[DEBUG] HttpConnection@77276f3d::SocketChannelEndPoint@1bd6e8a{l=/127.0.0.1:38858,r=/127.0.0.1:42938,OPEN,fill=-,flush=-,to=0/30000}{io=0/0,kio=0,kro=1}->HttpConnection@77276f3d[p=HttpParser{s=END,0 of -1},g=HttpGenerator@1fdf9a47{s=END}]=>HttpChannelOverHttp@33736c40{s=HttpChannelState@4531524{s=IDLE rs=COMPLETED os=COMPLETED is=IDLE awp=false se=false i=false al=0},r=5,c=true/true,a=IDLE,uri=//localhost:38858/InterruptedServlet,age=37} parsed false HttpParser{s=END,0 of -1}
[DEBUG] recycle HttpChannelState@4531524{s=IDLE rs=COMPLETED os=COMPLETED is=IDLE awp=false se=false i=false al=0}
[DEBUG] reset HttpParser{s=END,0 of -1}
[DEBUG] END --> START
[DEBUG] !handle TERMINATED HttpChannelOverHttp@33736c40{s=HttpChannelState@4531524{s=IDLE rs=BLOCKING os=OPEN is=IDLE awp=false se=false i=true al=0},r=5,c=false/false,a=IDLE,uri=null,age=0}
[DEBUG] HttpConnection@77276f3d::SocketChannelEndPoint@1bd6e8a{l=/127.0.0.1:38858,r=/127.0.0.1:42938,OPEN,fill=-,flush=-,to=0/30000}{io=0/0,kio=0,kro=1}->HttpConnection@77276f3d[p=HttpParser{s=START,0 of -1},g=HttpGenerator@1fdf9a47{s=START}]=>HttpChannelOverHttp@33736c40{s=HttpChannelState@4531524{s=IDLE rs=BLOCKING os=OPEN is=IDLE awp=false se=false i=true al=0},r=5,c=false/false,a=IDLE,uri=null,age=0} parse HeapByteBuffer@22b9b50d[p=0,l=368,c=8192,r=368]={<<<GET /RedirectServlet?code...nection: keep-alive\r\n\r\n>>>ection: k...\x00\x00\x00\x00\x00\x00\x00} {}
[DEBUG] parseNext s=START HeapByteBuffer@22b9b50d[p=0,l=368,c=8192,r=368]={<<<GET /RedirectServlet?code...nection: keep-alive\r\n\r\n>>>ection: k...\x00\x00\x00\x00\x00\x00\x00}
[DEBUG] START --> SPACE1
[DEBUG] SPACE1 --> URI
[DEBUG] URI --> SPACE2
[DEBUG] SPACE2 --> REQUEST_VERSION
[DEBUG] REQUEST_VERSION --> HEADER
[DEBUG] HEADER:Accept-Encoding: gzip --> IN_VALUE
[DEBUG] HEADER:Accept-Encoding: gzip --> FIELD
[DEBUG] HEADER:User-Agent: Mozilla/5.0 (Windows NT 10.0; Win64; x64) AppleWebKit/537.36 (KHTML, like Gecko) Chrome/79.0.3945.130 Safari/537.36 --> IN_VALUE
[DEBUG] HEADER:User-Agent: Mozilla/5.0 (Windows NT 10.0; Win64; x64) AppleWebKit/537.36 (KHTML, like Gecko) Chrome/79.0.3945.130 Safari/537.36 --> FIELD
[DEBUG] HEADER:Host: localhost:38858 --> IN_VALUE
[DEBUG] HEADER:Host: localhost:38858 --> FIELD
[DEBUG] HEADER:Accept: text/html, image/gif, image/jpeg, *; q=.2, */*; q=.2 --> IN_VALUE
[DEBUG] HEADER:Accept: text/html, image/gif, image/jpeg, *; q=.2, */*; q=.2 --> FIELD
[DEBUG] HEADER:Connection: keep-alive --> IN_VALUE
[DEBUG] HEADER:Connection: keep-alive --> FIELD
[DEBUG] HEADER --> CONTENT
[DEBUG] REQUEST for //localhost:38858/RedirectServlet?code=302&setCookies=true&loc=http%3A%2F%2Flocalhost%3A38858%2FEchoServlet on HttpChannelOverHttp@33736c40{s=HttpChannelState@4531524{s=IDLE rs=BLOCKING os=OPEN is=IDLE awp=false se=false i=true al=0},r=6,c=false/false,a=IDLE,uri=//localhost:38858/RedirectServlet?code=302&setCookies=true&loc=http%3A%2F%2Flocalhost%3A38858%2FEchoServlet,age=0}
GET //localhost:38858/RedirectServlet?code=302&setCookies=true&loc=http%3A%2F%2Flocalhost%3A38858%2FEchoServlet HTTP/1.1
Accept-Encoding: gzip
User-Agent: Mozilla/5.0 (Windows NT 10.0; Win64; x64) AppleWebKit/537.36 (KHTML, like Gecko) Chrome/79.0.3945.130 Safari/537.36
Host: localhost:38858
Accept: text/html, image/gif, image/jpeg, *; q=.2, */*; q=.2
Connection: keep-alive


[DEBUG] HttpConnection@77276f3d::SocketChannelEndPoint@1bd6e8a{l=/127.0.0.1:38858,r=/127.0.0.1:42938,OPEN,fill=-,flush=-,to=12/30000}{io=0/0,kio=0,kro=1}->HttpConnection@77276f3d[p=HttpParser{s=CONTENT,0 of -1},g=HttpGenerator@1fdf9a47{s=START}]=>HttpChannelOverHttp@33736c40{s=HttpChannelState@4531524{s=IDLE rs=BLOCKING os=OPEN is=IDLE awp=false se=false i=true al=0},r=6,c=false/false,a=IDLE,uri=//localhost:38858/RedirectServlet?code=302&setCookies=true&loc=http%3A%2F%2Flocalhost%3A38858%2FEchoServlet,age=12} parsed true HttpParser{s=CONTENT,0 of -1}
[DEBUG] releaseRequestBuffer HttpConnection@77276f3d::SocketChannelEndPoint@1bd6e8a{l=/127.0.0.1:38858,r=/127.0.0.1:42938,OPEN,fill=-,flush=-,to=12/30000}{io=0/0,kio=0,kro=1}->HttpConnection@77276f3d[p=HttpParser{s=CONTENT,0 of -1},g=HttpGenerator@1fdf9a47{s=START}]=>HttpChannelOverHttp@33736c40{s=HttpChannelState@4531524{s=IDLE rs=BLOCKING os=OPEN is=IDLE awp=false se=false i=true al=0},r=6,c=false/false,a=IDLE,uri=//localhost:38858/RedirectServlet?code=302&setCookies=true&loc=http%3A%2F%2Flocalhost%3A38858%2FEchoServlet,age=12}
[DEBUG] handle //localhost:38858/RedirectServlet?code=302&setCookies=true&loc=http%3A%2F%2Flocalhost%3A38858%2FEchoServlet HttpChannelOverHttp@33736c40{s=HttpChannelState@4531524{s=IDLE rs=BLOCKING os=OPEN is=IDLE awp=false se=false i=true al=0},r=6,c=false/false,a=IDLE,uri=//localhost:38858/RedirectServlet?code=302&setCookies=true&loc=http%3A%2F%2Flocalhost%3A38858%2FEchoServlet,age=12} 
[DEBUG] handling HttpChannelState@4531524{s=IDLE rs=BLOCKING os=OPEN is=IDLE awp=false se=false i=true al=0}
[DEBUG] action DISPATCH HttpChannelOverHttp@33736c40{s=HttpChannelState@4531524{s=HANDLING rs=BLOCKING os=OPEN is=IDLE awp=false se=false i=true al=0},r=6,c=false/false,a=HANDLING,uri=//localhost:38858/RedirectServlet?code=302&setCookies=true&loc=http%3A%2F%2Flocalhost%3A38858%2FEchoServlet,age=12}
[DEBUG] REQUEST GET /RedirectServlet on HttpChannelOverHttp@33736c40{s=HttpChannelState@4531524{s=HANDLING rs=BLOCKING os=OPEN is=IDLE awp=false se=false i=true al=0},r=6,c=false/false,a=HANDLING,uri=//localhost:38858/RedirectServlet?code=302&setCookies=true&loc=http%3A%2F%2Flocalhost%3A38858%2FEchoServlet,age=12}
[DEBUG] servlet null|/RedirectServlet|null -> org.jsoup.integration.servlets.RedirectServlet-56febdc==org.jsoup.integration.servlets.RedirectServlet@decc268e{jsp=null,order=-1,inst=false,async=true,src=EMBEDDED:null,STARTED}
[DEBUG] chain=null
[DEBUG] Servlet.init null for org.jsoup.integration.servlets.RedirectServlet-56febdc
[DEBUG] handled=true async=false committed=false on HttpChannelOverHttp@33736c40{s=HttpChannelState@4531524{s=HANDLING rs=BLOCKING os=OPEN is=IDLE awp=false se=false i=true al=0},r=6,c=false/false,a=HANDLING,uri=//localhost:38858/RedirectServlet?code=302&setCookies=true&loc=http%3A%2F%2Flocalhost%3A38858%2FEchoServlet,age=12}
[DEBUG] unhandle HttpChannelState@4531524{s=HANDLING rs=BLOCKING os=OPEN is=IDLE awp=false se=false i=true al=0}
[DEBUG] nextAction(false) COMPLETE HttpChannelState@4531524{s=HANDLING rs=COMPLETING os=OPEN is=IDLE awp=false se=false i=false al=0}
[DEBUG] action COMPLETE HttpChannelOverHttp@33736c40{s=HttpChannelState@4531524{s=HANDLING rs=COMPLETING os=OPEN is=IDLE awp=false se=false i=false al=0},r=6,c=false/false,a=HANDLING,uri=//localhost:38858/RedirectServlet?code=302&setCookies=true&loc=http%3A%2F%2Flocalhost%3A38858%2FEchoServlet,age=12}
[DEBUG] filled 0 HeapByteBuffer@22b9b50d[p=0,l=0,c=8192,r=0]={<<<>>>GET /Redi...\x00\x00\x00\x00\x00\x00\x00}
[DEBUG] filled 0 HeapByteBuffer@22b9b50d[p=0,l=0,c=8192,r=0]={<<<>>>GET /Redi...\x00\x00\x00\x00\x00\x00\x00}
[DEBUG] HttpConnection@77276f3d::SocketChannelEndPoint@1bd6e8a{l=/127.0.0.1:38858,r=/127.0.0.1:42938,OPEN,fill=-,flush=-,to=13/30000}{io=0/0,kio=0,kro=1}->HttpConnection@77276f3d[p=HttpParser{s=CONTENT,0 of -1},g=HttpGenerator@1fdf9a47{s=START}]=>HttpChannelOverHttp@33736c40{s=HttpChannelState@4531524{s=HANDLING rs=COMPLETING os=OPEN is=IDLE awp=false se=false i=false al=0},r=6,c=false/false,a=HANDLING,uri=//localhost:38858/RedirectServlet?code=302&setCookies=true&loc=http%3A%2F%2Flocalhost%3A38858%2FEchoServlet,age=13} filled 0 HeapByteBuffer@22b9b50d[p=0,l=0,c=8192,r=0]={<<<>>>GET /Redi...\x00\x00\x00\x00\x00\x00\x00}
[DEBUG] HttpConnection@77276f3d::SocketChannelEndPoint@1bd6e8a{l=/127.0.0.1:38858,r=/127.0.0.1:42938,OPEN,fill=-,flush=-,to=13/30000}{io=0/0,kio=0,kro=1}->HttpConnection@77276f3d[p=HttpParser{s=CONTENT,0 of -1},g=HttpGenerator@1fdf9a47{s=START}]=>HttpChannelOverHttp@33736c40{s=HttpChannelState@4531524{s=HANDLING rs=COMPLETING os=OPEN is=IDLE awp=false se=false i=false al=0},r=6,c=false/false,a=HANDLING,uri=//localhost:38858/RedirectServlet?code=302&setCookies=true&loc=http%3A%2F%2Flocalhost%3A38858%2FEchoServlet,age=13} parse HeapByteBuffer@22b9b50d[p=0,l=0,c=8192,r=0]={<<<>>>GET /Redi...\x00\x00\x00\x00\x00\x00\x00} {}
[DEBUG] parseNext s=CONTENT HeapByteBuffer@22b9b50d[p=0,l=0,c=8192,r=0]={<<<>>>GET /Redi...\x00\x00\x00\x00\x00\x00\x00}
[DEBUG] CONTENT --> CONTENT_END
[DEBUG] onContentComplete HttpChannelOverHttp@33736c40{s=HttpChannelState@4531524{s=HANDLING rs=COMPLETING os=OPEN is=IDLE awp=false se=false i=false al=0},r=6,c=false/false,a=HANDLING,uri=//localhost:38858/RedirectServlet?code=302&setCookies=true&loc=http%3A%2F%2Flocalhost%3A38858%2FEchoServlet,age=13}
[DEBUG] CONTENT_END --> END
[DEBUG] onRequestComplete HttpChannelOverHttp@33736c40{s=HttpChannelState@4531524{s=HANDLING rs=COMPLETING os=OPEN is=IDLE awp=false se=false i=false al=0},r=6,c=false/false,a=HANDLING,uri=//localhost:38858/RedirectServlet?code=302&setCookies=true&loc=http%3A%2F%2Flocalhost%3A38858%2FEchoServlet,age=13}
[DEBUG] HttpInputOverHTTP@474ff53b[c=0,q=0,[0]=null,s=STREAM] addContent EOF
[DEBUG] HttpConnection@77276f3d::SocketChannelEndPoint@1bd6e8a{l=/127.0.0.1:38858,r=/127.0.0.1:42938,OPEN,fill=-,flush=-,to=14/30000}{io=0/0,kio=0,kro=1}->HttpConnection@77276f3d[p=HttpParser{s=END,0 of -1},g=HttpGenerator@1fdf9a47{s=START}]=>HttpChannelOverHttp@33736c40{s=HttpChannelState@4531524{s=HANDLING rs=COMPLETING os=OPEN is=IDLE awp=false se=false i=false al=0},r=6,c=false/false,a=HANDLING,uri=//localhost:38858/RedirectServlet?code=302&setCookies=true&loc=http%3A%2F%2Flocalhost%3A38858%2FEchoServlet,age=13} parsed false HttpParser{s=END,0 of -1}
[DEBUG] releaseRequestBuffer HttpConnection@77276f3d::SocketChannelEndPoint@1bd6e8a{l=/127.0.0.1:38858,r=/127.0.0.1:42938,OPEN,fill=-,flush=-,to=14/30000}{io=0/0,kio=0,kro=1}->HttpConnection@77276f3d[p=HttpParser{s=END,0 of -1},g=HttpGenerator@1fdf9a47{s=START}]=>HttpChannelOverHttp@33736c40{s=HttpChannelState@4531524{s=HANDLING rs=COMPLETING os=OPEN is=IDLE awp=false se=false i=false al=0},r=6,c=false/false,a=HANDLING,uri=//localhost:38858/RedirectServlet?code=302&setCookies=true&loc=http%3A%2F%2Flocalhost%3A38858%2FEchoServlet,age=13}
[DEBUG] complete(org.eclipse.jetty.util.Callback$3@5d48f2bf) s=CLOSING,api=BLOCKED,sc=false,e=null s=false e=null, c=HeapByteBuffer@11848662[p=0,l=0,c=0,r=0]={<<<>>>}
[DEBUG] sendResponse info=null content=HeapByteBuffer@11848662[p=0,l=0,c=0,r=0]={<<<>>>} complete=true committing=true callback=org.eclipse.jetty.server.HttpOutput$WriteCompleteCB@62fbcf59
[DEBUG] COMMIT for /RedirectServlet on HttpChannelOverHttp@33736c40{s=HttpChannelState@4531524{s=HANDLING rs=COMPLETING os=COMMITTED is=IDLE awp=false se=false i=false al=0},r=6,c=false/false,a=HANDLING,uri=//localhost:38858/RedirectServlet?code=302&setCookies=true&loc=http%3A%2F%2Flocalhost%3A38858%2FEchoServlet,age=14}
302 null HTTP/1.1
Date: Mon, 20 Sep 2021 19:30:10 GMT
Set-Cookie: token=asdfg123
Expires: Thu, 01 Jan 1970 00:00:00 GMT
Set-Cookie: uid=jhy
Location: http://localhost:38858/EchoServlet


[DEBUG] generate: NEED_HEADER for SendCallback@260c015[PROCESSING][i=HTTP/1.1{s=302,h=5,cl=-1},cb=org.eclipse.jetty.server.HttpChannel$SendCallback@29e6d0dc] (null,[p=0,l=0,c=0,r=0],true)@START
[DEBUG] generateHeaders HTTP/1.1{s=302,h=5,cl=-1} last=true content=HeapByteBuffer@11848662[p=0,l=0,c=0,r=0]={<<<>>>}
[DEBUG] Date: Mon, 20 Sep 2021 19:30:10 GMT
Set-Cookie: token=asdfg123
Expires: Thu, 01 Jan 1970 00:00:00 GMT
Set-Cookie: uid=jhy
Location: http://localhost:38858/EchoServlet


[DEBUG] CONTENT_LENGTH
[DEBUG] generate: FLUSH for SendCallback@260c015[PROCESSING][i=HTTP/1.1{s=302,h=5,cl=-1},cb=org.eclipse.jetty.server.HttpChannel$SendCallback@29e6d0dc] ([p=0,l=246,c=8192,r=246],[p=0,l=0,c=0,r=0],true)@COMPLETING
[DEBUG] write: WriteFlusher@d5b1c05{IDLE}->null [HeapByteBuffer@22b9b50d[p=0,l=246,c=8192,r=246]={<<<HTTP/1.1 302 Found\r\nDate:...y(9.4.43.v20210629)\r\n\r\n>>>ri/537.36...\x00\x00\x00\x00\x00\x00\x00}]
[DEBUG] update WriteFlusher@d5b1c05{WRITING}->null:IDLE-->WRITING
[DEBUG] flushed 246 SocketChannelEndPoint@1bd6e8a{l=/127.0.0.1:38858,r=/127.0.0.1:42938,OPEN,fill=-,flush=W,to=16/30000}{io=0/0,kio=0,kro=1}->HttpConnection@77276f3d[p=HttpParser{s=END,0 of -1},g=HttpGenerator@1fdf9a47{s=COMPLETING}]=>HttpChannelOverHttp@33736c40{s=HttpChannelState@4531524{s=HANDLING rs=COMPLETING os=COMMITTED is=IDLE awp=false se=false i=false al=0},r=6,c=false/false,a=HANDLING,uri=//localhost:38858/RedirectServlet?code=302&setCookies=true&loc=http%3A%2F%2Flocalhost%3A38858%2FEchoServlet,age=15}
[DEBUG] Flushed=true written=246 remaining=0 WriteFlusher@d5b1c05{WRITING}->null
[DEBUG] update WriteFlusher@d5b1c05{IDLE}->null:WRITING-->IDLE
[DEBUG] generate: DONE for SendCallback@260c015[PROCESSING][i=HTTP/1.1{s=302,h=5,cl=-1},cb=org.eclipse.jetty.server.HttpChannel$SendCallback@29e6d0dc] ([p=246,l=246,c=8192,r=0],[p=0,l=0,c=0,r=0],true)@END
[DEBUG] onWriteComplete(true,null) s=CLOSING,api=BLOCKED,sc=false,e=null->s=CLOSED,api=BLOCKING,sc=false,e=null c=null cb=org.eclipse.jetty.util.Callback$3@5d48f2bf w=false
[DEBUG] completed HttpChannelState@4531524{s=HANDLING rs=COMPLETING os=COMPLETED is=IDLE awp=false se=false i=false al=0}
[DEBUG] unhandle HttpChannelState@4531524{s=HANDLING rs=COMPLETED os=COMPLETED is=IDLE awp=false se=false i=false al=0}
[DEBUG] nextAction(false) TERMINATED HttpChannelState@4531524{s=IDLE rs=COMPLETED os=COMPLETED is=IDLE awp=false se=false i=false al=0}
[DEBUG] action TERMINATED HttpChannelOverHttp@33736c40{s=HttpChannelState@4531524{s=IDLE rs=COMPLETED os=COMPLETED is=IDLE awp=false se=false i=false al=0},r=6,c=true/true,a=IDLE,uri=//localhost:38858/RedirectServlet?code=302&setCookies=true&loc=http%3A%2F%2Flocalhost%3A38858%2FEchoServlet,age=17}
[DEBUG] onCompleted for /RedirectServlet written=0
[DEBUG] recycle HttpChannelState@4531524{s=IDLE rs=COMPLETED os=COMPLETED is=IDLE awp=false se=false i=false al=0}
[DEBUG] reset HttpParser{s=END,0 of -1}
[DEBUG] END --> START
[DEBUG] !handle TERMINATED HttpChannelOverHttp@33736c40{s=HttpChannelState@4531524{s=IDLE rs=BLOCKING os=OPEN is=IDLE awp=false se=false i=true al=0},r=6,c=false/false,a=IDLE,uri=null,age=0}
[DEBUG] filled 323 HeapByteBuffer@22b9b50d[p=0,l=323,c=8192,r=323]={<<<GET /EchoServlet HTTP/1.1...nection: keep-alive\r\n\r\n>>>; q=.2, *...\x00\x00\x00\x00\x00\x00\x00}
[DEBUG] HttpConnection@77276f3d::SocketChannelEndPoint@1bd6e8a{l=/127.0.0.1:38858,r=/127.0.0.1:42938,OPEN,fill=-,flush=-,to=0/30000}{io=0/0,kio=0,kro=1}->HttpConnection@77276f3d[p=HttpParser{s=START,0 of -1},g=HttpGenerator@1fdf9a47{s=START}]=>HttpChannelOverHttp@33736c40{s=HttpChannelState@4531524{s=IDLE rs=BLOCKING os=OPEN is=IDLE awp=false se=false i=true al=0},r=6,c=false/false,a=IDLE,uri=null,age=0} filled 323 HeapByteBuffer@22b9b50d[p=0,l=323,c=8192,r=323]={<<<GET /EchoServlet HTTP/1.1...nection: keep-alive\r\n\r\n>>>; q=.2, *...\x00\x00\x00\x00\x00\x00\x00}
[DEBUG] HttpConnection@77276f3d::SocketChannelEndPoint@1bd6e8a{l=/127.0.0.1:38858,r=/127.0.0.1:42938,OPEN,fill=-,flush=-,to=0/30000}{io=0/0,kio=0,kro=1}->HttpConnection@77276f3d[p=HttpParser{s=START,0 of -1},g=HttpGenerator@1fdf9a47{s=START}]=>HttpChannelOverHttp@33736c40{s=HttpChannelState@4531524{s=IDLE rs=BLOCKING os=OPEN is=IDLE awp=false se=false i=true al=0},r=6,c=false/false,a=IDLE,uri=null,age=0} parse HeapByteBuffer@22b9b50d[p=0,l=323,c=8192,r=323]={<<<GET /EchoServlet HTTP/1.1...nection: keep-alive\r\n\r\n>>>; q=.2, *...\x00\x00\x00\x00\x00\x00\x00} {}
[DEBUG] parseNext s=START HeapByteBuffer@22b9b50d[p=0,l=323,c=8192,r=323]={<<<GET /EchoServlet HTTP/1.1...nection: keep-alive\r\n\r\n>>>; q=.2, *...\x00\x00\x00\x00\x00\x00\x00}
[DEBUG] START --> SPACE1
[DEBUG] SPACE1 --> URI
[DEBUG] URI --> SPACE2
[DEBUG] SPACE2 --> REQUEST_VERSION
[DEBUG] REQUEST_VERSION --> HEADER
[DEBUG] HEADER:Cookie --> VALUE
[DEBUG] HEADER:Cookie --> IN_VALUE
[DEBUG] HEADER:Cookie --> FIELD
[DEBUG] HEADER:Accept-Encoding: gzip --> IN_VALUE
[DEBUG] HEADER:Accept-Encoding: gzip --> FIELD
[DEBUG] HEADER:User-Agent: Mozilla/5.0 (Windows NT 10.0; Win64; x64) AppleWebKit/537.36 (KHTML, like Gecko) Chrome/79.0.3945.130 Safari/537.36 --> IN_VALUE
[DEBUG] HEADER:User-Agent: Mozilla/5.0 (Windows NT 10.0; Win64; x64) AppleWebKit/537.36 (KHTML, like Gecko) Chrome/79.0.3945.130 Safari/537.36 --> FIELD
[DEBUG] HEADER:Host: localhost:38858 --> IN_VALUE
[DEBUG] HEADER:Host: localhost:38858 --> FIELD
[DEBUG] HEADER:Accept: text/html, image/gif, image/jpeg, *; q=.2, */*; q=.2 --> IN_VALUE
[DEBUG] HEADER:Accept: text/html, image/gif, image/jpeg, *; q=.2, */*; q=.2 --> FIELD
[DEBUG] HEADER:Connection: keep-alive --> IN_VALUE
[DEBUG] HEADER:Connection: keep-alive --> FIELD
[DEBUG] HEADER --> CONTENT
[DEBUG] REQUEST for //localhost:38858/EchoServlet on HttpChannelOverHttp@33736c40{s=HttpChannelState@4531524{s=IDLE rs=BLOCKING os=OPEN is=IDLE awp=false se=false i=true al=0},r=7,c=false/false,a=IDLE,uri=//localhost:38858/EchoServlet,age=0}
GET //localhost:38858/EchoServlet HTTP/1.1
Cookie: token=asdfg123; uid=jhy
Accept-Encoding: gzip
User-Agent: Mozilla/5.0 (Windows NT 10.0; Win64; x64) AppleWebKit/537.36 (KHTML, like Gecko) Chrome/79.0.3945.130 Safari/537.36
Host: localhost:38858
Accept: text/html, image/gif, image/jpeg, *; q=.2, */*; q=.2
Connection: keep-alive


[DEBUG] HttpConnection@77276f3d::SocketChannelEndPoint@1bd6e8a{l=/127.0.0.1:38858,r=/127.0.0.1:42938,OPEN,fill=-,flush=-,to=0/30000}{io=0/0,kio=0,kro=1}->HttpConnection@77276f3d[p=HttpParser{s=CONTENT,0 of -1},g=HttpGenerator@1fdf9a47{s=START}]=>HttpChannelOverHttp@33736c40{s=HttpChannelState@4531524{s=IDLE rs=BLOCKING os=OPEN is=IDLE awp=false se=false i=true al=0},r=7,c=false/false,a=IDLE,uri=//localhost:38858/EchoServlet,age=1} parsed true HttpParser{s=CONTENT,0 of -1}
[DEBUG] releaseRequestBuffer HttpConnection@77276f3d::SocketChannelEndPoint@1bd6e8a{l=/127.0.0.1:38858,r=/127.0.0.1:42938,OPEN,fill=-,flush=-,to=0/30000}{io=0/0,kio=0,kro=1}->HttpConnection@77276f3d[p=HttpParser{s=CONTENT,0 of -1},g=HttpGenerator@1fdf9a47{s=START}]=>HttpChannelOverHttp@33736c40{s=HttpChannelState@4531524{s=IDLE rs=BLOCKING os=OPEN is=IDLE awp=false se=false i=true al=0},r=7,c=false/false,a=IDLE,uri=//localhost:38858/EchoServlet,age=1}
[DEBUG] handle //localhost:38858/EchoServlet HttpChannelOverHttp@33736c40{s=HttpChannelState@4531524{s=IDLE rs=BLOCKING os=OPEN is=IDLE awp=false se=false i=true al=0},r=7,c=false/false,a=IDLE,uri=//localhost:38858/EchoServlet,age=1} 
[DEBUG] handling HttpChannelState@4531524{s=IDLE rs=BLOCKING os=OPEN is=IDLE awp=false se=false i=true al=0}
[DEBUG] action DISPATCH HttpChannelOverHttp@33736c40{s=HttpChannelState@4531524{s=HANDLING rs=BLOCKING os=OPEN is=IDLE awp=false se=false i=true al=0},r=7,c=false/false,a=HANDLING,uri=//localhost:38858/EchoServlet,age=1}
[DEBUG] REQUEST GET /EchoServlet on HttpChannelOverHttp@33736c40{s=HttpChannelState@4531524{s=HANDLING rs=BLOCKING os=OPEN is=IDLE awp=false se=false i=true al=0},r=7,c=false/false,a=HANDLING,uri=//localhost:38858/EchoServlet,age=1}
[DEBUG] servlet null|/EchoServlet|null -> org.jsoup.integration.servlets.EchoServlet-422c3c7a==org.jsoup.integration.servlets.EchoServlet@66e2fba5{jsp=null,order=-1,inst=true,async=true,src=EMBEDDED:null,STARTED}
[DEBUG] chain=null
[DEBUG] write(array HeapByteBuffer@29cd0171[p=0,l=235,c=512,r=235]={<<<<title>Webserver Environm...\n    <table border="0">>>>\nA suitab... of dat})
[DEBUG] write(array) s=OPEN,api=BLOCKING,sc=false,e=null aggregated !flush DirectByteBuffer@1667663f[p=0,l=235,c=32768,r=235]={<<<<title>Webserver Environm...\n    <table border="0">>>>nt of dat...\x00\x00\x00\x00\x00\x00\x00}
[DEBUG] write(array HeapByteBuffer@338ad3fd[p=0,l=36,c=512,r=36]={<<<<tr><th>Method</th><td>GET</td></tr>>>>es</title... of dat})
[DEBUG] write(array) s=OPEN,api=BLOCKING,sc=false,e=null aggregated !flush DirectByteBuffer@1667663f[p=0,l=271,c=32768,r=271]={<<<<title>Webserver Environm...d</th><td>GET</td></tr>>>>ta. \nA su...\x00\x00\x00\x00\x00\x00\x00}
[DEBUG] write(array HeapByteBuffer@fb743d2[p=0,l=1,c=512,r=1]={<<<\n>>>tr><th>Me... of dat})
[DEBUG] write(array) s=OPEN,api=BLOCKING,sc=false,e=null aggregated !flush DirectByteBuffer@1667663f[p=0,l=272,c=32768,r=272]={<<<<title>Webserver Environm...</th><td>GET</td></tr>\n>>>a. \nA sui...\x00\x00\x00\x00\x00\x00\x00}
[DEBUG] write(array HeapByteBuffer@10c812c8[p=0,l=50,c=512,r=50]={<<<<tr><th>Request URI</th><...>/EchoServlet</td></tr>>>> <style t... of dat})
[DEBUG] write(array) s=OPEN,api=BLOCKING,sc=false,e=null aggregated !flush DirectByteBuffer@1667663f[p=0,l=322,c=32768,r=322]={<<<<title>Webserver Environm...>/EchoServlet</td></tr>>>>of data. ...\x00\x00\x00\x00\x00\x00\x00}
[DEBUG] write(array HeapByteBuffer@514f5f29[p=0,l=1,c=512,r=1]={<<<\n>>>tr><th>Re... of dat})
[DEBUG] write(array) s=OPEN,api=BLOCKING,sc=false,e=null aggregated !flush DirectByteBuffer@1667663f[p=0,l=323,c=32768,r=323]={<<<<title>Webserver Environm.../EchoServlet</td></tr>\n>>>f data. \n...\x00\x00\x00\x00\x00\x00\x00}
[DEBUG] write(array HeapByteBuffer@34bf7bc6[p=0,l=39,c=512,r=39]={<<<<tr><th>Query String</th><td></td></tr>>>>t</td></t... of dat})
[DEBUG] write(array) s=OPEN,api=BLOCKING,sc=false,e=null aggregated !flush DirectByteBuffer@1667663f[p=0,l=362,c=32768,r=362]={<<<<title>Webserver Environm...ring</th><td></td></tr>>>>suitable ...\x00\x00\x00\x00\x00\x00\x00}
[DEBUG] write(array HeapByteBuffer@1a31750[p=0,l=1,c=512,r=1]={<<<\n>>>tr><th>Qu... of dat})
[DEBUG] write(array) s=OPEN,api=BLOCKING,sc=false,e=null aggregated !flush DirectByteBuffer@1667663f[p=0,l=363,c=32768,r=363]={<<<<title>Webserver Environm...ing</th><td></td></tr>\n>>>uitable a...\x00\x00\x00\x00\x00\x00\x00}
[DEBUG] write(array HeapByteBuffer@51ad1bfe[p=0,l=56,c=512,r=56]={<<<<tr><th>Cookie</th><td>to...g123; uid=jhy</td></tr>>>>e type="t... of dat})
[DEBUG] write(array) s=OPEN,api=BLOCKING,sc=false,e=null aggregated !flush DirectByteBuffer@1667663f[p=0,l=419,c=32768,r=419]={<<<<title>Webserver Environm...g123; uid=jhy</td></tr>>>>uitable a...\x00\x00\x00\x00\x00\x00\x00}
[DEBUG] write(array HeapByteBuffer@7a30b0f5[p=0,l=1,c=512,r=1]={<<<\n>>>tr><th>Co... of dat})
[DEBUG] write(array) s=OPEN,api=BLOCKING,sc=false,e=null aggregated !flush DirectByteBuffer@1667663f[p=0,l=420,c=32768,r=420]={<<<<title>Webserver Environm...123; uid=jhy</td></tr>\n>>>itable am...\x00\x00\x00\x00\x00\x00\x00}
[DEBUG] write(array HeapByteBuffer@351e953e[p=0,l=85,c=512,r=85]={<<<<tr><th>Accept</th><td>te....2, */*; q=.2</td></tr>>>>, td, th ... of dat})
[DEBUG] write(array) s=OPEN,api=BLOCKING,sc=false,e=null aggregated !flush DirectByteBuffer@1667663f[p=0,l=505,c=32768,r=505]={<<<<title>Webserver Environm....2, */*; q=.2</td></tr>>>>table amo...\x00\x00\x00\x00\x00\x00\x00}
[DEBUG] write(array HeapByteBuffer@2c1e1d5a[p=0,l=1,c=512,r=1]={<<<\n>>>tr><th>Ac... of dat})
[DEBUG] write(array) s=OPEN,api=BLOCKING,sc=false,e=null aggregated !flush DirectByteBuffer@1667663f[p=0,l=506,c=32768,r=506]={<<<<title>Webserver Environm...2, */*; q=.2</td></tr>\n>>>able amou...\x00\x00\x00\x00\x00\x00\x00}
[DEBUG] write(array HeapByteBuffer@155581cc[p=0,l=152,c=512,r=152]={<<<<tr><th>User-Agent</th><t...Safari/537.36</td></tr>>>>      th ... of dat})
[DEBUG] write(array) s=OPEN,api=BLOCKING,sc=false,e=null aggregated !flush DirectByteBuffer@1667663f[p=0,l=658,c=32768,r=658]={<<<<title>Webserver Environm...Safari/537.36</td></tr>>>>of data. ...\x00\x00\x00\x00\x00\x00\x00}
[DEBUG] write(array HeapByteBuffer@6a1d2c8b[p=0,l=1,c=512,r=1]={<<<\n>>>tr><th>Us... of dat})
[DEBUG] write(array) s=OPEN,api=BLOCKING,sc=false,e=null aggregated !flush DirectByteBuffer@1667663f[p=0,l=659,c=32768,r=659]={<<<<title>Webserver Environm...afari/537.36</td></tr>\n>>>f data. \n...\x00\x00\x00\x00\x00\x00\x00}
[DEBUG] write(array HeapByteBuffer@2b6be393[p=0,l=47,c=512,r=47]={<<<<tr><th>Connection</th><td>keep-alive</td></tr>>>> NT 10.0;... of dat})
[DEBUG] write(array) s=OPEN,api=BLOCKING,sc=false,e=null aggregated !flush DirectByteBuffer@1667663f[p=0,l=706,c=32768,r=706]={<<<<title>Webserver Environm...td>keep-alive</td></tr>>>> amount o...\x00\x00\x00\x00\x00\x00\x00}
[DEBUG] write(array HeapByteBuffer@7743df69[p=0,l=1,c=512,r=1]={<<<\n>>>tr><th>Co... of dat})
[DEBUG] write(array) s=OPEN,api=BLOCKING,sc=false,e=null aggregated !flush DirectByteBuffer@1667663f[p=0,l=707,c=32768,r=707]={<<<<title>Webserver Environm...d>keep-alive</td></tr>\n>>>amount of...\x00\x00\x00\x00\x00\x00\x00}
[DEBUG] write(array HeapByteBuffer@4ea17bac[p=0,l=46,c=512,r=46]={<<<<tr><th>Host</th><td>localhost:38858</td></tr>>>>> NT 10.0... of dat})
[DEBUG] write(array) s=OPEN,api=BLOCKING,sc=false,e=null aggregated !flush DirectByteBuffer@1667663f[p=0,l=753,c=32768,r=753]={<<<<title>Webserver Environm...calhost:38858</td></tr>>>> suitable...\x00\x00\x00\x00\x00\x00\x00}
[DEBUG] write(array HeapByteBuffer@4ddb7f87[p=0,l=1,c=512,r=1]={<<<\n>>>tr><th>Ho... of dat})
[DEBUG] write(array) s=OPEN,api=BLOCKING,sc=false,e=null aggregated !flush DirectByteBuffer@1667663f[p=0,l=754,c=32768,r=754]={<<<<title>Webserver Environm...alhost:38858</td></tr>\n>>>suitable ...\x00\x00\x00\x00\x00\x00\x00}
[DEBUG] write(array HeapByteBuffer@39d87ad4[p=0,l=46,c=512,r=46]={<<<<tr><th>Accept-Encoding</th><td>gzip</td></tr>>>>> NT 10.0... of dat})
[DEBUG] write(array) s=OPEN,api=BLOCKING,sc=false,e=null aggregated !flush DirectByteBuffer@1667663f[p=0,l=800,c=32768,r=800]={<<<<title>Webserver Environm...</th><td>gzip</td></tr>>>> data. \nA...\x00\x00\x00\x00\x00\x00\x00}
[DEBUG] write(array HeapByteBuffer@50895211[p=0,l=1,c=512,r=1]={<<<\n>>>tr><th>Ac... of dat})
[DEBUG] write(array) s=OPEN,api=BLOCKING,sc=false,e=null aggregated !flush DirectByteBuffer@1667663f[p=0,l=801,c=32768,r=801]={<<<<title>Webserver Environm.../th><td>gzip</td></tr>\n>>>data. \nA ...\x00\x00\x00\x00\x00\x00\x00}
[DEBUG] write(array HeapByteBuffer@15b02fb7[p=0,l=48,c=512,r=48]={<<<<tr><th>Cookie: token</th><td>asdfg123</td></tr>>>>NT 10.0; ... of dat})
[DEBUG] write(array) s=OPEN,api=BLOCKING,sc=false,e=null aggregated !flush DirectByteBuffer@1667663f[p=0,l=849,c=32768,r=849]={<<<<title>Webserver Environm...><td>asdfg123</td></tr>>>>ount of d...\x00\x00\x00\x00\x00\x00\x00}
[DEBUG] write(array HeapByteBuffer@3015dc1[p=0,l=1,c=512,r=1]={<<<\n>>>tr><th>Co... of dat})
[DEBUG] write(array) s=OPEN,api=BLOCKING,sc=false,e=null aggregated !flush DirectByteBuffer@1667663f[p=0,l=850,c=32768,r=850]={<<<<title>Webserver Environm...<td>asdfg123</td></tr>\n>>>unt of da...\x00\x00\x00\x00\x00\x00\x00}
[DEBUG] write(array HeapByteBuffer@79f589af[p=0,l=41,c=512,r=41]={<<<<tr><th>Cookie: uid</th><td>jhy</td></tr>>>>d></tr>NT... of dat})
[DEBUG] write(array) s=OPEN,api=BLOCKING,sc=false,e=null aggregated !flush DirectByteBuffer@1667663f[p=0,l=891,c=32768,r=891]={<<<<title>Webserver Environm...d</th><td>jhy</td></tr>>>>\nA suitab...\x00\x00\x00\x00\x00\x00\x00}
[DEBUG] write(array HeapByteBuffer@6376555a[p=0,l=1,c=512,r=1]={<<<\n>>>tr><th>Co... of dat})
[DEBUG] write(array) s=OPEN,api=BLOCKING,sc=false,e=null aggregated !flush DirectByteBuffer@1667663f[p=0,l=892,c=32768,r=892]={<<<<title>Webserver Environm...</th><td>jhy</td></tr>\n>>>A suitabl...\x00\x00\x00\x00\x00\x00\x00}
[DEBUG] filled 0 HeapByteBuffer@22b9b50d[p=0,l=0,c=8192,r=0]={<<<>>>GET /Echo...\x00\x00\x00\x00\x00\x00\x00}
[DEBUG] filled 0 HeapByteBuffer@22b9b50d[p=0,l=0,c=8192,r=0]={<<<>>>GET /Echo...\x00\x00\x00\x00\x00\x00\x00}
[DEBUG] HttpConnection@77276f3d::SocketChannelEndPoint@1bd6e8a{l=/127.0.0.1:38858,r=/127.0.0.1:42938,OPEN,fill=-,flush=-,to=23/30000}{io=0/0,kio=0,kro=1}->HttpConnection@77276f3d[p=HttpParser{s=CONTENT,0 of -1},g=HttpGenerator@1fdf9a47{s=START}]=>HttpChannelOverHttp@33736c40{s=HttpChannelState@4531524{s=HANDLING rs=BLOCKING os=OPEN is=IDLE awp=false se=false i=true al=0},r=7,c=false/false,a=HANDLING,uri=//localhost:38858/EchoServlet,age=23} filled 0 HeapByteBuffer@22b9b50d[p=0,l=0,c=8192,r=0]={<<<>>>GET /Echo...\x00\x00\x00\x00\x00\x00\x00}
[DEBUG] HttpConnection@77276f3d::SocketChannelEndPoint@1bd6e8a{l=/127.0.0.1:38858,r=/127.0.0.1:42938,OPEN,fill=-,flush=-,to=23/30000}{io=0/0,kio=0,kro=1}->HttpConnection@77276f3d[p=HttpParser{s=CONTENT,0 of -1},g=HttpGenerator@1fdf9a47{s=START}]=>HttpChannelOverHttp@33736c40{s=HttpChannelState@4531524{s=HANDLING rs=BLOCKING os=OPEN is=IDLE awp=false se=false i=true al=0},r=7,c=false/false,a=HANDLING,uri=//localhost:38858/EchoServlet,age=23} parse HeapByteBuffer@22b9b50d[p=0,l=0,c=8192,r=0]={<<<>>>GET /Echo...\x00\x00\x00\x00\x00\x00\x00} {}
[DEBUG] parseNext s=CONTENT HeapByteBuffer@22b9b50d[p=0,l=0,c=8192,r=0]={<<<>>>GET /Echo...\x00\x00\x00\x00\x00\x00\x00}
[DEBUG] CONTENT --> CONTENT_END
[DEBUG] onContentComplete HttpChannelOverHttp@33736c40{s=HttpChannelState@4531524{s=HANDLING rs=BLOCKING os=OPEN is=IDLE awp=false se=false i=true al=0},r=7,c=false/false,a=HANDLING,uri=//localhost:38858/EchoServlet,age=24}
[DEBUG] CONTENT_END --> END
[DEBUG] onRequestComplete HttpChannelOverHttp@33736c40{s=HttpChannelState@4531524{s=HANDLING rs=BLOCKING os=OPEN is=IDLE awp=false se=false i=true al=0},r=7,c=false/false,a=HANDLING,uri=//localhost:38858/EchoServlet,age=24}
[DEBUG] HttpInputOverHTTP@474ff53b[c=0,q=0,[0]=null,s=STREAM] addContent EOF
[DEBUG] HttpConnection@77276f3d::SocketChannelEndPoint@1bd6e8a{l=/127.0.0.1:38858,r=/127.0.0.1:42938,OPEN,fill=-,flush=-,to=23/30000}{io=0/0,kio=0,kro=1}->HttpConnection@77276f3d[p=HttpParser{s=END,0 of -1},g=HttpGenerator@1fdf9a47{s=START}]=>HttpChannelOverHttp@33736c40{s=HttpChannelState@4531524{s=HANDLING rs=BLOCKING os=OPEN is=IDLE awp=false se=false i=true al=0},r=7,c=false/false,a=HANDLING,uri=//localhost:38858/EchoServlet,age=24} parsed false HttpParser{s=END,0 of -1}
[DEBUG] releaseRequestBuffer HttpConnection@77276f3d::SocketChannelEndPoint@1bd6e8a{l=/127.0.0.1:38858,r=/127.0.0.1:42938,OPEN,fill=-,flush=-,to=24/30000}{io=0/0,kio=0,kro=1}->HttpConnection@77276f3d[p=HttpParser{s=END,0 of -1},g=HttpGenerator@1fdf9a47{s=START}]=>HttpChannelOverHttp@33736c40{s=HttpChannelState@4531524{s=HANDLING rs=BLOCKING os=OPEN is=IDLE awp=false se=false i=true al=0},r=7,c=false/false,a=HANDLING,uri=//localhost:38858/EchoServlet,age=24}
[DEBUG] onEof HttpChannelState@4531524{s=HANDLING rs=BLOCKING os=OPEN is=IDLE awp=false se=false i=true al=0}
[DEBUG] write(array HeapByteBuffer@77af0314[p=0,l=8,c=512,r=8]={<<<</table>>>>Cookie: u... of dat})
[DEBUG] write(array) s=OPEN,api=BLOCKING,sc=false,e=null aggregated !flush DirectByteBuffer@1667663f[p=0,l=900,c=32768,r=900]={<<<<title>Webserver Environm...>jhy</td></tr>\n</table>>>>le amount...\x00\x00\x00\x00\x00\x00\x00}
[DEBUG] write(array HeapByteBuffer@7e49b775[p=0,l=1,c=512,r=1]={<<<\n>>>/table>Co... of dat})
[DEBUG] write(array) s=OPEN,api=BLOCKING,sc=false,e=null aggregated !flush DirectByteBuffer@1667663f[p=0,l=901,c=32768,r=901]={<<<<title>Webserver Environm...jhy</td></tr>\n</table>\n>>>e amount ...\x00\x00\x00\x00\x00\x00\x00}
[DEBUG] handled=true async=false committed=false on HttpChannelOverHttp@33736c40{s=HttpChannelState@4531524{s=HANDLING rs=BLOCKING os=OPEN is=READY awp=false se=false i=true al=0},r=7,c=false/false,a=HANDLING,uri=//localhost:38858/EchoServlet,age=24}
[DEBUG] unhandle HttpChannelState@4531524{s=HANDLING rs=BLOCKING os=OPEN is=READY awp=false se=false i=true al=0}
[DEBUG] nextAction(false) COMPLETE HttpChannelState@4531524{s=HANDLING rs=COMPLETING os=OPEN is=READY awp=false se=false i=false al=0}
[DEBUG] action COMPLETE HttpChannelOverHttp@33736c40{s=HttpChannelState@4531524{s=HANDLING rs=COMPLETING os=OPEN is=READY awp=false se=false i=false al=0},r=7,c=false/false,a=HANDLING,uri=//localhost:38858/EchoServlet,age=24}
[DEBUG] complete(org.eclipse.jetty.util.Callback$3@2ba4f1e2) s=CLOSING,api=BLOCKED,sc=false,e=null s=false e=null, c=DirectByteBuffer@1667663f[p=0,l=901,c=32768,r=901]={<<<<title>Webserver Environm...jhy</td></tr>\n</table>\n>>>e amount ...\x00\x00\x00\x00\x00\x00\x00}
[DEBUG] sendResponse info=null content=DirectByteBuffer@1667663f[p=0,l=901,c=32768,r=901]={<<<<title>Webserver Environm...jhy</td></tr>\n</table>\n>>>e amount ...\x00\x00\x00\x00\x00\x00\x00} complete=true committing=true callback=org.eclipse.jetty.server.HttpOutput$WriteCompleteCB@7aa9ad49
[DEBUG] COMMIT for /EchoServlet on HttpChannelOverHttp@33736c40{s=HttpChannelState@4531524{s=HANDLING rs=COMPLETING os=COMMITTED is=READY awp=false se=false i=false al=0},r=7,c=false/false,a=HANDLING,uri=//localhost:38858/EchoServlet,age=24}
200 null HTTP/1.1
Date: Mon, 20 Sep 2021 19:30:10 GMT
Content-Type: text/html;charset=utf-8
Cache-Control: no-cache
Cache-Control: no-store


[DEBUG] generate: NEED_HEADER for SendCallback@260c015[PROCESSING][i=HTTP/1.1{s=200,h=4,cl=-1},cb=org.eclipse.jetty.server.HttpChannel$SendCallback@7511a6ab] (null,[p=0,l=901,c=32768,r=901],true)@START
[DEBUG] generateHeaders HTTP/1.1{s=200,h=4,cl=-1} last=true content=DirectByteBuffer@1667663f[p=0,l=901,c=32768,r=901]={<<<<title>Webserver Environm...jhy</td></tr>\n</table>\n>>>e amount ...\x00\x00\x00\x00\x00\x00\x00}
[DEBUG] Date: Mon, 20 Sep 2021 19:30:10 GMT
Content-Type: text/html;charset=utf-8
Cache-Control: no-cache
Cache-Control: no-store


[DEBUG] CONTENT_LENGTH
[DEBUG] generate: FLUSH for SendCallback@260c015[PROCESSING][i=HTTP/1.1{s=200,h=4,cl=-1},cb=org.eclipse.jetty.server.HttpChannel$SendCallback@7511a6ab] ([p=0,l=199,c=8192,r=199],[p=0,l=901,c=32768,r=901],true)@COMPLETING
[DEBUG] write: WriteFlusher@d5b1c05{IDLE}->null [HeapByteBuffer@22b9b50d[p=0,l=199,c=8192,r=199]={<<<HTTP/1.1 200 OK\r\nDate: Mo...y(9.4.43.v20210629)\r\n\r\n>>>fari/537....\x00\x00\x00\x00\x00\x00\x00},DirectByteBuffer@1667663f[p=0,l=901,c=32768,r=901]={<<<<title>Webserver Environm...jhy</td></tr>\n</table>\n>>>e amount ...\x00\x00\x00\x00\x00\x00\x00}]
[DEBUG] update WriteFlusher@d5b1c05{WRITING}->null:IDLE-->WRITING
[DEBUG] Queued change lazy=false Accept@6f99467b[java.nio.channels.SocketChannel[connected local=/127.0.0.1:38858 remote=/127.0.0.1:42940]] on ManagedSelector@129b4fe2{STARTED} id=0 keys=1 selected=0 updates=0
[DEBUG] Wakeup on submit ManagedSelector@129b4fe2{STARTED} id=0 keys=1 selected=0 updates=1
[DEBUG] Selector sun.nio.ch.EPollSelectorImpl@54609eb7 woken with none selected
[DEBUG] Selector sun.nio.ch.EPollSelectorImpl@54609eb7 woken up from select, 0/0/1 selected
[DEBUG] Selector sun.nio.ch.EPollSelectorImpl@54609eb7 processing 0 keys, 1 updates
[DEBUG] updateable 1
[DEBUG] update Accept@6f99467b[java.nio.channels.SocketChannel[connected local=/127.0.0.1:38858 remote=/127.0.0.1:42940]]
[DEBUG] queue Accept@6f99467b[java.nio.channels.SocketChannel[connected local=/127.0.0.1:38858 remote=/127.0.0.1:42940]] startThread=0
[DEBUG] updates 0
[DEBUG] Selector sun.nio.ch.EPollSelectorImpl@54609eb7 waiting with 2 keys
[DEBUG] run Accept@6f99467b[java.nio.channels.SocketChannel[connected local=/127.0.0.1:38858 remote=/127.0.0.1:42940]] in QueuedThreadPool[qtp487792155]@1d131e1b{STARTED,8<=8<=200,i=3,r=-1,q=0}[ReservedThreadExecutor@7ec3394b{s=1/1,p=0}]
[DEBUG] SocketChannelEndPoint@d47ed43{l=/127.0.0.1:38858,r=/127.0.0.1:42940,OPEN,fill=-,flush=-,to=0/30000}{io=0/0,kio=0,kro=0}-><null> idle timeout check, elapsed: 0 ms, remaining: 30000 ms
[DEBUG] new HttpChannelOverHttp@380129b{s=HttpChannelState@7bf8633{s=IDLE rs=BLOCKING os=OPEN is=IDLE awp=false se=false i=true al=0},r=0,c=false/false,a=IDLE,uri=null,age=0} -> SocketChannelEndPoint@d47ed43{l=/127.0.0.1:38858,r=/127.0.0.1:42940,OPEN,fill=-,flush=-,to=0/30000}{io=0/0,kio=0,kro=0}-><null>,null,HttpChannelState@7bf8633{s=IDLE rs=BLOCKING os=OPEN is=IDLE awp=false se=false i=true al=0}
[DEBUG] New HTTP Connection HttpConnection@42bd18a0::SocketChannelEndPoint@d47ed43{l=/127.0.0.1:38858,r=/127.0.0.1:42940,OPEN,fill=-,flush=-,to=0/30000}{io=0/0,kio=0,kro=0}-><null>
[DEBUG] Queued change lazy=true org.eclipse.jetty.io.ManagedSelector$$Lambda$478/1161168292@70a2d841 on ManagedSelector@129b4fe2{STARTED} id=0 keys=2 selected=0 updates=0
[DEBUG] onOpen SocketChannelEndPoint@d47ed43{l=/127.0.0.1:38858,r=/127.0.0.1:42940,OPEN,fill=-,flush=-,to=0/30000}{io=0/0,kio=0,kro=0}->HttpConnection@42bd18a0[p=HttpParser{s=START,0 of -1},g=HttpGenerator@73351804{s=START}]=>HttpChannelOverHttp@380129b{s=HttpChannelState@7bf8633{s=IDLE rs=BLOCKING os=OPEN is=IDLE awp=false se=false i=true al=0},r=0,c=false/false,a=IDLE,uri=null,age=0}
[DEBUG] onOpen HttpConnection@42bd18a0::SocketChannelEndPoint@d47ed43{l=/127.0.0.1:38858,r=/127.0.0.1:42940,OPEN,fill=-,flush=-,to=0/30000}{io=0/0,kio=0,kro=0}->HttpConnection@42bd18a0[p=HttpParser{s=START,0 of -1},g=HttpGenerator@73351804{s=START}]=>HttpChannelOverHttp@380129b{s=HttpChannelState@7bf8633{s=IDLE rs=BLOCKING os=OPEN is=IDLE awp=false se=false i=true al=0},r=0,c=false/false,a=IDLE,uri=null,age=0}
[DEBUG] fillInterested HttpConnection@42bd18a0::SocketChannelEndPoint@d47ed43{l=/127.0.0.1:38858,r=/127.0.0.1:42940,OPEN,fill=-,flush=-,to=0/30000}{io=0/0,kio=0,kro=0}->HttpConnection@42bd18a0[p=HttpParser{s=START,0 of -1},g=HttpGenerator@73351804{s=START}]=>HttpChannelOverHttp@380129b{s=HttpChannelState@7bf8633{s=IDLE rs=BLOCKING os=OPEN is=IDLE awp=false se=false i=true al=0},r=0,c=false/false,a=IDLE,uri=null,age=0}
[DEBUG] interested FillInterest@8c0864f{AC.ReadCB@42bd18a0{HttpConnection@42bd18a0::SocketChannelEndPoint@d47ed43{l=/127.0.0.1:38858,r=/127.0.0.1:42940,OPEN,fill=FI,flush=-,to=0/30000}{io=0/0,kio=0,kro=0}->HttpConnection@42bd18a0[p=HttpParser{s=START,0 of -1},g=HttpGenerator@73351804{s=START}]=>HttpChannelOverHttp@380129b{s=HttpChannelState@7bf8633{s=IDLE rs=BLOCKING os=OPEN is=IDLE awp=false se=false i=true al=0},r=0,c=false/false,a=IDLE,uri=null,age=0}}}
[DEBUG] changeInterests p=false 0->1 for SocketChannelEndPoint@d47ed43{l=/127.0.0.1:38858,r=/127.0.0.1:42940,OPEN,fill=FI,flush=-,to=0/30000}{io=0/1,kio=0,kro=0}->HttpConnection@42bd18a0[p=HttpParser{s=START,0 of -1},g=HttpGenerator@73351804{s=START}]=>HttpChannelOverHttp@380129b{s=HttpChannelState@7bf8633{s=IDLE rs=BLOCKING os=OPEN is=IDLE awp=false se=false i=true al=0},r=0,c=false/false,a=IDLE,uri=null,age=0}
[DEBUG] Queued change lazy=false org.eclipse.jetty.io.ChannelEndPoint$$Lambda$475/1524159954@2292e7ef on ManagedSelector@129b4fe2{STARTED} id=0 keys=2 selected=0 updates=1
[DEBUG] Wakeup on submit ManagedSelector@129b4fe2{STARTED} id=0 keys=2 selected=0 updates=2
[DEBUG] Selector sun.nio.ch.EPollSelectorImpl@54609eb7 woken with none selected
[DEBUG] Selector sun.nio.ch.EPollSelectorImpl@54609eb7 woken up from select, 0/0/2 selected
[DEBUG] Selector sun.nio.ch.EPollSelectorImpl@54609eb7 processing 0 keys, 2 updates
[DEBUG] updateable 2
[DEBUG] update org.eclipse.jetty.io.ManagedSelector$$Lambda$478/1161168292@70a2d841
[DEBUG] update org.eclipse.jetty.io.ChannelEndPoint$$Lambda$475/1524159954@2292e7ef
[DEBUG] Key interests updated 0 -> 1 on SocketChannelEndPoint@d47ed43{l=/127.0.0.1:38858,r=/127.0.0.1:42940,OPEN,fill=FI,flush=-,to=0/30000}{io=1/1,kio=1,kro=0}->HttpConnection@42bd18a0[p=HttpParser{s=START,0 of -1},g=HttpGenerator@73351804{s=START}]=>HttpChannelOverHttp@380129b{s=HttpChannelState@7bf8633{s=IDLE rs=BLOCKING os=OPEN is=IDLE awp=false se=false i=true al=0},r=0,c=false/false,a=IDLE,uri=null,age=0}
[DEBUG] updates 0
[DEBUG] Selector sun.nio.ch.EPollSelectorImpl@54609eb7 waiting with 2 keys
[DEBUG] Selector sun.nio.ch.EPollSelectorImpl@54609eb7 woken up from select, 1/1/2 selected
[DEBUG] Selector sun.nio.ch.EPollSelectorImpl@54609eb7 processing 1 keys, 0 updates
[DEBUG] selected 1 sun.nio.ch.SelectionKeyImpl@7c9c8813 SocketChannelEndPoint@d47ed43{l=/127.0.0.1:38858,r=/127.0.0.1:42940,OPEN,fill=FI,flush=-,to=0/30000}{io=1/1,kio=1,kro=1}->HttpConnection@42bd18a0[p=HttpParser{s=START,0 of -1},g=HttpGenerator@73351804{s=START}]=>HttpChannelOverHttp@380129b{s=HttpChannelState@7bf8633{s=IDLE rs=BLOCKING os=OPEN is=IDLE awp=false se=false i=true al=0},r=0,c=false/false,a=IDLE,uri=null,age=0} 
[DEBUG] onSelected 1->0 r=true w=false for SocketChannelEndPoint@d47ed43{l=/127.0.0.1:38858,r=/127.0.0.1:42940,OPEN,fill=FI,flush=-,to=0/30000}{io=1/0,kio=1,kro=1}->HttpConnection@42bd18a0[p=HttpParser{s=START,0 of -1},g=HttpGenerator@73351804{s=START}]=>HttpChannelOverHttp@380129b{s=HttpChannelState@7bf8633{s=IDLE rs=BLOCKING os=OPEN is=IDLE awp=false se=false i=true al=0},r=0,c=false/false,a=IDLE,uri=null,age=0}
[DEBUG] task CEP:SocketChannelEndPoint@d47ed43{l=/127.0.0.1:38858,r=/127.0.0.1:42940,OPEN,fill=FI,flush=-,to=0/30000}{io=1/0,kio=1,kro=1}->HttpConnection@42bd18a0[p=HttpParser{s=START,0 of -1},g=HttpGenerator@73351804{s=START}]=>HttpChannelOverHttp@380129b{s=HttpChannelState@7bf8633{s=IDLE rs=BLOCKING os=OPEN is=IDLE awp=false se=false i=true al=0},r=0,c=false/false,a=IDLE,uri=null,age=0}:runFillable:BLOCKING
[DEBUG] ReservedThreadExecutor@7ec3394b{s=1/1,p=0} tryExecute EatWhatYouKill@4febb875/SelectorProducer@cb191ca/PRODUCING/p=false/QueuedThreadPool[qtp487792155]@1d131e1b{STARTED,8<=8<=200,i=3,r=-1,q=0}[ReservedThreadExecutor@7ec3394b{s=1/1,p=0}][pc=0,pic=0,pec=1,epc=2]@2021-09-20T19:30:10.847Z
[DEBUG] ReservedThreadExecutor@7ec3394b{s=0/1,p=0}@2d148dcc offer EatWhatYouKill@4febb875/SelectorProducer@cb191ca/PRODUCING/p=false/QueuedThreadPool[qtp487792155]@1d131e1b{STARTED,8<=8<=200,i=3,r=-1,q=0}[ReservedThreadExecutor@7ec3394b{s=0/1,p=0}][pc=0,pic=0,pec=1,epc=2]@2021-09-20T19:30:10.847Z
[DEBUG] Created SocketChannelEndPoint@d47ed43{l=/127.0.0.1:38858,r=/127.0.0.1:42940,OPEN,fill=FI,flush=-,to=0/30000}{io=0/1,kio=0,kro=0}->HttpConnection@42bd18a0[p=HttpParser{s=START,0 of -1},g=HttpGenerator@73351804{s=START}]=>HttpChannelOverHttp@380129b{s=HttpChannelState@7bf8633{s=IDLE rs=BLOCKING os=OPEN is=IDLE awp=false se=false i=true al=0},r=0,c=false/false,a=IDLE,uri=null,age=0}
[DEBUG] ran Accept@6f99467b[java.nio.channels.SocketChannel[connected local=/127.0.0.1:38858 remote=/127.0.0.1:42940]] in QueuedThreadPool[qtp487792155]@1d131e1b{STARTED,8<=8<=200,i=3,r=-1,q=0}[ReservedThreadExecutor@7ec3394b{s=0/1,p=0}]
[DEBUG] ReservedThreadExecutor@7ec3394b{s=0/1,p=1} startReservedThread p=1
[DEBUG] run ReservedThreadExecutor@7ec3394b{s=0/1,p=1}@17305ccb in QueuedThreadPool[qtp487792155]@1d131e1b{STARTED,8<=8<=200,i=3,r=-1,q=0}[ReservedThreadExecutor@7ec3394b{s=0/1,p=1}]
[DEBUG] ReservedThreadExecutor@7ec3394b{s=1/1,p=1}@17305ccb started
[DEBUG] ReservedThreadExecutor@7ec3394b{s=1/1,p=0}@17305ccb waiting
[DEBUG] queue ReservedThreadExecutor@7ec3394b{s=1/1,p=0}@17305ccb startThread=0
[DEBUG] ReservedThreadExecutor@7ec3394b{s=0/1,p=0}@2d148dcc task=EatWhatYouKill@4febb875/SelectorProducer@cb191ca/IDLE/p=true/QueuedThreadPool[qtp487792155]@1d131e1b{STARTED,8<=8<=200,i=3,r=-1,q=0}[ReservedThreadExecutor@7ec3394b{s=1/1,p=0}][pc=0,pic=0,pec=1,epc=2]@2021-09-20T19:30:10.849Z
[DEBUG] EatWhatYouKill@4febb875/SelectorProducer@cb191ca/IDLE/p=true/QueuedThreadPool[qtp487792155]@1d131e1b{STARTED,8<=8<=200,i=3,r=-1,q=0}[ReservedThreadExecutor@7ec3394b{s=1/1,p=0}][pc=0,pic=0,pec=1,epc=2]@2021-09-20T19:30:10.849Z tryProduce true
[DEBUG] updateable 0
[DEBUG] updates 0
[DEBUG] Key interests updated 1 -> 0 on SocketChannelEndPoint@d47ed43{l=/127.0.0.1:38858,r=/127.0.0.1:42940,OPEN,fill=FI,flush=-,to=3/30000}{io=0/0,kio=0,kro=1}->HttpConnection@42bd18a0[p=HttpParser{s=START,0 of -1},g=HttpGenerator@73351804{s=START}]=>HttpChannelOverHttp@380129b{s=HttpChannelState@7bf8633{s=IDLE rs=BLOCKING os=OPEN is=IDLE awp=false se=false i=true al=0},r=0,c=false/false,a=IDLE,uri=null,age=0}
[DEBUG] Selector sun.nio.ch.EPollSelectorImpl@54609eb7 waiting with 2 keys
[DEBUG] EatWhatYouKill@4febb875/SelectorProducer@cb191ca/PRODUCING/p=false/QueuedThreadPool[qtp487792155]@1d131e1b{STARTED,8<=8<=200,i=3,r=-1,q=0}[ReservedThreadExecutor@7ec3394b{s=1/1,p=0}][pc=0,pic=0,pec=1,epc=2]@2021-09-20T19:30:10.85Z m=EXECUTE_PRODUCE_CONSUME t=CEP:SocketChannelEndPoint@d47ed43{l=/127.0.0.1:38858,r=/127.0.0.1:42940,OPEN,fill=FI,flush=-,to=3/30000}{io=0/0,kio=0,kro=1}->HttpConnection@42bd18a0[p=HttpParser{s=START,0 of -1},g=HttpGenerator@73351804{s=START}]=>HttpChannelOverHttp@380129b{s=HttpChannelState@7bf8633{s=IDLE rs=BLOCKING os=OPEN is=IDLE awp=false se=false i=true al=0},r=0,c=false/false,a=IDLE,uri=null,age=0}:runFillable:BLOCKING/BLOCKING
[DEBUG] fillable FillInterest@8c0864f{AC.ReadCB@42bd18a0{HttpConnection@42bd18a0::SocketChannelEndPoint@d47ed43{l=/127.0.0.1:38858,r=/127.0.0.1:42940,OPEN,fill=FI,flush=-,to=3/30000}{io=0/0,kio=0,kro=1}->HttpConnection@42bd18a0[p=HttpParser{s=START,0 of -1},g=HttpGenerator@73351804{s=START}]=>HttpChannelOverHttp@380129b{s=HttpChannelState@7bf8633{s=IDLE rs=BLOCKING os=OPEN is=IDLE awp=false se=false i=true al=0},r=0,c=false/false,a=IDLE,uri=null,age=0}}}
[DEBUG] HttpConnection@42bd18a0::SocketChannelEndPoint@d47ed43{l=/127.0.0.1:38858,r=/127.0.0.1:42940,OPEN,fill=-,flush=-,to=3/30000}{io=0/0,kio=0,kro=1}->HttpConnection@42bd18a0[p=HttpParser{s=START,0 of -1},g=HttpGenerator@73351804{s=START}]=>HttpChannelOverHttp@380129b{s=HttpChannelState@7bf8633{s=IDLE rs=BLOCKING os=OPEN is=IDLE awp=false se=false i=true al=0},r=0,c=false/false,a=IDLE,uri=null,age=0} onFillable enter HttpChannelState@7bf8633{s=IDLE rs=BLOCKING os=OPEN is=IDLE awp=false se=false i=true al=0} null
[DEBUG] filled 323 HeapByteBuffer@78a30358[p=0,l=323,c=8192,r=323]={<<<GET /EchoServlet HTTP/1.1...nection: keep-alive\r\n\r\n>>>\x00\x00\x00\x00\x00\x00\x00\x00\x00...\x00\x00\x00\x00\x00\x00\x00}
[DEBUG] HttpConnection@42bd18a0::SocketChannelEndPoint@d47ed43{l=/127.0.0.1:38858,r=/127.0.0.1:42940,OPEN,fill=-,flush=-,to=0/30000}{io=0/0,kio=0,kro=1}->HttpConnection@42bd18a0[p=HttpParser{s=START,0 of -1},g=HttpGenerator@73351804{s=START}]=>HttpChannelOverHttp@380129b{s=HttpChannelState@7bf8633{s=IDLE rs=BLOCKING os=OPEN is=IDLE awp=false se=false i=true al=0},r=0,c=false/false,a=IDLE,uri=null,age=0} filled 323 HeapByteBuffer@78a30358[p=0,l=323,c=8192,r=323]={<<<GET /EchoServlet HTTP/1.1...nection: keep-alive\r\n\r\n>>>\x00\x00\x00\x00\x00\x00\x00\x00\x00...\x00\x00\x00\x00\x00\x00\x00}
[DEBUG] HttpConnection@42bd18a0::SocketChannelEndPoint@d47ed43{l=/127.0.0.1:38858,r=/127.0.0.1:42940,OPEN,fill=-,flush=-,to=0/30000}{io=0/0,kio=0,kro=1}->HttpConnection@42bd18a0[p=HttpParser{s=START,0 of -1},g=HttpGenerator@73351804{s=START}]=>HttpChannelOverHttp@380129b{s=HttpChannelState@7bf8633{s=IDLE rs=BLOCKING os=OPEN is=IDLE awp=false se=false i=true al=0},r=0,c=false/false,a=IDLE,uri=null,age=0} parse HeapByteBuffer@78a30358[p=0,l=323,c=8192,r=323]={<<<GET /EchoServlet HTTP/1.1...nection: keep-alive\r\n\r\n>>>\x00\x00\x00\x00\x00\x00\x00\x00\x00...\x00\x00\x00\x00\x00\x00\x00} {}
[DEBUG] parseNext s=START HeapByteBuffer@78a30358[p=0,l=323,c=8192,r=323]={<<<GET /EchoServlet HTTP/1.1...nection: keep-alive\r\n\r\n>>>\x00\x00\x00\x00\x00\x00\x00\x00\x00...\x00\x00\x00\x00\x00\x00\x00}
[DEBUG] START --> SPACE1
[DEBUG] SPACE1 --> URI
[DEBUG] URI --> SPACE2
[DEBUG] SPACE2 --> REQUEST_VERSION
[DEBUG] REQUEST_VERSION --> HEADER
[DEBUG] HEADER:Cookie --> VALUE
[DEBUG] HEADER:Cookie --> IN_VALUE
[DEBUG] HEADER:Cookie --> FIELD
[DEBUG] HEADER:Accept-Encoding: gzip --> IN_VALUE
[DEBUG] HEADER:Accept-Encoding: gzip --> FIELD
[DEBUG] HEADER:User-Agent --> VALUE
[DEBUG] HEADER:User-Agent --> IN_VALUE
[DEBUG] HEADER:User-Agent --> FIELD
[DEBUG] HEADER:Host --> VALUE
[DEBUG] HEADER:Host --> IN_VALUE
[DEBUG] HEADER:Host --> FIELD
[DEBUG] HEADER:Accept --> VALUE
[DEBUG] HEADER:Accept --> IN_VALUE
[DEBUG] HEADER:Accept --> FIELD
[DEBUG] HEADER:Connection: keep-alive --> IN_VALUE
[DEBUG] HEADER:Connection: keep-alive --> FIELD
[DEBUG] HEADER --> CONTENT
[DEBUG] REQUEST for //localhost:38858/EchoServlet on HttpChannelOverHttp@380129b{s=HttpChannelState@7bf8633{s=IDLE rs=BLOCKING os=OPEN is=IDLE awp=false se=false i=true al=0},r=1,c=false/false,a=IDLE,uri=//localhost:38858/EchoServlet,age=0}
GET //localhost:38858/EchoServlet HTTP/1.1
Cookie: token=asdfg123; uid=jhy
Accept-Encoding: gzip
User-Agent: Mozilla/5.0 (Windows NT 10.0; Win64; x64) AppleWebKit/537.36 (KHTML, like Gecko) Chrome/79.0.3945.130 Safari/537.36
Host: localhost:38858
Accept: text/html, image/gif, image/jpeg, *; q=.2, */*; q=.2
Connection: keep-alive


[DEBUG] HttpConnection@42bd18a0::SocketChannelEndPoint@d47ed43{l=/127.0.0.1:38858,r=/127.0.0.1:42940,OPEN,fill=-,flush=-,to=0/30000}{io=0/0,kio=0,kro=1}->HttpConnection@42bd18a0[p=HttpParser{s=CONTENT,0 of -1},g=HttpGenerator@73351804{s=START}]=>HttpChannelOverHttp@380129b{s=HttpChannelState@7bf8633{s=IDLE rs=BLOCKING os=OPEN is=IDLE awp=false se=false i=true al=0},r=1,c=false/false,a=IDLE,uri=//localhost:38858/EchoServlet,age=0} parsed true HttpParser{s=CONTENT,0 of -1}
[DEBUG] releaseRequestBuffer HttpConnection@42bd18a0::SocketChannelEndPoint@d47ed43{l=/127.0.0.1:38858,r=/127.0.0.1:42940,OPEN,fill=-,flush=-,to=1/30000}{io=0/0,kio=0,kro=1}->HttpConnection@42bd18a0[p=HttpParser{s=CONTENT,0 of -1},g=HttpGenerator@73351804{s=START}]=>HttpChannelOverHttp@380129b{s=HttpChannelState@7bf8633{s=IDLE rs=BLOCKING os=OPEN is=IDLE awp=false se=false i=true al=0},r=1,c=false/false,a=IDLE,uri=//localhost:38858/EchoServlet,age=0}
[DEBUG] handle //localhost:38858/EchoServlet HttpChannelOverHttp@380129b{s=HttpChannelState@7bf8633{s=IDLE rs=BLOCKING os=OPEN is=IDLE awp=false se=false i=true al=0},r=1,c=false/false,a=IDLE,uri=//localhost:38858/EchoServlet,age=0} 
[DEBUG] handling HttpChannelState@7bf8633{s=IDLE rs=BLOCKING os=OPEN is=IDLE awp=false se=false i=true al=0}
[DEBUG] action DISPATCH HttpChannelOverHttp@380129b{s=HttpChannelState@7bf8633{s=HANDLING rs=BLOCKING os=OPEN is=IDLE awp=false se=false i=true al=0},r=1,c=false/false,a=HANDLING,uri=//localhost:38858/EchoServlet,age=0}
[DEBUG] REQUEST GET /EchoServlet on HttpChannelOverHttp@380129b{s=HttpChannelState@7bf8633{s=HANDLING rs=BLOCKING os=OPEN is=IDLE awp=false se=false i=true al=0},r=1,c=false/false,a=HANDLING,uri=//localhost:38858/EchoServlet,age=0}
[DEBUG] servlet null|/EchoServlet|null -> org.jsoup.integration.servlets.EchoServlet-422c3c7a==org.jsoup.integration.servlets.EchoServlet@66e2fba5{jsp=null,order=-1,inst=true,async=true,src=EMBEDDED:null,STARTED}
[DEBUG] chain=null
[DEBUG] write(array HeapByteBuffer@3da18228[p=0,l=235,c=512,r=235]={<<<<title>Webserver Environm...\n    <table border="0">>>>\x00\x00\x00\x00\x00\x00\x00\x00\x00...\x00\x00\x00\x00\x00\x00\x00})
[DEBUG] write(array) s=OPEN,api=BLOCKING,sc=false,e=null aggregated !flush DirectByteBuffer@1492b79c[p=0,l=235,c=32768,r=235]={<<<<title>Webserver Environm...\n    <table border="0">>>>\x00\x00\x00\x00\x00\x00\x00\x00\x00...\x00\x00\x00\x00\x00\x00\x00}
[DEBUG] write(array HeapByteBuffer@cd6790d[p=0,l=36,c=512,r=36]={<<<<tr><th>Method</th><td>GET</td></tr>>>>es</title...\x00\x00\x00\x00\x00\x00\x00})
[DEBUG] write(array) s=OPEN,api=BLOCKING,sc=false,e=null aggregated !flush DirectByteBuffer@1492b79c[p=0,l=271,c=32768,r=271]={<<<<title>Webserver Environm...d</th><td>GET</td></tr>>>>\x00\x00\x00\x00\x00\x00\x00\x00\x00...\x00\x00\x00\x00\x00\x00\x00}
[DEBUG] write(array HeapByteBuffer@6c0f120c[p=0,l=1,c=512,r=1]={<<<\n>>>tr><th>Me...\x00\x00\x00\x00\x00\x00\x00})
[DEBUG] write(array) s=OPEN,api=BLOCKING,sc=false,e=null aggregated !flush DirectByteBuffer@1492b79c[p=0,l=272,c=32768,r=272]={<<<<title>Webserver Environm...</th><td>GET</td></tr>\n>>>\x00\x00\x00\x00\x00\x00\x00\x00\x00...\x00\x00\x00\x00\x00\x00\x00}
[DEBUG] write(array HeapByteBuffer@5d8e7d67[p=0,l=50,c=512,r=50]={<<<<tr><th>Request URI</th><...>/EchoServlet</td></tr>>>> <style t...\x00\x00\x00\x00\x00\x00\x00})
[DEBUG] write(array) s=OPEN,api=BLOCKING,sc=false,e=null aggregated !flush DirectByteBuffer@1492b79c[p=0,l=322,c=32768,r=322]={<<<<title>Webserver Environm...>/EchoServlet</td></tr>>>>\x00\x00\x00\x00\x00\x00\x00\x00\x00...\x00\x00\x00\x00\x00\x00\x00}
[DEBUG] write(array HeapByteBuffer@5c211f1d[p=0,l=1,c=512,r=1]={<<<\n>>>tr><th>Re...\x00\x00\x00\x00\x00\x00\x00})
[DEBUG] write(array) s=OPEN,api=BLOCKING,sc=false,e=null aggregated !flush DirectByteBuffer@1492b79c[p=0,l=323,c=32768,r=323]={<<<<title>Webserver Environm.../EchoServlet</td></tr>\n>>>\x00\x00\x00\x00\x00\x00\x00\x00\x00...\x00\x00\x00\x00\x00\x00\x00}
[DEBUG] write(array HeapByteBuffer@63001b85[p=0,l=39,c=512,r=39]={<<<<tr><th>Query String</th><td></td></tr>>>>t</td></t...\x00\x00\x00\x00\x00\x00\x00})
[DEBUG] write(array) s=OPEN,api=BLOCKING,sc=false,e=null aggregated !flush DirectByteBuffer@1492b79c[p=0,l=362,c=32768,r=362]={<<<<title>Webserver Environm...ring</th><td></td></tr>>>>\x00\x00\x00\x00\x00\x00\x00\x00\x00...\x00\x00\x00\x00\x00\x00\x00}
[DEBUG] write(array HeapByteBuffer@770bfa9b[p=0,l=1,c=512,r=1]={<<<\n>>>tr><th>Qu...\x00\x00\x00\x00\x00\x00\x00})
[DEBUG] write(array) s=OPEN,api=BLOCKING,sc=false,e=null aggregated !flush DirectByteBuffer@1492b79c[p=0,l=363,c=32768,r=363]={<<<<title>Webserver Environm...ing</th><td></td></tr>\n>>>\x00\x00\x00\x00\x00\x00\x00\x00\x00...\x00\x00\x00\x00\x00\x00\x00}
[DEBUG] write(array HeapByteBuffer@59c0c458[p=0,l=56,c=512,r=56]={<<<<tr><th>Cookie</th><td>to...g123; uid=jhy</td></tr>>>>e type="t...\x00\x00\x00\x00\x00\x00\x00})
[DEBUG] write(array) s=OPEN,api=BLOCKING,sc=false,e=null aggregated !flush DirectByteBuffer@1492b79c[p=0,l=419,c=32768,r=419]={<<<<title>Webserver Environm...g123; uid=jhy</td></tr>>>>\x00\x00\x00\x00\x00\x00\x00\x00\x00...\x00\x00\x00\x00\x00\x00\x00}
[DEBUG] write(array HeapByteBuffer@d4de18a[p=0,l=1,c=512,r=1]={<<<\n>>>tr><th>Co...\x00\x00\x00\x00\x00\x00\x00})
[DEBUG] write(array) s=OPEN,api=BLOCKING,sc=false,e=null aggregated !flush DirectByteBuffer@1492b79c[p=0,l=420,c=32768,r=420]={<<<<title>Webserver Environm...123; uid=jhy</td></tr>\n>>>\x00\x00\x00\x00\x00\x00\x00\x00\x00...\x00\x00\x00\x00\x00\x00\x00}
[DEBUG] write(array HeapByteBuffer@6ef20f95[p=0,l=85,c=512,r=85]={<<<<tr><th>Accept</th><td>te....2, */*; q=.2</td></tr>>>>, td, th ...\x00\x00\x00\x00\x00\x00\x00})
[DEBUG] write(array) s=OPEN,api=BLOCKING,sc=false,e=null aggregated !flush DirectByteBuffer@1492b79c[p=0,l=505,c=32768,r=505]={<<<<title>Webserver Environm....2, */*; q=.2</td></tr>>>>\x00\x00\x00\x00\x00\x00\x00\x00\x00...\x00\x00\x00\x00\x00\x00\x00}
[DEBUG] write(array HeapByteBuffer@4685fff2[p=0,l=1,c=512,r=1]={<<<\n>>>tr><th>Ac...\x00\x00\x00\x00\x00\x00\x00})
[DEBUG] write(array) s=OPEN,api=BLOCKING,sc=false,e=null aggregated !flush DirectByteBuffer@1492b79c[p=0,l=506,c=32768,r=506]={<<<<title>Webserver Environm...2, */*; q=.2</td></tr>\n>>>\x00\x00\x00\x00\x00\x00\x00\x00\x00...\x00\x00\x00\x00\x00\x00\x00}
[DEBUG] write(array HeapByteBuffer@1938017e[p=0,l=152,c=512,r=152]={<<<<tr><th>User-Agent</th><t...Safari/537.36</td></tr>>>>      th ...\x00\x00\x00\x00\x00\x00\x00})
[DEBUG] write(array) s=OPEN,api=BLOCKING,sc=false,e=null aggregated !flush DirectByteBuffer@1492b79c[p=0,l=658,c=32768,r=658]={<<<<title>Webserver Environm...Safari/537.36</td></tr>>>>\x00\x00\x00\x00\x00\x00\x00\x00\x00...\x00\x00\x00\x00\x00\x00\x00}
[DEBUG] write(array HeapByteBuffer@7b1be262[p=0,l=1,c=512,r=1]={<<<\n>>>tr><th>Us...\x00\x00\x00\x00\x00\x00\x00})
[DEBUG] write(array) s=OPEN,api=BLOCKING,sc=false,e=null aggregated !flush DirectByteBuffer@1492b79c[p=0,l=659,c=32768,r=659]={<<<<title>Webserver Environm...afari/537.36</td></tr>\n>>>\x00\x00\x00\x00\x00\x00\x00\x00\x00...\x00\x00\x00\x00\x00\x00\x00}
[DEBUG] write(array HeapByteBuffer@56bd433[p=0,l=47,c=512,r=47]={<<<<tr><th>Connection</th><td>keep-alive</td></tr>>>> NT 10.0;...\x00\x00\x00\x00\x00\x00\x00})
[DEBUG] write(array) s=OPEN,api=BLOCKING,sc=false,e=null aggregated !flush DirectByteBuffer@1492b79c[p=0,l=706,c=32768,r=706]={<<<<title>Webserver Environm...td>keep-alive</td></tr>>>>\x00\x00\x00\x00\x00\x00\x00\x00\x00...\x00\x00\x00\x00\x00\x00\x00}
[DEBUG] write(array HeapByteBuffer@6cf8c103[p=0,l=1,c=512,r=1]={<<<\n>>>tr><th>Co...\x00\x00\x00\x00\x00\x00\x00})
[DEBUG] write(array) s=OPEN,api=BLOCKING,sc=false,e=null aggregated !flush DirectByteBuffer@1492b79c[p=0,l=707,c=32768,r=707]={<<<<title>Webserver Environm...d>keep-alive</td></tr>\n>>>\x00\x00\x00\x00\x00\x00\x00\x00\x00...\x00\x00\x00\x00\x00\x00\x00}
[DEBUG] write(array HeapByteBuffer@35921e13[p=0,l=46,c=512,r=46]={<<<<tr><th>Host</th><td>localhost:38858</td></tr>>>>> NT 10.0...\x00\x00\x00\x00\x00\x00\x00})
[DEBUG] write(array) s=OPEN,api=BLOCKING,sc=false,e=null aggregated !flush DirectByteBuffer@1492b79c[p=0,l=753,c=32768,r=753]={<<<<title>Webserver Environm...calhost:38858</td></tr>>>>\x00\x00\x00\x00\x00\x00\x00\x00\x00...\x00\x00\x00\x00\x00\x00\x00}
[DEBUG] write(array HeapByteBuffer@11bef231[p=0,l=1,c=512,r=1]={<<<\n>>>tr><th>Ho...\x00\x00\x00\x00\x00\x00\x00})
[DEBUG] write(array) s=OPEN,api=BLOCKING,sc=false,e=null aggregated !flush DirectByteBuffer@1492b79c[p=0,l=754,c=32768,r=754]={<<<<title>Webserver Environm...alhost:38858</td></tr>\n>>>\x00\x00\x00\x00\x00\x00\x00\x00\x00...\x00\x00\x00\x00\x00\x00\x00}
[DEBUG] write(array HeapByteBuffer@4a2f6679[p=0,l=46,c=512,r=46]={<<<<tr><th>Accept-Encoding</th><td>gzip</td></tr>>>>> NT 10.0...\x00\x00\x00\x00\x00\x00\x00})
[DEBUG] write(array) s=OPEN,api=BLOCKING,sc=false,e=null aggregated !flush DirectByteBuffer@1492b79c[p=0,l=800,c=32768,r=800]={<<<<title>Webserver Environm...</th><td>gzip</td></tr>>>>\x00\x00\x00\x00\x00\x00\x00\x00\x00...\x00\x00\x00\x00\x00\x00\x00}
[DEBUG] write(array HeapByteBuffer@60f556e6[p=0,l=1,c=512,r=1]={<<<\n>>>tr><th>Ac...\x00\x00\x00\x00\x00\x00\x00})
[DEBUG] write(array) s=OPEN,api=BLOCKING,sc=false,e=null aggregated !flush DirectByteBuffer@1492b79c[p=0,l=801,c=32768,r=801]={<<<<title>Webserver Environm.../th><td>gzip</td></tr>\n>>>\x00\x00\x00\x00\x00\x00\x00\x00\x00...\x00\x00\x00\x00\x00\x00\x00}
[DEBUG] write(array HeapByteBuffer@45b2ae6d[p=0,l=48,c=512,r=48]={<<<<tr><th>Cookie: token</th><td>asdfg123</td></tr>>>>NT 10.0; ...\x00\x00\x00\x00\x00\x00\x00})
[DEBUG] write(array) s=OPEN,api=BLOCKING,sc=false,e=null aggregated !flush DirectByteBuffer@1492b79c[p=0,l=849,c=32768,r=849]={<<<<title>Webserver Environm...><td>asdfg123</td></tr>>>>\x00\x00\x00\x00\x00\x00\x00\x00\x00...\x00\x00\x00\x00\x00\x00\x00}
[DEBUG] write(array HeapByteBuffer@23fbe390[p=0,l=1,c=512,r=1]={<<<\n>>>tr><th>Co...\x00\x00\x00\x00\x00\x00\x00})
[DEBUG] write(array) s=OPEN,api=BLOCKING,sc=false,e=null aggregated !flush DirectByteBuffer@1492b79c[p=0,l=850,c=32768,r=850]={<<<<title>Webserver Environm...<td>asdfg123</td></tr>\n>>>\x00\x00\x00\x00\x00\x00\x00\x00\x00...\x00\x00\x00\x00\x00\x00\x00}
[DEBUG] write(array HeapByteBuffer@12564538[p=0,l=41,c=512,r=41]={<<<<tr><th>Cookie: uid</th><td>jhy</td></tr>>>>d></tr>NT...\x00\x00\x00\x00\x00\x00\x00})
[DEBUG] write(array) s=OPEN,api=BLOCKING,sc=false,e=null aggregated !flush DirectByteBuffer@1492b79c[p=0,l=891,c=32768,r=891]={<<<<title>Webserver Environm...d</th><td>jhy</td></tr>>>>\x00\x00\x00\x00\x00\x00\x00\x00\x00...\x00\x00\x00\x00\x00\x00\x00}
[DEBUG] write(array HeapByteBuffer@585e63f2[p=0,l=1,c=512,r=1]={<<<\n>>>tr><th>Co...\x00\x00\x00\x00\x00\x00\x00})
[DEBUG] write(array) s=OPEN,api=BLOCKING,sc=false,e=null aggregated !flush DirectByteBuffer@1492b79c[p=0,l=892,c=32768,r=892]={<<<<title>Webserver Environm...</th><td>jhy</td></tr>\n>>>\x00\x00\x00\x00\x00\x00\x00\x00\x00...\x00\x00\x00\x00\x00\x00\x00}
[DEBUG] filled 0 HeapByteBuffer@78a30358[p=0,l=0,c=8192,r=0]={<<<>>>GET /Echo...\x00\x00\x00\x00\x00\x00\x00}
[DEBUG] filled 0 HeapByteBuffer@78a30358[p=0,l=0,c=8192,r=0]={<<<>>>GET /Echo...\x00\x00\x00\x00\x00\x00\x00}
[DEBUG] HttpConnection@42bd18a0::SocketChannelEndPoint@d47ed43{l=/127.0.0.1:38858,r=/127.0.0.1:42940,OPEN,fill=-,flush=-,to=7/30000}{io=0/0,kio=0,kro=1}->HttpConnection@42bd18a0[p=HttpParser{s=CONTENT,0 of -1},g=HttpGenerator@73351804{s=START}]=>HttpChannelOverHttp@380129b{s=HttpChannelState@7bf8633{s=HANDLING rs=BLOCKING os=OPEN is=IDLE awp=false se=false i=true al=0},r=1,c=false/false,a=HANDLING,uri=//localhost:38858/EchoServlet,age=7} filled 0 HeapByteBuffer@78a30358[p=0,l=0,c=8192,r=0]={<<<>>>GET /Echo...\x00\x00\x00\x00\x00\x00\x00}
[DEBUG] HttpConnection@42bd18a0::SocketChannelEndPoint@d47ed43{l=/127.0.0.1:38858,r=/127.0.0.1:42940,OPEN,fill=-,flush=-,to=7/30000}{io=0/0,kio=0,kro=1}->HttpConnection@42bd18a0[p=HttpParser{s=CONTENT,0 of -1},g=HttpGenerator@73351804{s=START}]=>HttpChannelOverHttp@380129b{s=HttpChannelState@7bf8633{s=HANDLING rs=BLOCKING os=OPEN is=IDLE awp=false se=false i=true al=0},r=1,c=false/false,a=HANDLING,uri=//localhost:38858/EchoServlet,age=7} parse HeapByteBuffer@78a30358[p=0,l=0,c=8192,r=0]={<<<>>>GET /Echo...\x00\x00\x00\x00\x00\x00\x00} {}
[DEBUG] parseNext s=CONTENT HeapByteBuffer@78a30358[p=0,l=0,c=8192,r=0]={<<<>>>GET /Echo...\x00\x00\x00\x00\x00\x00\x00}
[DEBUG] CONTENT --> CONTENT_END
[DEBUG] onContentComplete HttpChannelOverHttp@380129b{s=HttpChannelState@7bf8633{s=HANDLING rs=BLOCKING os=OPEN is=IDLE awp=false se=false i=true al=0},r=1,c=false/false,a=HANDLING,uri=//localhost:38858/EchoServlet,age=7}
[DEBUG] CONTENT_END --> END
[DEBUG] onRequestComplete HttpChannelOverHttp@380129b{s=HttpChannelState@7bf8633{s=HANDLING rs=BLOCKING os=OPEN is=IDLE awp=false se=false i=true al=0},r=1,c=false/false,a=HANDLING,uri=//localhost:38858/EchoServlet,age=7}
[DEBUG] HttpInputOverHTTP@8cf6f52[c=0,q=0,[0]=null,s=STREAM] addContent EOF
[DEBUG] flushed 1100 SocketChannelEndPoint@1bd6e8a{l=/127.0.0.1:38858,r=/127.0.0.1:42938,OPEN,fill=-,flush=W,to=42/30000}{io=0/0,kio=0,kro=1}->HttpConnection@77276f3d[p=HttpParser{s=END,0 of -1},g=HttpGenerator@1fdf9a47{s=COMPLETING}]=>HttpChannelOverHttp@33736c40{s=HttpChannelState@4531524{s=HANDLING rs=COMPLETING os=COMMITTED is=READY awp=false se=false i=false al=0},r=7,c=false/false,a=HANDLING,uri=//localhost:38858/EchoServlet,age=42}
[DEBUG] Flushed=true written=1100 remaining=0 WriteFlusher@d5b1c05{WRITING}->null
[DEBUG] update WriteFlusher@d5b1c05{IDLE}->null:WRITING-->IDLE
[DEBUG] generate: DONE for SendCallback@260c015[PROCESSING][i=HTTP/1.1{s=200,h=4,cl=-1},cb=org.eclipse.jetty.server.HttpChannel$SendCallback@7511a6ab] ([p=199,l=199,c=8192,r=0],[p=901,l=901,c=32768,r=0],true)@END
[DEBUG] onWriteComplete(true,null) s=CLOSING,api=BLOCKED,sc=false,e=null->s=CLOSED,api=BLOCKING,sc=false,e=null c=null cb=org.eclipse.jetty.util.Callback$3@2ba4f1e2 w=false
[DEBUG] completed HttpChannelState@4531524{s=HANDLING rs=COMPLETING os=COMPLETED is=READY awp=false se=false i=false al=0}
[DEBUG] unhandle HttpChannelState@4531524{s=HANDLING rs=COMPLETED os=COMPLETED is=READY awp=false se=false i=false al=0}
[DEBUG] nextAction(false) TERMINATED HttpChannelState@4531524{s=IDLE rs=COMPLETED os=COMPLETED is=READY awp=false se=false i=false al=0}
[DEBUG] action TERMINATED HttpChannelOverHttp@33736c40{s=HttpChannelState@4531524{s=IDLE rs=COMPLETED os=COMPLETED is=READY awp=false se=false i=false al=0},r=7,c=true/true,a=IDLE,uri=//localhost:38858/EchoServlet,age=42}
[DEBUG] onCompleted for /EchoServlet written=901
[DEBUG] recycle HttpChannelState@4531524{s=IDLE rs=COMPLETED os=COMPLETED is=READY awp=false se=false i=false al=0}
[DEBUG] reset HttpParser{s=END,0 of -1}
[DEBUG] END --> START
[DEBUG] !handle TERMINATED HttpChannelOverHttp@33736c40{s=HttpChannelState@4531524{s=IDLE rs=BLOCKING os=OPEN is=IDLE awp=false se=false i=true al=0},r=7,c=false/false,a=IDLE,uri=null,age=0}
[DEBUG] filled 0 HeapByteBuffer@22b9b50d[p=0,l=0,c=8192,r=0]={<<<>>>HTTP/1.1 ...\x00\x00\x00\x00\x00\x00\x00}
[DEBUG] filled 0 HeapByteBuffer@22b9b50d[p=0,l=0,c=8192,r=0]={<<<>>>HTTP/1.1 ...\x00\x00\x00\x00\x00\x00\x00}
[DEBUG] HttpConnection@77276f3d::SocketChannelEndPoint@1bd6e8a{l=/127.0.0.1:38858,r=/127.0.0.1:42938,OPEN,fill=-,flush=-,to=0/30000}{io=0/0,kio=0,kro=1}->HttpConnection@77276f3d[p=HttpParser{s=START,0 of -1},g=HttpGenerator@1fdf9a47{s=START}]=>HttpChannelOverHttp@33736c40{s=HttpChannelState@4531524{s=IDLE rs=BLOCKING os=OPEN is=IDLE awp=false se=false i=true al=0},r=7,c=false/false,a=IDLE,uri=null,age=0} filled 0 HeapByteBuffer@22b9b50d[p=0,l=0,c=8192,r=0]={<<<>>>HTTP/1.1 ...\x00\x00\x00\x00\x00\x00\x00}
[DEBUG] HttpConnection@77276f3d::SocketChannelEndPoint@1bd6e8a{l=/127.0.0.1:38858,r=/127.0.0.1:42938,OPEN,fill=-,flush=-,to=0/30000}{io=0/0,kio=0,kro=1}->HttpConnection@77276f3d[p=HttpParser{s=START,0 of -1},g=HttpGenerator@1fdf9a47{s=START}]=>HttpChannelOverHttp@33736c40{s=HttpChannelState@4531524{s=IDLE rs=BLOCKING os=OPEN is=IDLE awp=false se=false i=true al=0},r=7,c=false/false,a=IDLE,uri=null,age=0} parse HeapByteBuffer@22b9b50d[p=0,l=0,c=8192,r=0]={<<<>>>HTTP/1.1 ...\x00\x00\x00\x00\x00\x00\x00} {}
[DEBUG] parseNext s=START HeapByteBuffer@22b9b50d[p=0,l=0,c=8192,r=0]={<<<>>>HTTP/1.1 ...\x00\x00\x00\x00\x00\x00\x00}
[DEBUG] HttpConnection@77276f3d::SocketChannelEndPoint@1bd6e8a{l=/127.0.0.1:38858,r=/127.0.0.1:42938,OPEN,fill=-,flush=-,to=0/30000}{io=0/0,kio=0,kro=1}->HttpConnection@77276f3d[p=HttpParser{s=START,0 of -1},g=HttpGenerator@1fdf9a47{s=START}]=>HttpChannelOverHttp@33736c40{s=HttpChannelState@4531524{s=IDLE rs=BLOCKING os=OPEN is=IDLE awp=false se=false i=true al=0},r=7,c=false/false,a=IDLE,uri=null,age=0} parsed false HttpParser{s=START,0 of -1}
[DEBUG] releaseRequestBuffer HttpConnection@77276f3d::SocketChannelEndPoint@1bd6e8a{l=/127.0.0.1:38858,r=/127.0.0.1:42938,OPEN,fill=-,flush=-,to=1/30000}{io=0/0,kio=0,kro=1}->HttpConnection@77276f3d[p=HttpParser{s=START,0 of -1},g=HttpGenerator@1fdf9a47{s=START}]=>HttpChannelOverHttp@33736c40{s=HttpChannelState@4531524{s=IDLE rs=BLOCKING os=OPEN is=IDLE awp=false se=false i=true al=0},r=7,c=false/false,a=IDLE,uri=null,age=0}
[DEBUG] fillInterested HttpConnection@77276f3d::SocketChannelEndPoint@1bd6e8a{l=/127.0.0.1:38858,r=/127.0.0.1:42938,OPEN,fill=-,flush=-,to=1/30000}{io=0/0,kio=0,kro=1}->HttpConnection@77276f3d[p=HttpParser{s=START,0 of -1},g=HttpGenerator@1fdf9a47{s=START}]=>HttpChannelOverHttp@33736c40{s=HttpChannelState@4531524{s=IDLE rs=BLOCKING os=OPEN is=IDLE awp=false se=false i=true al=0},r=7,c=false/false,a=IDLE,uri=null,age=0}
[DEBUG] interested FillInterest@81c799d{AC.ReadCB@77276f3d{HttpConnection@77276f3d::SocketChannelEndPoint@1bd6e8a{l=/127.0.0.1:38858,r=/127.0.0.1:42938,OPEN,fill=FI,flush=-,to=0/30000}{io=0/0,kio=0,kro=1}->HttpConnection@77276f3d[p=HttpParser{s=START,0 of -1},g=HttpGenerator@1fdf9a47{s=START}]=>HttpChannelOverHttp@33736c40{s=HttpChannelState@4531524{s=IDLE rs=BLOCKING os=OPEN is=IDLE awp=false se=false i=true al=0},r=7,c=false/false,a=IDLE,uri=null,age=0}}}
[DEBUG] changeInterests p=false 0->1 for SocketChannelEndPoint@1bd6e8a{l=/127.0.0.1:38858,r=/127.0.0.1:42938,OPEN,fill=FI,flush=-,to=0/30000}{io=0/1,kio=0,kro=1}->HttpConnection@77276f3d[p=HttpParser{s=START,0 of -1},g=HttpGenerator@1fdf9a47{s=START}]=>HttpChannelOverHttp@33736c40{s=HttpChannelState@4531524{s=IDLE rs=BLOCKING os=OPEN is=IDLE awp=false se=false i=true al=0},r=7,c=false/false,a=IDLE,uri=null,age=0}
[DEBUG] Queued change lazy=false org.eclipse.jetty.io.ChannelEndPoint$$Lambda$475/1524159954@7df2461f on ManagedSelector@129b4fe2{STARTED} id=0 keys=2 selected=0 updates=0
[DEBUG] Wakeup on submit ManagedSelector@129b4fe2{STARTED} id=0 keys=2 selected=0 updates=1
[DEBUG] HttpConnection@42bd18a0::SocketChannelEndPoint@d47ed43{l=/127.0.0.1:38858,r=/127.0.0.1:42940,OPEN,fill=-,flush=-,to=8/30000}{io=0/0,kio=0,kro=1}->HttpConnection@42bd18a0[p=HttpParser{s=END,0 of -1},g=HttpGenerator@73351804{s=START}]=>HttpChannelOverHttp@380129b{s=HttpChannelState@7bf8633{s=HANDLING rs=BLOCKING os=OPEN is=IDLE awp=false se=false i=true al=0},r=1,c=false/false,a=HANDLING,uri=//localhost:38858/EchoServlet,age=7} parsed false HttpParser{s=END,0 of -1}
[DEBUG] releaseRequestBuffer HttpConnection@42bd18a0::SocketChannelEndPoint@d47ed43{l=/127.0.0.1:38858,r=/127.0.0.1:42940,OPEN,fill=-,flush=-,to=22/30000}{io=0/0,kio=0,kro=1}->HttpConnection@42bd18a0[p=HttpParser{s=END,0 of -1},g=HttpGenerator@73351804{s=START}]=>HttpChannelOverHttp@380129b{s=HttpChannelState@7bf8633{s=HANDLING rs=BLOCKING os=OPEN is=IDLE awp=false se=false i=true al=0},r=1,c=false/false,a=HANDLING,uri=//localhost:38858/EchoServlet,age=22}
[DEBUG] onEof HttpChannelState@7bf8633{s=HANDLING rs=BLOCKING os=OPEN is=IDLE awp=false se=false i=true al=0}
[DEBUG] write(array HeapByteBuffer@7454eab8[p=0,l=8,c=512,r=8]={<<<</table>>>>Cookie: u...\x00\x00\x00\x00\x00\x00\x00})
[DEBUG] write(array) s=OPEN,api=BLOCKING,sc=false,e=null aggregated !flush DirectByteBuffer@1492b79c[p=0,l=900,c=32768,r=900]={<<<<title>Webserver Environm...>jhy</td></tr>\n</table>>>>\x00\x00\x00\x00\x00\x00\x00\x00\x00...\x00\x00\x00\x00\x00\x00\x00}
[DEBUG] write(array HeapByteBuffer@548b1e8f[p=0,l=1,c=512,r=1]={<<<\n>>>/table>Co...\x00\x00\x00\x00\x00\x00\x00})
[DEBUG] write(array) s=OPEN,api=BLOCKING,sc=false,e=null aggregated !flush DirectByteBuffer@1492b79c[p=0,l=901,c=32768,r=901]={<<<<title>Webserver Environm...jhy</td></tr>\n</table>\n>>>\x00\x00\x00\x00\x00\x00\x00\x00\x00...\x00\x00\x00\x00\x00\x00\x00}
[DEBUG] handled=true async=false committed=false on HttpChannelOverHttp@380129b{s=HttpChannelState@7bf8633{s=HANDLING rs=BLOCKING os=OPEN is=READY awp=false se=false i=true al=0},r=1,c=false/false,a=HANDLING,uri=//localhost:38858/EchoServlet,age=22}
[DEBUG] unhandle HttpChannelState@7bf8633{s=HANDLING rs=BLOCKING os=OPEN is=READY awp=false se=false i=true al=0}
[DEBUG] nextAction(false) COMPLETE HttpChannelState@7bf8633{s=HANDLING rs=COMPLETING os=OPEN is=READY awp=false se=false i=false al=0}
[DEBUG] action COMPLETE HttpChannelOverHttp@380129b{s=HttpChannelState@7bf8633{s=HANDLING rs=COMPLETING os=OPEN is=READY awp=false se=false i=false al=0},r=1,c=false/false,a=HANDLING,uri=//localhost:38858/EchoServlet,age=22}
[DEBUG] complete(org.eclipse.jetty.util.Callback$3@7f61b61f) s=CLOSING,api=BLOCKED,sc=false,e=null s=false e=null, c=DirectByteBuffer@1492b79c[p=0,l=901,c=32768,r=901]={<<<<title>Webserver Environm...jhy</td></tr>\n</table>\n>>>\x00\x00\x00\x00\x00\x00\x00\x00\x00...\x00\x00\x00\x00\x00\x00\x00}
[DEBUG] sendResponse info=null content=DirectByteBuffer@1492b79c[p=0,l=901,c=32768,r=901]={<<<<title>Webserver Environm...jhy</td></tr>\n</table>\n>>>\x00\x00\x00\x00\x00\x00\x00\x00\x00...\x00\x00\x00\x00\x00\x00\x00} complete=true committing=true callback=org.eclipse.jetty.server.HttpOutput$WriteCompleteCB@ca7f35e
[DEBUG] COMMIT for /EchoServlet on HttpChannelOverHttp@380129b{s=HttpChannelState@7bf8633{s=HANDLING rs=COMPLETING os=COMMITTED is=READY awp=false se=false i=false al=0},r=1,c=false/false,a=HANDLING,uri=//localhost:38858/EchoServlet,age=22}
200 null HTTP/1.1
Date: Mon, 20 Sep 2021 19:30:10 GMT
Content-Type: text/html;charset=utf-8
Cache-Control: no-cache
Cache-Control: no-store


[DEBUG] generate: NEED_HEADER for SendCallback@5f75d958[PROCESSING][i=HTTP/1.1{s=200,h=4,cl=-1},cb=org.eclipse.jetty.server.HttpChannel$SendCallback@5386db5f] (null,[p=0,l=901,c=32768,r=901],true)@START
[DEBUG] generateHeaders HTTP/1.1{s=200,h=4,cl=-1} last=true content=DirectByteBuffer@1492b79c[p=0,l=901,c=32768,r=901]={<<<<title>Webserver Environm...jhy</td></tr>\n</table>\n>>>\x00\x00\x00\x00\x00\x00\x00\x00\x00...\x00\x00\x00\x00\x00\x00\x00}
[DEBUG] Date: Mon, 20 Sep 2021 19:30:10 GMT
Content-Type: text/html;charset=utf-8
Cache-Control: no-cache
Cache-Control: no-store


[DEBUG] Selector sun.nio.ch.EPollSelectorImpl@54609eb7 woken with none selected
[DEBUG] Selector sun.nio.ch.EPollSelectorImpl@54609eb7 woken up from select, 0/0/2 selected
[DEBUG] Selector sun.nio.ch.EPollSelectorImpl@54609eb7 processing 0 keys, 1 updates
[DEBUG] updateable 1
[DEBUG] update org.eclipse.jetty.io.ChannelEndPoint$$Lambda$475/1524159954@7df2461f
[DEBUG] Key interests updated 0 -> 1 on SocketChannelEndPoint@1bd6e8a{l=/127.0.0.1:38858,r=/127.0.0.1:42938,OPEN,fill=FI,flush=-,to=10/30000}{io=1/1,kio=1,kro=1}->HttpConnection@77276f3d[p=HttpParser{s=START,0 of -1},g=HttpGenerator@1fdf9a47{s=START}]=>HttpChannelOverHttp@33736c40{s=HttpChannelState@4531524{s=IDLE rs=BLOCKING os=OPEN is=IDLE awp=false se=false i=true al=0},r=7,c=false/false,a=IDLE,uri=null,age=0}
[DEBUG] updates 0
[DEBUG] Selector sun.nio.ch.EPollSelectorImpl@54609eb7 waiting with 2 keys
[DEBUG] HttpConnection@77276f3d::SocketChannelEndPoint@1bd6e8a{l=/127.0.0.1:38858,r=/127.0.0.1:42938,OPEN,fill=FI,flush=-,to=11/30000}{io=1/1,kio=1,kro=1}->HttpConnection@77276f3d[p=HttpParser{s=START,0 of -1},g=HttpGenerator@1fdf9a47{s=START}]=>HttpChannelOverHttp@33736c40{s=HttpChannelState@4531524{s=IDLE rs=BLOCKING os=OPEN is=IDLE awp=false se=false i=true al=0},r=7,c=false/false,a=IDLE,uri=null,age=0} onFillable exit HttpChannelState@4531524{s=IDLE rs=BLOCKING os=OPEN is=IDLE awp=false se=false i=true al=0} null
[DEBUG] ReservedThreadExecutor@7ec3394b{s=1/1,p=0}@11c5705d size 1 > capacity
[DEBUG] ran ReservedThreadExecutor@7ec3394b{s=1/1,p=0}@11c5705d in QueuedThreadPool[qtp487792155]@1d131e1b{STARTED,8<=8<=200,i=3,r=-1,q=0}[ReservedThreadExecutor@7ec3394b{s=1/1,p=0}]
[DEBUG] CONTENT_LENGTH
[DEBUG] generate: FLUSH for SendCallback@5f75d958[PROCESSING][i=HTTP/1.1{s=200,h=4,cl=-1},cb=org.eclipse.jetty.server.HttpChannel$SendCallback@5386db5f] ([p=0,l=199,c=8192,r=199],[p=0,l=901,c=32768,r=901],true)@COMPLETING
[DEBUG] write: WriteFlusher@21254e7e{IDLE}->null [HeapByteBuffer@22b9b50d[p=0,l=199,c=8192,r=199]={<<<HTTP/1.1 200 OK\r\nDate: Mo...y(9.4.43.v20210629)\r\n\r\n>>>fari/537....\x00\x00\x00\x00\x00\x00\x00},DirectByteBuffer@1492b79c[p=0,l=901,c=32768,r=901]={<<<<title>Webserver Environm...jhy</td></tr>\n</table>\n>>>\x00\x00\x00\x00\x00\x00\x00\x00\x00...\x00\x00\x00\x00\x00\x00\x00}]
[DEBUG] update WriteFlusher@21254e7e{WRITING}->null:IDLE-->WRITING
]]></system-out>
  </testcase>
  <testcase name="sendHeadRequest" classname="org.jsoup.integration.ConnectTest" time="0.017">
    <system-out><![CDATA[[DEBUG] flushed 1100 SocketChannelEndPoint@d47ed43{l=/127.0.0.1:38858,r=/127.0.0.1:42940,OPEN,fill=-,flush=W,to=28/30000}{io=0/0,kio=0,kro=1}->HttpConnection@42bd18a0[p=HttpParser{s=END,0 of -1},g=HttpGenerator@73351804{s=COMPLETING}]=>HttpChannelOverHttp@380129b{s=HttpChannelState@7bf8633{s=HANDLING rs=COMPLETING os=COMMITTED is=READY awp=false se=false i=false al=0},r=1,c=false/false,a=HANDLING,uri=//localhost:38858/EchoServlet,age=27}
[DEBUG] Flushed=true written=1100 remaining=0 WriteFlusher@21254e7e{WRITING}->null
[DEBUG] update WriteFlusher@21254e7e{IDLE}->null:WRITING-->IDLE
[DEBUG] generate: DONE for SendCallback@5f75d958[PROCESSING][i=HTTP/1.1{s=200,h=4,cl=-1},cb=org.eclipse.jetty.server.HttpChannel$SendCallback@5386db5f] ([p=199,l=199,c=8192,r=0],[p=901,l=901,c=32768,r=0],true)@END
[DEBUG] onWriteComplete(true,null) s=CLOSING,api=BLOCKED,sc=false,e=null->s=CLOSED,api=BLOCKING,sc=false,e=null c=null cb=org.eclipse.jetty.util.Callback$3@7f61b61f w=false
[DEBUG] completed HttpChannelState@7bf8633{s=HANDLING rs=COMPLETING os=COMPLETED is=READY awp=false se=false i=false al=0}
[DEBUG] unhandle HttpChannelState@7bf8633{s=HANDLING rs=COMPLETED os=COMPLETED is=READY awp=false se=false i=false al=0}
[DEBUG] nextAction(false) TERMINATED HttpChannelState@7bf8633{s=IDLE rs=COMPLETED os=COMPLETED is=READY awp=false se=false i=false al=0}
[DEBUG] action TERMINATED HttpChannelOverHttp@380129b{s=HttpChannelState@7bf8633{s=IDLE rs=COMPLETED os=COMPLETED is=READY awp=false se=false i=false al=0},r=1,c=true/true,a=IDLE,uri=//localhost:38858/EchoServlet,age=28}
[DEBUG] onCompleted for /EchoServlet written=901
[DEBUG] recycle HttpChannelState@7bf8633{s=IDLE rs=COMPLETED os=COMPLETED is=READY awp=false se=false i=false al=0}
[DEBUG] reset HttpParser{s=END,0 of -1}
[DEBUG] END --> START
[DEBUG] !handle TERMINATED HttpChannelOverHttp@380129b{s=HttpChannelState@7bf8633{s=IDLE rs=BLOCKING os=OPEN is=IDLE awp=false se=false i=true al=0},r=1,c=false/false,a=IDLE,uri=null,age=0}
[DEBUG] filled 337 HeapByteBuffer@78a30358[p=0,l=337,c=8192,r=337]={<<<HEAD /FileServlet/htmltes...nection: keep-alive\r\n\r\n>>>\x00\x00\x00\x00\x00\x00\x00\x00\x00...\x00\x00\x00\x00\x00\x00\x00}
[DEBUG] HttpConnection@42bd18a0::SocketChannelEndPoint@d47ed43{l=/127.0.0.1:38858,r=/127.0.0.1:42940,OPEN,fill=-,flush=-,to=0/30000}{io=0/0,kio=0,kro=1}->HttpConnection@42bd18a0[p=HttpParser{s=START,0 of -1},g=HttpGenerator@73351804{s=START}]=>HttpChannelOverHttp@380129b{s=HttpChannelState@7bf8633{s=IDLE rs=BLOCKING os=OPEN is=IDLE awp=false se=false i=true al=0},r=1,c=false/false,a=IDLE,uri=null,age=0} filled 337 HeapByteBuffer@78a30358[p=0,l=337,c=8192,r=337]={<<<HEAD /FileServlet/htmltes...nection: keep-alive\r\n\r\n>>>\x00\x00\x00\x00\x00\x00\x00\x00\x00...\x00\x00\x00\x00\x00\x00\x00}
[DEBUG] HttpConnection@42bd18a0::SocketChannelEndPoint@d47ed43{l=/127.0.0.1:38858,r=/127.0.0.1:42940,OPEN,fill=-,flush=-,to=0/30000}{io=0/0,kio=0,kro=1}->HttpConnection@42bd18a0[p=HttpParser{s=START,0 of -1},g=HttpGenerator@73351804{s=START}]=>HttpChannelOverHttp@380129b{s=HttpChannelState@7bf8633{s=IDLE rs=BLOCKING os=OPEN is=IDLE awp=false se=false i=true al=0},r=1,c=false/false,a=IDLE,uri=null,age=0} parse HeapByteBuffer@78a30358[p=0,l=337,c=8192,r=337]={<<<HEAD /FileServlet/htmltes...nection: keep-alive\r\n\r\n>>>\x00\x00\x00\x00\x00\x00\x00\x00\x00...\x00\x00\x00\x00\x00\x00\x00} {}
[DEBUG] parseNext s=START HeapByteBuffer@78a30358[p=0,l=337,c=8192,r=337]={<<<HEAD /FileServlet/htmltes...nection: keep-alive\r\n\r\n>>>\x00\x00\x00\x00\x00\x00\x00\x00\x00...\x00\x00\x00\x00\x00\x00\x00}
[DEBUG] START --> SPACE1
[DEBUG] SPACE1 --> URI
[DEBUG] URI --> SPACE2
[DEBUG] SPACE2 --> REQUEST_VERSION
[DEBUG] REQUEST_VERSION --> HEADER
[DEBUG] HEADER:Accept-Encoding: gzip --> IN_VALUE
[DEBUG] HEADER:Accept-Encoding: gzip --> FIELD
[DEBUG] HEADER:User-Agent: Mozilla/5.0 (Windows NT 10.0; Win64; x64) AppleWebKit/537.36 (KHTML, like Gecko) Chrome/79.0.3945.130 Safari/537.36 --> IN_VALUE
[DEBUG] HEADER:User-Agent: Mozilla/5.0 (Windows NT 10.0; Win64; x64) AppleWebKit/537.36 (KHTML, like Gecko) Chrome/79.0.3945.130 Safari/537.36 --> FIELD
[DEBUG] HEADER:Host: localhost:38858 --> IN_VALUE
[DEBUG] HEADER:Host: localhost:38858 --> FIELD
[DEBUG] HEADER:Accept: text/html, image/gif, image/jpeg, *; q=.2, */*; q=.2 --> IN_VALUE
[DEBUG] HEADER:Accept: text/html, image/gif, image/jpeg, *; q=.2, */*; q=.2 --> FIELD
[DEBUG] HEADER:Connection: keep-alive --> IN_VALUE
[DEBUG] HEADER:Connection: keep-alive --> FIELD
[DEBUG] HEADER --> CONTENT
[DEBUG] REQUEST for //localhost:38858/FileServlet/htmltests/xml-test.xml?contentType=text%2Fxml on HttpChannelOverHttp@380129b{s=HttpChannelState@7bf8633{s=IDLE rs=BLOCKING os=OPEN is=IDLE awp=false se=false i=true al=0},r=2,c=false/false,a=IDLE,uri=//localhost:38858/FileServlet/htmltests/xml-test.xml?contentType=text%2Fxml,age=0}
HEAD //localhost:38858/FileServlet/htmltests/xml-test.xml?contentType=text%2Fxml HTTP/1.1
Accept-Encoding: gzip
User-Agent: Mozilla/5.0 (Windows NT 10.0; Win64; x64) AppleWebKit/537.36 (KHTML, like Gecko) Chrome/79.0.3945.130 Safari/537.36
Host: localhost:38858
Accept: text/html, image/gif, image/jpeg, *; q=.2, */*; q=.2
Connection: keep-alive


[DEBUG] HttpConnection@42bd18a0::SocketChannelEndPoint@d47ed43{l=/127.0.0.1:38858,r=/127.0.0.1:42940,OPEN,fill=-,flush=-,to=8/30000}{io=0/0,kio=0,kro=1}->HttpConnection@42bd18a0[p=HttpParser{s=CONTENT,0 of -1},g=HttpGenerator@73351804{s=START}]=>HttpChannelOverHttp@380129b{s=HttpChannelState@7bf8633{s=IDLE rs=BLOCKING os=OPEN is=IDLE awp=false se=false i=true al=0},r=2,c=false/false,a=IDLE,uri=//localhost:38858/FileServlet/htmltests/xml-test.xml?contentType=text%2Fxml,age=0} parsed true HttpParser{s=CONTENT,0 of -1}
[DEBUG] releaseRequestBuffer HttpConnection@42bd18a0::SocketChannelEndPoint@d47ed43{l=/127.0.0.1:38858,r=/127.0.0.1:42940,OPEN,fill=-,flush=-,to=8/30000}{io=0/0,kio=0,kro=1}->HttpConnection@42bd18a0[p=HttpParser{s=CONTENT,0 of -1},g=HttpGenerator@73351804{s=START}]=>HttpChannelOverHttp@380129b{s=HttpChannelState@7bf8633{s=IDLE rs=BLOCKING os=OPEN is=IDLE awp=false se=false i=true al=0},r=2,c=false/false,a=IDLE,uri=//localhost:38858/FileServlet/htmltests/xml-test.xml?contentType=text%2Fxml,age=1}
[DEBUG] handle //localhost:38858/FileServlet/htmltests/xml-test.xml?contentType=text%2Fxml HttpChannelOverHttp@380129b{s=HttpChannelState@7bf8633{s=IDLE rs=BLOCKING os=OPEN is=IDLE awp=false se=false i=true al=0},r=2,c=false/false,a=IDLE,uri=//localhost:38858/FileServlet/htmltests/xml-test.xml?contentType=text%2Fxml,age=1} 
[DEBUG] handling HttpChannelState@7bf8633{s=IDLE rs=BLOCKING os=OPEN is=IDLE awp=false se=false i=true al=0}
[DEBUG] action DISPATCH HttpChannelOverHttp@380129b{s=HttpChannelState@7bf8633{s=HANDLING rs=BLOCKING os=OPEN is=IDLE awp=false se=false i=true al=0},r=2,c=false/false,a=HANDLING,uri=//localhost:38858/FileServlet/htmltests/xml-test.xml?contentType=text%2Fxml,age=1}
[DEBUG] REQUEST HEAD /FileServlet/htmltests/xml-test.xml on HttpChannelOverHttp@380129b{s=HttpChannelState@7bf8633{s=HANDLING rs=BLOCKING os=OPEN is=IDLE awp=false se=false i=true al=0},r=2,c=false/false,a=HANDLING,uri=//localhost:38858/FileServlet/htmltests/xml-test.xml?contentType=text%2Fxml,age=1}
[DEBUG] servlet null|/FileServlet|/htmltests/xml-test.xml -> org.jsoup.integration.servlets.FileServlet-3fffff43==org.jsoup.integration.servlets.FileServlet@bc0855c5{jsp=null,order=-1,inst=true,async=true,src=EMBEDDED:null,STARTED}
[DEBUG] chain=null
[DEBUG] handled=true async=false committed=false on HttpChannelOverHttp@380129b{s=HttpChannelState@7bf8633{s=HANDLING rs=BLOCKING os=OPEN is=IDLE awp=false se=false i=true al=0},r=2,c=false/false,a=HANDLING,uri=//localhost:38858/FileServlet/htmltests/xml-test.xml?contentType=text%2Fxml,age=3}
[DEBUG] unhandle HttpChannelState@7bf8633{s=HANDLING rs=BLOCKING os=OPEN is=IDLE awp=false se=false i=true al=0}
[DEBUG] nextAction(false) COMPLETE HttpChannelState@7bf8633{s=HANDLING rs=COMPLETING os=OPEN is=IDLE awp=false se=false i=false al=0}
[DEBUG] action COMPLETE HttpChannelOverHttp@380129b{s=HttpChannelState@7bf8633{s=HANDLING rs=COMPLETING os=OPEN is=IDLE awp=false se=false i=false al=0},r=2,c=false/false,a=HANDLING,uri=//localhost:38858/FileServlet/htmltests/xml-test.xml?contentType=text%2Fxml,age=4}
[DEBUG] filled 0 HeapByteBuffer@22b9b50d[p=0,l=0,c=8192,r=0]={<<<>>>HTTP/1.1 ...\x00\x00\x00\x00\x00\x00\x00}
[DEBUG] filled 0 HeapByteBuffer@22b9b50d[p=0,l=0,c=8192,r=0]={<<<>>>HTTP/1.1 ...\x00\x00\x00\x00\x00\x00\x00}
[DEBUG] HttpConnection@42bd18a0::SocketChannelEndPoint@d47ed43{l=/127.0.0.1:38858,r=/127.0.0.1:42940,OPEN,fill=-,flush=-,to=11/30000}{io=0/0,kio=0,kro=1}->HttpConnection@42bd18a0[p=HttpParser{s=CONTENT,0 of -1},g=HttpGenerator@73351804{s=START}]=>HttpChannelOverHttp@380129b{s=HttpChannelState@7bf8633{s=HANDLING rs=COMPLETING os=OPEN is=IDLE awp=false se=false i=false al=0},r=2,c=false/false,a=HANDLING,uri=//localhost:38858/FileServlet/htmltests/xml-test.xml?contentType=text%2Fxml,age=4} filled 0 HeapByteBuffer@22b9b50d[p=0,l=0,c=8192,r=0]={<<<>>>HTTP/1.1 ...\x00\x00\x00\x00\x00\x00\x00}
[DEBUG] HttpConnection@42bd18a0::SocketChannelEndPoint@d47ed43{l=/127.0.0.1:38858,r=/127.0.0.1:42940,OPEN,fill=-,flush=-,to=11/30000}{io=0/0,kio=0,kro=1}->HttpConnection@42bd18a0[p=HttpParser{s=CONTENT,0 of -1},g=HttpGenerator@73351804{s=START}]=>HttpChannelOverHttp@380129b{s=HttpChannelState@7bf8633{s=HANDLING rs=COMPLETING os=OPEN is=IDLE awp=false se=false i=false al=0},r=2,c=false/false,a=HANDLING,uri=//localhost:38858/FileServlet/htmltests/xml-test.xml?contentType=text%2Fxml,age=4} parse HeapByteBuffer@22b9b50d[p=0,l=0,c=8192,r=0]={<<<>>>HTTP/1.1 ...\x00\x00\x00\x00\x00\x00\x00} {}
[DEBUG] parseNext s=CONTENT HeapByteBuffer@22b9b50d[p=0,l=0,c=8192,r=0]={<<<>>>HTTP/1.1 ...\x00\x00\x00\x00\x00\x00\x00}
[DEBUG] CONTENT --> CONTENT_END
[DEBUG] onContentComplete HttpChannelOverHttp@380129b{s=HttpChannelState@7bf8633{s=HANDLING rs=COMPLETING os=OPEN is=IDLE awp=false se=false i=false al=0},r=2,c=false/false,a=HANDLING,uri=//localhost:38858/FileServlet/htmltests/xml-test.xml?contentType=text%2Fxml,age=4}
[DEBUG] CONTENT_END --> END
[DEBUG] onRequestComplete HttpChannelOverHttp@380129b{s=HttpChannelState@7bf8633{s=HANDLING rs=COMPLETING os=OPEN is=IDLE awp=false se=false i=false al=0},r=2,c=false/false,a=HANDLING,uri=//localhost:38858/FileServlet/htmltests/xml-test.xml?contentType=text%2Fxml,age=4}
[DEBUG] HttpInputOverHTTP@8cf6f52[c=0,q=0,[0]=null,s=STREAM] addContent EOF
[DEBUG] HttpConnection@42bd18a0::SocketChannelEndPoint@d47ed43{l=/127.0.0.1:38858,r=/127.0.0.1:42940,OPEN,fill=-,flush=-,to=12/30000}{io=0/0,kio=0,kro=1}->HttpConnection@42bd18a0[p=HttpParser{s=END,0 of -1},g=HttpGenerator@73351804{s=START}]=>HttpChannelOverHttp@380129b{s=HttpChannelState@7bf8633{s=HANDLING rs=COMPLETING os=OPEN is=IDLE awp=false se=false i=false al=0},r=2,c=false/false,a=HANDLING,uri=//localhost:38858/FileServlet/htmltests/xml-test.xml?contentType=text%2Fxml,age=4} parsed false HttpParser{s=END,0 of -1}
[DEBUG] releaseRequestBuffer HttpConnection@42bd18a0::SocketChannelEndPoint@d47ed43{l=/127.0.0.1:38858,r=/127.0.0.1:42940,OPEN,fill=-,flush=-,to=12/30000}{io=0/0,kio=0,kro=1}->HttpConnection@42bd18a0[p=HttpParser{s=END,0 of -1},g=HttpGenerator@73351804{s=START}]=>HttpChannelOverHttp@380129b{s=HttpChannelState@7bf8633{s=HANDLING rs=COMPLETING os=OPEN is=IDLE awp=false se=false i=false al=0},r=2,c=false/false,a=HANDLING,uri=//localhost:38858/FileServlet/htmltests/xml-test.xml?contentType=text%2Fxml,age=4}
[DEBUG] complete(org.eclipse.jetty.util.Callback$3@6a4c5635) s=CLOSING,api=BLOCKED,sc=false,e=null s=false e=null, c=HeapByteBuffer@11848662[p=0,l=0,c=0,r=0]={<<<>>>}
[DEBUG] sendResponse info=null content=HeapByteBuffer@11848662[p=0,l=0,c=0,r=0]={<<<>>>} complete=true committing=true callback=org.eclipse.jetty.server.HttpOutput$WriteCompleteCB@6d9219ef
[DEBUG] COMMIT for /FileServlet/htmltests/xml-test.xml on HttpChannelOverHttp@380129b{s=HttpChannelState@7bf8633{s=HANDLING rs=COMPLETING os=COMMITTED is=IDLE awp=false se=false i=false al=0},r=2,c=false/false,a=HANDLING,uri=//localhost:38858/FileServlet/htmltests/xml-test.xml?contentType=text%2Fxml,age=5}
200 null HTTP/1.1
Date: Mon, 20 Sep 2021 19:30:10 GMT
Content-Type: text/xml
Content-Length: 45


[DEBUG] generate: NEED_HEADER for SendCallback@5f75d958[PROCESSING][i=HTTP/1.1{s=200,h=3,cl=45},cb=org.eclipse.jetty.server.HttpChannel$SendCallback@35e6bd2b] (null,[p=0,l=0,c=0,r=0],true)@START
[DEBUG] generateHeaders HTTP/1.1{s=200,h=3,cl=45} last=true content=HeapByteBuffer@11848662[p=0,l=0,c=0,r=0]={<<<>>>}
[DEBUG] Date: Mon, 20 Sep 2021 19:30:10 GMT
Content-Type: text/xml
Content-Length: 45


[DEBUG] CONTENT_LENGTH
[DEBUG] generate: FLUSH for SendCallback@5f75d958[PROCESSING][i=HTTP/1.1{s=200,h=3,cl=45},cb=org.eclipse.jetty.server.HttpChannel$SendCallback@35e6bd2b] ([p=0,l=133,c=8192,r=133],[p=0,l=0,c=0,r=0],true)@COMPLETING
[DEBUG] write: WriteFlusher@21254e7e{IDLE}->null [HeapByteBuffer@78a30358[p=0,l=133,c=8192,r=133]={<<<HTTP/1.1 200 OK\r\nDate: Mo...y(9.4.43.v20210629)\r\n\r\n>>>10.0; Win...\x00\x00\x00\x00\x00\x00\x00}]
[DEBUG] update WriteFlusher@21254e7e{WRITING}->null:IDLE-->WRITING
]]></system-out>
  </testcase>
  <testcase name="fetchURIWithWhitespace" classname="org.jsoup.integration.ConnectTest" time="0.046">
    <system-out><![CDATA[[DEBUG] flushed 133 SocketChannelEndPoint@d47ed43{l=/127.0.0.1:38858,r=/127.0.0.1:42940,OPEN,fill=-,flush=W,to=35/30000}{io=0/0,kio=0,kro=1}->HttpConnection@42bd18a0[p=HttpParser{s=END,0 of -1},g=HttpGenerator@73351804{s=COMPLETING}]=>HttpChannelOverHttp@380129b{s=HttpChannelState@7bf8633{s=HANDLING rs=COMPLETING os=COMMITTED is=IDLE awp=false se=false i=false al=0},r=2,c=false/false,a=HANDLING,uri=//localhost:38858/FileServlet/htmltests/xml-test.xml?contentType=text%2Fxml,age=28}
[DEBUG] Flushed=true written=133 remaining=0 WriteFlusher@21254e7e{WRITING}->null
[DEBUG] update WriteFlusher@21254e7e{IDLE}->null:WRITING-->IDLE
[DEBUG] generate: DONE for SendCallback@5f75d958[PROCESSING][i=HTTP/1.1{s=200,h=3,cl=45},cb=org.eclipse.jetty.server.HttpChannel$SendCallback@35e6bd2b] ([p=133,l=133,c=8192,r=0],[p=0,l=0,c=0,r=0],true)@END
[DEBUG] onWriteComplete(true,null) s=CLOSING,api=BLOCKED,sc=false,e=null->s=CLOSED,api=BLOCKING,sc=false,e=null c=null cb=org.eclipse.jetty.util.Callback$3@6a4c5635 w=false
[DEBUG] completed HttpChannelState@7bf8633{s=HANDLING rs=COMPLETING os=COMPLETED is=IDLE awp=false se=false i=false al=0}
[DEBUG] unhandle HttpChannelState@7bf8633{s=HANDLING rs=COMPLETED os=COMPLETED is=IDLE awp=false se=false i=false al=0}
[DEBUG] nextAction(false) TERMINATED HttpChannelState@7bf8633{s=IDLE rs=COMPLETED os=COMPLETED is=IDLE awp=false se=false i=false al=0}
[DEBUG] action TERMINATED HttpChannelOverHttp@380129b{s=HttpChannelState@7bf8633{s=IDLE rs=COMPLETED os=COMPLETED is=IDLE awp=false se=false i=false al=0},r=2,c=true/true,a=IDLE,uri=//localhost:38858/FileServlet/htmltests/xml-test.xml?contentType=text%2Fxml,age=28}
[DEBUG] onCompleted for /FileServlet/htmltests/xml-test.xml written=0
[DEBUG] recycle HttpChannelState@7bf8633{s=IDLE rs=COMPLETED os=COMPLETED is=IDLE awp=false se=false i=false al=0}
[DEBUG] reset HttpParser{s=END,0 of -1}
[DEBUG] END --> START
[DEBUG] !handle TERMINATED HttpChannelOverHttp@380129b{s=HttpChannelState@7bf8633{s=IDLE rs=BLOCKING os=OPEN is=IDLE awp=false se=false i=true al=0},r=2,c=false/false,a=IDLE,uri=null,age=0}
[DEBUG] filled 290 HeapByteBuffer@22b9b50d[p=0,l=290,c=8192,r=290]={<<<GET /EchoServlet HTTP/1.1...nection: keep-alive\r\n\r\n>>> q=.2\r\nCo...\x00\x00\x00\x00\x00\x00\x00}
[DEBUG] HttpConnection@42bd18a0::SocketChannelEndPoint@d47ed43{l=/127.0.0.1:38858,r=/127.0.0.1:42940,OPEN,fill=-,flush=-,to=0/30000}{io=0/0,kio=0,kro=1}->HttpConnection@42bd18a0[p=HttpParser{s=START,0 of -1},g=HttpGenerator@73351804{s=START}]=>HttpChannelOverHttp@380129b{s=HttpChannelState@7bf8633{s=IDLE rs=BLOCKING os=OPEN is=IDLE awp=false se=false i=true al=0},r=2,c=false/false,a=IDLE,uri=null,age=0} filled 290 HeapByteBuffer@22b9b50d[p=0,l=290,c=8192,r=290]={<<<GET /EchoServlet HTTP/1.1...nection: keep-alive\r\n\r\n>>> q=.2\r\nCo...\x00\x00\x00\x00\x00\x00\x00}
[DEBUG] HttpConnection@42bd18a0::SocketChannelEndPoint@d47ed43{l=/127.0.0.1:38858,r=/127.0.0.1:42940,OPEN,fill=-,flush=-,to=0/30000}{io=0/0,kio=0,kro=1}->HttpConnection@42bd18a0[p=HttpParser{s=START,0 of -1},g=HttpGenerator@73351804{s=START}]=>HttpChannelOverHttp@380129b{s=HttpChannelState@7bf8633{s=IDLE rs=BLOCKING os=OPEN is=IDLE awp=false se=false i=true al=0},r=2,c=false/false,a=IDLE,uri=null,age=0} parse HeapByteBuffer@22b9b50d[p=0,l=290,c=8192,r=290]={<<<GET /EchoServlet HTTP/1.1...nection: keep-alive\r\n\r\n>>> q=.2\r\nCo...\x00\x00\x00\x00\x00\x00\x00} {}
[DEBUG] parseNext s=START HeapByteBuffer@22b9b50d[p=0,l=290,c=8192,r=290]={<<<GET /EchoServlet HTTP/1.1...nection: keep-alive\r\n\r\n>>> q=.2\r\nCo...\x00\x00\x00\x00\x00\x00\x00}
[DEBUG] START --> SPACE1
[DEBUG] SPACE1 --> URI
[DEBUG] URI --> SPACE2
[DEBUG] SPACE2 --> REQUEST_VERSION
[DEBUG] REQUEST_VERSION --> HEADER
[DEBUG] HEADER:Accept-Encoding: gzip --> IN_VALUE
[DEBUG] HEADER:Accept-Encoding: gzip --> FIELD
[DEBUG] HEADER:User-Agent: Mozilla/5.0 (Windows NT 10.0; Win64; x64) AppleWebKit/537.36 (KHTML, like Gecko) Chrome/79.0.3945.130 Safari/537.36 --> IN_VALUE
[DEBUG] HEADER:User-Agent: Mozilla/5.0 (Windows NT 10.0; Win64; x64) AppleWebKit/537.36 (KHTML, like Gecko) Chrome/79.0.3945.130 Safari/537.36 --> FIELD
[DEBUG] HEADER:Host: localhost:38858 --> IN_VALUE
[DEBUG] HEADER:Host: localhost:38858 --> FIELD
[DEBUG] HEADER:Accept: text/html, image/gif, image/jpeg, *; q=.2, */*; q=.2 --> IN_VALUE
[DEBUG] HEADER:Accept: text/html, image/gif, image/jpeg, *; q=.2, */*; q=.2 --> FIELD
[DEBUG] HEADER:Connection: keep-alive --> IN_VALUE
[DEBUG] HEADER:Connection: keep-alive --> FIELD
[DEBUG] HEADER --> CONTENT
[DEBUG] REQUEST for //localhost:38858/EchoServlet on HttpChannelOverHttp@380129b{s=HttpChannelState@7bf8633{s=IDLE rs=BLOCKING os=OPEN is=IDLE awp=false se=false i=true al=0},r=3,c=false/false,a=IDLE,uri=//localhost:38858/EchoServlet,age=0}
GET //localhost:38858/EchoServlet HTTP/1.1
Accept-Encoding: gzip
User-Agent: Mozilla/5.0 (Windows NT 10.0; Win64; x64) AppleWebKit/537.36 (KHTML, like Gecko) Chrome/79.0.3945.130 Safari/537.36
Host: localhost:38858
Accept: text/html, image/gif, image/jpeg, *; q=.2, */*; q=.2
Connection: keep-alive


[DEBUG] HttpConnection@42bd18a0::SocketChannelEndPoint@d47ed43{l=/127.0.0.1:38858,r=/127.0.0.1:42940,OPEN,fill=-,flush=-,to=0/30000}{io=0/0,kio=0,kro=1}->HttpConnection@42bd18a0[p=HttpParser{s=CONTENT,0 of -1},g=HttpGenerator@73351804{s=START}]=>HttpChannelOverHttp@380129b{s=HttpChannelState@7bf8633{s=IDLE rs=BLOCKING os=OPEN is=IDLE awp=false se=false i=true al=0},r=3,c=false/false,a=IDLE,uri=//localhost:38858/EchoServlet,age=0} parsed true HttpParser{s=CONTENT,0 of -1}
[DEBUG] releaseRequestBuffer HttpConnection@42bd18a0::SocketChannelEndPoint@d47ed43{l=/127.0.0.1:38858,r=/127.0.0.1:42940,OPEN,fill=-,flush=-,to=0/30000}{io=0/0,kio=0,kro=1}->HttpConnection@42bd18a0[p=HttpParser{s=CONTENT,0 of -1},g=HttpGenerator@73351804{s=START}]=>HttpChannelOverHttp@380129b{s=HttpChannelState@7bf8633{s=IDLE rs=BLOCKING os=OPEN is=IDLE awp=false se=false i=true al=0},r=3,c=false/false,a=IDLE,uri=//localhost:38858/EchoServlet,age=0}
[DEBUG] handle //localhost:38858/EchoServlet HttpChannelOverHttp@380129b{s=HttpChannelState@7bf8633{s=IDLE rs=BLOCKING os=OPEN is=IDLE awp=false se=false i=true al=0},r=3,c=false/false,a=IDLE,uri=//localhost:38858/EchoServlet,age=11} 
[DEBUG] handling HttpChannelState@7bf8633{s=IDLE rs=BLOCKING os=OPEN is=IDLE awp=false se=false i=true al=0}
[DEBUG] action DISPATCH HttpChannelOverHttp@380129b{s=HttpChannelState@7bf8633{s=HANDLING rs=BLOCKING os=OPEN is=IDLE awp=false se=false i=true al=0},r=3,c=false/false,a=HANDLING,uri=//localhost:38858/EchoServlet,age=11}
[DEBUG] REQUEST GET /EchoServlet on HttpChannelOverHttp@380129b{s=HttpChannelState@7bf8633{s=HANDLING rs=BLOCKING os=OPEN is=IDLE awp=false se=false i=true al=0},r=3,c=false/false,a=HANDLING,uri=//localhost:38858/EchoServlet,age=11}
[DEBUG] servlet null|/EchoServlet|null -> org.jsoup.integration.servlets.EchoServlet-422c3c7a==org.jsoup.integration.servlets.EchoServlet@66e2fba5{jsp=null,order=-1,inst=true,async=true,src=EMBEDDED:null,STARTED}
[DEBUG] chain=null
[DEBUG] write(array HeapByteBuffer@6598ad1f[p=0,l=235,c=512,r=235]={<<<<title>Webserver Environm...\n    <table border="0">>>>\x00\x00\x00\x00\x00\x00\x00\x00\x00...\x00\x00\x00\x00\x00\x00\x00})
[DEBUG] write(array) s=OPEN,api=BLOCKING,sc=false,e=null aggregated !flush DirectByteBuffer@1667663f[p=0,l=235,c=32768,r=235]={<<<<title>Webserver Environm...\n    <table border="0">>>><tr><th>M...\x00\x00\x00\x00\x00\x00\x00}
[DEBUG] write(array HeapByteBuffer@6dedb267[p=0,l=36,c=512,r=36]={<<<<tr><th>Method</th><td>GET</td></tr>>>>es</title...\x00\x00\x00\x00\x00\x00\x00})
[DEBUG] write(array) s=OPEN,api=BLOCKING,sc=false,e=null aggregated !flush DirectByteBuffer@1667663f[p=0,l=271,c=32768,r=271]={<<<<title>Webserver Environm...d</th><td>GET</td></tr>>>>\n<tr><th>...\x00\x00\x00\x00\x00\x00\x00}
[DEBUG] write(array HeapByteBuffer@10cd8354[p=0,l=1,c=512,r=1]={<<<\n>>>tr><th>Me...\x00\x00\x00\x00\x00\x00\x00})
[DEBUG] write(array) s=OPEN,api=BLOCKING,sc=false,e=null aggregated !flush DirectByteBuffer@1667663f[p=0,l=272,c=32768,r=272]={<<<<title>Webserver Environm...</th><td>GET</td></tr>\n>>><tr><th>R...\x00\x00\x00\x00\x00\x00\x00}
[DEBUG] write(array HeapByteBuffer@10426b83[p=0,l=50,c=512,r=50]={<<<<tr><th>Request URI</th><...>/EchoServlet</td></tr>>>> <style t...\x00\x00\x00\x00\x00\x00\x00})
[DEBUG] write(array) s=OPEN,api=BLOCKING,sc=false,e=null aggregated !flush DirectByteBuffer@1667663f[p=0,l=322,c=32768,r=322]={<<<<title>Webserver Environm...>/EchoServlet</td></tr>>>>\n<tr><th>...\x00\x00\x00\x00\x00\x00\x00}
[DEBUG] write(array HeapByteBuffer@3092dcc1[p=0,l=1,c=512,r=1]={<<<\n>>>tr><th>Re...\x00\x00\x00\x00\x00\x00\x00})
[DEBUG] write(array) s=OPEN,api=BLOCKING,sc=false,e=null aggregated !flush DirectByteBuffer@1667663f[p=0,l=323,c=32768,r=323]={<<<<title>Webserver Environm.../EchoServlet</td></tr>\n>>><tr><th>Q...\x00\x00\x00\x00\x00\x00\x00}
[DEBUG] write(array HeapByteBuffer@30ec3e3e[p=0,l=39,c=512,r=39]={<<<<tr><th>Query String</th><td></td></tr>>>>t</td></t...\x00\x00\x00\x00\x00\x00\x00})
[DEBUG] write(array) s=OPEN,api=BLOCKING,sc=false,e=null aggregated !flush DirectByteBuffer@1667663f[p=0,l=362,c=32768,r=362]={<<<<title>Webserver Environm...ring</th><td></td></tr>>>>\n<tr><th>...\x00\x00\x00\x00\x00\x00\x00}
[DEBUG] write(array HeapByteBuffer@4c47dc54[p=0,l=1,c=512,r=1]={<<<\n>>>tr><th>Qu...\x00\x00\x00\x00\x00\x00\x00})
[DEBUG] write(array) s=OPEN,api=BLOCKING,sc=false,e=null aggregated !flush DirectByteBuffer@1667663f[p=0,l=363,c=32768,r=363]={<<<<title>Webserver Environm...ing</th><td></td></tr>\n>>><tr><th>C...\x00\x00\x00\x00\x00\x00\x00}
[DEBUG] write(array HeapByteBuffer@4fdaa82c[p=0,l=85,c=512,r=85]={<<<<tr><th>Accept</th><td>te....2, */*; q=.2</td></tr>>>>, td, th ...\x00\x00\x00\x00\x00\x00\x00})
[DEBUG] write(array) s=OPEN,api=BLOCKING,sc=false,e=null aggregated !flush DirectByteBuffer@1667663f[p=0,l=448,c=32768,r=448]={<<<<title>Webserver Environm....2, */*; q=.2</td></tr>>>>html, ima...\x00\x00\x00\x00\x00\x00\x00}
[DEBUG] write(array HeapByteBuffer@698801c2[p=0,l=1,c=512,r=1]={<<<\n>>>tr><th>Ac...\x00\x00\x00\x00\x00\x00\x00})
[DEBUG] write(array) s=OPEN,api=BLOCKING,sc=false,e=null aggregated !flush DirectByteBuffer@1667663f[p=0,l=449,c=32768,r=449]={<<<<title>Webserver Environm...2, */*; q=.2</td></tr>\n>>>tml, imag...\x00\x00\x00\x00\x00\x00\x00}
[DEBUG] write(array HeapByteBuffer@3844df03[p=0,l=152,c=512,r=152]={<<<<tr><th>User-Agent</th><t...Safari/537.36</td></tr>>>>      th ...\x00\x00\x00\x00\x00\x00\x00})
[DEBUG] write(array) s=OPEN,api=BLOCKING,sc=false,e=null aggregated !flush DirectByteBuffer@1667663f[p=0,l=601,c=32768,r=601]={<<<<title>Webserver Environm...Safari/537.36</td></tr>>>> like Gec...\x00\x00\x00\x00\x00\x00\x00}
[DEBUG] write(array HeapByteBuffer@4a131123[p=0,l=1,c=512,r=1]={<<<\n>>>tr><th>Us...\x00\x00\x00\x00\x00\x00\x00})
[DEBUG] write(array) s=OPEN,api=BLOCKING,sc=false,e=null aggregated !flush DirectByteBuffer@1667663f[p=0,l=602,c=32768,r=602]={<<<<title>Webserver Environm...afari/537.36</td></tr>\n>>>like Geck...\x00\x00\x00\x00\x00\x00\x00}
[DEBUG] write(array HeapByteBuffer@50124b85[p=0,l=47,c=512,r=47]={<<<<tr><th>Connection</th><td>keep-alive</td></tr>>>> NT 10.0;...\x00\x00\x00\x00\x00\x00\x00})
[DEBUG] write(array) s=OPEN,api=BLOCKING,sc=false,e=null aggregated !flush DirectByteBuffer@1667663f[p=0,l=649,c=32768,r=649]={<<<<title>Webserver Environm...td>keep-alive</td></tr>>>>/td></tr>...\x00\x00\x00\x00\x00\x00\x00}
[DEBUG] write(array HeapByteBuffer@79bdc654[p=0,l=1,c=512,r=1]={<<<\n>>>tr><th>Co...\x00\x00\x00\x00\x00\x00\x00})
[DEBUG] write(array) s=OPEN,api=BLOCKING,sc=false,e=null aggregated !flush DirectByteBuffer@1667663f[p=0,l=650,c=32768,r=650]={<<<<title>Webserver Environm...d>keep-alive</td></tr>\n>>>td></tr>\n...\x00\x00\x00\x00\x00\x00\x00}
[DEBUG] write(array HeapByteBuffer@679fa2a7[p=0,l=46,c=512,r=46]={<<<<tr><th>Host</th><td>localhost:38858</td></tr>>>>> NT 10.0...\x00\x00\x00\x00\x00\x00\x00})
[DEBUG] write(array) s=OPEN,api=BLOCKING,sc=false,e=null aggregated !flush DirectByteBuffer@1667663f[p=0,l=696,c=32768,r=696]={<<<<title>Webserver Environm...calhost:38858</td></tr>>>></td></tr...\x00\x00\x00\x00\x00\x00\x00}
[DEBUG] write(array HeapByteBuffer@35d73d7e[p=0,l=1,c=512,r=1]={<<<\n>>>tr><th>Ho...\x00\x00\x00\x00\x00\x00\x00})
[DEBUG] write(array) s=OPEN,api=BLOCKING,sc=false,e=null aggregated !flush DirectByteBuffer@1667663f[p=0,l=697,c=32768,r=697]={<<<<title>Webserver Environm...alhost:38858</td></tr>\n>>>/td></tr>...\x00\x00\x00\x00\x00\x00\x00}
[DEBUG] write(array HeapByteBuffer@77db0622[p=0,l=46,c=512,r=46]={<<<<tr><th>Accept-Encoding</th><td>gzip</td></tr>>>>> NT 10.0...\x00\x00\x00\x00\x00\x00\x00})
[DEBUG] write(array) s=OPEN,api=BLOCKING,sc=false,e=null aggregated !flush DirectByteBuffer@1667663f[p=0,l=743,c=32768,r=743]={<<<<title>Webserver Environm...</th><td>gzip</td></tr>>>></td></tr...\x00\x00\x00\x00\x00\x00\x00}
[DEBUG] write(array HeapByteBuffer@6043f1eb[p=0,l=1,c=512,r=1]={<<<\n>>>tr><th>Ac...\x00\x00\x00\x00\x00\x00\x00})
[DEBUG] write(array) s=OPEN,api=BLOCKING,sc=false,e=null aggregated !flush DirectByteBuffer@1667663f[p=0,l=744,c=32768,r=744]={<<<<title>Webserver Environm.../th><td>gzip</td></tr>\n>>>/td></tr>...\x00\x00\x00\x00\x00\x00\x00}
[DEBUG] filled 0 HeapByteBuffer@78a30358[p=0,l=0,c=8192,r=0]={<<<>>>HTTP/1.1 ...\x00\x00\x00\x00\x00\x00\x00}
[DEBUG] filled 0 HeapByteBuffer@78a30358[p=0,l=0,c=8192,r=0]={<<<>>>HTTP/1.1 ...\x00\x00\x00\x00\x00\x00\x00}
[DEBUG] HttpConnection@42bd18a0::SocketChannelEndPoint@d47ed43{l=/127.0.0.1:38858,r=/127.0.0.1:42940,OPEN,fill=-,flush=-,to=14/30000}{io=0/0,kio=0,kro=1}->HttpConnection@42bd18a0[p=HttpParser{s=CONTENT,0 of -1},g=HttpGenerator@73351804{s=START}]=>HttpChannelOverHttp@380129b{s=HttpChannelState@7bf8633{s=HANDLING rs=BLOCKING os=OPEN is=IDLE awp=false se=false i=true al=0},r=3,c=false/false,a=HANDLING,uri=//localhost:38858/EchoServlet,age=14} filled 0 HeapByteBuffer@78a30358[p=0,l=0,c=8192,r=0]={<<<>>>HTTP/1.1 ...\x00\x00\x00\x00\x00\x00\x00}
[DEBUG] HttpConnection@42bd18a0::SocketChannelEndPoint@d47ed43{l=/127.0.0.1:38858,r=/127.0.0.1:42940,OPEN,fill=-,flush=-,to=14/30000}{io=0/0,kio=0,kro=1}->HttpConnection@42bd18a0[p=HttpParser{s=CONTENT,0 of -1},g=HttpGenerator@73351804{s=START}]=>HttpChannelOverHttp@380129b{s=HttpChannelState@7bf8633{s=HANDLING rs=BLOCKING os=OPEN is=IDLE awp=false se=false i=true al=0},r=3,c=false/false,a=HANDLING,uri=//localhost:38858/EchoServlet,age=14} parse HeapByteBuffer@78a30358[p=0,l=0,c=8192,r=0]={<<<>>>HTTP/1.1 ...\x00\x00\x00\x00\x00\x00\x00} {}
[DEBUG] parseNext s=CONTENT HeapByteBuffer@78a30358[p=0,l=0,c=8192,r=0]={<<<>>>HTTP/1.1 ...\x00\x00\x00\x00\x00\x00\x00}
[DEBUG] CONTENT --> CONTENT_END
[DEBUG] onContentComplete HttpChannelOverHttp@380129b{s=HttpChannelState@7bf8633{s=HANDLING rs=BLOCKING os=OPEN is=IDLE awp=false se=false i=true al=0},r=3,c=false/false,a=HANDLING,uri=//localhost:38858/EchoServlet,age=14}
[DEBUG] CONTENT_END --> END
[DEBUG] onRequestComplete HttpChannelOverHttp@380129b{s=HttpChannelState@7bf8633{s=HANDLING rs=BLOCKING os=OPEN is=IDLE awp=false se=false i=true al=0},r=3,c=false/false,a=HANDLING,uri=//localhost:38858/EchoServlet,age=14}
[DEBUG] HttpInputOverHTTP@8cf6f52[c=0,q=0,[0]=null,s=STREAM] addContent EOF
[DEBUG] HttpConnection@42bd18a0::SocketChannelEndPoint@d47ed43{l=/127.0.0.1:38858,r=/127.0.0.1:42940,OPEN,fill=-,flush=-,to=15/30000}{io=0/0,kio=0,kro=1}->HttpConnection@42bd18a0[p=HttpParser{s=END,0 of -1},g=HttpGenerator@73351804{s=START}]=>HttpChannelOverHttp@380129b{s=HttpChannelState@7bf8633{s=HANDLING rs=BLOCKING os=OPEN is=IDLE awp=false se=false i=true al=0},r=3,c=false/false,a=HANDLING,uri=//localhost:38858/EchoServlet,age=15} parsed false HttpParser{s=END,0 of -1}
[DEBUG] releaseRequestBuffer HttpConnection@42bd18a0::SocketChannelEndPoint@d47ed43{l=/127.0.0.1:38858,r=/127.0.0.1:42940,OPEN,fill=-,flush=-,to=15/30000}{io=0/0,kio=0,kro=1}->HttpConnection@42bd18a0[p=HttpParser{s=END,0 of -1},g=HttpGenerator@73351804{s=START}]=>HttpChannelOverHttp@380129b{s=HttpChannelState@7bf8633{s=HANDLING rs=BLOCKING os=OPEN is=IDLE awp=false se=false i=true al=0},r=3,c=false/false,a=HANDLING,uri=//localhost:38858/EchoServlet,age=15}
[DEBUG] onEof HttpChannelState@7bf8633{s=HANDLING rs=BLOCKING os=OPEN is=IDLE awp=false se=false i=true al=0}
[DEBUG] write(array HeapByteBuffer@7a53fdde[p=0,l=8,c=512,r=8]={<<<</table>>>>Accept-En...\x00\x00\x00\x00\x00\x00\x00})
[DEBUG] write(array) s=OPEN,api=BLOCKING,sc=false,e=null aggregated !flush DirectByteBuffer@1667663f[p=0,l=752,c=32768,r=752]={<<<<title>Webserver Environm...gzip</td></tr>\n</table>>>>>\n<tr><th...\x00\x00\x00\x00\x00\x00\x00}
[DEBUG] write(array HeapByteBuffer@76630327[p=0,l=1,c=512,r=1]={<<<\n>>>/table>Ac...\x00\x00\x00\x00\x00\x00\x00})
[DEBUG] write(array) s=OPEN,api=BLOCKING,sc=false,e=null aggregated !flush DirectByteBuffer@1667663f[p=0,l=753,c=32768,r=753]={<<<<title>Webserver Environm...zip</td></tr>\n</table>\n>>>\n<tr><th>...\x00\x00\x00\x00\x00\x00\x00}
[DEBUG] handled=true async=false committed=false on HttpChannelOverHttp@380129b{s=HttpChannelState@7bf8633{s=HANDLING rs=BLOCKING os=OPEN is=READY awp=false se=false i=true al=0},r=3,c=false/false,a=HANDLING,uri=//localhost:38858/EchoServlet,age=15}
[DEBUG] unhandle HttpChannelState@7bf8633{s=HANDLING rs=BLOCKING os=OPEN is=READY awp=false se=false i=true al=0}
[DEBUG] nextAction(false) COMPLETE HttpChannelState@7bf8633{s=HANDLING rs=COMPLETING os=OPEN is=READY awp=false se=false i=false al=0}
[DEBUG] action COMPLETE HttpChannelOverHttp@380129b{s=HttpChannelState@7bf8633{s=HANDLING rs=COMPLETING os=OPEN is=READY awp=false se=false i=false al=0},r=3,c=false/false,a=HANDLING,uri=//localhost:38858/EchoServlet,age=15}
[DEBUG] complete(org.eclipse.jetty.util.Callback$3@59a6f1df) s=CLOSING,api=BLOCKED,sc=false,e=null s=false e=null, c=DirectByteBuffer@1667663f[p=0,l=753,c=32768,r=753]={<<<<title>Webserver Environm...zip</td></tr>\n</table>\n>>>\n<tr><th>...\x00\x00\x00\x00\x00\x00\x00}
[DEBUG] sendResponse info=null content=DirectByteBuffer@1667663f[p=0,l=753,c=32768,r=753]={<<<<title>Webserver Environm...zip</td></tr>\n</table>\n>>>\n<tr><th>...\x00\x00\x00\x00\x00\x00\x00} complete=true committing=true callback=org.eclipse.jetty.server.HttpOutput$WriteCompleteCB@26959fa9
[DEBUG] COMMIT for /EchoServlet on HttpChannelOverHttp@380129b{s=HttpChannelState@7bf8633{s=HANDLING rs=COMPLETING os=COMMITTED is=READY awp=false se=false i=false al=0},r=3,c=false/false,a=HANDLING,uri=//localhost:38858/EchoServlet,age=15}
200 null HTTP/1.1
Date: Mon, 20 Sep 2021 19:30:10 GMT
Content-Type: text/html;charset=utf-8
Cache-Control: no-cache
Cache-Control: no-store


[DEBUG] generate: NEED_HEADER for SendCallback@5f75d958[PROCESSING][i=HTTP/1.1{s=200,h=4,cl=-1},cb=org.eclipse.jetty.server.HttpChannel$SendCallback@43cd3ba8] (null,[p=0,l=753,c=32768,r=753],true)@START
[DEBUG] generateHeaders HTTP/1.1{s=200,h=4,cl=-1} last=true content=DirectByteBuffer@1667663f[p=0,l=753,c=32768,r=753]={<<<<title>Webserver Environm...zip</td></tr>\n</table>\n>>>\n<tr><th>...\x00\x00\x00\x00\x00\x00\x00}
[DEBUG] Date: Mon, 20 Sep 2021 19:30:10 GMT
Content-Type: text/html;charset=utf-8
Cache-Control: no-cache
Cache-Control: no-store


[DEBUG] CONTENT_LENGTH
[DEBUG] generate: FLUSH for SendCallback@5f75d958[PROCESSING][i=HTTP/1.1{s=200,h=4,cl=-1},cb=org.eclipse.jetty.server.HttpChannel$SendCallback@43cd3ba8] ([p=0,l=199,c=8192,r=199],[p=0,l=753,c=32768,r=753],true)@COMPLETING
[DEBUG] write: WriteFlusher@21254e7e{IDLE}->null [HeapByteBuffer@22b9b50d[p=0,l=199,c=8192,r=199]={<<<HTTP/1.1 200 OK\r\nDate: Mo...y(9.4.43.v20210629)\r\n\r\n>>>8\r\nAccept...\x00\x00\x00\x00\x00\x00\x00},DirectByteBuffer@1667663f[p=0,l=753,c=32768,r=753]={<<<<title>Webserver Environm...zip</td></tr>\n</table>\n>>>\n<tr><th>...\x00\x00\x00\x00\x00\x00\x00}]
[DEBUG] update WriteFlusher@21254e7e{WRITING}->null:IDLE-->WRITING
]]></system-out>
  </testcase>
  <testcase name="bodyAndBytesAvailableBeforeParse" classname="org.jsoup.integration.ConnectTest" time="0.024">
    <system-out><![CDATA[[DEBUG] flushed 952 SocketChannelEndPoint@d47ed43{l=/127.0.0.1:38858,r=/127.0.0.1:42940,OPEN,fill=-,flush=W,to=29/30000}{io=0/0,kio=0,kro=1}->HttpConnection@42bd18a0[p=HttpParser{s=END,0 of -1},g=HttpGenerator@73351804{s=COMPLETING}]=>HttpChannelOverHttp@380129b{s=HttpChannelState@7bf8633{s=HANDLING rs=COMPLETING os=COMMITTED is=READY awp=false se=false i=false al=0},r=3,c=false/false,a=HANDLING,uri=//localhost:38858/EchoServlet,age=28}
[DEBUG] Flushed=true written=952 remaining=0 WriteFlusher@21254e7e{WRITING}->null
[DEBUG] update WriteFlusher@21254e7e{IDLE}->null:WRITING-->IDLE
[DEBUG] generate: DONE for SendCallback@5f75d958[PROCESSING][i=HTTP/1.1{s=200,h=4,cl=-1},cb=org.eclipse.jetty.server.HttpChannel$SendCallback@43cd3ba8] ([p=199,l=199,c=8192,r=0],[p=753,l=753,c=32768,r=0],true)@END
[DEBUG] onWriteComplete(true,null) s=CLOSING,api=BLOCKED,sc=false,e=null->s=CLOSED,api=BLOCKING,sc=false,e=null c=null cb=org.eclipse.jetty.util.Callback$3@59a6f1df w=false
[DEBUG] completed HttpChannelState@7bf8633{s=HANDLING rs=COMPLETING os=COMPLETED is=READY awp=false se=false i=false al=0}
[DEBUG] unhandle HttpChannelState@7bf8633{s=HANDLING rs=COMPLETED os=COMPLETED is=READY awp=false se=false i=false al=0}
[DEBUG] nextAction(false) TERMINATED HttpChannelState@7bf8633{s=IDLE rs=COMPLETED os=COMPLETED is=READY awp=false se=false i=false al=0}
[DEBUG] action TERMINATED HttpChannelOverHttp@380129b{s=HttpChannelState@7bf8633{s=IDLE rs=COMPLETED os=COMPLETED is=READY awp=false se=false i=false al=0},r=3,c=true/true,a=IDLE,uri=//localhost:38858/EchoServlet,age=29}
[DEBUG] onCompleted for /EchoServlet written=753
[DEBUG] recycle HttpChannelState@7bf8633{s=IDLE rs=COMPLETED os=COMPLETED is=READY awp=false se=false i=false al=0}
[DEBUG] reset HttpParser{s=END,0 of -1}
[DEBUG] END --> START
[DEBUG] !handle TERMINATED HttpChannelOverHttp@380129b{s=HttpChannelState@7bf8633{s=IDLE rs=BLOCKING os=OPEN is=IDLE awp=false se=false i=true al=0},r=3,c=false/false,a=IDLE,uri=null,age=0}
[DEBUG] filled 290 HeapByteBuffer@78a30358[p=0,l=290,c=8192,r=290]={<<<GET /EchoServlet HTTP/1.1...nection: keep-alive\r\n\r\n>>> *; q=.2,...\x00\x00\x00\x00\x00\x00\x00}
[DEBUG] HttpConnection@42bd18a0::SocketChannelEndPoint@d47ed43{l=/127.0.0.1:38858,r=/127.0.0.1:42940,OPEN,fill=-,flush=-,to=0/30000}{io=0/0,kio=0,kro=1}->HttpConnection@42bd18a0[p=HttpParser{s=START,0 of -1},g=HttpGenerator@73351804{s=START}]=>HttpChannelOverHttp@380129b{s=HttpChannelState@7bf8633{s=IDLE rs=BLOCKING os=OPEN is=IDLE awp=false se=false i=true al=0},r=3,c=false/false,a=IDLE,uri=null,age=0} filled 290 HeapByteBuffer@78a30358[p=0,l=290,c=8192,r=290]={<<<GET /EchoServlet HTTP/1.1...nection: keep-alive\r\n\r\n>>> *; q=.2,...\x00\x00\x00\x00\x00\x00\x00}
[DEBUG] HttpConnection@42bd18a0::SocketChannelEndPoint@d47ed43{l=/127.0.0.1:38858,r=/127.0.0.1:42940,OPEN,fill=-,flush=-,to=0/30000}{io=0/0,kio=0,kro=1}->HttpConnection@42bd18a0[p=HttpParser{s=START,0 of -1},g=HttpGenerator@73351804{s=START}]=>HttpChannelOverHttp@380129b{s=HttpChannelState@7bf8633{s=IDLE rs=BLOCKING os=OPEN is=IDLE awp=false se=false i=true al=0},r=3,c=false/false,a=IDLE,uri=null,age=0} parse HeapByteBuffer@78a30358[p=0,l=290,c=8192,r=290]={<<<GET /EchoServlet HTTP/1.1...nection: keep-alive\r\n\r\n>>> *; q=.2,...\x00\x00\x00\x00\x00\x00\x00} {}
[DEBUG] parseNext s=START HeapByteBuffer@78a30358[p=0,l=290,c=8192,r=290]={<<<GET /EchoServlet HTTP/1.1...nection: keep-alive\r\n\r\n>>> *; q=.2,...\x00\x00\x00\x00\x00\x00\x00}
[DEBUG] START --> SPACE1
[DEBUG] SPACE1 --> URI
[DEBUG] URI --> SPACE2
[DEBUG] SPACE2 --> REQUEST_VERSION
[DEBUG] REQUEST_VERSION --> HEADER
[DEBUG] HEADER:Accept-Encoding: gzip --> IN_VALUE
[DEBUG] HEADER:Accept-Encoding: gzip --> FIELD
[DEBUG] HEADER:User-Agent: Mozilla/5.0 (Windows NT 10.0; Win64; x64) AppleWebKit/537.36 (KHTML, like Gecko) Chrome/79.0.3945.130 Safari/537.36 --> IN_VALUE
[DEBUG] HEADER:User-Agent: Mozilla/5.0 (Windows NT 10.0; Win64; x64) AppleWebKit/537.36 (KHTML, like Gecko) Chrome/79.0.3945.130 Safari/537.36 --> FIELD
[DEBUG] HEADER:Host: localhost:38858 --> IN_VALUE
[DEBUG] HEADER:Host: localhost:38858 --> FIELD
[DEBUG] HEADER:Accept: text/html, image/gif, image/jpeg, *; q=.2, */*; q=.2 --> IN_VALUE
[DEBUG] HEADER:Accept: text/html, image/gif, image/jpeg, *; q=.2, */*; q=.2 --> FIELD
[DEBUG] HEADER:Connection: keep-alive --> IN_VALUE
[DEBUG] HEADER:Connection: keep-alive --> FIELD
[DEBUG] HEADER --> CONTENT
[DEBUG] REQUEST for //localhost:38858/EchoServlet on HttpChannelOverHttp@380129b{s=HttpChannelState@7bf8633{s=IDLE rs=BLOCKING os=OPEN is=IDLE awp=false se=false i=true al=0},r=4,c=false/false,a=IDLE,uri=//localhost:38858/EchoServlet,age=0}
GET //localhost:38858/EchoServlet HTTP/1.1
Accept-Encoding: gzip
User-Agent: Mozilla/5.0 (Windows NT 10.0; Win64; x64) AppleWebKit/537.36 (KHTML, like Gecko) Chrome/79.0.3945.130 Safari/537.36
Host: localhost:38858
Accept: text/html, image/gif, image/jpeg, *; q=.2, */*; q=.2
Connection: keep-alive


[DEBUG] HttpConnection@42bd18a0::SocketChannelEndPoint@d47ed43{l=/127.0.0.1:38858,r=/127.0.0.1:42940,OPEN,fill=-,flush=-,to=2/30000}{io=0/0,kio=0,kro=1}->HttpConnection@42bd18a0[p=HttpParser{s=CONTENT,0 of -1},g=HttpGenerator@73351804{s=START}]=>HttpChannelOverHttp@380129b{s=HttpChannelState@7bf8633{s=IDLE rs=BLOCKING os=OPEN is=IDLE awp=false se=false i=true al=0},r=4,c=false/false,a=IDLE,uri=//localhost:38858/EchoServlet,age=0} parsed true HttpParser{s=CONTENT,0 of -1}
[DEBUG] releaseRequestBuffer HttpConnection@42bd18a0::SocketChannelEndPoint@d47ed43{l=/127.0.0.1:38858,r=/127.0.0.1:42940,OPEN,fill=-,flush=-,to=2/30000}{io=0/0,kio=0,kro=1}->HttpConnection@42bd18a0[p=HttpParser{s=CONTENT,0 of -1},g=HttpGenerator@73351804{s=START}]=>HttpChannelOverHttp@380129b{s=HttpChannelState@7bf8633{s=IDLE rs=BLOCKING os=OPEN is=IDLE awp=false se=false i=true al=0},r=4,c=false/false,a=IDLE,uri=//localhost:38858/EchoServlet,age=0}
[DEBUG] handle //localhost:38858/EchoServlet HttpChannelOverHttp@380129b{s=HttpChannelState@7bf8633{s=IDLE rs=BLOCKING os=OPEN is=IDLE awp=false se=false i=true al=0},r=4,c=false/false,a=IDLE,uri=//localhost:38858/EchoServlet,age=0} 
[DEBUG] handling HttpChannelState@7bf8633{s=IDLE rs=BLOCKING os=OPEN is=IDLE awp=false se=false i=true al=0}
[DEBUG] action DISPATCH HttpChannelOverHttp@380129b{s=HttpChannelState@7bf8633{s=HANDLING rs=BLOCKING os=OPEN is=IDLE awp=false se=false i=true al=0},r=4,c=false/false,a=HANDLING,uri=//localhost:38858/EchoServlet,age=1}
[DEBUG] REQUEST GET /EchoServlet on HttpChannelOverHttp@380129b{s=HttpChannelState@7bf8633{s=HANDLING rs=BLOCKING os=OPEN is=IDLE awp=false se=false i=true al=0},r=4,c=false/false,a=HANDLING,uri=//localhost:38858/EchoServlet,age=1}
[DEBUG] servlet null|/EchoServlet|null -> org.jsoup.integration.servlets.EchoServlet-422c3c7a==org.jsoup.integration.servlets.EchoServlet@66e2fba5{jsp=null,order=-1,inst=true,async=true,src=EMBEDDED:null,STARTED}
[DEBUG] chain=null
[DEBUG] write(array HeapByteBuffer@2dd972cd[p=0,l=235,c=512,r=235]={<<<<title>Webserver Environm...\n    <table border="0">>>>\x00\x00\x00\x00\x00\x00\x00\x00\x00...\x00\x00\x00\x00\x00\x00\x00})
[DEBUG] write(array) s=OPEN,api=BLOCKING,sc=false,e=null aggregated !flush DirectByteBuffer@1492b79c[p=0,l=235,c=32768,r=235]={<<<<title>Webserver Environm...\n    <table border="0">>>><tr><th>M...\x00\x00\x00\x00\x00\x00\x00}
[DEBUG] write(array HeapByteBuffer@439f56a0[p=0,l=36,c=512,r=36]={<<<<tr><th>Method</th><td>GET</td></tr>>>>es</title...\x00\x00\x00\x00\x00\x00\x00})
[DEBUG] write(array) s=OPEN,api=BLOCKING,sc=false,e=null aggregated !flush DirectByteBuffer@1492b79c[p=0,l=271,c=32768,r=271]={<<<<title>Webserver Environm...d</th><td>GET</td></tr>>>>\n<tr><th>...\x00\x00\x00\x00\x00\x00\x00}
[DEBUG] write(array HeapByteBuffer@49fde1ad[p=0,l=1,c=512,r=1]={<<<\n>>>tr><th>Me...\x00\x00\x00\x00\x00\x00\x00})
[DEBUG] write(array) s=OPEN,api=BLOCKING,sc=false,e=null aggregated !flush DirectByteBuffer@1492b79c[p=0,l=272,c=32768,r=272]={<<<<title>Webserver Environm...</th><td>GET</td></tr>\n>>><tr><th>R...\x00\x00\x00\x00\x00\x00\x00}
[DEBUG] write(array HeapByteBuffer@63c78341[p=0,l=50,c=512,r=50]={<<<<tr><th>Request URI</th><...>/EchoServlet</td></tr>>>> <style t...\x00\x00\x00\x00\x00\x00\x00})
[DEBUG] write(array) s=OPEN,api=BLOCKING,sc=false,e=null aggregated !flush DirectByteBuffer@1492b79c[p=0,l=322,c=32768,r=322]={<<<<title>Webserver Environm...>/EchoServlet</td></tr>>>>\n<tr><th>...\x00\x00\x00\x00\x00\x00\x00}
[DEBUG] write(array HeapByteBuffer@56edaee[p=0,l=1,c=512,r=1]={<<<\n>>>tr><th>Re...\x00\x00\x00\x00\x00\x00\x00})
[DEBUG] write(array) s=OPEN,api=BLOCKING,sc=false,e=null aggregated !flush DirectByteBuffer@1492b79c[p=0,l=323,c=32768,r=323]={<<<<title>Webserver Environm.../EchoServlet</td></tr>\n>>><tr><th>Q...\x00\x00\x00\x00\x00\x00\x00}
[DEBUG] write(array HeapByteBuffer@3cfdb6b5[p=0,l=39,c=512,r=39]={<<<<tr><th>Query String</th><td></td></tr>>>>t</td></t...\x00\x00\x00\x00\x00\x00\x00})
[DEBUG] write(array) s=OPEN,api=BLOCKING,sc=false,e=null aggregated !flush DirectByteBuffer@1492b79c[p=0,l=362,c=32768,r=362]={<<<<title>Webserver Environm...ring</th><td></td></tr>>>>\n<tr><th>...\x00\x00\x00\x00\x00\x00\x00}
[DEBUG] write(array HeapByteBuffer@1aabc80e[p=0,l=1,c=512,r=1]={<<<\n>>>tr><th>Qu...\x00\x00\x00\x00\x00\x00\x00})
[DEBUG] write(array) s=OPEN,api=BLOCKING,sc=false,e=null aggregated !flush DirectByteBuffer@1492b79c[p=0,l=363,c=32768,r=363]={<<<<title>Webserver Environm...ing</th><td></td></tr>\n>>><tr><th>C...\x00\x00\x00\x00\x00\x00\x00}
[DEBUG] write(array HeapByteBuffer@45298d91[p=0,l=85,c=512,r=85]={<<<<tr><th>Accept</th><td>te....2, */*; q=.2</td></tr>>>>, td, th ...\x00\x00\x00\x00\x00\x00\x00})
[DEBUG] write(array) s=OPEN,api=BLOCKING,sc=false,e=null aggregated !flush DirectByteBuffer@1492b79c[p=0,l=448,c=32768,r=448]={<<<<title>Webserver Environm....2, */*; q=.2</td></tr>>>>html, ima...\x00\x00\x00\x00\x00\x00\x00}
[DEBUG] write(array HeapByteBuffer@36638670[p=0,l=1,c=512,r=1]={<<<\n>>>tr><th>Ac...\x00\x00\x00\x00\x00\x00\x00})
[DEBUG] write(array) s=OPEN,api=BLOCKING,sc=false,e=null aggregated !flush DirectByteBuffer@1492b79c[p=0,l=449,c=32768,r=449]={<<<<title>Webserver Environm...2, */*; q=.2</td></tr>\n>>>tml, imag...\x00\x00\x00\x00\x00\x00\x00}
[DEBUG] write(array HeapByteBuffer@67fad617[p=0,l=152,c=512,r=152]={<<<<tr><th>User-Agent</th><t...Safari/537.36</td></tr>>>>      th ...\x00\x00\x00\x00\x00\x00\x00})
[DEBUG] write(array) s=OPEN,api=BLOCKING,sc=false,e=null aggregated !flush DirectByteBuffer@1492b79c[p=0,l=601,c=32768,r=601]={<<<<title>Webserver Environm...Safari/537.36</td></tr>>>> like Gec...\x00\x00\x00\x00\x00\x00\x00}
[DEBUG] write(array HeapByteBuffer@23d5995e[p=0,l=1,c=512,r=1]={<<<\n>>>tr><th>Us...\x00\x00\x00\x00\x00\x00\x00})
[DEBUG] write(array) s=OPEN,api=BLOCKING,sc=false,e=null aggregated !flush DirectByteBuffer@1492b79c[p=0,l=602,c=32768,r=602]={<<<<title>Webserver Environm...afari/537.36</td></tr>\n>>>like Geck...\x00\x00\x00\x00\x00\x00\x00}
[DEBUG] write(array HeapByteBuffer@2a19ddb0[p=0,l=47,c=512,r=47]={<<<<tr><th>Connection</th><td>keep-alive</td></tr>>>> NT 10.0;...\x00\x00\x00\x00\x00\x00\x00})
[DEBUG] write(array) s=OPEN,api=BLOCKING,sc=false,e=null aggregated !flush DirectByteBuffer@1492b79c[p=0,l=649,c=32768,r=649]={<<<<title>Webserver Environm...td>keep-alive</td></tr>>>>/td></tr>...\x00\x00\x00\x00\x00\x00\x00}
[DEBUG] write(array HeapByteBuffer@639e85[p=0,l=1,c=512,r=1]={<<<\n>>>tr><th>Co...\x00\x00\x00\x00\x00\x00\x00})
[DEBUG] write(array) s=OPEN,api=BLOCKING,sc=false,e=null aggregated !flush DirectByteBuffer@1492b79c[p=0,l=650,c=32768,r=650]={<<<<title>Webserver Environm...d>keep-alive</td></tr>\n>>>td></tr>\n...\x00\x00\x00\x00\x00\x00\x00}
[DEBUG] write(array HeapByteBuffer@3118aaf0[p=0,l=46,c=512,r=46]={<<<<tr><th>Host</th><td>localhost:38858</td></tr>>>>> NT 10.0...\x00\x00\x00\x00\x00\x00\x00})
[DEBUG] write(array) s=OPEN,api=BLOCKING,sc=false,e=null aggregated !flush DirectByteBuffer@1492b79c[p=0,l=696,c=32768,r=696]={<<<<title>Webserver Environm...calhost:38858</td></tr>>>></td></tr...\x00\x00\x00\x00\x00\x00\x00}
[DEBUG] write(array HeapByteBuffer@3e88cae4[p=0,l=1,c=512,r=1]={<<<\n>>>tr><th>Ho...\x00\x00\x00\x00\x00\x00\x00})
[DEBUG] write(array) s=OPEN,api=BLOCKING,sc=false,e=null aggregated !flush DirectByteBuffer@1492b79c[p=0,l=697,c=32768,r=697]={<<<<title>Webserver Environm...alhost:38858</td></tr>\n>>>/td></tr>...\x00\x00\x00\x00\x00\x00\x00}
[DEBUG] write(array HeapByteBuffer@5a1864d8[p=0,l=46,c=512,r=46]={<<<<tr><th>Accept-Encoding</th><td>gzip</td></tr>>>>> NT 10.0...\x00\x00\x00\x00\x00\x00\x00})
[DEBUG] write(array) s=OPEN,api=BLOCKING,sc=false,e=null aggregated !flush DirectByteBuffer@1492b79c[p=0,l=743,c=32768,r=743]={<<<<title>Webserver Environm...</th><td>gzip</td></tr>>>></td></tr...\x00\x00\x00\x00\x00\x00\x00}
[DEBUG] write(array HeapByteBuffer@46134ea8[p=0,l=1,c=512,r=1]={<<<\n>>>tr><th>Ac...\x00\x00\x00\x00\x00\x00\x00})
[DEBUG] write(array) s=OPEN,api=BLOCKING,sc=false,e=null aggregated !flush DirectByteBuffer@1492b79c[p=0,l=744,c=32768,r=744]={<<<<title>Webserver Environm.../th><td>gzip</td></tr>\n>>>/td></tr>...\x00\x00\x00\x00\x00\x00\x00}
[DEBUG] filled 0 HeapByteBuffer@22b9b50d[p=0,l=0,c=8192,r=0]={<<<>>>HTTP/1.1 ...\x00\x00\x00\x00\x00\x00\x00}
[DEBUG] filled 0 HeapByteBuffer@22b9b50d[p=0,l=0,c=8192,r=0]={<<<>>>HTTP/1.1 ...\x00\x00\x00\x00\x00\x00\x00}
[DEBUG] HttpConnection@42bd18a0::SocketChannelEndPoint@d47ed43{l=/127.0.0.1:38858,r=/127.0.0.1:42940,OPEN,fill=-,flush=-,to=14/30000}{io=0/0,kio=0,kro=1}->HttpConnection@42bd18a0[p=HttpParser{s=CONTENT,0 of -1},g=HttpGenerator@73351804{s=START}]=>HttpChannelOverHttp@380129b{s=HttpChannelState@7bf8633{s=HANDLING rs=BLOCKING os=OPEN is=IDLE awp=false se=false i=true al=0},r=4,c=false/false,a=HANDLING,uri=//localhost:38858/EchoServlet,age=12} filled 0 HeapByteBuffer@22b9b50d[p=0,l=0,c=8192,r=0]={<<<>>>HTTP/1.1 ...\x00\x00\x00\x00\x00\x00\x00}
[DEBUG] HttpConnection@42bd18a0::SocketChannelEndPoint@d47ed43{l=/127.0.0.1:38858,r=/127.0.0.1:42940,OPEN,fill=-,flush=-,to=14/30000}{io=0/0,kio=0,kro=1}->HttpConnection@42bd18a0[p=HttpParser{s=CONTENT,0 of -1},g=HttpGenerator@73351804{s=START}]=>HttpChannelOverHttp@380129b{s=HttpChannelState@7bf8633{s=HANDLING rs=BLOCKING os=OPEN is=IDLE awp=false se=false i=true al=0},r=4,c=false/false,a=HANDLING,uri=//localhost:38858/EchoServlet,age=12} parse HeapByteBuffer@22b9b50d[p=0,l=0,c=8192,r=0]={<<<>>>HTTP/1.1 ...\x00\x00\x00\x00\x00\x00\x00} {}
[DEBUG] parseNext s=CONTENT HeapByteBuffer@22b9b50d[p=0,l=0,c=8192,r=0]={<<<>>>HTTP/1.1 ...\x00\x00\x00\x00\x00\x00\x00}
[DEBUG] CONTENT --> CONTENT_END
[DEBUG] onContentComplete HttpChannelOverHttp@380129b{s=HttpChannelState@7bf8633{s=HANDLING rs=BLOCKING os=OPEN is=IDLE awp=false se=false i=true al=0},r=4,c=false/false,a=HANDLING,uri=//localhost:38858/EchoServlet,age=12}
[DEBUG] CONTENT_END --> END
[DEBUG] onRequestComplete HttpChannelOverHttp@380129b{s=HttpChannelState@7bf8633{s=HANDLING rs=BLOCKING os=OPEN is=IDLE awp=false se=false i=true al=0},r=4,c=false/false,a=HANDLING,uri=//localhost:38858/EchoServlet,age=12}
[DEBUG] HttpInputOverHTTP@8cf6f52[c=0,q=0,[0]=null,s=STREAM] addContent EOF
[DEBUG] HttpConnection@42bd18a0::SocketChannelEndPoint@d47ed43{l=/127.0.0.1:38858,r=/127.0.0.1:42940,OPEN,fill=-,flush=-,to=14/30000}{io=0/0,kio=0,kro=1}->HttpConnection@42bd18a0[p=HttpParser{s=END,0 of -1},g=HttpGenerator@73351804{s=START}]=>HttpChannelOverHttp@380129b{s=HttpChannelState@7bf8633{s=HANDLING rs=BLOCKING os=OPEN is=IDLE awp=false se=false i=true al=0},r=4,c=false/false,a=HANDLING,uri=//localhost:38858/EchoServlet,age=12} parsed false HttpParser{s=END,0 of -1}
[DEBUG] releaseRequestBuffer HttpConnection@42bd18a0::SocketChannelEndPoint@d47ed43{l=/127.0.0.1:38858,r=/127.0.0.1:42940,OPEN,fill=-,flush=-,to=14/30000}{io=0/0,kio=0,kro=1}->HttpConnection@42bd18a0[p=HttpParser{s=END,0 of -1},g=HttpGenerator@73351804{s=START}]=>HttpChannelOverHttp@380129b{s=HttpChannelState@7bf8633{s=HANDLING rs=BLOCKING os=OPEN is=IDLE awp=false se=false i=true al=0},r=4,c=false/false,a=HANDLING,uri=//localhost:38858/EchoServlet,age=13}
[DEBUG] onEof HttpChannelState@7bf8633{s=HANDLING rs=BLOCKING os=OPEN is=IDLE awp=false se=false i=true al=0}
[DEBUG] write(array HeapByteBuffer@322833b0[p=0,l=8,c=512,r=8]={<<<</table>>>>Accept-En...\x00\x00\x00\x00\x00\x00\x00})
[DEBUG] write(array) s=OPEN,api=BLOCKING,sc=false,e=null aggregated !flush DirectByteBuffer@1492b79c[p=0,l=752,c=32768,r=752]={<<<<title>Webserver Environm...gzip</td></tr>\n</table>>>>>\n<tr><th...\x00\x00\x00\x00\x00\x00\x00}
[DEBUG] write(array HeapByteBuffer@4a8f10fb[p=0,l=1,c=512,r=1]={<<<\n>>>/table>Ac...\x00\x00\x00\x00\x00\x00\x00})
[DEBUG] write(array) s=OPEN,api=BLOCKING,sc=false,e=null aggregated !flush DirectByteBuffer@1492b79c[p=0,l=753,c=32768,r=753]={<<<<title>Webserver Environm...zip</td></tr>\n</table>\n>>>\n<tr><th>...\x00\x00\x00\x00\x00\x00\x00}
[DEBUG] handled=true async=false committed=false on HttpChannelOverHttp@380129b{s=HttpChannelState@7bf8633{s=HANDLING rs=BLOCKING os=OPEN is=READY awp=false se=false i=true al=0},r=4,c=false/false,a=HANDLING,uri=//localhost:38858/EchoServlet,age=13}
[DEBUG] unhandle HttpChannelState@7bf8633{s=HANDLING rs=BLOCKING os=OPEN is=READY awp=false se=false i=true al=0}
[DEBUG] nextAction(false) COMPLETE HttpChannelState@7bf8633{s=HANDLING rs=COMPLETING os=OPEN is=READY awp=false se=false i=false al=0}
[DEBUG] action COMPLETE HttpChannelOverHttp@380129b{s=HttpChannelState@7bf8633{s=HANDLING rs=COMPLETING os=OPEN is=READY awp=false se=false i=false al=0},r=4,c=false/false,a=HANDLING,uri=//localhost:38858/EchoServlet,age=13}
[DEBUG] complete(org.eclipse.jetty.util.Callback$3@532893d6) s=CLOSING,api=BLOCKED,sc=false,e=null s=false e=null, c=DirectByteBuffer@1492b79c[p=0,l=753,c=32768,r=753]={<<<<title>Webserver Environm...zip</td></tr>\n</table>\n>>>\n<tr><th>...\x00\x00\x00\x00\x00\x00\x00}
[DEBUG] sendResponse info=null content=DirectByteBuffer@1492b79c[p=0,l=753,c=32768,r=753]={<<<<title>Webserver Environm...zip</td></tr>\n</table>\n>>>\n<tr><th>...\x00\x00\x00\x00\x00\x00\x00} complete=true committing=true callback=org.eclipse.jetty.server.HttpOutput$WriteCompleteCB@f12f115
[DEBUG] COMMIT for /EchoServlet on HttpChannelOverHttp@380129b{s=HttpChannelState@7bf8633{s=HANDLING rs=COMPLETING os=COMMITTED is=READY awp=false se=false i=false al=0},r=4,c=false/false,a=HANDLING,uri=//localhost:38858/EchoServlet,age=13}
200 null HTTP/1.1
Date: Mon, 20 Sep 2021 19:30:10 GMT
Content-Type: text/html;charset=utf-8
Cache-Control: no-cache
Cache-Control: no-store


[DEBUG] generate: NEED_HEADER for SendCallback@5f75d958[PROCESSING][i=HTTP/1.1{s=200,h=4,cl=-1},cb=org.eclipse.jetty.server.HttpChannel$SendCallback@7c54f6f4] (null,[p=0,l=753,c=32768,r=753],true)@START
[DEBUG] generateHeaders HTTP/1.1{s=200,h=4,cl=-1} last=true content=DirectByteBuffer@1492b79c[p=0,l=753,c=32768,r=753]={<<<<title>Webserver Environm...zip</td></tr>\n</table>\n>>>\n<tr><th>...\x00\x00\x00\x00\x00\x00\x00}
[DEBUG] Date: Mon, 20 Sep 2021 19:30:10 GMT
Content-Type: text/html;charset=utf-8
Cache-Control: no-cache
Cache-Control: no-store


[DEBUG] CONTENT_LENGTH
[DEBUG] generate: FLUSH for SendCallback@5f75d958[PROCESSING][i=HTTP/1.1{s=200,h=4,cl=-1},cb=org.eclipse.jetty.server.HttpChannel$SendCallback@7c54f6f4] ([p=0,l=199,c=8192,r=199],[p=0,l=753,c=32768,r=753],true)@COMPLETING
[DEBUG] write: WriteFlusher@21254e7e{IDLE}->null [HeapByteBuffer@78a30358[p=0,l=199,c=8192,r=199]={<<<HTTP/1.1 200 OK\r\nDate: Mo...y(9.4.43.v20210629)\r\n\r\n>>>8\r\nAccept...\x00\x00\x00\x00\x00\x00\x00},DirectByteBuffer@1492b79c[p=0,l=753,c=32768,r=753]={<<<<title>Webserver Environm...zip</td></tr>\n</table>\n>>>\n<tr><th>...\x00\x00\x00\x00\x00\x00\x00}]
[DEBUG] update WriteFlusher@21254e7e{WRITING}->null:IDLE-->WRITING
]]></system-out>
  </testcase>
  <testcase name="postHtmlFile" classname="org.jsoup.integration.ConnectTest" time="0.119">
    <system-out><![CDATA[[DEBUG] flushed 952 SocketChannelEndPoint@d47ed43{l=/127.0.0.1:38858,r=/127.0.0.1:42940,OPEN,fill=-,flush=W,to=25/30000}{io=0/0,kio=0,kro=1}->HttpConnection@42bd18a0[p=HttpParser{s=END,0 of -1},g=HttpGenerator@73351804{s=COMPLETING}]=>HttpChannelOverHttp@380129b{s=HttpChannelState@7bf8633{s=HANDLING rs=COMPLETING os=COMMITTED is=READY awp=false se=false i=false al=0},r=4,c=false/false,a=HANDLING,uri=//localhost:38858/EchoServlet,age=23}
[DEBUG] Flushed=true written=952 remaining=0 WriteFlusher@21254e7e{WRITING}->null
[DEBUG] update WriteFlusher@21254e7e{IDLE}->null:WRITING-->IDLE
[DEBUG] generate: DONE for SendCallback@5f75d958[PROCESSING][i=HTTP/1.1{s=200,h=4,cl=-1},cb=org.eclipse.jetty.server.HttpChannel$SendCallback@7c54f6f4] ([p=199,l=199,c=8192,r=0],[p=753,l=753,c=32768,r=0],true)@END
[DEBUG] onWriteComplete(true,null) s=CLOSING,api=BLOCKED,sc=false,e=null->s=CLOSED,api=BLOCKING,sc=false,e=null c=null cb=org.eclipse.jetty.util.Callback$3@532893d6 w=false
[DEBUG] completed HttpChannelState@7bf8633{s=HANDLING rs=COMPLETING os=COMPLETED is=READY awp=false se=false i=false al=0}
[DEBUG] unhandle HttpChannelState@7bf8633{s=HANDLING rs=COMPLETED os=COMPLETED is=READY awp=false se=false i=false al=0}
[DEBUG] nextAction(false) TERMINATED HttpChannelState@7bf8633{s=IDLE rs=COMPLETED os=COMPLETED is=READY awp=false se=false i=false al=0}
[DEBUG] action TERMINATED HttpChannelOverHttp@380129b{s=HttpChannelState@7bf8633{s=IDLE rs=COMPLETED os=COMPLETED is=READY awp=false se=false i=false al=0},r=4,c=true/true,a=IDLE,uri=//localhost:38858/EchoServlet,age=39}
[DEBUG] onCompleted for /EchoServlet written=753
[DEBUG] recycle HttpChannelState@7bf8633{s=IDLE rs=COMPLETED os=COMPLETED is=READY awp=false se=false i=false al=0}
[DEBUG] reset HttpParser{s=END,0 of -1}
[DEBUG] END --> START
[DEBUG] !handle TERMINATED HttpChannelOverHttp@380129b{s=HttpChannelState@7bf8633{s=IDLE rs=BLOCKING os=OPEN is=IDLE awp=false se=false i=true al=0},r=4,c=false/false,a=IDLE,uri=null,age=0}
[DEBUG] filled 317 HeapByteBuffer@22b9b50d[p=0,l=317,c=8192,r=317]={<<<GET /FileServlet/htmltest...nection: keep-alive\r\n\r\n>>>ve\r\n\r\n; q...\x00\x00\x00\x00\x00\x00\x00}
[DEBUG] HttpConnection@42bd18a0::SocketChannelEndPoint@d47ed43{l=/127.0.0.1:38858,r=/127.0.0.1:42940,OPEN,fill=-,flush=-,to=0/30000}{io=0/0,kio=0,kro=1}->HttpConnection@42bd18a0[p=HttpParser{s=START,0 of -1},g=HttpGenerator@73351804{s=START}]=>HttpChannelOverHttp@380129b{s=HttpChannelState@7bf8633{s=IDLE rs=BLOCKING os=OPEN is=IDLE awp=false se=false i=true al=0},r=4,c=false/false,a=IDLE,uri=null,age=0} filled 317 HeapByteBuffer@22b9b50d[p=0,l=317,c=8192,r=317]={<<<GET /FileServlet/htmltest...nection: keep-alive\r\n\r\n>>>ve\r\n\r\n; q...\x00\x00\x00\x00\x00\x00\x00}
[DEBUG] HttpConnection@42bd18a0::SocketChannelEndPoint@d47ed43{l=/127.0.0.1:38858,r=/127.0.0.1:42940,OPEN,fill=-,flush=-,to=1/30000}{io=0/0,kio=0,kro=1}->HttpConnection@42bd18a0[p=HttpParser{s=START,0 of -1},g=HttpGenerator@73351804{s=START}]=>HttpChannelOverHttp@380129b{s=HttpChannelState@7bf8633{s=IDLE rs=BLOCKING os=OPEN is=IDLE awp=false se=false i=true al=0},r=4,c=false/false,a=IDLE,uri=null,age=0} parse HeapByteBuffer@22b9b50d[p=0,l=317,c=8192,r=317]={<<<GET /FileServlet/htmltest...nection: keep-alive\r\n\r\n>>>ve\r\n\r\n; q...\x00\x00\x00\x00\x00\x00\x00} {}
[DEBUG] parseNext s=START HeapByteBuffer@22b9b50d[p=0,l=317,c=8192,r=317]={<<<GET /FileServlet/htmltest...nection: keep-alive\r\n\r\n>>>ve\r\n\r\n; q...\x00\x00\x00\x00\x00\x00\x00}
[DEBUG] START --> SPACE1
[DEBUG] SPACE1 --> URI
[DEBUG] URI --> SPACE2
[DEBUG] SPACE2 --> REQUEST_VERSION
[DEBUG] REQUEST_VERSION --> HEADER
[DEBUG] HEADER:Accept-Encoding: gzip --> IN_VALUE
[DEBUG] HEADER:Accept-Encoding: gzip --> FIELD
[DEBUG] HEADER:User-Agent: Mozilla/5.0 (Windows NT 10.0; Win64; x64) AppleWebKit/537.36 (KHTML, like Gecko) Chrome/79.0.3945.130 Safari/537.36 --> IN_VALUE
[DEBUG] HEADER:User-Agent: Mozilla/5.0 (Windows NT 10.0; Win64; x64) AppleWebKit/537.36 (KHTML, like Gecko) Chrome/79.0.3945.130 Safari/537.36 --> FIELD
[DEBUG] HEADER:Host: localhost:38858 --> IN_VALUE
[DEBUG] HEADER:Host: localhost:38858 --> FIELD
[DEBUG] HEADER:Accept: text/html, image/gif, image/jpeg, *; q=.2, */*; q=.2 --> IN_VALUE
[DEBUG] HEADER:Accept: text/html, image/gif, image/jpeg, *; q=.2, */*; q=.2 --> FIELD
[DEBUG] HEADER:Connection: keep-alive --> IN_VALUE
[DEBUG] HEADER:Connection: keep-alive --> FIELD
[DEBUG] HEADER --> CONTENT
[DEBUG] REQUEST for //localhost:38858/FileServlet/htmltests/upload-form.html on HttpChannelOverHttp@380129b{s=HttpChannelState@7bf8633{s=IDLE rs=BLOCKING os=OPEN is=IDLE awp=false se=false i=true al=0},r=5,c=false/false,a=IDLE,uri=//localhost:38858/FileServlet/htmltests/upload-form.html,age=0}
GET //localhost:38858/FileServlet/htmltests/upload-form.html HTTP/1.1
Accept-Encoding: gzip
User-Agent: Mozilla/5.0 (Windows NT 10.0; Win64; x64) AppleWebKit/537.36 (KHTML, like Gecko) Chrome/79.0.3945.130 Safari/537.36
Host: localhost:38858
Accept: text/html, image/gif, image/jpeg, *; q=.2, */*; q=.2
Connection: keep-alive


[DEBUG] HttpConnection@42bd18a0::SocketChannelEndPoint@d47ed43{l=/127.0.0.1:38858,r=/127.0.0.1:42940,OPEN,fill=-,flush=-,to=3/30000}{io=0/0,kio=0,kro=1}->HttpConnection@42bd18a0[p=HttpParser{s=CONTENT,0 of -1},g=HttpGenerator@73351804{s=START}]=>HttpChannelOverHttp@380129b{s=HttpChannelState@7bf8633{s=IDLE rs=BLOCKING os=OPEN is=IDLE awp=false se=false i=true al=0},r=5,c=false/false,a=IDLE,uri=//localhost:38858/FileServlet/htmltests/upload-form.html,age=0} parsed true HttpParser{s=CONTENT,0 of -1}
[DEBUG] releaseRequestBuffer HttpConnection@42bd18a0::SocketChannelEndPoint@d47ed43{l=/127.0.0.1:38858,r=/127.0.0.1:42940,OPEN,fill=-,flush=-,to=3/30000}{io=0/0,kio=0,kro=1}->HttpConnection@42bd18a0[p=HttpParser{s=CONTENT,0 of -1},g=HttpGenerator@73351804{s=START}]=>HttpChannelOverHttp@380129b{s=HttpChannelState@7bf8633{s=IDLE rs=BLOCKING os=OPEN is=IDLE awp=false se=false i=true al=0},r=5,c=false/false,a=IDLE,uri=//localhost:38858/FileServlet/htmltests/upload-form.html,age=0}
[DEBUG] handle //localhost:38858/FileServlet/htmltests/upload-form.html HttpChannelOverHttp@380129b{s=HttpChannelState@7bf8633{s=IDLE rs=BLOCKING os=OPEN is=IDLE awp=false se=false i=true al=0},r=5,c=false/false,a=IDLE,uri=//localhost:38858/FileServlet/htmltests/upload-form.html,age=0} 
[DEBUG] handling HttpChannelState@7bf8633{s=IDLE rs=BLOCKING os=OPEN is=IDLE awp=false se=false i=true al=0}
[DEBUG] action DISPATCH HttpChannelOverHttp@380129b{s=HttpChannelState@7bf8633{s=HANDLING rs=BLOCKING os=OPEN is=IDLE awp=false se=false i=true al=0},r=5,c=false/false,a=HANDLING,uri=//localhost:38858/FileServlet/htmltests/upload-form.html,age=1}
[DEBUG] REQUEST GET /FileServlet/htmltests/upload-form.html on HttpChannelOverHttp@380129b{s=HttpChannelState@7bf8633{s=HANDLING rs=BLOCKING os=OPEN is=IDLE awp=false se=false i=true al=0},r=5,c=false/false,a=HANDLING,uri=//localhost:38858/FileServlet/htmltests/upload-form.html,age=1}
[DEBUG] servlet null|/FileServlet|/htmltests/upload-form.html -> org.jsoup.integration.servlets.FileServlet-3fffff43==org.jsoup.integration.servlets.FileServlet@bc0855c5{jsp=null,order=-1,inst=true,async=true,src=EMBEDDED:null,STARTED}
[DEBUG] chain=null
[DEBUG] write(array HeapByteBuffer@4eee294d[p=0,l=404,c=8192,r=404]={<<<<html>\n<head>\n  <title>Up...form>\n\n</body>\n</html>\n>>>\x00\x00\x00\x00\x00\x00\x00\x00\x00...\x00\x00\x00\x00\x00\x00\x00})
[DEBUG] write(array) s=OPEN,api=BLOCKING,sc=false,e=null aggregated !flush DirectByteBuffer@1667663f[p=0,l=404,c=32768,r=404]={<<<<html>\n<head>\n  <title>Up...form>\n\n</body>\n</html>\n>>>if, image...\x00\x00\x00\x00\x00\x00\x00}
[DEBUG] sendResponse info=null content=DirectByteBuffer@1667663f[p=0,l=404,c=32768,r=404]={<<<<html>\n<head>\n  <title>Up...form>\n\n</body>\n</html>\n>>>if, image...\x00\x00\x00\x00\x00\x00\x00} complete=false committing=true callback=Blocker@594fb565{null}
[DEBUG] COMMIT for /FileServlet/htmltests/upload-form.html on HttpChannelOverHttp@380129b{s=HttpChannelState@7bf8633{s=HANDLING rs=BLOCKING os=COMMITTED is=IDLE awp=false se=false i=true al=0},r=5,c=false/false,a=HANDLING,uri=//localhost:38858/FileServlet/htmltests/upload-form.html,age=1}
200 null HTTP/1.1
Date: Mon, 20 Sep 2021 19:30:10 GMT
Content-Type: text/html


[DEBUG] generate: NEED_HEADER for SendCallback@5f75d958[PROCESSING][i=HTTP/1.1{s=200,h=2,cl=-1},cb=org.eclipse.jetty.server.HttpChannel$SendCallback@414d7d00] (null,[p=0,l=404,c=32768,r=404],false)@START
[DEBUG] generateHeaders HTTP/1.1{s=200,h=2,cl=-1} last=false content=DirectByteBuffer@1667663f[p=0,l=404,c=32768,r=404]={<<<<html>\n<head>\n  <title>Up...form>\n\n</body>\n</html>\n>>>if, image...\x00\x00\x00\x00\x00\x00\x00}
[DEBUG] Date: Mon, 20 Sep 2021 19:30:10 GMT
Content-Type: text/html


[DEBUG] CHUNKED_CONTENT
[DEBUG] generate: FLUSH for SendCallback@5f75d958[PROCESSING][i=HTTP/1.1{s=200,h=2,cl=-1},cb=org.eclipse.jetty.server.HttpChannel$SendCallback@414d7d00] ([p=0,l=147,c=8192,r=147],[p=0,l=404,c=32768,r=404],false)@COMMITTED
[DEBUG] write: WriteFlusher@21254e7e{IDLE}->null [HeapByteBuffer@78a30358[p=0,l=147,c=8192,r=147]={<<<HTTP/1.1 200 OK\r\nDate: Mo....43.v20210629)\r\n\r\n194\r\n>>>ent-Lengt...\x00\x00\x00\x00\x00\x00\x00},DirectByteBuffer@1667663f[p=0,l=404,c=32768,r=404]={<<<<html>\n<head>\n  <title>Up...form>\n\n</body>\n</html>\n>>>if, image...\x00\x00\x00\x00\x00\x00\x00}]
[DEBUG] update WriteFlusher@21254e7e{WRITING}->null:IDLE-->WRITING
[DEBUG] flushed 551 SocketChannelEndPoint@d47ed43{l=/127.0.0.1:38858,r=/127.0.0.1:42940,OPEN,fill=-,flush=W,to=8/30000}{io=0/0,kio=0,kro=1}->HttpConnection@42bd18a0[p=HttpParser{s=CONTENT,0 of -1},g=HttpGenerator@73351804{s=COMMITTED}]=>HttpChannelOverHttp@380129b{s=HttpChannelState@7bf8633{s=HANDLING rs=BLOCKING os=COMMITTED is=IDLE awp=false se=false i=true al=0},r=5,c=false/false,a=HANDLING,uri=//localhost:38858/FileServlet/htmltests/upload-form.html,age=6}
[DEBUG] Flushed=true written=551 remaining=0 WriteFlusher@21254e7e{WRITING}->null
[DEBUG] update WriteFlusher@21254e7e{IDLE}->null:WRITING-->IDLE
[DEBUG] generate: DONE for SendCallback@5f75d958[PROCESSING][i=HTTP/1.1{s=200,h=2,cl=-1},cb=org.eclipse.jetty.server.HttpChannel$SendCallback@414d7d00] ([p=147,l=147,c=8192,r=0],[p=404,l=404,c=32768,r=0],false)@COMMITTED
[DEBUG] onWriteComplete(false,null) s=OPEN,api=BLOCKED,sc=false,e=null->s=OPEN,api=BLOCKING,sc=false,e=null c=null cb=null w=false
[DEBUG] handled=true async=false committed=true on HttpChannelOverHttp@380129b{s=HttpChannelState@7bf8633{s=HANDLING rs=BLOCKING os=COMMITTED is=IDLE awp=false se=false i=true al=0},r=5,c=false/false,a=HANDLING,uri=//localhost:38858/FileServlet/htmltests/upload-form.html,age=6}
[DEBUG] unhandle HttpChannelState@7bf8633{s=HANDLING rs=BLOCKING os=COMMITTED is=IDLE awp=false se=false i=true al=0}
[DEBUG] nextAction(false) COMPLETE HttpChannelState@7bf8633{s=HANDLING rs=COMPLETING os=COMMITTED is=IDLE awp=false se=false i=false al=0}
[DEBUG] action COMPLETE HttpChannelOverHttp@380129b{s=HttpChannelState@7bf8633{s=HANDLING rs=COMPLETING os=COMMITTED is=IDLE awp=false se=false i=false al=0},r=5,c=false/false,a=HANDLING,uri=//localhost:38858/FileServlet/htmltests/upload-form.html,age=6}
[DEBUG] complete(org.eclipse.jetty.util.Callback$3@1af5d08b) s=CLOSING,api=BLOCKED,sc=false,e=null s=false e=null, c=HeapByteBuffer@11848662[p=0,l=0,c=0,r=0]={<<<>>>}
[DEBUG] sendResponse info=null content=HeapByteBuffer@11848662[p=0,l=0,c=0,r=0]={<<<>>>} complete=true committing=false callback=org.eclipse.jetty.server.HttpOutput$WriteCompleteCB@256e26d9
[DEBUG] generate: CONTINUE for SendCallback@5f75d958[PROCESSING][i=null,cb=org.eclipse.jetty.server.HttpChannel$SendCallback@1ae4b8c] (null,[p=0,l=0,c=0,r=0],true)@COMPLETING
[DEBUG] generate: NEED_CHUNK for SendCallback@5f75d958[PROCESSING][i=null,cb=org.eclipse.jetty.server.HttpChannel$SendCallback@1ae4b8c] (null,[p=0,l=0,c=0,r=0],true)@COMPLETING
[DEBUG] generate: FLUSH for SendCallback@5f75d958[PROCESSING][i=null,cb=org.eclipse.jetty.server.HttpChannel$SendCallback@1ae4b8c] (null,[p=0,l=0,c=0,r=0],true)@COMPLETING
[DEBUG] write: WriteFlusher@21254e7e{IDLE}->null [HeapByteBuffer@690742bb[p=0,l=7,c=1024,r=7]={<<<\r\n0\r\n\r\n>>>\x00\x00\x00\x00\x00\x00\x00\x00\x00...\x00\x00\x00\x00\x00\x00\x00}]
[DEBUG] update WriteFlusher@21254e7e{WRITING}->null:IDLE-->WRITING
[DEBUG] flushed 7 SocketChannelEndPoint@d47ed43{l=/127.0.0.1:38858,r=/127.0.0.1:42940,OPEN,fill=-,flush=W,to=3/30000}{io=0/0,kio=0,kro=1}->HttpConnection@42bd18a0[p=HttpParser{s=CONTENT,0 of -1},g=HttpGenerator@73351804{s=COMPLETING}]=>HttpChannelOverHttp@380129b{s=HttpChannelState@7bf8633{s=HANDLING rs=COMPLETING os=COMMITTED is=IDLE awp=false se=false i=false al=0},r=5,c=false/false,a=HANDLING,uri=//localhost:38858/FileServlet/htmltests/upload-form.html,age=10}
[DEBUG] Flushed=true written=7 remaining=0 WriteFlusher@21254e7e{WRITING}->null
[DEBUG] update WriteFlusher@21254e7e{IDLE}->null:WRITING-->IDLE
[DEBUG] generate: DONE for SendCallback@5f75d958[PROCESSING][i=null,cb=org.eclipse.jetty.server.HttpChannel$SendCallback@1ae4b8c] (null,[p=0,l=0,c=0,r=0],true)@END
[DEBUG] onWriteComplete(true,null) s=CLOSING,api=BLOCKED,sc=false,e=null->s=CLOSED,api=BLOCKING,sc=false,e=null c=null cb=org.eclipse.jetty.util.Callback$3@1af5d08b w=false
[DEBUG] completed HttpChannelState@7bf8633{s=HANDLING rs=COMPLETING os=COMPLETED is=IDLE awp=false se=false i=false al=0}
[DEBUG] unhandle HttpChannelState@7bf8633{s=HANDLING rs=COMPLETED os=COMPLETED is=IDLE awp=false se=false i=false al=0}
[DEBUG] nextAction(false) TERMINATED HttpChannelState@7bf8633{s=IDLE rs=COMPLETED os=COMPLETED is=IDLE awp=false se=false i=false al=0}
[DEBUG] action TERMINATED HttpChannelOverHttp@380129b{s=HttpChannelState@7bf8633{s=IDLE rs=COMPLETED os=COMPLETED is=IDLE awp=false se=false i=false al=0},r=5,c=true/true,a=IDLE,uri=//localhost:38858/FileServlet/htmltests/upload-form.html,age=10}
[DEBUG] onCompleted for /FileServlet/htmltests/upload-form.html written=404
[DEBUG] filled 8192 HeapByteBuffer@22b9b50d[p=0,l=8192,c=8192,r=8192]={<<<POST /EchoServlet HTTP/1...."\xCf\x1e\x91/\x8b\x05Y(\xC9\xF9\x8e7\xB1\xB5\x81\x86&h\xA0{\xC1\xC2>>>}
[DEBUG] HttpConnection@42bd18a0::SocketChannelEndPoint@d47ed43{l=/127.0.0.1:38858,r=/127.0.0.1:42940,OPEN,fill=-,flush=-,to=0/30000}{io=0/0,kio=0,kro=1}->HttpConnection@42bd18a0[p=HttpParser{s=CONTENT,0 of -1},g=HttpGenerator@73351804{s=END}]=>HttpChannelOverHttp@380129b{s=HttpChannelState@7bf8633{s=IDLE rs=COMPLETED os=COMPLETED is=IDLE awp=false se=false i=false al=0},r=5,c=true/true,a=IDLE,uri=//localhost:38858/FileServlet/htmltests/upload-form.html,age=10} filled 8192 HeapByteBuffer@22b9b50d[p=0,l=8192,c=8192,r=8192]={<<<POST /EchoServlet HTTP/1...."\xCf\x1e\x91/\x8b\x05Y(\xC9\xF9\x8e7\xB1\xB5\x81\x86&h\xA0{\xC1\xC2>>>}
[DEBUG] HttpConnection@42bd18a0::SocketChannelEndPoint@d47ed43{l=/127.0.0.1:38858,r=/127.0.0.1:42940,OPEN,fill=-,flush=-,to=0/30000}{io=0/0,kio=0,kro=1}->HttpConnection@42bd18a0[p=HttpParser{s=CONTENT,0 of -1},g=HttpGenerator@73351804{s=END}]=>HttpChannelOverHttp@380129b{s=HttpChannelState@7bf8633{s=IDLE rs=COMPLETED os=COMPLETED is=IDLE awp=false se=false i=false al=0},r=5,c=true/true,a=IDLE,uri=//localhost:38858/FileServlet/htmltests/upload-form.html,age=10} parse HeapByteBuffer@22b9b50d[p=0,l=8192,c=8192,r=8192]={<<<POST /EchoServlet HTTP/1...."\xCf\x1e\x91/\x8b\x05Y(\xC9\xF9\x8e7\xB1\xB5\x81\x86&h\xA0{\xC1\xC2>>>} {}
[DEBUG] parseNext s=CONTENT HeapByteBuffer@22b9b50d[p=0,l=8192,c=8192,r=8192]={<<<POST /EchoServlet HTTP/1...."\xCf\x1e\x91/\x8b\x05Y(\xC9\xF9\x8e7\xB1\xB5\x81\x86&h\xA0{\xC1\xC2>>>}
[DEBUG] CONTENT --> CONTENT_END
[DEBUG] onContentComplete HttpChannelOverHttp@380129b{s=HttpChannelState@7bf8633{s=IDLE rs=COMPLETED os=COMPLETED is=IDLE awp=false se=false i=false al=0},r=5,c=true/true,a=IDLE,uri=//localhost:38858/FileServlet/htmltests/upload-form.html,age=10}
[DEBUG] CONTENT_END --> END
[DEBUG] onRequestComplete HttpChannelOverHttp@380129b{s=HttpChannelState@7bf8633{s=IDLE rs=COMPLETED os=COMPLETED is=IDLE awp=false se=false i=false al=0},r=5,c=true/true,a=IDLE,uri=//localhost:38858/FileServlet/htmltests/upload-form.html,age=10}
[DEBUG] HttpInputOverHTTP@8cf6f52[c=0,q=0,[0]=null,s=STREAM] addContent EOF
[DEBUG] HttpConnection@42bd18a0::SocketChannelEndPoint@d47ed43{l=/127.0.0.1:38858,r=/127.0.0.1:42940,OPEN,fill=-,flush=-,to=0/30000}{io=0/0,kio=0,kro=1}->HttpConnection@42bd18a0[p=HttpParser{s=END,0 of -1},g=HttpGenerator@73351804{s=END}]=>HttpChannelOverHttp@380129b{s=HttpChannelState@7bf8633{s=IDLE rs=COMPLETED os=COMPLETED is=IDLE awp=false se=false i=false al=0},r=5,c=true/true,a=IDLE,uri=//localhost:38858/FileServlet/htmltests/upload-form.html,age=10} parsed false HttpParser{s=END,0 of -1}
[DEBUG] recycle HttpChannelState@7bf8633{s=IDLE rs=COMPLETED os=COMPLETED is=IDLE awp=false se=false i=false al=0}
[DEBUG] reset HttpParser{s=END,0 of -1}
[DEBUG] END --> START
[DEBUG] !handle TERMINATED HttpChannelOverHttp@380129b{s=HttpChannelState@7bf8633{s=IDLE rs=BLOCKING os=OPEN is=IDLE awp=false se=false i=true al=0},r=5,c=false/false,a=IDLE,uri=null,age=0}
[DEBUG] HttpConnection@42bd18a0::SocketChannelEndPoint@d47ed43{l=/127.0.0.1:38858,r=/127.0.0.1:42940,OPEN,fill=-,flush=-,to=0/30000}{io=0/0,kio=0,kro=1}->HttpConnection@42bd18a0[p=HttpParser{s=START,0 of -1},g=HttpGenerator@73351804{s=START}]=>HttpChannelOverHttp@380129b{s=HttpChannelState@7bf8633{s=IDLE rs=BLOCKING os=OPEN is=IDLE awp=false se=false i=true al=0},r=5,c=false/false,a=IDLE,uri=null,age=0} parse HeapByteBuffer@22b9b50d[p=0,l=8192,c=8192,r=8192]={<<<POST /EchoServlet HTTP/1...."\xCf\x1e\x91/\x8b\x05Y(\xC9\xF9\x8e7\xB1\xB5\x81\x86&h\xA0{\xC1\xC2>>>} {}
[DEBUG] parseNext s=START HeapByteBuffer@22b9b50d[p=0,l=8192,c=8192,r=8192]={<<<POST /EchoServlet HTTP/1...."\xCf\x1e\x91/\x8b\x05Y(\xC9\xF9\x8e7\xB1\xB5\x81\x86&h\xA0{\xC1\xC2>>>}
[DEBUG] START --> SPACE1
[DEBUG] SPACE1 --> URI
[DEBUG] URI --> SPACE2
[DEBUG] SPACE2 --> REQUEST_VERSION
[DEBUG] REQUEST_VERSION --> HEADER
[DEBUG] HEADER:Accept-Encoding: gzip --> IN_VALUE
[DEBUG] HEADER:Accept-Encoding: gzip --> FIELD
[DEBUG] HEADER:User-Agent: Mozilla/5.0 (Windows NT 10.0; Win64; x64) AppleWebKit/537.36 (KHTML, like Gecko) Chrome/79.0.3945.130 Safari/537.36 --> IN_VALUE
[DEBUG] HEADER:User-Agent: Mozilla/5.0 (Windows NT 10.0; Win64; x64) AppleWebKit/537.36 (KHTML, like Gecko) Chrome/79.0.3945.130 Safari/537.36 --> FIELD
[DEBUG] HEADER:Content-Type --> VALUE
[DEBUG] HEADER:Content-Type --> IN_VALUE
[DEBUG] HEADER:Content-Type --> FIELD
[DEBUG] HEADER:Host: localhost:38858 --> IN_VALUE
[DEBUG] HEADER:Host: localhost:38858 --> FIELD
[DEBUG] HEADER:Accept: text/html, image/gif, image/jpeg, *; q=.2, */*; q=.2 --> IN_VALUE
[DEBUG] HEADER:Accept: text/html, image/gif, image/jpeg, *; q=.2, */*; q=.2 --> FIELD
[DEBUG] HEADER:Connection: keep-alive --> IN_VALUE
[DEBUG] HEADER:Connection: keep-alive --> FIELD
[DEBUG] HEADER:Content-Length --> VALUE
[DEBUG] HEADER:Content-Length --> IN_VALUE
[DEBUG] HEADER:Content-Length --> FIELD
[DEBUG] HEADER --> CONTENT
[DEBUG] REQUEST for //localhost:38858/EchoServlet on HttpChannelOverHttp@380129b{s=HttpChannelState@7bf8633{s=IDLE rs=BLOCKING os=OPEN is=IDLE awp=false se=false i=true al=0},r=6,c=false/false,a=IDLE,uri=//localhost:38858/EchoServlet,age=0}
POST //localhost:38858/EchoServlet HTTP/1.1
Accept-Encoding: gzip
User-Agent: Mozilla/5.0 (Windows NT 10.0; Win64; x64) AppleWebKit/537.36 (KHTML, like Gecko) Chrome/79.0.3945.130 Safari/537.36
Content-Type: multipart/form-data; boundary=oGD2nkSY7swmdOOvzH0Fn3yqBRIyZKhu
Host: localhost:38858
Accept: text/html, image/gif, image/jpeg, *; q=.2, */*; q=.2
Connection: keep-alive
Content-Length: 12491


[DEBUG] HttpConnection@42bd18a0::SocketChannelEndPoint@d47ed43{l=/127.0.0.1:38858,r=/127.0.0.1:42940,OPEN,fill=-,flush=-,to=1/30000}{io=0/0,kio=0,kro=1}->HttpConnection@42bd18a0[p=HttpParser{s=CONTENT,0 of 12491},g=HttpGenerator@73351804{s=START}]=>HttpChannelOverHttp@380129b{s=HttpChannelState@7bf8633{s=IDLE rs=BLOCKING os=OPEN is=IDLE awp=false se=false i=true al=0},r=6,c=false/false,a=IDLE,uri=//localhost:38858/EchoServlet,age=0} parsed true HttpParser{s=CONTENT,0 of 12491}
[DEBUG] handle //localhost:38858/EchoServlet HttpChannelOverHttp@380129b{s=HttpChannelState@7bf8633{s=IDLE rs=BLOCKING os=OPEN is=IDLE awp=false se=false i=true al=0},r=6,c=false/false,a=IDLE,uri=//localhost:38858/EchoServlet,age=0} 
[DEBUG] handling HttpChannelState@7bf8633{s=IDLE rs=BLOCKING os=OPEN is=IDLE awp=false se=false i=true al=0}
[DEBUG] action DISPATCH HttpChannelOverHttp@380129b{s=HttpChannelState@7bf8633{s=HANDLING rs=BLOCKING os=OPEN is=IDLE awp=false se=false i=true al=0},r=6,c=false/false,a=HANDLING,uri=//localhost:38858/EchoServlet,age=1}
[DEBUG] REQUEST POST /EchoServlet on HttpChannelOverHttp@380129b{s=HttpChannelState@7bf8633{s=HANDLING rs=BLOCKING os=OPEN is=IDLE awp=false se=false i=true al=0},r=6,c=false/false,a=HANDLING,uri=//localhost:38858/EchoServlet,age=1}
[DEBUG] servlet null|/EchoServlet|null -> org.jsoup.integration.servlets.EchoServlet-422c3c7a==org.jsoup.integration.servlets.EchoServlet@66e2fba5{jsp=null,order=-1,inst=true,async=true,src=EMBEDDED:null,STARTED}
[DEBUG] chain=null
[DEBUG] write(array HeapByteBuffer@1ff111d8[p=0,l=235,c=512,r=235]={<<<<title>Webserver Environm...\n    <table border="0">>>>\x00\x00\x00\x00\x00\x00\x00\x00\x00...\x00\x00\x00\x00\x00\x00\x00})
[DEBUG] write(array) s=OPEN,api=BLOCKING,sc=false,e=null aggregated !flush DirectByteBuffer@1492b79c[p=0,l=235,c=32768,r=235]={<<<<title>Webserver Environm...\n    <table border="0">>>><tr><th>M...\x00\x00\x00\x00\x00\x00\x00}
[DEBUG] write(array HeapByteBuffer@23d4ec72[p=0,l=37,c=512,r=37]={<<<<tr><th>Method</th><td>POST</td></tr>>>>s</title>...\x00\x00\x00\x00\x00\x00\x00})
[DEBUG] write(array) s=OPEN,api=BLOCKING,sc=false,e=null aggregated !flush DirectByteBuffer@1492b79c[p=0,l=272,c=32768,r=272]={<<<<title>Webserver Environm...</th><td>POST</td></tr>>>><tr><th>R...\x00\x00\x00\x00\x00\x00\x00}
[DEBUG] write(array HeapByteBuffer@2e62d97a[p=0,l=1,c=512,r=1]={<<<\n>>>tr><th>Me...\x00\x00\x00\x00\x00\x00\x00})
[DEBUG] write(array) s=OPEN,api=BLOCKING,sc=false,e=null aggregated !flush DirectByteBuffer@1492b79c[p=0,l=273,c=32768,r=273]={<<<<title>Webserver Environm.../th><td>POST</td></tr>\n>>>tr><th>Re...\x00\x00\x00\x00\x00\x00\x00}
[DEBUG] write(array HeapByteBuffer@5e2e6a9e[p=0,l=50,c=512,r=50]={<<<<tr><th>Request URI</th><...>/EchoServlet</td></tr>>>> <style t...\x00\x00\x00\x00\x00\x00\x00})
[DEBUG] write(array) s=OPEN,api=BLOCKING,sc=false,e=null aggregated !flush DirectByteBuffer@1492b79c[p=0,l=323,c=32768,r=323]={<<<<title>Webserver Environm...>/EchoServlet</td></tr>>>><tr><th>Q...\x00\x00\x00\x00\x00\x00\x00}
[DEBUG] write(array HeapByteBuffer@49c6df52[p=0,l=1,c=512,r=1]={<<<\n>>>tr><th>Re...\x00\x00\x00\x00\x00\x00\x00})
[DEBUG] write(array) s=OPEN,api=BLOCKING,sc=false,e=null aggregated !flush DirectByteBuffer@1492b79c[p=0,l=324,c=32768,r=324]={<<<<title>Webserver Environm.../EchoServlet</td></tr>\n>>>tr><th>Qu...\x00\x00\x00\x00\x00\x00\x00}
[DEBUG] write(array HeapByteBuffer@4df51d64[p=0,l=39,c=512,r=39]={<<<<tr><th>Query String</th><td></td></tr>>>>t</td></t...\x00\x00\x00\x00\x00\x00\x00})
[DEBUG] write(array) s=OPEN,api=BLOCKING,sc=false,e=null aggregated !flush DirectByteBuffer@1492b79c[p=0,l=363,c=32768,r=363]={<<<<title>Webserver Environm...ring</th><td></td></tr>>>><tr><th>A...\x00\x00\x00\x00\x00\x00\x00}
[DEBUG] write(array HeapByteBuffer@75e4a4a9[p=0,l=1,c=512,r=1]={<<<\n>>>tr><th>Qu...\x00\x00\x00\x00\x00\x00\x00})
[DEBUG] write(array) s=OPEN,api=BLOCKING,sc=false,e=null aggregated !flush DirectByteBuffer@1492b79c[p=0,l=364,c=32768,r=364]={<<<<title>Webserver Environm...ing</th><td></td></tr>\n>>>tr><th>Ac...\x00\x00\x00\x00\x00\x00\x00}
[DEBUG] write(array HeapByteBuffer@58334a11[p=0,l=85,c=512,r=85]={<<<<tr><th>Accept</th><td>te....2, */*; q=.2</td></tr>>>>, td, th ...\x00\x00\x00\x00\x00\x00\x00})
[DEBUG] write(array) s=OPEN,api=BLOCKING,sc=false,e=null aggregated !flush DirectByteBuffer@1492b79c[p=0,l=449,c=32768,r=449]={<<<<title>Webserver Environm....2, */*; q=.2</td></tr>>>><tr><th>U...\x00\x00\x00\x00\x00\x00\x00}
[DEBUG] write(array HeapByteBuffer@2770220a[p=0,l=1,c=512,r=1]={<<<\n>>>tr><th>Ac...\x00\x00\x00\x00\x00\x00\x00})
[DEBUG] write(array) s=OPEN,api=BLOCKING,sc=false,e=null aggregated !flush DirectByteBuffer@1492b79c[p=0,l=450,c=32768,r=450]={<<<<title>Webserver Environm...2, */*; q=.2</td></tr>\n>>>tr><th>Us...\x00\x00\x00\x00\x00\x00\x00}
[DEBUG] write(array HeapByteBuffer@420b15bd[p=0,l=152,c=512,r=152]={<<<<tr><th>User-Agent</th><t...Safari/537.36</td></tr>>>>      th ...\x00\x00\x00\x00\x00\x00\x00})
[DEBUG] write(array) s=OPEN,api=BLOCKING,sc=false,e=null aggregated !flush DirectByteBuffer@1492b79c[p=0,l=602,c=32768,r=602]={<<<<title>Webserver Environm...Safari/537.36</td></tr>>>><tr><th>C...\x00\x00\x00\x00\x00\x00\x00}
[DEBUG] write(array HeapByteBuffer@129a20b9[p=0,l=1,c=512,r=1]={<<<\n>>>tr><th>Us...\x00\x00\x00\x00\x00\x00\x00})
[DEBUG] write(array) s=OPEN,api=BLOCKING,sc=false,e=null aggregated !flush DirectByteBuffer@1492b79c[p=0,l=603,c=32768,r=603]={<<<<title>Webserver Environm...afari/537.36</td></tr>\n>>>tr><th>Co...\x00\x00\x00\x00\x00\x00\x00}
[DEBUG] write(array HeapByteBuffer@50bb9339[p=0,l=47,c=512,r=47]={<<<<tr><th>Connection</th><td>keep-alive</td></tr>>>> NT 10.0;...\x00\x00\x00\x00\x00\x00\x00})
[DEBUG] write(array) s=OPEN,api=BLOCKING,sc=false,e=null aggregated !flush DirectByteBuffer@1492b79c[p=0,l=650,c=32768,r=650]={<<<<title>Webserver Environm...td>keep-alive</td></tr>>>><tr><th>H...\x00\x00\x00\x00\x00\x00\x00}
[DEBUG] write(array HeapByteBuffer@76fd9b56[p=0,l=1,c=512,r=1]={<<<\n>>>tr><th>Co...\x00\x00\x00\x00\x00\x00\x00})
[DEBUG] write(array) s=OPEN,api=BLOCKING,sc=false,e=null aggregated !flush DirectByteBuffer@1492b79c[p=0,l=651,c=32768,r=651]={<<<<title>Webserver Environm...d>keep-alive</td></tr>\n>>>tr><th>Ho...\x00\x00\x00\x00\x00\x00\x00}
[DEBUG] write(array HeapByteBuffer@6cc1dec9[p=0,l=46,c=512,r=46]={<<<<tr><th>Host</th><td>localhost:38858</td></tr>>>>> NT 10.0...\x00\x00\x00\x00\x00\x00\x00})
[DEBUG] write(array) s=OPEN,api=BLOCKING,sc=false,e=null aggregated !flush DirectByteBuffer@1492b79c[p=0,l=697,c=32768,r=697]={<<<<title>Webserver Environm...calhost:38858</td></tr>>>><tr><th>A...\x00\x00\x00\x00\x00\x00\x00}
[DEBUG] write(array HeapByteBuffer@2f1da400[p=0,l=1,c=512,r=1]={<<<\n>>>tr><th>Ho...\x00\x00\x00\x00\x00\x00\x00})
[DEBUG] write(array) s=OPEN,api=BLOCKING,sc=false,e=null aggregated !flush DirectByteBuffer@1492b79c[p=0,l=698,c=32768,r=698]={<<<<title>Webserver Environm...alhost:38858</td></tr>\n>>>tr><th>Ac...\x00\x00\x00\x00\x00\x00\x00}
[DEBUG] write(array HeapByteBuffer@2333d881[p=0,l=46,c=512,r=46]={<<<<tr><th>Accept-Encoding</th><td>gzip</td></tr>>>>> NT 10.0...\x00\x00\x00\x00\x00\x00\x00})
[DEBUG] write(array) s=OPEN,api=BLOCKING,sc=false,e=null aggregated !flush DirectByteBuffer@1492b79c[p=0,l=744,c=32768,r=744]={<<<<title>Webserver Environm...</th><td>gzip</td></tr>>>></table>\n...\x00\x00\x00\x00\x00\x00\x00}
[DEBUG] write(array HeapByteBuffer@390ed09a[p=0,l=1,c=512,r=1]={<<<\n>>>tr><th>Ac...\x00\x00\x00\x00\x00\x00\x00})
[DEBUG] write(array) s=OPEN,api=BLOCKING,sc=false,e=null aggregated !flush DirectByteBuffer@1492b79c[p=0,l=745,c=32768,r=745]={<<<<title>Webserver Environm.../th><td>gzip</td></tr>\n>>>/table>\n\n...\x00\x00\x00\x00\x00\x00\x00}
[DEBUG] write(array HeapByteBuffer@5b5b76e4[p=0,l=46,c=512,r=46]={<<<<tr><th>Content-Length</th><td>12491</td></tr>>>>> NT 10.0...\x00\x00\x00\x00\x00\x00\x00})
[DEBUG] write(array) s=OPEN,api=BLOCKING,sc=false,e=null aggregated !flush DirectByteBuffer@1492b79c[p=0,l=791,c=32768,r=791]={<<<<title>Webserver Environm.../th><td>12491</td></tr>>>>/td></tr>...\x00\x00\x00\x00\x00\x00\x00}
[DEBUG] write(array HeapByteBuffer@19a4e42b[p=0,l=1,c=512,r=1]={<<<\n>>>tr><th>Co...\x00\x00\x00\x00\x00\x00\x00})
[DEBUG] write(array) s=OPEN,api=BLOCKING,sc=false,e=null aggregated !flush DirectByteBuffer@1492b79c[p=0,l=792,c=32768,r=792]={<<<<title>Webserver Environm...th><td>12491</td></tr>\n>>>td></tr>\n...\x00\x00\x00\x00\x00\x00\x00}
[DEBUG] write(array HeapByteBuffer@24eed04e[p=0,l=101,c=512,r=101]={<<<<tr><th>Content-Type</th>...Fn3yqBRIyZKhu</td></tr>>>>Gecko) Ch...\x00\x00\x00\x00\x00\x00\x00})
[DEBUG] write(array) s=OPEN,api=BLOCKING,sc=false,e=null aggregated !flush DirectByteBuffer@1492b79c[p=0,l=893,c=32768,r=893]={<<<<title>Webserver Environm...Fn3yqBRIyZKhu</td></tr>>>>/table>\n\x00...\x00\x00\x00\x00\x00\x00\x00}
[DEBUG] write(array HeapByteBuffer@6b2b5e49[p=0,l=1,c=512,r=1]={<<<\n>>>tr><th>Co...\x00\x00\x00\x00\x00\x00\x00})
[DEBUG] write(array) s=OPEN,api=BLOCKING,sc=false,e=null aggregated !flush DirectByteBuffer@1492b79c[p=0,l=894,c=32768,r=894]={<<<<title>Webserver Environm...n3yqBRIyZKhu</td></tr>\n>>>table>\n\x00\x00...\x00\x00\x00\x00\x00\x00\x00}
[DEBUG] newMultiParts LEGACY Request(POST //localhost:38858/EchoServlet)@6b47e99e
[DEBUG] HttpConnection@42bd18a0::SocketChannelEndPoint@d47ed43{l=/127.0.0.1:38858,r=/127.0.0.1:42940,OPEN,fill=-,flush=-,to=33/30000}{io=0/0,kio=0,kro=1}->HttpConnection@42bd18a0[p=HttpParser{s=CONTENT,0 of 12491},g=HttpGenerator@73351804{s=START}]=>HttpChannelOverHttp@380129b{s=HttpChannelState@7bf8633{s=HANDLING rs=BLOCKING os=OPEN is=IDLE awp=false se=false i=true al=0},r=6,c=false/false,a=HANDLING,uri=//localhost:38858/EchoServlet,age=33} parse HeapByteBuffer@22b9b50d[p=392,l=8192,c=8192,r=7800]={POST /Ech...491\r\n\r\n<<<--oGD2nkSY7swmdOOvzH0Fn3y..."\xCf\x1e\x91/\x8b\x05Y(\xC9\xF9\x8e7\xB1\xB5\x81\x86&h\xA0{\xC1\xC2>>>} {}
[DEBUG] parseNext s=CONTENT HeapByteBuffer@22b9b50d[p=392,l=8192,c=8192,r=7800]={POST /Ech...491\r\n\r\n<<<--oGD2nkSY7swmdOOvzH0Fn3y..."\xCf\x1e\x91/\x8b\x05Y(\xC9\xF9\x8e7\xB1\xB5\x81\x86&h\xA0{\xC1\xC2>>>}
[DEBUG] onContent HttpChannelOverHttp@380129b{s=HttpChannelState@7bf8633{s=HANDLING rs=BLOCKING os=OPEN is=IDLE awp=false se=false i=true al=0},r=6,c=false/false,a=HANDLING,uri=//localhost:38858/EchoServlet,age=33} Content@46347ca6{HeapByteBufferR@7fb68190[p=392,l=8192,c=8192,r=7800]={POST /Ech...491\r\n\r\n<<<--oGD2nkSY7swmdOOvzH0Fn3y..."\xCf\x1e\x91/\x8b\x05Y(\xC9\xF9\x8e7\xB1\xB5\x81\x86&h\xA0{\xC1\xC2>>>}}
[DEBUG] HttpInputOverHTTP@8cf6f52[c=0,q=0,[0]=null,s=STREAM] addContent Content@46347ca6{HeapByteBufferR@7fb68190[p=392,l=8192,c=8192,r=7800]={POST /Ech...491\r\n\r\n<<<--oGD2nkSY7swmdOOvzH0Fn3y..."\xCf\x1e\x91/\x8b\x05Y(\xC9\xF9\x8e7\xB1\xB5\x81\x86&h\xA0{\xC1\xC2>>>}}
[DEBUG] HttpConnection@42bd18a0::SocketChannelEndPoint@d47ed43{l=/127.0.0.1:38858,r=/127.0.0.1:42940,OPEN,fill=-,flush=-,to=33/30000}{io=0/0,kio=0,kro=1}->HttpConnection@42bd18a0[p=HttpParser{s=CONTENT,7800 of 12491},g=HttpGenerator@73351804{s=START}]=>HttpChannelOverHttp@380129b{s=HttpChannelState@7bf8633{s=HANDLING rs=BLOCKING os=OPEN is=IDLE awp=false se=false i=true al=0},r=6,c=false/false,a=HANDLING,uri=//localhost:38858/EchoServlet,age=33} parsed false HttpParser{s=CONTENT,7800 of 12491}
[DEBUG] HttpInputOverHTTP@8cf6f52[c=7800,q=0,[0]=null,s=STREAM] read 7800 from Content@46347ca6{HeapByteBufferR@7fb68190[p=8192,l=8192,c=8192,r=0]={POST /Ech...\x86&h\xA0{\xC1\xC2<<<>>>}}
[DEBUG] releaseRequestBuffer HttpConnection@42bd18a0::SocketChannelEndPoint@d47ed43{l=/127.0.0.1:38858,r=/127.0.0.1:42940,OPEN,fill=-,flush=-,to=34/30000}{io=0/0,kio=0,kro=1}->HttpConnection@42bd18a0[p=HttpParser{s=CONTENT,7800 of 12491},g=HttpGenerator@73351804{s=START}]=>HttpChannelOverHttp@380129b{s=HttpChannelState@7bf8633{s=HANDLING rs=BLOCKING os=OPEN is=IDLE awp=false se=false i=true al=0},r=6,c=false/false,a=HANDLING,uri=//localhost:38858/EchoServlet,age=33}
[DEBUG] filled 4691 HeapByteBuffer@78a30358[p=0,l=4691,c=8192,r=4691]={<<<\x1f\xF8\xDe`\xA8-\x06\xFd\\/7\xA0[r\xA1\x817\x1a\x90u\x1c\xA0A[\xD3...mdOOvzH0Fn3yqBRIyZKhu-->>>\x00\x00\x00\x00\x00\x00\x00\x00\x00...\x00\x00\x00\x00\x00\x00\x00}
[DEBUG] HttpConnection@42bd18a0::SocketChannelEndPoint@d47ed43{l=/127.0.0.1:38858,r=/127.0.0.1:42940,OPEN,fill=-,flush=-,to=0/30000}{io=0/0,kio=0,kro=1}->HttpConnection@42bd18a0[p=HttpParser{s=CONTENT,7800 of 12491},g=HttpGenerator@73351804{s=START}]=>HttpChannelOverHttp@380129b{s=HttpChannelState@7bf8633{s=HANDLING rs=BLOCKING os=OPEN is=IDLE awp=false se=false i=true al=0},r=6,c=false/false,a=HANDLING,uri=//localhost:38858/EchoServlet,age=45} filled 4691 HeapByteBuffer@78a30358[p=0,l=4691,c=8192,r=4691]={<<<\x1f\xF8\xDe`\xA8-\x06\xFd\\/7\xA0[r\xA1\x817\x1a\x90u\x1c\xA0A[\xD3...mdOOvzH0Fn3yqBRIyZKhu-->>>\x00\x00\x00\x00\x00\x00\x00\x00\x00...\x00\x00\x00\x00\x00\x00\x00}
[DEBUG] HttpConnection@42bd18a0::SocketChannelEndPoint@d47ed43{l=/127.0.0.1:38858,r=/127.0.0.1:42940,OPEN,fill=-,flush=-,to=0/30000}{io=0/0,kio=0,kro=1}->HttpConnection@42bd18a0[p=HttpParser{s=CONTENT,7800 of 12491},g=HttpGenerator@73351804{s=START}]=>HttpChannelOverHttp@380129b{s=HttpChannelState@7bf8633{s=HANDLING rs=BLOCKING os=OPEN is=IDLE awp=false se=false i=true al=0},r=6,c=false/false,a=HANDLING,uri=//localhost:38858/EchoServlet,age=45} parse HeapByteBuffer@78a30358[p=0,l=4691,c=8192,r=4691]={<<<\x1f\xF8\xDe`\xA8-\x06\xFd\\/7\xA0[r\xA1\x817\x1a\x90u\x1c\xA0A[\xD3...mdOOvzH0Fn3yqBRIyZKhu-->>>\x00\x00\x00\x00\x00\x00\x00\x00\x00...\x00\x00\x00\x00\x00\x00\x00} {}
[DEBUG] parseNext s=CONTENT HeapByteBuffer@78a30358[p=0,l=4691,c=8192,r=4691]={<<<\x1f\xF8\xDe`\xA8-\x06\xFd\\/7\xA0[r\xA1\x817\x1a\x90u\x1c\xA0A[\xD3...mdOOvzH0Fn3yqBRIyZKhu-->>>\x00\x00\x00\x00\x00\x00\x00\x00\x00...\x00\x00\x00\x00\x00\x00\x00}
[DEBUG] onContent HttpChannelOverHttp@380129b{s=HttpChannelState@7bf8633{s=HANDLING rs=BLOCKING os=OPEN is=IDLE awp=false se=false i=true al=0},r=6,c=false/false,a=HANDLING,uri=//localhost:38858/EchoServlet,age=46} Content@7c71bd89{HeapByteBufferR@4713e535[p=0,l=4691,c=8192,r=4691]={<<<\x1f\xF8\xDe`\xA8-\x06\xFd\\/7\xA0[r\xA1\x817\x1a\x90u\x1c\xA0A[\xD3...mdOOvzH0Fn3yqBRIyZKhu-->>>\x00\x00\x00\x00\x00\x00\x00\x00\x00...\x00\x00\x00\x00\x00\x00\x00}}
[DEBUG] HttpInputOverHTTP@8cf6f52[c=7800,q=0,[0]=null,s=STREAM] addContent Content@7c71bd89{HeapByteBufferR@4713e535[p=0,l=4691,c=8192,r=4691]={<<<\x1f\xF8\xDe`\xA8-\x06\xFd\\/7\xA0[r\xA1\x817\x1a\x90u\x1c\xA0A[\xD3...mdOOvzH0Fn3yqBRIyZKhu-->>>\x00\x00\x00\x00\x00\x00\x00\x00\x00...\x00\x00\x00\x00\x00\x00\x00}}
[DEBUG] CONTENT --> CONTENT_END
[DEBUG] onContentComplete HttpChannelOverHttp@380129b{s=HttpChannelState@7bf8633{s=HANDLING rs=BLOCKING os=OPEN is=IDLE awp=false se=false i=true al=0},r=6,c=false/false,a=HANDLING,uri=//localhost:38858/EchoServlet,age=46}
[DEBUG] CONTENT_END --> END
[DEBUG] onRequestComplete HttpChannelOverHttp@380129b{s=HttpChannelState@7bf8633{s=HANDLING rs=BLOCKING os=OPEN is=IDLE awp=false se=false i=true al=0},r=6,c=false/false,a=HANDLING,uri=//localhost:38858/EchoServlet,age=46}
[DEBUG] HttpInputOverHTTP@8cf6f52[c=7800,q=1,[0]=EOF,s=STREAM] addContent EOF
[DEBUG] HttpConnection@42bd18a0::SocketChannelEndPoint@d47ed43{l=/127.0.0.1:38858,r=/127.0.0.1:42940,OPEN,fill=-,flush=-,to=0/30000}{io=0/0,kio=0,kro=1}->HttpConnection@42bd18a0[p=HttpParser{s=END,12491 of 12491},g=HttpGenerator@73351804{s=START}]=>HttpChannelOverHttp@380129b{s=HttpChannelState@7bf8633{s=HANDLING rs=BLOCKING os=OPEN is=IDLE awp=false se=false i=true al=0},r=6,c=false/false,a=HANDLING,uri=//localhost:38858/EchoServlet,age=46} parsed false HttpParser{s=END,12491 of 12491}
[DEBUG] HttpInputOverHTTP@8cf6f52[c=8192,q=1,[0]=EOF,s=STREAM] read 392 from Content@7c71bd89{HeapByteBufferR@4713e535[p=392,l=4691,c=8192,r=4299]={\x1f\xF8\xDe`\xA8-\x06\xFd\\...vOV\x95\xFa\xC1\xD7<<<\x9e=\xB5YOT\xD2W\xD8R\x17\xCa(\xF2tX\xF5\x8c6\x83q\xCf\x8e\x9a\x02...mdOOvzH0Fn3yqBRIyZKhu-->>>\x00\x00\x00\x00\x00\x00\x00\x00\x00...\x00\x00\x00\x00\x00\x00\x00}}
[DEBUG] HttpInputOverHTTP@8cf6f52[c=12491,q=1,[0]=EOF,s=STREAM] read 4299 from Content@7c71bd89{HeapByteBufferR@4713e535[p=4691,l=4691,c=8192,r=0]={\x1f\xF8\xDe`\xA8-\x06\xFd\\...yZKhu--<<<>>>\x00\x00\x00\x00\x00\x00\x00\x00\x00...\x00\x00\x00\x00\x00\x00\x00}}
[DEBUG] releaseRequestBuffer HttpConnection@42bd18a0::SocketChannelEndPoint@d47ed43{l=/127.0.0.1:38858,r=/127.0.0.1:42940,OPEN,fill=-,flush=-,to=1/30000}{io=0/0,kio=0,kro=1}->HttpConnection@42bd18a0[p=HttpParser{s=END,12491 of 12491},g=HttpGenerator@73351804{s=START}]=>HttpChannelOverHttp@380129b{s=HttpChannelState@7bf8633{s=HANDLING rs=BLOCKING os=OPEN is=IDLE awp=false se=false i=true al=0},r=6,c=false/false,a=HANDLING,uri=//localhost:38858/EchoServlet,age=46}
[DEBUG] onEof HttpChannelState@7bf8633{s=HANDLING rs=BLOCKING os=OPEN is=IDLE awp=false se=false i=true al=0}
[DEBUG] onEof HttpChannelState@7bf8633{s=HANDLING rs=BLOCKING os=OPEN is=READY awp=false se=false i=true al=0}
[DEBUG] write(array HeapByteBuffer@715c6195[p=0,l=40,c=512,r=40]={<<<<tr><th>_function</th><td>tidy</td></tr>>>>orm-data;...\x00\x00\x00\x00\x00\x00\x00})
[DEBUG] write(array) s=OPEN,api=BLOCKING,sc=false,e=null aggregated !flush DirectByteBuffer@1492b79c[p=0,l=934,c=32768,r=934]={<<<<title>Webserver Environm...</th><td>tidy</td></tr>>>>\x00\x00\x00\x00\x00\x00\x00\x00\x00...\x00\x00\x00\x00\x00\x00\x00}
[DEBUG] write(array HeapByteBuffer@404f8ac8[p=0,l=1,c=512,r=1]={<<<\n>>>tr><th>_f...\x00\x00\x00\x00\x00\x00\x00})
[DEBUG] write(array) s=OPEN,api=BLOCKING,sc=false,e=null aggregated !flush DirectByteBuffer@1492b79c[p=0,l=935,c=32768,r=935]={<<<<title>Webserver Environm.../th><td>tidy</td></tr>\n>>>\x00\x00\x00\x00\x00\x00\x00\x00\x00...\x00\x00\x00\x00\x00\x00\x00}
[DEBUG] onEof HttpChannelState@7bf8633{s=HANDLING rs=BLOCKING os=OPEN is=READY awp=false se=false i=true al=0}
[DEBUG] write(array HeapByteBuffer@79833ad7[p=0,l=33,c=512,r=33]={<<<<tr><th>Parts</th><td>2</td></tr>>>>d></tr>or...\x00\x00\x00\x00\x00\x00\x00})
[DEBUG] write(array) s=OPEN,api=BLOCKING,sc=false,e=null aggregated !flush DirectByteBuffer@1492b79c[p=0,l=968,c=32768,r=968]={<<<<title>Webserver Environm...rts</th><td>2</td></tr>>>>\x00\x00\x00\x00\x00\x00\x00\x00\x00...\x00\x00\x00\x00\x00\x00\x00}
[DEBUG] write(array HeapByteBuffer@210e730d[p=0,l=1,c=512,r=1]={<<<\n>>>tr><th>Pa...\x00\x00\x00\x00\x00\x00\x00})
[DEBUG] write(array) s=OPEN,api=BLOCKING,sc=false,e=null aggregated !flush DirectByteBuffer@1492b79c[p=0,l=969,c=32768,r=969]={<<<<title>Webserver Environm...ts</th><td>2</td></tr>\n>>>\x00\x00\x00\x00\x00\x00\x00\x00\x00...\x00\x00\x00\x00\x00\x00\x00}
[DEBUG] write(array HeapByteBuffer@334cee70[p=0,l=73,c=512,r=73]={<<<<tr><th>Part _file Conten.../octet-stream</td></tr>>>>OvzH0Fn3y...\x00\x00\x00\x00\x00\x00\x00})
[DEBUG] write(array) s=OPEN,api=BLOCKING,sc=false,e=null aggregated !flush DirectByteBuffer@1492b79c[p=0,l=1042,c=32768,r=1042]={<<<<title>Webserver Environm.../octet-stream</td></tr>>>>\x00\x00\x00\x00\x00\x00\x00\x00\x00...\x00\x00\x00\x00\x00\x00\x00}
[DEBUG] write(array HeapByteBuffer@f693b1b[p=0,l=1,c=512,r=1]={<<<\n>>>tr><th>Pa...\x00\x00\x00\x00\x00\x00\x00})
[DEBUG] write(array) s=OPEN,api=BLOCKING,sc=false,e=null aggregated !flush DirectByteBuffer@1492b79c[p=0,l=1043,c=32768,r=1043]={<<<<title>Webserver Environm...octet-stream</td></tr>\n>>>\x00\x00\x00\x00\x00\x00\x00\x00\x00...\x00\x00\x00\x00\x00\x00\x00}
[DEBUG] write(array HeapByteBuffer@6fdceda3[p=0,l=47,c=512,r=47]={<<<<tr><th>Part _file Name</th><td>_file</td></tr>>>>ion/octet...\x00\x00\x00\x00\x00\x00\x00})
[DEBUG] write(array) s=OPEN,api=BLOCKING,sc=false,e=null aggregated !flush DirectByteBuffer@1492b79c[p=0,l=1090,c=32768,r=1090]={<<<<title>Webserver Environm.../th><td>_file</td></tr>>>>\x00\x00\x00\x00\x00\x00\x00\x00\x00...\x00\x00\x00\x00\x00\x00\x00}
[DEBUG] write(array HeapByteBuffer@3d187d4e[p=0,l=1,c=512,r=1]={<<<\n>>>tr><th>Pa...\x00\x00\x00\x00\x00\x00\x00})
[DEBUG] write(array) s=OPEN,api=BLOCKING,sc=false,e=null aggregated !flush DirectByteBuffer@1492b79c[p=0,l=1091,c=32768,r=1091]={<<<<title>Webserver Environm...th><td>_file</td></tr>\n>>>\x00\x00\x00\x00\x00\x00\x00\x00\x00...\x00\x00\x00\x00\x00\x00\x00}
[DEBUG] write(array HeapByteBuffer@69733bf3[p=0,l=56,c=512,r=56]={<<<<tr><th>Part _file Filena...td>check.html</td></tr>>>>-stream</...\x00\x00\x00\x00\x00\x00\x00})
[DEBUG] write(array) s=OPEN,api=BLOCKING,sc=false,e=null aggregated !flush DirectByteBuffer@1492b79c[p=0,l=1147,c=32768,r=1147]={<<<<title>Webserver Environm...td>check.html</td></tr>>>>\x00\x00\x00\x00\x00\x00\x00\x00\x00...\x00\x00\x00\x00\x00\x00\x00}
[DEBUG] write(array HeapByteBuffer@2f847425[p=0,l=1,c=512,r=1]={<<<\n>>>tr><th>Pa...\x00\x00\x00\x00\x00\x00\x00})
[DEBUG] write(array) s=OPEN,api=BLOCKING,sc=false,e=null aggregated !flush DirectByteBuffer@1492b79c[p=0,l=1148,c=32768,r=1148]={<<<<title>Webserver Environm...d>check.html</td></tr>\n>>>\x00\x00\x00\x00\x00\x00\x00\x00\x00...\x00\x00\x00\x00\x00\x00\x00}
[DEBUG] write(array HeapByteBuffer@273d2583[p=0,l=47,c=512,r=47]={<<<<tr><th>Part _file Size</th><td>12212</td></tr>>>>/td></tr>...\x00\x00\x00\x00\x00\x00\x00})
[DEBUG] write(array) s=OPEN,api=BLOCKING,sc=false,e=null aggregated !flush DirectByteBuffer@1492b79c[p=0,l=1195,c=32768,r=1195]={<<<<title>Webserver Environm.../th><td>12212</td></tr>>>>\x00\x00\x00\x00\x00\x00\x00\x00\x00...\x00\x00\x00\x00\x00\x00\x00}
[DEBUG] write(array HeapByteBuffer@59b1ce27[p=0,l=1,c=512,r=1]={<<<\n>>>tr><th>Pa...\x00\x00\x00\x00\x00\x00\x00})
[DEBUG] write(array) s=OPEN,api=BLOCKING,sc=false,e=null aggregated !flush DirectByteBuffer@1492b79c[p=0,l=1196,c=32768,r=1196]={<<<<title>Webserver Environm...th><td>12212</td></tr>\n>>>\x00\x00\x00\x00\x00\x00\x00\x00\x00...\x00\x00\x00\x00\x00\x00\x00}
[DEBUG] write(array HeapByteBuffer@296dda41[p=0,l=53,c=512,r=53]={<<<<tr><th>Part _function Co...Type</th><td></td></tr>>>>tr>-strea...\x00\x00\x00\x00\x00\x00\x00})
[DEBUG] write(array) s=OPEN,api=BLOCKING,sc=false,e=null aggregated !flush DirectByteBuffer@1492b79c[p=0,l=1249,c=32768,r=1249]={<<<<title>Webserver Environm...Type</th><td></td></tr>>>>\x00\x00\x00\x00\x00\x00\x00\x00\x00...\x00\x00\x00\x00\x00\x00\x00}
[DEBUG] write(array HeapByteBuffer@25c4b615[p=0,l=1,c=512,r=1]={<<<\n>>>tr><th>Pa...\x00\x00\x00\x00\x00\x00\x00})
[DEBUG] write(array) s=OPEN,api=BLOCKING,sc=false,e=null aggregated !flush DirectByteBuffer@1492b79c[p=0,l=1250,c=32768,r=1250]={<<<<title>Webserver Environm...ype</th><td></td></tr>\n>>>\x00\x00\x00\x00\x00\x00\x00\x00\x00...\x00\x00\x00\x00\x00\x00\x00}
[DEBUG] write(array HeapByteBuffer@6b9b9e13[p=0,l=55,c=512,r=55]={<<<<tr><th>Part _function Na...<td>_function</td></tr>>>>>-stream<...\x00\x00\x00\x00\x00\x00\x00})
[DEBUG] write(array) s=OPEN,api=BLOCKING,sc=false,e=null aggregated !flush DirectByteBuffer@1492b79c[p=0,l=1305,c=32768,r=1305]={<<<<title>Webserver Environm...<td>_function</td></tr>>>>\x00\x00\x00\x00\x00\x00\x00\x00\x00...\x00\x00\x00\x00\x00\x00\x00}
[DEBUG] write(array HeapByteBuffer@3c0ca5b1[p=0,l=1,c=512,r=1]={<<<\n>>>tr><th>Pa...\x00\x00\x00\x00\x00\x00\x00})
[DEBUG] write(array) s=OPEN,api=BLOCKING,sc=false,e=null aggregated !flush DirectByteBuffer@1492b79c[p=0,l=1306,c=32768,r=1306]={<<<<title>Webserver Environm...td>_function</td></tr>\n>>>\x00\x00\x00\x00\x00\x00\x00\x00\x00...\x00\x00\x00\x00\x00\x00\x00}
[DEBUG] write(array HeapByteBuffer@7b74cfa3[p=0,l=50,c=512,r=50]={<<<<tr><th>Part _function Fi...name</th><td></td></tr>>>></tr>>-st...\x00\x00\x00\x00\x00\x00\x00})
[DEBUG] write(array) s=OPEN,api=BLOCKING,sc=false,e=null aggregated !flush DirectByteBuffer@1492b79c[p=0,l=1356,c=32768,r=1356]={<<<<title>Webserver Environm...name</th><td></td></tr>>>>\x00\x00\x00\x00\x00\x00\x00\x00\x00...\x00\x00\x00\x00\x00\x00\x00}
[DEBUG] write(array HeapByteBuffer@7b00bac6[p=0,l=1,c=512,r=1]={<<<\n>>>tr><th>Pa...\x00\x00\x00\x00\x00\x00\x00})
[DEBUG] write(array) s=OPEN,api=BLOCKING,sc=false,e=null aggregated !flush DirectByteBuffer@1492b79c[p=0,l=1357,c=32768,r=1357]={<<<<title>Webserver Environm...ame</th><td></td></tr>\n>>>\x00\x00\x00\x00\x00\x00\x00\x00\x00...\x00\x00\x00\x00\x00\x00\x00}
[DEBUG] write(array HeapByteBuffer@4cdcc8b3[p=0,l=47,c=512,r=47]={<<<<tr><th>Part _function Size</th><td>4</td></tr>>>>tr></tr>>...\x00\x00\x00\x00\x00\x00\x00})
[DEBUG] write(array) s=OPEN,api=BLOCKING,sc=false,e=null aggregated !flush DirectByteBuffer@1492b79c[p=0,l=1404,c=32768,r=1404]={<<<<title>Webserver Environm...ize</th><td>4</td></tr>>>>\x00\x00\x00\x00\x00\x00\x00\x00\x00...\x00\x00\x00\x00\x00\x00\x00}
[DEBUG] write(array HeapByteBuffer@15a4cdb4[p=0,l=1,c=512,r=1]={<<<\n>>>tr><th>Pa...\x00\x00\x00\x00\x00\x00\x00})
[DEBUG] write(array) s=OPEN,api=BLOCKING,sc=false,e=null aggregated !flush DirectByteBuffer@1492b79c[p=0,l=1405,c=32768,r=1405]={<<<<title>Webserver Environm...ze</th><td>4</td></tr>\n>>>\x00\x00\x00\x00\x00\x00\x00\x00\x00...\x00\x00\x00\x00\x00\x00\x00}
[DEBUG] write(array HeapByteBuffer@48f01174[p=0,l=8,c=512,r=8]={<<<</table>>>>Part _fun...\x00\x00\x00\x00\x00\x00\x00})
[DEBUG] write(array) s=OPEN,api=BLOCKING,sc=false,e=null aggregated !flush DirectByteBuffer@1492b79c[p=0,l=1413,c=32768,r=1413]={<<<<title>Webserver Environm...td>4</td></tr>\n</table>>>>\x00\x00\x00\x00\x00\x00\x00\x00\x00...\x00\x00\x00\x00\x00\x00\x00}
[DEBUG] write(array HeapByteBuffer@36d84426[p=0,l=1,c=512,r=1]={<<<\n>>>/table>Pa...\x00\x00\x00\x00\x00\x00\x00})
[DEBUG] write(array) s=OPEN,api=BLOCKING,sc=false,e=null aggregated !flush DirectByteBuffer@1492b79c[p=0,l=1414,c=32768,r=1414]={<<<<title>Webserver Environm...d>4</td></tr>\n</table>\n>>>\x00\x00\x00\x00\x00\x00\x00\x00\x00...\x00\x00\x00\x00\x00\x00\x00}
[DEBUG] handled=true async=false committed=false on HttpChannelOverHttp@380129b{s=HttpChannelState@7bf8633{s=HANDLING rs=BLOCKING os=OPEN is=READY awp=false se=false i=true al=0},r=6,c=false/false,a=HANDLING,uri=//localhost:38858/EchoServlet,age=81}
[DEBUG] unhandle HttpChannelState@7bf8633{s=HANDLING rs=BLOCKING os=OPEN is=READY awp=false se=false i=true al=0}
[DEBUG] nextAction(false) COMPLETE HttpChannelState@7bf8633{s=HANDLING rs=COMPLETING os=OPEN is=READY awp=false se=false i=false al=0}
[DEBUG] action COMPLETE HttpChannelOverHttp@380129b{s=HttpChannelState@7bf8633{s=HANDLING rs=COMPLETING os=OPEN is=READY awp=false se=false i=false al=0},r=6,c=false/false,a=HANDLING,uri=//localhost:38858/EchoServlet,age=81}
[DEBUG] complete(org.eclipse.jetty.util.Callback$3@1ceb9b1e) s=CLOSING,api=BLOCKED,sc=false,e=null s=false e=null, c=DirectByteBuffer@1492b79c[p=0,l=1414,c=32768,r=1414]={<<<<title>Webserver Environm...d>4</td></tr>\n</table>\n>>>\x00\x00\x00\x00\x00\x00\x00\x00\x00...\x00\x00\x00\x00\x00\x00\x00}
[DEBUG] sendResponse info=null content=DirectByteBuffer@1492b79c[p=0,l=1414,c=32768,r=1414]={<<<<title>Webserver Environm...d>4</td></tr>\n</table>\n>>>\x00\x00\x00\x00\x00\x00\x00\x00\x00...\x00\x00\x00\x00\x00\x00\x00} complete=true committing=true callback=org.eclipse.jetty.server.HttpOutput$WriteCompleteCB@2f113c5a
[DEBUG] COMMIT for /EchoServlet on HttpChannelOverHttp@380129b{s=HttpChannelState@7bf8633{s=HANDLING rs=COMPLETING os=COMMITTED is=READY awp=false se=false i=false al=0},r=6,c=false/false,a=HANDLING,uri=//localhost:38858/EchoServlet,age=81}
200 null HTTP/1.1
Date: Mon, 20 Sep 2021 19:30:11 GMT
Content-Type: text/html;charset=utf-8
Cache-Control: no-cache
Cache-Control: no-store


[DEBUG] generate: NEED_HEADER for SendCallback@5f75d958[PROCESSING][i=HTTP/1.1{s=200,h=4,cl=-1},cb=org.eclipse.jetty.server.HttpChannel$SendCallback@67a2f37d] (null,[p=0,l=1414,c=32768,r=1414],true)@START
[DEBUG] generateHeaders HTTP/1.1{s=200,h=4,cl=-1} last=true content=DirectByteBuffer@1492b79c[p=0,l=1414,c=32768,r=1414]={<<<<title>Webserver Environm...d>4</td></tr>\n</table>\n>>>\x00\x00\x00\x00\x00\x00\x00\x00\x00...\x00\x00\x00\x00\x00\x00\x00}
[DEBUG] Date: Mon, 20 Sep 2021 19:30:11 GMT
Content-Type: text/html;charset=utf-8
Cache-Control: no-cache
Cache-Control: no-store


[DEBUG] CONTENT_LENGTH
[DEBUG] generate: FLUSH for SendCallback@5f75d958[PROCESSING][i=HTTP/1.1{s=200,h=4,cl=-1},cb=org.eclipse.jetty.server.HttpChannel$SendCallback@67a2f37d] ([p=0,l=200,c=8192,r=200],[p=0,l=1414,c=32768,r=1414],true)@COMPLETING
[DEBUG] write: WriteFlusher@21254e7e{IDLE}->null [HeapByteBuffer@22b9b50d[p=0,l=200,c=8192,r=200]={<<<HTTP/1.1 200 OK\r\nDate: Mo...y(9.4.43.v20210629)\r\n\r\n>>>art/form-...\x86&h\xA0{\xC1\xC2},DirectByteBuffer@1492b79c[p=0,l=1414,c=32768,r=1414]={<<<<title>Webserver Environm...d>4</td></tr>\n</table>\n>>>\x00\x00\x00\x00\x00\x00\x00\x00\x00...\x00\x00\x00\x00\x00\x00\x00}]
[DEBUG] update WriteFlusher@21254e7e{WRITING}->null:IDLE-->WRITING
]]></system-out>
  </testcase>
  <testcase name="parseParseThrowsValidates" classname="org.jsoup.integration.ConnectTest" time="0.025">
    <system-out><![CDATA[[DEBUG] flushed 1614 SocketChannelEndPoint@d47ed43{l=/127.0.0.1:38858,r=/127.0.0.1:42940,OPEN,fill=-,flush=W,to=45/30000}{io=0/0,kio=0,kro=1}->HttpConnection@42bd18a0[p=HttpParser{s=END,12491 of 12491},g=HttpGenerator@73351804{s=COMPLETING}]=>HttpChannelOverHttp@380129b{s=HttpChannelState@7bf8633{s=HANDLING rs=COMPLETING os=COMMITTED is=READY awp=false se=false i=false al=0},r=6,c=false/false,a=HANDLING,uri=//localhost:38858/EchoServlet,age=91}
[DEBUG] Flushed=true written=1614 remaining=0 WriteFlusher@21254e7e{WRITING}->null
[DEBUG] update WriteFlusher@21254e7e{IDLE}->null:WRITING-->IDLE
[DEBUG] generate: DONE for SendCallback@5f75d958[PROCESSING][i=HTTP/1.1{s=200,h=4,cl=-1},cb=org.eclipse.jetty.server.HttpChannel$SendCallback@67a2f37d] ([p=200,l=200,c=8192,r=0],[p=1414,l=1414,c=32768,r=0],true)@END
[DEBUG] onWriteComplete(true,null) s=CLOSING,api=BLOCKED,sc=false,e=null->s=CLOSED,api=BLOCKING,sc=false,e=null c=null cb=org.eclipse.jetty.util.Callback$3@1ceb9b1e w=false
[DEBUG] completed HttpChannelState@7bf8633{s=HANDLING rs=COMPLETING os=COMPLETED is=READY awp=false se=false i=false al=0}
[DEBUG] unhandle HttpChannelState@7bf8633{s=HANDLING rs=COMPLETED os=COMPLETED is=READY awp=false se=false i=false al=0}
[DEBUG] nextAction(false) TERMINATED HttpChannelState@7bf8633{s=IDLE rs=COMPLETED os=COMPLETED is=READY awp=false se=false i=false al=0}
[DEBUG] action TERMINATED HttpChannelOverHttp@380129b{s=HttpChannelState@7bf8633{s=IDLE rs=COMPLETED os=COMPLETED is=READY awp=false se=false i=false al=0},r=6,c=true/true,a=IDLE,uri=//localhost:38858/EchoServlet,age=91}
[DEBUG] onCompleted for /EchoServlet written=1414
[DEBUG] recycle HttpChannelState@7bf8633{s=IDLE rs=COMPLETED os=COMPLETED is=READY awp=false se=false i=false al=0}
[DEBUG] reset HttpParser{s=END,12491 of 12491}
[DEBUG] END --> START
[DEBUG] !handle TERMINATED HttpChannelOverHttp@380129b{s=HttpChannelState@7bf8633{s=IDLE rs=BLOCKING os=OPEN is=IDLE awp=false se=false i=true al=0},r=6,c=false/false,a=IDLE,uri=null,age=0}
[DEBUG] filled 290 HeapByteBuffer@78a30358[p=0,l=290,c=8192,r=290]={<<<GET /EchoServlet HTTP/1.1...nection: keep-alive\r\n\r\n>>>\x15H\x9fM<\xF08+\x93...\x00\x00\x00\x00\x00\x00\x00}
[DEBUG] HttpConnection@42bd18a0::SocketChannelEndPoint@d47ed43{l=/127.0.0.1:38858,r=/127.0.0.1:42940,OPEN,fill=-,flush=-,to=0/30000}{io=0/0,kio=0,kro=1}->HttpConnection@42bd18a0[p=HttpParser{s=START,0 of -1},g=HttpGenerator@73351804{s=START}]=>HttpChannelOverHttp@380129b{s=HttpChannelState@7bf8633{s=IDLE rs=BLOCKING os=OPEN is=IDLE awp=false se=false i=true al=0},r=6,c=false/false,a=IDLE,uri=null,age=0} filled 290 HeapByteBuffer@78a30358[p=0,l=290,c=8192,r=290]={<<<GET /EchoServlet HTTP/1.1...nection: keep-alive\r\n\r\n>>>\x15H\x9fM<\xF08+\x93...\x00\x00\x00\x00\x00\x00\x00}
[DEBUG] HttpConnection@42bd18a0::SocketChannelEndPoint@d47ed43{l=/127.0.0.1:38858,r=/127.0.0.1:42940,OPEN,fill=-,flush=-,to=0/30000}{io=0/0,kio=0,kro=1}->HttpConnection@42bd18a0[p=HttpParser{s=START,0 of -1},g=HttpGenerator@73351804{s=START}]=>HttpChannelOverHttp@380129b{s=HttpChannelState@7bf8633{s=IDLE rs=BLOCKING os=OPEN is=IDLE awp=false se=false i=true al=0},r=6,c=false/false,a=IDLE,uri=null,age=0} parse HeapByteBuffer@78a30358[p=0,l=290,c=8192,r=290]={<<<GET /EchoServlet HTTP/1.1...nection: keep-alive\r\n\r\n>>>\x15H\x9fM<\xF08+\x93...\x00\x00\x00\x00\x00\x00\x00} {}
[DEBUG] parseNext s=START HeapByteBuffer@78a30358[p=0,l=290,c=8192,r=290]={<<<GET /EchoServlet HTTP/1.1...nection: keep-alive\r\n\r\n>>>\x15H\x9fM<\xF08+\x93...\x00\x00\x00\x00\x00\x00\x00}
[DEBUG] START --> SPACE1
[DEBUG] SPACE1 --> URI
[DEBUG] URI --> SPACE2
[DEBUG] SPACE2 --> REQUEST_VERSION
[DEBUG] REQUEST_VERSION --> HEADER
[DEBUG] HEADER:Accept-Encoding: gzip --> IN_VALUE
[DEBUG] HEADER:Accept-Encoding: gzip --> FIELD
[DEBUG] HEADER:User-Agent: Mozilla/5.0 (Windows NT 10.0; Win64; x64) AppleWebKit/537.36 (KHTML, like Gecko) Chrome/79.0.3945.130 Safari/537.36 --> IN_VALUE
[DEBUG] HEADER:User-Agent: Mozilla/5.0 (Windows NT 10.0; Win64; x64) AppleWebKit/537.36 (KHTML, like Gecko) Chrome/79.0.3945.130 Safari/537.36 --> FIELD
[DEBUG] HEADER:Host: localhost:38858 --> IN_VALUE
[DEBUG] HEADER:Host: localhost:38858 --> FIELD
[DEBUG] HEADER:Accept: text/html, image/gif, image/jpeg, *; q=.2, */*; q=.2 --> IN_VALUE
[DEBUG] HEADER:Accept: text/html, image/gif, image/jpeg, *; q=.2, */*; q=.2 --> FIELD
[DEBUG] HEADER:Connection: keep-alive --> IN_VALUE
[DEBUG] HEADER:Connection: keep-alive --> FIELD
[DEBUG] HEADER --> CONTENT
[DEBUG] REQUEST for //localhost:38858/EchoServlet on HttpChannelOverHttp@380129b{s=HttpChannelState@7bf8633{s=IDLE rs=BLOCKING os=OPEN is=IDLE awp=false se=false i=true al=0},r=7,c=false/false,a=IDLE,uri=//localhost:38858/EchoServlet,age=0}
GET //localhost:38858/EchoServlet HTTP/1.1
Accept-Encoding: gzip
User-Agent: Mozilla/5.0 (Windows NT 10.0; Win64; x64) AppleWebKit/537.36 (KHTML, like Gecko) Chrome/79.0.3945.130 Safari/537.36
Host: localhost:38858
Accept: text/html, image/gif, image/jpeg, *; q=.2, */*; q=.2
Connection: keep-alive


[DEBUG] HttpConnection@42bd18a0::SocketChannelEndPoint@d47ed43{l=/127.0.0.1:38858,r=/127.0.0.1:42940,OPEN,fill=-,flush=-,to=0/30000}{io=0/0,kio=0,kro=1}->HttpConnection@42bd18a0[p=HttpParser{s=CONTENT,0 of -1},g=HttpGenerator@73351804{s=START}]=>HttpChannelOverHttp@380129b{s=HttpChannelState@7bf8633{s=IDLE rs=BLOCKING os=OPEN is=IDLE awp=false se=false i=true al=0},r=7,c=false/false,a=IDLE,uri=//localhost:38858/EchoServlet,age=0} parsed true HttpParser{s=CONTENT,0 of -1}
[DEBUG] releaseRequestBuffer HttpConnection@42bd18a0::SocketChannelEndPoint@d47ed43{l=/127.0.0.1:38858,r=/127.0.0.1:42940,OPEN,fill=-,flush=-,to=1/30000}{io=0/0,kio=0,kro=1}->HttpConnection@42bd18a0[p=HttpParser{s=CONTENT,0 of -1},g=HttpGenerator@73351804{s=START}]=>HttpChannelOverHttp@380129b{s=HttpChannelState@7bf8633{s=IDLE rs=BLOCKING os=OPEN is=IDLE awp=false se=false i=true al=0},r=7,c=false/false,a=IDLE,uri=//localhost:38858/EchoServlet,age=0}
[DEBUG] handle //localhost:38858/EchoServlet HttpChannelOverHttp@380129b{s=HttpChannelState@7bf8633{s=IDLE rs=BLOCKING os=OPEN is=IDLE awp=false se=false i=true al=0},r=7,c=false/false,a=IDLE,uri=//localhost:38858/EchoServlet,age=1} 
[DEBUG] handling HttpChannelState@7bf8633{s=IDLE rs=BLOCKING os=OPEN is=IDLE awp=false se=false i=true al=0}
[DEBUG] action DISPATCH HttpChannelOverHttp@380129b{s=HttpChannelState@7bf8633{s=HANDLING rs=BLOCKING os=OPEN is=IDLE awp=false se=false i=true al=0},r=7,c=false/false,a=HANDLING,uri=//localhost:38858/EchoServlet,age=1}
[DEBUG] REQUEST GET /EchoServlet on HttpChannelOverHttp@380129b{s=HttpChannelState@7bf8633{s=HANDLING rs=BLOCKING os=OPEN is=IDLE awp=false se=false i=true al=0},r=7,c=false/false,a=HANDLING,uri=//localhost:38858/EchoServlet,age=1}
[DEBUG] servlet null|/EchoServlet|null -> org.jsoup.integration.servlets.EchoServlet-422c3c7a==org.jsoup.integration.servlets.EchoServlet@66e2fba5{jsp=null,order=-1,inst=true,async=true,src=EMBEDDED:null,STARTED}
[DEBUG] chain=null
[DEBUG] write(array HeapByteBuffer@75092d16[p=0,l=235,c=512,r=235]={<<<<title>Webserver Environm...\n    <table border="0">>>>\x00\x00\x00\x00\x00\x00\x00\x00\x00...\x00\x00\x00\x00\x00\x00\x00})
[DEBUG] write(array) s=OPEN,api=BLOCKING,sc=false,e=null aggregated !flush DirectByteBuffer@1667663f[p=0,l=235,c=32768,r=235]={<<<<title>Webserver Environm...\n    <table border="0">>>>="_functi...\x00\x00\x00\x00\x00\x00\x00}
[DEBUG] write(array HeapByteBuffer@5c001d1[p=0,l=36,c=512,r=36]={<<<<tr><th>Method</th><td>GET</td></tr>>>>es</title...\x00\x00\x00\x00\x00\x00\x00})
[DEBUG] write(array) s=OPEN,api=BLOCKING,sc=false,e=null aggregated !flush DirectByteBuffer@1667663f[p=0,l=271,c=32768,r=271]={<<<<title>Webserver Environm...d</th><td>GET</td></tr>>>>for="_fil...\x00\x00\x00\x00\x00\x00\x00}
[DEBUG] write(array HeapByteBuffer@6d119208[p=0,l=1,c=512,r=1]={<<<\n>>>tr><th>Me...\x00\x00\x00\x00\x00\x00\x00})
[DEBUG] write(array) s=OPEN,api=BLOCKING,sc=false,e=null aggregated !flush DirectByteBuffer@1667663f[p=0,l=272,c=32768,r=272]={<<<<title>Webserver Environm...</th><td>GET</td></tr>\n>>>or="_file...\x00\x00\x00\x00\x00\x00\x00}
[DEBUG] write(array HeapByteBuffer@5f39f511[p=0,l=50,c=512,r=50]={<<<<tr><th>Request URI</th><...>/EchoServlet</td></tr>>>> <style t...\x00\x00\x00\x00\x00\x00\x00})
[DEBUG] write(array) s=OPEN,api=BLOCKING,sc=false,e=null aggregated !flush DirectByteBuffer@1667663f[p=0,l=322,c=32768,r=322]={<<<<title>Webserver Environm...>/EchoServlet</td></tr>>>>d="_file"...\x00\x00\x00\x00\x00\x00\x00}
[DEBUG] write(array HeapByteBuffer@6364027d[p=0,l=1,c=512,r=1]={<<<\n>>>tr><th>Re...\x00\x00\x00\x00\x00\x00\x00})
[DEBUG] write(array) s=OPEN,api=BLOCKING,sc=false,e=null aggregated !flush DirectByteBuffer@1667663f[p=0,l=323,c=32768,r=323]={<<<<title>Webserver Environm.../EchoServlet</td></tr>\n>>>="_file" ...\x00\x00\x00\x00\x00\x00\x00}
[DEBUG] write(array HeapByteBuffer@662f4949[p=0,l=39,c=512,r=39]={<<<<tr><th>Query String</th><td></td></tr>>>>t</td></t...\x00\x00\x00\x00\x00\x00\x00})
[DEBUG] write(array) s=OPEN,api=BLOCKING,sc=false,e=null aggregated !flush DirectByteBuffer@1667663f[p=0,l=362,c=32768,r=362]={<<<<title>Webserver Environm...ring</th><td></td></tr>>>>t type="s...\x00\x00\x00\x00\x00\x00\x00}
[DEBUG] write(array HeapByteBuffer@74f0656[p=0,l=1,c=512,r=1]={<<<\n>>>tr><th>Qu...\x00\x00\x00\x00\x00\x00\x00})
[DEBUG] write(array) s=OPEN,api=BLOCKING,sc=false,e=null aggregated !flush DirectByteBuffer@1667663f[p=0,l=363,c=32768,r=363]={<<<<title>Webserver Environm...ing</th><td></td></tr>\n>>> type="su...\x00\x00\x00\x00\x00\x00\x00}
[DEBUG] write(array HeapByteBuffer@174eead3[p=0,l=85,c=512,r=85]={<<<<tr><th>Accept</th><td>te....2, */*; q=.2</td></tr>>>>, td, th ...\x00\x00\x00\x00\x00\x00\x00})
[DEBUG] write(array) s=OPEN,api=BLOCKING,sc=false,e=null aggregated !flush DirectByteBuffer@1667663f[p=0,l=448,c=32768,r=448]={<<<<title>Webserver Environm....2, */*; q=.2</td></tr>>>>\n<tr><th>...\x00\x00\x00\x00\x00\x00\x00}
[DEBUG] write(array HeapByteBuffer@547a65ad[p=0,l=1,c=512,r=1]={<<<\n>>>tr><th>Ac...\x00\x00\x00\x00\x00\x00\x00})
[DEBUG] write(array) s=OPEN,api=BLOCKING,sc=false,e=null aggregated !flush DirectByteBuffer@1667663f[p=0,l=449,c=32768,r=449]={<<<<title>Webserver Environm...2, */*; q=.2</td></tr>\n>>><tr><th>U...\x00\x00\x00\x00\x00\x00\x00}
[DEBUG] write(array HeapByteBuffer@48831b6a[p=0,l=152,c=512,r=152]={<<<<tr><th>User-Agent</th><t...Safari/537.36</td></tr>>>>      th ...\x00\x00\x00\x00\x00\x00\x00})
[DEBUG] write(array) s=OPEN,api=BLOCKING,sc=false,e=null aggregated !flush DirectByteBuffer@1667663f[p=0,l=601,c=32768,r=601]={<<<<title>Webserver Environm...Safari/537.36</td></tr>>>>\n<tr><th>...\x00\x00\x00\x00\x00\x00\x00}
[DEBUG] write(array HeapByteBuffer@3781d99a[p=0,l=1,c=512,r=1]={<<<\n>>>tr><th>Us...\x00\x00\x00\x00\x00\x00\x00})
[DEBUG] write(array) s=OPEN,api=BLOCKING,sc=false,e=null aggregated !flush DirectByteBuffer@1667663f[p=0,l=602,c=32768,r=602]={<<<<title>Webserver Environm...afari/537.36</td></tr>\n>>><tr><th>C...\x00\x00\x00\x00\x00\x00\x00}
[DEBUG] write(array HeapByteBuffer@5779b5cb[p=0,l=47,c=512,r=47]={<<<<tr><th>Connection</th><td>keep-alive</td></tr>>>> NT 10.0;...\x00\x00\x00\x00\x00\x00\x00})
[DEBUG] write(array) s=OPEN,api=BLOCKING,sc=false,e=null aggregated !flush DirectByteBuffer@1667663f[p=0,l=649,c=32768,r=649]={<<<<title>Webserver Environm...td>keep-alive</td></tr>>>>\n<tr><th>...\x00\x00\x00\x00\x00\x00\x00}
[DEBUG] write(array HeapByteBuffer@5029f584[p=0,l=1,c=512,r=1]={<<<\n>>>tr><th>Co...\x00\x00\x00\x00\x00\x00\x00})
[DEBUG] write(array) s=OPEN,api=BLOCKING,sc=false,e=null aggregated !flush DirectByteBuffer@1667663f[p=0,l=650,c=32768,r=650]={<<<<title>Webserver Environm...d>keep-alive</td></tr>\n>>><tr><th>H...\x00\x00\x00\x00\x00\x00\x00}
[DEBUG] write(array HeapByteBuffer@21fca0[p=0,l=46,c=512,r=46]={<<<<tr><th>Host</th><td>localhost:38858</td></tr>>>>> NT 10.0...\x00\x00\x00\x00\x00\x00\x00})
[DEBUG] write(array) s=OPEN,api=BLOCKING,sc=false,e=null aggregated !flush DirectByteBuffer@1667663f[p=0,l=696,c=32768,r=696]={<<<<title>Webserver Environm...calhost:38858</td></tr>>>>\n<tr><th>...\x00\x00\x00\x00\x00\x00\x00}
[DEBUG] write(array HeapByteBuffer@3955a837[p=0,l=1,c=512,r=1]={<<<\n>>>tr><th>Ho...\x00\x00\x00\x00\x00\x00\x00})
[DEBUG] write(array) s=OPEN,api=BLOCKING,sc=false,e=null aggregated !flush DirectByteBuffer@1667663f[p=0,l=697,c=32768,r=697]={<<<<title>Webserver Environm...alhost:38858</td></tr>\n>>><tr><th>A...\x00\x00\x00\x00\x00\x00\x00}
[DEBUG] write(array HeapByteBuffer@2398853b[p=0,l=46,c=512,r=46]={<<<<tr><th>Accept-Encoding</th><td>gzip</td></tr>>>>> NT 10.0...\x00\x00\x00\x00\x00\x00\x00})
[DEBUG] write(array) s=OPEN,api=BLOCKING,sc=false,e=null aggregated !flush DirectByteBuffer@1667663f[p=0,l=743,c=32768,r=743]={<<<<title>Webserver Environm...</th><td>gzip</td></tr>>>>\n</table>...\x00\x00\x00\x00\x00\x00\x00}
[DEBUG] write(array HeapByteBuffer@3c82c119[p=0,l=1,c=512,r=1]={<<<\n>>>tr><th>Ac...\x00\x00\x00\x00\x00\x00\x00})
[DEBUG] write(array) s=OPEN,api=BLOCKING,sc=false,e=null aggregated !flush DirectByteBuffer@1667663f[p=0,l=744,c=32768,r=744]={<<<<title>Webserver Environm.../th><td>gzip</td></tr>\n>>></table>\n...\x00\x00\x00\x00\x00\x00\x00}
[DEBUG] filled 0 HeapByteBuffer@22b9b50d[p=0,l=0,c=8192,r=0]={<<<>>>HTTP/1.1 ...\x86&h\xA0{\xC1\xC2}
[DEBUG] filled 0 HeapByteBuffer@22b9b50d[p=0,l=0,c=8192,r=0]={<<<>>>HTTP/1.1 ...\x86&h\xA0{\xC1\xC2}
[DEBUG] HttpConnection@42bd18a0::SocketChannelEndPoint@d47ed43{l=/127.0.0.1:38858,r=/127.0.0.1:42940,OPEN,fill=-,flush=-,to=2/30000}{io=0/0,kio=0,kro=1}->HttpConnection@42bd18a0[p=HttpParser{s=CONTENT,0 of -1},g=HttpGenerator@73351804{s=START}]=>HttpChannelOverHttp@380129b{s=HttpChannelState@7bf8633{s=HANDLING rs=BLOCKING os=OPEN is=IDLE awp=false se=false i=true al=0},r=7,c=false/false,a=HANDLING,uri=//localhost:38858/EchoServlet,age=2} filled 0 HeapByteBuffer@22b9b50d[p=0,l=0,c=8192,r=0]={<<<>>>HTTP/1.1 ...\x86&h\xA0{\xC1\xC2}
[DEBUG] HttpConnection@42bd18a0::SocketChannelEndPoint@d47ed43{l=/127.0.0.1:38858,r=/127.0.0.1:42940,OPEN,fill=-,flush=-,to=3/30000}{io=0/0,kio=0,kro=1}->HttpConnection@42bd18a0[p=HttpParser{s=CONTENT,0 of -1},g=HttpGenerator@73351804{s=START}]=>HttpChannelOverHttp@380129b{s=HttpChannelState@7bf8633{s=HANDLING rs=BLOCKING os=OPEN is=IDLE awp=false se=false i=true al=0},r=7,c=false/false,a=HANDLING,uri=//localhost:38858/EchoServlet,age=2} parse HeapByteBuffer@22b9b50d[p=0,l=0,c=8192,r=0]={<<<>>>HTTP/1.1 ...\x86&h\xA0{\xC1\xC2} {}
[DEBUG] parseNext s=CONTENT HeapByteBuffer@22b9b50d[p=0,l=0,c=8192,r=0]={<<<>>>HTTP/1.1 ...\x86&h\xA0{\xC1\xC2}
[DEBUG] CONTENT --> CONTENT_END
[DEBUG] onContentComplete HttpChannelOverHttp@380129b{s=HttpChannelState@7bf8633{s=HANDLING rs=BLOCKING os=OPEN is=IDLE awp=false se=false i=true al=0},r=7,c=false/false,a=HANDLING,uri=//localhost:38858/EchoServlet,age=2}
[DEBUG] CONTENT_END --> END
[DEBUG] onRequestComplete HttpChannelOverHttp@380129b{s=HttpChannelState@7bf8633{s=HANDLING rs=BLOCKING os=OPEN is=IDLE awp=false se=false i=true al=0},r=7,c=false/false,a=HANDLING,uri=//localhost:38858/EchoServlet,age=2}
[DEBUG] HttpInputOverHTTP@8cf6f52[c=0,q=0,[0]=null,s=STREAM] addContent EOF
[DEBUG] HttpConnection@42bd18a0::SocketChannelEndPoint@d47ed43{l=/127.0.0.1:38858,r=/127.0.0.1:42940,OPEN,fill=-,flush=-,to=3/30000}{io=0/0,kio=0,kro=1}->HttpConnection@42bd18a0[p=HttpParser{s=END,0 of -1},g=HttpGenerator@73351804{s=START}]=>HttpChannelOverHttp@380129b{s=HttpChannelState@7bf8633{s=HANDLING rs=BLOCKING os=OPEN is=IDLE awp=false se=false i=true al=0},r=7,c=false/false,a=HANDLING,uri=//localhost:38858/EchoServlet,age=2} parsed false HttpParser{s=END,0 of -1}
[DEBUG] releaseRequestBuffer HttpConnection@42bd18a0::SocketChannelEndPoint@d47ed43{l=/127.0.0.1:38858,r=/127.0.0.1:42940,OPEN,fill=-,flush=-,to=11/30000}{io=0/0,kio=0,kro=1}->HttpConnection@42bd18a0[p=HttpParser{s=END,0 of -1},g=HttpGenerator@73351804{s=START}]=>HttpChannelOverHttp@380129b{s=HttpChannelState@7bf8633{s=HANDLING rs=BLOCKING os=OPEN is=IDLE awp=false se=false i=true al=0},r=7,c=false/false,a=HANDLING,uri=//localhost:38858/EchoServlet,age=11}
[DEBUG] onEof HttpChannelState@7bf8633{s=HANDLING rs=BLOCKING os=OPEN is=IDLE awp=false se=false i=true al=0}
[DEBUG] write(array HeapByteBuffer@33c9fed5[p=0,l=8,c=512,r=8]={<<<</table>>>>Accept-En...\x00\x00\x00\x00\x00\x00\x00})
[DEBUG] write(array) s=OPEN,api=BLOCKING,sc=false,e=null aggregated !flush DirectByteBuffer@1667663f[p=0,l=752,c=32768,r=752]={<<<<title>Webserver Environm...gzip</td></tr>\n</table>>>>\n\n<tr><th...\x00\x00\x00\x00\x00\x00\x00}
[DEBUG] write(array HeapByteBuffer@27c9ec8b[p=0,l=1,c=512,r=1]={<<<\n>>>/table>Ac...\x00\x00\x00\x00\x00\x00\x00})
[DEBUG] write(array) s=OPEN,api=BLOCKING,sc=false,e=null aggregated !flush DirectByteBuffer@1667663f[p=0,l=753,c=32768,r=753]={<<<<title>Webserver Environm...zip</td></tr>\n</table>\n>>>\n<tr><th>...\x00\x00\x00\x00\x00\x00\x00}
[DEBUG] handled=true async=false committed=false on HttpChannelOverHttp@380129b{s=HttpChannelState@7bf8633{s=HANDLING rs=BLOCKING os=OPEN is=READY awp=false se=false i=true al=0},r=7,c=false/false,a=HANDLING,uri=//localhost:38858/EchoServlet,age=11}
[DEBUG] unhandle HttpChannelState@7bf8633{s=HANDLING rs=BLOCKING os=OPEN is=READY awp=false se=false i=true al=0}
[DEBUG] nextAction(false) COMPLETE HttpChannelState@7bf8633{s=HANDLING rs=COMPLETING os=OPEN is=READY awp=false se=false i=false al=0}
[DEBUG] action COMPLETE HttpChannelOverHttp@380129b{s=HttpChannelState@7bf8633{s=HANDLING rs=COMPLETING os=OPEN is=READY awp=false se=false i=false al=0},r=7,c=false/false,a=HANDLING,uri=//localhost:38858/EchoServlet,age=11}
[DEBUG] complete(org.eclipse.jetty.util.Callback$3@401f1414) s=CLOSING,api=BLOCKED,sc=false,e=null s=false e=null, c=DirectByteBuffer@1667663f[p=0,l=753,c=32768,r=753]={<<<<title>Webserver Environm...zip</td></tr>\n</table>\n>>>\n<tr><th>...\x00\x00\x00\x00\x00\x00\x00}
[DEBUG] sendResponse info=null content=DirectByteBuffer@1667663f[p=0,l=753,c=32768,r=753]={<<<<title>Webserver Environm...zip</td></tr>\n</table>\n>>>\n<tr><th>...\x00\x00\x00\x00\x00\x00\x00} complete=true committing=true callback=org.eclipse.jetty.server.HttpOutput$WriteCompleteCB@6abf8f07
[DEBUG] COMMIT for /EchoServlet on HttpChannelOverHttp@380129b{s=HttpChannelState@7bf8633{s=HANDLING rs=COMPLETING os=COMMITTED is=READY awp=false se=false i=false al=0},r=7,c=false/false,a=HANDLING,uri=//localhost:38858/EchoServlet,age=12}
200 null HTTP/1.1
Date: Mon, 20 Sep 2021 19:30:11 GMT
Content-Type: text/html;charset=utf-8
Cache-Control: no-cache
Cache-Control: no-store


[DEBUG] generate: NEED_HEADER for SendCallback@5f75d958[PROCESSING][i=HTTP/1.1{s=200,h=4,cl=-1},cb=org.eclipse.jetty.server.HttpChannel$SendCallback@167cfbd3] (null,[p=0,l=753,c=32768,r=753],true)@START
[DEBUG] generateHeaders HTTP/1.1{s=200,h=4,cl=-1} last=true content=DirectByteBuffer@1667663f[p=0,l=753,c=32768,r=753]={<<<<title>Webserver Environm...zip</td></tr>\n</table>\n>>>\n<tr><th>...\x00\x00\x00\x00\x00\x00\x00}
[DEBUG] Date: Mon, 20 Sep 2021 19:30:11 GMT
Content-Type: text/html;charset=utf-8
Cache-Control: no-cache
Cache-Control: no-store


[DEBUG] CONTENT_LENGTH
[DEBUG] generate: FLUSH for SendCallback@5f75d958[PROCESSING][i=HTTP/1.1{s=200,h=4,cl=-1},cb=org.eclipse.jetty.server.HttpChannel$SendCallback@167cfbd3] ([p=0,l=199,c=8192,r=199],[p=0,l=753,c=32768,r=753],true)@COMPLETING
[DEBUG] write: WriteFlusher@21254e7e{IDLE}->null [HeapByteBuffer@78a30358[p=0,l=199,c=8192,r=199]={<<<HTTP/1.1 200 OK\r\nDate: Mo...y(9.4.43.v20210629)\r\n\r\n>>>8\r\nAccept...\x00\x00\x00\x00\x00\x00\x00},DirectByteBuffer@1667663f[p=0,l=753,c=32768,r=753]={<<<<title>Webserver Environm...zip</td></tr>\n</table>\n>>>\n<tr><th>...\x00\x00\x00\x00\x00\x00\x00}]
[DEBUG] update WriteFlusher@21254e7e{WRITING}->null:IDLE-->WRITING
]]></system-out>
  </testcase>
  <testcase name="canFetchBinaryAsBytes" classname="org.jsoup.integration.ConnectTest" time="0.022">
    <system-out><![CDATA[[DEBUG] flushed 952 SocketChannelEndPoint@d47ed43{l=/127.0.0.1:38858,r=/127.0.0.1:42940,OPEN,fill=-,flush=W,to=24/30000}{io=0/0,kio=0,kro=1}->HttpConnection@42bd18a0[p=HttpParser{s=END,0 of -1},g=HttpGenerator@73351804{s=COMPLETING}]=>HttpChannelOverHttp@380129b{s=HttpChannelState@7bf8633{s=HANDLING rs=COMPLETING os=COMMITTED is=READY awp=false se=false i=false al=0},r=7,c=false/false,a=HANDLING,uri=//localhost:38858/EchoServlet,age=23}
[DEBUG] Flushed=true written=952 remaining=0 WriteFlusher@21254e7e{WRITING}->null
[DEBUG] update WriteFlusher@21254e7e{IDLE}->null:WRITING-->IDLE
[DEBUG] generate: DONE for SendCallback@5f75d958[PROCESSING][i=HTTP/1.1{s=200,h=4,cl=-1},cb=org.eclipse.jetty.server.HttpChannel$SendCallback@167cfbd3] ([p=199,l=199,c=8192,r=0],[p=753,l=753,c=32768,r=0],true)@END
[DEBUG] onWriteComplete(true,null) s=CLOSING,api=BLOCKED,sc=false,e=null->s=CLOSED,api=BLOCKING,sc=false,e=null c=null cb=org.eclipse.jetty.util.Callback$3@401f1414 w=false
[DEBUG] completed HttpChannelState@7bf8633{s=HANDLING rs=COMPLETING os=COMPLETED is=READY awp=false se=false i=false al=0}
[DEBUG] unhandle HttpChannelState@7bf8633{s=HANDLING rs=COMPLETED os=COMPLETED is=READY awp=false se=false i=false al=0}
[DEBUG] nextAction(false) TERMINATED HttpChannelState@7bf8633{s=IDLE rs=COMPLETED os=COMPLETED is=READY awp=false se=false i=false al=0}
[DEBUG] action TERMINATED HttpChannelOverHttp@380129b{s=HttpChannelState@7bf8633{s=IDLE rs=COMPLETED os=COMPLETED is=READY awp=false se=false i=false al=0},r=7,c=true/true,a=IDLE,uri=//localhost:38858/EchoServlet,age=24}
[DEBUG] onCompleted for /EchoServlet written=753
[DEBUG] recycle HttpChannelState@7bf8633{s=IDLE rs=COMPLETED os=COMPLETED is=READY awp=false se=false i=false al=0}
[DEBUG] reset HttpParser{s=END,0 of -1}
[DEBUG] END --> START
[DEBUG] !handle TERMINATED HttpChannelOverHttp@380129b{s=HttpChannelState@7bf8633{s=IDLE rs=BLOCKING os=OPEN is=IDLE awp=false se=false i=true al=0},r=7,c=false/false,a=IDLE,uri=null,age=0}
[DEBUG] filled 335 HeapByteBuffer@22b9b50d[p=0,l=335,c=8192,r=335]={<<<GET /FileServlet/htmltest...nection: keep-alive\r\n\r\n>>>; q=.2\r\nC...\x86&h\xA0{\xC1\xC2}
[DEBUG] HttpConnection@42bd18a0::SocketChannelEndPoint@d47ed43{l=/127.0.0.1:38858,r=/127.0.0.1:42940,OPEN,fill=-,flush=-,to=0/30000}{io=0/0,kio=0,kro=1}->HttpConnection@42bd18a0[p=HttpParser{s=START,0 of -1},g=HttpGenerator@73351804{s=START}]=>HttpChannelOverHttp@380129b{s=HttpChannelState@7bf8633{s=IDLE rs=BLOCKING os=OPEN is=IDLE awp=false se=false i=true al=0},r=7,c=false/false,a=IDLE,uri=null,age=0} filled 335 HeapByteBuffer@22b9b50d[p=0,l=335,c=8192,r=335]={<<<GET /FileServlet/htmltest...nection: keep-alive\r\n\r\n>>>; q=.2\r\nC...\x86&h\xA0{\xC1\xC2}
[DEBUG] HttpConnection@42bd18a0::SocketChannelEndPoint@d47ed43{l=/127.0.0.1:38858,r=/127.0.0.1:42940,OPEN,fill=-,flush=-,to=0/30000}{io=0/0,kio=0,kro=1}->HttpConnection@42bd18a0[p=HttpParser{s=START,0 of -1},g=HttpGenerator@73351804{s=START}]=>HttpChannelOverHttp@380129b{s=HttpChannelState@7bf8633{s=IDLE rs=BLOCKING os=OPEN is=IDLE awp=false se=false i=true al=0},r=7,c=false/false,a=IDLE,uri=null,age=0} parse HeapByteBuffer@22b9b50d[p=0,l=335,c=8192,r=335]={<<<GET /FileServlet/htmltest...nection: keep-alive\r\n\r\n>>>; q=.2\r\nC...\x86&h\xA0{\xC1\xC2} {}
[DEBUG] parseNext s=START HeapByteBuffer@22b9b50d[p=0,l=335,c=8192,r=335]={<<<GET /FileServlet/htmltest...nection: keep-alive\r\n\r\n>>>; q=.2\r\nC...\x86&h\xA0{\xC1\xC2}
[DEBUG] START --> SPACE1
[DEBUG] SPACE1 --> URI
[DEBUG] URI --> SPACE2
[DEBUG] SPACE2 --> REQUEST_VERSION
[DEBUG] REQUEST_VERSION --> HEADER
[DEBUG] HEADER:Accept-Encoding: gzip --> IN_VALUE
[DEBUG] HEADER:Accept-Encoding: gzip --> FIELD
[DEBUG] HEADER:User-Agent: Mozilla/5.0 (Windows NT 10.0; Win64; x64) AppleWebKit/537.36 (KHTML, like Gecko) Chrome/79.0.3945.130 Safari/537.36 --> IN_VALUE
[DEBUG] HEADER:User-Agent: Mozilla/5.0 (Windows NT 10.0; Win64; x64) AppleWebKit/537.36 (KHTML, like Gecko) Chrome/79.0.3945.130 Safari/537.36 --> FIELD
[DEBUG] HEADER:Host: localhost:38858 --> IN_VALUE
[DEBUG] HEADER:Host: localhost:38858 --> FIELD
[DEBUG] HEADER:Accept: text/html, image/gif, image/jpeg, *; q=.2, */*; q=.2 --> IN_VALUE
[DEBUG] HEADER:Accept: text/html, image/gif, image/jpeg, *; q=.2, */*; q=.2 --> FIELD
[DEBUG] HEADER:Connection: keep-alive --> IN_VALUE
[DEBUG] HEADER:Connection: keep-alive --> FIELD
[DEBUG] HEADER --> CONTENT
[DEBUG] REQUEST for //localhost:38858/FileServlet/htmltests/thumb.jpg?contentType=image%2Fjpeg on HttpChannelOverHttp@380129b{s=HttpChannelState@7bf8633{s=IDLE rs=BLOCKING os=OPEN is=IDLE awp=false se=false i=true al=0},r=8,c=false/false,a=IDLE,uri=//localhost:38858/FileServlet/htmltests/thumb.jpg?contentType=image%2Fjpeg,age=0}
GET //localhost:38858/FileServlet/htmltests/thumb.jpg?contentType=image%2Fjpeg HTTP/1.1
Accept-Encoding: gzip
User-Agent: Mozilla/5.0 (Windows NT 10.0; Win64; x64) AppleWebKit/537.36 (KHTML, like Gecko) Chrome/79.0.3945.130 Safari/537.36
Host: localhost:38858
Accept: text/html, image/gif, image/jpeg, *; q=.2, */*; q=.2
Connection: keep-alive


[DEBUG] HttpConnection@42bd18a0::SocketChannelEndPoint@d47ed43{l=/127.0.0.1:38858,r=/127.0.0.1:42940,OPEN,fill=-,flush=-,to=0/30000}{io=0/0,kio=0,kro=1}->HttpConnection@42bd18a0[p=HttpParser{s=CONTENT,0 of -1},g=HttpGenerator@73351804{s=START}]=>HttpChannelOverHttp@380129b{s=HttpChannelState@7bf8633{s=IDLE rs=BLOCKING os=OPEN is=IDLE awp=false se=false i=true al=0},r=8,c=false/false,a=IDLE,uri=//localhost:38858/FileServlet/htmltests/thumb.jpg?contentType=image%2Fjpeg,age=0} parsed true HttpParser{s=CONTENT,0 of -1}
[DEBUG] releaseRequestBuffer HttpConnection@42bd18a0::SocketChannelEndPoint@d47ed43{l=/127.0.0.1:38858,r=/127.0.0.1:42940,OPEN,fill=-,flush=-,to=0/30000}{io=0/0,kio=0,kro=1}->HttpConnection@42bd18a0[p=HttpParser{s=CONTENT,0 of -1},g=HttpGenerator@73351804{s=START}]=>HttpChannelOverHttp@380129b{s=HttpChannelState@7bf8633{s=IDLE rs=BLOCKING os=OPEN is=IDLE awp=false se=false i=true al=0},r=8,c=false/false,a=IDLE,uri=//localhost:38858/FileServlet/htmltests/thumb.jpg?contentType=image%2Fjpeg,age=1}
[DEBUG] handle //localhost:38858/FileServlet/htmltests/thumb.jpg?contentType=image%2Fjpeg HttpChannelOverHttp@380129b{s=HttpChannelState@7bf8633{s=IDLE rs=BLOCKING os=OPEN is=IDLE awp=false se=false i=true al=0},r=8,c=false/false,a=IDLE,uri=//localhost:38858/FileServlet/htmltests/thumb.jpg?contentType=image%2Fjpeg,age=5} 
[DEBUG] handling HttpChannelState@7bf8633{s=IDLE rs=BLOCKING os=OPEN is=IDLE awp=false se=false i=true al=0}
[DEBUG] action DISPATCH HttpChannelOverHttp@380129b{s=HttpChannelState@7bf8633{s=HANDLING rs=BLOCKING os=OPEN is=IDLE awp=false se=false i=true al=0},r=8,c=false/false,a=HANDLING,uri=//localhost:38858/FileServlet/htmltests/thumb.jpg?contentType=image%2Fjpeg,age=5}
[DEBUG] REQUEST GET /FileServlet/htmltests/thumb.jpg on HttpChannelOverHttp@380129b{s=HttpChannelState@7bf8633{s=HANDLING rs=BLOCKING os=OPEN is=IDLE awp=false se=false i=true al=0},r=8,c=false/false,a=HANDLING,uri=//localhost:38858/FileServlet/htmltests/thumb.jpg?contentType=image%2Fjpeg,age=5}
[DEBUG] servlet null|/FileServlet|/htmltests/thumb.jpg -> org.jsoup.integration.servlets.FileServlet-3fffff43==org.jsoup.integration.servlets.FileServlet@bc0855c5{jsp=null,order=-1,inst=true,async=true,src=EMBEDDED:null,STARTED}
[DEBUG] chain=null
[DEBUG] write(array HeapByteBuffer@7e39e023[p=0,l=1052,c=8192,r=1052]={<<<\xFf\xD8\xFf\xE0\x00\x10JFIF\x00\x01\x01\x00\x00\x01\x00\x01\x00\x00\xFf\xFe\x00;C...\xD4.\xB5\x1b\xC5\x9a@\x14$\x12\xB2$i\xD4*\x80z\x0f\xF1\xA0\x0f\xFf\xD9>>>\x00\x00\x00\x00\x00\x00\x00\x00\x00...\x00\x00\x00\x00\x00\x00\x00})
[DEBUG] write(array) s=OPEN,api=BLOCKING,sc=false,e=null aggregated !flush DirectByteBuffer@1492b79c[p=0,l=1052,c=32768,r=1052]={<<<\xFf\xD8\xFf\xE0\x00\x10JFIF\x00\x01\x01\x00\x00\x01\x00\x01\x00\x00\xFf\xFe\x00;C...\xD4.\xB5\x1b\xC5\x9a@\x14$\x12\xB2$i\xD4*\x80z\x0f\xF1\xA0\x0f\xFf\xD9>>>art _file...\x00\x00\x00\x00\x00\x00\x00}
[DEBUG] sendResponse info=null content=DirectByteBuffer@1492b79c[p=0,l=1052,c=32768,r=1052]={<<<\xFf\xD8\xFf\xE0\x00\x10JFIF\x00\x01\x01\x00\x00\x01\x00\x01\x00\x00\xFf\xFe\x00;C...\xD4.\xB5\x1b\xC5\x9a@\x14$\x12\xB2$i\xD4*\x80z\x0f\xF1\xA0\x0f\xFf\xD9>>>art _file...\x00\x00\x00\x00\x00\x00\x00} complete=false committing=true callback=Blocker@594fb565{null}
[DEBUG] COMMIT for /FileServlet/htmltests/thumb.jpg on HttpChannelOverHttp@380129b{s=HttpChannelState@7bf8633{s=HANDLING rs=BLOCKING os=COMMITTED is=IDLE awp=false se=false i=true al=0},r=8,c=false/false,a=HANDLING,uri=//localhost:38858/FileServlet/htmltests/thumb.jpg?contentType=image%2Fjpeg,age=5}
200 null HTTP/1.1
Date: Mon, 20 Sep 2021 19:30:11 GMT
Content-Type: image/jpeg


[DEBUG] generate: NEED_HEADER for SendCallback@5f75d958[PROCESSING][i=HTTP/1.1{s=200,h=2,cl=-1},cb=org.eclipse.jetty.server.HttpChannel$SendCallback@46bef444] (null,[p=0,l=1052,c=32768,r=1052],false)@START
[DEBUG] generateHeaders HTTP/1.1{s=200,h=2,cl=-1} last=false content=DirectByteBuffer@1492b79c[p=0,l=1052,c=32768,r=1052]={<<<\xFf\xD8\xFf\xE0\x00\x10JFIF\x00\x01\x01\x00\x00\x01\x00\x01\x00\x00\xFf\xFe\x00;C...\xD4.\xB5\x1b\xC5\x9a@\x14$\x12\xB2$i\xD4*\x80z\x0f\xF1\xA0\x0f\xFf\xD9>>>art _file...\x00\x00\x00\x00\x00\x00\x00}
[DEBUG] Date: Mon, 20 Sep 2021 19:30:11 GMT
Content-Type: image/jpeg


[DEBUG] CHUNKED_CONTENT
[DEBUG] generate: FLUSH for SendCallback@5f75d958[PROCESSING][i=HTTP/1.1{s=200,h=2,cl=-1},cb=org.eclipse.jetty.server.HttpChannel$SendCallback@46bef444] ([p=0,l=148,c=8192,r=148],[p=0,l=1052,c=32768,r=1052],false)@COMMITTED
[DEBUG] write: WriteFlusher@21254e7e{IDLE}->null [HeapByteBuffer@78a30358[p=0,l=148,c=8192,r=148]={<<<HTTP/1.1 200 OK\r\nDate: Mo....43.v20210629)\r\n\r\n41C\r\n>>>nt-Length...\x00\x00\x00\x00\x00\x00\x00},DirectByteBuffer@1492b79c[p=0,l=1052,c=32768,r=1052]={<<<\xFf\xD8\xFf\xE0\x00\x10JFIF\x00\x01\x01\x00\x00\x01\x00\x01\x00\x00\xFf\xFe\x00;C...\xD4.\xB5\x1b\xC5\x9a@\x14$\x12\xB2$i\xD4*\x80z\x0f\xF1\xA0\x0f\xFf\xD9>>>art _file...\x00\x00\x00\x00\x00\x00\x00}]
[DEBUG] update WriteFlusher@21254e7e{WRITING}->null:IDLE-->WRITING
[DEBUG] flushed 1200 SocketChannelEndPoint@d47ed43{l=/127.0.0.1:38858,r=/127.0.0.1:42940,OPEN,fill=-,flush=W,to=8/30000}{io=0/0,kio=0,kro=1}->HttpConnection@42bd18a0[p=HttpParser{s=CONTENT,0 of -1},g=HttpGenerator@73351804{s=COMMITTED}]=>HttpChannelOverHttp@380129b{s=HttpChannelState@7bf8633{s=HANDLING rs=BLOCKING os=COMMITTED is=IDLE awp=false se=false i=true al=0},r=8,c=false/false,a=HANDLING,uri=//localhost:38858/FileServlet/htmltests/thumb.jpg?contentType=image%2Fjpeg,age=9}
[DEBUG] Flushed=true written=1200 remaining=0 WriteFlusher@21254e7e{WRITING}->null
[DEBUG] update WriteFlusher@21254e7e{IDLE}->null:WRITING-->IDLE
[DEBUG] generate: DONE for SendCallback@5f75d958[PROCESSING][i=HTTP/1.1{s=200,h=2,cl=-1},cb=org.eclipse.jetty.server.HttpChannel$SendCallback@46bef444] ([p=148,l=148,c=8192,r=0],[p=1052,l=1052,c=32768,r=0],false)@COMMITTED
[DEBUG] onWriteComplete(false,null) s=OPEN,api=BLOCKED,sc=false,e=null->s=OPEN,api=BLOCKING,sc=false,e=null c=null cb=null w=false
[DEBUG] handled=true async=false committed=true on HttpChannelOverHttp@380129b{s=HttpChannelState@7bf8633{s=HANDLING rs=BLOCKING os=COMMITTED is=IDLE awp=false se=false i=true al=0},r=8,c=false/false,a=HANDLING,uri=//localhost:38858/FileServlet/htmltests/thumb.jpg?contentType=image%2Fjpeg,age=9}
[DEBUG] unhandle HttpChannelState@7bf8633{s=HANDLING rs=BLOCKING os=COMMITTED is=IDLE awp=false se=false i=true al=0}
[DEBUG] nextAction(false) COMPLETE HttpChannelState@7bf8633{s=HANDLING rs=COMPLETING os=COMMITTED is=IDLE awp=false se=false i=false al=0}
[DEBUG] action COMPLETE HttpChannelOverHttp@380129b{s=HttpChannelState@7bf8633{s=HANDLING rs=COMPLETING os=COMMITTED is=IDLE awp=false se=false i=false al=0},r=8,c=false/false,a=HANDLING,uri=//localhost:38858/FileServlet/htmltests/thumb.jpg?contentType=image%2Fjpeg,age=9}
[DEBUG] complete(org.eclipse.jetty.util.Callback$3@506f9c23) s=CLOSING,api=BLOCKED,sc=false,e=null s=false e=null, c=HeapByteBuffer@11848662[p=0,l=0,c=0,r=0]={<<<>>>}
[DEBUG] sendResponse info=null content=HeapByteBuffer@11848662[p=0,l=0,c=0,r=0]={<<<>>>} complete=true committing=false callback=org.eclipse.jetty.server.HttpOutput$WriteCompleteCB@213c479e
[DEBUG] generate: CONTINUE for SendCallback@5f75d958[PROCESSING][i=null,cb=org.eclipse.jetty.server.HttpChannel$SendCallback@10358362] (null,[p=0,l=0,c=0,r=0],true)@COMPLETING
[DEBUG] generate: NEED_CHUNK for SendCallback@5f75d958[PROCESSING][i=null,cb=org.eclipse.jetty.server.HttpChannel$SendCallback@10358362] (null,[p=0,l=0,c=0,r=0],true)@COMPLETING
[DEBUG] generate: FLUSH for SendCallback@5f75d958[PROCESSING][i=null,cb=org.eclipse.jetty.server.HttpChannel$SendCallback@10358362] (null,[p=0,l=0,c=0,r=0],true)@COMPLETING
[DEBUG] write: WriteFlusher@21254e7e{IDLE}->null [HeapByteBuffer@690742bb[p=0,l=7,c=1024,r=7]={<<<\r\n0\r\n\r\n>>>\x00\x00\x00\x00\x00\x00\x00\x00\x00...\x00\x00\x00\x00\x00\x00\x00}]
[DEBUG] update WriteFlusher@21254e7e{WRITING}->null:IDLE-->WRITING
]]></system-out>
  </testcase>
  <testcase name="maxBodySize" classname="org.jsoup.integration.ConnectTest" time="0.419">
    <system-out><![CDATA[[DEBUG] flushed 7 SocketChannelEndPoint@d47ed43{l=/127.0.0.1:38858,r=/127.0.0.1:42940,OPEN,fill=-,flush=W,to=4/30000}{io=0/0,kio=0,kro=1}->HttpConnection@42bd18a0[p=HttpParser{s=CONTENT,0 of -1},g=HttpGenerator@73351804{s=COMPLETING}]=>HttpChannelOverHttp@380129b{s=HttpChannelState@7bf8633{s=HANDLING rs=COMPLETING os=COMMITTED is=IDLE awp=false se=false i=false al=0},r=8,c=false/false,a=HANDLING,uri=//localhost:38858/FileServlet/htmltests/thumb.jpg?contentType=image%2Fjpeg,age=14}
[DEBUG] Flushed=true written=7 remaining=0 WriteFlusher@21254e7e{WRITING}->null
[DEBUG] update WriteFlusher@21254e7e{IDLE}->null:WRITING-->IDLE
[DEBUG] generate: DONE for SendCallback@5f75d958[PROCESSING][i=null,cb=org.eclipse.jetty.server.HttpChannel$SendCallback@10358362] (null,[p=0,l=0,c=0,r=0],true)@END
[DEBUG] onWriteComplete(true,null) s=CLOSING,api=BLOCKED,sc=false,e=null->s=CLOSED,api=BLOCKING,sc=false,e=null c=null cb=org.eclipse.jetty.util.Callback$3@506f9c23 w=false
[DEBUG] completed HttpChannelState@7bf8633{s=HANDLING rs=COMPLETING os=COMPLETED is=IDLE awp=false se=false i=false al=0}
[DEBUG] unhandle HttpChannelState@7bf8633{s=HANDLING rs=COMPLETED os=COMPLETED is=IDLE awp=false se=false i=false al=0}
[DEBUG] nextAction(false) TERMINATED HttpChannelState@7bf8633{s=IDLE rs=COMPLETED os=COMPLETED is=IDLE awp=false se=false i=false al=0}
[DEBUG] action TERMINATED HttpChannelOverHttp@380129b{s=HttpChannelState@7bf8633{s=IDLE rs=COMPLETED os=COMPLETED is=IDLE awp=false se=false i=false al=0},r=8,c=true/true,a=IDLE,uri=//localhost:38858/FileServlet/htmltests/thumb.jpg?contentType=image%2Fjpeg,age=16}
[DEBUG] onCompleted for /FileServlet/htmltests/thumb.jpg written=1052
[DEBUG] filled 311 HeapByteBuffer@22b9b50d[p=0,l=311,c=8192,r=311]={<<<GET /FileServlet/htmltest...nection: keep-alive\r\n\r\n>>>nnection:...\x86&h\xA0{\xC1\xC2}
[DEBUG] HttpConnection@42bd18a0::SocketChannelEndPoint@d47ed43{l=/127.0.0.1:38858,r=/127.0.0.1:42940,OPEN,fill=-,flush=-,to=0/30000}{io=0/0,kio=0,kro=1}->HttpConnection@42bd18a0[p=HttpParser{s=CONTENT,0 of -1},g=HttpGenerator@73351804{s=END}]=>HttpChannelOverHttp@380129b{s=HttpChannelState@7bf8633{s=IDLE rs=COMPLETED os=COMPLETED is=IDLE awp=false se=false i=false al=0},r=8,c=true/true,a=IDLE,uri=//localhost:38858/FileServlet/htmltests/thumb.jpg?contentType=image%2Fjpeg,age=17} filled 311 HeapByteBuffer@22b9b50d[p=0,l=311,c=8192,r=311]={<<<GET /FileServlet/htmltest...nection: keep-alive\r\n\r\n>>>nnection:...\x86&h\xA0{\xC1\xC2}
[DEBUG] HttpConnection@42bd18a0::SocketChannelEndPoint@d47ed43{l=/127.0.0.1:38858,r=/127.0.0.1:42940,OPEN,fill=-,flush=-,to=0/30000}{io=0/0,kio=0,kro=1}->HttpConnection@42bd18a0[p=HttpParser{s=CONTENT,0 of -1},g=HttpGenerator@73351804{s=END}]=>HttpChannelOverHttp@380129b{s=HttpChannelState@7bf8633{s=IDLE rs=COMPLETED os=COMPLETED is=IDLE awp=false se=false i=false al=0},r=8,c=true/true,a=IDLE,uri=//localhost:38858/FileServlet/htmltests/thumb.jpg?contentType=image%2Fjpeg,age=17} parse HeapByteBuffer@22b9b50d[p=0,l=311,c=8192,r=311]={<<<GET /FileServlet/htmltest...nection: keep-alive\r\n\r\n>>>nnection:...\x86&h\xA0{\xC1\xC2} {}
[DEBUG] parseNext s=CONTENT HeapByteBuffer@22b9b50d[p=0,l=311,c=8192,r=311]={<<<GET /FileServlet/htmltest...nection: keep-alive\r\n\r\n>>>nnection:...\x86&h\xA0{\xC1\xC2}
[DEBUG] CONTENT --> CONTENT_END
[DEBUG] onContentComplete HttpChannelOverHttp@380129b{s=HttpChannelState@7bf8633{s=IDLE rs=COMPLETED os=COMPLETED is=IDLE awp=false se=false i=false al=0},r=8,c=true/true,a=IDLE,uri=//localhost:38858/FileServlet/htmltests/thumb.jpg?contentType=image%2Fjpeg,age=17}
[DEBUG] CONTENT_END --> END
[DEBUG] onRequestComplete HttpChannelOverHttp@380129b{s=HttpChannelState@7bf8633{s=IDLE rs=COMPLETED os=COMPLETED is=IDLE awp=false se=false i=false al=0},r=8,c=true/true,a=IDLE,uri=//localhost:38858/FileServlet/htmltests/thumb.jpg?contentType=image%2Fjpeg,age=17}
[DEBUG] HttpInputOverHTTP@8cf6f52[c=0,q=0,[0]=null,s=STREAM] addContent EOF
[DEBUG] HttpConnection@42bd18a0::SocketChannelEndPoint@d47ed43{l=/127.0.0.1:38858,r=/127.0.0.1:42940,OPEN,fill=-,flush=-,to=0/30000}{io=0/0,kio=0,kro=1}->HttpConnection@42bd18a0[p=HttpParser{s=END,0 of -1},g=HttpGenerator@73351804{s=END}]=>HttpChannelOverHttp@380129b{s=HttpChannelState@7bf8633{s=IDLE rs=COMPLETED os=COMPLETED is=IDLE awp=false se=false i=false al=0},r=8,c=true/true,a=IDLE,uri=//localhost:38858/FileServlet/htmltests/thumb.jpg?contentType=image%2Fjpeg,age=17} parsed false HttpParser{s=END,0 of -1}
[DEBUG] recycle HttpChannelState@7bf8633{s=IDLE rs=COMPLETED os=COMPLETED is=IDLE awp=false se=false i=false al=0}
[DEBUG] reset HttpParser{s=END,0 of -1}
[DEBUG] END --> START
[DEBUG] !handle TERMINATED HttpChannelOverHttp@380129b{s=HttpChannelState@7bf8633{s=IDLE rs=BLOCKING os=OPEN is=IDLE awp=false se=false i=true al=0},r=8,c=false/false,a=IDLE,uri=null,age=0}
[DEBUG] HttpConnection@42bd18a0::SocketChannelEndPoint@d47ed43{l=/127.0.0.1:38858,r=/127.0.0.1:42940,OPEN,fill=-,flush=-,to=3/30000}{io=0/0,kio=0,kro=1}->HttpConnection@42bd18a0[p=HttpParser{s=START,0 of -1},g=HttpGenerator@73351804{s=START}]=>HttpChannelOverHttp@380129b{s=HttpChannelState@7bf8633{s=IDLE rs=BLOCKING os=OPEN is=IDLE awp=false se=false i=true al=0},r=8,c=false/false,a=IDLE,uri=null,age=0} parse HeapByteBuffer@22b9b50d[p=0,l=311,c=8192,r=311]={<<<GET /FileServlet/htmltest...nection: keep-alive\r\n\r\n>>>nnection:...\x86&h\xA0{\xC1\xC2} {}
[DEBUG] parseNext s=START HeapByteBuffer@22b9b50d[p=0,l=311,c=8192,r=311]={<<<GET /FileServlet/htmltest...nection: keep-alive\r\n\r\n>>>nnection:...\x86&h\xA0{\xC1\xC2}
[DEBUG] START --> SPACE1
[DEBUG] SPACE1 --> URI
[DEBUG] URI --> SPACE2
[DEBUG] SPACE2 --> REQUEST_VERSION
[DEBUG] REQUEST_VERSION --> HEADER
[DEBUG] HEADER:Accept-Encoding: gzip --> IN_VALUE
[DEBUG] HEADER:Accept-Encoding: gzip --> FIELD
[DEBUG] HEADER:User-Agent: Mozilla/5.0 (Windows NT 10.0; Win64; x64) AppleWebKit/537.36 (KHTML, like Gecko) Chrome/79.0.3945.130 Safari/537.36 --> IN_VALUE
[DEBUG] HEADER:User-Agent: Mozilla/5.0 (Windows NT 10.0; Win64; x64) AppleWebKit/537.36 (KHTML, like Gecko) Chrome/79.0.3945.130 Safari/537.36 --> FIELD
[DEBUG] HEADER:Host: localhost:38858 --> IN_VALUE
[DEBUG] HEADER:Host: localhost:38858 --> FIELD
[DEBUG] HEADER:Accept: text/html, image/gif, image/jpeg, *; q=.2, */*; q=.2 --> IN_VALUE
[DEBUG] HEADER:Accept: text/html, image/gif, image/jpeg, *; q=.2, */*; q=.2 --> FIELD
[DEBUG] HEADER:Connection: keep-alive --> IN_VALUE
[DEBUG] HEADER:Connection: keep-alive --> FIELD
[DEBUG] HEADER --> CONTENT
[DEBUG] REQUEST for //localhost:38858/FileServlet/htmltests/large.html on HttpChannelOverHttp@380129b{s=HttpChannelState@7bf8633{s=IDLE rs=BLOCKING os=OPEN is=IDLE awp=false se=false i=true al=0},r=9,c=false/false,a=IDLE,uri=//localhost:38858/FileServlet/htmltests/large.html,age=0}
GET //localhost:38858/FileServlet/htmltests/large.html HTTP/1.1
Accept-Encoding: gzip
User-Agent: Mozilla/5.0 (Windows NT 10.0; Win64; x64) AppleWebKit/537.36 (KHTML, like Gecko) Chrome/79.0.3945.130 Safari/537.36
Host: localhost:38858
Accept: text/html, image/gif, image/jpeg, *; q=.2, */*; q=.2
Connection: keep-alive


[DEBUG] HttpConnection@42bd18a0::SocketChannelEndPoint@d47ed43{l=/127.0.0.1:38858,r=/127.0.0.1:42940,OPEN,fill=-,flush=-,to=4/30000}{io=0/0,kio=0,kro=1}->HttpConnection@42bd18a0[p=HttpParser{s=CONTENT,0 of -1},g=HttpGenerator@73351804{s=START}]=>HttpChannelOverHttp@380129b{s=HttpChannelState@7bf8633{s=IDLE rs=BLOCKING os=OPEN is=IDLE awp=false se=false i=true al=0},r=9,c=false/false,a=IDLE,uri=//localhost:38858/FileServlet/htmltests/large.html,age=0} parsed true HttpParser{s=CONTENT,0 of -1}
[DEBUG] releaseRequestBuffer HttpConnection@42bd18a0::SocketChannelEndPoint@d47ed43{l=/127.0.0.1:38858,r=/127.0.0.1:42940,OPEN,fill=-,flush=-,to=5/30000}{io=0/0,kio=0,kro=1}->HttpConnection@42bd18a0[p=HttpParser{s=CONTENT,0 of -1},g=HttpGenerator@73351804{s=START}]=>HttpChannelOverHttp@380129b{s=HttpChannelState@7bf8633{s=IDLE rs=BLOCKING os=OPEN is=IDLE awp=false se=false i=true al=0},r=9,c=false/false,a=IDLE,uri=//localhost:38858/FileServlet/htmltests/large.html,age=1}
[DEBUG] handle //localhost:38858/FileServlet/htmltests/large.html HttpChannelOverHttp@380129b{s=HttpChannelState@7bf8633{s=IDLE rs=BLOCKING os=OPEN is=IDLE awp=false se=false i=true al=0},r=9,c=false/false,a=IDLE,uri=//localhost:38858/FileServlet/htmltests/large.html,age=1} 
[DEBUG] handling HttpChannelState@7bf8633{s=IDLE rs=BLOCKING os=OPEN is=IDLE awp=false se=false i=true al=0}
[DEBUG] action DISPATCH HttpChannelOverHttp@380129b{s=HttpChannelState@7bf8633{s=HANDLING rs=BLOCKING os=OPEN is=IDLE awp=false se=false i=true al=0},r=9,c=false/false,a=HANDLING,uri=//localhost:38858/FileServlet/htmltests/large.html,age=1}
[DEBUG] REQUEST GET /FileServlet/htmltests/large.html on HttpChannelOverHttp@380129b{s=HttpChannelState@7bf8633{s=HANDLING rs=BLOCKING os=OPEN is=IDLE awp=false se=false i=true al=0},r=9,c=false/false,a=HANDLING,uri=//localhost:38858/FileServlet/htmltests/large.html,age=2}
[DEBUG] servlet null|/FileServlet|/htmltests/large.html -> org.jsoup.integration.servlets.FileServlet-3fffff43==org.jsoup.integration.servlets.FileServlet@bc0855c5{jsp=null,order=-1,inst=true,async=true,src=EMBEDDED:null,STARTED}
[DEBUG] chain=null
[DEBUG] write(array HeapByteBuffer@211849f4[p=0,l=8192,c=8192,r=8192]={<<<<html><head><title>Large ...augue. Vestibulum tinci>>>})
[DEBUG] write(array) s=OPEN,api=BLOCKING,sc=false,e=null aggregated !flush DirectByteBuffer@1667663f[p=0,l=8192,c=32768,r=8192]={<<<<html><head><title>Large ...augue. Vestibulum tinci>>> data. \nA...\x00\x00\x00\x00\x00\x00\x00}
[DEBUG] write(array HeapByteBuffer@d3a4770[p=0,l=8192,c=8192,r=8192]={<<<dunt malesuada tellus. Ut... nostra, per inceptos h>>>})
[DEBUG] write(array) s=OPEN,api=BLOCKING,sc=false,e=null aggregated !flush DirectByteBuffer@1667663f[p=0,l=16384,c=32768,r=16384]={<<<<html><head><title>Large ... nostra, per inceptos h>>>le amount...\x00\x00\x00\x00\x00\x00\x00}
[DEBUG] write(array HeapByteBuffer@4ef9e1fe[p=0,l=8192,c=8192,r=8192]={<<<imenaeos. Nam nec ante. S...nas aliquet mollis lect>>>})
[DEBUG] write(array) s=OPEN,api=BLOCKING,sc=false,e=null aggregated !flush DirectByteBuffer@1667663f[p=0,l=24576,c=32768,r=24576]={<<<<html><head><title>Large ...nas aliquet mollis lect>>>\x00\x00\x00\x00\x00\x00\x00\x00\x00...\x00\x00\x00\x00\x00\x00\x00}
[DEBUG] write(array HeapByteBuffer@726b55d0[p=0,l=8192,c=8192,r=8192]={<<<us. Vivamus consectetuer ...s ultrices enim. Curabi>>>})
[DEBUG] write(array) s=OPEN,api=BLOCKED,sc=false,e=null last=false agg=true flush=true async=false, len=0 DirectByteBuffer@1667663f[p=0,l=32768,c=32768,r=32768]={<<<<html><head><title>Large ...s ultrices enim. Curabi>>>}
[DEBUG] sendResponse info=null content=DirectByteBuffer@1667663f[p=0,l=32768,c=32768,r=32768]={<<<<html><head><title>Large ...s ultrices enim. Curabi>>>} complete=false committing=true callback=Blocker@594fb565{null}
[DEBUG] COMMIT for /FileServlet/htmltests/large.html on HttpChannelOverHttp@380129b{s=HttpChannelState@7bf8633{s=HANDLING rs=BLOCKING os=COMMITTED is=IDLE awp=false se=false i=true al=0},r=9,c=false/false,a=HANDLING,uri=//localhost:38858/FileServlet/htmltests/large.html,age=2}
200 null HTTP/1.1
Date: Mon, 20 Sep 2021 19:30:11 GMT
Content-Type: text/html


[DEBUG] generate: NEED_HEADER for SendCallback@5f75d958[PROCESSING][i=HTTP/1.1{s=200,h=2,cl=-1},cb=org.eclipse.jetty.server.HttpChannel$SendCallback@11dff580] (null,[p=0,l=32768,c=32768,r=32768],false)@START
[DEBUG] generateHeaders HTTP/1.1{s=200,h=2,cl=-1} last=false content=DirectByteBuffer@1667663f[p=0,l=32768,c=32768,r=32768]={<<<<html><head><title>Large ...s ultrices enim. Curabi>>>}
[DEBUG] Date: Mon, 20 Sep 2021 19:30:11 GMT
Content-Type: text/html


[DEBUG] CHUNKED_CONTENT
[DEBUG] generate: FLUSH for SendCallback@5f75d958[PROCESSING][i=HTTP/1.1{s=200,h=2,cl=-1},cb=org.eclipse.jetty.server.HttpChannel$SendCallback@11dff580] ([p=0,l=148,c=8192,r=148],[p=0,l=32768,c=32768,r=32768],false)@COMMITTED
[DEBUG] write: WriteFlusher@21254e7e{IDLE}->null [HeapByteBuffer@78a30358[p=0,l=148,c=8192,r=148]={<<<HTTP/1.1 200 OK\r\nDate: Mo...43.v20210629)\r\n\r\n8000\r\n>>>nt-Length...\x00\x00\x00\x00\x00\x00\x00},DirectByteBuffer@1667663f[p=0,l=32768,c=32768,r=32768]={<<<<html><head><title>Large ...s ultrices enim. Curabi>>>}]
[DEBUG] update WriteFlusher@21254e7e{WRITING}->null:IDLE-->WRITING
[DEBUG] Queued change lazy=false Accept@6ba6cf50[java.nio.channels.SocketChannel[connected local=/127.0.0.1:38858 remote=/127.0.0.1:42942]] on ManagedSelector@129b4fe2{STARTED} id=0 keys=2 selected=0 updates=0
[DEBUG] Wakeup on submit ManagedSelector@129b4fe2{STARTED} id=0 keys=2 selected=0 updates=1
[DEBUG] Selector sun.nio.ch.EPollSelectorImpl@54609eb7 woken with none selected
[DEBUG] Selector sun.nio.ch.EPollSelectorImpl@54609eb7 woken up from select, 0/0/2 selected
[DEBUG] Selector sun.nio.ch.EPollSelectorImpl@54609eb7 processing 0 keys, 1 updates
[DEBUG] updateable 1
[DEBUG] update Accept@6ba6cf50[java.nio.channels.SocketChannel[connected local=/127.0.0.1:38858 remote=/127.0.0.1:42942]]
[DEBUG] queue Accept@6ba6cf50[java.nio.channels.SocketChannel[connected local=/127.0.0.1:38858 remote=/127.0.0.1:42942]] startThread=0
[DEBUG] updates 0
[DEBUG] Selector sun.nio.ch.EPollSelectorImpl@54609eb7 waiting with 3 keys
[DEBUG] run Accept@6ba6cf50[java.nio.channels.SocketChannel[connected local=/127.0.0.1:38858 remote=/127.0.0.1:42942]] in QueuedThreadPool[qtp487792155]@1d131e1b{STARTED,8<=8<=200,i=3,r=-1,q=0}[ReservedThreadExecutor@7ec3394b{s=1/1,p=0}]
[DEBUG] SocketChannelEndPoint@122254ce{l=/127.0.0.1:38858,r=/127.0.0.1:42942,OPEN,fill=-,flush=-,to=0/30000}{io=0/0,kio=0,kro=0}-><null> idle timeout check, elapsed: 0 ms, remaining: 30000 ms
[DEBUG] new HttpChannelOverHttp@f268a5a{s=HttpChannelState@2e8f904b{s=IDLE rs=BLOCKING os=OPEN is=IDLE awp=false se=false i=true al=0},r=0,c=false/false,a=IDLE,uri=null,age=0} -> SocketChannelEndPoint@122254ce{l=/127.0.0.1:38858,r=/127.0.0.1:42942,OPEN,fill=-,flush=-,to=0/30000}{io=0/0,kio=0,kro=0}-><null>,null,HttpChannelState@2e8f904b{s=IDLE rs=BLOCKING os=OPEN is=IDLE awp=false se=false i=true al=0}
[DEBUG] New HTTP Connection HttpConnection@3be4ecda::SocketChannelEndPoint@122254ce{l=/127.0.0.1:38858,r=/127.0.0.1:42942,OPEN,fill=-,flush=-,to=0/30000}{io=0/0,kio=0,kro=0}-><null>
[DEBUG] Queued change lazy=true org.eclipse.jetty.io.ManagedSelector$$Lambda$478/1161168292@3be04b4c on ManagedSelector@129b4fe2{STARTED} id=0 keys=3 selected=0 updates=0
[DEBUG] onOpen SocketChannelEndPoint@122254ce{l=/127.0.0.1:38858,r=/127.0.0.1:42942,OPEN,fill=-,flush=-,to=0/30000}{io=0/0,kio=0,kro=0}->HttpConnection@3be4ecda[p=HttpParser{s=START,0 of -1},g=HttpGenerator@af7230{s=START}]=>HttpChannelOverHttp@f268a5a{s=HttpChannelState@2e8f904b{s=IDLE rs=BLOCKING os=OPEN is=IDLE awp=false se=false i=true al=0},r=0,c=false/false,a=IDLE,uri=null,age=0}
[DEBUG] onOpen HttpConnection@3be4ecda::SocketChannelEndPoint@122254ce{l=/127.0.0.1:38858,r=/127.0.0.1:42942,OPEN,fill=-,flush=-,to=0/30000}{io=0/0,kio=0,kro=0}->HttpConnection@3be4ecda[p=HttpParser{s=START,0 of -1},g=HttpGenerator@af7230{s=START}]=>HttpChannelOverHttp@f268a5a{s=HttpChannelState@2e8f904b{s=IDLE rs=BLOCKING os=OPEN is=IDLE awp=false se=false i=true al=0},r=0,c=false/false,a=IDLE,uri=null,age=0}
[DEBUG] fillInterested HttpConnection@3be4ecda::SocketChannelEndPoint@122254ce{l=/127.0.0.1:38858,r=/127.0.0.1:42942,OPEN,fill=-,flush=-,to=0/30000}{io=0/0,kio=0,kro=0}->HttpConnection@3be4ecda[p=HttpParser{s=START,0 of -1},g=HttpGenerator@af7230{s=START}]=>HttpChannelOverHttp@f268a5a{s=HttpChannelState@2e8f904b{s=IDLE rs=BLOCKING os=OPEN is=IDLE awp=false se=false i=true al=0},r=0,c=false/false,a=IDLE,uri=null,age=0}
[DEBUG] interested FillInterest@5270a7a6{AC.ReadCB@3be4ecda{HttpConnection@3be4ecda::SocketChannelEndPoint@122254ce{l=/127.0.0.1:38858,r=/127.0.0.1:42942,OPEN,fill=FI,flush=-,to=0/30000}{io=0/0,kio=0,kro=0}->HttpConnection@3be4ecda[p=HttpParser{s=START,0 of -1},g=HttpGenerator@af7230{s=START}]=>HttpChannelOverHttp@f268a5a{s=HttpChannelState@2e8f904b{s=IDLE rs=BLOCKING os=OPEN is=IDLE awp=false se=false i=true al=0},r=0,c=false/false,a=IDLE,uri=null,age=0}}}
[DEBUG] changeInterests p=false 0->1 for SocketChannelEndPoint@122254ce{l=/127.0.0.1:38858,r=/127.0.0.1:42942,OPEN,fill=FI,flush=-,to=0/30000}{io=0/1,kio=0,kro=0}->HttpConnection@3be4ecda[p=HttpParser{s=START,0 of -1},g=HttpGenerator@af7230{s=START}]=>HttpChannelOverHttp@f268a5a{s=HttpChannelState@2e8f904b{s=IDLE rs=BLOCKING os=OPEN is=IDLE awp=false se=false i=true al=0},r=0,c=false/false,a=IDLE,uri=null,age=0}
[DEBUG] Queued change lazy=false org.eclipse.jetty.io.ChannelEndPoint$$Lambda$475/1524159954@4eee130e on ManagedSelector@129b4fe2{STARTED} id=0 keys=3 selected=0 updates=1
[DEBUG] Wakeup on submit ManagedSelector@129b4fe2{STARTED} id=0 keys=3 selected=0 updates=2
[DEBUG] Created SocketChannelEndPoint@122254ce{l=/127.0.0.1:38858,r=/127.0.0.1:42942,OPEN,fill=FI,flush=-,to=0/30000}{io=0/1,kio=0,kro=0}->HttpConnection@3be4ecda[p=HttpParser{s=START,0 of -1},g=HttpGenerator@af7230{s=START}]=>HttpChannelOverHttp@f268a5a{s=HttpChannelState@2e8f904b{s=IDLE rs=BLOCKING os=OPEN is=IDLE awp=false se=false i=true al=0},r=0,c=false/false,a=IDLE,uri=null,age=0}
[DEBUG] ran Accept@6ba6cf50[java.nio.channels.SocketChannel[connected local=/127.0.0.1:38858 remote=/127.0.0.1:42942]] in QueuedThreadPool[qtp487792155]@1d131e1b{STARTED,8<=8<=200,i=3,r=-1,q=0}[ReservedThreadExecutor@7ec3394b{s=1/1,p=0}]
[DEBUG] Selector sun.nio.ch.EPollSelectorImpl@54609eb7 woken with none selected
[DEBUG] Selector sun.nio.ch.EPollSelectorImpl@54609eb7 woken up from select, 0/0/3 selected
[DEBUG] Selector sun.nio.ch.EPollSelectorImpl@54609eb7 processing 0 keys, 2 updates
[DEBUG] updateable 2
[DEBUG] update org.eclipse.jetty.io.ManagedSelector$$Lambda$478/1161168292@3be04b4c
[DEBUG] update org.eclipse.jetty.io.ChannelEndPoint$$Lambda$475/1524159954@4eee130e
[DEBUG] Key interests updated 0 -> 1 on SocketChannelEndPoint@122254ce{l=/127.0.0.1:38858,r=/127.0.0.1:42942,OPEN,fill=FI,flush=-,to=0/30000}{io=1/1,kio=1,kro=0}->HttpConnection@3be4ecda[p=HttpParser{s=START,0 of -1},g=HttpGenerator@af7230{s=START}]=>HttpChannelOverHttp@f268a5a{s=HttpChannelState@2e8f904b{s=IDLE rs=BLOCKING os=OPEN is=IDLE awp=false se=false i=true al=0},r=0,c=false/false,a=IDLE,uri=null,age=0}
[DEBUG] updates 0
[DEBUG] Selector sun.nio.ch.EPollSelectorImpl@54609eb7 waiting with 3 keys
[DEBUG] Selector sun.nio.ch.EPollSelectorImpl@54609eb7 woken up from select, 1/1/3 selected
[DEBUG] Selector sun.nio.ch.EPollSelectorImpl@54609eb7 processing 1 keys, 0 updates
[DEBUG] selected 1 sun.nio.ch.SelectionKeyImpl@23d3761e SocketChannelEndPoint@122254ce{l=/127.0.0.1:38858,r=/127.0.0.1:42942,OPEN,fill=FI,flush=-,to=0/30000}{io=1/1,kio=1,kro=1}->HttpConnection@3be4ecda[p=HttpParser{s=START,0 of -1},g=HttpGenerator@af7230{s=START}]=>HttpChannelOverHttp@f268a5a{s=HttpChannelState@2e8f904b{s=IDLE rs=BLOCKING os=OPEN is=IDLE awp=false se=false i=true al=0},r=0,c=false/false,a=IDLE,uri=null,age=0} 
[DEBUG] onSelected 1->0 r=true w=false for SocketChannelEndPoint@122254ce{l=/127.0.0.1:38858,r=/127.0.0.1:42942,OPEN,fill=FI,flush=-,to=0/30000}{io=1/0,kio=1,kro=1}->HttpConnection@3be4ecda[p=HttpParser{s=START,0 of -1},g=HttpGenerator@af7230{s=START}]=>HttpChannelOverHttp@f268a5a{s=HttpChannelState@2e8f904b{s=IDLE rs=BLOCKING os=OPEN is=IDLE awp=false se=false i=true al=0},r=0,c=false/false,a=IDLE,uri=null,age=0}
[DEBUG] task CEP:SocketChannelEndPoint@122254ce{l=/127.0.0.1:38858,r=/127.0.0.1:42942,OPEN,fill=FI,flush=-,to=0/30000}{io=1/0,kio=1,kro=1}->HttpConnection@3be4ecda[p=HttpParser{s=START,0 of -1},g=HttpGenerator@af7230{s=START}]=>HttpChannelOverHttp@f268a5a{s=HttpChannelState@2e8f904b{s=IDLE rs=BLOCKING os=OPEN is=IDLE awp=false se=false i=true al=0},r=0,c=false/false,a=IDLE,uri=null,age=0}:runFillable:BLOCKING
[DEBUG] ReservedThreadExecutor@7ec3394b{s=1/1,p=0} tryExecute EatWhatYouKill@4febb875/SelectorProducer@cb191ca/PRODUCING/p=false/QueuedThreadPool[qtp487792155]@1d131e1b{STARTED,8<=8<=200,i=4,r=-1,q=0}[ReservedThreadExecutor@7ec3394b{s=1/1,p=0}][pc=0,pic=0,pec=1,epc=3]@2021-09-20T19:30:11.154Z
[DEBUG] ReservedThreadExecutor@7ec3394b{s=0/1,p=0}@17305ccb offer EatWhatYouKill@4febb875/SelectorProducer@cb191ca/PRODUCING/p=false/QueuedThreadPool[qtp487792155]@1d131e1b{STARTED,8<=8<=200,i=4,r=-1,q=0}[ReservedThreadExecutor@7ec3394b{s=0/1,p=0}][pc=0,pic=0,pec=1,epc=3]@2021-09-20T19:30:11.154Z
[DEBUG] ReservedThreadExecutor@7ec3394b{s=0/1,p=1} startReservedThread p=1
[DEBUG] run ReservedThreadExecutor@7ec3394b{s=0/1,p=1}@1aa2214e in QueuedThreadPool[qtp487792155]@1d131e1b{STARTED,8<=8<=200,i=3,r=-1,q=0}[ReservedThreadExecutor@7ec3394b{s=0/1,p=1}]
[DEBUG] ReservedThreadExecutor@7ec3394b{s=1/1,p=1}@1aa2214e started
[DEBUG] ReservedThreadExecutor@7ec3394b{s=1/1,p=0}@1aa2214e waiting
[DEBUG] queue ReservedThreadExecutor@7ec3394b{s=1/1,p=0}@1aa2214e startThread=0
[DEBUG] ReservedThreadExecutor@7ec3394b{s=0/1,p=0}@17305ccb task=EatWhatYouKill@4febb875/SelectorProducer@cb191ca/IDLE/p=true/QueuedThreadPool[qtp487792155]@1d131e1b{STARTED,8<=8<=200,i=3,r=-1,q=0}[ReservedThreadExecutor@7ec3394b{s=1/1,p=0}][pc=0,pic=0,pec=1,epc=3]@2021-09-20T19:30:11.155Z
[DEBUG] EatWhatYouKill@4febb875/SelectorProducer@cb191ca/IDLE/p=true/QueuedThreadPool[qtp487792155]@1d131e1b{STARTED,8<=8<=200,i=3,r=-1,q=0}[ReservedThreadExecutor@7ec3394b{s=1/1,p=0}][pc=0,pic=0,pec=1,epc=3]@2021-09-20T19:30:11.155Z tryProduce true
[DEBUG] updateable 0
[DEBUG] updates 0
[DEBUG] Key interests updated 1 -> 0 on SocketChannelEndPoint@122254ce{l=/127.0.0.1:38858,r=/127.0.0.1:42942,OPEN,fill=FI,flush=-,to=2/30000}{io=0/0,kio=0,kro=1}->HttpConnection@3be4ecda[p=HttpParser{s=START,0 of -1},g=HttpGenerator@af7230{s=START}]=>HttpChannelOverHttp@f268a5a{s=HttpChannelState@2e8f904b{s=IDLE rs=BLOCKING os=OPEN is=IDLE awp=false se=false i=true al=0},r=0,c=false/false,a=IDLE,uri=null,age=0}
[DEBUG] Selector sun.nio.ch.EPollSelectorImpl@54609eb7 waiting with 3 keys
[DEBUG] EatWhatYouKill@4febb875/SelectorProducer@cb191ca/PRODUCING/p=false/QueuedThreadPool[qtp487792155]@1d131e1b{STARTED,8<=8<=200,i=3,r=-1,q=0}[ReservedThreadExecutor@7ec3394b{s=1/1,p=0}][pc=0,pic=0,pec=1,epc=3]@2021-09-20T19:30:11.155Z m=EXECUTE_PRODUCE_CONSUME t=CEP:SocketChannelEndPoint@122254ce{l=/127.0.0.1:38858,r=/127.0.0.1:42942,OPEN,fill=FI,flush=-,to=2/30000}{io=0/0,kio=0,kro=1}->HttpConnection@3be4ecda[p=HttpParser{s=START,0 of -1},g=HttpGenerator@af7230{s=START}]=>HttpChannelOverHttp@f268a5a{s=HttpChannelState@2e8f904b{s=IDLE rs=BLOCKING os=OPEN is=IDLE awp=false se=false i=true al=0},r=0,c=false/false,a=IDLE,uri=null,age=0}:runFillable:BLOCKING/BLOCKING
[DEBUG] fillable FillInterest@5270a7a6{AC.ReadCB@3be4ecda{HttpConnection@3be4ecda::SocketChannelEndPoint@122254ce{l=/127.0.0.1:38858,r=/127.0.0.1:42942,OPEN,fill=FI,flush=-,to=2/30000}{io=0/0,kio=0,kro=1}->HttpConnection@3be4ecda[p=HttpParser{s=START,0 of -1},g=HttpGenerator@af7230{s=START}]=>HttpChannelOverHttp@f268a5a{s=HttpChannelState@2e8f904b{s=IDLE rs=BLOCKING os=OPEN is=IDLE awp=false se=false i=true al=0},r=0,c=false/false,a=IDLE,uri=null,age=0}}}
[DEBUG] HttpConnection@3be4ecda::SocketChannelEndPoint@122254ce{l=/127.0.0.1:38858,r=/127.0.0.1:42942,OPEN,fill=-,flush=-,to=2/30000}{io=0/0,kio=0,kro=1}->HttpConnection@3be4ecda[p=HttpParser{s=START,0 of -1},g=HttpGenerator@af7230{s=START}]=>HttpChannelOverHttp@f268a5a{s=HttpChannelState@2e8f904b{s=IDLE rs=BLOCKING os=OPEN is=IDLE awp=false se=false i=true al=0},r=0,c=false/false,a=IDLE,uri=null,age=0} onFillable enter HttpChannelState@2e8f904b{s=IDLE rs=BLOCKING os=OPEN is=IDLE awp=false se=false i=true al=0} null
[DEBUG] filled 311 HeapByteBuffer@22b9b50d[p=0,l=311,c=8192,r=311]={<<<GET /FileServlet/htmltest...nection: keep-alive\r\n\r\n>>>nnection:...\x86&h\xA0{\xC1\xC2}
[DEBUG] HttpConnection@3be4ecda::SocketChannelEndPoint@122254ce{l=/127.0.0.1:38858,r=/127.0.0.1:42942,OPEN,fill=-,flush=-,to=0/30000}{io=0/0,kio=0,kro=1}->HttpConnection@3be4ecda[p=HttpParser{s=START,0 of -1},g=HttpGenerator@af7230{s=START}]=>HttpChannelOverHttp@f268a5a{s=HttpChannelState@2e8f904b{s=IDLE rs=BLOCKING os=OPEN is=IDLE awp=false se=false i=true al=0},r=0,c=false/false,a=IDLE,uri=null,age=0} filled 311 HeapByteBuffer@22b9b50d[p=0,l=311,c=8192,r=311]={<<<GET /FileServlet/htmltest...nection: keep-alive\r\n\r\n>>>nnection:...\x86&h\xA0{\xC1\xC2}
[DEBUG] HttpConnection@3be4ecda::SocketChannelEndPoint@122254ce{l=/127.0.0.1:38858,r=/127.0.0.1:42942,OPEN,fill=-,flush=-,to=0/30000}{io=0/0,kio=0,kro=1}->HttpConnection@3be4ecda[p=HttpParser{s=START,0 of -1},g=HttpGenerator@af7230{s=START}]=>HttpChannelOverHttp@f268a5a{s=HttpChannelState@2e8f904b{s=IDLE rs=BLOCKING os=OPEN is=IDLE awp=false se=false i=true al=0},r=0,c=false/false,a=IDLE,uri=null,age=0} parse HeapByteBuffer@22b9b50d[p=0,l=311,c=8192,r=311]={<<<GET /FileServlet/htmltest...nection: keep-alive\r\n\r\n>>>nnection:...\x86&h\xA0{\xC1\xC2} {}
[DEBUG] parseNext s=START HeapByteBuffer@22b9b50d[p=0,l=311,c=8192,r=311]={<<<GET /FileServlet/htmltest...nection: keep-alive\r\n\r\n>>>nnection:...\x86&h\xA0{\xC1\xC2}
[DEBUG] START --> SPACE1
[DEBUG] SPACE1 --> URI
[DEBUG] URI --> SPACE2
[DEBUG] SPACE2 --> REQUEST_VERSION
[DEBUG] REQUEST_VERSION --> HEADER
[DEBUG] HEADER:Accept-Encoding: gzip --> IN_VALUE
[DEBUG] HEADER:Accept-Encoding: gzip --> FIELD
[DEBUG] HEADER:User-Agent --> VALUE
[DEBUG] HEADER:User-Agent --> IN_VALUE
[DEBUG] HEADER:User-Agent --> FIELD
[DEBUG] HEADER:Host --> VALUE
[DEBUG] HEADER:Host --> IN_VALUE
[DEBUG] HEADER:Host --> FIELD
[DEBUG] HEADER:Accept --> VALUE
[DEBUG] HEADER:Accept --> IN_VALUE
[DEBUG] HEADER:Accept --> FIELD
[DEBUG] HEADER:Connection: keep-alive --> IN_VALUE
[DEBUG] HEADER:Connection: keep-alive --> FIELD
[DEBUG] HEADER --> CONTENT
[DEBUG] REQUEST for //localhost:38858/FileServlet/htmltests/large.html on HttpChannelOverHttp@f268a5a{s=HttpChannelState@2e8f904b{s=IDLE rs=BLOCKING os=OPEN is=IDLE awp=false se=false i=true al=0},r=1,c=false/false,a=IDLE,uri=//localhost:38858/FileServlet/htmltests/large.html,age=0}
GET //localhost:38858/FileServlet/htmltests/large.html HTTP/1.1
Accept-Encoding: gzip
User-Agent: Mozilla/5.0 (Windows NT 10.0; Win64; x64) AppleWebKit/537.36 (KHTML, like Gecko) Chrome/79.0.3945.130 Safari/537.36
Host: localhost:38858
Accept: text/html, image/gif, image/jpeg, *; q=.2, */*; q=.2
Connection: keep-alive


[DEBUG] HttpConnection@3be4ecda::SocketChannelEndPoint@122254ce{l=/127.0.0.1:38858,r=/127.0.0.1:42942,OPEN,fill=-,flush=-,to=0/30000}{io=0/0,kio=0,kro=1}->HttpConnection@3be4ecda[p=HttpParser{s=CONTENT,0 of -1},g=HttpGenerator@af7230{s=START}]=>HttpChannelOverHttp@f268a5a{s=HttpChannelState@2e8f904b{s=IDLE rs=BLOCKING os=OPEN is=IDLE awp=false se=false i=true al=0},r=1,c=false/false,a=IDLE,uri=//localhost:38858/FileServlet/htmltests/large.html,age=1} parsed true HttpParser{s=CONTENT,0 of -1}
[DEBUG] releaseRequestBuffer HttpConnection@3be4ecda::SocketChannelEndPoint@122254ce{l=/127.0.0.1:38858,r=/127.0.0.1:42942,OPEN,fill=-,flush=-,to=1/30000}{io=0/0,kio=0,kro=1}->HttpConnection@3be4ecda[p=HttpParser{s=CONTENT,0 of -1},g=HttpGenerator@af7230{s=START}]=>HttpChannelOverHttp@f268a5a{s=HttpChannelState@2e8f904b{s=IDLE rs=BLOCKING os=OPEN is=IDLE awp=false se=false i=true al=0},r=1,c=false/false,a=IDLE,uri=//localhost:38858/FileServlet/htmltests/large.html,age=1}
[DEBUG] handle //localhost:38858/FileServlet/htmltests/large.html HttpChannelOverHttp@f268a5a{s=HttpChannelState@2e8f904b{s=IDLE rs=BLOCKING os=OPEN is=IDLE awp=false se=false i=true al=0},r=1,c=false/false,a=IDLE,uri=//localhost:38858/FileServlet/htmltests/large.html,age=1} 
[DEBUG] handling HttpChannelState@2e8f904b{s=IDLE rs=BLOCKING os=OPEN is=IDLE awp=false se=false i=true al=0}
[DEBUG] action DISPATCH HttpChannelOverHttp@f268a5a{s=HttpChannelState@2e8f904b{s=HANDLING rs=BLOCKING os=OPEN is=IDLE awp=false se=false i=true al=0},r=1,c=false/false,a=HANDLING,uri=//localhost:38858/FileServlet/htmltests/large.html,age=1}
[DEBUG] flushed 32916 SocketChannelEndPoint@d47ed43{l=/127.0.0.1:38858,r=/127.0.0.1:42940,OPEN,fill=-,flush=W,to=19/30000}{io=0/0,kio=0,kro=1}->HttpConnection@42bd18a0[p=HttpParser{s=CONTENT,0 of -1},g=HttpGenerator@73351804{s=COMMITTED}]=>HttpChannelOverHttp@380129b{s=HttpChannelState@7bf8633{s=HANDLING rs=BLOCKING os=COMMITTED is=IDLE awp=false se=false i=true al=0},r=9,c=false/false,a=HANDLING,uri=//localhost:38858/FileServlet/htmltests/large.html,age=15}
[DEBUG] Flushed=true written=32916 remaining=0 WriteFlusher@21254e7e{WRITING}->null
[DEBUG] update WriteFlusher@21254e7e{IDLE}->null:WRITING-->IDLE
[DEBUG] generate: DONE for SendCallback@5f75d958[PROCESSING][i=HTTP/1.1{s=200,h=2,cl=-1},cb=org.eclipse.jetty.server.HttpChannel$SendCallback@11dff580] ([p=148,l=148,c=8192,r=0],[p=32768,l=32768,c=32768,r=0],false)@COMMITTED
[DEBUG] onWriteComplete(false,null) s=OPEN,api=BLOCKED,sc=false,e=null->s=OPEN,api=BLOCKING,sc=false,e=null c=null cb=null w=false
[DEBUG] write(array HeapByteBuffer@4e81310c[p=0,l=8192,c=8192,r=8192]={<<<tur sit amet mauris. Morb...s ligula lacinia alique>>>})
[DEBUG] write(array) s=OPEN,api=BLOCKING,sc=false,e=null aggregated !flush DirectByteBuffer@1667663f[p=0,l=8192,c=32768,r=8192]={<<<tur sit amet mauris. Morb...s ligula lacinia alique>>>dunt male... Curabi}
[DEBUG] write(array HeapByteBuffer@4ff6df33[p=0,l=8192,c=8192,r=8192]={<<<t. Mauris ipsum. Nulla me...sectetuer risus et tort>>>})
[DEBUG] REQUEST GET /FileServlet/htmltests/large.html on HttpChannelOverHttp@f268a5a{s=HttpChannelState@2e8f904b{s=HANDLING rs=BLOCKING os=OPEN is=IDLE awp=false se=false i=true al=0},r=1,c=false/false,a=HANDLING,uri=//localhost:38858/FileServlet/htmltests/large.html,age=3}
[DEBUG] servlet null|/FileServlet|/htmltests/large.html -> org.jsoup.integration.servlets.FileServlet-3fffff43==org.jsoup.integration.servlets.FileServlet@bc0855c5{jsp=null,order=-1,inst=true,async=true,src=EMBEDDED:null,STARTED}
[DEBUG] chain=null
[DEBUG] write(array HeapByteBuffer@27ece6bc[p=0,l=8192,c=8192,r=8192]={<<<<html><head><title>Large ...augue. Vestibulum tinci>>>})
[DEBUG] write(array) s=OPEN,api=BLOCKING,sc=false,e=null aggregated !flush DirectByteBuffer@1492b79c[p=0,l=8192,c=32768,r=8192]={<<<<html><head><title>Large ...augue. Vestibulum tinci>>>\x00\x00\x00\x00\x00\x00\x00\x00\x00...\x00\x00\x00\x00\x00\x00\x00}
[DEBUG] write(array HeapByteBuffer@62ee7c25[p=0,l=8192,c=8192,r=8192]={<<<dunt malesuada tellus. Ut... nostra, per inceptos h>>>})
[DEBUG] write(array) s=OPEN,api=BLOCKING,sc=false,e=null aggregated !flush DirectByteBuffer@1492b79c[p=0,l=16384,c=32768,r=16384]={<<<<html><head><title>Large ... nostra, per inceptos h>>>\x00\x00\x00\x00\x00\x00\x00\x00\x00...\x00\x00\x00\x00\x00\x00\x00}
[DEBUG] write(array HeapByteBuffer@6b1df759[p=0,l=8192,c=8192,r=8192]={<<<imenaeos. Nam nec ante. S...nas aliquet mollis lect>>>})
[DEBUG] write(array) s=OPEN,api=BLOCKING,sc=false,e=null aggregated !flush DirectByteBuffer@1492b79c[p=0,l=24576,c=32768,r=24576]={<<<<html><head><title>Large ...nas aliquet mollis lect>>>\x00\x00\x00\x00\x00\x00\x00\x00\x00...\x00\x00\x00\x00\x00\x00\x00}
[DEBUG] write(array HeapByteBuffer@53461fa2[p=0,l=8192,c=8192,r=8192]={<<<us. Vivamus consectetuer ...s ultrices enim. Curabi>>>})
[DEBUG] write(array) s=OPEN,api=BLOCKED,sc=false,e=null last=false agg=true flush=true async=false, len=0 DirectByteBuffer@1492b79c[p=0,l=32768,c=32768,r=32768]={<<<<html><head><title>Large ...s ultrices enim. Curabi>>>}
[DEBUG] write(array) s=OPEN,api=BLOCKING,sc=false,e=null aggregated !flush DirectByteBuffer@1667663f[p=0,l=16384,c=32768,r=16384]={<<<tur sit amet mauris. Morb...sectetuer risus et tort>>>imenaeos.... Curabi}
[DEBUG] write(array HeapByteBuffer@679bd6c8[p=0,l=8192,c=8192,r=8192]={<<<or. Lorem ipsum dolor sit... Donec lacus nunc, vive>>>})
[DEBUG] write(array) s=OPEN,api=BLOCKING,sc=false,e=null aggregated !flush DirectByteBuffer@1667663f[p=0,l=24576,c=32768,r=24576]={<<<tur sit amet mauris. Morb... Donec lacus nunc, vive>>>us. Vivam... Curabi}
[DEBUG] write(array HeapByteBuffer@9065c4e[p=0,l=8192,c=8192,r=8192]={<<<rra nec, blandit vel, ege... In scelerisque sem at >>>})
[DEBUG] write(array) s=OPEN,api=BLOCKED,sc=false,e=null last=false agg=true flush=true async=false, len=0 DirectByteBuffer@1667663f[p=0,l=32768,c=32768,r=32768]={<<<tur sit amet mauris. Morb... In scelerisque sem at >>>}
[DEBUG] sendResponse info=null content=DirectByteBuffer@1667663f[p=0,l=32768,c=32768,r=32768]={<<<tur sit amet mauris. Morb... In scelerisque sem at >>>} complete=false committing=false callback=Blocker@594fb565{null}
[DEBUG] generate: NEED_CHUNK for SendCallback@5f75d958[PROCESSING][i=null,cb=org.eclipse.jetty.server.HttpChannel$SendCallback@4e481533] (null,[p=0,l=32768,c=32768,r=32768],false)@COMMITTED
[DEBUG] generate: FLUSH for SendCallback@5f75d958[PROCESSING][i=null,cb=org.eclipse.jetty.server.HttpChannel$SendCallback@4e481533] (null,[p=0,l=32768,c=32768,r=32768],false)@COMMITTED
[DEBUG] write: WriteFlusher@21254e7e{IDLE}->null [HeapByteBuffer@690742bb[p=0,l=8,c=1024,r=8]={<<<\r\n8000\r\n>>>\x00\x00\x00\x00\x00\x00\x00\x00\x00...\x00\x00\x00\x00\x00\x00\x00},DirectByteBuffer@1667663f[p=0,l=32768,c=32768,r=32768]={<<<tur sit amet mauris. Morb... In scelerisque sem at >>>}]
[DEBUG] update WriteFlusher@21254e7e{WRITING}->null:IDLE-->WRITING
[DEBUG] flushed 32776 SocketChannelEndPoint@d47ed43{l=/127.0.0.1:38858,r=/127.0.0.1:42940,OPEN,fill=-,flush=W,to=4/30000}{io=0/0,kio=0,kro=1}->HttpConnection@42bd18a0[p=HttpParser{s=CONTENT,0 of -1},g=HttpGenerator@73351804{s=COMMITTED}]=>HttpChannelOverHttp@380129b{s=HttpChannelState@7bf8633{s=HANDLING rs=BLOCKING os=COMMITTED is=IDLE awp=false se=false i=true al=0},r=9,c=false/false,a=HANDLING,uri=//localhost:38858/FileServlet/htmltests/large.html,age=20}
[DEBUG] Flushed=true written=32776 remaining=0 WriteFlusher@21254e7e{WRITING}->null
[DEBUG] update WriteFlusher@21254e7e{IDLE}->null:WRITING-->IDLE
[DEBUG] generate: DONE for SendCallback@5f75d958[PROCESSING][i=null,cb=org.eclipse.jetty.server.HttpChannel$SendCallback@4e481533] (null,[p=32768,l=32768,c=32768,r=0],false)@COMMITTED
[DEBUG] onWriteComplete(false,null) s=OPEN,api=BLOCKED,sc=false,e=null->s=OPEN,api=BLOCKING,sc=false,e=null c=null cb=null w=false
[DEBUG] write(array HeapByteBuffer@373e448e[p=0,l=8192,c=8192,r=8192]={<<<dolor. Maecenas mattis. S...itor, cursus quis, aliq>>>})
[DEBUG] write(array) s=OPEN,api=BLOCKING,sc=false,e=null aggregated !flush DirectByteBuffer@1667663f[p=0,l=8192,c=32768,r=8192]={<<<dolor. Maecenas mattis. S...itor, cursus quis, aliq>>>t. Mauris...sem at }
[DEBUG] write(array HeapByteBuffer@eaae937[p=0,l=8192,c=8192,r=8192]={<<<uet eget, justo. Sed pret...m. Etiam ultrices. Susp>>>})
[DEBUG] write(array) s=OPEN,api=BLOCKING,sc=false,e=null aggregated !flush DirectByteBuffer@1667663f[p=0,l=16384,c=32768,r=16384]={<<<dolor. Maecenas mattis. S...m. Etiam ultrices. Susp>>>or. Lorem...sem at }
[DEBUG] write(array HeapByteBuffer@35f52080[p=0,l=8192,c=8192,r=8192]={<<<endisse in justo eu magna...cinia nunc. </p>\n\n<p>Cu>>>})
[DEBUG] write(array) s=OPEN,api=BLOCKING,sc=false,e=null aggregated !flush DirectByteBuffer@1667663f[p=0,l=24576,c=32768,r=24576]={<<<dolor. Maecenas mattis. S...cinia nunc. </p>\n\n<p>Cu>>>rra nec, ...sem at }
[DEBUG] write(array HeapByteBuffer@3b9a5a80[p=0,l=8192,c=8192,r=8192]={<<<rabitur tortor. <i>Vestib... ac, ultricies eu, pede>>>})
[DEBUG] write(array) s=OPEN,api=BLOCKED,sc=false,e=null last=false agg=true flush=true async=false, len=0 DirectByteBuffer@1667663f[p=0,l=32768,c=32768,r=32768]={<<<dolor. Maecenas mattis. S... ac, ultricies eu, pede>>>}
[DEBUG] sendResponse info=null content=DirectByteBuffer@1667663f[p=0,l=32768,c=32768,r=32768]={<<<dolor. Maecenas mattis. S... ac, ultricies eu, pede>>>} complete=false committing=false callback=Blocker@594fb565{null}
[DEBUG] generate: NEED_CHUNK for SendCallback@5f75d958[PROCESSING][i=null,cb=org.eclipse.jetty.server.HttpChannel$SendCallback@7ec57349] (null,[p=0,l=32768,c=32768,r=32768],false)@COMMITTED
[DEBUG] generate: FLUSH for SendCallback@5f75d958[PROCESSING][i=null,cb=org.eclipse.jetty.server.HttpChannel$SendCallback@7ec57349] (null,[p=0,l=32768,c=32768,r=32768],false)@COMMITTED
[DEBUG] write: WriteFlusher@21254e7e{IDLE}->null [HeapByteBuffer@690742bb[p=0,l=8,c=1024,r=8]={<<<\r\n8000\r\n>>>\x00\x00\x00\x00\x00\x00\x00\x00\x00...\x00\x00\x00\x00\x00\x00\x00},DirectByteBuffer@1667663f[p=0,l=32768,c=32768,r=32768]={<<<dolor. Maecenas mattis. S... ac, ultricies eu, pede>>>}]
[DEBUG] update WriteFlusher@21254e7e{WRITING}->null:IDLE-->WRITING
[DEBUG] flushed 32776 SocketChannelEndPoint@d47ed43{l=/127.0.0.1:38858,r=/127.0.0.1:42940,OPEN,fill=-,flush=W,to=0/30000}{io=0/0,kio=0,kro=1}->HttpConnection@42bd18a0[p=HttpParser{s=CONTENT,0 of -1},g=HttpGenerator@73351804{s=COMMITTED}]=>HttpChannelOverHttp@380129b{s=HttpChannelState@7bf8633{s=HANDLING rs=BLOCKING os=COMMITTED is=IDLE awp=false se=false i=true al=0},r=9,c=false/false,a=HANDLING,uri=//localhost:38858/FileServlet/htmltests/large.html,age=21}
[DEBUG] Flushed=true written=32776 remaining=0 WriteFlusher@21254e7e{WRITING}->null
[DEBUG] update WriteFlusher@21254e7e{IDLE}->null:WRITING-->IDLE
[DEBUG] generate: DONE for SendCallback@5f75d958[PROCESSING][i=null,cb=org.eclipse.jetty.server.HttpChannel$SendCallback@7ec57349] (null,[p=32768,l=32768,c=32768,r=0],false)@COMMITTED
[DEBUG] onWriteComplete(false,null) s=OPEN,api=BLOCKED,sc=false,e=null->s=OPEN,api=BLOCKING,sc=false,e=null c=null cb=null w=false
[DEBUG] write(array HeapByteBuffer@277fcef7[p=0,l=8192,c=8192,r=8192]={<<<. <i>Praesent blandit dol...ae; Morbi lacinia moles>>>})
[DEBUG] write(array) s=OPEN,api=BLOCKING,sc=false,e=null aggregated !flush DirectByteBuffer@1667663f[p=0,l=8192,c=32768,r=8192]={<<<. <i>Praesent blandit dol...ae; Morbi lacinia moles>>>uet eget,...u, pede}
[DEBUG] write(array HeapByteBuffer@3b921bb8[p=0,l=8192,c=8192,r=8192]={<<<tie dui. <b>Ut fringilla<...cinia aliquet. <b>Pelle>>>})
[DEBUG] write(array) s=OPEN,api=BLOCKING,sc=false,e=null aggregated !flush DirectByteBuffer@1667663f[p=0,l=16384,c=32768,r=16384]={<<<. <i>Praesent blandit dol...cinia aliquet. <b>Pelle>>>endisse i...u, pede}
[DEBUG] write(array HeapByteBuffer@52350810[p=0,l=8192,c=8192,r=8192]={<<<ntesque nibh</b>. Mauris ...scipit sodales. Aenean >>>})
[DEBUG] write(array) s=OPEN,api=BLOCKING,sc=false,e=null aggregated !flush DirectByteBuffer@1667663f[p=0,l=24576,c=32768,r=24576]={<<<. <i>Praesent blandit dol...scipit sodales. Aenean >>>rabitur t...u, pede}
[DEBUG] write(array HeapByteBuffer@73f7624[p=0,l=8192,c=8192,r=8192]={<<<lectus elit, fermentum no... Sed lacinia, urna non >>>})
[DEBUG] write(array) s=OPEN,api=BLOCKED,sc=false,e=null last=false agg=true flush=true async=false, len=0 DirectByteBuffer@1667663f[p=0,l=32768,c=32768,r=32768]={<<<. <i>Praesent blandit dol... Sed lacinia, urna non >>>}
[DEBUG] sendResponse info=null content=DirectByteBuffer@1667663f[p=0,l=32768,c=32768,r=32768]={<<<. <i>Praesent blandit dol... Sed lacinia, urna non >>>} complete=false committing=false callback=Blocker@594fb565{null}
[DEBUG] generate: NEED_CHUNK for SendCallback@5f75d958[PROCESSING][i=null,cb=org.eclipse.jetty.server.HttpChannel$SendCallback@5eee1842] (null,[p=0,l=32768,c=32768,r=32768],false)@COMMITTED
[DEBUG] generate: FLUSH for SendCallback@5f75d958[PROCESSING][i=null,cb=org.eclipse.jetty.server.HttpChannel$SendCallback@5eee1842] (null,[p=0,l=32768,c=32768,r=32768],false)@COMMITTED
[DEBUG] write: WriteFlusher@21254e7e{IDLE}->null [HeapByteBuffer@690742bb[p=0,l=8,c=1024,r=8]={<<<\r\n8000\r\n>>>\x00\x00\x00\x00\x00\x00\x00\x00\x00...\x00\x00\x00\x00\x00\x00\x00},DirectByteBuffer@1667663f[p=0,l=32768,c=32768,r=32768]={<<<. <i>Praesent blandit dol... Sed lacinia, urna non >>>}]
[DEBUG] update WriteFlusher@21254e7e{WRITING}->null:IDLE-->WRITING
[DEBUG] flushed 32776 SocketChannelEndPoint@d47ed43{l=/127.0.0.1:38858,r=/127.0.0.1:42940,OPEN,fill=-,flush=W,to=0/30000}{io=0/0,kio=0,kro=1}->HttpConnection@42bd18a0[p=HttpParser{s=CONTENT,0 of -1},g=HttpGenerator@73351804{s=COMMITTED}]=>HttpChannelOverHttp@380129b{s=HttpChannelState@7bf8633{s=HANDLING rs=BLOCKING os=COMMITTED is=IDLE awp=false se=false i=true al=0},r=9,c=false/false,a=HANDLING,uri=//localhost:38858/FileServlet/htmltests/large.html,age=22}
[DEBUG] sendResponse info=null content=DirectByteBuffer@1492b79c[p=0,l=32768,c=32768,r=32768]={<<<<html><head><title>Large ...s ultrices enim. Curabi>>>} complete=false committing=true callback=Blocker@135fca70{null}
[DEBUG] COMMIT for /FileServlet/htmltests/large.html on HttpChannelOverHttp@f268a5a{s=HttpChannelState@2e8f904b{s=HANDLING rs=BLOCKING os=COMMITTED is=IDLE awp=false se=false i=true al=0},r=1,c=false/false,a=HANDLING,uri=//localhost:38858/FileServlet/htmltests/large.html,age=21}
200 null HTTP/1.1
Date: Mon, 20 Sep 2021 19:30:11 GMT
Content-Type: text/html


[DEBUG] generate: NEED_HEADER for SendCallback@2c1836a[PROCESSING][i=HTTP/1.1{s=200,h=2,cl=-1},cb=org.eclipse.jetty.server.HttpChannel$SendCallback@6e21b54] (null,[p=0,l=32768,c=32768,r=32768],false)@START
[DEBUG] generateHeaders HTTP/1.1{s=200,h=2,cl=-1} last=false content=DirectByteBuffer@1492b79c[p=0,l=32768,c=32768,r=32768]={<<<<html><head><title>Large ...s ultrices enim. Curabi>>>}
[DEBUG] Date: Mon, 20 Sep 2021 19:30:11 GMT
Content-Type: text/html


[DEBUG] CHUNKED_CONTENT
[DEBUG] generate: FLUSH for SendCallback@2c1836a[PROCESSING][i=HTTP/1.1{s=200,h=2,cl=-1},cb=org.eclipse.jetty.server.HttpChannel$SendCallback@6e21b54] ([p=0,l=148,c=8192,r=148],[p=0,l=32768,c=32768,r=32768],false)@COMMITTED
[DEBUG] write: WriteFlusher@653abf25{IDLE}->null [HeapByteBuffer@22b9b50d[p=0,l=148,c=8192,r=148]={<<<HTTP/1.1 200 OK\r\nDate: Mo...43.v20210629)\r\n\r\n8000\r\n>>>ML, like ...\x86&h\xA0{\xC1\xC2},DirectByteBuffer@1492b79c[p=0,l=32768,c=32768,r=32768]={<<<<html><head><title>Large ...s ultrices enim. Curabi>>>}]
[DEBUG] update WriteFlusher@653abf25{WRITING}->null:IDLE-->WRITING
[DEBUG] Queued change lazy=false Accept@2ea44c40[java.nio.channels.SocketChannel[connected local=/127.0.0.1:38858 remote=/127.0.0.1:42944]] on ManagedSelector@129b4fe2{STARTED} id=0 keys=3 selected=0 updates=0
[DEBUG] Wakeup on submit ManagedSelector@129b4fe2{STARTED} id=0 keys=3 selected=0 updates=1
[DEBUG] Selector sun.nio.ch.EPollSelectorImpl@54609eb7 woken with none selected
[DEBUG] Selector sun.nio.ch.EPollSelectorImpl@54609eb7 woken up from select, 0/0/3 selected
[DEBUG] Selector sun.nio.ch.EPollSelectorImpl@54609eb7 processing 0 keys, 1 updates
[DEBUG] updateable 1
[DEBUG] update Accept@2ea44c40[java.nio.channels.SocketChannel[connected local=/127.0.0.1:38858 remote=/127.0.0.1:42944]]
[DEBUG] queue Accept@2ea44c40[java.nio.channels.SocketChannel[connected local=/127.0.0.1:38858 remote=/127.0.0.1:42944]] startThread=0
[DEBUG] updates 0
[DEBUG] Selector sun.nio.ch.EPollSelectorImpl@54609eb7 waiting with 4 keys
[DEBUG] run Accept@2ea44c40[java.nio.channels.SocketChannel[connected local=/127.0.0.1:38858 remote=/127.0.0.1:42944]] in QueuedThreadPool[qtp487792155]@1d131e1b{STARTED,8<=8<=200,i=2,r=-1,q=0}[ReservedThreadExecutor@7ec3394b{s=1/1,p=0}]
[DEBUG] SocketChannelEndPoint@4414532c{l=/127.0.0.1:38858,r=/127.0.0.1:42944,OPEN,fill=-,flush=-,to=0/30000}{io=0/0,kio=0,kro=0}-><null> idle timeout check, elapsed: 0 ms, remaining: 30000 ms
[DEBUG] new HttpChannelOverHttp@1f3a8692{s=HttpChannelState@13c489c4{s=IDLE rs=BLOCKING os=OPEN is=IDLE awp=false se=false i=true al=0},r=0,c=false/false,a=IDLE,uri=null,age=0} -> SocketChannelEndPoint@4414532c{l=/127.0.0.1:38858,r=/127.0.0.1:42944,OPEN,fill=-,flush=-,to=0/30000}{io=0/0,kio=0,kro=0}-><null>,null,HttpChannelState@13c489c4{s=IDLE rs=BLOCKING os=OPEN is=IDLE awp=false se=false i=true al=0}
[DEBUG] New HTTP Connection HttpConnection@26dcb9cc::SocketChannelEndPoint@4414532c{l=/127.0.0.1:38858,r=/127.0.0.1:42944,OPEN,fill=-,flush=-,to=0/30000}{io=0/0,kio=0,kro=0}-><null>
[DEBUG] Queued change lazy=true org.eclipse.jetty.io.ManagedSelector$$Lambda$478/1161168292@40371308 on ManagedSelector@129b4fe2{STARTED} id=0 keys=4 selected=0 updates=0
[DEBUG] onOpen SocketChannelEndPoint@4414532c{l=/127.0.0.1:38858,r=/127.0.0.1:42944,OPEN,fill=-,flush=-,to=0/30000}{io=0/0,kio=0,kro=0}->HttpConnection@26dcb9cc[p=HttpParser{s=START,0 of -1},g=HttpGenerator@bf2138a{s=START}]=>HttpChannelOverHttp@1f3a8692{s=HttpChannelState@13c489c4{s=IDLE rs=BLOCKING os=OPEN is=IDLE awp=false se=false i=true al=0},r=0,c=false/false,a=IDLE,uri=null,age=0}
[DEBUG] onOpen HttpConnection@26dcb9cc::SocketChannelEndPoint@4414532c{l=/127.0.0.1:38858,r=/127.0.0.1:42944,OPEN,fill=-,flush=-,to=0/30000}{io=0/0,kio=0,kro=0}->HttpConnection@26dcb9cc[p=HttpParser{s=START,0 of -1},g=HttpGenerator@bf2138a{s=START}]=>HttpChannelOverHttp@1f3a8692{s=HttpChannelState@13c489c4{s=IDLE rs=BLOCKING os=OPEN is=IDLE awp=false se=false i=true al=0},r=0,c=false/false,a=IDLE,uri=null,age=0}
[DEBUG] fillInterested HttpConnection@26dcb9cc::SocketChannelEndPoint@4414532c{l=/127.0.0.1:38858,r=/127.0.0.1:42944,OPEN,fill=-,flush=-,to=0/30000}{io=0/0,kio=0,kro=0}->HttpConnection@26dcb9cc[p=HttpParser{s=START,0 of -1},g=HttpGenerator@bf2138a{s=START}]=>HttpChannelOverHttp@1f3a8692{s=HttpChannelState@13c489c4{s=IDLE rs=BLOCKING os=OPEN is=IDLE awp=false se=false i=true al=0},r=0,c=false/false,a=IDLE,uri=null,age=0}
[DEBUG] interested FillInterest@3c4f3199{AC.ReadCB@26dcb9cc{HttpConnection@26dcb9cc::SocketChannelEndPoint@4414532c{l=/127.0.0.1:38858,r=/127.0.0.1:42944,OPEN,fill=FI,flush=-,to=0/30000}{io=0/0,kio=0,kro=0}->HttpConnection@26dcb9cc[p=HttpParser{s=START,0 of -1},g=HttpGenerator@bf2138a{s=START}]=>HttpChannelOverHttp@1f3a8692{s=HttpChannelState@13c489c4{s=IDLE rs=BLOCKING os=OPEN is=IDLE awp=false se=false i=true al=0},r=0,c=false/false,a=IDLE,uri=null,age=0}}}
[DEBUG] changeInterests p=false 0->1 for SocketChannelEndPoint@4414532c{l=/127.0.0.1:38858,r=/127.0.0.1:42944,OPEN,fill=FI,flush=-,to=0/30000}{io=0/1,kio=0,kro=0}->HttpConnection@26dcb9cc[p=HttpParser{s=START,0 of -1},g=HttpGenerator@bf2138a{s=START}]=>HttpChannelOverHttp@1f3a8692{s=HttpChannelState@13c489c4{s=IDLE rs=BLOCKING os=OPEN is=IDLE awp=false se=false i=true al=0},r=0,c=false/false,a=IDLE,uri=null,age=0}
[DEBUG] Queued change lazy=false org.eclipse.jetty.io.ChannelEndPoint$$Lambda$475/1524159954@7f1efd05 on ManagedSelector@129b4fe2{STARTED} id=0 keys=4 selected=0 updates=1
[DEBUG] Wakeup on submit ManagedSelector@129b4fe2{STARTED} id=0 keys=4 selected=0 updates=2
[DEBUG] Created SocketChannelEndPoint@4414532c{l=/127.0.0.1:38858,r=/127.0.0.1:42944,OPEN,fill=FI,flush=-,to=0/30000}{io=0/1,kio=0,kro=0}->HttpConnection@26dcb9cc[p=HttpParser{s=START,0 of -1},g=HttpGenerator@bf2138a{s=START}]=>HttpChannelOverHttp@1f3a8692{s=HttpChannelState@13c489c4{s=IDLE rs=BLOCKING os=OPEN is=IDLE awp=false se=false i=true al=0},r=0,c=false/false,a=IDLE,uri=null,age=0}
[DEBUG] ran Accept@2ea44c40[java.nio.channels.SocketChannel[connected local=/127.0.0.1:38858 remote=/127.0.0.1:42944]] in QueuedThreadPool[qtp487792155]@1d131e1b{STARTED,8<=8<=200,i=2,r=-1,q=0}[ReservedThreadExecutor@7ec3394b{s=1/1,p=0}]
[DEBUG] Selector sun.nio.ch.EPollSelectorImpl@54609eb7 woken with none selected
[DEBUG] Selector sun.nio.ch.EPollSelectorImpl@54609eb7 woken up from select, 0/0/4 selected
[DEBUG] Selector sun.nio.ch.EPollSelectorImpl@54609eb7 processing 0 keys, 2 updates
[DEBUG] updateable 2
[DEBUG] update org.eclipse.jetty.io.ManagedSelector$$Lambda$478/1161168292@40371308
[DEBUG] update org.eclipse.jetty.io.ChannelEndPoint$$Lambda$475/1524159954@7f1efd05
[DEBUG] Key interests updated 0 -> 1 on SocketChannelEndPoint@4414532c{l=/127.0.0.1:38858,r=/127.0.0.1:42944,OPEN,fill=FI,flush=-,to=0/30000}{io=1/1,kio=1,kro=0}->HttpConnection@26dcb9cc[p=HttpParser{s=START,0 of -1},g=HttpGenerator@bf2138a{s=START}]=>HttpChannelOverHttp@1f3a8692{s=HttpChannelState@13c489c4{s=IDLE rs=BLOCKING os=OPEN is=IDLE awp=false se=false i=true al=0},r=0,c=false/false,a=IDLE,uri=null,age=0}
[DEBUG] updates 0
[DEBUG] Selector sun.nio.ch.EPollSelectorImpl@54609eb7 waiting with 4 keys
[DEBUG] Selector sun.nio.ch.EPollSelectorImpl@54609eb7 woken up from select, 1/1/4 selected
[DEBUG] Selector sun.nio.ch.EPollSelectorImpl@54609eb7 processing 1 keys, 0 updates
[DEBUG] selected 1 sun.nio.ch.SelectionKeyImpl@19f7a05d SocketChannelEndPoint@4414532c{l=/127.0.0.1:38858,r=/127.0.0.1:42944,OPEN,fill=FI,flush=-,to=2/30000}{io=1/1,kio=1,kro=1}->HttpConnection@26dcb9cc[p=HttpParser{s=START,0 of -1},g=HttpGenerator@bf2138a{s=START}]=>HttpChannelOverHttp@1f3a8692{s=HttpChannelState@13c489c4{s=IDLE rs=BLOCKING os=OPEN is=IDLE awp=false se=false i=true al=0},r=0,c=false/false,a=IDLE,uri=null,age=0} 
[DEBUG] onSelected 1->0 r=true w=false for SocketChannelEndPoint@4414532c{l=/127.0.0.1:38858,r=/127.0.0.1:42944,OPEN,fill=FI,flush=-,to=2/30000}{io=1/0,kio=1,kro=1}->HttpConnection@26dcb9cc[p=HttpParser{s=START,0 of -1},g=HttpGenerator@bf2138a{s=START}]=>HttpChannelOverHttp@1f3a8692{s=HttpChannelState@13c489c4{s=IDLE rs=BLOCKING os=OPEN is=IDLE awp=false se=false i=true al=0},r=0,c=false/false,a=IDLE,uri=null,age=0}
[DEBUG] task CEP:SocketChannelEndPoint@4414532c{l=/127.0.0.1:38858,r=/127.0.0.1:42944,OPEN,fill=FI,flush=-,to=2/30000}{io=1/0,kio=1,kro=1}->HttpConnection@26dcb9cc[p=HttpParser{s=START,0 of -1},g=HttpGenerator@bf2138a{s=START}]=>HttpChannelOverHttp@1f3a8692{s=HttpChannelState@13c489c4{s=IDLE rs=BLOCKING os=OPEN is=IDLE awp=false se=false i=true al=0},r=0,c=false/false,a=IDLE,uri=null,age=0}:runFillable:BLOCKING
[DEBUG] ReservedThreadExecutor@7ec3394b{s=1/1,p=0} tryExecute EatWhatYouKill@4febb875/SelectorProducer@cb191ca/PRODUCING/p=false/QueuedThreadPool[qtp487792155]@1d131e1b{STARTED,8<=8<=200,i=3,r=-1,q=0}[ReservedThreadExecutor@7ec3394b{s=1/1,p=0}][pc=0,pic=0,pec=1,epc=4]@2021-09-20T19:30:11.183Z
[DEBUG] ReservedThreadExecutor@7ec3394b{s=0/1,p=0}@1aa2214e offer EatWhatYouKill@4febb875/SelectorProducer@cb191ca/PRODUCING/p=false/QueuedThreadPool[qtp487792155]@1d131e1b{STARTED,8<=8<=200,i=3,r=-1,q=0}[ReservedThreadExecutor@7ec3394b{s=0/1,p=0}][pc=0,pic=0,pec=1,epc=4]@2021-09-20T19:30:11.183Z
[DEBUG] ReservedThreadExecutor@7ec3394b{s=0/1,p=1} startReservedThread p=1
[DEBUG] run ReservedThreadExecutor@7ec3394b{s=0/1,p=1}@46d05563 in QueuedThreadPool[qtp487792155]@1d131e1b{STARTED,8<=8<=200,i=2,r=-1,q=0}[ReservedThreadExecutor@7ec3394b{s=0/1,p=1}]
[DEBUG] ReservedThreadExecutor@7ec3394b{s=1/1,p=1}@46d05563 started
[DEBUG] ReservedThreadExecutor@7ec3394b{s=1/1,p=0}@46d05563 waiting
[DEBUG] queue ReservedThreadExecutor@7ec3394b{s=1/1,p=0}@46d05563 startThread=0
[DEBUG] ReservedThreadExecutor@7ec3394b{s=0/1,p=0}@1aa2214e task=EatWhatYouKill@4febb875/SelectorProducer@cb191ca/IDLE/p=true/QueuedThreadPool[qtp487792155]@1d131e1b{STARTED,8<=8<=200,i=2,r=-1,q=0}[ReservedThreadExecutor@7ec3394b{s=1/1,p=0}][pc=0,pic=0,pec=1,epc=4]@2021-09-20T19:30:11.184Z
[DEBUG] EatWhatYouKill@4febb875/SelectorProducer@cb191ca/IDLE/p=true/QueuedThreadPool[qtp487792155]@1d131e1b{STARTED,8<=8<=200,i=2,r=-1,q=0}[ReservedThreadExecutor@7ec3394b{s=1/1,p=0}][pc=0,pic=0,pec=1,epc=4]@2021-09-20T19:30:11.184Z tryProduce true
[DEBUG] updateable 0
[DEBUG] updates 0
[DEBUG] Key interests updated 1 -> 0 on SocketChannelEndPoint@4414532c{l=/127.0.0.1:38858,r=/127.0.0.1:42944,OPEN,fill=FI,flush=-,to=3/30000}{io=0/0,kio=0,kro=1}->HttpConnection@26dcb9cc[p=HttpParser{s=START,0 of -1},g=HttpGenerator@bf2138a{s=START}]=>HttpChannelOverHttp@1f3a8692{s=HttpChannelState@13c489c4{s=IDLE rs=BLOCKING os=OPEN is=IDLE awp=false se=false i=true al=0},r=0,c=false/false,a=IDLE,uri=null,age=0}
[DEBUG] Selector sun.nio.ch.EPollSelectorImpl@54609eb7 waiting with 4 keys
[DEBUG] EatWhatYouKill@4febb875/SelectorProducer@cb191ca/PRODUCING/p=false/QueuedThreadPool[qtp487792155]@1d131e1b{STARTED,8<=8<=200,i=2,r=-1,q=0}[ReservedThreadExecutor@7ec3394b{s=1/1,p=0}][pc=0,pic=0,pec=1,epc=4]@2021-09-20T19:30:11.184Z m=EXECUTE_PRODUCE_CONSUME t=CEP:SocketChannelEndPoint@4414532c{l=/127.0.0.1:38858,r=/127.0.0.1:42944,OPEN,fill=FI,flush=-,to=3/30000}{io=0/0,kio=0,kro=1}->HttpConnection@26dcb9cc[p=HttpParser{s=START,0 of -1},g=HttpGenerator@bf2138a{s=START}]=>HttpChannelOverHttp@1f3a8692{s=HttpChannelState@13c489c4{s=IDLE rs=BLOCKING os=OPEN is=IDLE awp=false se=false i=true al=0},r=0,c=false/false,a=IDLE,uri=null,age=0}:runFillable:BLOCKING/BLOCKING
[DEBUG] fillable FillInterest@3c4f3199{AC.ReadCB@26dcb9cc{HttpConnection@26dcb9cc::SocketChannelEndPoint@4414532c{l=/127.0.0.1:38858,r=/127.0.0.1:42944,OPEN,fill=FI,flush=-,to=4/30000}{io=0/0,kio=0,kro=1}->HttpConnection@26dcb9cc[p=HttpParser{s=START,0 of -1},g=HttpGenerator@bf2138a{s=START}]=>HttpChannelOverHttp@1f3a8692{s=HttpChannelState@13c489c4{s=IDLE rs=BLOCKING os=OPEN is=IDLE awp=false se=false i=true al=0},r=0,c=false/false,a=IDLE,uri=null,age=0}}}
[DEBUG] HttpConnection@26dcb9cc::SocketChannelEndPoint@4414532c{l=/127.0.0.1:38858,r=/127.0.0.1:42944,OPEN,fill=-,flush=-,to=4/30000}{io=0/0,kio=0,kro=1}->HttpConnection@26dcb9cc[p=HttpParser{s=START,0 of -1},g=HttpGenerator@bf2138a{s=START}]=>HttpChannelOverHttp@1f3a8692{s=HttpChannelState@13c489c4{s=IDLE rs=BLOCKING os=OPEN is=IDLE awp=false se=false i=true al=0},r=0,c=false/false,a=IDLE,uri=null,age=0} onFillable enter HttpChannelState@13c489c4{s=IDLE rs=BLOCKING os=OPEN is=IDLE awp=false se=false i=true al=0} null
[DEBUG] filled 311 HeapByteBuffer@78a30358[p=0,l=311,c=8192,r=311]={<<<GET /FileServlet/htmltest...nection: keep-alive\r\n\r\n>>>\x91s\xA2,\xE5c\xD8\xAe\xAe...\x00\x00\x00\x00\x00\x00\x00}
[DEBUG] HttpConnection@26dcb9cc::SocketChannelEndPoint@4414532c{l=/127.0.0.1:38858,r=/127.0.0.1:42944,OPEN,fill=-,flush=-,to=0/30000}{io=0/0,kio=0,kro=1}->HttpConnection@26dcb9cc[p=HttpParser{s=START,0 of -1},g=HttpGenerator@bf2138a{s=START}]=>HttpChannelOverHttp@1f3a8692{s=HttpChannelState@13c489c4{s=IDLE rs=BLOCKING os=OPEN is=IDLE awp=false se=false i=true al=0},r=0,c=false/false,a=IDLE,uri=null,age=0} filled 311 HeapByteBuffer@78a30358[p=0,l=311,c=8192,r=311]={<<<GET /FileServlet/htmltest...nection: keep-alive\r\n\r\n>>>\x91s\xA2,\xE5c\xD8\xAe\xAe...\x00\x00\x00\x00\x00\x00\x00}
[DEBUG] HttpConnection@26dcb9cc::SocketChannelEndPoint@4414532c{l=/127.0.0.1:38858,r=/127.0.0.1:42944,OPEN,fill=-,flush=-,to=0/30000}{io=0/0,kio=0,kro=1}->HttpConnection@26dcb9cc[p=HttpParser{s=START,0 of -1},g=HttpGenerator@bf2138a{s=START}]=>HttpChannelOverHttp@1f3a8692{s=HttpChannelState@13c489c4{s=IDLE rs=BLOCKING os=OPEN is=IDLE awp=false se=false i=true al=0},r=0,c=false/false,a=IDLE,uri=null,age=0} parse HeapByteBuffer@78a30358[p=0,l=311,c=8192,r=311]={<<<GET /FileServlet/htmltest...nection: keep-alive\r\n\r\n>>>\x91s\xA2,\xE5c\xD8\xAe\xAe...\x00\x00\x00\x00\x00\x00\x00} {}
[DEBUG] parseNext s=START HeapByteBuffer@78a30358[p=0,l=311,c=8192,r=311]={<<<GET /FileServlet/htmltest...nection: keep-alive\r\n\r\n>>>\x91s\xA2,\xE5c\xD8\xAe\xAe...\x00\x00\x00\x00\x00\x00\x00}
[DEBUG] START --> SPACE1
[DEBUG] SPACE1 --> URI
[DEBUG] URI --> SPACE2
[DEBUG] SPACE2 --> REQUEST_VERSION
[DEBUG] REQUEST_VERSION --> HEADER
[DEBUG] HEADER:Accept-Encoding: gzip --> IN_VALUE
[DEBUG] HEADER:Accept-Encoding: gzip --> FIELD
[DEBUG] HEADER:User-Agent --> VALUE
[DEBUG] HEADER:User-Agent --> IN_VALUE
[DEBUG] HEADER:User-Agent --> FIELD
[DEBUG] HEADER:Host --> VALUE
[DEBUG] HEADER:Host --> IN_VALUE
[DEBUG] HEADER:Host --> FIELD
[DEBUG] HEADER:Accept --> VALUE
[DEBUG] HEADER:Accept --> IN_VALUE
[DEBUG] HEADER:Accept --> FIELD
[DEBUG] HEADER:Connection: keep-alive --> IN_VALUE
[DEBUG] HEADER:Connection: keep-alive --> FIELD
[DEBUG] HEADER --> CONTENT
[DEBUG] REQUEST for //localhost:38858/FileServlet/htmltests/large.html on HttpChannelOverHttp@1f3a8692{s=HttpChannelState@13c489c4{s=IDLE rs=BLOCKING os=OPEN is=IDLE awp=false se=false i=true al=0},r=1,c=false/false,a=IDLE,uri=//localhost:38858/FileServlet/htmltests/large.html,age=0}
GET //localhost:38858/FileServlet/htmltests/large.html HTTP/1.1
Accept-Encoding: gzip
User-Agent: Mozilla/5.0 (Windows NT 10.0; Win64; x64) AppleWebKit/537.36 (KHTML, like Gecko) Chrome/79.0.3945.130 Safari/537.36
Host: localhost:38858
Accept: text/html, image/gif, image/jpeg, *; q=.2, */*; q=.2
Connection: keep-alive


[DEBUG] HttpConnection@26dcb9cc::SocketChannelEndPoint@4414532c{l=/127.0.0.1:38858,r=/127.0.0.1:42944,OPEN,fill=-,flush=-,to=0/30000}{io=0/0,kio=0,kro=1}->HttpConnection@26dcb9cc[p=HttpParser{s=CONTENT,0 of -1},g=HttpGenerator@bf2138a{s=START}]=>HttpChannelOverHttp@1f3a8692{s=HttpChannelState@13c489c4{s=IDLE rs=BLOCKING os=OPEN is=IDLE awp=false se=false i=true al=0},r=1,c=false/false,a=IDLE,uri=//localhost:38858/FileServlet/htmltests/large.html,age=0} parsed true HttpParser{s=CONTENT,0 of -1}
[DEBUG] flushed 32916 SocketChannelEndPoint@122254ce{l=/127.0.0.1:38858,r=/127.0.0.1:42942,OPEN,fill=-,flush=W,to=31/30000}{io=0/0,kio=0,kro=1}->HttpConnection@3be4ecda[p=HttpParser{s=CONTENT,0 of -1},g=HttpGenerator@af7230{s=COMMITTED}]=>HttpChannelOverHttp@f268a5a{s=HttpChannelState@2e8f904b{s=HANDLING rs=BLOCKING os=COMMITTED is=IDLE awp=false se=false i=true al=0},r=1,c=false/false,a=HANDLING,uri=//localhost:38858/FileServlet/htmltests/large.html,age=31}
[DEBUG] Flushed=true written=32916 remaining=0 WriteFlusher@653abf25{WRITING}->null
[DEBUG] update WriteFlusher@653abf25{IDLE}->null:WRITING-->IDLE
[DEBUG] generate: DONE for SendCallback@2c1836a[PROCESSING][i=HTTP/1.1{s=200,h=2,cl=-1},cb=org.eclipse.jetty.server.HttpChannel$SendCallback@6e21b54] ([p=148,l=148,c=8192,r=0],[p=32768,l=32768,c=32768,r=0],false)@COMMITTED
[DEBUG] onWriteComplete(false,null) s=OPEN,api=BLOCKED,sc=false,e=null->s=OPEN,api=BLOCKING,sc=false,e=null c=null cb=null w=false
[DEBUG] write(array HeapByteBuffer@85be5b8[p=0,l=8192,c=8192,r=8192]={<<<tur sit amet mauris. Morb...s ligula lacinia alique>>>})
[DEBUG] write(array) s=OPEN,api=BLOCKING,sc=false,e=null aggregated !flush DirectByteBuffer@1492b79c[p=0,l=8192,c=32768,r=8192]={<<<tur sit amet mauris. Morb...s ligula lacinia alique>>>dunt male... Curabi}
[DEBUG] write(array HeapByteBuffer@68ffd0a[p=0,l=8192,c=8192,r=8192]={<<<t. Mauris ipsum. Nulla me...sectetuer risus et tort>>>})
[DEBUG] write(array) s=OPEN,api=BLOCKING,sc=false,e=null aggregated !flush DirectByteBuffer@1492b79c[p=0,l=16384,c=32768,r=16384]={<<<tur sit amet mauris. Morb...sectetuer risus et tort>>>imenaeos.... Curabi}
[DEBUG] write(array HeapByteBuffer@10216e34[p=0,l=8192,c=8192,r=8192]={<<<or. Lorem ipsum dolor sit... Donec lacus nunc, vive>>>})
[DEBUG] write(array) s=OPEN,api=BLOCKING,sc=false,e=null aggregated !flush DirectByteBuffer@1492b79c[p=0,l=24576,c=32768,r=24576]={<<<tur sit amet mauris. Morb... Donec lacus nunc, vive>>>us. Vivam... Curabi}
[DEBUG] write(array HeapByteBuffer@20d23882[p=0,l=8192,c=8192,r=8192]={<<<rra nec, blandit vel, ege... In scelerisque sem at >>>})
[DEBUG] write(array) s=OPEN,api=BLOCKED,sc=false,e=null last=false agg=true flush=true async=false, len=0 DirectByteBuffer@1492b79c[p=0,l=32768,c=32768,r=32768]={<<<tur sit amet mauris. Morb... In scelerisque sem at >>>}
[DEBUG] sendResponse info=null content=DirectByteBuffer@1492b79c[p=0,l=32768,c=32768,r=32768]={<<<tur sit amet mauris. Morb... In scelerisque sem at >>>} complete=false committing=false callback=Blocker@135fca70{null}
[DEBUG] generate: NEED_CHUNK for SendCallback@2c1836a[PROCESSING][i=null,cb=org.eclipse.jetty.server.HttpChannel$SendCallback@77f36f05] (null,[p=0,l=32768,c=32768,r=32768],false)@COMMITTED
[DEBUG] generate: FLUSH for SendCallback@2c1836a[PROCESSING][i=null,cb=org.eclipse.jetty.server.HttpChannel$SendCallback@77f36f05] (null,[p=0,l=32768,c=32768,r=32768],false)@COMMITTED
[DEBUG] write: WriteFlusher@653abf25{IDLE}->null [HeapByteBuffer@e6dab5c[p=0,l=8,c=1024,r=8]={<<<\r\n8000\r\n>>>\x00\x00\x00\x00\x00\x00\x00\x00\x00...\x00\x00\x00\x00\x00\x00\x00},DirectByteBuffer@1492b79c[p=0,l=32768,c=32768,r=32768]={<<<tur sit amet mauris. Morb... In scelerisque sem at >>>}]
[DEBUG] update WriteFlusher@653abf25{WRITING}->null:IDLE-->WRITING
[DEBUG] flushed 32776 SocketChannelEndPoint@122254ce{l=/127.0.0.1:38858,r=/127.0.0.1:42942,OPEN,fill=-,flush=W,to=0/30000}{io=0/0,kio=0,kro=1}->HttpConnection@3be4ecda[p=HttpParser{s=CONTENT,0 of -1},g=HttpGenerator@af7230{s=COMMITTED}]=>HttpChannelOverHttp@f268a5a{s=HttpChannelState@2e8f904b{s=HANDLING rs=BLOCKING os=COMMITTED is=IDLE awp=false se=false i=true al=0},r=1,c=false/false,a=HANDLING,uri=//localhost:38858/FileServlet/htmltests/large.html,age=32}
[DEBUG] Flushed=true written=32776 remaining=0 WriteFlusher@653abf25{WRITING}->null
[DEBUG] update WriteFlusher@653abf25{IDLE}->null:WRITING-->IDLE
[DEBUG] generate: DONE for SendCallback@2c1836a[PROCESSING][i=null,cb=org.eclipse.jetty.server.HttpChannel$SendCallback@77f36f05] (null,[p=32768,l=32768,c=32768,r=0],false)@COMMITTED
[DEBUG] onWriteComplete(false,null) s=OPEN,api=BLOCKED,sc=false,e=null->s=OPEN,api=BLOCKING,sc=false,e=null c=null cb=null w=false
[DEBUG] write(array HeapByteBuffer@1526246b[p=0,l=8192,c=8192,r=8192]={<<<dolor. Maecenas mattis. S...itor, cursus quis, aliq>>>})
[DEBUG] write(array) s=OPEN,api=BLOCKING,sc=false,e=null aggregated !flush DirectByteBuffer@1492b79c[p=0,l=8192,c=32768,r=8192]={<<<dolor. Maecenas mattis. S...itor, cursus quis, aliq>>>t. Mauris...sem at }
[DEBUG] write(array HeapByteBuffer@24810865[p=0,l=8192,c=8192,r=8192]={<<<uet eget, justo. Sed pret...m. Etiam ultrices. Susp>>>})
[DEBUG] write(array) s=OPEN,api=BLOCKING,sc=false,e=null aggregated !flush DirectByteBuffer@1492b79c[p=0,l=16384,c=32768,r=16384]={<<<dolor. Maecenas mattis. S...m. Etiam ultrices. Susp>>>or. Lorem...sem at }
[DEBUG] write(array HeapByteBuffer@48e6c0b7[p=0,l=8192,c=8192,r=8192]={<<<endisse in justo eu magna...cinia nunc. </p>\n\n<p>Cu>>>})
[DEBUG] write(array) s=OPEN,api=BLOCKING,sc=false,e=null aggregated !flush DirectByteBuffer@1492b79c[p=0,l=24576,c=32768,r=24576]={<<<dolor. Maecenas mattis. S...cinia nunc. </p>\n\n<p>Cu>>>rra nec, ...sem at }
[DEBUG] write(array HeapByteBuffer@2b32a5bc[p=0,l=8192,c=8192,r=8192]={<<<rabitur tortor. <i>Vestib... ac, ultricies eu, pede>>>})
[DEBUG] write(array) s=OPEN,api=BLOCKED,sc=false,e=null last=false agg=true flush=true async=false, len=0 DirectByteBuffer@1492b79c[p=0,l=32768,c=32768,r=32768]={<<<dolor. Maecenas mattis. S... ac, ultricies eu, pede>>>}
[DEBUG] sendResponse info=null content=DirectByteBuffer@1492b79c[p=0,l=32768,c=32768,r=32768]={<<<dolor. Maecenas mattis. S... ac, ultricies eu, pede>>>} complete=false committing=false callback=Blocker@135fca70{null}
[DEBUG] generate: NEED_CHUNK for SendCallback@2c1836a[PROCESSING][i=null,cb=org.eclipse.jetty.server.HttpChannel$SendCallback@f93d9cd] (null,[p=0,l=32768,c=32768,r=32768],false)@COMMITTED
[DEBUG] generate: FLUSH for SendCallback@2c1836a[PROCESSING][i=null,cb=org.eclipse.jetty.server.HttpChannel$SendCallback@f93d9cd] (null,[p=0,l=32768,c=32768,r=32768],false)@COMMITTED
[DEBUG] write: WriteFlusher@653abf25{IDLE}->null [HeapByteBuffer@e6dab5c[p=0,l=8,c=1024,r=8]={<<<\r\n8000\r\n>>>\x00\x00\x00\x00\x00\x00\x00\x00\x00...\x00\x00\x00\x00\x00\x00\x00},DirectByteBuffer@1492b79c[p=0,l=32768,c=32768,r=32768]={<<<dolor. Maecenas mattis. S... ac, ultricies eu, pede>>>}]
[DEBUG] update WriteFlusher@653abf25{WRITING}->null:IDLE-->WRITING
[DEBUG] flushed 32776 SocketChannelEndPoint@122254ce{l=/127.0.0.1:38858,r=/127.0.0.1:42942,OPEN,fill=-,flush=W,to=0/30000}{io=0/0,kio=0,kro=1}->HttpConnection@3be4ecda[p=HttpParser{s=CONTENT,0 of -1},g=HttpGenerator@af7230{s=COMMITTED}]=>HttpChannelOverHttp@f268a5a{s=HttpChannelState@2e8f904b{s=HANDLING rs=BLOCKING os=COMMITTED is=IDLE awp=false se=false i=true al=0},r=1,c=false/false,a=HANDLING,uri=//localhost:38858/FileServlet/htmltests/large.html,age=33}
[DEBUG] Flushed=true written=32776 remaining=0 WriteFlusher@653abf25{WRITING}->null
[DEBUG] update WriteFlusher@653abf25{IDLE}->null:WRITING-->IDLE
[DEBUG] generate: DONE for SendCallback@2c1836a[PROCESSING][i=null,cb=org.eclipse.jetty.server.HttpChannel$SendCallback@f93d9cd] (null,[p=32768,l=32768,c=32768,r=0],false)@COMMITTED
[DEBUG] onWriteComplete(false,null) s=OPEN,api=BLOCKED,sc=false,e=null->s=OPEN,api=BLOCKING,sc=false,e=null c=null cb=null w=false
[DEBUG] write(array HeapByteBuffer@237d2a7a[p=0,l=8192,c=8192,r=8192]={<<<. <i>Praesent blandit dol...ae; Morbi lacinia moles>>>})
[DEBUG] write(array) s=OPEN,api=BLOCKING,sc=false,e=null aggregated !flush DirectByteBuffer@1492b79c[p=0,l=8192,c=32768,r=8192]={<<<. <i>Praesent blandit dol...ae; Morbi lacinia moles>>>uet eget,...u, pede}
[DEBUG] write(array HeapByteBuffer@5d60a5da[p=0,l=8192,c=8192,r=8192]={<<<tie dui. <b>Ut fringilla<...cinia aliquet. <b>Pelle>>>})
[DEBUG] write(array) s=OPEN,api=BLOCKING,sc=false,e=null aggregated !flush DirectByteBuffer@1492b79c[p=0,l=16384,c=32768,r=16384]={<<<. <i>Praesent blandit dol...cinia aliquet. <b>Pelle>>>endisse i...u, pede}
[DEBUG] write(array HeapByteBuffer@63c1f48f[p=0,l=8192,c=8192,r=8192]={<<<ntesque nibh</b>. Mauris ...scipit sodales. Aenean >>>})
[DEBUG] write(array) s=OPEN,api=BLOCKING,sc=false,e=null aggregated !flush DirectByteBuffer@1492b79c[p=0,l=24576,c=32768,r=24576]={<<<. <i>Praesent blandit dol...scipit sodales. Aenean >>>rabitur t...u, pede}
[DEBUG] write(array HeapByteBuffer@728d048b[p=0,l=8192,c=8192,r=8192]={<<<lectus elit, fermentum no... Sed lacinia, urna non >>>})
[DEBUG] write(array) s=OPEN,api=BLOCKED,sc=false,e=null last=false agg=true flush=true async=false, len=0 DirectByteBuffer@1492b79c[p=0,l=32768,c=32768,r=32768]={<<<. <i>Praesent blandit dol... Sed lacinia, urna non >>>}
[DEBUG] sendResponse info=null content=DirectByteBuffer@1492b79c[p=0,l=32768,c=32768,r=32768]={<<<. <i>Praesent blandit dol... Sed lacinia, urna non >>>} complete=false committing=false callback=Blocker@135fca70{null}
[DEBUG] generate: NEED_CHUNK for SendCallback@2c1836a[PROCESSING][i=null,cb=org.eclipse.jetty.server.HttpChannel$SendCallback@38e9ce5a] (null,[p=0,l=32768,c=32768,r=32768],false)@COMMITTED
[DEBUG] generate: FLUSH for SendCallback@2c1836a[PROCESSING][i=null,cb=org.eclipse.jetty.server.HttpChannel$SendCallback@38e9ce5a] (null,[p=0,l=32768,c=32768,r=32768],false)@COMMITTED
[DEBUG] write: WriteFlusher@653abf25{IDLE}->null [HeapByteBuffer@e6dab5c[p=0,l=8,c=1024,r=8]={<<<\r\n8000\r\n>>>\x00\x00\x00\x00\x00\x00\x00\x00\x00...\x00\x00\x00\x00\x00\x00\x00},DirectByteBuffer@1492b79c[p=0,l=32768,c=32768,r=32768]={<<<. <i>Praesent blandit dol... Sed lacinia, urna non >>>}]
[DEBUG] update WriteFlusher@653abf25{WRITING}->null:IDLE-->WRITING
[DEBUG] flushed 32776 SocketChannelEndPoint@122254ce{l=/127.0.0.1:38858,r=/127.0.0.1:42942,OPEN,fill=-,flush=W,to=0/30000}{io=0/0,kio=0,kro=1}->HttpConnection@3be4ecda[p=HttpParser{s=CONTENT,0 of -1},g=HttpGenerator@af7230{s=COMMITTED}]=>HttpChannelOverHttp@f268a5a{s=HttpChannelState@2e8f904b{s=HANDLING rs=BLOCKING os=COMMITTED is=IDLE awp=false se=false i=true al=0},r=1,c=false/false,a=HANDLING,uri=//localhost:38858/FileServlet/htmltests/large.html,age=33}
[DEBUG] Flushed=true written=32776 remaining=0 WriteFlusher@653abf25{WRITING}->null
[DEBUG] update WriteFlusher@653abf25{IDLE}->null:WRITING-->IDLE
[DEBUG] generate: DONE for SendCallback@2c1836a[PROCESSING][i=null,cb=org.eclipse.jetty.server.HttpChannel$SendCallback@38e9ce5a] (null,[p=32768,l=32768,c=32768,r=0],false)@COMMITTED
[DEBUG] onWriteComplete(false,null) s=OPEN,api=BLOCKED,sc=false,e=null->s=OPEN,api=BLOCKING,sc=false,e=null c=null cb=null w=false
[DEBUG] write(array HeapByteBuffer@60ffe2e8[p=0,l=8192,c=8192,r=8192]={<<<tincidunt mattis, tortor ...si. Nulla quis sem at n>>>})
[DEBUG] write(array) s=OPEN,api=BLOCKING,sc=false,e=null aggregated !flush DirectByteBuffer@1492b79c[p=0,l=8192,c=32768,r=8192]={<<<tincidunt mattis, tortor ...si. Nulla quis sem at n>>>tie dui. ...na non }
[DEBUG] write(array HeapByteBuffer@c7617f4[p=0,l=8192,c=8192,r=8192]={<<<ibh elementum imperdiet. ...orbi in dui quis est pu>>>})
[DEBUG] write(array) s=OPEN,api=BLOCKING,sc=false,e=null aggregated !flush DirectByteBuffer@1492b79c[p=0,l=16384,c=32768,r=16384]={<<<tincidunt mattis, tortor ...orbi in dui quis est pu>>>ntesque n...na non }
[DEBUG] write(array HeapByteBuffer@1645e3ad[p=0,l=8192,c=8192,r=8192]={<<<lvinar ullamcorper. Nulla...tetur adipiscing elit</>>>})
[DEBUG] write(array) s=OPEN,api=BLOCKING,sc=false,e=null aggregated !flush DirectByteBuffer@1492b79c[p=0,l=24576,c=32768,r=24576]={<<<tincidunt mattis, tortor ...tetur adipiscing elit</>>>lectus el...na non }
[DEBUG] write(array HeapByteBuffer@60287421[p=0,l=8192,c=8192,r=8192]={<<<i>. Mauris ipsum. <b>Pell...aliquet eget, justo. </>>>})
[DEBUG] write(array) s=OPEN,api=BLOCKED,sc=false,e=null last=false agg=true flush=true async=false, len=0 DirectByteBuffer@1492b79c[p=0,l=32768,c=32768,r=32768]={<<<tincidunt mattis, tortor ...aliquet eget, justo. </>>>}
[DEBUG] sendResponse info=null content=DirectByteBuffer@1492b79c[p=0,l=32768,c=32768,r=32768]={<<<tincidunt mattis, tortor ...aliquet eget, justo. </>>>} complete=false committing=false callback=Blocker@135fca70{null}
[DEBUG] generate: NEED_CHUNK for SendCallback@2c1836a[PROCESSING][i=null,cb=org.eclipse.jetty.server.HttpChannel$SendCallback@7fdf326e] (null,[p=0,l=32768,c=32768,r=32768],false)@COMMITTED
[DEBUG] generate: FLUSH for SendCallback@2c1836a[PROCESSING][i=null,cb=org.eclipse.jetty.server.HttpChannel$SendCallback@7fdf326e] (null,[p=0,l=32768,c=32768,r=32768],false)@COMMITTED
[DEBUG] write: WriteFlusher@653abf25{IDLE}->null [HeapByteBuffer@e6dab5c[p=0,l=8,c=1024,r=8]={<<<\r\n8000\r\n>>>\x00\x00\x00\x00\x00\x00\x00\x00\x00...\x00\x00\x00\x00\x00\x00\x00},DirectByteBuffer@1492b79c[p=0,l=32768,c=32768,r=32768]={<<<tincidunt mattis, tortor ...aliquet eget, justo. </>>>}]
[DEBUG] update WriteFlusher@653abf25{WRITING}->null:IDLE-->WRITING
[DEBUG] flushed 32776 SocketChannelEndPoint@122254ce{l=/127.0.0.1:38858,r=/127.0.0.1:42942,OPEN,fill=-,flush=W,to=0/30000}{io=0/0,kio=0,kro=1}->HttpConnection@3be4ecda[p=HttpParser{s=CONTENT,0 of -1},g=HttpGenerator@af7230{s=COMMITTED}]=>HttpChannelOverHttp@f268a5a{s=HttpChannelState@2e8f904b{s=HANDLING rs=BLOCKING os=COMMITTED is=IDLE awp=false se=false i=true al=0},r=1,c=false/false,a=HANDLING,uri=//localhost:38858/FileServlet/htmltests/large.html,age=34}
[DEBUG] Flushed=true written=32776 remaining=0 WriteFlusher@653abf25{WRITING}->null
[DEBUG] update WriteFlusher@653abf25{IDLE}->null:WRITING-->IDLE
[DEBUG] generate: DONE for SendCallback@2c1836a[PROCESSING][i=null,cb=org.eclipse.jetty.server.HttpChannel$SendCallback@7fdf326e] (null,[p=32768,l=32768,c=32768,r=0],false)@COMMITTED
[DEBUG] onWriteComplete(false,null) s=OPEN,api=BLOCKED,sc=false,e=null->s=OPEN,api=BLOCKING,sc=false,e=null c=null cb=null w=false
[DEBUG] releaseRequestBuffer HttpConnection@26dcb9cc::SocketChannelEndPoint@4414532c{l=/127.0.0.1:38858,r=/127.0.0.1:42944,OPEN,fill=-,flush=-,to=0/30000}{io=0/0,kio=0,kro=1}->HttpConnection@26dcb9cc[p=HttpParser{s=CONTENT,0 of -1},g=HttpGenerator@bf2138a{s=START}]=>HttpChannelOverHttp@1f3a8692{s=HttpChannelState@13c489c4{s=IDLE rs=BLOCKING os=OPEN is=IDLE awp=false se=false i=true al=0},r=1,c=false/false,a=IDLE,uri=//localhost:38858/FileServlet/htmltests/large.html,age=7}
[DEBUG] handle //localhost:38858/FileServlet/htmltests/large.html HttpChannelOverHttp@1f3a8692{s=HttpChannelState@13c489c4{s=IDLE rs=BLOCKING os=OPEN is=IDLE awp=false se=false i=true al=0},r=1,c=false/false,a=IDLE,uri=//localhost:38858/FileServlet/htmltests/large.html,age=7} 
[DEBUG] handling HttpChannelState@13c489c4{s=IDLE rs=BLOCKING os=OPEN is=IDLE awp=false se=false i=true al=0}
[DEBUG] action DISPATCH HttpChannelOverHttp@1f3a8692{s=HttpChannelState@13c489c4{s=HANDLING rs=BLOCKING os=OPEN is=IDLE awp=false se=false i=true al=0},r=1,c=false/false,a=HANDLING,uri=//localhost:38858/FileServlet/htmltests/large.html,age=7}
[DEBUG] REQUEST GET /FileServlet/htmltests/large.html on HttpChannelOverHttp@1f3a8692{s=HttpChannelState@13c489c4{s=HANDLING rs=BLOCKING os=OPEN is=IDLE awp=false se=false i=true al=0},r=1,c=false/false,a=HANDLING,uri=//localhost:38858/FileServlet/htmltests/large.html,age=7}
[DEBUG] servlet null|/FileServlet|/htmltests/large.html -> org.jsoup.integration.servlets.FileServlet-3fffff43==org.jsoup.integration.servlets.FileServlet@bc0855c5{jsp=null,order=-1,inst=true,async=true,src=EMBEDDED:null,STARTED}
[DEBUG] chain=null
[DEBUG] write(array HeapByteBuffer@1dc837bb[p=0,l=8192,c=8192,r=8192]={<<<<html><head><title>Large ...augue. Vestibulum tinci>>>})
[DEBUG] write(array) s=OPEN,api=BLOCKING,sc=false,e=null aggregated !flush DirectByteBuffer@58caaa66[p=0,l=8192,c=32768,r=8192]={<<<<html><head><title>Large ...augue. Vestibulum tinci>>>\x00\x00\x00\x00\x00\x00\x00\x00\x00...\x00\x00\x00\x00\x00\x00\x00}
[DEBUG] write(array HeapByteBuffer@4d8963b0[p=0,l=8192,c=8192,r=8192]={<<<dunt malesuada tellus. Ut... nostra, per inceptos h>>>})
[DEBUG] write(array) s=OPEN,api=BLOCKING,sc=false,e=null aggregated !flush DirectByteBuffer@58caaa66[p=0,l=16384,c=32768,r=16384]={<<<<html><head><title>Large ... nostra, per inceptos h>>>\x00\x00\x00\x00\x00\x00\x00\x00\x00...\x00\x00\x00\x00\x00\x00\x00}
[DEBUG] write(array HeapByteBuffer@6958d714[p=0,l=8192,c=8192,r=8192]={<<<imenaeos. Nam nec ante. S...nas aliquet mollis lect>>>})
[DEBUG] write(array) s=OPEN,api=BLOCKING,sc=false,e=null aggregated !flush DirectByteBuffer@58caaa66[p=0,l=24576,c=32768,r=24576]={<<<<html><head><title>Large ...nas aliquet mollis lect>>>\x00\x00\x00\x00\x00\x00\x00\x00\x00...\x00\x00\x00\x00\x00\x00\x00}
[DEBUG] write(array HeapByteBuffer@35f1406b[p=0,l=8192,c=8192,r=8192]={<<<us. Vivamus consectetuer ...s ultrices enim. Curabi>>>})
[DEBUG] write(array) s=OPEN,api=BLOCKED,sc=false,e=null last=false agg=true flush=true async=false, len=0 DirectByteBuffer@58caaa66[p=0,l=32768,c=32768,r=32768]={<<<<html><head><title>Large ...s ultrices enim. Curabi>>>}
[DEBUG] sendResponse info=null content=DirectByteBuffer@58caaa66[p=0,l=32768,c=32768,r=32768]={<<<<html><head><title>Large ...s ultrices enim. Curabi>>>} complete=false committing=true callback=Blocker@38e55529{null}
[DEBUG] COMMIT for /FileServlet/htmltests/large.html on HttpChannelOverHttp@1f3a8692{s=HttpChannelState@13c489c4{s=HANDLING rs=BLOCKING os=COMMITTED is=IDLE awp=false se=false i=true al=0},r=1,c=false/false,a=HANDLING,uri=//localhost:38858/FileServlet/htmltests/large.html,age=8}
200 null HTTP/1.1
Date: Mon, 20 Sep 2021 19:30:11 GMT
Content-Type: text/html


[DEBUG] generate: NEED_HEADER for SendCallback@3e772566[PROCESSING][i=HTTP/1.1{s=200,h=2,cl=-1},cb=org.eclipse.jetty.server.HttpChannel$SendCallback@1138b5cb] (null,[p=0,l=32768,c=32768,r=32768],false)@START
[DEBUG] generateHeaders HTTP/1.1{s=200,h=2,cl=-1} last=false content=DirectByteBuffer@58caaa66[p=0,l=32768,c=32768,r=32768]={<<<<html><head><title>Large ...s ultrices enim. Curabi>>>}
[DEBUG] Date: Mon, 20 Sep 2021 19:30:11 GMT
Content-Type: text/html


[DEBUG] CHUNKED_CONTENT
[DEBUG] generate: FLUSH for SendCallback@3e772566[PROCESSING][i=HTTP/1.1{s=200,h=2,cl=-1},cb=org.eclipse.jetty.server.HttpChannel$SendCallback@1138b5cb] ([p=0,l=148,c=8192,r=148],[p=0,l=32768,c=32768,r=32768],false)@COMMITTED
[DEBUG] write: WriteFlusher@2ef54d9f{IDLE}->null [HeapByteBuffer@22b9b50d[p=0,l=148,c=8192,r=148]={<<<HTTP/1.1 200 OK\r\nDate: Mo...43.v20210629)\r\n\r\n8000\r\n>>>ML, like ...\x86&h\xA0{\xC1\xC2},DirectByteBuffer@58caaa66[p=0,l=32768,c=32768,r=32768]={<<<<html><head><title>Large ...s ultrices enim. Curabi>>>}]
[DEBUG] update WriteFlusher@2ef54d9f{WRITING}->null:IDLE-->WRITING
[DEBUG] Queued change lazy=false Accept@3acf9210[java.nio.channels.SocketChannel[connected local=/127.0.0.1:38858 remote=/127.0.0.1:42946]] on ManagedSelector@129b4fe2{STARTED} id=0 keys=4 selected=0 updates=0
[DEBUG] Wakeup on submit ManagedSelector@129b4fe2{STARTED} id=0 keys=4 selected=0 updates=1
[DEBUG] Selector sun.nio.ch.EPollSelectorImpl@54609eb7 woken with none selected
[DEBUG] Selector sun.nio.ch.EPollSelectorImpl@54609eb7 woken up from select, 0/0/4 selected
[DEBUG] Selector sun.nio.ch.EPollSelectorImpl@54609eb7 processing 0 keys, 1 updates
[DEBUG] updateable 1
[DEBUG] update Accept@3acf9210[java.nio.channels.SocketChannel[connected local=/127.0.0.1:38858 remote=/127.0.0.1:42946]]
[DEBUG] queue Accept@3acf9210[java.nio.channels.SocketChannel[connected local=/127.0.0.1:38858 remote=/127.0.0.1:42946]] startThread=0
[DEBUG] updates 0
[DEBUG] Selector sun.nio.ch.EPollSelectorImpl@54609eb7 waiting with 5 keys
[DEBUG] run Accept@3acf9210[java.nio.channels.SocketChannel[connected local=/127.0.0.1:38858 remote=/127.0.0.1:42946]] in QueuedThreadPool[qtp487792155]@1d131e1b{STARTED,8<=8<=200,i=1,r=-1,q=0}[ReservedThreadExecutor@7ec3394b{s=1/1,p=0}]
[DEBUG] SocketChannelEndPoint@77ed8bb4{l=/127.0.0.1:38858,r=/127.0.0.1:42946,OPEN,fill=-,flush=-,to=0/30000}{io=0/0,kio=0,kro=0}-><null> idle timeout check, elapsed: 0 ms, remaining: 30000 ms
[DEBUG] new HttpChannelOverHttp@c28598b{s=HttpChannelState@5bb2823f{s=IDLE rs=BLOCKING os=OPEN is=IDLE awp=false se=false i=true al=0},r=0,c=false/false,a=IDLE,uri=null,age=0} -> SocketChannelEndPoint@77ed8bb4{l=/127.0.0.1:38858,r=/127.0.0.1:42946,OPEN,fill=-,flush=-,to=0/30000}{io=0/0,kio=0,kro=0}-><null>,null,HttpChannelState@5bb2823f{s=IDLE rs=BLOCKING os=OPEN is=IDLE awp=false se=false i=true al=0}
[DEBUG] New HTTP Connection HttpConnection@65fa8c24::SocketChannelEndPoint@77ed8bb4{l=/127.0.0.1:38858,r=/127.0.0.1:42946,OPEN,fill=-,flush=-,to=0/30000}{io=0/0,kio=0,kro=0}-><null>
[DEBUG] Queued change lazy=true org.eclipse.jetty.io.ManagedSelector$$Lambda$478/1161168292@7ed10b04 on ManagedSelector@129b4fe2{STARTED} id=0 keys=5 selected=0 updates=0
[DEBUG] onOpen SocketChannelEndPoint@77ed8bb4{l=/127.0.0.1:38858,r=/127.0.0.1:42946,OPEN,fill=-,flush=-,to=0/30000}{io=0/0,kio=0,kro=0}->HttpConnection@65fa8c24[p=HttpParser{s=START,0 of -1},g=HttpGenerator@307be154{s=START}]=>HttpChannelOverHttp@c28598b{s=HttpChannelState@5bb2823f{s=IDLE rs=BLOCKING os=OPEN is=IDLE awp=false se=false i=true al=0},r=0,c=false/false,a=IDLE,uri=null,age=0}
[DEBUG] onOpen HttpConnection@65fa8c24::SocketChannelEndPoint@77ed8bb4{l=/127.0.0.1:38858,r=/127.0.0.1:42946,OPEN,fill=-,flush=-,to=0/30000}{io=0/0,kio=0,kro=0}->HttpConnection@65fa8c24[p=HttpParser{s=START,0 of -1},g=HttpGenerator@307be154{s=START}]=>HttpChannelOverHttp@c28598b{s=HttpChannelState@5bb2823f{s=IDLE rs=BLOCKING os=OPEN is=IDLE awp=false se=false i=true al=0},r=0,c=false/false,a=IDLE,uri=null,age=0}
[DEBUG] fillInterested HttpConnection@65fa8c24::SocketChannelEndPoint@77ed8bb4{l=/127.0.0.1:38858,r=/127.0.0.1:42946,OPEN,fill=-,flush=-,to=0/30000}{io=0/0,kio=0,kro=0}->HttpConnection@65fa8c24[p=HttpParser{s=START,0 of -1},g=HttpGenerator@307be154{s=START}]=>HttpChannelOverHttp@c28598b{s=HttpChannelState@5bb2823f{s=IDLE rs=BLOCKING os=OPEN is=IDLE awp=false se=false i=true al=0},r=0,c=false/false,a=IDLE,uri=null,age=0}
[DEBUG] interested FillInterest@7f973e1e{AC.ReadCB@65fa8c24{HttpConnection@65fa8c24::SocketChannelEndPoint@77ed8bb4{l=/127.0.0.1:38858,r=/127.0.0.1:42946,OPEN,fill=FI,flush=-,to=0/30000}{io=0/0,kio=0,kro=0}->HttpConnection@65fa8c24[p=HttpParser{s=START,0 of -1},g=HttpGenerator@307be154{s=START}]=>HttpChannelOverHttp@c28598b{s=HttpChannelState@5bb2823f{s=IDLE rs=BLOCKING os=OPEN is=IDLE awp=false se=false i=true al=0},r=0,c=false/false,a=IDLE,uri=null,age=0}}}
[DEBUG] changeInterests p=false 0->1 for SocketChannelEndPoint@77ed8bb4{l=/127.0.0.1:38858,r=/127.0.0.1:42946,OPEN,fill=FI,flush=-,to=0/30000}{io=0/1,kio=0,kro=0}->HttpConnection@65fa8c24[p=HttpParser{s=START,0 of -1},g=HttpGenerator@307be154{s=START}]=>HttpChannelOverHttp@c28598b{s=HttpChannelState@5bb2823f{s=IDLE rs=BLOCKING os=OPEN is=IDLE awp=false se=false i=true al=0},r=0,c=false/false,a=IDLE,uri=null,age=0}
[DEBUG] Queued change lazy=false org.eclipse.jetty.io.ChannelEndPoint$$Lambda$475/1524159954@4e3d0664 on ManagedSelector@129b4fe2{STARTED} id=0 keys=5 selected=0 updates=1
[DEBUG] Wakeup on submit ManagedSelector@129b4fe2{STARTED} id=0 keys=5 selected=0 updates=2
[DEBUG] Created SocketChannelEndPoint@77ed8bb4{l=/127.0.0.1:38858,r=/127.0.0.1:42946,OPEN,fill=FI,flush=-,to=2/30000}{io=0/1,kio=0,kro=0}->HttpConnection@65fa8c24[p=HttpParser{s=START,0 of -1},g=HttpGenerator@307be154{s=START}]=>HttpChannelOverHttp@c28598b{s=HttpChannelState@5bb2823f{s=IDLE rs=BLOCKING os=OPEN is=IDLE awp=false se=false i=true al=0},r=0,c=false/false,a=IDLE,uri=null,age=0}
[DEBUG] ran Accept@3acf9210[java.nio.channels.SocketChannel[connected local=/127.0.0.1:38858 remote=/127.0.0.1:42946]] in QueuedThreadPool[qtp487792155]@1d131e1b{STARTED,8<=8<=200,i=1,r=-1,q=0}[ReservedThreadExecutor@7ec3394b{s=1/1,p=0}]
[DEBUG] Selector sun.nio.ch.EPollSelectorImpl@54609eb7 woken with none selected
[DEBUG] Selector sun.nio.ch.EPollSelectorImpl@54609eb7 woken up from select, 0/0/5 selected
[DEBUG] Selector sun.nio.ch.EPollSelectorImpl@54609eb7 processing 0 keys, 2 updates
[DEBUG] updateable 2
[DEBUG] update org.eclipse.jetty.io.ManagedSelector$$Lambda$478/1161168292@7ed10b04
[DEBUG] update org.eclipse.jetty.io.ChannelEndPoint$$Lambda$475/1524159954@4e3d0664
[DEBUG] Key interests updated 0 -> 1 on SocketChannelEndPoint@77ed8bb4{l=/127.0.0.1:38858,r=/127.0.0.1:42946,OPEN,fill=FI,flush=-,to=3/30000}{io=1/1,kio=1,kro=0}->HttpConnection@65fa8c24[p=HttpParser{s=START,0 of -1},g=HttpGenerator@307be154{s=START}]=>HttpChannelOverHttp@c28598b{s=HttpChannelState@5bb2823f{s=IDLE rs=BLOCKING os=OPEN is=IDLE awp=false se=false i=true al=0},r=0,c=false/false,a=IDLE,uri=null,age=0}
[DEBUG] updates 0
[DEBUG] Selector sun.nio.ch.EPollSelectorImpl@54609eb7 waiting with 5 keys
[DEBUG] Selector sun.nio.ch.EPollSelectorImpl@54609eb7 woken up from select, 1/1/5 selected
[DEBUG] Selector sun.nio.ch.EPollSelectorImpl@54609eb7 processing 1 keys, 0 updates
[DEBUG] selected 1 sun.nio.ch.SelectionKeyImpl@47978a93 SocketChannelEndPoint@77ed8bb4{l=/127.0.0.1:38858,r=/127.0.0.1:42946,OPEN,fill=FI,flush=-,to=3/30000}{io=1/1,kio=1,kro=1}->HttpConnection@65fa8c24[p=HttpParser{s=START,0 of -1},g=HttpGenerator@307be154{s=START}]=>HttpChannelOverHttp@c28598b{s=HttpChannelState@5bb2823f{s=IDLE rs=BLOCKING os=OPEN is=IDLE awp=false se=false i=true al=0},r=0,c=false/false,a=IDLE,uri=null,age=0} 
[DEBUG] onSelected 1->0 r=true w=false for SocketChannelEndPoint@77ed8bb4{l=/127.0.0.1:38858,r=/127.0.0.1:42946,OPEN,fill=FI,flush=-,to=3/30000}{io=1/0,kio=1,kro=1}->HttpConnection@65fa8c24[p=HttpParser{s=START,0 of -1},g=HttpGenerator@307be154{s=START}]=>HttpChannelOverHttp@c28598b{s=HttpChannelState@5bb2823f{s=IDLE rs=BLOCKING os=OPEN is=IDLE awp=false se=false i=true al=0},r=0,c=false/false,a=IDLE,uri=null,age=0}
[DEBUG] task CEP:SocketChannelEndPoint@77ed8bb4{l=/127.0.0.1:38858,r=/127.0.0.1:42946,OPEN,fill=FI,flush=-,to=3/30000}{io=1/0,kio=1,kro=1}->HttpConnection@65fa8c24[p=HttpParser{s=START,0 of -1},g=HttpGenerator@307be154{s=START}]=>HttpChannelOverHttp@c28598b{s=HttpChannelState@5bb2823f{s=IDLE rs=BLOCKING os=OPEN is=IDLE awp=false se=false i=true al=0},r=0,c=false/false,a=IDLE,uri=null,age=0}:runFillable:BLOCKING
[DEBUG] ReservedThreadExecutor@7ec3394b{s=1/1,p=0} tryExecute EatWhatYouKill@4febb875/SelectorProducer@cb191ca/PRODUCING/p=false/QueuedThreadPool[qtp487792155]@1d131e1b{STARTED,8<=8<=200,i=2,r=-1,q=0}[ReservedThreadExecutor@7ec3394b{s=1/1,p=0}][pc=0,pic=0,pec=1,epc=5]@2021-09-20T19:30:11.199Z
[DEBUG] ReservedThreadExecutor@7ec3394b{s=0/1,p=0}@46d05563 offer EatWhatYouKill@4febb875/SelectorProducer@cb191ca/PRODUCING/p=false/QueuedThreadPool[qtp487792155]@1d131e1b{STARTED,8<=8<=200,i=2,r=-1,q=0}[ReservedThreadExecutor@7ec3394b{s=0/1,p=0}][pc=0,pic=0,pec=1,epc=5]@2021-09-20T19:30:11.199Z
[DEBUG] ReservedThreadExecutor@7ec3394b{s=0/1,p=1} startReservedThread p=1
[DEBUG] queue ReservedThreadExecutor@7ec3394b{s=0/1,p=1}@5f546d8f startThread=0
[DEBUG] ReservedThreadExecutor@7ec3394b{s=0/1,p=0}@46d05563 task=EatWhatYouKill@4febb875/SelectorProducer@cb191ca/IDLE/p=true/QueuedThreadPool[qtp487792155]@1d131e1b{STARTED,8<=8<=200,i=1,r=-1,q=0}[ReservedThreadExecutor@7ec3394b{s=0/1,p=1}][pc=0,pic=0,pec=1,epc=5]@2021-09-20T19:30:11.199Z
[DEBUG] EatWhatYouKill@4febb875/SelectorProducer@cb191ca/IDLE/p=true/QueuedThreadPool[qtp487792155]@1d131e1b{STARTED,8<=8<=200,i=1,r=-1,q=0}[ReservedThreadExecutor@7ec3394b{s=0/1,p=1}][pc=0,pic=0,pec=1,epc=5]@2021-09-20T19:30:11.2Z tryProduce true
[DEBUG] updateable 0
[DEBUG] updates 0
[DEBUG] Key interests updated 1 -> 0 on SocketChannelEndPoint@77ed8bb4{l=/127.0.0.1:38858,r=/127.0.0.1:42946,OPEN,fill=FI,flush=-,to=4/30000}{io=0/0,kio=0,kro=1}->HttpConnection@65fa8c24[p=HttpParser{s=START,0 of -1},g=HttpGenerator@307be154{s=START}]=>HttpChannelOverHttp@c28598b{s=HttpChannelState@5bb2823f{s=IDLE rs=BLOCKING os=OPEN is=IDLE awp=false se=false i=true al=0},r=0,c=false/false,a=IDLE,uri=null,age=0}
[DEBUG] Selector sun.nio.ch.EPollSelectorImpl@54609eb7 waiting with 5 keys
[DEBUG] EatWhatYouKill@4febb875/SelectorProducer@cb191ca/PRODUCING/p=false/QueuedThreadPool[qtp487792155]@1d131e1b{STARTED,8<=8<=200,i=1,r=-1,q=0}[ReservedThreadExecutor@7ec3394b{s=0/1,p=1}][pc=0,pic=0,pec=1,epc=5]@2021-09-20T19:30:11.2Z m=EXECUTE_PRODUCE_CONSUME t=CEP:SocketChannelEndPoint@77ed8bb4{l=/127.0.0.1:38858,r=/127.0.0.1:42946,OPEN,fill=FI,flush=-,to=4/30000}{io=0/0,kio=0,kro=1}->HttpConnection@65fa8c24[p=HttpParser{s=START,0 of -1},g=HttpGenerator@307be154{s=START}]=>HttpChannelOverHttp@c28598b{s=HttpChannelState@5bb2823f{s=IDLE rs=BLOCKING os=OPEN is=IDLE awp=false se=false i=true al=0},r=0,c=false/false,a=IDLE,uri=null,age=0}:runFillable:BLOCKING/BLOCKING
[DEBUG] fillable FillInterest@7f973e1e{AC.ReadCB@65fa8c24{HttpConnection@65fa8c24::SocketChannelEndPoint@77ed8bb4{l=/127.0.0.1:38858,r=/127.0.0.1:42946,OPEN,fill=FI,flush=-,to=4/30000}{io=0/0,kio=0,kro=1}->HttpConnection@65fa8c24[p=HttpParser{s=START,0 of -1},g=HttpGenerator@307be154{s=START}]=>HttpChannelOverHttp@c28598b{s=HttpChannelState@5bb2823f{s=IDLE rs=BLOCKING os=OPEN is=IDLE awp=false se=false i=true al=0},r=0,c=false/false,a=IDLE,uri=null,age=0}}}
[DEBUG] HttpConnection@65fa8c24::SocketChannelEndPoint@77ed8bb4{l=/127.0.0.1:38858,r=/127.0.0.1:42946,OPEN,fill=-,flush=-,to=4/30000}{io=0/0,kio=0,kro=1}->HttpConnection@65fa8c24[p=HttpParser{s=START,0 of -1},g=HttpGenerator@307be154{s=START}]=>HttpChannelOverHttp@c28598b{s=HttpChannelState@5bb2823f{s=IDLE rs=BLOCKING os=OPEN is=IDLE awp=false se=false i=true al=0},r=0,c=false/false,a=IDLE,uri=null,age=0} onFillable enter HttpChannelState@5bb2823f{s=IDLE rs=BLOCKING os=OPEN is=IDLE awp=false se=false i=true al=0} null
[DEBUG] filled 311 HeapByteBuffer@78a30358[p=0,l=311,c=8192,r=311]={<<<GET /FileServlet/htmltest...nection: keep-alive\r\n\r\n>>>\x91s\xA2,\xE5c\xD8\xAe\xAe...\x00\x00\x00\x00\x00\x00\x00}
[DEBUG] HttpConnection@65fa8c24::SocketChannelEndPoint@77ed8bb4{l=/127.0.0.1:38858,r=/127.0.0.1:42946,OPEN,fill=-,flush=-,to=0/30000}{io=0/0,kio=0,kro=1}->HttpConnection@65fa8c24[p=HttpParser{s=START,0 of -1},g=HttpGenerator@307be154{s=START}]=>HttpChannelOverHttp@c28598b{s=HttpChannelState@5bb2823f{s=IDLE rs=BLOCKING os=OPEN is=IDLE awp=false se=false i=true al=0},r=0,c=false/false,a=IDLE,uri=null,age=0} filled 311 HeapByteBuffer@78a30358[p=0,l=311,c=8192,r=311]={<<<GET /FileServlet/htmltest...nection: keep-alive\r\n\r\n>>>\x91s\xA2,\xE5c\xD8\xAe\xAe...\x00\x00\x00\x00\x00\x00\x00}
[DEBUG] HttpConnection@65fa8c24::SocketChannelEndPoint@77ed8bb4{l=/127.0.0.1:38858,r=/127.0.0.1:42946,OPEN,fill=-,flush=-,to=0/30000}{io=0/0,kio=0,kro=1}->HttpConnection@65fa8c24[p=HttpParser{s=START,0 of -1},g=HttpGenerator@307be154{s=START}]=>HttpChannelOverHttp@c28598b{s=HttpChannelState@5bb2823f{s=IDLE rs=BLOCKING os=OPEN is=IDLE awp=false se=false i=true al=0},r=0,c=false/false,a=IDLE,uri=null,age=0} parse HeapByteBuffer@78a30358[p=0,l=311,c=8192,r=311]={<<<GET /FileServlet/htmltest...nection: keep-alive\r\n\r\n>>>\x91s\xA2,\xE5c\xD8\xAe\xAe...\x00\x00\x00\x00\x00\x00\x00} {}
[DEBUG] parseNext s=START HeapByteBuffer@78a30358[p=0,l=311,c=8192,r=311]={<<<GET /FileServlet/htmltest...nection: keep-alive\r\n\r\n>>>\x91s\xA2,\xE5c\xD8\xAe\xAe...\x00\x00\x00\x00\x00\x00\x00}
[DEBUG] START --> SPACE1
[DEBUG] SPACE1 --> URI
[DEBUG] URI --> SPACE2
[DEBUG] SPACE2 --> REQUEST_VERSION
[DEBUG] REQUEST_VERSION --> HEADER
[DEBUG] HEADER:Accept-Encoding: gzip --> IN_VALUE
[DEBUG] HEADER:Accept-Encoding: gzip --> FIELD
[DEBUG] HEADER:User-Agent --> VALUE
[DEBUG] HEADER:User-Agent --> IN_VALUE
[DEBUG] HEADER:User-Agent --> FIELD
[DEBUG] HEADER:Host --> VALUE
[DEBUG] HEADER:Host --> IN_VALUE
[DEBUG] HEADER:Host --> FIELD
[DEBUG] HEADER:Accept --> VALUE
[DEBUG] HEADER:Accept --> IN_VALUE
[DEBUG] HEADER:Accept --> FIELD
[DEBUG] HEADER:Connection: keep-alive --> IN_VALUE
[DEBUG] HEADER:Connection: keep-alive --> FIELD
[DEBUG] HEADER --> CONTENT
[DEBUG] REQUEST for //localhost:38858/FileServlet/htmltests/large.html on HttpChannelOverHttp@c28598b{s=HttpChannelState@5bb2823f{s=IDLE rs=BLOCKING os=OPEN is=IDLE awp=false se=false i=true al=0},r=1,c=false/false,a=IDLE,uri=//localhost:38858/FileServlet/htmltests/large.html,age=0}
GET //localhost:38858/FileServlet/htmltests/large.html HTTP/1.1
Accept-Encoding: gzip
User-Agent: Mozilla/5.0 (Windows NT 10.0; Win64; x64) AppleWebKit/537.36 (KHTML, like Gecko) Chrome/79.0.3945.130 Safari/537.36
Host: localhost:38858
Accept: text/html, image/gif, image/jpeg, *; q=.2, */*; q=.2
Connection: keep-alive


[DEBUG] HttpConnection@65fa8c24::SocketChannelEndPoint@77ed8bb4{l=/127.0.0.1:38858,r=/127.0.0.1:42946,OPEN,fill=-,flush=-,to=0/30000}{io=0/0,kio=0,kro=1}->HttpConnection@65fa8c24[p=HttpParser{s=CONTENT,0 of -1},g=HttpGenerator@307be154{s=START}]=>HttpChannelOverHttp@c28598b{s=HttpChannelState@5bb2823f{s=IDLE rs=BLOCKING os=OPEN is=IDLE awp=false se=false i=true al=0},r=1,c=false/false,a=IDLE,uri=//localhost:38858/FileServlet/htmltests/large.html,age=0} parsed true HttpParser{s=CONTENT,0 of -1}
[DEBUG] releaseRequestBuffer HttpConnection@65fa8c24::SocketChannelEndPoint@77ed8bb4{l=/127.0.0.1:38858,r=/127.0.0.1:42946,OPEN,fill=-,flush=-,to=0/30000}{io=0/0,kio=0,kro=1}->HttpConnection@65fa8c24[p=HttpParser{s=CONTENT,0 of -1},g=HttpGenerator@307be154{s=START}]=>HttpChannelOverHttp@c28598b{s=HttpChannelState@5bb2823f{s=IDLE rs=BLOCKING os=OPEN is=IDLE awp=false se=false i=true al=0},r=1,c=false/false,a=IDLE,uri=//localhost:38858/FileServlet/htmltests/large.html,age=0}
[DEBUG] handle //localhost:38858/FileServlet/htmltests/large.html HttpChannelOverHttp@c28598b{s=HttpChannelState@5bb2823f{s=IDLE rs=BLOCKING os=OPEN is=IDLE awp=false se=false i=true al=0},r=1,c=false/false,a=IDLE,uri=//localhost:38858/FileServlet/htmltests/large.html,age=0} 
[DEBUG] handling HttpChannelState@5bb2823f{s=IDLE rs=BLOCKING os=OPEN is=IDLE awp=false se=false i=true al=0}
[DEBUG] action DISPATCH HttpChannelOverHttp@c28598b{s=HttpChannelState@5bb2823f{s=HANDLING rs=BLOCKING os=OPEN is=IDLE awp=false se=false i=true al=0},r=1,c=false/false,a=HANDLING,uri=//localhost:38858/FileServlet/htmltests/large.html,age=0}
[DEBUG] REQUEST GET /FileServlet/htmltests/large.html on HttpChannelOverHttp@c28598b{s=HttpChannelState@5bb2823f{s=HANDLING rs=BLOCKING os=OPEN is=IDLE awp=false se=false i=true al=0},r=1,c=false/false,a=HANDLING,uri=//localhost:38858/FileServlet/htmltests/large.html,age=0}
[DEBUG] servlet null|/FileServlet|/htmltests/large.html -> org.jsoup.integration.servlets.FileServlet-3fffff43==org.jsoup.integration.servlets.FileServlet@bc0855c5{jsp=null,order=-1,inst=true,async=true,src=EMBEDDED:null,STARTED}
[DEBUG] chain=null
[DEBUG] write(array HeapByteBuffer@173a3cb0[p=0,l=8192,c=8192,r=8192]={<<<<html><head><title>Large ...augue. Vestibulum tinci>>>})
[DEBUG] write(array) s=OPEN,api=BLOCKING,sc=false,e=null aggregated !flush DirectByteBuffer@1c19d748[p=0,l=8192,c=32768,r=8192]={<<<<html><head><title>Large ...augue. Vestibulum tinci>>>\x00\x00\x00\x00\x00\x00\x00\x00\x00...\x00\x00\x00\x00\x00\x00\x00}
[DEBUG] write(array HeapByteBuffer@6721054a[p=0,l=8192,c=8192,r=8192]={<<<dunt malesuada tellus. Ut... nostra, per inceptos h>>>})
[DEBUG] write(array) s=OPEN,api=BLOCKING,sc=false,e=null aggregated !flush DirectByteBuffer@1c19d748[p=0,l=16384,c=32768,r=16384]={<<<<html><head><title>Large ... nostra, per inceptos h>>>\x00\x00\x00\x00\x00\x00\x00\x00\x00...\x00\x00\x00\x00\x00\x00\x00}
[DEBUG] write(array HeapByteBuffer@1b653434[p=0,l=8192,c=8192,r=8192]={<<<imenaeos. Nam nec ante. S...nas aliquet mollis lect>>>})
[DEBUG] write(array) s=OPEN,api=BLOCKING,sc=false,e=null aggregated !flush DirectByteBuffer@1c19d748[p=0,l=24576,c=32768,r=24576]={<<<<html><head><title>Large ...nas aliquet mollis lect>>>\x00\x00\x00\x00\x00\x00\x00\x00\x00...\x00\x00\x00\x00\x00\x00\x00}
[DEBUG] write(array HeapByteBuffer@5dfc4454[p=0,l=8192,c=8192,r=8192]={<<<us. Vivamus consectetuer ...s ultrices enim. Curabi>>>})
[DEBUG] write(array) s=OPEN,api=BLOCKED,sc=false,e=null last=false agg=true flush=true async=false, len=0 DirectByteBuffer@1c19d748[p=0,l=32768,c=32768,r=32768]={<<<<html><head><title>Large ...s ultrices enim. Curabi>>>}
[DEBUG] sendResponse info=null content=DirectByteBuffer@1c19d748[p=0,l=32768,c=32768,r=32768]={<<<<html><head><title>Large ...s ultrices enim. Curabi>>>} complete=false committing=true callback=Blocker@f8d6b34{null}
[DEBUG] COMMIT for /FileServlet/htmltests/large.html on HttpChannelOverHttp@c28598b{s=HttpChannelState@5bb2823f{s=HANDLING rs=BLOCKING os=COMMITTED is=IDLE awp=false se=false i=true al=0},r=1,c=false/false,a=HANDLING,uri=//localhost:38858/FileServlet/htmltests/large.html,age=1}
200 null HTTP/1.1
Date: Mon, 20 Sep 2021 19:30:11 GMT
Content-Type: text/html


[DEBUG] generate: NEED_HEADER for SendCallback@606934da[PROCESSING][i=HTTP/1.1{s=200,h=2,cl=-1},cb=org.eclipse.jetty.server.HttpChannel$SendCallback@521f7877] (null,[p=0,l=32768,c=32768,r=32768],false)@START
[DEBUG] generateHeaders HTTP/1.1{s=200,h=2,cl=-1} last=false content=DirectByteBuffer@1c19d748[p=0,l=32768,c=32768,r=32768]={<<<<html><head><title>Large ...s ultrices enim. Curabi>>>}
[DEBUG] Date: Mon, 20 Sep 2021 19:30:11 GMT
Content-Type: text/html


[DEBUG] CHUNKED_CONTENT
[DEBUG] generate: FLUSH for SendCallback@606934da[PROCESSING][i=HTTP/1.1{s=200,h=2,cl=-1},cb=org.eclipse.jetty.server.HttpChannel$SendCallback@521f7877] ([p=0,l=148,c=8192,r=148],[p=0,l=32768,c=32768,r=32768],false)@COMMITTED
[DEBUG] write: WriteFlusher@6dfe4884{IDLE}->null [HeapByteBuffer@78a30358[p=0,l=148,c=8192,r=148]={<<<HTTP/1.1 200 OK\r\nDate: Mo...43.v20210629)\r\n\r\n8000\r\n>>>ML, like ...\x00\x00\x00\x00\x00\x00\x00},DirectByteBuffer@1c19d748[p=0,l=32768,c=32768,r=32768]={<<<<html><head><title>Large ...s ultrices enim. Curabi>>>}]
[DEBUG] update WriteFlusher@6dfe4884{WRITING}->null:IDLE-->WRITING
[DEBUG] run ReservedThreadExecutor@7ec3394b{s=0/1,p=1}@5f546d8f in QueuedThreadPool[qtp487792155]@1d131e1b{STARTED,8<=8<=200,i=1,r=-1,q=0}[ReservedThreadExecutor@7ec3394b{s=0/1,p=1}]
[DEBUG] ReservedThreadExecutor@7ec3394b{s=1/1,p=1}@5f546d8f started
[DEBUG] ReservedThreadExecutor@7ec3394b{s=1/1,p=0}@5f546d8f waiting
[DEBUG] Queued change lazy=false Accept@1fc0a1ac[java.nio.channels.SocketChannel[connected local=/127.0.0.1:38858 remote=/127.0.0.1:42948]] on ManagedSelector@129b4fe2{STARTED} id=0 keys=5 selected=0 updates=0
[DEBUG] Wakeup on submit ManagedSelector@129b4fe2{STARTED} id=0 keys=5 selected=0 updates=1
[DEBUG] Selector sun.nio.ch.EPollSelectorImpl@54609eb7 woken with none selected
[DEBUG] Selector sun.nio.ch.EPollSelectorImpl@54609eb7 woken up from select, 0/0/5 selected
[DEBUG] Selector sun.nio.ch.EPollSelectorImpl@54609eb7 processing 0 keys, 1 updates
[DEBUG] updateable 1
[DEBUG] update Accept@1fc0a1ac[java.nio.channels.SocketChannel[connected local=/127.0.0.1:38858 remote=/127.0.0.1:42948]]
[DEBUG] queue Accept@1fc0a1ac[java.nio.channels.SocketChannel[connected local=/127.0.0.1:38858 remote=/127.0.0.1:42948]] startThread=0
[DEBUG] updates 0
[DEBUG] Selector sun.nio.ch.EPollSelectorImpl@54609eb7 waiting with 6 keys
[DEBUG] run Accept@1fc0a1ac[java.nio.channels.SocketChannel[connected local=/127.0.0.1:38858 remote=/127.0.0.1:42948]] in QueuedThreadPool[qtp487792155]@1d131e1b{STARTED,8<=8<=200,i=0,r=-1,q=0}[ReservedThreadExecutor@7ec3394b{s=1/1,p=0}]
[DEBUG] SocketChannelEndPoint@3842ad8c{l=/127.0.0.1:38858,r=/127.0.0.1:42948,OPEN,fill=-,flush=-,to=0/30000}{io=0/0,kio=0,kro=0}-><null> idle timeout check, elapsed: 0 ms, remaining: 30000 ms
[DEBUG] new HttpChannelOverHttp@57dc8a91{s=HttpChannelState@117d29ba{s=IDLE rs=BLOCKING os=OPEN is=IDLE awp=false se=false i=true al=0},r=0,c=false/false,a=IDLE,uri=null,age=0} -> SocketChannelEndPoint@3842ad8c{l=/127.0.0.1:38858,r=/127.0.0.1:42948,OPEN,fill=-,flush=-,to=0/30000}{io=0/0,kio=0,kro=0}-><null>,null,HttpChannelState@117d29ba{s=IDLE rs=BLOCKING os=OPEN is=IDLE awp=false se=false i=true al=0}
[DEBUG] New HTTP Connection HttpConnection@37d513d7::SocketChannelEndPoint@3842ad8c{l=/127.0.0.1:38858,r=/127.0.0.1:42948,OPEN,fill=-,flush=-,to=0/30000}{io=0/0,kio=0,kro=0}-><null>
[DEBUG] Queued change lazy=true org.eclipse.jetty.io.ManagedSelector$$Lambda$478/1161168292@1a56f66c on ManagedSelector@129b4fe2{STARTED} id=0 keys=6 selected=0 updates=0
[DEBUG] onOpen SocketChannelEndPoint@3842ad8c{l=/127.0.0.1:38858,r=/127.0.0.1:42948,OPEN,fill=-,flush=-,to=0/30000}{io=0/0,kio=0,kro=0}->HttpConnection@37d513d7[p=HttpParser{s=START,0 of -1},g=HttpGenerator@296d6fb5{s=START}]=>HttpChannelOverHttp@57dc8a91{s=HttpChannelState@117d29ba{s=IDLE rs=BLOCKING os=OPEN is=IDLE awp=false se=false i=true al=0},r=0,c=false/false,a=IDLE,uri=null,age=0}
[DEBUG] onOpen HttpConnection@37d513d7::SocketChannelEndPoint@3842ad8c{l=/127.0.0.1:38858,r=/127.0.0.1:42948,OPEN,fill=-,flush=-,to=0/30000}{io=0/0,kio=0,kro=0}->HttpConnection@37d513d7[p=HttpParser{s=START,0 of -1},g=HttpGenerator@296d6fb5{s=START}]=>HttpChannelOverHttp@57dc8a91{s=HttpChannelState@117d29ba{s=IDLE rs=BLOCKING os=OPEN is=IDLE awp=false se=false i=true al=0},r=0,c=false/false,a=IDLE,uri=null,age=0}
[DEBUG] fillInterested HttpConnection@37d513d7::SocketChannelEndPoint@3842ad8c{l=/127.0.0.1:38858,r=/127.0.0.1:42948,OPEN,fill=-,flush=-,to=0/30000}{io=0/0,kio=0,kro=0}->HttpConnection@37d513d7[p=HttpParser{s=START,0 of -1},g=HttpGenerator@296d6fb5{s=START}]=>HttpChannelOverHttp@57dc8a91{s=HttpChannelState@117d29ba{s=IDLE rs=BLOCKING os=OPEN is=IDLE awp=false se=false i=true al=0},r=0,c=false/false,a=IDLE,uri=null,age=0}
[DEBUG] interested FillInterest@5125a3db{AC.ReadCB@37d513d7{HttpConnection@37d513d7::SocketChannelEndPoint@3842ad8c{l=/127.0.0.1:38858,r=/127.0.0.1:42948,OPEN,fill=FI,flush=-,to=0/30000}{io=0/0,kio=0,kro=0}->HttpConnection@37d513d7[p=HttpParser{s=START,0 of -1},g=HttpGenerator@296d6fb5{s=START}]=>HttpChannelOverHttp@57dc8a91{s=HttpChannelState@117d29ba{s=IDLE rs=BLOCKING os=OPEN is=IDLE awp=false se=false i=true al=0},r=0,c=false/false,a=IDLE,uri=null,age=0}}}
[DEBUG] changeInterests p=false 0->1 for SocketChannelEndPoint@3842ad8c{l=/127.0.0.1:38858,r=/127.0.0.1:42948,OPEN,fill=FI,flush=-,to=0/30000}{io=0/1,kio=0,kro=0}->HttpConnection@37d513d7[p=HttpParser{s=START,0 of -1},g=HttpGenerator@296d6fb5{s=START}]=>HttpChannelOverHttp@57dc8a91{s=HttpChannelState@117d29ba{s=IDLE rs=BLOCKING os=OPEN is=IDLE awp=false se=false i=true al=0},r=0,c=false/false,a=IDLE,uri=null,age=0}
[DEBUG] Queued change lazy=false org.eclipse.jetty.io.ChannelEndPoint$$Lambda$475/1524159954@4ef14983 on ManagedSelector@129b4fe2{STARTED} id=0 keys=6 selected=0 updates=1
[DEBUG] Wakeup on submit ManagedSelector@129b4fe2{STARTED} id=0 keys=6 selected=0 updates=2
[DEBUG] Selector sun.nio.ch.EPollSelectorImpl@54609eb7 woken with none selected
[DEBUG] Selector sun.nio.ch.EPollSelectorImpl@54609eb7 woken up from select, 0/0/6 selected
[DEBUG] Selector sun.nio.ch.EPollSelectorImpl@54609eb7 processing 0 keys, 2 updates
[DEBUG] updateable 2
[DEBUG] update org.eclipse.jetty.io.ManagedSelector$$Lambda$478/1161168292@1a56f66c
[DEBUG] update org.eclipse.jetty.io.ChannelEndPoint$$Lambda$475/1524159954@4ef14983
[DEBUG] Key interests updated 0 -> 1 on SocketChannelEndPoint@3842ad8c{l=/127.0.0.1:38858,r=/127.0.0.1:42948,OPEN,fill=FI,flush=-,to=0/30000}{io=1/1,kio=1,kro=0}->HttpConnection@37d513d7[p=HttpParser{s=START,0 of -1},g=HttpGenerator@296d6fb5{s=START}]=>HttpChannelOverHttp@57dc8a91{s=HttpChannelState@117d29ba{s=IDLE rs=BLOCKING os=OPEN is=IDLE awp=false se=false i=true al=0},r=0,c=false/false,a=IDLE,uri=null,age=0}
[DEBUG] updates 0
[DEBUG] Selector sun.nio.ch.EPollSelectorImpl@54609eb7 waiting with 6 keys
[DEBUG] Selector sun.nio.ch.EPollSelectorImpl@54609eb7 woken up from select, 1/1/6 selected
[DEBUG] Selector sun.nio.ch.EPollSelectorImpl@54609eb7 processing 1 keys, 0 updates
[DEBUG] selected 1 sun.nio.ch.SelectionKeyImpl@4af787ba SocketChannelEndPoint@3842ad8c{l=/127.0.0.1:38858,r=/127.0.0.1:42948,OPEN,fill=FI,flush=-,to=0/30000}{io=1/1,kio=1,kro=1}->HttpConnection@37d513d7[p=HttpParser{s=START,0 of -1},g=HttpGenerator@296d6fb5{s=START}]=>HttpChannelOverHttp@57dc8a91{s=HttpChannelState@117d29ba{s=IDLE rs=BLOCKING os=OPEN is=IDLE awp=false se=false i=true al=0},r=0,c=false/false,a=IDLE,uri=null,age=0} 
[DEBUG] onSelected 1->0 r=true w=false for SocketChannelEndPoint@3842ad8c{l=/127.0.0.1:38858,r=/127.0.0.1:42948,OPEN,fill=FI,flush=-,to=0/30000}{io=1/0,kio=1,kro=1}->HttpConnection@37d513d7[p=HttpParser{s=START,0 of -1},g=HttpGenerator@296d6fb5{s=START}]=>HttpChannelOverHttp@57dc8a91{s=HttpChannelState@117d29ba{s=IDLE rs=BLOCKING os=OPEN is=IDLE awp=false se=false i=true al=0},r=0,c=false/false,a=IDLE,uri=null,age=0}
[DEBUG] task CEP:SocketChannelEndPoint@3842ad8c{l=/127.0.0.1:38858,r=/127.0.0.1:42948,OPEN,fill=FI,flush=-,to=0/30000}{io=1/0,kio=1,kro=1}->HttpConnection@37d513d7[p=HttpParser{s=START,0 of -1},g=HttpGenerator@296d6fb5{s=START}]=>HttpChannelOverHttp@57dc8a91{s=HttpChannelState@117d29ba{s=IDLE rs=BLOCKING os=OPEN is=IDLE awp=false se=false i=true al=0},r=0,c=false/false,a=IDLE,uri=null,age=0}:runFillable:BLOCKING
[DEBUG] ReservedThreadExecutor@7ec3394b{s=1/1,p=0} tryExecute EatWhatYouKill@4febb875/SelectorProducer@cb191ca/PRODUCING/p=false/QueuedThreadPool[qtp487792155]@1d131e1b{STARTED,8<=8<=200,i=0,r=-1,q=0}[ReservedThreadExecutor@7ec3394b{s=1/1,p=0}][pc=0,pic=0,pec=1,epc=6]@2021-09-20T19:30:11.205Z
[DEBUG] ReservedThreadExecutor@7ec3394b{s=0/1,p=0}@5f546d8f offer EatWhatYouKill@4febb875/SelectorProducer@cb191ca/PRODUCING/p=false/QueuedThreadPool[qtp487792155]@1d131e1b{STARTED,8<=8<=200,i=0,r=-1,q=0}[ReservedThreadExecutor@7ec3394b{s=0/1,p=0}][pc=0,pic=0,pec=1,epc=6]@2021-09-20T19:30:11.206Z
[DEBUG] ReservedThreadExecutor@7ec3394b{s=0/1,p=1} startReservedThread p=1
[DEBUG] queue ReservedThreadExecutor@7ec3394b{s=0/1,p=1}@7d83b848 startThread=1
[DEBUG] Starting Thread[qtp487792155-23,5,main]
[DEBUG] Created SocketChannelEndPoint@3842ad8c{l=/127.0.0.1:38858,r=/127.0.0.1:42948,OPEN,fill=FI,flush=-,to=1/30000}{io=1/0,kio=1,kro=1}->HttpConnection@37d513d7[p=HttpParser{s=START,0 of -1},g=HttpGenerator@296d6fb5{s=START}]=>HttpChannelOverHttp@57dc8a91{s=HttpChannelState@117d29ba{s=IDLE rs=BLOCKING os=OPEN is=IDLE awp=false se=false i=true al=0},r=0,c=false/false,a=IDLE,uri=null,age=0}
[DEBUG] ran Accept@1fc0a1ac[java.nio.channels.SocketChannel[connected local=/127.0.0.1:38858 remote=/127.0.0.1:42948]] in QueuedThreadPool[qtp487792155]@1d131e1b{STARTED,8<=9<=200,i=0,r=-1,q=0}[ReservedThreadExecutor@7ec3394b{s=0/1,p=1}]
[DEBUG] run ReservedThreadExecutor@7ec3394b{s=0/1,p=1}@7d83b848 in QueuedThreadPool[qtp487792155]@1d131e1b{STARTED,8<=9<=200,i=1,r=-1,q=0}[ReservedThreadExecutor@7ec3394b{s=0/1,p=1}]
[DEBUG] ReservedThreadExecutor@7ec3394b{s=1/1,p=1}@7d83b848 started
[DEBUG] ReservedThreadExecutor@7ec3394b{s=1/1,p=0}@7d83b848 waiting
[DEBUG] Flushed=true written=32776 remaining=0 WriteFlusher@21254e7e{WRITING}->null
[DEBUG] update WriteFlusher@21254e7e{IDLE}->null:WRITING-->IDLE
[DEBUG] generate: DONE for SendCallback@5f75d958[PROCESSING][i=null,cb=org.eclipse.jetty.server.HttpChannel$SendCallback@5eee1842] (null,[p=32768,l=32768,c=32768,r=0],false)@COMMITTED
[DEBUG] onWriteComplete(false,null) s=OPEN,api=BLOCKED,sc=false,e=null->s=OPEN,api=BLOCKING,sc=false,e=null c=null cb=null w=false
[DEBUG] write(array HeapByteBuffer@750a87fc[p=0,l=8192,c=8192,r=8192]={<<<tincidunt mattis, tortor ...si. Nulla quis sem at n>>>})
[DEBUG] write(array) s=OPEN,api=BLOCKING,sc=false,e=null aggregated !flush DirectByteBuffer@1667663f[p=0,l=8192,c=32768,r=8192]={<<<tincidunt mattis, tortor ...si. Nulla quis sem at n>>>tie dui. ...na non }
[DEBUG] write(array HeapByteBuffer@f0564c5[p=0,l=8192,c=8192,r=8192]={<<<ibh elementum imperdiet. ...orbi in dui quis est pu>>>})
[DEBUG] write(array) s=OPEN,api=BLOCKING,sc=false,e=null aggregated !flush DirectByteBuffer@1667663f[p=0,l=16384,c=32768,r=16384]={<<<tincidunt mattis, tortor ...orbi in dui quis est pu>>>ntesque n...na non }
[DEBUG] write(array HeapByteBuffer@73f7ad57[p=0,l=8192,c=8192,r=8192]={<<<lvinar ullamcorper. Nulla...tetur adipiscing elit</>>>})
[DEBUG] write(array) s=OPEN,api=BLOCKING,sc=false,e=null aggregated !flush DirectByteBuffer@1667663f[p=0,l=24576,c=32768,r=24576]={<<<tincidunt mattis, tortor ...tetur adipiscing elit</>>>lectus el...na non }
[DEBUG] write(array HeapByteBuffer@5df59763[p=0,l=8192,c=8192,r=8192]={<<<i>. Mauris ipsum. <b>Pell...aliquet eget, justo. </>>>})
[DEBUG] write(array) s=OPEN,api=BLOCKED,sc=false,e=null last=false agg=true flush=true async=false, len=0 DirectByteBuffer@1667663f[p=0,l=32768,c=32768,r=32768]={<<<tincidunt mattis, tortor ...aliquet eget, justo. </>>>}
[DEBUG] sendResponse info=null content=DirectByteBuffer@1667663f[p=0,l=32768,c=32768,r=32768]={<<<tincidunt mattis, tortor ...aliquet eget, justo. </>>>} complete=false committing=false callback=Blocker@594fb565{null}
[DEBUG] generate: NEED_CHUNK for SendCallback@5f75d958[PROCESSING][i=null,cb=org.eclipse.jetty.server.HttpChannel$SendCallback@7c61de46] (null,[p=0,l=32768,c=32768,r=32768],false)@COMMITTED
[DEBUG] generate: FLUSH for SendCallback@5f75d958[PROCESSING][i=null,cb=org.eclipse.jetty.server.HttpChannel$SendCallback@7c61de46] (null,[p=0,l=32768,c=32768,r=32768],false)@COMMITTED
[DEBUG] write: WriteFlusher@21254e7e{IDLE}->null [HeapByteBuffer@e6dab5c[p=0,l=8,c=1024,r=8]={<<<\r\n8000\r\n>>>\x00\x00\x00\x00\x00\x00\x00\x00\x00...\x00\x00\x00\x00\x00\x00\x00},DirectByteBuffer@1667663f[p=0,l=32768,c=32768,r=32768]={<<<tincidunt mattis, tortor ...aliquet eget, justo. </>>>}]
[DEBUG] update WriteFlusher@21254e7e{WRITING}->null:IDLE-->WRITING
[DEBUG] flushed 32776 SocketChannelEndPoint@d47ed43{l=/127.0.0.1:38858,r=/127.0.0.1:42940,OPEN,fill=-,flush=W,to=0/30000}{io=0/0,kio=0,kro=1}->HttpConnection@42bd18a0[p=HttpParser{s=CONTENT,0 of -1},g=HttpGenerator@73351804{s=COMMITTED}]=>HttpChannelOverHttp@380129b{s=HttpChannelState@7bf8633{s=HANDLING rs=BLOCKING os=COMMITTED is=IDLE awp=false se=false i=true al=0},r=9,c=false/false,a=HANDLING,uri=//localhost:38858/FileServlet/htmltests/large.html,age=70}
[DEBUG] Flushed=true written=32776 remaining=0 WriteFlusher@21254e7e{WRITING}->null
[DEBUG] update WriteFlusher@21254e7e{IDLE}->null:WRITING-->IDLE
[DEBUG] generate: DONE for SendCallback@5f75d958[PROCESSING][i=null,cb=org.eclipse.jetty.server.HttpChannel$SendCallback@7c61de46] (null,[p=32768,l=32768,c=32768,r=0],false)@COMMITTED
[DEBUG] onWriteComplete(false,null) s=OPEN,api=BLOCKED,sc=false,e=null->s=OPEN,api=BLOCKING,sc=false,e=null c=null cb=null w=false
[DEBUG] write(array HeapByteBuffer@58e6be43[p=0,l=8192,c=8192,r=8192]={<<<p>\n\n<p>Sed pretium blandi...ulum sapien. Proin quam>>>})
[DEBUG] write(array) s=OPEN,api=BLOCKING,sc=false,e=null aggregated !flush DirectByteBuffer@1667663f[p=0,l=8192,c=32768,r=8192]={<<<p>\n\n<p>Sed pretium blandi...ulum sapien. Proin quam>>>ibh eleme...sto. </}
[DEBUG] write(array HeapByteBuffer@16352d1d[p=0,l=8192,c=8192,r=8192]={<<<. Etiam ultrices. Suspend...er conubia nostra, per >>>})
[DEBUG] write(array) s=OPEN,api=BLOCKING,sc=false,e=null aggregated !flush DirectByteBuffer@1667663f[p=0,l=16384,c=32768,r=16384]={<<<p>\n\n<p>Sed pretium blandi...er conubia nostra, per >>>lvinar ul...sto. </}
[DEBUG] write(array HeapByteBuffer@670afe37[p=0,l=8192,c=8192,r=8192]={<<<inceptos himenaeos. </p>\n...>. Integer id quam. Mor>>>})
[DEBUG] write(array) s=OPEN,api=BLOCKING,sc=false,e=null aggregated !flush DirectByteBuffer@1667663f[p=0,l=24576,c=32768,r=24576]={<<<p>\n\n<p>Sed pretium blandi...>. Integer id quam. Mor>>>i>. Mauri...sto. </}
[DEBUG] write(array HeapByteBuffer@15eb9f7e[p=0,l=8192,c=8192,r=8192]={<<<bi mi. Quisque nisl felis...imperdiet. </p>\n\n<p>Ves>>>})
[DEBUG] write(array) s=OPEN,api=BLOCKED,sc=false,e=null last=false agg=true flush=true async=false, len=0 DirectByteBuffer@1667663f[p=0,l=32768,c=32768,r=32768]={<<<p>\n\n<p>Sed pretium blandi...imperdiet. </p>\n\n<p>Ves>>>}
[DEBUG] sendResponse info=null content=DirectByteBuffer@1667663f[p=0,l=32768,c=32768,r=32768]={<<<p>\n\n<p>Sed pretium blandi...imperdiet. </p>\n\n<p>Ves>>>} complete=false committing=false callback=Blocker@594fb565{null}
[DEBUG] generate: NEED_CHUNK for SendCallback@5f75d958[PROCESSING][i=null,cb=org.eclipse.jetty.server.HttpChannel$SendCallback@78123f26] (null,[p=0,l=32768,c=32768,r=32768],false)@COMMITTED
[DEBUG] generate: FLUSH for SendCallback@5f75d958[PROCESSING][i=null,cb=org.eclipse.jetty.server.HttpChannel$SendCallback@78123f26] (null,[p=0,l=32768,c=32768,r=32768],false)@COMMITTED
[DEBUG] write: WriteFlusher@21254e7e{IDLE}->null [HeapByteBuffer@690742bb[p=0,l=8,c=1024,r=8]={<<<\r\n8000\r\n>>>\x00\x00\x00\x00\x00\x00\x00\x00\x00...\x00\x00\x00\x00\x00\x00\x00},DirectByteBuffer@1667663f[p=0,l=32768,c=32768,r=32768]={<<<p>\n\n<p>Sed pretium blandi...imperdiet. </p>\n\n<p>Ves>>>}]
[DEBUG] update WriteFlusher@21254e7e{WRITING}->null:IDLE-->WRITING
[DEBUG] flushed 32776 SocketChannelEndPoint@d47ed43{l=/127.0.0.1:38858,r=/127.0.0.1:42940,OPEN,fill=-,flush=W,to=0/30000}{io=0/0,kio=0,kro=1}->HttpConnection@42bd18a0[p=HttpParser{s=CONTENT,0 of -1},g=HttpGenerator@73351804{s=COMMITTED}]=>HttpChannelOverHttp@380129b{s=HttpChannelState@7bf8633{s=HANDLING rs=BLOCKING os=COMMITTED is=IDLE awp=false se=false i=true al=0},r=9,c=false/false,a=HANDLING,uri=//localhost:38858/FileServlet/htmltests/large.html,age=71}
[DEBUG] Flushed=true written=32776 remaining=0 WriteFlusher@21254e7e{WRITING}->null
[DEBUG] update WriteFlusher@21254e7e{IDLE}->null:WRITING-->IDLE
[DEBUG] generate: DONE for SendCallback@5f75d958[PROCESSING][i=null,cb=org.eclipse.jetty.server.HttpChannel$SendCallback@78123f26] (null,[p=32768,l=32768,c=32768,r=0],false)@COMMITTED
[DEBUG] onWriteComplete(false,null) s=OPEN,api=BLOCKED,sc=false,e=null->s=OPEN,api=BLOCKING,sc=false,e=null c=null cb=null w=false
[DEBUG] write(array HeapByteBuffer@4770a8fc[p=0,l=8192,c=8192,r=8192]={<<<tibulum sapien. <b>Morbi ...torquent per conubia no>>>})
[DEBUG] write(array) s=OPEN,api=BLOCKING,sc=false,e=null aggregated !flush DirectByteBuffer@1667663f[p=0,l=8192,c=32768,r=8192]={<<<tibulum sapien. <b>Morbi ...torquent per conubia no>>>. Etiam u...\n<p>Ves}
[DEBUG] write(array HeapByteBuffer@773b1d63[p=0,l=8192,c=8192,r=8192]={<<<stra, per inceptos himena...a</i>. Vestibulum nisi >>>})
[DEBUG] write(array) s=OPEN,api=BLOCKING,sc=false,e=null aggregated !flush DirectByteBuffer@1667663f[p=0,l=16384,c=32768,r=16384]={<<<tibulum sapien. <b>Morbi ...a</i>. Vestibulum nisi >>>inceptos ...\n<p>Ves}
[DEBUG] write(array HeapByteBuffer@3ee27c95[p=0,l=8192,c=8192,r=8192]={<<<lectus, commodo ac, facil.../b>. Sed lectus. Intege>>>})
[DEBUG] write(array) s=OPEN,api=BLOCKING,sc=false,e=null aggregated !flush DirectByteBuffer@1667663f[p=0,l=24576,c=32768,r=24576]={<<<tibulum sapien. <b>Morbi .../b>. Sed lectus. Intege>>>bi mi. Qu...\n<p>Ves}
[DEBUG] write(array HeapByteBuffer@57e09f60[p=0,l=8192,c=8192,r=8192]={<<<r euismod lacus luctus ma...ur sodales ligula in li>>>})
[DEBUG] write(array) s=OPEN,api=BLOCKED,sc=false,e=null last=false agg=true flush=true async=false, len=0 DirectByteBuffer@1667663f[p=0,l=32768,c=32768,r=32768]={<<<tibulum sapien. <b>Morbi ...ur sodales ligula in li>>>}
[DEBUG] sendResponse info=null content=DirectByteBuffer@1667663f[p=0,l=32768,c=32768,r=32768]={<<<tibulum sapien. <b>Morbi ...ur sodales ligula in li>>>} complete=false committing=false callback=Blocker@594fb565{null}
[DEBUG] generate: NEED_CHUNK for SendCallback@5f75d958[PROCESSING][i=null,cb=org.eclipse.jetty.server.HttpChannel$SendCallback@1515fa28] (null,[p=0,l=32768,c=32768,r=32768],false)@COMMITTED
[DEBUG] generate: FLUSH for SendCallback@5f75d958[PROCESSING][i=null,cb=org.eclipse.jetty.server.HttpChannel$SendCallback@1515fa28] (null,[p=0,l=32768,c=32768,r=32768],false)@COMMITTED
[DEBUG] write: WriteFlusher@21254e7e{IDLE}->null [HeapByteBuffer@e6dab5c[p=0,l=8,c=1024,r=8]={<<<\r\n8000\r\n>>>\x00\x00\x00\x00\x00\x00\x00\x00\x00...\x00\x00\x00\x00\x00\x00\x00},DirectByteBuffer@1667663f[p=0,l=32768,c=32768,r=32768]={<<<tibulum sapien. <b>Morbi ...ur sodales ligula in li>>>}]
[DEBUG] update WriteFlusher@21254e7e{WRITING}->null:IDLE-->WRITING
[DEBUG] EatWhatYouKill@4febb875/SelectorProducer@cb191ca/IDLE/p=true/QueuedThreadPool[qtp487792155]@1d131e1b{STARTED,8<=9<=200,i=1,r=-1,q=0}[ReservedThreadExecutor@7ec3394b{s=1/1,p=0}][pc=0,pic=0,pec=1,epc=6]@2021-09-20T19:30:11.221Z m=EXECUTE_PRODUCE_CONSUME t=CEP:SocketChannelEndPoint@3842ad8c{l=/127.0.0.1:38858,r=/127.0.0.1:42948,OPEN,fill=FI,flush=-,to=16/30000}{io=1/0,kio=1,kro=1}->HttpConnection@37d513d7[p=HttpParser{s=START,0 of -1},g=HttpGenerator@296d6fb5{s=START}]=>HttpChannelOverHttp@57dc8a91{s=HttpChannelState@117d29ba{s=IDLE rs=BLOCKING os=OPEN is=IDLE awp=false se=false i=true al=0},r=0,c=false/false,a=IDLE,uri=null,age=0}:runFillable:BLOCKING/BLOCKING
[DEBUG] fillable FillInterest@5125a3db{AC.ReadCB@37d513d7{HttpConnection@37d513d7::SocketChannelEndPoint@3842ad8c{l=/127.0.0.1:38858,r=/127.0.0.1:42948,OPEN,fill=FI,flush=-,to=16/30000}{io=1/0,kio=1,kro=1}->HttpConnection@37d513d7[p=HttpParser{s=START,0 of -1},g=HttpGenerator@296d6fb5{s=START}]=>HttpChannelOverHttp@57dc8a91{s=HttpChannelState@117d29ba{s=IDLE rs=BLOCKING os=OPEN is=IDLE awp=false se=false i=true al=0},r=0,c=false/false,a=IDLE,uri=null,age=0}}}
[DEBUG] HttpConnection@37d513d7::SocketChannelEndPoint@3842ad8c{l=/127.0.0.1:38858,r=/127.0.0.1:42948,OPEN,fill=-,flush=-,to=16/30000}{io=1/0,kio=1,kro=1}->HttpConnection@37d513d7[p=HttpParser{s=START,0 of -1},g=HttpGenerator@296d6fb5{s=START}]=>HttpChannelOverHttp@57dc8a91{s=HttpChannelState@117d29ba{s=IDLE rs=BLOCKING os=OPEN is=IDLE awp=false se=false i=true al=0},r=0,c=false/false,a=IDLE,uri=null,age=0} onFillable enter HttpChannelState@117d29ba{s=IDLE rs=BLOCKING os=OPEN is=IDLE awp=false se=false i=true al=0} null
[DEBUG] filled 311 HeapByteBuffer@41e05b38[p=0,l=311,c=8192,r=311]={<<<GET /FileServlet/htmltest...nection: keep-alive\r\n\r\n>>>\x00\x00\x00\x00\x00\x00\x00\x00\x00...\x00\x00\x00\x00\x00\x00\x00}
[DEBUG] HttpConnection@37d513d7::SocketChannelEndPoint@3842ad8c{l=/127.0.0.1:38858,r=/127.0.0.1:42948,OPEN,fill=-,flush=-,to=0/30000}{io=1/0,kio=1,kro=1}->HttpConnection@37d513d7[p=HttpParser{s=START,0 of -1},g=HttpGenerator@296d6fb5{s=START}]=>HttpChannelOverHttp@57dc8a91{s=HttpChannelState@117d29ba{s=IDLE rs=BLOCKING os=OPEN is=IDLE awp=false se=false i=true al=0},r=0,c=false/false,a=IDLE,uri=null,age=0} filled 311 HeapByteBuffer@41e05b38[p=0,l=311,c=8192,r=311]={<<<GET /FileServlet/htmltest...nection: keep-alive\r\n\r\n>>>\x00\x00\x00\x00\x00\x00\x00\x00\x00...\x00\x00\x00\x00\x00\x00\x00}
[DEBUG] HttpConnection@37d513d7::SocketChannelEndPoint@3842ad8c{l=/127.0.0.1:38858,r=/127.0.0.1:42948,OPEN,fill=-,flush=-,to=0/30000}{io=1/0,kio=1,kro=1}->HttpConnection@37d513d7[p=HttpParser{s=START,0 of -1},g=HttpGenerator@296d6fb5{s=START}]=>HttpChannelOverHttp@57dc8a91{s=HttpChannelState@117d29ba{s=IDLE rs=BLOCKING os=OPEN is=IDLE awp=false se=false i=true al=0},r=0,c=false/false,a=IDLE,uri=null,age=0} parse HeapByteBuffer@41e05b38[p=0,l=311,c=8192,r=311]={<<<GET /FileServlet/htmltest...nection: keep-alive\r\n\r\n>>>\x00\x00\x00\x00\x00\x00\x00\x00\x00...\x00\x00\x00\x00\x00\x00\x00} {}
[DEBUG] parseNext s=START HeapByteBuffer@41e05b38[p=0,l=311,c=8192,r=311]={<<<GET /FileServlet/htmltest...nection: keep-alive\r\n\r\n>>>\x00\x00\x00\x00\x00\x00\x00\x00\x00...\x00\x00\x00\x00\x00\x00\x00}
[DEBUG] START --> SPACE1
[DEBUG] SPACE1 --> URI
[DEBUG] URI --> SPACE2
[DEBUG] SPACE2 --> REQUEST_VERSION
[DEBUG] REQUEST_VERSION --> HEADER
[DEBUG] HEADER:Accept-Encoding: gzip --> IN_VALUE
[DEBUG] HEADER:Accept-Encoding: gzip --> FIELD
[DEBUG] HEADER:User-Agent --> VALUE
[DEBUG] HEADER:User-Agent --> IN_VALUE
[DEBUG] HEADER:User-Agent --> FIELD
[DEBUG] HEADER:Host --> VALUE
[DEBUG] HEADER:Host --> IN_VALUE
[DEBUG] HEADER:Host --> FIELD
[DEBUG] HEADER:Accept --> VALUE
[DEBUG] HEADER:Accept --> IN_VALUE
[DEBUG] HEADER:Accept --> FIELD
[DEBUG] HEADER:Connection: keep-alive --> IN_VALUE
[DEBUG] HEADER:Connection: keep-alive --> FIELD
[DEBUG] HEADER --> CONTENT
[DEBUG] REQUEST for //localhost:38858/FileServlet/htmltests/large.html on HttpChannelOverHttp@57dc8a91{s=HttpChannelState@117d29ba{s=IDLE rs=BLOCKING os=OPEN is=IDLE awp=false se=false i=true al=0},r=1,c=false/false,a=IDLE,uri=//localhost:38858/FileServlet/htmltests/large.html,age=0}
GET //localhost:38858/FileServlet/htmltests/large.html HTTP/1.1
Accept-Encoding: gzip
User-Agent: Mozilla/5.0 (Windows NT 10.0; Win64; x64) AppleWebKit/537.36 (KHTML, like Gecko) Chrome/79.0.3945.130 Safari/537.36
Host: localhost:38858
Accept: text/html, image/gif, image/jpeg, *; q=.2, */*; q=.2
Connection: keep-alive


[DEBUG] HttpConnection@37d513d7::SocketChannelEndPoint@3842ad8c{l=/127.0.0.1:38858,r=/127.0.0.1:42948,OPEN,fill=-,flush=-,to=0/30000}{io=1/0,kio=1,kro=1}->HttpConnection@37d513d7[p=HttpParser{s=CONTENT,0 of -1},g=HttpGenerator@296d6fb5{s=START}]=>HttpChannelOverHttp@57dc8a91{s=HttpChannelState@117d29ba{s=IDLE rs=BLOCKING os=OPEN is=IDLE awp=false se=false i=true al=0},r=1,c=false/false,a=IDLE,uri=//localhost:38858/FileServlet/htmltests/large.html,age=0} parsed true HttpParser{s=CONTENT,0 of -1}
[DEBUG] releaseRequestBuffer HttpConnection@37d513d7::SocketChannelEndPoint@3842ad8c{l=/127.0.0.1:38858,r=/127.0.0.1:42948,OPEN,fill=-,flush=-,to=1/30000}{io=1/0,kio=1,kro=1}->HttpConnection@37d513d7[p=HttpParser{s=CONTENT,0 of -1},g=HttpGenerator@296d6fb5{s=START}]=>HttpChannelOverHttp@57dc8a91{s=HttpChannelState@117d29ba{s=IDLE rs=BLOCKING os=OPEN is=IDLE awp=false se=false i=true al=0},r=1,c=false/false,a=IDLE,uri=//localhost:38858/FileServlet/htmltests/large.html,age=1}
[DEBUG] handle //localhost:38858/FileServlet/htmltests/large.html HttpChannelOverHttp@57dc8a91{s=HttpChannelState@117d29ba{s=IDLE rs=BLOCKING os=OPEN is=IDLE awp=false se=false i=true al=0},r=1,c=false/false,a=IDLE,uri=//localhost:38858/FileServlet/htmltests/large.html,age=1} 
[DEBUG] handling HttpChannelState@117d29ba{s=IDLE rs=BLOCKING os=OPEN is=IDLE awp=false se=false i=true al=0}
[DEBUG] action DISPATCH HttpChannelOverHttp@57dc8a91{s=HttpChannelState@117d29ba{s=HANDLING rs=BLOCKING os=OPEN is=IDLE awp=false se=false i=true al=0},r=1,c=false/false,a=HANDLING,uri=//localhost:38858/FileServlet/htmltests/large.html,age=1}
[DEBUG] REQUEST GET /FileServlet/htmltests/large.html on HttpChannelOverHttp@57dc8a91{s=HttpChannelState@117d29ba{s=HANDLING rs=BLOCKING os=OPEN is=IDLE awp=false se=false i=true al=0},r=1,c=false/false,a=HANDLING,uri=//localhost:38858/FileServlet/htmltests/large.html,age=1}
[DEBUG] servlet null|/FileServlet|/htmltests/large.html -> org.jsoup.integration.servlets.FileServlet-3fffff43==org.jsoup.integration.servlets.FileServlet@bc0855c5{jsp=null,order=-1,inst=true,async=true,src=EMBEDDED:null,STARTED}
[DEBUG] chain=null
[DEBUG] write(array HeapByteBuffer@375ccee9[p=0,l=8192,c=8192,r=8192]={<<<<html><head><title>Large ...augue. Vestibulum tinci>>>})
[DEBUG] write(array) s=OPEN,api=BLOCKING,sc=false,e=null aggregated !flush DirectByteBuffer@577d71b2[p=0,l=8192,c=32768,r=8192]={<<<<html><head><title>Large ...augue. Vestibulum tinci>>>\x00\x00\x00\x00\x00\x00\x00\x00\x00...\x00\x00\x00\x00\x00\x00\x00}
[DEBUG] write(array HeapByteBuffer@2931ccf5[p=0,l=8192,c=8192,r=8192]={<<<dunt malesuada tellus. Ut... nostra, per inceptos h>>>})
[DEBUG] write(array) s=OPEN,api=BLOCKING,sc=false,e=null aggregated !flush DirectByteBuffer@577d71b2[p=0,l=16384,c=32768,r=16384]={<<<<html><head><title>Large ... nostra, per inceptos h>>>\x00\x00\x00\x00\x00\x00\x00\x00\x00...\x00\x00\x00\x00\x00\x00\x00}
[DEBUG] write(array HeapByteBuffer@6a4b7b70[p=0,l=8192,c=8192,r=8192]={<<<imenaeos. Nam nec ante. S...nas aliquet mollis lect>>>})
[DEBUG] write(array) s=OPEN,api=BLOCKING,sc=false,e=null aggregated !flush DirectByteBuffer@577d71b2[p=0,l=24576,c=32768,r=24576]={<<<<html><head><title>Large ...nas aliquet mollis lect>>>\x00\x00\x00\x00\x00\x00\x00\x00\x00...\x00\x00\x00\x00\x00\x00\x00}
[DEBUG] write(array HeapByteBuffer@3bb1cb56[p=0,l=8192,c=8192,r=8192]={<<<us. Vivamus consectetuer ...s ultrices enim. Curabi>>>})
[DEBUG] write(array) s=OPEN,api=BLOCKED,sc=false,e=null last=false agg=true flush=true async=false, len=0 DirectByteBuffer@577d71b2[p=0,l=32768,c=32768,r=32768]={<<<<html><head><title>Large ...s ultrices enim. Curabi>>>}
[DEBUG] sendResponse info=null content=DirectByteBuffer@577d71b2[p=0,l=32768,c=32768,r=32768]={<<<<html><head><title>Large ...s ultrices enim. Curabi>>>} complete=false committing=true callback=Blocker@7fddd73{null}
[DEBUG] COMMIT for /FileServlet/htmltests/large.html on HttpChannelOverHttp@57dc8a91{s=HttpChannelState@117d29ba{s=HANDLING rs=BLOCKING os=COMMITTED is=IDLE awp=false se=false i=true al=0},r=1,c=false/false,a=HANDLING,uri=//localhost:38858/FileServlet/htmltests/large.html,age=4}
200 null HTTP/1.1
Date: Mon, 20 Sep 2021 19:30:11 GMT
Content-Type: text/html


[DEBUG] generate: NEED_HEADER for SendCallback@208cff1d[PROCESSING][i=HTTP/1.1{s=200,h=2,cl=-1},cb=org.eclipse.jetty.server.HttpChannel$SendCallback@11ad8087] (null,[p=0,l=32768,c=32768,r=32768],false)@START
[DEBUG] generateHeaders HTTP/1.1{s=200,h=2,cl=-1} last=false content=DirectByteBuffer@577d71b2[p=0,l=32768,c=32768,r=32768]={<<<<html><head><title>Large ...s ultrices enim. Curabi>>>}
[DEBUG] Date: Mon, 20 Sep 2021 19:30:11 GMT
Content-Type: text/html


[DEBUG] CHUNKED_CONTENT
[DEBUG] generate: FLUSH for SendCallback@208cff1d[PROCESSING][i=HTTP/1.1{s=200,h=2,cl=-1},cb=org.eclipse.jetty.server.HttpChannel$SendCallback@11ad8087] ([p=0,l=148,c=8192,r=148],[p=0,l=32768,c=32768,r=32768],false)@COMMITTED
[DEBUG] write: WriteFlusher@24f3129f{IDLE}->null [HeapByteBuffer@41e05b38[p=0,l=148,c=8192,r=148]={<<<HTTP/1.1 200 OK\r\nDate: Mo...43.v20210629)\r\n\r\n8000\r\n>>>ML, like ...\x00\x00\x00\x00\x00\x00\x00},DirectByteBuffer@577d71b2[p=0,l=32768,c=32768,r=32768]={<<<<html><head><title>Large ...s ultrices enim. Curabi>>>}]
[DEBUG] update WriteFlusher@24f3129f{WRITING}->null:IDLE-->WRITING
[DEBUG] flushed 32916 SocketChannelEndPoint@3842ad8c{l=/127.0.0.1:38858,r=/127.0.0.1:42948,OPEN,fill=-,flush=W,to=8/30000}{io=1/0,kio=1,kro=1}->HttpConnection@37d513d7[p=HttpParser{s=CONTENT,0 of -1},g=HttpGenerator@296d6fb5{s=COMMITTED}]=>HttpChannelOverHttp@57dc8a91{s=HttpChannelState@117d29ba{s=HANDLING rs=BLOCKING os=COMMITTED is=IDLE awp=false se=false i=true al=0},r=1,c=false/false,a=HANDLING,uri=//localhost:38858/FileServlet/htmltests/large.html,age=9}
[DEBUG] Flushed=true written=32916 remaining=0 WriteFlusher@24f3129f{WRITING}->null
[DEBUG] update WriteFlusher@24f3129f{IDLE}->null:WRITING-->IDLE
[DEBUG] generate: DONE for SendCallback@208cff1d[PROCESSING][i=HTTP/1.1{s=200,h=2,cl=-1},cb=org.eclipse.jetty.server.HttpChannel$SendCallback@11ad8087] ([p=148,l=148,c=8192,r=0],[p=32768,l=32768,c=32768,r=0],false)@COMMITTED
[DEBUG] onWriteComplete(false,null) s=OPEN,api=BLOCKED,sc=false,e=null->s=OPEN,api=BLOCKING,sc=false,e=null c=null cb=null w=false
[DEBUG] write(array HeapByteBuffer@4d8c5537[p=0,l=8192,c=8192,r=8192]={<<<tur sit amet mauris. Morb...s ligula lacinia alique>>>})
[DEBUG] write(array) s=OPEN,api=BLOCKING,sc=false,e=null aggregated !flush DirectByteBuffer@577d71b2[p=0,l=8192,c=32768,r=8192]={<<<tur sit amet mauris. Morb...s ligula lacinia alique>>>dunt male... Curabi}
[DEBUG] write(array HeapByteBuffer@a3f2f8c[p=0,l=8192,c=8192,r=8192]={<<<t. Mauris ipsum. Nulla me...sectetuer risus et tort>>>})
[DEBUG] write(array) s=OPEN,api=BLOCKING,sc=false,e=null aggregated !flush DirectByteBuffer@577d71b2[p=0,l=16384,c=32768,r=16384]={<<<tur sit amet mauris. Morb...sectetuer risus et tort>>>imenaeos.... Curabi}
[DEBUG] write(array HeapByteBuffer@77eb3ff4[p=0,l=8192,c=8192,r=8192]={<<<or. Lorem ipsum dolor sit... Donec lacus nunc, vive>>>})
[DEBUG] write(array) s=OPEN,api=BLOCKING,sc=false,e=null aggregated !flush DirectByteBuffer@577d71b2[p=0,l=24576,c=32768,r=24576]={<<<tur sit amet mauris. Morb... Donec lacus nunc, vive>>>us. Vivam... Curabi}
[DEBUG] write(array HeapByteBuffer@4bb0bc7c[p=0,l=8192,c=8192,r=8192]={<<<rra nec, blandit vel, ege... In scelerisque sem at >>>})
[DEBUG] write(array) s=OPEN,api=BLOCKED,sc=false,e=null last=false agg=true flush=true async=false, len=0 DirectByteBuffer@577d71b2[p=0,l=32768,c=32768,r=32768]={<<<tur sit amet mauris. Morb... In scelerisque sem at >>>}
[DEBUG] sendResponse info=null content=DirectByteBuffer@577d71b2[p=0,l=32768,c=32768,r=32768]={<<<tur sit amet mauris. Morb... In scelerisque sem at >>>} complete=false committing=false callback=Blocker@7fddd73{null}
[DEBUG] generate: NEED_CHUNK for SendCallback@208cff1d[PROCESSING][i=null,cb=org.eclipse.jetty.server.HttpChannel$SendCallback@643a7dd0] (null,[p=0,l=32768,c=32768,r=32768],false)@COMMITTED
[DEBUG] generate: FLUSH for SendCallback@208cff1d[PROCESSING][i=null,cb=org.eclipse.jetty.server.HttpChannel$SendCallback@643a7dd0] (null,[p=0,l=32768,c=32768,r=32768],false)@COMMITTED
[DEBUG] write: WriteFlusher@24f3129f{IDLE}->null [HeapByteBuffer@690742bb[p=0,l=8,c=1024,r=8]={<<<\r\n8000\r\n>>>\x00\x00\x00\x00\x00\x00\x00\x00\x00...\x00\x00\x00\x00\x00\x00\x00},DirectByteBuffer@577d71b2[p=0,l=32768,c=32768,r=32768]={<<<tur sit amet mauris. Morb... In scelerisque sem at >>>}]
[DEBUG] update WriteFlusher@24f3129f{WRITING}->null:IDLE-->WRITING
[DEBUG] flushed 32776 SocketChannelEndPoint@3842ad8c{l=/127.0.0.1:38858,r=/127.0.0.1:42948,OPEN,fill=-,flush=W,to=0/30000}{io=1/0,kio=1,kro=1}->HttpConnection@37d513d7[p=HttpParser{s=CONTENT,0 of -1},g=HttpGenerator@296d6fb5{s=COMMITTED}]=>HttpChannelOverHttp@57dc8a91{s=HttpChannelState@117d29ba{s=HANDLING rs=BLOCKING os=COMMITTED is=IDLE awp=false se=false i=true al=0},r=1,c=false/false,a=HANDLING,uri=//localhost:38858/FileServlet/htmltests/large.html,age=9}
[DEBUG] Flushed=true written=32776 remaining=0 WriteFlusher@24f3129f{WRITING}->null
[DEBUG] update WriteFlusher@24f3129f{IDLE}->null:WRITING-->IDLE
[DEBUG] generate: DONE for SendCallback@208cff1d[PROCESSING][i=null,cb=org.eclipse.jetty.server.HttpChannel$SendCallback@643a7dd0] (null,[p=32768,l=32768,c=32768,r=0],false)@COMMITTED
[DEBUG] onWriteComplete(false,null) s=OPEN,api=BLOCKED,sc=false,e=null->s=OPEN,api=BLOCKING,sc=false,e=null c=null cb=null w=false
[DEBUG] write(array HeapByteBuffer@178a6d94[p=0,l=8192,c=8192,r=8192]={<<<dolor. Maecenas mattis. S...itor, cursus quis, aliq>>>})
[DEBUG] write(array) s=OPEN,api=BLOCKING,sc=false,e=null aggregated !flush DirectByteBuffer@577d71b2[p=0,l=8192,c=32768,r=8192]={<<<dolor. Maecenas mattis. S...itor, cursus quis, aliq>>>t. Mauris...sem at }
[DEBUG] write(array HeapByteBuffer@39b0e40e[p=0,l=8192,c=8192,r=8192]={<<<uet eget, justo. Sed pret...m. Etiam ultrices. Susp>>>})
[DEBUG] write(array) s=OPEN,api=BLOCKING,sc=false,e=null aggregated !flush DirectByteBuffer@577d71b2[p=0,l=16384,c=32768,r=16384]={<<<dolor. Maecenas mattis. S...m. Etiam ultrices. Susp>>>or. Lorem...sem at }
[DEBUG] write(array HeapByteBuffer@772dec18[p=0,l=8192,c=8192,r=8192]={<<<endisse in justo eu magna...cinia nunc. </p>\n\n<p>Cu>>>})
[DEBUG] write(array) s=OPEN,api=BLOCKING,sc=false,e=null aggregated !flush DirectByteBuffer@577d71b2[p=0,l=24576,c=32768,r=24576]={<<<dolor. Maecenas mattis. S...cinia nunc. </p>\n\n<p>Cu>>>rra nec, ...sem at }
[DEBUG] write(array HeapByteBuffer@40cedbd0[p=0,l=8192,c=8192,r=8192]={<<<rabitur tortor. <i>Vestib... ac, ultricies eu, pede>>>})
[DEBUG] write(array) s=OPEN,api=BLOCKED,sc=false,e=null last=false agg=true flush=true async=false, len=0 DirectByteBuffer@577d71b2[p=0,l=32768,c=32768,r=32768]={<<<dolor. Maecenas mattis. S... ac, ultricies eu, pede>>>}
[DEBUG] sendResponse info=null content=DirectByteBuffer@577d71b2[p=0,l=32768,c=32768,r=32768]={<<<dolor. Maecenas mattis. S... ac, ultricies eu, pede>>>} complete=false committing=false callback=Blocker@7fddd73{null}
[DEBUG] generate: NEED_CHUNK for SendCallback@208cff1d[PROCESSING][i=null,cb=org.eclipse.jetty.server.HttpChannel$SendCallback@46ce890] (null,[p=0,l=32768,c=32768,r=32768],false)@COMMITTED
[DEBUG] generate: FLUSH for SendCallback@208cff1d[PROCESSING][i=null,cb=org.eclipse.jetty.server.HttpChannel$SendCallback@46ce890] (null,[p=0,l=32768,c=32768,r=32768],false)@COMMITTED
[DEBUG] write: WriteFlusher@24f3129f{IDLE}->null [HeapByteBuffer@690742bb[p=0,l=8,c=1024,r=8]={<<<\r\n8000\r\n>>>\x00\x00\x00\x00\x00\x00\x00\x00\x00...\x00\x00\x00\x00\x00\x00\x00},DirectByteBuffer@577d71b2[p=0,l=32768,c=32768,r=32768]={<<<dolor. Maecenas mattis. S... ac, ultricies eu, pede>>>}]
[DEBUG] update WriteFlusher@24f3129f{WRITING}->null:IDLE-->WRITING
[DEBUG] flushed 32776 SocketChannelEndPoint@3842ad8c{l=/127.0.0.1:38858,r=/127.0.0.1:42948,OPEN,fill=-,flush=W,to=0/30000}{io=1/0,kio=1,kro=1}->HttpConnection@37d513d7[p=HttpParser{s=CONTENT,0 of -1},g=HttpGenerator@296d6fb5{s=COMMITTED}]=>HttpChannelOverHttp@57dc8a91{s=HttpChannelState@117d29ba{s=HANDLING rs=BLOCKING os=COMMITTED is=IDLE awp=false se=false i=true al=0},r=1,c=false/false,a=HANDLING,uri=//localhost:38858/FileServlet/htmltests/large.html,age=10}
[DEBUG] Flushed=true written=32776 remaining=0 WriteFlusher@24f3129f{WRITING}->null
[DEBUG] update WriteFlusher@24f3129f{IDLE}->null:WRITING-->IDLE
[DEBUG] generate: DONE for SendCallback@208cff1d[PROCESSING][i=null,cb=org.eclipse.jetty.server.HttpChannel$SendCallback@46ce890] (null,[p=32768,l=32768,c=32768,r=0],false)@COMMITTED
[DEBUG] onWriteComplete(false,null) s=OPEN,api=BLOCKED,sc=false,e=null->s=OPEN,api=BLOCKING,sc=false,e=null c=null cb=null w=false
[DEBUG] write(array HeapByteBuffer@3a42fc87[p=0,l=8192,c=8192,r=8192]={<<<. <i>Praesent blandit dol...ae; Morbi lacinia moles>>>})
[DEBUG] write(array) s=OPEN,api=BLOCKING,sc=false,e=null aggregated !flush DirectByteBuffer@577d71b2[p=0,l=8192,c=32768,r=8192]={<<<. <i>Praesent blandit dol...ae; Morbi lacinia moles>>>uet eget,...u, pede}
[DEBUG] write(array HeapByteBuffer@22979afb[p=0,l=8192,c=8192,r=8192]={<<<tie dui. <b>Ut fringilla<...cinia aliquet. <b>Pelle>>>})
[DEBUG] write(array) s=OPEN,api=BLOCKING,sc=false,e=null aggregated !flush DirectByteBuffer@577d71b2[p=0,l=16384,c=32768,r=16384]={<<<. <i>Praesent blandit dol...cinia aliquet. <b>Pelle>>>endisse i...u, pede}
[DEBUG] write(array HeapByteBuffer@1431c522[p=0,l=8192,c=8192,r=8192]={<<<ntesque nibh</b>. Mauris ...scipit sodales. Aenean >>>})
[DEBUG] write(array) s=OPEN,api=BLOCKING,sc=false,e=null aggregated !flush DirectByteBuffer@577d71b2[p=0,l=24576,c=32768,r=24576]={<<<. <i>Praesent blandit dol...scipit sodales. Aenean >>>rabitur t...u, pede}
[DEBUG] write(array HeapByteBuffer@77fa875c[p=0,l=8192,c=8192,r=8192]={<<<lectus elit, fermentum no... Sed lacinia, urna non >>>})
[DEBUG] write(array) s=OPEN,api=BLOCKED,sc=false,e=null last=false agg=true flush=true async=false, len=0 DirectByteBuffer@577d71b2[p=0,l=32768,c=32768,r=32768]={<<<. <i>Praesent blandit dol... Sed lacinia, urna non >>>}
[DEBUG] sendResponse info=null content=DirectByteBuffer@577d71b2[p=0,l=32768,c=32768,r=32768]={<<<. <i>Praesent blandit dol... Sed lacinia, urna non >>>} complete=false committing=false callback=Blocker@7fddd73{null}
[DEBUG] generate: NEED_CHUNK for SendCallback@208cff1d[PROCESSING][i=null,cb=org.eclipse.jetty.server.HttpChannel$SendCallback@5a71fbe0] (null,[p=0,l=32768,c=32768,r=32768],false)@COMMITTED
[DEBUG] generate: FLUSH for SendCallback@208cff1d[PROCESSING][i=null,cb=org.eclipse.jetty.server.HttpChannel$SendCallback@5a71fbe0] (null,[p=0,l=32768,c=32768,r=32768],false)@COMMITTED
[DEBUG] write: WriteFlusher@24f3129f{IDLE}->null [HeapByteBuffer@690742bb[p=0,l=8,c=1024,r=8]={<<<\r\n8000\r\n>>>\x00\x00\x00\x00\x00\x00\x00\x00\x00...\x00\x00\x00\x00\x00\x00\x00},DirectByteBuffer@577d71b2[p=0,l=32768,c=32768,r=32768]={<<<. <i>Praesent blandit dol... Sed lacinia, urna non >>>}]
[DEBUG] update WriteFlusher@24f3129f{WRITING}->null:IDLE-->WRITING
[DEBUG] flushed 32776 SocketChannelEndPoint@3842ad8c{l=/127.0.0.1:38858,r=/127.0.0.1:42948,OPEN,fill=-,flush=W,to=0/30000}{io=1/0,kio=1,kro=1}->HttpConnection@37d513d7[p=HttpParser{s=CONTENT,0 of -1},g=HttpGenerator@296d6fb5{s=COMMITTED}]=>HttpChannelOverHttp@57dc8a91{s=HttpChannelState@117d29ba{s=HANDLING rs=BLOCKING os=COMMITTED is=IDLE awp=false se=false i=true al=0},r=1,c=false/false,a=HANDLING,uri=//localhost:38858/FileServlet/htmltests/large.html,age=11}
[DEBUG] Flushed=true written=32776 remaining=0 WriteFlusher@24f3129f{WRITING}->null
[DEBUG] update WriteFlusher@24f3129f{IDLE}->null:WRITING-->IDLE
[DEBUG] generate: DONE for SendCallback@208cff1d[PROCESSING][i=null,cb=org.eclipse.jetty.server.HttpChannel$SendCallback@5a71fbe0] (null,[p=32768,l=32768,c=32768,r=0],false)@COMMITTED
[DEBUG] onWriteComplete(false,null) s=OPEN,api=BLOCKED,sc=false,e=null->s=OPEN,api=BLOCKING,sc=false,e=null c=null cb=null w=false
[DEBUG] write(array HeapByteBuffer@442fe217[p=0,l=8192,c=8192,r=8192]={<<<tincidunt mattis, tortor ...si. Nulla quis sem at n>>>})
[DEBUG] write(array) s=OPEN,api=BLOCKING,sc=false,e=null aggregated !flush DirectByteBuffer@577d71b2[p=0,l=8192,c=32768,r=8192]={<<<tincidunt mattis, tortor ...si. Nulla quis sem at n>>>tie dui. ...na non }
[DEBUG] write(array HeapByteBuffer@5ead3765[p=0,l=8192,c=8192,r=8192]={<<<ibh elementum imperdiet. ...orbi in dui quis est pu>>>})
[DEBUG] write(array) s=OPEN,api=BLOCKING,sc=false,e=null aggregated !flush DirectByteBuffer@577d71b2[p=0,l=16384,c=32768,r=16384]={<<<tincidunt mattis, tortor ...orbi in dui quis est pu>>>ntesque n...na non }
[DEBUG] write(array HeapByteBuffer@7d4e9b8b[p=0,l=8192,c=8192,r=8192]={<<<lvinar ullamcorper. Nulla...tetur adipiscing elit</>>>})
[DEBUG] write(array) s=OPEN,api=BLOCKING,sc=false,e=null aggregated !flush DirectByteBuffer@577d71b2[p=0,l=24576,c=32768,r=24576]={<<<tincidunt mattis, tortor ...tetur adipiscing elit</>>>lectus el...na non }
[DEBUG] write(array HeapByteBuffer@28b5c139[p=0,l=8192,c=8192,r=8192]={<<<i>. Mauris ipsum. <b>Pell...aliquet eget, justo. </>>>})
[DEBUG] write(array) s=OPEN,api=BLOCKED,sc=false,e=null last=false agg=true flush=true async=false, len=0 DirectByteBuffer@577d71b2[p=0,l=32768,c=32768,r=32768]={<<<tincidunt mattis, tortor ...aliquet eget, justo. </>>>}
[DEBUG] sendResponse info=null content=DirectByteBuffer@577d71b2[p=0,l=32768,c=32768,r=32768]={<<<tincidunt mattis, tortor ...aliquet eget, justo. </>>>} complete=false committing=false callback=Blocker@7fddd73{null}
[DEBUG] generate: NEED_CHUNK for SendCallback@208cff1d[PROCESSING][i=null,cb=org.eclipse.jetty.server.HttpChannel$SendCallback@1331a162] (null,[p=0,l=32768,c=32768,r=32768],false)@COMMITTED
[DEBUG] generate: FLUSH for SendCallback@208cff1d[PROCESSING][i=null,cb=org.eclipse.jetty.server.HttpChannel$SendCallback@1331a162] (null,[p=0,l=32768,c=32768,r=32768],false)@COMMITTED
[DEBUG] write: WriteFlusher@24f3129f{IDLE}->null [HeapByteBuffer@690742bb[p=0,l=8,c=1024,r=8]={<<<\r\n8000\r\n>>>\x00\x00\x00\x00\x00\x00\x00\x00\x00...\x00\x00\x00\x00\x00\x00\x00},DirectByteBuffer@577d71b2[p=0,l=32768,c=32768,r=32768]={<<<tincidunt mattis, tortor ...aliquet eget, justo. </>>>}]
[DEBUG] update WriteFlusher@24f3129f{WRITING}->null:IDLE-->WRITING
[DEBUG] flushed 32776 SocketChannelEndPoint@3842ad8c{l=/127.0.0.1:38858,r=/127.0.0.1:42948,OPEN,fill=-,flush=W,to=0/30000}{io=1/0,kio=1,kro=1}->HttpConnection@37d513d7[p=HttpParser{s=CONTENT,0 of -1},g=HttpGenerator@296d6fb5{s=COMMITTED}]=>HttpChannelOverHttp@57dc8a91{s=HttpChannelState@117d29ba{s=HANDLING rs=BLOCKING os=COMMITTED is=IDLE awp=false se=false i=true al=0},r=1,c=false/false,a=HANDLING,uri=//localhost:38858/FileServlet/htmltests/large.html,age=12}
[DEBUG] Flushed=true written=32776 remaining=0 WriteFlusher@24f3129f{WRITING}->null
[DEBUG] update WriteFlusher@24f3129f{IDLE}->null:WRITING-->IDLE
[DEBUG] generate: DONE for SendCallback@208cff1d[PROCESSING][i=null,cb=org.eclipse.jetty.server.HttpChannel$SendCallback@1331a162] (null,[p=32768,l=32768,c=32768,r=0],false)@COMMITTED
[DEBUG] onWriteComplete(false,null) s=OPEN,api=BLOCKED,sc=false,e=null->s=OPEN,api=BLOCKING,sc=false,e=null c=null cb=null w=false
[DEBUG] write(array HeapByteBuffer@2410ba7e[p=0,l=8192,c=8192,r=8192]={<<<p>\n\n<p>Sed pretium blandi...ulum sapien. Proin quam>>>})
[DEBUG] write(array) s=OPEN,api=BLOCKING,sc=false,e=null aggregated !flush DirectByteBuffer@577d71b2[p=0,l=8192,c=32768,r=8192]={<<<p>\n\n<p>Sed pretium blandi...ulum sapien. Proin quam>>>ibh eleme...sto. </}
[DEBUG] write(array HeapByteBuffer@2d8bffb4[p=0,l=8192,c=8192,r=8192]={<<<. Etiam ultrices. Suspend...er conubia nostra, per >>>})
[DEBUG] write(array) s=OPEN,api=BLOCKING,sc=false,e=null aggregated !flush DirectByteBuffer@577d71b2[p=0,l=16384,c=32768,r=16384]={<<<p>\n\n<p>Sed pretium blandi...er conubia nostra, per >>>lvinar ul...sto. </}
[DEBUG] write(array HeapByteBuffer@2bb15f35[p=0,l=8192,c=8192,r=8192]={<<<inceptos himenaeos. </p>\n...>. Integer id quam. Mor>>>})
[DEBUG] write(array) s=OPEN,api=BLOCKING,sc=false,e=null aggregated !flush DirectByteBuffer@577d71b2[p=0,l=24576,c=32768,r=24576]={<<<p>\n\n<p>Sed pretium blandi...>. Integer id quam. Mor>>>i>. Mauri...sto. </}
[DEBUG] write(array HeapByteBuffer@3595d190[p=0,l=8192,c=8192,r=8192]={<<<bi mi. Quisque nisl felis...imperdiet. </p>\n\n<p>Ves>>>})
[DEBUG] write(array) s=OPEN,api=BLOCKED,sc=false,e=null last=false agg=true flush=true async=false, len=0 DirectByteBuffer@577d71b2[p=0,l=32768,c=32768,r=32768]={<<<p>\n\n<p>Sed pretium blandi...imperdiet. </p>\n\n<p>Ves>>>}
[DEBUG] sendResponse info=null content=DirectByteBuffer@577d71b2[p=0,l=32768,c=32768,r=32768]={<<<p>\n\n<p>Sed pretium blandi...imperdiet. </p>\n\n<p>Ves>>>} complete=false committing=false callback=Blocker@7fddd73{null}
[DEBUG] generate: NEED_CHUNK for SendCallback@208cff1d[PROCESSING][i=null,cb=org.eclipse.jetty.server.HttpChannel$SendCallback@14775e16] (null,[p=0,l=32768,c=32768,r=32768],false)@COMMITTED
[DEBUG] generate: FLUSH for SendCallback@208cff1d[PROCESSING][i=null,cb=org.eclipse.jetty.server.HttpChannel$SendCallback@14775e16] (null,[p=0,l=32768,c=32768,r=32768],false)@COMMITTED
[DEBUG] write: WriteFlusher@24f3129f{IDLE}->null [HeapByteBuffer@690742bb[p=0,l=8,c=1024,r=8]={<<<\r\n8000\r\n>>>\x00\x00\x00\x00\x00\x00\x00\x00\x00...\x00\x00\x00\x00\x00\x00\x00},DirectByteBuffer@577d71b2[p=0,l=32768,c=32768,r=32768]={<<<p>\n\n<p>Sed pretium blandi...imperdiet. </p>\n\n<p>Ves>>>}]
[DEBUG] update WriteFlusher@24f3129f{WRITING}->null:IDLE-->WRITING
[DEBUG] flushed 32776 SocketChannelEndPoint@3842ad8c{l=/127.0.0.1:38858,r=/127.0.0.1:42948,OPEN,fill=-,flush=W,to=0/30000}{io=1/0,kio=1,kro=1}->HttpConnection@37d513d7[p=HttpParser{s=CONTENT,0 of -1},g=HttpGenerator@296d6fb5{s=COMMITTED}]=>HttpChannelOverHttp@57dc8a91{s=HttpChannelState@117d29ba{s=HANDLING rs=BLOCKING os=COMMITTED is=IDLE awp=false se=false i=true al=0},r=1,c=false/false,a=HANDLING,uri=//localhost:38858/FileServlet/htmltests/large.html,age=12}
[DEBUG] Runner started for QueuedThreadPool[qtp487792155]@1d131e1b{STARTED,8<=9<=200,i=1,r=-1,q=0}[ReservedThreadExecutor@7ec3394b{s=1/1,p=0}]
[DEBUG] ReservedThreadExecutor@7ec3394b{s=1/1,p=0}@5f546d8f task=EatWhatYouKill@4febb875/SelectorProducer@cb191ca/IDLE/p=true/QueuedThreadPool[qtp487792155]@1d131e1b{STARTED,8<=9<=200,i=1,r=-1,q=0}[ReservedThreadExecutor@7ec3394b{s=1/1,p=0}][pc=0,pic=0,pec=1,epc=7]@2021-09-20T19:30:11.223Z
[DEBUG] EatWhatYouKill@4febb875/SelectorProducer@cb191ca/IDLE/p=true/QueuedThreadPool[qtp487792155]@1d131e1b{STARTED,8<=9<=200,i=1,r=-1,q=0}[ReservedThreadExecutor@7ec3394b{s=1/1,p=0}][pc=0,pic=0,pec=1,epc=7]@2021-09-20T19:30:11.266Z tryProduce true
[DEBUG] updateable 0
[DEBUG] updates 0
[DEBUG] Key interests updated 1 -> 0 on SocketChannelEndPoint@3842ad8c{l=/127.0.0.1:38858,r=/127.0.0.1:42948,OPEN,fill=-,flush=W,to=32/30000}{io=0/0,kio=0,kro=1}->HttpConnection@37d513d7[p=HttpParser{s=CONTENT,0 of -1},g=HttpGenerator@296d6fb5{s=COMMITTED}]=>HttpChannelOverHttp@57dc8a91{s=HttpChannelState@117d29ba{s=HANDLING rs=BLOCKING os=COMMITTED is=IDLE awp=false se=false i=true al=0},r=1,c=false/false,a=HANDLING,uri=//localhost:38858/FileServlet/htmltests/large.html,age=44}
[DEBUG] Selector sun.nio.ch.EPollSelectorImpl@54609eb7 waiting with 6 keys
[DEBUG] flushed 32776 SocketChannelEndPoint@d47ed43{l=/127.0.0.1:38858,r=/127.0.0.1:42940,OPEN,fill=-,flush=W,to=0/30000}{io=0/0,kio=0,kro=1}->HttpConnection@42bd18a0[p=HttpParser{s=CONTENT,0 of -1},g=HttpGenerator@73351804{s=COMMITTED}]=>HttpChannelOverHttp@380129b{s=HttpChannelState@7bf8633{s=HANDLING rs=BLOCKING os=COMMITTED is=IDLE awp=false se=false i=true al=0},r=9,c=false/false,a=HANDLING,uri=//localhost:38858/FileServlet/htmltests/large.html,age=102}
[DEBUG] write(array HeapByteBuffer@43aa43d6[p=0,l=8192,c=8192,r=8192]={<<<p>\n\n<p>Sed pretium blandi...ulum sapien. Proin quam>>>})
[DEBUG] write(array) s=OPEN,api=BLOCKING,sc=false,e=null aggregated !flush DirectByteBuffer@1492b79c[p=0,l=8192,c=32768,r=8192]={<<<p>\n\n<p>Sed pretium blandi...ulum sapien. Proin quam>>>ibh eleme...sto. </}
[DEBUG] write(array HeapByteBuffer@7a4b8885[p=0,l=8192,c=8192,r=8192]={<<<. Etiam ultrices. Suspend...er conubia nostra, per >>>})
[DEBUG] write(array) s=OPEN,api=BLOCKING,sc=false,e=null aggregated !flush DirectByteBuffer@1492b79c[p=0,l=16384,c=32768,r=16384]={<<<p>\n\n<p>Sed pretium blandi...er conubia nostra, per >>>lvinar ul...sto. </}
[DEBUG] write(array HeapByteBuffer@59e17291[p=0,l=8192,c=8192,r=8192]={<<<inceptos himenaeos. </p>\n...>. Integer id quam. Mor>>>})
[DEBUG] write(array) s=OPEN,api=BLOCKING,sc=false,e=null aggregated !flush DirectByteBuffer@1492b79c[p=0,l=24576,c=32768,r=24576]={<<<p>\n\n<p>Sed pretium blandi...>. Integer id quam. Mor>>>i>. Mauri...sto. </}
[DEBUG] write(array HeapByteBuffer@5f2b7781[p=0,l=8192,c=8192,r=8192]={<<<bi mi. Quisque nisl felis...imperdiet. </p>\n\n<p>Ves>>>})
[DEBUG] write(array) s=OPEN,api=BLOCKED,sc=false,e=null last=false agg=true flush=true async=false, len=0 DirectByteBuffer@1492b79c[p=0,l=32768,c=32768,r=32768]={<<<p>\n\n<p>Sed pretium blandi...imperdiet. </p>\n\n<p>Ves>>>}
[DEBUG] sendResponse info=null content=DirectByteBuffer@1492b79c[p=0,l=32768,c=32768,r=32768]={<<<p>\n\n<p>Sed pretium blandi...imperdiet. </p>\n\n<p>Ves>>>} complete=false committing=false callback=Blocker@135fca70{null}
[DEBUG] generate: NEED_CHUNK for SendCallback@2c1836a[PROCESSING][i=null,cb=org.eclipse.jetty.server.HttpChannel$SendCallback@4e0e2b41] (null,[p=0,l=32768,c=32768,r=32768],false)@COMMITTED
[DEBUG] generate: FLUSH for SendCallback@2c1836a[PROCESSING][i=null,cb=org.eclipse.jetty.server.HttpChannel$SendCallback@4e0e2b41] (null,[p=0,l=32768,c=32768,r=32768],false)@COMMITTED
[DEBUG] write: WriteFlusher@653abf25{IDLE}->null [HeapByteBuffer@68278da5[p=0,l=8,c=1024,r=8]={<<<\r\n8000\r\n>>>\x00\x00\x00\x00\x00\x00\x00\x00\x00...\x00\x00\x00\x00\x00\x00\x00},DirectByteBuffer@1492b79c[p=0,l=32768,c=32768,r=32768]={<<<p>\n\n<p>Sed pretium blandi...imperdiet. </p>\n\n<p>Ves>>>}]
[DEBUG] update WriteFlusher@653abf25{WRITING}->null:IDLE-->WRITING
[DEBUG] flushed 32776 SocketChannelEndPoint@122254ce{l=/127.0.0.1:38858,r=/127.0.0.1:42942,OPEN,fill=-,flush=W,to=76/30000}{io=0/0,kio=0,kro=1}->HttpConnection@3be4ecda[p=HttpParser{s=CONTENT,0 of -1},g=HttpGenerator@af7230{s=COMMITTED}]=>HttpChannelOverHttp@f268a5a{s=HttpChannelState@2e8f904b{s=HANDLING rs=BLOCKING os=COMMITTED is=IDLE awp=false se=false i=true al=0},r=1,c=false/false,a=HANDLING,uri=//localhost:38858/FileServlet/htmltests/large.html,age=111}
[DEBUG] Flushed=true written=32776 remaining=0 WriteFlusher@653abf25{WRITING}->null
[DEBUG] update WriteFlusher@653abf25{IDLE}->null:WRITING-->IDLE
[DEBUG] generate: DONE for SendCallback@2c1836a[PROCESSING][i=null,cb=org.eclipse.jetty.server.HttpChannel$SendCallback@4e0e2b41] (null,[p=32768,l=32768,c=32768,r=0],false)@COMMITTED
[DEBUG] onWriteComplete(false,null) s=OPEN,api=BLOCKED,sc=false,e=null->s=OPEN,api=BLOCKING,sc=false,e=null c=null cb=null w=false
[DEBUG] write(array HeapByteBuffer@3a000fca[p=0,l=8192,c=8192,r=8192]={<<<tibulum sapien. <b>Morbi ...torquent per conubia no>>>})
[DEBUG] write(array) s=OPEN,api=BLOCKING,sc=false,e=null aggregated !flush DirectByteBuffer@1492b79c[p=0,l=8192,c=32768,r=8192]={<<<tibulum sapien. <b>Morbi ...torquent per conubia no>>>. Etiam u...\n<p>Ves}
[DEBUG] write(array HeapByteBuffer@3e13e074[p=0,l=8192,c=8192,r=8192]={<<<stra, per inceptos himena...a</i>. Vestibulum nisi >>>})
[DEBUG] write(array) s=OPEN,api=BLOCKING,sc=false,e=null aggregated !flush DirectByteBuffer@1492b79c[p=0,l=16384,c=32768,r=16384]={<<<tibulum sapien. <b>Morbi ...a</i>. Vestibulum nisi >>>inceptos ...\n<p>Ves}
[DEBUG] write(array HeapByteBuffer@17880d4[p=0,l=8192,c=8192,r=8192]={<<<lectus, commodo ac, facil.../b>. Sed lectus. Intege>>>})
[DEBUG] write(array) s=OPEN,api=BLOCKING,sc=false,e=null aggregated !flush DirectByteBuffer@1492b79c[p=0,l=24576,c=32768,r=24576]={<<<tibulum sapien. <b>Morbi .../b>. Sed lectus. Intege>>>bi mi. Qu...\n<p>Ves}
[DEBUG] write(array HeapByteBuffer@55667ffb[p=0,l=8192,c=8192,r=8192]={<<<r euismod lacus luctus ma...ur sodales ligula in li>>>})
[DEBUG] write(array) s=OPEN,api=BLOCKED,sc=false,e=null last=false agg=true flush=true async=false, len=0 DirectByteBuffer@1492b79c[p=0,l=32768,c=32768,r=32768]={<<<tibulum sapien. <b>Morbi ...ur sodales ligula in li>>>}
[DEBUG] sendResponse info=null content=DirectByteBuffer@1492b79c[p=0,l=32768,c=32768,r=32768]={<<<tibulum sapien. <b>Morbi ...ur sodales ligula in li>>>} complete=false committing=false callback=Blocker@135fca70{null}
[DEBUG] generate: NEED_CHUNK for SendCallback@2c1836a[PROCESSING][i=null,cb=org.eclipse.jetty.server.HttpChannel$SendCallback@6f2244c2] (null,[p=0,l=32768,c=32768,r=32768],false)@COMMITTED
[DEBUG] generate: FLUSH for SendCallback@2c1836a[PROCESSING][i=null,cb=org.eclipse.jetty.server.HttpChannel$SendCallback@6f2244c2] (null,[p=0,l=32768,c=32768,r=32768],false)@COMMITTED
[DEBUG] write: WriteFlusher@653abf25{IDLE}->null [HeapByteBuffer@68278da5[p=0,l=8,c=1024,r=8]={<<<\r\n8000\r\n>>>\x00\x00\x00\x00\x00\x00\x00\x00\x00...\x00\x00\x00\x00\x00\x00\x00},DirectByteBuffer@1492b79c[p=0,l=32768,c=32768,r=32768]={<<<tibulum sapien. <b>Morbi ...ur sodales ligula in li>>>}]
[DEBUG] update WriteFlusher@653abf25{WRITING}->null:IDLE-->WRITING
[DEBUG] flushed 32776 SocketChannelEndPoint@122254ce{l=/127.0.0.1:38858,r=/127.0.0.1:42942,OPEN,fill=-,flush=W,to=0/30000}{io=0/0,kio=0,kro=1}->HttpConnection@3be4ecda[p=HttpParser{s=CONTENT,0 of -1},g=HttpGenerator@af7230{s=COMMITTED}]=>HttpChannelOverHttp@f268a5a{s=HttpChannelState@2e8f904b{s=HANDLING rs=BLOCKING os=COMMITTED is=IDLE awp=false se=false i=true al=0},r=1,c=false/false,a=HANDLING,uri=//localhost:38858/FileServlet/htmltests/large.html,age=112}
[DEBUG] Flushed=true written=32776 remaining=0 WriteFlusher@653abf25{WRITING}->null
[DEBUG] update WriteFlusher@653abf25{IDLE}->null:WRITING-->IDLE
[DEBUG] generate: DONE for SendCallback@2c1836a[PROCESSING][i=null,cb=org.eclipse.jetty.server.HttpChannel$SendCallback@6f2244c2] (null,[p=32768,l=32768,c=32768,r=0],false)@COMMITTED
[DEBUG] onWriteComplete(false,null) s=OPEN,api=BLOCKED,sc=false,e=null->s=OPEN,api=BLOCKING,sc=false,e=null c=null cb=null w=false
[DEBUG] write(array HeapByteBuffer@4e130912[p=0,l=8192,c=8192,r=8192]={<<<bero. Sed dignissim lacin..., iaculis et, viverra v>>>})
[DEBUG] write(array) s=OPEN,api=BLOCKING,sc=false,e=null aggregated !flush DirectByteBuffer@1492b79c[p=0,l=8192,c=32768,r=8192]={<<<bero. Sed dignissim lacin..., iaculis et, viverra v>>>stra, per...a in li}
[DEBUG] write(array HeapByteBuffer@b284e24[p=0,l=8192,c=8192,r=8192]={<<<itae, ligula. <i>Integer ...bulum ante ipsum primis>>>})
[DEBUG] write(array) s=OPEN,api=BLOCKING,sc=false,e=null aggregated !flush DirectByteBuffer@1492b79c[p=0,l=16384,c=32768,r=16384]={<<<bero. Sed dignissim lacin...bulum ante ipsum primis>>>lectus, c...a in li}
[DEBUG] write(array HeapByteBuffer@6d57611d[p=0,l=8192,c=8192,r=8192]={<<< in faucibus orci luctus ...auris. Fusce nec tellus>>>})
[DEBUG] write(array) s=OPEN,api=BLOCKING,sc=false,e=null aggregated !flush DirectByteBuffer@1492b79c[p=0,l=24576,c=32768,r=24576]={<<<bero. Sed dignissim lacin...auris. Fusce nec tellus>>>r euismod...a in li}
[DEBUG] write(array HeapByteBuffer@10ae3c21[p=0,l=8192,c=8192,r=8192]={<<< sed augue semper porta. ...ces sit amet, augue. Pr>>>})
[DEBUG] write(array) s=OPEN,api=BLOCKED,sc=false,e=null last=false agg=true flush=true async=false, len=0 DirectByteBuffer@1492b79c[p=0,l=32768,c=32768,r=32768]={<<<bero. Sed dignissim lacin...ces sit amet, augue. Pr>>>}
[DEBUG] sendResponse info=null content=DirectByteBuffer@1492b79c[p=0,l=32768,c=32768,r=32768]={<<<bero. Sed dignissim lacin...ces sit amet, augue. Pr>>>} complete=false committing=false callback=Blocker@135fca70{null}
[DEBUG] generate: NEED_CHUNK for SendCallback@2c1836a[PROCESSING][i=null,cb=org.eclipse.jetty.server.HttpChannel$SendCallback@46a3ecbf] (null,[p=0,l=32768,c=32768,r=32768],false)@COMMITTED
[DEBUG] generate: FLUSH for SendCallback@2c1836a[PROCESSING][i=null,cb=org.eclipse.jetty.server.HttpChannel$SendCallback@46a3ecbf] (null,[p=0,l=32768,c=32768,r=32768],false)@COMMITTED
[DEBUG] write: WriteFlusher@653abf25{IDLE}->null [HeapByteBuffer@68278da5[p=0,l=8,c=1024,r=8]={<<<\r\n8000\r\n>>>\x00\x00\x00\x00\x00\x00\x00\x00\x00...\x00\x00\x00\x00\x00\x00\x00},DirectByteBuffer@1492b79c[p=0,l=32768,c=32768,r=32768]={<<<bero. Sed dignissim lacin...ces sit amet, augue. Pr>>>}]
[DEBUG] update WriteFlusher@653abf25{WRITING}->null:IDLE-->WRITING
[DEBUG] flushed 32776 SocketChannelEndPoint@122254ce{l=/127.0.0.1:38858,r=/127.0.0.1:42942,OPEN,fill=-,flush=W,to=0/30000}{io=0/0,kio=0,kro=1}->HttpConnection@3be4ecda[p=HttpParser{s=CONTENT,0 of -1},g=HttpGenerator@af7230{s=COMMITTED}]=>HttpChannelOverHttp@f268a5a{s=HttpChannelState@2e8f904b{s=HANDLING rs=BLOCKING os=COMMITTED is=IDLE awp=false se=false i=true al=0},r=1,c=false/false,a=HANDLING,uri=//localhost:38858/FileServlet/htmltests/large.html,age=113}
[DEBUG] Flushed=true written=32776 remaining=0 WriteFlusher@653abf25{WRITING}->null
[DEBUG] update WriteFlusher@653abf25{IDLE}->null:WRITING-->IDLE
[DEBUG] generate: DONE for SendCallback@2c1836a[PROCESSING][i=null,cb=org.eclipse.jetty.server.HttpChannel$SendCallback@46a3ecbf] (null,[p=32768,l=32768,c=32768,r=0],false)@COMMITTED
[DEBUG] onWriteComplete(false,null) s=OPEN,api=BLOCKED,sc=false,e=null->s=OPEN,api=BLOCKING,sc=false,e=null c=null cb=null w=false
[DEBUG] write(array HeapByteBuffer@f33c321[p=0,l=8192,c=8192,r=8192]={<<<oin sodales libero eget a...uismod lacus luctus mag>>>})
[DEBUG] write(array) s=OPEN,api=BLOCKING,sc=false,e=null aggregated !flush DirectByteBuffer@1492b79c[p=0,l=8192,c=32768,r=8192]={<<<oin sodales libero eget a...uismod lacus luctus mag>>>itae, lig...gue. Pr}
[DEBUG] write(array HeapByteBuffer@59ba1453[p=0,l=8192,c=8192,r=8192]={<<<na. Quisque cursus, metus...lass aptent taciti soci>>>})
[DEBUG] write(array) s=OPEN,api=BLOCKING,sc=false,e=null aggregated !flush DirectByteBuffer@1492b79c[p=0,l=16384,c=32768,r=16384]={<<<oin sodales libero eget a...lass aptent taciti soci>>> in fauci...gue. Pr}
[DEBUG] write(array HeapByteBuffer@38147471[p=0,l=2207,c=8192,r=2207]={<<<osqu ad litora torquent p.... </p>\n\n</body></html>\n>>>nia nunc....ti soci})
[DEBUG] write(array) s=OPEN,api=BLOCKING,sc=false,e=null aggregated !flush DirectByteBuffer@1492b79c[p=0,l=18591,c=32768,r=18591]={<<<oin sodales libero eget a.... </p>\n\n</body></html>\n>>>erisque s...gue. Pr}
[DEBUG] sendResponse info=null content=DirectByteBuffer@1492b79c[p=0,l=18591,c=32768,r=18591]={<<<oin sodales libero eget a.... </p>\n\n</body></html>\n>>>erisque s...gue. Pr} complete=false committing=false callback=Blocker@135fca70{null}
[DEBUG] generate: NEED_CHUNK for SendCallback@2c1836a[PROCESSING][i=null,cb=org.eclipse.jetty.server.HttpChannel$SendCallback@610ba1d8] (null,[p=0,l=18591,c=32768,r=18591],false)@COMMITTED
[DEBUG] generate: FLUSH for SendCallback@2c1836a[PROCESSING][i=null,cb=org.eclipse.jetty.server.HttpChannel$SendCallback@610ba1d8] (null,[p=0,l=18591,c=32768,r=18591],false)@COMMITTED
[DEBUG] flushed 32916 SocketChannelEndPoint@77ed8bb4{l=/127.0.0.1:38858,r=/127.0.0.1:42946,OPEN,fill=-,flush=W,to=36/30000}{io=0/0,kio=0,kro=1}->HttpConnection@65fa8c24[p=HttpParser{s=CONTENT,0 of -1},g=HttpGenerator@307be154{s=COMMITTED}]=>HttpChannelOverHttp@c28598b{s=HttpChannelState@5bb2823f{s=HANDLING rs=BLOCKING os=COMMITTED is=IDLE awp=false se=false i=true al=0},r=1,c=false/false,a=HANDLING,uri=//localhost:38858/FileServlet/htmltests/large.html,age=36}
[DEBUG] Flushed=true written=32916 remaining=0 WriteFlusher@6dfe4884{WRITING}->null
[DEBUG] update WriteFlusher@6dfe4884{IDLE}->null:WRITING-->IDLE
[DEBUG] generate: DONE for SendCallback@606934da[PROCESSING][i=HTTP/1.1{s=200,h=2,cl=-1},cb=org.eclipse.jetty.server.HttpChannel$SendCallback@521f7877] ([p=148,l=148,c=8192,r=0],[p=32768,l=32768,c=32768,r=0],false)@COMMITTED
[DEBUG] onWriteComplete(false,null) s=OPEN,api=BLOCKED,sc=false,e=null->s=OPEN,api=BLOCKING,sc=false,e=null c=null cb=null w=false
[DEBUG] write(array HeapByteBuffer@94e5ac4[p=0,l=8192,c=8192,r=8192]={<<<tur sit amet mauris. Morb...s ligula lacinia alique>>>})
[DEBUG] write(array) s=OPEN,api=BLOCKING,sc=false,e=null aggregated !flush DirectByteBuffer@1c19d748[p=0,l=8192,c=32768,r=8192]={<<<tur sit amet mauris. Morb...s ligula lacinia alique>>>dunt male... Curabi}
[DEBUG] write(array HeapByteBuffer@202870d3[p=0,l=8192,c=8192,r=8192]={<<<t. Mauris ipsum. Nulla me...sectetuer risus et tort>>>})
[DEBUG] write(array) s=OPEN,api=BLOCKING,sc=false,e=null aggregated !flush DirectByteBuffer@1c19d748[p=0,l=16384,c=32768,r=16384]={<<<tur sit amet mauris. Morb...sectetuer risus et tort>>>imenaeos.... Curabi}
[DEBUG] write(array HeapByteBuffer@95d7861[p=0,l=8192,c=8192,r=8192]={<<<or. Lorem ipsum dolor sit... Donec lacus nunc, vive>>>})
[DEBUG] write(array) s=OPEN,api=BLOCKING,sc=false,e=null aggregated !flush DirectByteBuffer@1c19d748[p=0,l=24576,c=32768,r=24576]={<<<tur sit amet mauris. Morb... Donec lacus nunc, vive>>>us. Vivam... Curabi}
[DEBUG] write(array HeapByteBuffer@1678aba6[p=0,l=8192,c=8192,r=8192]={<<<rra nec, blandit vel, ege... In scelerisque sem at >>>})
[DEBUG] write(array) s=OPEN,api=BLOCKED,sc=false,e=null last=false agg=true flush=true async=false, len=0 DirectByteBuffer@1c19d748[p=0,l=32768,c=32768,r=32768]={<<<tur sit amet mauris. Morb... In scelerisque sem at >>>}
[DEBUG] sendResponse info=null content=DirectByteBuffer@1c19d748[p=0,l=32768,c=32768,r=32768]={<<<tur sit amet mauris. Morb... In scelerisque sem at >>>} complete=false committing=false callback=Blocker@f8d6b34{null}
[DEBUG] generate: NEED_CHUNK for SendCallback@606934da[PROCESSING][i=null,cb=org.eclipse.jetty.server.HttpChannel$SendCallback@6d9b5bd7] (null,[p=0,l=32768,c=32768,r=32768],false)@COMMITTED
[DEBUG] generate: FLUSH for SendCallback@606934da[PROCESSING][i=null,cb=org.eclipse.jetty.server.HttpChannel$SendCallback@6d9b5bd7] (null,[p=0,l=32768,c=32768,r=32768],false)@COMMITTED
[DEBUG] write: WriteFlusher@6dfe4884{IDLE}->null [HeapByteBuffer@ed6005f[p=0,l=8,c=1024,r=8]={<<<\r\n8000\r\n>>>\x00\x00\x00\x00\x00\x00\x00\x00\x00...\x00\x00\x00\x00\x00\x00\x00},DirectByteBuffer@1c19d748[p=0,l=32768,c=32768,r=32768]={<<<tur sit amet mauris. Morb... In scelerisque sem at >>>}]
[DEBUG] update WriteFlusher@6dfe4884{WRITING}->null:IDLE-->WRITING
[DEBUG] flushed 32776 SocketChannelEndPoint@77ed8bb4{l=/127.0.0.1:38858,r=/127.0.0.1:42946,OPEN,fill=-,flush=W,to=0/30000}{io=0/0,kio=0,kro=1}->HttpConnection@65fa8c24[p=HttpParser{s=CONTENT,0 of -1},g=HttpGenerator@307be154{s=COMMITTED}]=>HttpChannelOverHttp@c28598b{s=HttpChannelState@5bb2823f{s=HANDLING rs=BLOCKING os=COMMITTED is=IDLE awp=false se=false i=true al=0},r=1,c=false/false,a=HANDLING,uri=//localhost:38858/FileServlet/htmltests/large.html,age=69}
[DEBUG] Flushed=true written=32776 remaining=0 WriteFlusher@6dfe4884{WRITING}->null
[DEBUG] update WriteFlusher@6dfe4884{IDLE}->null:WRITING-->IDLE
[DEBUG] generate: DONE for SendCallback@606934da[PROCESSING][i=null,cb=org.eclipse.jetty.server.HttpChannel$SendCallback@6d9b5bd7] (null,[p=32768,l=32768,c=32768,r=0],false)@COMMITTED
[DEBUG] onWriteComplete(false,null) s=OPEN,api=BLOCKED,sc=false,e=null->s=OPEN,api=BLOCKING,sc=false,e=null c=null cb=null w=false
[DEBUG] write(array HeapByteBuffer@6caaef94[p=0,l=8192,c=8192,r=8192]={<<<dolor. Maecenas mattis. S...itor, cursus quis, aliq>>>})
[DEBUG] write(array) s=OPEN,api=BLOCKING,sc=false,e=null aggregated !flush DirectByteBuffer@1c19d748[p=0,l=8192,c=32768,r=8192]={<<<dolor. Maecenas mattis. S...itor, cursus quis, aliq>>>t. Mauris...sem at }
[DEBUG] write(array HeapByteBuffer@3fdc4c3c[p=0,l=8192,c=8192,r=8192]={<<<uet eget, justo. Sed pret...m. Etiam ultrices. Susp>>>})
[DEBUG] flushed 32916 SocketChannelEndPoint@4414532c{l=/127.0.0.1:38858,r=/127.0.0.1:42944,OPEN,fill=-,flush=W,to=52/30000}{io=0/0,kio=0,kro=1}->HttpConnection@26dcb9cc[p=HttpParser{s=CONTENT,0 of -1},g=HttpGenerator@bf2138a{s=COMMITTED}]=>HttpChannelOverHttp@1f3a8692{s=HttpChannelState@13c489c4{s=HANDLING rs=BLOCKING os=COMMITTED is=IDLE awp=false se=false i=true al=0},r=1,c=false/false,a=HANDLING,uri=//localhost:38858/FileServlet/htmltests/large.html,age=52}
[DEBUG] Flushed=true written=32916 remaining=0 WriteFlusher@2ef54d9f{WRITING}->null
[DEBUG] update WriteFlusher@2ef54d9f{IDLE}->null:WRITING-->IDLE
[DEBUG] generate: DONE for SendCallback@3e772566[PROCESSING][i=HTTP/1.1{s=200,h=2,cl=-1},cb=org.eclipse.jetty.server.HttpChannel$SendCallback@1138b5cb] ([p=148,l=148,c=8192,r=0],[p=32768,l=32768,c=32768,r=0],false)@COMMITTED
[DEBUG] onWriteComplete(false,null) s=OPEN,api=BLOCKED,sc=false,e=null->s=OPEN,api=BLOCKING,sc=false,e=null c=null cb=null w=false
[DEBUG] write(array HeapByteBuffer@3cab0975[p=0,l=8192,c=8192,r=8192]={<<<tur sit amet mauris. Morb...s ligula lacinia alique>>>})
[DEBUG] write(array) s=OPEN,api=BLOCKING,sc=false,e=null aggregated !flush DirectByteBuffer@58caaa66[p=0,l=8192,c=32768,r=8192]={<<<tur sit amet mauris. Morb...s ligula lacinia alique>>>dunt male... Curabi}
[DEBUG] write(array HeapByteBuffer@3b705793[p=0,l=8192,c=8192,r=8192]={<<<t. Mauris ipsum. Nulla me...sectetuer risus et tort>>>})
[DEBUG] write(array) s=OPEN,api=BLOCKING,sc=false,e=null aggregated !flush DirectByteBuffer@58caaa66[p=0,l=16384,c=32768,r=16384]={<<<tur sit amet mauris. Morb...sectetuer risus et tort>>>imenaeos.... Curabi}
[DEBUG] write(array HeapByteBuffer@6fb22bdb[p=0,l=8192,c=8192,r=8192]={<<<or. Lorem ipsum dolor sit... Donec lacus nunc, vive>>>})
[DEBUG] write(array) s=OPEN,api=BLOCKING,sc=false,e=null aggregated !flush DirectByteBuffer@58caaa66[p=0,l=24576,c=32768,r=24576]={<<<tur sit amet mauris. Morb... Donec lacus nunc, vive>>>us. Vivam... Curabi}
[DEBUG] write(array HeapByteBuffer@6b2f0a07[p=0,l=8192,c=8192,r=8192]={<<<rra nec, blandit vel, ege... In scelerisque sem at >>>})
[DEBUG] write(array) s=OPEN,api=BLOCKED,sc=false,e=null last=false agg=true flush=true async=false, len=0 DirectByteBuffer@58caaa66[p=0,l=32768,c=32768,r=32768]={<<<tur sit amet mauris. Morb... In scelerisque sem at >>>}
[DEBUG] sendResponse info=null content=DirectByteBuffer@58caaa66[p=0,l=32768,c=32768,r=32768]={<<<tur sit amet mauris. Morb... In scelerisque sem at >>>} complete=false committing=false callback=Blocker@38e55529{null}
[DEBUG] generate: NEED_CHUNK for SendCallback@3e772566[PROCESSING][i=null,cb=org.eclipse.jetty.server.HttpChannel$SendCallback@f2b46b6] (null,[p=0,l=32768,c=32768,r=32768],false)@COMMITTED
[DEBUG] generate: FLUSH for SendCallback@3e772566[PROCESSING][i=null,cb=org.eclipse.jetty.server.HttpChannel$SendCallback@f2b46b6] (null,[p=0,l=32768,c=32768,r=32768],false)@COMMITTED
[DEBUG] write: WriteFlusher@2ef54d9f{IDLE}->null [HeapByteBuffer@ed6005f[p=0,l=8,c=1024,r=8]={<<<\r\n8000\r\n>>>\x00\x00\x00\x00\x00\x00\x00\x00\x00...\x00\x00\x00\x00\x00\x00\x00},DirectByteBuffer@58caaa66[p=0,l=32768,c=32768,r=32768]={<<<tur sit amet mauris. Morb... In scelerisque sem at >>>}]
[DEBUG] update WriteFlusher@2ef54d9f{WRITING}->null:IDLE-->WRITING
[DEBUG] flushed 32776 SocketChannelEndPoint@4414532c{l=/127.0.0.1:38858,r=/127.0.0.1:42944,OPEN,fill=-,flush=W,to=0/30000}{io=0/0,kio=0,kro=1}->HttpConnection@26dcb9cc[p=HttpParser{s=CONTENT,0 of -1},g=HttpGenerator@bf2138a{s=COMMITTED}]=>HttpChannelOverHttp@1f3a8692{s=HttpChannelState@13c489c4{s=HANDLING rs=BLOCKING os=COMMITTED is=IDLE awp=false se=false i=true al=0},r=1,c=false/false,a=HANDLING,uri=//localhost:38858/FileServlet/htmltests/large.html,age=86}
[DEBUG] Flushed=true written=32776 remaining=0 WriteFlusher@2ef54d9f{WRITING}->null
[DEBUG] update WriteFlusher@2ef54d9f{IDLE}->null:WRITING-->IDLE
[DEBUG] generate: DONE for SendCallback@3e772566[PROCESSING][i=null,cb=org.eclipse.jetty.server.HttpChannel$SendCallback@f2b46b6] (null,[p=32768,l=32768,c=32768,r=0],false)@COMMITTED
[DEBUG] onWriteComplete(false,null) s=OPEN,api=BLOCKED,sc=false,e=null->s=OPEN,api=BLOCKING,sc=false,e=null c=null cb=null w=false
[DEBUG] write(array HeapByteBuffer@365e540f[p=0,l=8192,c=8192,r=8192]={<<<dolor. Maecenas mattis. S...itor, cursus quis, aliq>>>})
[DEBUG] write(array) s=OPEN,api=BLOCKING,sc=false,e=null aggregated !flush DirectByteBuffer@58caaa66[p=0,l=8192,c=32768,r=8192]={<<<dolor. Maecenas mattis. S...itor, cursus quis, aliq>>>t. Mauris...sem at }
[DEBUG] write(array HeapByteBuffer@484c4dec[p=0,l=8192,c=8192,r=8192]={<<<uet eget, justo. Sed pret...m. Etiam ultrices. Susp>>>})
[DEBUG] write(array) s=OPEN,api=BLOCKING,sc=false,e=null aggregated !flush DirectByteBuffer@58caaa66[p=0,l=16384,c=32768,r=16384]={<<<dolor. Maecenas mattis. S...m. Etiam ultrices. Susp>>>or. Lorem...sem at }
[DEBUG] write(array HeapByteBuffer@5b2019d0[p=0,l=8192,c=8192,r=8192]={<<<endisse in justo eu magna...cinia nunc. </p>\n\n<p>Cu>>>})
[DEBUG] write(array) s=OPEN,api=BLOCKING,sc=false,e=null aggregated !flush DirectByteBuffer@58caaa66[p=0,l=24576,c=32768,r=24576]={<<<dolor. Maecenas mattis. S...cinia nunc. </p>\n\n<p>Cu>>>rra nec, ...sem at }
[DEBUG] write(array HeapByteBuffer@eebeaf4[p=0,l=8192,c=8192,r=8192]={<<<rabitur tortor. <i>Vestib... ac, ultricies eu, pede>>>})
[DEBUG] write(array) s=OPEN,api=BLOCKED,sc=false,e=null last=false agg=true flush=true async=false, len=0 DirectByteBuffer@58caaa66[p=0,l=32768,c=32768,r=32768]={<<<dolor. Maecenas mattis. S... ac, ultricies eu, pede>>>}
[DEBUG] sendResponse info=null content=DirectByteBuffer@58caaa66[p=0,l=32768,c=32768,r=32768]={<<<dolor. Maecenas mattis. S... ac, ultricies eu, pede>>>} complete=false committing=false callback=Blocker@38e55529{null}
[DEBUG] generate: NEED_CHUNK for SendCallback@3e772566[PROCESSING][i=null,cb=org.eclipse.jetty.server.HttpChannel$SendCallback@4ad1390a] (null,[p=0,l=32768,c=32768,r=32768],false)@COMMITTED
[DEBUG] generate: FLUSH for SendCallback@3e772566[PROCESSING][i=null,cb=org.eclipse.jetty.server.HttpChannel$SendCallback@4ad1390a] (null,[p=0,l=32768,c=32768,r=32768],false)@COMMITTED
[DEBUG] write: WriteFlusher@2ef54d9f{IDLE}->null [HeapByteBuffer@ed6005f[p=0,l=8,c=1024,r=8]={<<<\r\n8000\r\n>>>\x00\x00\x00\x00\x00\x00\x00\x00\x00...\x00\x00\x00\x00\x00\x00\x00},DirectByteBuffer@58caaa66[p=0,l=32768,c=32768,r=32768]={<<<dolor. Maecenas mattis. S... ac, ultricies eu, pede>>>}]
[DEBUG] update WriteFlusher@2ef54d9f{WRITING}->null:IDLE-->WRITING
[DEBUG] flushed 32776 SocketChannelEndPoint@4414532c{l=/127.0.0.1:38858,r=/127.0.0.1:42944,OPEN,fill=-,flush=W,to=0/30000}{io=0/0,kio=0,kro=1}->HttpConnection@26dcb9cc[p=HttpParser{s=CONTENT,0 of -1},g=HttpGenerator@bf2138a{s=COMMITTED}]=>HttpChannelOverHttp@1f3a8692{s=HttpChannelState@13c489c4{s=HANDLING rs=BLOCKING os=COMMITTED is=IDLE awp=false se=false i=true al=0},r=1,c=false/false,a=HANDLING,uri=//localhost:38858/FileServlet/htmltests/large.html,age=87}
[DEBUG] Flushed=true written=32776 remaining=0 WriteFlusher@2ef54d9f{WRITING}->null
[DEBUG] update WriteFlusher@2ef54d9f{IDLE}->null:WRITING-->IDLE
[DEBUG] generate: DONE for SendCallback@3e772566[PROCESSING][i=null,cb=org.eclipse.jetty.server.HttpChannel$SendCallback@4ad1390a] (null,[p=32768,l=32768,c=32768,r=0],false)@COMMITTED
[DEBUG] onWriteComplete(false,null) s=OPEN,api=BLOCKED,sc=false,e=null->s=OPEN,api=BLOCKING,sc=false,e=null c=null cb=null w=false
[DEBUG] write(array HeapByteBuffer@60582e91[p=0,l=8192,c=8192,r=8192]={<<<. <i>Praesent blandit dol...ae; Morbi lacinia moles>>>})
[DEBUG] write(array) s=OPEN,api=BLOCKING,sc=false,e=null aggregated !flush DirectByteBuffer@58caaa66[p=0,l=8192,c=32768,r=8192]={<<<. <i>Praesent blandit dol...ae; Morbi lacinia moles>>>uet eget,...u, pede}
[DEBUG] write(array HeapByteBuffer@3b6d55d3[p=0,l=8192,c=8192,r=8192]={<<<tie dui. <b>Ut fringilla<...cinia aliquet. <b>Pelle>>>})
[DEBUG] write(array) s=OPEN,api=BLOCKING,sc=false,e=null aggregated !flush DirectByteBuffer@58caaa66[p=0,l=16384,c=32768,r=16384]={<<<. <i>Praesent blandit dol...cinia aliquet. <b>Pelle>>>endisse i...u, pede}
[DEBUG] write(array HeapByteBuffer@6a80b400[p=0,l=8192,c=8192,r=8192]={<<<ntesque nibh</b>. Mauris ...scipit sodales. Aenean >>>})
[DEBUG] write(array) s=OPEN,api=BLOCKING,sc=false,e=null aggregated !flush DirectByteBuffer@58caaa66[p=0,l=24576,c=32768,r=24576]={<<<. <i>Praesent blandit dol...scipit sodales. Aenean >>>rabitur t...u, pede}
[DEBUG] write(array HeapByteBuffer@29dad933[p=0,l=8192,c=8192,r=8192]={<<<lectus elit, fermentum no... Sed lacinia, urna non >>>})
[DEBUG] write(array) s=OPEN,api=BLOCKED,sc=false,e=null last=false agg=true flush=true async=false, len=0 DirectByteBuffer@58caaa66[p=0,l=32768,c=32768,r=32768]={<<<. <i>Praesent blandit dol... Sed lacinia, urna non >>>}
[DEBUG] Flushed=true written=32776 remaining=0 WriteFlusher@21254e7e{WRITING}->null
[DEBUG] update WriteFlusher@21254e7e{IDLE}->null:WRITING-->IDLE
[DEBUG] generate: DONE for SendCallback@5f75d958[PROCESSING][i=null,cb=org.eclipse.jetty.server.HttpChannel$SendCallback@1515fa28] (null,[p=32768,l=32768,c=32768,r=0],false)@COMMITTED
[DEBUG] onWriteComplete(false,null) s=OPEN,api=BLOCKED,sc=false,e=null->s=OPEN,api=BLOCKING,sc=false,e=null c=null cb=null w=false
[DEBUG] write(array HeapByteBuffer@3aea2dec[p=0,l=8192,c=8192,r=8192]={<<<bero. Sed dignissim lacin..., iaculis et, viverra v>>>})
[DEBUG] write(array) s=OPEN,api=BLOCKING,sc=false,e=null aggregated !flush DirectByteBuffer@1667663f[p=0,l=8192,c=32768,r=8192]={<<<bero. Sed dignissim lacin..., iaculis et, viverra v>>>stra, per...a in li}
[DEBUG] write(array HeapByteBuffer@17c1f8f0[p=0,l=8192,c=8192,r=8192]={<<<itae, ligula. <i>Integer ...bulum ante ipsum primis>>>})
[DEBUG] write(array) s=OPEN,api=BLOCKING,sc=false,e=null aggregated !flush DirectByteBuffer@1667663f[p=0,l=16384,c=32768,r=16384]={<<<bero. Sed dignissim lacin...bulum ante ipsum primis>>>lectus, c...a in li}
[DEBUG] write(array HeapByteBuffer@44097ef7[p=0,l=8192,c=8192,r=8192]={<<< in faucibus orci luctus ...auris. Fusce nec tellus>>>})
[DEBUG] write(array) s=OPEN,api=BLOCKING,sc=false,e=null aggregated !flush DirectByteBuffer@1667663f[p=0,l=24576,c=32768,r=24576]={<<<bero. Sed dignissim lacin...auris. Fusce nec tellus>>>r euismod...a in li}
[DEBUG] write(array HeapByteBuffer@7e7718e4[p=0,l=8192,c=8192,r=8192]={<<< sed augue semper porta. ...ces sit amet, augue. Pr>>>})
[DEBUG] write(array) s=OPEN,api=BLOCKED,sc=false,e=null last=false agg=true flush=true async=false, len=0 DirectByteBuffer@1667663f[p=0,l=32768,c=32768,r=32768]={<<<bero. Sed dignissim lacin...ces sit amet, augue. Pr>>>}
[DEBUG] sendResponse info=null content=DirectByteBuffer@1667663f[p=0,l=32768,c=32768,r=32768]={<<<bero. Sed dignissim lacin...ces sit amet, augue. Pr>>>} complete=false committing=false callback=Blocker@594fb565{null}
[DEBUG] generate: NEED_CHUNK for SendCallback@5f75d958[PROCESSING][i=null,cb=org.eclipse.jetty.server.HttpChannel$SendCallback@1599df8b] (null,[p=0,l=32768,c=32768,r=32768],false)@COMMITTED
[DEBUG] generate: FLUSH for SendCallback@5f75d958[PROCESSING][i=null,cb=org.eclipse.jetty.server.HttpChannel$SendCallback@1599df8b] (null,[p=0,l=32768,c=32768,r=32768],false)@COMMITTED
[DEBUG] write: WriteFlusher@21254e7e{IDLE}->null [HeapByteBuffer@ed6005f[p=0,l=8,c=1024,r=8]={<<<\r\n8000\r\n>>>\x00\x00\x00\x00\x00\x00\x00\x00\x00...\x00\x00\x00\x00\x00\x00\x00},DirectByteBuffer@1667663f[p=0,l=32768,c=32768,r=32768]={<<<bero. Sed dignissim lacin...ces sit amet, augue. Pr>>>}]
[DEBUG] update WriteFlusher@21254e7e{WRITING}->null:IDLE-->WRITING
[DEBUG] flushed 32776 SocketChannelEndPoint@d47ed43{l=/127.0.0.1:38858,r=/127.0.0.1:42940,OPEN,fill=-,flush=W,to=31/30000}{io=0/0,kio=0,kro=1}->HttpConnection@42bd18a0[p=HttpParser{s=CONTENT,0 of -1},g=HttpGenerator@73351804{s=COMMITTED}]=>HttpChannelOverHttp@380129b{s=HttpChannelState@7bf8633{s=HANDLING rs=BLOCKING os=COMMITTED is=IDLE awp=false se=false i=true al=0},r=9,c=false/false,a=HANDLING,uri=//localhost:38858/FileServlet/htmltests/large.html,age=155}
[DEBUG] Flushed=true written=32776 remaining=0 WriteFlusher@21254e7e{WRITING}->null
[DEBUG] update WriteFlusher@21254e7e{IDLE}->null:WRITING-->IDLE
[DEBUG] generate: DONE for SendCallback@5f75d958[PROCESSING][i=null,cb=org.eclipse.jetty.server.HttpChannel$SendCallback@1599df8b] (null,[p=32768,l=32768,c=32768,r=0],false)@COMMITTED
[DEBUG] onWriteComplete(false,null) s=OPEN,api=BLOCKED,sc=false,e=null->s=OPEN,api=BLOCKING,sc=false,e=null c=null cb=null w=false
[DEBUG] write(array HeapByteBuffer@d87a3b0[p=0,l=8192,c=8192,r=8192]={<<<oin sodales libero eget a...uismod lacus luctus mag>>>})
[DEBUG] write(array) s=OPEN,api=BLOCKING,sc=false,e=null aggregated !flush DirectByteBuffer@1667663f[p=0,l=8192,c=32768,r=8192]={<<<oin sodales libero eget a...uismod lacus luctus mag>>>itae, lig...gue. Pr}
[DEBUG] sendResponse info=null content=DirectByteBuffer@58caaa66[p=0,l=32768,c=32768,r=32768]={<<<. <i>Praesent blandit dol... Sed lacinia, urna non >>>} complete=false committing=false callback=Blocker@38e55529{null}
[DEBUG] generate: NEED_CHUNK for SendCallback@3e772566[PROCESSING][i=null,cb=org.eclipse.jetty.server.HttpChannel$SendCallback@857463f] (null,[p=0,l=32768,c=32768,r=32768],false)@COMMITTED
[DEBUG] generate: FLUSH for SendCallback@3e772566[PROCESSING][i=null,cb=org.eclipse.jetty.server.HttpChannel$SendCallback@857463f] (null,[p=0,l=32768,c=32768,r=32768],false)@COMMITTED
[DEBUG] write: WriteFlusher@2ef54d9f{IDLE}->null [HeapByteBuffer@e6dab5c[p=0,l=8,c=1024,r=8]={<<<\r\n8000\r\n>>>\x00\x00\x00\x00\x00\x00\x00\x00\x00...\x00\x00\x00\x00\x00\x00\x00},DirectByteBuffer@58caaa66[p=0,l=32768,c=32768,r=32768]={<<<. <i>Praesent blandit dol... Sed lacinia, urna non >>>}]
[DEBUG] update WriteFlusher@2ef54d9f{WRITING}->null:IDLE-->WRITING
[DEBUG] flushed 32776 SocketChannelEndPoint@4414532c{l=/127.0.0.1:38858,r=/127.0.0.1:42944,OPEN,fill=-,flush=W,to=27/30000}{io=0/0,kio=0,kro=1}->HttpConnection@26dcb9cc[p=HttpParser{s=CONTENT,0 of -1},g=HttpGenerator@bf2138a{s=COMMITTED}]=>HttpChannelOverHttp@1f3a8692{s=HttpChannelState@13c489c4{s=HANDLING rs=BLOCKING os=COMMITTED is=IDLE awp=false se=false i=true al=0},r=1,c=false/false,a=HANDLING,uri=//localhost:38858/FileServlet/htmltests/large.html,age=115}
[DEBUG] Flushed=true written=32776 remaining=0 WriteFlusher@2ef54d9f{WRITING}->null
[DEBUG] update WriteFlusher@2ef54d9f{IDLE}->null:WRITING-->IDLE
[DEBUG] generate: DONE for SendCallback@3e772566[PROCESSING][i=null,cb=org.eclipse.jetty.server.HttpChannel$SendCallback@857463f] (null,[p=32768,l=32768,c=32768,r=0],false)@COMMITTED
[DEBUG] onWriteComplete(false,null) s=OPEN,api=BLOCKED,sc=false,e=null->s=OPEN,api=BLOCKING,sc=false,e=null c=null cb=null w=false
[DEBUG] write(array HeapByteBuffer@5945492b[p=0,l=8192,c=8192,r=8192]={<<<tincidunt mattis, tortor ...si. Nulla quis sem at n>>>})
[DEBUG] write(array) s=OPEN,api=BLOCKING,sc=false,e=null aggregated !flush DirectByteBuffer@58caaa66[p=0,l=8192,c=32768,r=8192]={<<<tincidunt mattis, tortor ...si. Nulla quis sem at n>>>tie dui. ...na non }
[DEBUG] write(array HeapByteBuffer@368ac6b7[p=0,l=8192,c=8192,r=8192]={<<<ibh elementum imperdiet. ...orbi in dui quis est pu>>>})
[DEBUG] write(array) s=OPEN,api=BLOCKING,sc=false,e=null aggregated !flush DirectByteBuffer@58caaa66[p=0,l=16384,c=32768,r=16384]={<<<tincidunt mattis, tortor ...orbi in dui quis est pu>>>ntesque n...na non }
[DEBUG] write(array HeapByteBuffer@49e69214[p=0,l=8192,c=8192,r=8192]={<<<lvinar ullamcorper. Nulla...tetur adipiscing elit</>>>})
[DEBUG] write(array) s=OPEN,api=BLOCKING,sc=false,e=null aggregated !flush DirectByteBuffer@58caaa66[p=0,l=24576,c=32768,r=24576]={<<<tincidunt mattis, tortor ...tetur adipiscing elit</>>>lectus el...na non }
[DEBUG] write(array HeapByteBuffer@7b3243a9[p=0,l=8192,c=8192,r=8192]={<<<i>. Mauris ipsum. <b>Pell...aliquet eget, justo. </>>>})
[DEBUG] write(array) s=OPEN,api=BLOCKED,sc=false,e=null last=false agg=true flush=true async=false, len=0 DirectByteBuffer@58caaa66[p=0,l=32768,c=32768,r=32768]={<<<tincidunt mattis, tortor ...aliquet eget, justo. </>>>}
[DEBUG] sendResponse info=null content=DirectByteBuffer@58caaa66[p=0,l=32768,c=32768,r=32768]={<<<tincidunt mattis, tortor ...aliquet eget, justo. </>>>} complete=false committing=false callback=Blocker@38e55529{null}
[DEBUG] generate: NEED_CHUNK for SendCallback@3e772566[PROCESSING][i=null,cb=org.eclipse.jetty.server.HttpChannel$SendCallback@8cd41f5] (null,[p=0,l=32768,c=32768,r=32768],false)@COMMITTED
[DEBUG] generate: FLUSH for SendCallback@3e772566[PROCESSING][i=null,cb=org.eclipse.jetty.server.HttpChannel$SendCallback@8cd41f5] (null,[p=0,l=32768,c=32768,r=32768],false)@COMMITTED
[DEBUG] write: WriteFlusher@2ef54d9f{IDLE}->null [HeapByteBuffer@ed6005f[p=0,l=8,c=1024,r=8]={<<<\r\n8000\r\n>>>\x00\x00\x00\x00\x00\x00\x00\x00\x00...\x00\x00\x00\x00\x00\x00\x00},DirectByteBuffer@58caaa66[p=0,l=32768,c=32768,r=32768]={<<<tincidunt mattis, tortor ...aliquet eget, justo. </>>>}]
[DEBUG] update WriteFlusher@2ef54d9f{WRITING}->null:IDLE-->WRITING
[DEBUG] flushed 32776 SocketChannelEndPoint@4414532c{l=/127.0.0.1:38858,r=/127.0.0.1:42944,OPEN,fill=-,flush=W,to=0/30000}{io=0/0,kio=0,kro=1}->HttpConnection@26dcb9cc[p=HttpParser{s=CONTENT,0 of -1},g=HttpGenerator@bf2138a{s=COMMITTED}]=>HttpChannelOverHttp@1f3a8692{s=HttpChannelState@13c489c4{s=HANDLING rs=BLOCKING os=COMMITTED is=IDLE awp=false se=false i=true al=0},r=1,c=false/false,a=HANDLING,uri=//localhost:38858/FileServlet/htmltests/large.html,age=116}
[DEBUG] Flushed=true written=32776 remaining=0 WriteFlusher@2ef54d9f{WRITING}->null
[DEBUG] update WriteFlusher@2ef54d9f{IDLE}->null:WRITING-->IDLE
[DEBUG] generate: DONE for SendCallback@3e772566[PROCESSING][i=null,cb=org.eclipse.jetty.server.HttpChannel$SendCallback@8cd41f5] (null,[p=32768,l=32768,c=32768,r=0],false)@COMMITTED
[DEBUG] onWriteComplete(false,null) s=OPEN,api=BLOCKED,sc=false,e=null->s=OPEN,api=BLOCKING,sc=false,e=null c=null cb=null w=false
[DEBUG] write(array HeapByteBuffer@68128125[p=0,l=8192,c=8192,r=8192]={<<<p>\n\n<p>Sed pretium blandi...ulum sapien. Proin quam>>>})
[DEBUG] write(array) s=OPEN,api=BLOCKING,sc=false,e=null aggregated !flush DirectByteBuffer@58caaa66[p=0,l=8192,c=32768,r=8192]={<<<p>\n\n<p>Sed pretium blandi...ulum sapien. Proin quam>>>ibh eleme...sto. </}
[DEBUG] write(array HeapByteBuffer@1519c801[p=0,l=8192,c=8192,r=8192]={<<<. Etiam ultrices. Suspend...er conubia nostra, per >>>})
[DEBUG] write(array) s=OPEN,api=BLOCKING,sc=false,e=null aggregated !flush DirectByteBuffer@58caaa66[p=0,l=16384,c=32768,r=16384]={<<<p>\n\n<p>Sed pretium blandi...er conubia nostra, per >>>lvinar ul...sto. </}
[DEBUG] write(array HeapByteBuffer@7c5fee00[p=0,l=8192,c=8192,r=8192]={<<<inceptos himenaeos. </p>\n...>. Integer id quam. Mor>>>})
[DEBUG] write(array) s=OPEN,api=BLOCKING,sc=false,e=null aggregated !flush DirectByteBuffer@58caaa66[p=0,l=24576,c=32768,r=24576]={<<<p>\n\n<p>Sed pretium blandi...>. Integer id quam. Mor>>>i>. Mauri...sto. </}
[DEBUG] write(array HeapByteBuffer@1effca97[p=0,l=8192,c=8192,r=8192]={<<<bi mi. Quisque nisl felis...imperdiet. </p>\n\n<p>Ves>>>})
[DEBUG] write(array) s=OPEN,api=BLOCKED,sc=false,e=null last=false agg=true flush=true async=false, len=0 DirectByteBuffer@58caaa66[p=0,l=32768,c=32768,r=32768]={<<<p>\n\n<p>Sed pretium blandi...imperdiet. </p>\n\n<p>Ves>>>}
[DEBUG] sendResponse info=null content=DirectByteBuffer@58caaa66[p=0,l=32768,c=32768,r=32768]={<<<p>\n\n<p>Sed pretium blandi...imperdiet. </p>\n\n<p>Ves>>>} complete=false committing=false callback=Blocker@38e55529{null}
[DEBUG] generate: NEED_CHUNK for SendCallback@3e772566[PROCESSING][i=null,cb=org.eclipse.jetty.server.HttpChannel$SendCallback@62187bc4] (null,[p=0,l=32768,c=32768,r=32768],false)@COMMITTED
[DEBUG] generate: FLUSH for SendCallback@3e772566[PROCESSING][i=null,cb=org.eclipse.jetty.server.HttpChannel$SendCallback@62187bc4] (null,[p=0,l=32768,c=32768,r=32768],false)@COMMITTED
[DEBUG] write: WriteFlusher@2ef54d9f{IDLE}->null [HeapByteBuffer@e6dab5c[p=0,l=8,c=1024,r=8]={<<<\r\n8000\r\n>>>\x00\x00\x00\x00\x00\x00\x00\x00\x00...\x00\x00\x00\x00\x00\x00\x00},DirectByteBuffer@58caaa66[p=0,l=32768,c=32768,r=32768]={<<<p>\n\n<p>Sed pretium blandi...imperdiet. </p>\n\n<p>Ves>>>}]
[DEBUG] update WriteFlusher@2ef54d9f{WRITING}->null:IDLE-->WRITING
[DEBUG] flushed 32776 SocketChannelEndPoint@4414532c{l=/127.0.0.1:38858,r=/127.0.0.1:42944,OPEN,fill=-,flush=W,to=0/30000}{io=0/0,kio=0,kro=1}->HttpConnection@26dcb9cc[p=HttpParser{s=CONTENT,0 of -1},g=HttpGenerator@bf2138a{s=COMMITTED}]=>HttpChannelOverHttp@1f3a8692{s=HttpChannelState@13c489c4{s=HANDLING rs=BLOCKING os=COMMITTED is=IDLE awp=false se=false i=true al=0},r=1,c=false/false,a=HANDLING,uri=//localhost:38858/FileServlet/htmltests/large.html,age=116}
[DEBUG] Flushed=true written=32776 remaining=0 WriteFlusher@2ef54d9f{WRITING}->null
[DEBUG] update WriteFlusher@2ef54d9f{IDLE}->null:WRITING-->IDLE
[DEBUG] generate: DONE for SendCallback@3e772566[PROCESSING][i=null,cb=org.eclipse.jetty.server.HttpChannel$SendCallback@62187bc4] (null,[p=32768,l=32768,c=32768,r=0],false)@COMMITTED
[DEBUG] onWriteComplete(false,null) s=OPEN,api=BLOCKED,sc=false,e=null->s=OPEN,api=BLOCKING,sc=false,e=null c=null cb=null w=false
[DEBUG] write(array HeapByteBuffer@399afe46[p=0,l=8192,c=8192,r=8192]={<<<tibulum sapien. <b>Morbi ...torquent per conubia no>>>})
[DEBUG] write(array) s=OPEN,api=BLOCKING,sc=false,e=null aggregated !flush DirectByteBuffer@58caaa66[p=0,l=8192,c=32768,r=8192]={<<<tibulum sapien. <b>Morbi ...torquent per conubia no>>>. Etiam u...\n<p>Ves}
[DEBUG] write(array HeapByteBuffer@3a36389b[p=0,l=8192,c=8192,r=8192]={<<<stra, per inceptos himena...a</i>. Vestibulum nisi >>>})
[DEBUG] write(array) s=OPEN,api=BLOCKING,sc=false,e=null aggregated !flush DirectByteBuffer@58caaa66[p=0,l=16384,c=32768,r=16384]={<<<tibulum sapien. <b>Morbi ...a</i>. Vestibulum nisi >>>inceptos ...\n<p>Ves}
[DEBUG] write(array HeapByteBuffer@5a7df638[p=0,l=8192,c=8192,r=8192]={<<<lectus, commodo ac, facil.../b>. Sed lectus. Intege>>>})
[DEBUG] write(array) s=OPEN,api=BLOCKING,sc=false,e=null aggregated !flush DirectByteBuffer@58caaa66[p=0,l=24576,c=32768,r=24576]={<<<tibulum sapien. <b>Morbi .../b>. Sed lectus. Intege>>>bi mi. Qu...\n<p>Ves}
[DEBUG] write(array HeapByteBuffer@7b9a60e8[p=0,l=8192,c=8192,r=8192]={<<<r euismod lacus luctus ma...ur sodales ligula in li>>>})
[DEBUG] write(array) s=OPEN,api=BLOCKED,sc=false,e=null last=false agg=true flush=true async=false, len=0 DirectByteBuffer@58caaa66[p=0,l=32768,c=32768,r=32768]={<<<tibulum sapien. <b>Morbi ...ur sodales ligula in li>>>}
[DEBUG] sendResponse info=null content=DirectByteBuffer@58caaa66[p=0,l=32768,c=32768,r=32768]={<<<tibulum sapien. <b>Morbi ...ur sodales ligula in li>>>} complete=false committing=false callback=Blocker@38e55529{null}
[DEBUG] generate: NEED_CHUNK for SendCallback@3e772566[PROCESSING][i=null,cb=org.eclipse.jetty.server.HttpChannel$SendCallback@151cc913] (null,[p=0,l=32768,c=32768,r=32768],false)@COMMITTED
[DEBUG] generate: FLUSH for SendCallback@3e772566[PROCESSING][i=null,cb=org.eclipse.jetty.server.HttpChannel$SendCallback@151cc913] (null,[p=0,l=32768,c=32768,r=32768],false)@COMMITTED
[DEBUG] write: WriteFlusher@2ef54d9f{IDLE}->null [HeapByteBuffer@ed6005f[p=0,l=8,c=1024,r=8]={<<<\r\n8000\r\n>>>\x00\x00\x00\x00\x00\x00\x00\x00\x00...\x00\x00\x00\x00\x00\x00\x00},DirectByteBuffer@58caaa66[p=0,l=32768,c=32768,r=32768]={<<<tibulum sapien. <b>Morbi ...ur sodales ligula in li>>>}]
[DEBUG] update WriteFlusher@2ef54d9f{WRITING}->null:IDLE-->WRITING
[DEBUG] flushed 32776 SocketChannelEndPoint@4414532c{l=/127.0.0.1:38858,r=/127.0.0.1:42944,OPEN,fill=-,flush=W,to=0/30000}{io=0/0,kio=0,kro=1}->HttpConnection@26dcb9cc[p=HttpParser{s=CONTENT,0 of -1},g=HttpGenerator@bf2138a{s=COMMITTED}]=>HttpChannelOverHttp@1f3a8692{s=HttpChannelState@13c489c4{s=HANDLING rs=BLOCKING os=COMMITTED is=IDLE awp=false se=false i=true al=0},r=1,c=false/false,a=HANDLING,uri=//localhost:38858/FileServlet/htmltests/large.html,age=117}
[DEBUG] Flushed=true written=32776 remaining=0 WriteFlusher@2ef54d9f{WRITING}->null
[DEBUG] update WriteFlusher@2ef54d9f{IDLE}->null:WRITING-->IDLE
[DEBUG] generate: DONE for SendCallback@3e772566[PROCESSING][i=null,cb=org.eclipse.jetty.server.HttpChannel$SendCallback@151cc913] (null,[p=32768,l=32768,c=32768,r=0],false)@COMMITTED
[DEBUG] onWriteComplete(false,null) s=OPEN,api=BLOCKED,sc=false,e=null->s=OPEN,api=BLOCKING,sc=false,e=null c=null cb=null w=false
[DEBUG] write(array HeapByteBuffer@1ee5c9cb[p=0,l=8192,c=8192,r=8192]={<<<bero. Sed dignissim lacin..., iaculis et, viverra v>>>})
[DEBUG] write(array) s=OPEN,api=BLOCKING,sc=false,e=null aggregated !flush DirectByteBuffer@58caaa66[p=0,l=8192,c=32768,r=8192]={<<<bero. Sed dignissim lacin..., iaculis et, viverra v>>>stra, per...a in li}
[DEBUG] write(array HeapByteBuffer@2b9c2019[p=0,l=8192,c=8192,r=8192]={<<<itae, ligula. <i>Integer ...bulum ante ipsum primis>>>})
[DEBUG] write(array) s=OPEN,api=BLOCKING,sc=false,e=null aggregated !flush DirectByteBuffer@58caaa66[p=0,l=16384,c=32768,r=16384]={<<<bero. Sed dignissim lacin...bulum ante ipsum primis>>>lectus, c...a in li}
[DEBUG] write(array HeapByteBuffer@3a998a2[p=0,l=8192,c=8192,r=8192]={<<< in faucibus orci luctus ...auris. Fusce nec tellus>>>})
[DEBUG] write(array) s=OPEN,api=BLOCKING,sc=false,e=null aggregated !flush DirectByteBuffer@58caaa66[p=0,l=24576,c=32768,r=24576]={<<<bero. Sed dignissim lacin...auris. Fusce nec tellus>>>r euismod...a in li}
[DEBUG] Flushed=true written=32776 remaining=0 WriteFlusher@24f3129f{WRITING}->null
[DEBUG] update WriteFlusher@24f3129f{IDLE}->null:WRITING-->IDLE
[DEBUG] generate: DONE for SendCallback@208cff1d[PROCESSING][i=null,cb=org.eclipse.jetty.server.HttpChannel$SendCallback@14775e16] (null,[p=32768,l=32768,c=32768,r=0],false)@COMMITTED
[DEBUG] onWriteComplete(false,null) s=OPEN,api=BLOCKED,sc=false,e=null->s=OPEN,api=BLOCKING,sc=false,e=null c=null cb=null w=false
[DEBUG] write(array HeapByteBuffer@66f37573[p=0,l=8192,c=8192,r=8192]={<<<tibulum sapien. <b>Morbi ...torquent per conubia no>>>})
[DEBUG] write(array) s=OPEN,api=BLOCKING,sc=false,e=null aggregated !flush DirectByteBuffer@577d71b2[p=0,l=8192,c=32768,r=8192]={<<<tibulum sapien. <b>Morbi ...torquent per conubia no>>>. Etiam u...\n<p>Ves}
[DEBUG] write(array HeapByteBuffer@471ad66f[p=0,l=8192,c=8192,r=8192]={<<<stra, per inceptos himena...a</i>. Vestibulum nisi >>>})
[DEBUG] write(array) s=OPEN,api=BLOCKING,sc=false,e=null aggregated !flush DirectByteBuffer@577d71b2[p=0,l=16384,c=32768,r=16384]={<<<tibulum sapien. <b>Morbi ...a</i>. Vestibulum nisi >>>inceptos ...\n<p>Ves}
[DEBUG] write(array HeapByteBuffer@5c98964d[p=0,l=8192,c=8192,r=8192]={<<<lectus, commodo ac, facil.../b>. Sed lectus. Intege>>>})
[DEBUG] write(array) s=OPEN,api=BLOCKING,sc=false,e=null aggregated !flush DirectByteBuffer@577d71b2[p=0,l=24576,c=32768,r=24576]={<<<tibulum sapien. <b>Morbi .../b>. Sed lectus. Intege>>>bi mi. Qu...\n<p>Ves}
[DEBUG] write(array HeapByteBuffer@72b1e426[p=0,l=8192,c=8192,r=8192]={<<<r euismod lacus luctus ma...ur sodales ligula in li>>>})
[DEBUG] write(array) s=OPEN,api=BLOCKED,sc=false,e=null last=false agg=true flush=true async=false, len=0 DirectByteBuffer@577d71b2[p=0,l=32768,c=32768,r=32768]={<<<tibulum sapien. <b>Morbi ...ur sodales ligula in li>>>}
[DEBUG] sendResponse info=null content=DirectByteBuffer@577d71b2[p=0,l=32768,c=32768,r=32768]={<<<tibulum sapien. <b>Morbi ...ur sodales ligula in li>>>} complete=false committing=false callback=Blocker@7fddd73{null}
[DEBUG] generate: NEED_CHUNK for SendCallback@208cff1d[PROCESSING][i=null,cb=org.eclipse.jetty.server.HttpChannel$SendCallback@f945fee] (null,[p=0,l=32768,c=32768,r=32768],false)@COMMITTED
[DEBUG] generate: FLUSH for SendCallback@208cff1d[PROCESSING][i=null,cb=org.eclipse.jetty.server.HttpChannel$SendCallback@f945fee] (null,[p=0,l=32768,c=32768,r=32768],false)@COMMITTED
[DEBUG] write: WriteFlusher@24f3129f{IDLE}->null [HeapByteBuffer@e6dab5c[p=0,l=8,c=1024,r=8]={<<<\r\n8000\r\n>>>\x00\x00\x00\x00\x00\x00\x00\x00\x00...\x00\x00\x00\x00\x00\x00\x00},DirectByteBuffer@577d71b2[p=0,l=32768,c=32768,r=32768]={<<<tibulum sapien. <b>Morbi ...ur sodales ligula in li>>>}]
[DEBUG] update WriteFlusher@24f3129f{WRITING}->null:IDLE-->WRITING
[DEBUG] flushed 32776 SocketChannelEndPoint@3842ad8c{l=/127.0.0.1:38858,r=/127.0.0.1:42948,OPEN,fill=-,flush=W,to=6/30000}{io=0/0,kio=0,kro=1}->HttpConnection@37d513d7[p=HttpParser{s=CONTENT,0 of -1},g=HttpGenerator@296d6fb5{s=COMMITTED}]=>HttpChannelOverHttp@57dc8a91{s=HttpChannelState@117d29ba{s=HANDLING rs=BLOCKING os=COMMITTED is=IDLE awp=false se=false i=true al=0},r=1,c=false/false,a=HANDLING,uri=//localhost:38858/FileServlet/htmltests/large.html,age=81}
[DEBUG] Flushed=true written=32776 remaining=0 WriteFlusher@24f3129f{WRITING}->null
[DEBUG] update WriteFlusher@24f3129f{IDLE}->null:WRITING-->IDLE
[DEBUG] generate: DONE for SendCallback@208cff1d[PROCESSING][i=null,cb=org.eclipse.jetty.server.HttpChannel$SendCallback@f945fee] (null,[p=32768,l=32768,c=32768,r=0],false)@COMMITTED
[DEBUG] onWriteComplete(false,null) s=OPEN,api=BLOCKED,sc=false,e=null->s=OPEN,api=BLOCKING,sc=false,e=null c=null cb=null w=false
[DEBUG] write(array HeapByteBuffer@1eac59dd[p=0,l=8192,c=8192,r=8192]={<<<bero. Sed dignissim lacin..., iaculis et, viverra v>>>})
[DEBUG] write(array) s=OPEN,api=BLOCKING,sc=false,e=null aggregated !flush DirectByteBuffer@577d71b2[p=0,l=8192,c=32768,r=8192]={<<<bero. Sed dignissim lacin..., iaculis et, viverra v>>>stra, per...a in li}
[DEBUG] write(array HeapByteBuffer@69e9ebb[p=0,l=8192,c=8192,r=8192]={<<<itae, ligula. <i>Integer ...bulum ante ipsum primis>>>})
[DEBUG] write(array) s=OPEN,api=BLOCKING,sc=false,e=null aggregated !flush DirectByteBuffer@577d71b2[p=0,l=16384,c=32768,r=16384]={<<<bero. Sed dignissim lacin...bulum ante ipsum primis>>>lectus, c...a in li}
[DEBUG] write(array HeapByteBuffer@7bf3ca9a[p=0,l=8192,c=8192,r=8192]={<<< in faucibus orci luctus ...auris. Fusce nec tellus>>>})
[DEBUG] write(array) s=OPEN,api=BLOCKING,sc=false,e=null aggregated !flush DirectByteBuffer@577d71b2[p=0,l=24576,c=32768,r=24576]={<<<bero. Sed dignissim lacin...auris. Fusce nec tellus>>>r euismod...a in li}
[DEBUG] write(array HeapByteBuffer@56358125[p=0,l=8192,c=8192,r=8192]={<<< sed augue semper porta. ...ces sit amet, augue. Pr>>>})
[DEBUG] write(array) s=OPEN,api=BLOCKED,sc=false,e=null last=false agg=true flush=true async=false, len=0 DirectByteBuffer@577d71b2[p=0,l=32768,c=32768,r=32768]={<<<bero. Sed dignissim lacin...ces sit amet, augue. Pr>>>}
[DEBUG] sendResponse info=null content=DirectByteBuffer@577d71b2[p=0,l=32768,c=32768,r=32768]={<<<bero. Sed dignissim lacin...ces sit amet, augue. Pr>>>} complete=false committing=false callback=Blocker@7fddd73{null}
[DEBUG] generate: NEED_CHUNK for SendCallback@208cff1d[PROCESSING][i=null,cb=org.eclipse.jetty.server.HttpChannel$SendCallback@2aab488f] (null,[p=0,l=32768,c=32768,r=32768],false)@COMMITTED
[DEBUG] generate: FLUSH for SendCallback@208cff1d[PROCESSING][i=null,cb=org.eclipse.jetty.server.HttpChannel$SendCallback@2aab488f] (null,[p=0,l=32768,c=32768,r=32768],false)@COMMITTED
[DEBUG] write: WriteFlusher@24f3129f{IDLE}->null [HeapByteBuffer@ed6005f[p=0,l=8,c=1024,r=8]={<<<\r\n8000\r\n>>>\x00\x00\x00\x00\x00\x00\x00\x00\x00...\x00\x00\x00\x00\x00\x00\x00},DirectByteBuffer@577d71b2[p=0,l=32768,c=32768,r=32768]={<<<bero. Sed dignissim lacin...ces sit amet, augue. Pr>>>}]
[DEBUG] update WriteFlusher@24f3129f{WRITING}->null:IDLE-->WRITING
[DEBUG] write: WriteFlusher@653abf25{IDLE}->null [HeapByteBuffer@68278da5[p=0,l=8,c=1024,r=8]={<<<\r\n489F\r\n>>>\x00\x00\x00\x00\x00\x00\x00\x00\x00...\x00\x00\x00\x00\x00\x00\x00},DirectByteBuffer@1492b79c[p=0,l=18591,c=32768,r=18591]={<<<oin sodales libero eget a.... </p>\n\n</body></html>\n>>>erisque s...gue. Pr}]
[DEBUG] update WriteFlusher@653abf25{WRITING}->null:IDLE-->WRITING
[DEBUG] flushed 18599 SocketChannelEndPoint@122254ce{l=/127.0.0.1:38858,r=/127.0.0.1:42942,OPEN,fill=-,flush=W,to=35/30000}{io=0/0,kio=0,kro=1}->HttpConnection@3be4ecda[p=HttpParser{s=CONTENT,0 of -1},g=HttpGenerator@af7230{s=COMMITTED}]=>HttpChannelOverHttp@f268a5a{s=HttpChannelState@2e8f904b{s=HANDLING rs=BLOCKING os=COMMITTED is=IDLE awp=false se=false i=true al=0},r=1,c=false/false,a=HANDLING,uri=//localhost:38858/FileServlet/htmltests/large.html,age=148}
[DEBUG] Flushed=true written=18599 remaining=0 WriteFlusher@653abf25{WRITING}->null
[DEBUG] update WriteFlusher@653abf25{IDLE}->null:WRITING-->IDLE
[DEBUG] generate: DONE for SendCallback@2c1836a[PROCESSING][i=null,cb=org.eclipse.jetty.server.HttpChannel$SendCallback@610ba1d8] (null,[p=18591,l=18591,c=32768,r=0],false)@COMMITTED
[DEBUG] onWriteComplete(false,null) s=OPEN,api=BLOCKED,sc=false,e=null->s=OPEN,api=BLOCKING,sc=false,e=null c=null cb=null w=false
[DEBUG] handled=true async=false committed=true on HttpChannelOverHttp@f268a5a{s=HttpChannelState@2e8f904b{s=HANDLING rs=BLOCKING os=COMMITTED is=IDLE awp=false se=false i=true al=0},r=1,c=false/false,a=HANDLING,uri=//localhost:38858/FileServlet/htmltests/large.html,age=148}
[DEBUG] unhandle HttpChannelState@2e8f904b{s=HANDLING rs=BLOCKING os=COMMITTED is=IDLE awp=false se=false i=true al=0}
[DEBUG] nextAction(false) COMPLETE HttpChannelState@2e8f904b{s=HANDLING rs=COMPLETING os=COMMITTED is=IDLE awp=false se=false i=false al=0}
[DEBUG] action COMPLETE HttpChannelOverHttp@f268a5a{s=HttpChannelState@2e8f904b{s=HANDLING rs=COMPLETING os=COMMITTED is=IDLE awp=false se=false i=false al=0},r=1,c=false/false,a=HANDLING,uri=//localhost:38858/FileServlet/htmltests/large.html,age=148}
[DEBUG] complete(org.eclipse.jetty.util.Callback$3@70b05c13) s=CLOSING,api=BLOCKED,sc=false,e=null s=false e=null, c=HeapByteBuffer@11848662[p=0,l=0,c=0,r=0]={<<<>>>}
[DEBUG] sendResponse info=null content=HeapByteBuffer@11848662[p=0,l=0,c=0,r=0]={<<<>>>} complete=true committing=false callback=org.eclipse.jetty.server.HttpOutput$WriteCompleteCB@79a1c6da
[DEBUG] generate: CONTINUE for SendCallback@2c1836a[PROCESSING][i=null,cb=org.eclipse.jetty.server.HttpChannel$SendCallback@628d8263] (null,[p=0,l=0,c=0,r=0],true)@COMPLETING
[DEBUG] generate: NEED_CHUNK for SendCallback@2c1836a[PROCESSING][i=null,cb=org.eclipse.jetty.server.HttpChannel$SendCallback@628d8263] (null,[p=0,l=0,c=0,r=0],true)@COMPLETING
[DEBUG] generate: FLUSH for SendCallback@2c1836a[PROCESSING][i=null,cb=org.eclipse.jetty.server.HttpChannel$SendCallback@628d8263] (null,[p=0,l=0,c=0,r=0],true)@COMPLETING
[DEBUG] write: WriteFlusher@653abf25{IDLE}->null [HeapByteBuffer@690742bb[p=0,l=7,c=1024,r=7]={<<<\r\n0\r\n\r\n>>>\n\x00\x00\x00\x00\x00\x00\x00\x00...\x00\x00\x00\x00\x00\x00\x00}]
[DEBUG] update WriteFlusher@653abf25{WRITING}->null:IDLE-->WRITING
[DEBUG] flushed 7 SocketChannelEndPoint@122254ce{l=/127.0.0.1:38858,r=/127.0.0.1:42942,OPEN,fill=-,flush=W,to=0/30000}{io=0/0,kio=0,kro=1}->HttpConnection@3be4ecda[p=HttpParser{s=CONTENT,0 of -1},g=HttpGenerator@af7230{s=COMPLETING}]=>HttpChannelOverHttp@f268a5a{s=HttpChannelState@2e8f904b{s=HANDLING rs=COMPLETING os=COMMITTED is=IDLE awp=false se=false i=false al=0},r=1,c=false/false,a=HANDLING,uri=//localhost:38858/FileServlet/htmltests/large.html,age=149}
[DEBUG] Flushed=true written=7 remaining=0 WriteFlusher@653abf25{WRITING}->null
[DEBUG] update WriteFlusher@653abf25{IDLE}->null:WRITING-->IDLE
[DEBUG] generate: DONE for SendCallback@2c1836a[PROCESSING][i=null,cb=org.eclipse.jetty.server.HttpChannel$SendCallback@628d8263] (null,[p=0,l=0,c=0,r=0],true)@END
[DEBUG] onWriteComplete(true,null) s=CLOSING,api=BLOCKED,sc=false,e=null->s=CLOSED,api=BLOCKING,sc=false,e=null c=null cb=org.eclipse.jetty.util.Callback$3@70b05c13 w=false
[DEBUG] completed HttpChannelState@2e8f904b{s=HANDLING rs=COMPLETING os=COMPLETED is=IDLE awp=false se=false i=false al=0}
[DEBUG] unhandle HttpChannelState@2e8f904b{s=HANDLING rs=COMPLETED os=COMPLETED is=IDLE awp=false se=false i=false al=0}
[DEBUG] nextAction(false) TERMINATED HttpChannelState@2e8f904b{s=IDLE rs=COMPLETED os=COMPLETED is=IDLE awp=false se=false i=false al=0}
[DEBUG] action TERMINATED HttpChannelOverHttp@f268a5a{s=HttpChannelState@2e8f904b{s=IDLE rs=COMPLETED os=COMPLETED is=IDLE awp=false se=false i=false al=0},r=1,c=true/true,a=IDLE,uri=//localhost:38858/FileServlet/htmltests/large.html,age=149}
[DEBUG] onCompleted for /FileServlet/htmltests/large.html written=280735
[DEBUG] filled 0 HeapByteBuffer@41e05b38[p=0,l=0,c=8192,r=0]={<<<>>>HTTP/1.1 ...\x00\x00\x00\x00\x00\x00\x00}
[DEBUG] filled 0 HeapByteBuffer@41e05b38[p=0,l=0,c=8192,r=0]={<<<>>>HTTP/1.1 ...\x00\x00\x00\x00\x00\x00\x00}
[DEBUG] HttpConnection@3be4ecda::SocketChannelEndPoint@122254ce{l=/127.0.0.1:38858,r=/127.0.0.1:42942,OPEN,fill=-,flush=-,to=0/30000}{io=0/0,kio=0,kro=1}->HttpConnection@3be4ecda[p=HttpParser{s=CONTENT,0 of -1},g=HttpGenerator@af7230{s=END}]=>HttpChannelOverHttp@f268a5a{s=HttpChannelState@2e8f904b{s=IDLE rs=COMPLETED os=COMPLETED is=IDLE awp=false se=false i=false al=0},r=1,c=true/true,a=IDLE,uri=//localhost:38858/FileServlet/htmltests/large.html,age=149} filled 0 HeapByteBuffer@41e05b38[p=0,l=0,c=8192,r=0]={<<<>>>HTTP/1.1 ...\x00\x00\x00\x00\x00\x00\x00}
[DEBUG] HttpConnection@3be4ecda::SocketChannelEndPoint@122254ce{l=/127.0.0.1:38858,r=/127.0.0.1:42942,OPEN,fill=-,flush=-,to=0/30000}{io=0/0,kio=0,kro=1}->HttpConnection@3be4ecda[p=HttpParser{s=CONTENT,0 of -1},g=HttpGenerator@af7230{s=END}]=>HttpChannelOverHttp@f268a5a{s=HttpChannelState@2e8f904b{s=IDLE rs=COMPLETED os=COMPLETED is=IDLE awp=false se=false i=false al=0},r=1,c=true/true,a=IDLE,uri=//localhost:38858/FileServlet/htmltests/large.html,age=149} parse HeapByteBuffer@41e05b38[p=0,l=0,c=8192,r=0]={<<<>>>HTTP/1.1 ...\x00\x00\x00\x00\x00\x00\x00} {}
[DEBUG] parseNext s=CONTENT HeapByteBuffer@41e05b38[p=0,l=0,c=8192,r=0]={<<<>>>HTTP/1.1 ...\x00\x00\x00\x00\x00\x00\x00}
[DEBUG] CONTENT --> CONTENT_END
[DEBUG] onContentComplete HttpChannelOverHttp@f268a5a{s=HttpChannelState@2e8f904b{s=IDLE rs=COMPLETED os=COMPLETED is=IDLE awp=false se=false i=false al=0},r=1,c=true/true,a=IDLE,uri=//localhost:38858/FileServlet/htmltests/large.html,age=149}
[DEBUG] CONTENT_END --> END
[DEBUG] onRequestComplete HttpChannelOverHttp@f268a5a{s=HttpChannelState@2e8f904b{s=IDLE rs=COMPLETED os=COMPLETED is=IDLE awp=false se=false i=false al=0},r=1,c=true/true,a=IDLE,uri=//localhost:38858/FileServlet/htmltests/large.html,age=149}
[DEBUG] HttpInputOverHTTP@5e34fa8b[c=0,q=0,[0]=null,s=STREAM] addContent EOF
[DEBUG] HttpConnection@3be4ecda::SocketChannelEndPoint@122254ce{l=/127.0.0.1:38858,r=/127.0.0.1:42942,OPEN,fill=-,flush=-,to=0/30000}{io=0/0,kio=0,kro=1}->HttpConnection@3be4ecda[p=HttpParser{s=END,0 of -1},g=HttpGenerator@af7230{s=END}]=>HttpChannelOverHttp@f268a5a{s=HttpChannelState@2e8f904b{s=IDLE rs=COMPLETED os=COMPLETED is=IDLE awp=false se=false i=false al=0},r=1,c=true/true,a=IDLE,uri=//localhost:38858/FileServlet/htmltests/large.html,age=150} parsed false HttpParser{s=END,0 of -1}
[DEBUG] releaseRequestBuffer HttpConnection@3be4ecda::SocketChannelEndPoint@122254ce{l=/127.0.0.1:38858,r=/127.0.0.1:42942,OPEN,fill=-,flush=-,to=0/30000}{io=0/0,kio=0,kro=1}->HttpConnection@3be4ecda[p=HttpParser{s=END,0 of -1},g=HttpGenerator@af7230{s=END}]=>HttpChannelOverHttp@f268a5a{s=HttpChannelState@2e8f904b{s=IDLE rs=COMPLETED os=COMPLETED is=IDLE awp=false se=false i=false al=0},r=1,c=true/true,a=IDLE,uri=//localhost:38858/FileServlet/htmltests/large.html,age=150}
[DEBUG] recycle HttpChannelState@2e8f904b{s=IDLE rs=COMPLETED os=COMPLETED is=IDLE awp=false se=false i=false al=0}
[DEBUG] reset HttpParser{s=END,0 of -1}
[DEBUG] END --> START
[DEBUG] !handle TERMINATED HttpChannelOverHttp@f268a5a{s=HttpChannelState@2e8f904b{s=IDLE rs=BLOCKING os=OPEN is=IDLE awp=false se=false i=true al=0},r=1,c=false/false,a=IDLE,uri=null,age=0}
[DEBUG] filled 0 HeapByteBuffer@78a30358[p=0,l=0,c=8192,r=0]={<<<>>>HTTP/1.1 ...\x00\x00\x00\x00\x00\x00\x00}
[DEBUG] filled 0 HeapByteBuffer@78a30358[p=0,l=0,c=8192,r=0]={<<<>>>HTTP/1.1 ...\x00\x00\x00\x00\x00\x00\x00}
[DEBUG] HttpConnection@3be4ecda::SocketChannelEndPoint@122254ce{l=/127.0.0.1:38858,r=/127.0.0.1:42942,OPEN,fill=-,flush=-,to=1/30000}{io=0/0,kio=0,kro=1}->HttpConnection@3be4ecda[p=HttpParser{s=START,0 of -1},g=HttpGenerator@af7230{s=START}]=>HttpChannelOverHttp@f268a5a{s=HttpChannelState@2e8f904b{s=IDLE rs=BLOCKING os=OPEN is=IDLE awp=false se=false i=true al=0},r=1,c=false/false,a=IDLE,uri=null,age=0} filled 0 HeapByteBuffer@78a30358[p=0,l=0,c=8192,r=0]={<<<>>>HTTP/1.1 ...\x00\x00\x00\x00\x00\x00\x00}
[DEBUG] HttpConnection@3be4ecda::SocketChannelEndPoint@122254ce{l=/127.0.0.1:38858,r=/127.0.0.1:42942,OPEN,fill=-,flush=-,to=1/30000}{io=0/0,kio=0,kro=1}->HttpConnection@3be4ecda[p=HttpParser{s=START,0 of -1},g=HttpGenerator@af7230{s=START}]=>HttpChannelOverHttp@f268a5a{s=HttpChannelState@2e8f904b{s=IDLE rs=BLOCKING os=OPEN is=IDLE awp=false se=false i=true al=0},r=1,c=false/false,a=IDLE,uri=null,age=0} parse HeapByteBuffer@78a30358[p=0,l=0,c=8192,r=0]={<<<>>>HTTP/1.1 ...\x00\x00\x00\x00\x00\x00\x00} {}
[DEBUG] parseNext s=START HeapByteBuffer@78a30358[p=0,l=0,c=8192,r=0]={<<<>>>HTTP/1.1 ...\x00\x00\x00\x00\x00\x00\x00}
[DEBUG] HttpConnection@3be4ecda::SocketChannelEndPoint@122254ce{l=/127.0.0.1:38858,r=/127.0.0.1:42942,OPEN,fill=-,flush=-,to=1/30000}{io=0/0,kio=0,kro=1}->HttpConnection@3be4ecda[p=HttpParser{s=START,0 of -1},g=HttpGenerator@af7230{s=START}]=>HttpChannelOverHttp@f268a5a{s=HttpChannelState@2e8f904b{s=IDLE rs=BLOCKING os=OPEN is=IDLE awp=false se=false i=true al=0},r=1,c=false/false,a=IDLE,uri=null,age=0} parsed false HttpParser{s=START,0 of -1}
[DEBUG] write(array) s=OPEN,api=BLOCKING,sc=false,e=null aggregated !flush DirectByteBuffer@1c19d748[p=0,l=16384,c=32768,r=16384]={<<<dolor. Maecenas mattis. S...m. Etiam ultrices. Susp>>>or. Lorem...sem at }
[DEBUG] write(array HeapByteBuffer@8aefdf3[p=0,l=8192,c=8192,r=8192]={<<<endisse in justo eu magna...cinia nunc. </p>\n\n<p>Cu>>>})
[DEBUG] write(array) s=OPEN,api=BLOCKING,sc=false,e=null aggregated !flush DirectByteBuffer@1c19d748[p=0,l=24576,c=32768,r=24576]={<<<dolor. Maecenas mattis. S...cinia nunc. </p>\n\n<p>Cu>>>rra nec, ...sem at }
[DEBUG] write(array HeapByteBuffer@36c4c041[p=0,l=8192,c=8192,r=8192]={<<<rabitur tortor. <i>Vestib... ac, ultricies eu, pede>>>})
[DEBUG] write(array) s=OPEN,api=BLOCKED,sc=false,e=null last=false agg=true flush=true async=false, len=0 DirectByteBuffer@1c19d748[p=0,l=32768,c=32768,r=32768]={<<<dolor. Maecenas mattis. S... ac, ultricies eu, pede>>>}
[DEBUG] sendResponse info=null content=DirectByteBuffer@1c19d748[p=0,l=32768,c=32768,r=32768]={<<<dolor. Maecenas mattis. S... ac, ultricies eu, pede>>>} complete=false committing=false callback=Blocker@f8d6b34{null}
[DEBUG] generate: NEED_CHUNK for SendCallback@606934da[PROCESSING][i=null,cb=org.eclipse.jetty.server.HttpChannel$SendCallback@da95f42] (null,[p=0,l=32768,c=32768,r=32768],false)@COMMITTED
[DEBUG] generate: FLUSH for SendCallback@606934da[PROCESSING][i=null,cb=org.eclipse.jetty.server.HttpChannel$SendCallback@da95f42] (null,[p=0,l=32768,c=32768,r=32768],false)@COMMITTED
[DEBUG] write: WriteFlusher@6dfe4884{IDLE}->null [HeapByteBuffer@e6dab5c[p=0,l=8,c=1024,r=8]={<<<\r\n8000\r\n>>>\x00\x00\x00\x00\x00\x00\x00\x00\x00...\x00\x00\x00\x00\x00\x00\x00},DirectByteBuffer@1c19d748[p=0,l=32768,c=32768,r=32768]={<<<dolor. Maecenas mattis. S... ac, ultricies eu, pede>>>}]
[DEBUG] update WriteFlusher@6dfe4884{WRITING}->null:IDLE-->WRITING
[DEBUG] flushed 32776 SocketChannelEndPoint@77ed8bb4{l=/127.0.0.1:38858,r=/127.0.0.1:42946,OPEN,fill=-,flush=W,to=40/30000}{io=0/0,kio=0,kro=1}->HttpConnection@65fa8c24[p=HttpParser{s=CONTENT,0 of -1},g=HttpGenerator@307be154{s=COMMITTED}]=>HttpChannelOverHttp@c28598b{s=HttpChannelState@5bb2823f{s=HANDLING rs=BLOCKING os=COMMITTED is=IDLE awp=false se=false i=true al=0},r=1,c=false/false,a=HANDLING,uri=//localhost:38858/FileServlet/htmltests/large.html,age=110}
[DEBUG] Flushed=true written=32776 remaining=0 WriteFlusher@6dfe4884{WRITING}->null
[DEBUG] update WriteFlusher@6dfe4884{IDLE}->null:WRITING-->IDLE
[DEBUG] generate: DONE for SendCallback@606934da[PROCESSING][i=null,cb=org.eclipse.jetty.server.HttpChannel$SendCallback@da95f42] (null,[p=32768,l=32768,c=32768,r=0],false)@COMMITTED
[DEBUG] onWriteComplete(false,null) s=OPEN,api=BLOCKED,sc=false,e=null->s=OPEN,api=BLOCKING,sc=false,e=null c=null cb=null w=false
[DEBUG] write(array HeapByteBuffer@50495f67[p=0,l=8192,c=8192,r=8192]={<<<. <i>Praesent blandit dol...ae; Morbi lacinia moles>>>})
[DEBUG] write(array) s=OPEN,api=BLOCKING,sc=false,e=null aggregated !flush DirectByteBuffer@1c19d748[p=0,l=8192,c=32768,r=8192]={<<<. <i>Praesent blandit dol...ae; Morbi lacinia moles>>>uet eget,...u, pede}
[DEBUG] write(array HeapByteBuffer@2ff761f8[p=0,l=8192,c=8192,r=8192]={<<<tie dui. <b>Ut fringilla<...cinia aliquet. <b>Pelle>>>})
[DEBUG] write(array) s=OPEN,api=BLOCKING,sc=false,e=null aggregated !flush DirectByteBuffer@1c19d748[p=0,l=16384,c=32768,r=16384]={<<<. <i>Praesent blandit dol...cinia aliquet. <b>Pelle>>>endisse i...u, pede}
[DEBUG] write(array HeapByteBuffer@3f216a8f[p=0,l=8192,c=8192,r=8192]={<<<ntesque nibh</b>. Mauris ...scipit sodales. Aenean >>>})
[DEBUG] write(array) s=OPEN,api=BLOCKING,sc=false,e=null aggregated !flush DirectByteBuffer@1c19d748[p=0,l=24576,c=32768,r=24576]={<<<. <i>Praesent blandit dol...scipit sodales. Aenean >>>rabitur t...u, pede}
[DEBUG] write(array HeapByteBuffer@78b57166[p=0,l=8192,c=8192,r=8192]={<<<lectus elit, fermentum no... Sed lacinia, urna non >>>})
[DEBUG] write(array) s=OPEN,api=BLOCKED,sc=false,e=null last=false agg=true flush=true async=false, len=0 DirectByteBuffer@1c19d748[p=0,l=32768,c=32768,r=32768]={<<<. <i>Praesent blandit dol... Sed lacinia, urna non >>>}
[DEBUG] sendResponse info=null content=DirectByteBuffer@1c19d748[p=0,l=32768,c=32768,r=32768]={<<<. <i>Praesent blandit dol... Sed lacinia, urna non >>>} complete=false committing=false callback=Blocker@f8d6b34{null}
[DEBUG] generate: NEED_CHUNK for SendCallback@606934da[PROCESSING][i=null,cb=org.eclipse.jetty.server.HttpChannel$SendCallback@629dbb70] (null,[p=0,l=32768,c=32768,r=32768],false)@COMMITTED
[DEBUG] generate: FLUSH for SendCallback@606934da[PROCESSING][i=null,cb=org.eclipse.jetty.server.HttpChannel$SendCallback@629dbb70] (null,[p=0,l=32768,c=32768,r=32768],false)@COMMITTED
[DEBUG] write: WriteFlusher@6dfe4884{IDLE}->null [HeapByteBuffer@68278da5[p=0,l=8,c=1024,r=8]={<<<\r\n8000\r\n>>>\x00\x00\x00\x00\x00\x00\x00\x00\x00...\x00\x00\x00\x00\x00\x00\x00},DirectByteBuffer@1c19d748[p=0,l=32768,c=32768,r=32768]={<<<. <i>Praesent blandit dol... Sed lacinia, urna non >>>}]
[DEBUG] update WriteFlusher@6dfe4884{WRITING}->null:IDLE-->WRITING
[DEBUG] flushed 32776 SocketChannelEndPoint@77ed8bb4{l=/127.0.0.1:38858,r=/127.0.0.1:42946,OPEN,fill=-,flush=W,to=0/30000}{io=0/0,kio=0,kro=1}->HttpConnection@65fa8c24[p=HttpParser{s=CONTENT,0 of -1},g=HttpGenerator@307be154{s=COMMITTED}]=>HttpChannelOverHttp@c28598b{s=HttpChannelState@5bb2823f{s=HANDLING rs=BLOCKING os=COMMITTED is=IDLE awp=false se=false i=true al=0},r=1,c=false/false,a=HANDLING,uri=//localhost:38858/FileServlet/htmltests/large.html,age=111}
[DEBUG] Flushed=true written=32776 remaining=0 WriteFlusher@6dfe4884{WRITING}->null
[DEBUG] update WriteFlusher@6dfe4884{IDLE}->null:WRITING-->IDLE
[DEBUG] generate: DONE for SendCallback@606934da[PROCESSING][i=null,cb=org.eclipse.jetty.server.HttpChannel$SendCallback@629dbb70] (null,[p=32768,l=32768,c=32768,r=0],false)@COMMITTED
[DEBUG] onWriteComplete(false,null) s=OPEN,api=BLOCKED,sc=false,e=null->s=OPEN,api=BLOCKING,sc=false,e=null c=null cb=null w=false
[DEBUG] write(array HeapByteBuffer@76f1ee7a[p=0,l=8192,c=8192,r=8192]={<<<tincidunt mattis, tortor ...si. Nulla quis sem at n>>>})
[DEBUG] write(array) s=OPEN,api=BLOCKING,sc=false,e=null aggregated !flush DirectByteBuffer@1c19d748[p=0,l=8192,c=32768,r=8192]={<<<tincidunt mattis, tortor ...si. Nulla quis sem at n>>>tie dui. ...na non }
[DEBUG] write(array HeapByteBuffer@42b09739[p=0,l=8192,c=8192,r=8192]={<<<ibh elementum imperdiet. ...orbi in dui quis est pu>>>})
[DEBUG] write(array) s=OPEN,api=BLOCKING,sc=false,e=null aggregated !flush DirectByteBuffer@1c19d748[p=0,l=16384,c=32768,r=16384]={<<<tincidunt mattis, tortor ...orbi in dui quis est pu>>>ntesque n...na non }
[DEBUG] write(array HeapByteBuffer@11ddf048[p=0,l=8192,c=8192,r=8192]={<<<lvinar ullamcorper. Nulla...tetur adipiscing elit</>>>})
[DEBUG] write(array) s=OPEN,api=BLOCKING,sc=false,e=null aggregated !flush DirectByteBuffer@1c19d748[p=0,l=24576,c=32768,r=24576]={<<<tincidunt mattis, tortor ...tetur adipiscing elit</>>>lectus el...na non }
[DEBUG] write(array HeapByteBuffer@1e149f38[p=0,l=8192,c=8192,r=8192]={<<<i>. Mauris ipsum. <b>Pell...aliquet eget, justo. </>>>})
[DEBUG] write(array) s=OPEN,api=BLOCKED,sc=false,e=null last=false agg=true flush=true async=false, len=0 DirectByteBuffer@1c19d748[p=0,l=32768,c=32768,r=32768]={<<<tincidunt mattis, tortor ...aliquet eget, justo. </>>>}
[DEBUG] sendResponse info=null content=DirectByteBuffer@1c19d748[p=0,l=32768,c=32768,r=32768]={<<<tincidunt mattis, tortor ...aliquet eget, justo. </>>>} complete=false committing=false callback=Blocker@f8d6b34{null}
[DEBUG] generate: NEED_CHUNK for SendCallback@606934da[PROCESSING][i=null,cb=org.eclipse.jetty.server.HttpChannel$SendCallback@67ef20be] (null,[p=0,l=32768,c=32768,r=32768],false)@COMMITTED
[DEBUG] generate: FLUSH for SendCallback@606934da[PROCESSING][i=null,cb=org.eclipse.jetty.server.HttpChannel$SendCallback@67ef20be] (null,[p=0,l=32768,c=32768,r=32768],false)@COMMITTED
[DEBUG] write: WriteFlusher@6dfe4884{IDLE}->null [HeapByteBuffer@690742bb[p=0,l=8,c=1024,r=8]={<<<\r\n8000\r\n>>>\x00\x00\x00\x00\x00\x00\x00\x00\x00...\x00\x00\x00\x00\x00\x00\x00},DirectByteBuffer@1c19d748[p=0,l=32768,c=32768,r=32768]={<<<tincidunt mattis, tortor ...aliquet eget, justo. </>>>}]
[DEBUG] update WriteFlusher@6dfe4884{WRITING}->null:IDLE-->WRITING
[DEBUG] flushed 32776 SocketChannelEndPoint@77ed8bb4{l=/127.0.0.1:38858,r=/127.0.0.1:42946,OPEN,fill=-,flush=W,to=0/30000}{io=0/0,kio=0,kro=1}->HttpConnection@65fa8c24[p=HttpParser{s=CONTENT,0 of -1},g=HttpGenerator@307be154{s=COMMITTED}]=>HttpChannelOverHttp@c28598b{s=HttpChannelState@5bb2823f{s=HANDLING rs=BLOCKING os=COMMITTED is=IDLE awp=false se=false i=true al=0},r=1,c=false/false,a=HANDLING,uri=//localhost:38858/FileServlet/htmltests/large.html,age=111}
[DEBUG] Flushed=true written=32776 remaining=0 WriteFlusher@6dfe4884{WRITING}->null
[DEBUG] update WriteFlusher@6dfe4884{IDLE}->null:WRITING-->IDLE
[DEBUG] generate: DONE for SendCallback@606934da[PROCESSING][i=null,cb=org.eclipse.jetty.server.HttpChannel$SendCallback@67ef20be] (null,[p=32768,l=32768,c=32768,r=0],false)@COMMITTED
[DEBUG] onWriteComplete(false,null) s=OPEN,api=BLOCKED,sc=false,e=null->s=OPEN,api=BLOCKING,sc=false,e=null c=null cb=null w=false
[DEBUG] write(array HeapByteBuffer@21a07a25[p=0,l=8192,c=8192,r=8192]={<<<p>\n\n<p>Sed pretium blandi...ulum sapien. Proin quam>>>})
[DEBUG] write(array) s=OPEN,api=BLOCKING,sc=false,e=null aggregated !flush DirectByteBuffer@1c19d748[p=0,l=8192,c=32768,r=8192]={<<<p>\n\n<p>Sed pretium blandi...ulum sapien. Proin quam>>>ibh eleme...sto. </}
[DEBUG] write(array HeapByteBuffer@5f8191e9[p=0,l=8192,c=8192,r=8192]={<<<. Etiam ultrices. Suspend...er conubia nostra, per >>>})
[DEBUG] write(array) s=OPEN,api=BLOCKING,sc=false,e=null aggregated !flush DirectByteBuffer@1c19d748[p=0,l=16384,c=32768,r=16384]={<<<p>\n\n<p>Sed pretium blandi...er conubia nostra, per >>>lvinar ul...sto. </}
[DEBUG] write(array HeapByteBuffer@65d6287e[p=0,l=8192,c=8192,r=8192]={<<<inceptos himenaeos. </p>\n...>. Integer id quam. Mor>>>})
[DEBUG] write(array) s=OPEN,api=BLOCKING,sc=false,e=null aggregated !flush DirectByteBuffer@1c19d748[p=0,l=24576,c=32768,r=24576]={<<<p>\n\n<p>Sed pretium blandi...>. Integer id quam. Mor>>>i>. Mauri...sto. </}
[DEBUG] write(array HeapByteBuffer@7b220eaa[p=0,l=8192,c=8192,r=8192]={<<<bi mi. Quisque nisl felis...imperdiet. </p>\n\n<p>Ves>>>})
[DEBUG] write(array) s=OPEN,api=BLOCKED,sc=false,e=null last=false agg=true flush=true async=false, len=0 DirectByteBuffer@1c19d748[p=0,l=32768,c=32768,r=32768]={<<<p>\n\n<p>Sed pretium blandi...imperdiet. </p>\n\n<p>Ves>>>}
[DEBUG] sendResponse info=null content=DirectByteBuffer@1c19d748[p=0,l=32768,c=32768,r=32768]={<<<p>\n\n<p>Sed pretium blandi...imperdiet. </p>\n\n<p>Ves>>>} complete=false committing=false callback=Blocker@f8d6b34{null}
[DEBUG] generate: NEED_CHUNK for SendCallback@606934da[PROCESSING][i=null,cb=org.eclipse.jetty.server.HttpChannel$SendCallback@597132b9] (null,[p=0,l=32768,c=32768,r=32768],false)@COMMITTED
[DEBUG] generate: FLUSH for SendCallback@606934da[PROCESSING][i=null,cb=org.eclipse.jetty.server.HttpChannel$SendCallback@597132b9] (null,[p=0,l=32768,c=32768,r=32768],false)@COMMITTED
[DEBUG] write: WriteFlusher@6dfe4884{IDLE}->null [HeapByteBuffer@e6dab5c[p=0,l=8,c=1024,r=8]={<<<\r\n8000\r\n>>>\x00\x00\x00\x00\x00\x00\x00\x00\x00...\x00\x00\x00\x00\x00\x00\x00},DirectByteBuffer@1c19d748[p=0,l=32768,c=32768,r=32768]={<<<p>\n\n<p>Sed pretium blandi...imperdiet. </p>\n\n<p>Ves>>>}]
[DEBUG] update WriteFlusher@6dfe4884{WRITING}->null:IDLE-->WRITING
[DEBUG] flushed 32776 SocketChannelEndPoint@77ed8bb4{l=/127.0.0.1:38858,r=/127.0.0.1:42946,OPEN,fill=-,flush=W,to=0/30000}{io=0/0,kio=0,kro=1}->HttpConnection@65fa8c24[p=HttpParser{s=CONTENT,0 of -1},g=HttpGenerator@307be154{s=COMMITTED}]=>HttpChannelOverHttp@c28598b{s=HttpChannelState@5bb2823f{s=HANDLING rs=BLOCKING os=COMMITTED is=IDLE awp=false se=false i=true al=0},r=1,c=false/false,a=HANDLING,uri=//localhost:38858/FileServlet/htmltests/large.html,age=112}
[DEBUG] Flushed=true written=32776 remaining=0 WriteFlusher@6dfe4884{WRITING}->null
[DEBUG] update WriteFlusher@6dfe4884{IDLE}->null:WRITING-->IDLE
[DEBUG] generate: DONE for SendCallback@606934da[PROCESSING][i=null,cb=org.eclipse.jetty.server.HttpChannel$SendCallback@597132b9] (null,[p=32768,l=32768,c=32768,r=0],false)@COMMITTED
[DEBUG] onWriteComplete(false,null) s=OPEN,api=BLOCKED,sc=false,e=null->s=OPEN,api=BLOCKING,sc=false,e=null c=null cb=null w=false
[DEBUG] write(array HeapByteBuffer@a2cfea7[p=0,l=8192,c=8192,r=8192]={<<<tibulum sapien. <b>Morbi ...torquent per conubia no>>>})
[DEBUG] write(array) s=OPEN,api=BLOCKING,sc=false,e=null aggregated !flush DirectByteBuffer@1c19d748[p=0,l=8192,c=32768,r=8192]={<<<tibulum sapien. <b>Morbi ...torquent per conubia no>>>. Etiam u...\n<p>Ves}
[DEBUG] write(array HeapByteBuffer@5eeda244[p=0,l=8192,c=8192,r=8192]={<<<stra, per inceptos himena...a</i>. Vestibulum nisi >>>})
[DEBUG] write(array) s=OPEN,api=BLOCKING,sc=false,e=null aggregated !flush DirectByteBuffer@1c19d748[p=0,l=16384,c=32768,r=16384]={<<<tibulum sapien. <b>Morbi ...a</i>. Vestibulum nisi >>>inceptos ...\n<p>Ves}
[DEBUG] write(array HeapByteBuffer@3551b06d[p=0,l=8192,c=8192,r=8192]={<<<lectus, commodo ac, facil.../b>. Sed lectus. Intege>>>})
[DEBUG] write(array) s=OPEN,api=BLOCKING,sc=false,e=null aggregated !flush DirectByteBuffer@1c19d748[p=0,l=24576,c=32768,r=24576]={<<<tibulum sapien. <b>Morbi .../b>. Sed lectus. Intege>>>bi mi. Qu...\n<p>Ves}
[DEBUG] write(array HeapByteBuffer@65e5a884[p=0,l=8192,c=8192,r=8192]={<<<r euismod lacus luctus ma...ur sodales ligula in li>>>})
[DEBUG] write(array) s=OPEN,api=BLOCKED,sc=false,e=null last=false agg=true flush=true async=false, len=0 DirectByteBuffer@1c19d748[p=0,l=32768,c=32768,r=32768]={<<<tibulum sapien. <b>Morbi ...ur sodales ligula in li>>>}
[DEBUG] sendResponse info=null content=DirectByteBuffer@1c19d748[p=0,l=32768,c=32768,r=32768]={<<<tibulum sapien. <b>Morbi ...ur sodales ligula in li>>>} complete=false committing=false callback=Blocker@f8d6b34{null}
[DEBUG] generate: NEED_CHUNK for SendCallback@606934da[PROCESSING][i=null,cb=org.eclipse.jetty.server.HttpChannel$SendCallback@8d1bb59] (null,[p=0,l=32768,c=32768,r=32768],false)@COMMITTED
[DEBUG] generate: FLUSH for SendCallback@606934da[PROCESSING][i=null,cb=org.eclipse.jetty.server.HttpChannel$SendCallback@8d1bb59] (null,[p=0,l=32768,c=32768,r=32768],false)@COMMITTED
[DEBUG] write: WriteFlusher@6dfe4884{IDLE}->null [HeapByteBuffer@68278da5[p=0,l=8,c=1024,r=8]={<<<\r\n8000\r\n>>>\x00\x00\x00\x00\x00\x00\x00\x00\x00...\x00\x00\x00\x00\x00\x00\x00},DirectByteBuffer@1c19d748[p=0,l=32768,c=32768,r=32768]={<<<tibulum sapien. <b>Morbi ...ur sodales ligula in li>>>}]
[DEBUG] update WriteFlusher@6dfe4884{WRITING}->null:IDLE-->WRITING
[DEBUG] flushed 32776 SocketChannelEndPoint@77ed8bb4{l=/127.0.0.1:38858,r=/127.0.0.1:42946,OPEN,fill=-,flush=W,to=0/30000}{io=0/0,kio=0,kro=1}->HttpConnection@65fa8c24[p=HttpParser{s=CONTENT,0 of -1},g=HttpGenerator@307be154{s=COMMITTED}]=>HttpChannelOverHttp@c28598b{s=HttpChannelState@5bb2823f{s=HANDLING rs=BLOCKING os=COMMITTED is=IDLE awp=false se=false i=true al=0},r=1,c=false/false,a=HANDLING,uri=//localhost:38858/FileServlet/htmltests/large.html,age=113}
[DEBUG] Flushed=true written=32776 remaining=0 WriteFlusher@6dfe4884{WRITING}->null
[DEBUG] update WriteFlusher@6dfe4884{IDLE}->null:WRITING-->IDLE
[DEBUG] generate: DONE for SendCallback@606934da[PROCESSING][i=null,cb=org.eclipse.jetty.server.HttpChannel$SendCallback@8d1bb59] (null,[p=32768,l=32768,c=32768,r=0],false)@COMMITTED
[DEBUG] onWriteComplete(false,null) s=OPEN,api=BLOCKED,sc=false,e=null->s=OPEN,api=BLOCKING,sc=false,e=null c=null cb=null w=false
[DEBUG] write(array HeapByteBuffer@3b9dd785[p=0,l=8192,c=8192,r=8192]={<<<bero. Sed dignissim lacin..., iaculis et, viverra v>>>})
[DEBUG] write(array) s=OPEN,api=BLOCKING,sc=false,e=null aggregated !flush DirectByteBuffer@1c19d748[p=0,l=8192,c=32768,r=8192]={<<<bero. Sed dignissim lacin..., iaculis et, viverra v>>>stra, per...a in li}
[DEBUG] write(array HeapByteBuffer@3f7da43[p=0,l=8192,c=8192,r=8192]={<<<itae, ligula. <i>Integer ...bulum ante ipsum primis>>>})
[DEBUG] write(array) s=OPEN,api=BLOCKING,sc=false,e=null aggregated !flush DirectByteBuffer@1c19d748[p=0,l=16384,c=32768,r=16384]={<<<bero. Sed dignissim lacin...bulum ante ipsum primis>>>lectus, c...a in li}
[DEBUG] write(array HeapByteBuffer@4b1ee331[p=0,l=8192,c=8192,r=8192]={<<< in faucibus orci luctus ...auris. Fusce nec tellus>>>})
[DEBUG] write(array) s=OPEN,api=BLOCKING,sc=false,e=null aggregated !flush DirectByteBuffer@1c19d748[p=0,l=24576,c=32768,r=24576]={<<<bero. Sed dignissim lacin...auris. Fusce nec tellus>>>r euismod...a in li}
[DEBUG] write(array HeapByteBuffer@4e108278[p=0,l=8192,c=8192,r=8192]={<<< sed augue semper porta. ...ces sit amet, augue. Pr>>>})
[DEBUG] write(array) s=OPEN,api=BLOCKED,sc=false,e=null last=false agg=true flush=true async=false, len=0 DirectByteBuffer@1c19d748[p=0,l=32768,c=32768,r=32768]={<<<bero. Sed dignissim lacin...ces sit amet, augue. Pr>>>}
[DEBUG] sendResponse info=null content=DirectByteBuffer@1c19d748[p=0,l=32768,c=32768,r=32768]={<<<bero. Sed dignissim lacin...ces sit amet, augue. Pr>>>} complete=false committing=false callback=Blocker@f8d6b34{null}
[DEBUG] generate: NEED_CHUNK for SendCallback@606934da[PROCESSING][i=null,cb=org.eclipse.jetty.server.HttpChannel$SendCallback@1be445c0] (null,[p=0,l=32768,c=32768,r=32768],false)@COMMITTED
[DEBUG] generate: FLUSH for SendCallback@606934da[PROCESSING][i=null,cb=org.eclipse.jetty.server.HttpChannel$SendCallback@1be445c0] (null,[p=0,l=32768,c=32768,r=32768],false)@COMMITTED
[DEBUG] write: WriteFlusher@6dfe4884{IDLE}->null [HeapByteBuffer@690742bb[p=0,l=8,c=1024,r=8]={<<<\r\n8000\r\n>>>\x00\x00\x00\x00\x00\x00\x00\x00\x00...\x00\x00\x00\x00\x00\x00\x00},DirectByteBuffer@1c19d748[p=0,l=32768,c=32768,r=32768]={<<<bero. Sed dignissim lacin...ces sit amet, augue. Pr>>>}]
[DEBUG] update WriteFlusher@6dfe4884{WRITING}->null:IDLE-->WRITING
[DEBUG] releaseRequestBuffer HttpConnection@3be4ecda::SocketChannelEndPoint@122254ce{l=/127.0.0.1:38858,r=/127.0.0.1:42942,OPEN,fill=-,flush=-,to=9/30000}{io=0/0,kio=0,kro=1}->HttpConnection@3be4ecda[p=HttpParser{s=START,0 of -1},g=HttpGenerator@af7230{s=START}]=>HttpChannelOverHttp@f268a5a{s=HttpChannelState@2e8f904b{s=IDLE rs=BLOCKING os=OPEN is=IDLE awp=false se=false i=true al=0},r=1,c=false/false,a=IDLE,uri=null,age=0}
[DEBUG] fillInterested HttpConnection@3be4ecda::SocketChannelEndPoint@122254ce{l=/127.0.0.1:38858,r=/127.0.0.1:42942,OPEN,fill=-,flush=-,to=9/30000}{io=0/0,kio=0,kro=1}->HttpConnection@3be4ecda[p=HttpParser{s=START,0 of -1},g=HttpGenerator@af7230{s=START}]=>HttpChannelOverHttp@f268a5a{s=HttpChannelState@2e8f904b{s=IDLE rs=BLOCKING os=OPEN is=IDLE awp=false se=false i=true al=0},r=1,c=false/false,a=IDLE,uri=null,age=0}
[DEBUG] interested FillInterest@5270a7a6{AC.ReadCB@3be4ecda{HttpConnection@3be4ecda::SocketChannelEndPoint@122254ce{l=/127.0.0.1:38858,r=/127.0.0.1:42942,OPEN,fill=FI,flush=-,to=0/30000}{io=0/0,kio=0,kro=1}->HttpConnection@3be4ecda[p=HttpParser{s=START,0 of -1},g=HttpGenerator@af7230{s=START}]=>HttpChannelOverHttp@f268a5a{s=HttpChannelState@2e8f904b{s=IDLE rs=BLOCKING os=OPEN is=IDLE awp=false se=false i=true al=0},r=1,c=false/false,a=IDLE,uri=null,age=0}}}
[DEBUG] changeInterests p=false 0->1 for SocketChannelEndPoint@122254ce{l=/127.0.0.1:38858,r=/127.0.0.1:42942,OPEN,fill=FI,flush=-,to=0/30000}{io=0/1,kio=0,kro=1}->HttpConnection@3be4ecda[p=HttpParser{s=START,0 of -1},g=HttpGenerator@af7230{s=START}]=>HttpChannelOverHttp@f268a5a{s=HttpChannelState@2e8f904b{s=IDLE rs=BLOCKING os=OPEN is=IDLE awp=false se=false i=true al=0},r=1,c=false/false,a=IDLE,uri=null,age=0}
[DEBUG] Queued change lazy=false org.eclipse.jetty.io.ChannelEndPoint$$Lambda$475/1524159954@4eee130e on ManagedSelector@129b4fe2{STARTED} id=0 keys=6 selected=0 updates=0
[DEBUG] Wakeup on submit ManagedSelector@129b4fe2{STARTED} id=0 keys=6 selected=0 updates=1
[DEBUG] flushed 32776 SocketChannelEndPoint@3842ad8c{l=/127.0.0.1:38858,r=/127.0.0.1:42948,OPEN,fill=-,flush=W,to=0/30000}{io=0/0,kio=0,kro=1}->HttpConnection@37d513d7[p=HttpParser{s=CONTENT,0 of -1},g=HttpGenerator@296d6fb5{s=COMMITTED}]=>HttpChannelOverHttp@57dc8a91{s=HttpChannelState@117d29ba{s=HANDLING rs=BLOCKING os=COMMITTED is=IDLE awp=false se=false i=true al=0},r=1,c=false/false,a=HANDLING,uri=//localhost:38858/FileServlet/htmltests/large.html,age=88}
[DEBUG] Flushed=true written=32776 remaining=0 WriteFlusher@24f3129f{WRITING}->null
[DEBUG] update WriteFlusher@24f3129f{IDLE}->null:WRITING-->IDLE
[DEBUG] generate: DONE for SendCallback@208cff1d[PROCESSING][i=null,cb=org.eclipse.jetty.server.HttpChannel$SendCallback@2aab488f] (null,[p=32768,l=32768,c=32768,r=0],false)@COMMITTED
[DEBUG] onWriteComplete(false,null) s=OPEN,api=BLOCKED,sc=false,e=null->s=OPEN,api=BLOCKING,sc=false,e=null c=null cb=null w=false
[DEBUG] write(array HeapByteBuffer@58b26027[p=0,l=8192,c=8192,r=8192]={<<<oin sodales libero eget a...uismod lacus luctus mag>>>})
[DEBUG] write(array) s=OPEN,api=BLOCKING,sc=false,e=null aggregated !flush DirectByteBuffer@577d71b2[p=0,l=8192,c=32768,r=8192]={<<<oin sodales libero eget a...uismod lacus luctus mag>>>itae, lig...gue. Pr}
[DEBUG] write(array HeapByteBuffer@3df0d6b1[p=0,l=8192,c=8192,r=8192]={<<<na. Quisque cursus, metus...lass aptent taciti soci>>>})
[DEBUG] write(array) s=OPEN,api=BLOCKING,sc=false,e=null aggregated !flush DirectByteBuffer@577d71b2[p=0,l=16384,c=32768,r=16384]={<<<oin sodales libero eget a...lass aptent taciti soci>>> in fauci...gue. Pr}
[DEBUG] write(array HeapByteBuffer@47b65483[p=0,l=2207,c=8192,r=2207]={<<<osqu ad litora torquent p.... </p>\n\n</body></html>\n>>>nia nunc....ti soci})
[DEBUG] write(array) s=OPEN,api=BLOCKING,sc=false,e=null aggregated !flush DirectByteBuffer@577d71b2[p=0,l=18591,c=32768,r=18591]={<<<oin sodales libero eget a.... </p>\n\n</body></html>\n>>>erisque s...gue. Pr}
[DEBUG] sendResponse info=null content=DirectByteBuffer@577d71b2[p=0,l=18591,c=32768,r=18591]={<<<oin sodales libero eget a.... </p>\n\n</body></html>\n>>>erisque s...gue. Pr} complete=false committing=false callback=Blocker@7fddd73{null}
[DEBUG] generate: NEED_CHUNK for SendCallback@208cff1d[PROCESSING][i=null,cb=org.eclipse.jetty.server.HttpChannel$SendCallback@372993ca] (null,[p=0,l=18591,c=32768,r=18591],false)@COMMITTED
[DEBUG] generate: FLUSH for SendCallback@208cff1d[PROCESSING][i=null,cb=org.eclipse.jetty.server.HttpChannel$SendCallback@372993ca] (null,[p=0,l=18591,c=32768,r=18591],false)@COMMITTED
[DEBUG] write(array HeapByteBuffer@2f69a31[p=0,l=8192,c=8192,r=8192]={<<<na. Quisque cursus, metus...lass aptent taciti soci>>>})
[DEBUG] write(array) s=OPEN,api=BLOCKING,sc=false,e=null aggregated !flush DirectByteBuffer@1667663f[p=0,l=16384,c=32768,r=16384]={<<<oin sodales libero eget a...lass aptent taciti soci>>> in fauci...gue. Pr}
[DEBUG] write(array HeapByteBuffer@448002b3[p=0,l=2207,c=8192,r=2207]={<<<osqu ad litora torquent p.... </p>\n\n</body></html>\n>>>nia nunc....ti soci})
[DEBUG] write(array) s=OPEN,api=BLOCKING,sc=false,e=null aggregated !flush DirectByteBuffer@1667663f[p=0,l=18591,c=32768,r=18591]={<<<oin sodales libero eget a.... </p>\n\n</body></html>\n>>>erisque s...gue. Pr}
[DEBUG] sendResponse info=null content=DirectByteBuffer@1667663f[p=0,l=18591,c=32768,r=18591]={<<<oin sodales libero eget a.... </p>\n\n</body></html>\n>>>erisque s...gue. Pr} complete=false committing=false callback=Blocker@594fb565{null}
[DEBUG] generate: NEED_CHUNK for SendCallback@5f75d958[PROCESSING][i=null,cb=org.eclipse.jetty.server.HttpChannel$SendCallback@1f3ee82f] (null,[p=0,l=18591,c=32768,r=18591],false)@COMMITTED
[DEBUG] generate: FLUSH for SendCallback@5f75d958[PROCESSING][i=null,cb=org.eclipse.jetty.server.HttpChannel$SendCallback@1f3ee82f] (null,[p=0,l=18591,c=32768,r=18591],false)@COMMITTED
[DEBUG] write: WriteFlusher@21254e7e{IDLE}->null [HeapByteBuffer@68278da5[p=0,l=8,c=1024,r=8]={<<<\r\n489F\r\n>>>\x00\x00\x00\x00\x00\x00\x00\x00\x00...\x00\x00\x00\x00\x00\x00\x00},DirectByteBuffer@1667663f[p=0,l=18591,c=32768,r=18591]={<<<oin sodales libero eget a.... </p>\n\n</body></html>\n>>>erisque s...gue. Pr}]
[DEBUG] update WriteFlusher@21254e7e{WRITING}->null:IDLE-->WRITING
[DEBUG] flushed 18599 SocketChannelEndPoint@d47ed43{l=/127.0.0.1:38858,r=/127.0.0.1:42940,OPEN,fill=-,flush=W,to=17/30000}{io=0/0,kio=0,kro=1}->HttpConnection@42bd18a0[p=HttpParser{s=CONTENT,0 of -1},g=HttpGenerator@73351804{s=COMMITTED}]=>HttpChannelOverHttp@380129b{s=HttpChannelState@7bf8633{s=HANDLING rs=BLOCKING os=COMMITTED is=IDLE awp=false se=false i=true al=0},r=9,c=false/false,a=HANDLING,uri=//localhost:38858/FileServlet/htmltests/large.html,age=173}
[DEBUG] Flushed=true written=18599 remaining=0 WriteFlusher@21254e7e{WRITING}->null
[DEBUG] update WriteFlusher@21254e7e{IDLE}->null:WRITING-->IDLE
[DEBUG] generate: DONE for SendCallback@5f75d958[PROCESSING][i=null,cb=org.eclipse.jetty.server.HttpChannel$SendCallback@1f3ee82f] (null,[p=18591,l=18591,c=32768,r=0],false)@COMMITTED
[DEBUG] onWriteComplete(false,null) s=OPEN,api=BLOCKED,sc=false,e=null->s=OPEN,api=BLOCKING,sc=false,e=null c=null cb=null w=false
[DEBUG] handled=true async=false committed=true on HttpChannelOverHttp@380129b{s=HttpChannelState@7bf8633{s=HANDLING rs=BLOCKING os=COMMITTED is=IDLE awp=false se=false i=true al=0},r=9,c=false/false,a=HANDLING,uri=//localhost:38858/FileServlet/htmltests/large.html,age=173}
[DEBUG] unhandle HttpChannelState@7bf8633{s=HANDLING rs=BLOCKING os=COMMITTED is=IDLE awp=false se=false i=true al=0}
[DEBUG] nextAction(false) COMPLETE HttpChannelState@7bf8633{s=HANDLING rs=COMPLETING os=COMMITTED is=IDLE awp=false se=false i=false al=0}
[DEBUG] action COMPLETE HttpChannelOverHttp@380129b{s=HttpChannelState@7bf8633{s=HANDLING rs=COMPLETING os=COMMITTED is=IDLE awp=false se=false i=false al=0},r=9,c=false/false,a=HANDLING,uri=//localhost:38858/FileServlet/htmltests/large.html,age=173}
[DEBUG] complete(org.eclipse.jetty.util.Callback$3@2f94425b) s=CLOSING,api=BLOCKED,sc=false,e=null s=false e=null, c=HeapByteBuffer@11848662[p=0,l=0,c=0,r=0]={<<<>>>}
[DEBUG] sendResponse info=null content=HeapByteBuffer@11848662[p=0,l=0,c=0,r=0]={<<<>>>} complete=true committing=false callback=org.eclipse.jetty.server.HttpOutput$WriteCompleteCB@1985628a
[DEBUG] generate: CONTINUE for SendCallback@5f75d958[PROCESSING][i=null,cb=org.eclipse.jetty.server.HttpChannel$SendCallback@5d547e93] (null,[p=0,l=0,c=0,r=0],true)@COMPLETING
[DEBUG] generate: NEED_CHUNK for SendCallback@5f75d958[PROCESSING][i=null,cb=org.eclipse.jetty.server.HttpChannel$SendCallback@5d547e93] (null,[p=0,l=0,c=0,r=0],true)@COMPLETING
[DEBUG] generate: FLUSH for SendCallback@5f75d958[PROCESSING][i=null,cb=org.eclipse.jetty.server.HttpChannel$SendCallback@5d547e93] (null,[p=0,l=0,c=0,r=0],true)@COMPLETING
[DEBUG] write: WriteFlusher@21254e7e{IDLE}->null [HeapByteBuffer@ed6005f[p=0,l=7,c=1024,r=7]={<<<\r\n0\r\n\r\n>>>\n\x00\x00\x00\x00\x00\x00\x00\x00...\x00\x00\x00\x00\x00\x00\x00}]
[DEBUG] update WriteFlusher@21254e7e{WRITING}->null:IDLE-->WRITING
[DEBUG] flushed 7 SocketChannelEndPoint@d47ed43{l=/127.0.0.1:38858,r=/127.0.0.1:42940,OPEN,fill=-,flush=W,to=0/30000}{io=0/0,kio=0,kro=1}->HttpConnection@42bd18a0[p=HttpParser{s=CONTENT,0 of -1},g=HttpGenerator@73351804{s=COMPLETING}]=>HttpChannelOverHttp@380129b{s=HttpChannelState@7bf8633{s=HANDLING rs=COMPLETING os=COMMITTED is=IDLE awp=false se=false i=false al=0},r=9,c=false/false,a=HANDLING,uri=//localhost:38858/FileServlet/htmltests/large.html,age=174}
[DEBUG] Flushed=true written=7 remaining=0 WriteFlusher@21254e7e{WRITING}->null
[DEBUG] update WriteFlusher@21254e7e{IDLE}->null:WRITING-->IDLE
[DEBUG] generate: DONE for SendCallback@5f75d958[PROCESSING][i=null,cb=org.eclipse.jetty.server.HttpChannel$SendCallback@5d547e93] (null,[p=0,l=0,c=0,r=0],true)@END
[DEBUG] onWriteComplete(true,null) s=CLOSING,api=BLOCKED,sc=false,e=null->s=CLOSED,api=BLOCKING,sc=false,e=null c=null cb=org.eclipse.jetty.util.Callback$3@2f94425b w=false
[DEBUG] completed HttpChannelState@7bf8633{s=HANDLING rs=COMPLETING os=COMPLETED is=IDLE awp=false se=false i=false al=0}
[DEBUG] unhandle HttpChannelState@7bf8633{s=HANDLING rs=COMPLETED os=COMPLETED is=IDLE awp=false se=false i=false al=0}
[DEBUG] nextAction(false) TERMINATED HttpChannelState@7bf8633{s=IDLE rs=COMPLETED os=COMPLETED is=IDLE awp=false se=false i=false al=0}
[DEBUG] action TERMINATED HttpChannelOverHttp@380129b{s=HttpChannelState@7bf8633{s=IDLE rs=COMPLETED os=COMPLETED is=IDLE awp=false se=false i=false al=0},r=9,c=true/true,a=IDLE,uri=//localhost:38858/FileServlet/htmltests/large.html,age=174}
[DEBUG] onCompleted for /FileServlet/htmltests/large.html written=280735
[DEBUG] filled 0 HeapByteBuffer@22b9b50d[p=0,l=0,c=8192,r=0]={<<<>>>HTTP/1.1 ...\x86&h\xA0{\xC1\xC2}
[DEBUG] filled 0 HeapByteBuffer@22b9b50d[p=0,l=0,c=8192,r=0]={<<<>>>HTTP/1.1 ...\x86&h\xA0{\xC1\xC2}
[DEBUG] HttpConnection@42bd18a0::SocketChannelEndPoint@d47ed43{l=/127.0.0.1:38858,r=/127.0.0.1:42940,OPEN,fill=-,flush=-,to=0/30000}{io=0/0,kio=0,kro=1}->HttpConnection@42bd18a0[p=HttpParser{s=CONTENT,0 of -1},g=HttpGenerator@73351804{s=END}]=>HttpChannelOverHttp@380129b{s=HttpChannelState@7bf8633{s=IDLE rs=COMPLETED os=COMPLETED is=IDLE awp=false se=false i=false al=0},r=9,c=true/true,a=IDLE,uri=//localhost:38858/FileServlet/htmltests/large.html,age=174} filled 0 HeapByteBuffer@22b9b50d[p=0,l=0,c=8192,r=0]={<<<>>>HTTP/1.1 ...\x86&h\xA0{\xC1\xC2}
[DEBUG] HttpConnection@42bd18a0::SocketChannelEndPoint@d47ed43{l=/127.0.0.1:38858,r=/127.0.0.1:42940,OPEN,fill=-,flush=-,to=0/30000}{io=0/0,kio=0,kro=1}->HttpConnection@42bd18a0[p=HttpParser{s=CONTENT,0 of -1},g=HttpGenerator@73351804{s=END}]=>HttpChannelOverHttp@380129b{s=HttpChannelState@7bf8633{s=IDLE rs=COMPLETED os=COMPLETED is=IDLE awp=false se=false i=false al=0},r=9,c=true/true,a=IDLE,uri=//localhost:38858/FileServlet/htmltests/large.html,age=174} parse HeapByteBuffer@22b9b50d[p=0,l=0,c=8192,r=0]={<<<>>>HTTP/1.1 ...\x86&h\xA0{\xC1\xC2} {}
[DEBUG] parseNext s=CONTENT HeapByteBuffer@22b9b50d[p=0,l=0,c=8192,r=0]={<<<>>>HTTP/1.1 ...\x86&h\xA0{\xC1\xC2}
[DEBUG] CONTENT --> CONTENT_END
[DEBUG] onContentComplete HttpChannelOverHttp@380129b{s=HttpChannelState@7bf8633{s=IDLE rs=COMPLETED os=COMPLETED is=IDLE awp=false se=false i=false al=0},r=9,c=true/true,a=IDLE,uri=//localhost:38858/FileServlet/htmltests/large.html,age=174}
[DEBUG] CONTENT_END --> END
[DEBUG] onRequestComplete HttpChannelOverHttp@380129b{s=HttpChannelState@7bf8633{s=IDLE rs=COMPLETED os=COMPLETED is=IDLE awp=false se=false i=false al=0},r=9,c=true/true,a=IDLE,uri=//localhost:38858/FileServlet/htmltests/large.html,age=174}
[DEBUG] HttpInputOverHTTP@8cf6f52[c=0,q=0,[0]=null,s=STREAM] addContent EOF
[DEBUG] HttpConnection@42bd18a0::SocketChannelEndPoint@d47ed43{l=/127.0.0.1:38858,r=/127.0.0.1:42940,OPEN,fill=-,flush=-,to=0/30000}{io=0/0,kio=0,kro=1}->HttpConnection@42bd18a0[p=HttpParser{s=END,0 of -1},g=HttpGenerator@73351804{s=END}]=>HttpChannelOverHttp@380129b{s=HttpChannelState@7bf8633{s=IDLE rs=COMPLETED os=COMPLETED is=IDLE awp=false se=false i=false al=0},r=9,c=true/true,a=IDLE,uri=//localhost:38858/FileServlet/htmltests/large.html,age=174} parsed false HttpParser{s=END,0 of -1}
[DEBUG] releaseRequestBuffer HttpConnection@42bd18a0::SocketChannelEndPoint@d47ed43{l=/127.0.0.1:38858,r=/127.0.0.1:42940,OPEN,fill=-,flush=-,to=0/30000}{io=0/0,kio=0,kro=1}->HttpConnection@42bd18a0[p=HttpParser{s=END,0 of -1},g=HttpGenerator@73351804{s=END}]=>HttpChannelOverHttp@380129b{s=HttpChannelState@7bf8633{s=IDLE rs=COMPLETED os=COMPLETED is=IDLE awp=false se=false i=false al=0},r=9,c=true/true,a=IDLE,uri=//localhost:38858/FileServlet/htmltests/large.html,age=175}
[DEBUG] recycle HttpChannelState@7bf8633{s=IDLE rs=COMPLETED os=COMPLETED is=IDLE awp=false se=false i=false al=0}
[DEBUG] reset HttpParser{s=END,0 of -1}
[DEBUG] END --> START
[DEBUG] !handle TERMINATED HttpChannelOverHttp@380129b{s=HttpChannelState@7bf8633{s=IDLE rs=BLOCKING os=OPEN is=IDLE awp=false se=false i=true al=0},r=9,c=false/false,a=IDLE,uri=null,age=0}
[DEBUG] filled 0 HeapByteBuffer@41e05b38[p=0,l=0,c=8192,r=0]={<<<>>>HTTP/1.1 ...\x00\x00\x00\x00\x00\x00\x00}
[DEBUG] filled 0 HeapByteBuffer@41e05b38[p=0,l=0,c=8192,r=0]={<<<>>>HTTP/1.1 ...\x00\x00\x00\x00\x00\x00\x00}
[DEBUG] HttpConnection@42bd18a0::SocketChannelEndPoint@d47ed43{l=/127.0.0.1:38858,r=/127.0.0.1:42940,OPEN,fill=-,flush=-,to=1/30000}{io=0/0,kio=0,kro=1}->HttpConnection@42bd18a0[p=HttpParser{s=START,0 of -1},g=HttpGenerator@73351804{s=START}]=>HttpChannelOverHttp@380129b{s=HttpChannelState@7bf8633{s=IDLE rs=BLOCKING os=OPEN is=IDLE awp=false se=false i=true al=0},r=9,c=false/false,a=IDLE,uri=null,age=0} filled 0 HeapByteBuffer@41e05b38[p=0,l=0,c=8192,r=0]={<<<>>>HTTP/1.1 ...\x00\x00\x00\x00\x00\x00\x00}
[DEBUG] HttpConnection@42bd18a0::SocketChannelEndPoint@d47ed43{l=/127.0.0.1:38858,r=/127.0.0.1:42940,OPEN,fill=-,flush=-,to=1/30000}{io=0/0,kio=0,kro=1}->HttpConnection@42bd18a0[p=HttpParser{s=START,0 of -1},g=HttpGenerator@73351804{s=START}]=>HttpChannelOverHttp@380129b{s=HttpChannelState@7bf8633{s=IDLE rs=BLOCKING os=OPEN is=IDLE awp=false se=false i=true al=0},r=9,c=false/false,a=IDLE,uri=null,age=0} parse HeapByteBuffer@41e05b38[p=0,l=0,c=8192,r=0]={<<<>>>HTTP/1.1 ...\x00\x00\x00\x00\x00\x00\x00} {}
[DEBUG] parseNext s=START HeapByteBuffer@41e05b38[p=0,l=0,c=8192,r=0]={<<<>>>HTTP/1.1 ...\x00\x00\x00\x00\x00\x00\x00}
[DEBUG] HttpConnection@42bd18a0::SocketChannelEndPoint@d47ed43{l=/127.0.0.1:38858,r=/127.0.0.1:42940,OPEN,fill=-,flush=-,to=1/30000}{io=0/0,kio=0,kro=1}->HttpConnection@42bd18a0[p=HttpParser{s=START,0 of -1},g=HttpGenerator@73351804{s=START}]=>HttpChannelOverHttp@380129b{s=HttpChannelState@7bf8633{s=IDLE rs=BLOCKING os=OPEN is=IDLE awp=false se=false i=true al=0},r=9,c=false/false,a=IDLE,uri=null,age=0} parsed false HttpParser{s=START,0 of -1}
[DEBUG] releaseRequestBuffer HttpConnection@42bd18a0::SocketChannelEndPoint@d47ed43{l=/127.0.0.1:38858,r=/127.0.0.1:42940,OPEN,fill=-,flush=-,to=1/30000}{io=0/0,kio=0,kro=1}->HttpConnection@42bd18a0[p=HttpParser{s=START,0 of -1},g=HttpGenerator@73351804{s=START}]=>HttpChannelOverHttp@380129b{s=HttpChannelState@7bf8633{s=IDLE rs=BLOCKING os=OPEN is=IDLE awp=false se=false i=true al=0},r=9,c=false/false,a=IDLE,uri=null,age=0}
[DEBUG] fillInterested HttpConnection@42bd18a0::SocketChannelEndPoint@d47ed43{l=/127.0.0.1:38858,r=/127.0.0.1:42940,OPEN,fill=-,flush=-,to=1/30000}{io=0/0,kio=0,kro=1}->HttpConnection@42bd18a0[p=HttpParser{s=START,0 of -1},g=HttpGenerator@73351804{s=START}]=>HttpChannelOverHttp@380129b{s=HttpChannelState@7bf8633{s=IDLE rs=BLOCKING os=OPEN is=IDLE awp=false se=false i=true al=0},r=9,c=false/false,a=IDLE,uri=null,age=0}
[DEBUG] write: WriteFlusher@24f3129f{IDLE}->null [HeapByteBuffer@e6dab5c[p=0,l=8,c=1024,r=8]={<<<\r\n489F\r\n>>>\x00\x00\x00\x00\x00\x00\x00\x00\x00...\x00\x00\x00\x00\x00\x00\x00},DirectByteBuffer@577d71b2[p=0,l=18591,c=32768,r=18591]={<<<oin sodales libero eget a.... </p>\n\n</body></html>\n>>>erisque s...gue. Pr}]
[DEBUG] update WriteFlusher@24f3129f{WRITING}->null:IDLE-->WRITING
[DEBUG] flushed 18599 SocketChannelEndPoint@3842ad8c{l=/127.0.0.1:38858,r=/127.0.0.1:42948,OPEN,fill=-,flush=W,to=7/30000}{io=0/0,kio=0,kro=1}->HttpConnection@37d513d7[p=HttpParser{s=CONTENT,0 of -1},g=HttpGenerator@296d6fb5{s=COMMITTED}]=>HttpChannelOverHttp@57dc8a91{s=HttpChannelState@117d29ba{s=HANDLING rs=BLOCKING os=COMMITTED is=IDLE awp=false se=false i=true al=0},r=1,c=false/false,a=HANDLING,uri=//localhost:38858/FileServlet/htmltests/large.html,age=101}
[DEBUG] Flushed=true written=18599 remaining=0 WriteFlusher@24f3129f{WRITING}->null
[DEBUG] update WriteFlusher@24f3129f{IDLE}->null:WRITING-->IDLE
[DEBUG] generate: DONE for SendCallback@208cff1d[PROCESSING][i=null,cb=org.eclipse.jetty.server.HttpChannel$SendCallback@372993ca] (null,[p=18591,l=18591,c=32768,r=0],false)@COMMITTED
[DEBUG] onWriteComplete(false,null) s=OPEN,api=BLOCKED,sc=false,e=null->s=OPEN,api=BLOCKING,sc=false,e=null c=null cb=null w=false
[DEBUG] handled=true async=false committed=true on HttpChannelOverHttp@57dc8a91{s=HttpChannelState@117d29ba{s=HANDLING rs=BLOCKING os=COMMITTED is=IDLE awp=false se=false i=true al=0},r=1,c=false/false,a=HANDLING,uri=//localhost:38858/FileServlet/htmltests/large.html,age=101}
[DEBUG] unhandle HttpChannelState@117d29ba{s=HANDLING rs=BLOCKING os=COMMITTED is=IDLE awp=false se=false i=true al=0}
[DEBUG] nextAction(false) COMPLETE HttpChannelState@117d29ba{s=HANDLING rs=COMPLETING os=COMMITTED is=IDLE awp=false se=false i=false al=0}
[DEBUG] action COMPLETE HttpChannelOverHttp@57dc8a91{s=HttpChannelState@117d29ba{s=HANDLING rs=COMPLETING os=COMMITTED is=IDLE awp=false se=false i=false al=0},r=1,c=false/false,a=HANDLING,uri=//localhost:38858/FileServlet/htmltests/large.html,age=101}
[DEBUG] complete(org.eclipse.jetty.util.Callback$3@7c516e50) s=CLOSING,api=BLOCKED,sc=false,e=null s=false e=null, c=HeapByteBuffer@11848662[p=0,l=0,c=0,r=0]={<<<>>>}
[DEBUG] sendResponse info=null content=HeapByteBuffer@11848662[p=0,l=0,c=0,r=0]={<<<>>>} complete=true committing=false callback=org.eclipse.jetty.server.HttpOutput$WriteCompleteCB@472f7a35
[DEBUG] generate: CONTINUE for SendCallback@208cff1d[PROCESSING][i=null,cb=org.eclipse.jetty.server.HttpChannel$SendCallback@32482c1f] (null,[p=0,l=0,c=0,r=0],true)@COMPLETING
[DEBUG] generate: NEED_CHUNK for SendCallback@208cff1d[PROCESSING][i=null,cb=org.eclipse.jetty.server.HttpChannel$SendCallback@32482c1f] (null,[p=0,l=0,c=0,r=0],true)@COMPLETING
[DEBUG] generate: FLUSH for SendCallback@208cff1d[PROCESSING][i=null,cb=org.eclipse.jetty.server.HttpChannel$SendCallback@32482c1f] (null,[p=0,l=0,c=0,r=0],true)@COMPLETING
[DEBUG] write: WriteFlusher@24f3129f{IDLE}->null [HeapByteBuffer@68278da5[p=0,l=7,c=1024,r=7]={<<<\r\n0\r\n\r\n>>>\n\x00\x00\x00\x00\x00\x00\x00\x00...\x00\x00\x00\x00\x00\x00\x00}]
[DEBUG] update WriteFlusher@24f3129f{WRITING}->null:IDLE-->WRITING
[DEBUG] flushed 7 SocketChannelEndPoint@3842ad8c{l=/127.0.0.1:38858,r=/127.0.0.1:42948,OPEN,fill=-,flush=W,to=0/30000}{io=0/0,kio=0,kro=1}->HttpConnection@37d513d7[p=HttpParser{s=CONTENT,0 of -1},g=HttpGenerator@296d6fb5{s=COMPLETING}]=>HttpChannelOverHttp@57dc8a91{s=HttpChannelState@117d29ba{s=HANDLING rs=COMPLETING os=COMMITTED is=IDLE awp=false se=false i=false al=0},r=1,c=false/false,a=HANDLING,uri=//localhost:38858/FileServlet/htmltests/large.html,age=101}
[DEBUG] Flushed=true written=7 remaining=0 WriteFlusher@24f3129f{WRITING}->null
[DEBUG] update WriteFlusher@24f3129f{IDLE}->null:WRITING-->IDLE
[DEBUG] generate: DONE for SendCallback@208cff1d[PROCESSING][i=null,cb=org.eclipse.jetty.server.HttpChannel$SendCallback@32482c1f] (null,[p=0,l=0,c=0,r=0],true)@END
[DEBUG] onWriteComplete(true,null) s=CLOSING,api=BLOCKED,sc=false,e=null->s=CLOSED,api=BLOCKING,sc=false,e=null c=null cb=org.eclipse.jetty.util.Callback$3@7c516e50 w=false
[DEBUG] completed HttpChannelState@117d29ba{s=HANDLING rs=COMPLETING os=COMPLETED is=IDLE awp=false se=false i=false al=0}
[DEBUG] unhandle HttpChannelState@117d29ba{s=HANDLING rs=COMPLETED os=COMPLETED is=IDLE awp=false se=false i=false al=0}
[DEBUG] nextAction(false) TERMINATED HttpChannelState@117d29ba{s=IDLE rs=COMPLETED os=COMPLETED is=IDLE awp=false se=false i=false al=0}
[DEBUG] action TERMINATED HttpChannelOverHttp@57dc8a91{s=HttpChannelState@117d29ba{s=IDLE rs=COMPLETED os=COMPLETED is=IDLE awp=false se=false i=false al=0},r=1,c=true/true,a=IDLE,uri=//localhost:38858/FileServlet/htmltests/large.html,age=102}
[DEBUG] onCompleted for /FileServlet/htmltests/large.html written=280735
[DEBUG] filled 0 HeapByteBuffer@78a30358[p=0,l=0,c=8192,r=0]={<<<>>>HTTP/1.1 ...\x00\x00\x00\x00\x00\x00\x00}
[DEBUG] filled 0 HeapByteBuffer@78a30358[p=0,l=0,c=8192,r=0]={<<<>>>HTTP/1.1 ...\x00\x00\x00\x00\x00\x00\x00}
[DEBUG] HttpConnection@37d513d7::SocketChannelEndPoint@3842ad8c{l=/127.0.0.1:38858,r=/127.0.0.1:42948,OPEN,fill=-,flush=-,to=9/30000}{io=0/0,kio=0,kro=1}->HttpConnection@37d513d7[p=HttpParser{s=CONTENT,0 of -1},g=HttpGenerator@296d6fb5{s=END}]=>HttpChannelOverHttp@57dc8a91{s=HttpChannelState@117d29ba{s=IDLE rs=COMPLETED os=COMPLETED is=IDLE awp=false se=false i=false al=0},r=1,c=true/true,a=IDLE,uri=//localhost:38858/FileServlet/htmltests/large.html,age=111} filled 0 HeapByteBuffer@78a30358[p=0,l=0,c=8192,r=0]={<<<>>>HTTP/1.1 ...\x00\x00\x00\x00\x00\x00\x00}
[DEBUG] HttpConnection@37d513d7::SocketChannelEndPoint@3842ad8c{l=/127.0.0.1:38858,r=/127.0.0.1:42948,OPEN,fill=-,flush=-,to=9/30000}{io=0/0,kio=0,kro=1}->HttpConnection@37d513d7[p=HttpParser{s=CONTENT,0 of -1},g=HttpGenerator@296d6fb5{s=END}]=>HttpChannelOverHttp@57dc8a91{s=HttpChannelState@117d29ba{s=IDLE rs=COMPLETED os=COMPLETED is=IDLE awp=false se=false i=false al=0},r=1,c=true/true,a=IDLE,uri=//localhost:38858/FileServlet/htmltests/large.html,age=111} parse HeapByteBuffer@78a30358[p=0,l=0,c=8192,r=0]={<<<>>>HTTP/1.1 ...\x00\x00\x00\x00\x00\x00\x00} {}
[DEBUG] parseNext s=CONTENT HeapByteBuffer@78a30358[p=0,l=0,c=8192,r=0]={<<<>>>HTTP/1.1 ...\x00\x00\x00\x00\x00\x00\x00}
[DEBUG] CONTENT --> CONTENT_END
[DEBUG] onContentComplete HttpChannelOverHttp@57dc8a91{s=HttpChannelState@117d29ba{s=IDLE rs=COMPLETED os=COMPLETED is=IDLE awp=false se=false i=false al=0},r=1,c=true/true,a=IDLE,uri=//localhost:38858/FileServlet/htmltests/large.html,age=111}
[DEBUG] CONTENT_END --> END
[DEBUG] onRequestComplete HttpChannelOverHttp@57dc8a91{s=HttpChannelState@117d29ba{s=IDLE rs=COMPLETED os=COMPLETED is=IDLE awp=false se=false i=false al=0},r=1,c=true/true,a=IDLE,uri=//localhost:38858/FileServlet/htmltests/large.html,age=111}
[DEBUG] HttpInputOverHTTP@49045e5f[c=0,q=0,[0]=null,s=STREAM] addContent EOF
[DEBUG] HttpConnection@37d513d7::SocketChannelEndPoint@3842ad8c{l=/127.0.0.1:38858,r=/127.0.0.1:42948,OPEN,fill=-,flush=-,to=9/30000}{io=0/0,kio=0,kro=1}->HttpConnection@37d513d7[p=HttpParser{s=END,0 of -1},g=HttpGenerator@296d6fb5{s=END}]=>HttpChannelOverHttp@57dc8a91{s=HttpChannelState@117d29ba{s=IDLE rs=COMPLETED os=COMPLETED is=IDLE awp=false se=false i=false al=0},r=1,c=true/true,a=IDLE,uri=//localhost:38858/FileServlet/htmltests/large.html,age=111} parsed false HttpParser{s=END,0 of -1}
[DEBUG] releaseRequestBuffer HttpConnection@37d513d7::SocketChannelEndPoint@3842ad8c{l=/127.0.0.1:38858,r=/127.0.0.1:42948,OPEN,fill=-,flush=-,to=10/30000}{io=0/0,kio=0,kro=1}->HttpConnection@37d513d7[p=HttpParser{s=END,0 of -1},g=HttpGenerator@296d6fb5{s=END}]=>HttpChannelOverHttp@57dc8a91{s=HttpChannelState@117d29ba{s=IDLE rs=COMPLETED os=COMPLETED is=IDLE awp=false se=false i=false al=0},r=1,c=true/true,a=IDLE,uri=//localhost:38858/FileServlet/htmltests/large.html,age=111}
[DEBUG] recycle HttpChannelState@117d29ba{s=IDLE rs=COMPLETED os=COMPLETED is=IDLE awp=false se=false i=false al=0}
[DEBUG] reset HttpParser{s=END,0 of -1}
[DEBUG] END --> START
[DEBUG] !handle TERMINATED HttpChannelOverHttp@57dc8a91{s=HttpChannelState@117d29ba{s=IDLE rs=BLOCKING os=OPEN is=IDLE awp=false se=false i=true al=0},r=1,c=false/false,a=IDLE,uri=null,age=0}
[DEBUG] filled 0 HeapByteBuffer@22b9b50d[p=0,l=0,c=8192,r=0]={<<<>>>HTTP/1.1 ...\x86&h\xA0{\xC1\xC2}
[DEBUG] filled 0 HeapByteBuffer@22b9b50d[p=0,l=0,c=8192,r=0]={<<<>>>HTTP/1.1 ...\x86&h\xA0{\xC1\xC2}
[DEBUG] HttpConnection@37d513d7::SocketChannelEndPoint@3842ad8c{l=/127.0.0.1:38858,r=/127.0.0.1:42948,OPEN,fill=-,flush=-,to=10/30000}{io=0/0,kio=0,kro=1}->HttpConnection@37d513d7[p=HttpParser{s=START,0 of -1},g=HttpGenerator@296d6fb5{s=START}]=>HttpChannelOverHttp@57dc8a91{s=HttpChannelState@117d29ba{s=IDLE rs=BLOCKING os=OPEN is=IDLE awp=false se=false i=true al=0},r=1,c=false/false,a=IDLE,uri=null,age=0} filled 0 HeapByteBuffer@22b9b50d[p=0,l=0,c=8192,r=0]={<<<>>>HTTP/1.1 ...\x86&h\xA0{\xC1\xC2}
[DEBUG] HttpConnection@37d513d7::SocketChannelEndPoint@3842ad8c{l=/127.0.0.1:38858,r=/127.0.0.1:42948,OPEN,fill=-,flush=-,to=10/30000}{io=0/0,kio=0,kro=1}->HttpConnection@37d513d7[p=HttpParser{s=START,0 of -1},g=HttpGenerator@296d6fb5{s=START}]=>HttpChannelOverHttp@57dc8a91{s=HttpChannelState@117d29ba{s=IDLE rs=BLOCKING os=OPEN is=IDLE awp=false se=false i=true al=0},r=1,c=false/false,a=IDLE,uri=null,age=0} parse HeapByteBuffer@22b9b50d[p=0,l=0,c=8192,r=0]={<<<>>>HTTP/1.1 ...\x86&h\xA0{\xC1\xC2} {}
[DEBUG] parseNext s=START HeapByteBuffer@22b9b50d[p=0,l=0,c=8192,r=0]={<<<>>>HTTP/1.1 ...\x86&h\xA0{\xC1\xC2}
[DEBUG] HttpConnection@37d513d7::SocketChannelEndPoint@3842ad8c{l=/127.0.0.1:38858,r=/127.0.0.1:42948,OPEN,fill=-,flush=-,to=10/30000}{io=0/0,kio=0,kro=1}->HttpConnection@37d513d7[p=HttpParser{s=START,0 of -1},g=HttpGenerator@296d6fb5{s=START}]=>HttpChannelOverHttp@57dc8a91{s=HttpChannelState@117d29ba{s=IDLE rs=BLOCKING os=OPEN is=IDLE awp=false se=false i=true al=0},r=1,c=false/false,a=IDLE,uri=null,age=0} parsed false HttpParser{s=START,0 of -1}
[DEBUG] releaseRequestBuffer HttpConnection@37d513d7::SocketChannelEndPoint@3842ad8c{l=/127.0.0.1:38858,r=/127.0.0.1:42948,OPEN,fill=-,flush=-,to=10/30000}{io=0/0,kio=0,kro=1}->HttpConnection@37d513d7[p=HttpParser{s=START,0 of -1},g=HttpGenerator@296d6fb5{s=START}]=>HttpChannelOverHttp@57dc8a91{s=HttpChannelState@117d29ba{s=IDLE rs=BLOCKING os=OPEN is=IDLE awp=false se=false i=true al=0},r=1,c=false/false,a=IDLE,uri=null,age=0}
[DEBUG] fillInterested HttpConnection@37d513d7::SocketChannelEndPoint@3842ad8c{l=/127.0.0.1:38858,r=/127.0.0.1:42948,OPEN,fill=-,flush=-,to=10/30000}{io=0/0,kio=0,kro=1}->HttpConnection@37d513d7[p=HttpParser{s=START,0 of -1},g=HttpGenerator@296d6fb5{s=START}]=>HttpChannelOverHttp@57dc8a91{s=HttpChannelState@117d29ba{s=IDLE rs=BLOCKING os=OPEN is=IDLE awp=false se=false i=true al=0},r=1,c=false/false,a=IDLE,uri=null,age=0}
[DEBUG] interested FillInterest@5125a3db{AC.ReadCB@37d513d7{HttpConnection@37d513d7::SocketChannelEndPoint@3842ad8c{l=/127.0.0.1:38858,r=/127.0.0.1:42948,OPEN,fill=FI,flush=-,to=0/30000}{io=0/0,kio=0,kro=1}->HttpConnection@37d513d7[p=HttpParser{s=START,0 of -1},g=HttpGenerator@296d6fb5{s=START}]=>HttpChannelOverHttp@57dc8a91{s=HttpChannelState@117d29ba{s=IDLE rs=BLOCKING os=OPEN is=IDLE awp=false se=false i=true al=0},r=1,c=false/false,a=IDLE,uri=null,age=0}}}
[DEBUG] changeInterests p=false 0->1 for SocketChannelEndPoint@3842ad8c{l=/127.0.0.1:38858,r=/127.0.0.1:42948,OPEN,fill=FI,flush=-,to=0/30000}{io=0/1,kio=0,kro=1}->HttpConnection@37d513d7[p=HttpParser{s=START,0 of -1},g=HttpGenerator@296d6fb5{s=START}]=>HttpChannelOverHttp@57dc8a91{s=HttpChannelState@117d29ba{s=IDLE rs=BLOCKING os=OPEN is=IDLE awp=false se=false i=true al=0},r=1,c=false/false,a=IDLE,uri=null,age=0}
[DEBUG] Selector sun.nio.ch.EPollSelectorImpl@54609eb7 woken with none selected
[DEBUG] Selector sun.nio.ch.EPollSelectorImpl@54609eb7 woken up from select, 0/0/6 selected
[DEBUG] Selector sun.nio.ch.EPollSelectorImpl@54609eb7 processing 0 keys, 1 updates
[DEBUG] updateable 1
[DEBUG] update org.eclipse.jetty.io.ChannelEndPoint$$Lambda$475/1524159954@4eee130e
[DEBUG] Key interests updated 0 -> 1 on SocketChannelEndPoint@122254ce{l=/127.0.0.1:38858,r=/127.0.0.1:42942,OPEN,fill=FI,flush=-,to=19/30000}{io=1/1,kio=1,kro=1}->HttpConnection@3be4ecda[p=HttpParser{s=START,0 of -1},g=HttpGenerator@af7230{s=START}]=>HttpChannelOverHttp@f268a5a{s=HttpChannelState@2e8f904b{s=IDLE rs=BLOCKING os=OPEN is=IDLE awp=false se=false i=true al=0},r=1,c=false/false,a=IDLE,uri=null,age=0}
[DEBUG] updates 0
[DEBUG] Selector sun.nio.ch.EPollSelectorImpl@54609eb7 waiting with 6 keys
[DEBUG] write(array HeapByteBuffer@708e8d95[p=0,l=8192,c=8192,r=8192]={<<< sed augue semper porta. ...ces sit amet, augue. Pr>>>})
[DEBUG] write(array) s=OPEN,api=BLOCKED,sc=false,e=null last=false agg=true flush=true async=false, len=0 DirectByteBuffer@58caaa66[p=0,l=32768,c=32768,r=32768]={<<<bero. Sed dignissim lacin...ces sit amet, augue. Pr>>>}
[DEBUG] sendResponse info=null content=DirectByteBuffer@58caaa66[p=0,l=32768,c=32768,r=32768]={<<<bero. Sed dignissim lacin...ces sit amet, augue. Pr>>>} complete=false committing=false callback=Blocker@38e55529{null}
[DEBUG] generate: NEED_CHUNK for SendCallback@3e772566[PROCESSING][i=null,cb=org.eclipse.jetty.server.HttpChannel$SendCallback@4095a9de] (null,[p=0,l=32768,c=32768,r=32768],false)@COMMITTED
[DEBUG] generate: FLUSH for SendCallback@3e772566[PROCESSING][i=null,cb=org.eclipse.jetty.server.HttpChannel$SendCallback@4095a9de] (null,[p=0,l=32768,c=32768,r=32768],false)@COMMITTED
[DEBUG] write: WriteFlusher@2ef54d9f{IDLE}->null [HeapByteBuffer@ed6005f[p=0,l=8,c=1024,r=8]={<<<\r\n8000\r\n>>>\x00\x00\x00\x00\x00\x00\x00\x00\x00...\x00\x00\x00\x00\x00\x00\x00},DirectByteBuffer@58caaa66[p=0,l=32768,c=32768,r=32768]={<<<bero. Sed dignissim lacin...ces sit amet, augue. Pr>>>}]
[DEBUG] update WriteFlusher@2ef54d9f{WRITING}->null:IDLE-->WRITING
[DEBUG] flushed 32776 SocketChannelEndPoint@4414532c{l=/127.0.0.1:38858,r=/127.0.0.1:42944,OPEN,fill=-,flush=W,to=32/30000}{io=0/0,kio=0,kro=1}->HttpConnection@26dcb9cc[p=HttpParser{s=CONTENT,0 of -1},g=HttpGenerator@bf2138a{s=COMMITTED}]=>HttpChannelOverHttp@1f3a8692{s=HttpChannelState@13c489c4{s=HANDLING rs=BLOCKING os=COMMITTED is=IDLE awp=false se=false i=true al=0},r=1,c=false/false,a=HANDLING,uri=//localhost:38858/FileServlet/htmltests/large.html,age=150}
[DEBUG] Flushed=true written=32776 remaining=0 WriteFlusher@2ef54d9f{WRITING}->null
[DEBUG] update WriteFlusher@2ef54d9f{IDLE}->null:WRITING-->IDLE
[DEBUG] generate: DONE for SendCallback@3e772566[PROCESSING][i=null,cb=org.eclipse.jetty.server.HttpChannel$SendCallback@4095a9de] (null,[p=32768,l=32768,c=32768,r=0],false)@COMMITTED
[DEBUG] onWriteComplete(false,null) s=OPEN,api=BLOCKED,sc=false,e=null->s=OPEN,api=BLOCKING,sc=false,e=null c=null cb=null w=false
[DEBUG] write(array HeapByteBuffer@ac3d53d[p=0,l=8192,c=8192,r=8192]={<<<oin sodales libero eget a...uismod lacus luctus mag>>>})
[DEBUG] write(array) s=OPEN,api=BLOCKING,sc=false,e=null aggregated !flush DirectByteBuffer@58caaa66[p=0,l=8192,c=32768,r=8192]={<<<oin sodales libero eget a...uismod lacus luctus mag>>>itae, lig...gue. Pr}
[DEBUG] write(array HeapByteBuffer@4560204f[p=0,l=8192,c=8192,r=8192]={<<<na. Quisque cursus, metus...lass aptent taciti soci>>>})
[DEBUG] write(array) s=OPEN,api=BLOCKING,sc=false,e=null aggregated !flush DirectByteBuffer@58caaa66[p=0,l=16384,c=32768,r=16384]={<<<oin sodales libero eget a...lass aptent taciti soci>>> in fauci...gue. Pr}
[DEBUG] write(array HeapByteBuffer@4106ef53[p=0,l=2207,c=8192,r=2207]={<<<osqu ad litora torquent p.... </p>\n\n</body></html>\n>>>nia nunc....ti soci})
[DEBUG] write(array) s=OPEN,api=BLOCKING,sc=false,e=null aggregated !flush DirectByteBuffer@58caaa66[p=0,l=18591,c=32768,r=18591]={<<<oin sodales libero eget a.... </p>\n\n</body></html>\n>>>erisque s...gue. Pr}
[DEBUG] sendResponse info=null content=DirectByteBuffer@58caaa66[p=0,l=18591,c=32768,r=18591]={<<<oin sodales libero eget a.... </p>\n\n</body></html>\n>>>erisque s...gue. Pr} complete=false committing=false callback=Blocker@38e55529{null}
[DEBUG] generate: NEED_CHUNK for SendCallback@3e772566[PROCESSING][i=null,cb=org.eclipse.jetty.server.HttpChannel$SendCallback@2c3075f4] (null,[p=0,l=18591,c=32768,r=18591],false)@COMMITTED
[DEBUG] generate: FLUSH for SendCallback@3e772566[PROCESSING][i=null,cb=org.eclipse.jetty.server.HttpChannel$SendCallback@2c3075f4] (null,[p=0,l=18591,c=32768,r=18591],false)@COMMITTED
[DEBUG] write: WriteFlusher@2ef54d9f{IDLE}->null [HeapByteBuffer@e6dab5c[p=0,l=8,c=1024,r=8]={<<<\r\n489F\r\n>>>\x00\x00\x00\x00\x00\x00\x00\x00\x00...\x00\x00\x00\x00\x00\x00\x00},DirectByteBuffer@58caaa66[p=0,l=18591,c=32768,r=18591]={<<<oin sodales libero eget a.... </p>\n\n</body></html>\n>>>erisque s...gue. Pr}]
[DEBUG] update WriteFlusher@2ef54d9f{WRITING}->null:IDLE-->WRITING
[DEBUG] flushed 18599 SocketChannelEndPoint@4414532c{l=/127.0.0.1:38858,r=/127.0.0.1:42944,OPEN,fill=-,flush=W,to=0/30000}{io=0/0,kio=0,kro=1}->HttpConnection@26dcb9cc[p=HttpParser{s=CONTENT,0 of -1},g=HttpGenerator@bf2138a{s=COMMITTED}]=>HttpChannelOverHttp@1f3a8692{s=HttpChannelState@13c489c4{s=HANDLING rs=BLOCKING os=COMMITTED is=IDLE awp=false se=false i=true al=0},r=1,c=false/false,a=HANDLING,uri=//localhost:38858/FileServlet/htmltests/large.html,age=151}
[DEBUG] Flushed=true written=18599 remaining=0 WriteFlusher@2ef54d9f{WRITING}->null
[DEBUG] update WriteFlusher@2ef54d9f{IDLE}->null:WRITING-->IDLE
[DEBUG] generate: DONE for SendCallback@3e772566[PROCESSING][i=null,cb=org.eclipse.jetty.server.HttpChannel$SendCallback@2c3075f4] (null,[p=18591,l=18591,c=32768,r=0],false)@COMMITTED
[DEBUG] onWriteComplete(false,null) s=OPEN,api=BLOCKED,sc=false,e=null->s=OPEN,api=BLOCKING,sc=false,e=null c=null cb=null w=false
[DEBUG] handled=true async=false committed=true on HttpChannelOverHttp@1f3a8692{s=HttpChannelState@13c489c4{s=HANDLING rs=BLOCKING os=COMMITTED is=IDLE awp=false se=false i=true al=0},r=1,c=false/false,a=HANDLING,uri=//localhost:38858/FileServlet/htmltests/large.html,age=151}
[DEBUG] unhandle HttpChannelState@13c489c4{s=HANDLING rs=BLOCKING os=COMMITTED is=IDLE awp=false se=false i=true al=0}
[DEBUG] nextAction(false) COMPLETE HttpChannelState@13c489c4{s=HANDLING rs=COMPLETING os=COMMITTED is=IDLE awp=false se=false i=false al=0}
[DEBUG] action COMPLETE HttpChannelOverHttp@1f3a8692{s=HttpChannelState@13c489c4{s=HANDLING rs=COMPLETING os=COMMITTED is=IDLE awp=false se=false i=false al=0},r=1,c=false/false,a=HANDLING,uri=//localhost:38858/FileServlet/htmltests/large.html,age=151}
[DEBUG] complete(org.eclipse.jetty.util.Callback$3@38ce2772) s=CLOSING,api=BLOCKED,sc=false,e=null s=false e=null, c=HeapByteBuffer@11848662[p=0,l=0,c=0,r=0]={<<<>>>}
[DEBUG] sendResponse info=null content=HeapByteBuffer@11848662[p=0,l=0,c=0,r=0]={<<<>>>} complete=true committing=false callback=org.eclipse.jetty.server.HttpOutput$WriteCompleteCB@7ce80a7c
[DEBUG] generate: CONTINUE for SendCallback@3e772566[PROCESSING][i=null,cb=org.eclipse.jetty.server.HttpChannel$SendCallback@a621ec5] (null,[p=0,l=0,c=0,r=0],true)@COMPLETING
[DEBUG] generate: NEED_CHUNK for SendCallback@3e772566[PROCESSING][i=null,cb=org.eclipse.jetty.server.HttpChannel$SendCallback@a621ec5] (null,[p=0,l=0,c=0,r=0],true)@COMPLETING
[DEBUG] generate: FLUSH for SendCallback@3e772566[PROCESSING][i=null,cb=org.eclipse.jetty.server.HttpChannel$SendCallback@a621ec5] (null,[p=0,l=0,c=0,r=0],true)@COMPLETING
[DEBUG] write: WriteFlusher@2ef54d9f{IDLE}->null [HeapByteBuffer@68278da5[p=0,l=7,c=1024,r=7]={<<<\r\n0\r\n\r\n>>>\n\x00\x00\x00\x00\x00\x00\x00\x00...\x00\x00\x00\x00\x00\x00\x00}]
[DEBUG] update WriteFlusher@2ef54d9f{WRITING}->null:IDLE-->WRITING
[DEBUG] flushed 7 SocketChannelEndPoint@4414532c{l=/127.0.0.1:38858,r=/127.0.0.1:42944,OPEN,fill=-,flush=W,to=0/30000}{io=0/0,kio=0,kro=1}->HttpConnection@26dcb9cc[p=HttpParser{s=CONTENT,0 of -1},g=HttpGenerator@bf2138a{s=COMPLETING}]=>HttpChannelOverHttp@1f3a8692{s=HttpChannelState@13c489c4{s=HANDLING rs=COMPLETING os=COMMITTED is=IDLE awp=false se=false i=false al=0},r=1,c=false/false,a=HANDLING,uri=//localhost:38858/FileServlet/htmltests/large.html,age=151}
[DEBUG] Flushed=true written=7 remaining=0 WriteFlusher@2ef54d9f{WRITING}->null
[DEBUG] HttpConnection@3be4ecda::SocketChannelEndPoint@122254ce{l=/127.0.0.1:38858,r=/127.0.0.1:42942,OPEN,fill=FI,flush=-,to=10/30000}{io=0/1,kio=0,kro=1}->HttpConnection@3be4ecda[p=HttpParser{s=START,0 of -1},g=HttpGenerator@af7230{s=START}]=>HttpChannelOverHttp@f268a5a{s=HttpChannelState@2e8f904b{s=IDLE rs=BLOCKING os=OPEN is=IDLE awp=false se=false i=true al=0},r=1,c=false/false,a=IDLE,uri=null,age=0} onFillable exit HttpChannelState@2e8f904b{s=IDLE rs=BLOCKING os=OPEN is=IDLE awp=false se=false i=true al=0} null
[DEBUG] ReservedThreadExecutor@7ec3394b{s=1/1,p=0}@2d148dcc size 1 > capacity
[DEBUG] ran ReservedThreadExecutor@7ec3394b{s=1/1,p=0}@2d148dcc in QueuedThreadPool[qtp487792155]@1d131e1b{STARTED,8<=9<=200,i=1,r=-1,q=0}[ReservedThreadExecutor@7ec3394b{s=1/1,p=0}]
[DEBUG] interested FillInterest@8c0864f{AC.ReadCB@42bd18a0{HttpConnection@42bd18a0::SocketChannelEndPoint@d47ed43{l=/127.0.0.1:38858,r=/127.0.0.1:42940,OPEN,fill=FI,flush=-,to=0/30000}{io=0/0,kio=0,kro=1}->HttpConnection@42bd18a0[p=HttpParser{s=START,0 of -1},g=HttpGenerator@73351804{s=START}]=>HttpChannelOverHttp@380129b{s=HttpChannelState@7bf8633{s=IDLE rs=BLOCKING os=OPEN is=IDLE awp=false se=false i=true al=0},r=9,c=false/false,a=IDLE,uri=null,age=0}}}
[DEBUG] changeInterests p=false 0->1 for SocketChannelEndPoint@d47ed43{l=/127.0.0.1:38858,r=/127.0.0.1:42940,OPEN,fill=FI,flush=-,to=20/30000}{io=0/1,kio=0,kro=1}->HttpConnection@42bd18a0[p=HttpParser{s=START,0 of -1},g=HttpGenerator@73351804{s=START}]=>HttpChannelOverHttp@380129b{s=HttpChannelState@7bf8633{s=IDLE rs=BLOCKING os=OPEN is=IDLE awp=false se=false i=true al=0},r=9,c=false/false,a=IDLE,uri=null,age=0}
[DEBUG] Queued change lazy=false org.eclipse.jetty.io.ChannelEndPoint$$Lambda$475/1524159954@2292e7ef on ManagedSelector@129b4fe2{STARTED} id=0 keys=6 selected=0 updates=0
[DEBUG] Wakeup on submit ManagedSelector@129b4fe2{STARTED} id=0 keys=6 selected=0 updates=1
[DEBUG] Selector sun.nio.ch.EPollSelectorImpl@54609eb7 woken with none selected
[DEBUG] Selector sun.nio.ch.EPollSelectorImpl@54609eb7 woken up from select, 0/0/6 selected
[DEBUG] Selector sun.nio.ch.EPollSelectorImpl@54609eb7 processing 0 keys, 1 updates
[DEBUG] updateable 1
[DEBUG] update org.eclipse.jetty.io.ChannelEndPoint$$Lambda$475/1524159954@2292e7ef
[DEBUG] Key interests updated 0 -> 1 on SocketChannelEndPoint@d47ed43{l=/127.0.0.1:38858,r=/127.0.0.1:42940,OPEN,fill=FI,flush=-,to=20/30000}{io=1/1,kio=1,kro=1}->HttpConnection@42bd18a0[p=HttpParser{s=START,0 of -1},g=HttpGenerator@73351804{s=START}]=>HttpChannelOverHttp@380129b{s=HttpChannelState@7bf8633{s=IDLE rs=BLOCKING os=OPEN is=IDLE awp=false se=false i=true al=0},r=9,c=false/false,a=IDLE,uri=null,age=0}
[DEBUG] updates 0
[DEBUG] Selector sun.nio.ch.EPollSelectorImpl@54609eb7 waiting with 6 keys
[DEBUG] HttpConnection@42bd18a0::SocketChannelEndPoint@d47ed43{l=/127.0.0.1:38858,r=/127.0.0.1:42940,OPEN,fill=FI,flush=-,to=20/30000}{io=1/1,kio=1,kro=1}->HttpConnection@42bd18a0[p=HttpParser{s=START,0 of -1},g=HttpGenerator@73351804{s=START}]=>HttpChannelOverHttp@380129b{s=HttpChannelState@7bf8633{s=IDLE rs=BLOCKING os=OPEN is=IDLE awp=false se=false i=true al=0},r=9,c=false/false,a=IDLE,uri=null,age=0} onFillable exit HttpChannelState@7bf8633{s=IDLE rs=BLOCKING os=OPEN is=IDLE awp=false se=false i=true al=0} null
[DEBUG] ReservedThreadExecutor@7ec3394b{s=1/1,p=0}@725b6828 size 1 > capacity
[DEBUG] ran ReservedThreadExecutor@7ec3394b{s=1/1,p=0}@725b6828 in QueuedThreadPool[qtp487792155]@1d131e1b{STARTED,8<=9<=200,i=2,r=-1,q=0}[ReservedThreadExecutor@7ec3394b{s=1/1,p=0}]
[DEBUG] flushed 32776 SocketChannelEndPoint@77ed8bb4{l=/127.0.0.1:38858,r=/127.0.0.1:42946,OPEN,fill=-,flush=W,to=0/30000}{io=0/0,kio=0,kro=1}->HttpConnection@65fa8c24[p=HttpParser{s=CONTENT,0 of -1},g=HttpGenerator@307be154{s=COMMITTED}]=>HttpChannelOverHttp@c28598b{s=HttpChannelState@5bb2823f{s=HANDLING rs=BLOCKING os=COMMITTED is=IDLE awp=false se=false i=true al=0},r=1,c=false/false,a=HANDLING,uri=//localhost:38858/FileServlet/htmltests/large.html,age=140}
[DEBUG] Flushed=true written=32776 remaining=0 WriteFlusher@6dfe4884{WRITING}->null
[DEBUG] update WriteFlusher@6dfe4884{IDLE}->null:WRITING-->IDLE
[DEBUG] generate: DONE for SendCallback@606934da[PROCESSING][i=null,cb=org.eclipse.jetty.server.HttpChannel$SendCallback@1be445c0] (null,[p=32768,l=32768,c=32768,r=0],false)@COMMITTED
[DEBUG] onWriteComplete(false,null) s=OPEN,api=BLOCKED,sc=false,e=null->s=OPEN,api=BLOCKING,sc=false,e=null c=null cb=null w=false
[DEBUG] write(array HeapByteBuffer@26fca13d[p=0,l=8192,c=8192,r=8192]={<<<oin sodales libero eget a...uismod lacus luctus mag>>>})
[DEBUG] write(array) s=OPEN,api=BLOCKING,sc=false,e=null aggregated !flush DirectByteBuffer@1c19d748[p=0,l=8192,c=32768,r=8192]={<<<oin sodales libero eget a...uismod lacus luctus mag>>>itae, lig...gue. Pr}
[DEBUG] write(array HeapByteBuffer@1ac7c9b8[p=0,l=8192,c=8192,r=8192]={<<<na. Quisque cursus, metus...lass aptent taciti soci>>>})
[DEBUG] write(array) s=OPEN,api=BLOCKING,sc=false,e=null aggregated !flush DirectByteBuffer@1c19d748[p=0,l=16384,c=32768,r=16384]={<<<oin sodales libero eget a...lass aptent taciti soci>>> in fauci...gue. Pr}
[DEBUG] write(array HeapByteBuffer@508e8bda[p=0,l=2207,c=8192,r=2207]={<<<osqu ad litora torquent p.... </p>\n\n</body></html>\n>>>nia nunc....ti soci})
[DEBUG] write(array) s=OPEN,api=BLOCKING,sc=false,e=null aggregated !flush DirectByteBuffer@1c19d748[p=0,l=18591,c=32768,r=18591]={<<<oin sodales libero eget a.... </p>\n\n</body></html>\n>>>erisque s...gue. Pr}
[DEBUG] sendResponse info=null content=DirectByteBuffer@1c19d748[p=0,l=18591,c=32768,r=18591]={<<<oin sodales libero eget a.... </p>\n\n</body></html>\n>>>erisque s...gue. Pr} complete=false committing=false callback=Blocker@f8d6b34{null}
[DEBUG] generate: NEED_CHUNK for SendCallback@606934da[PROCESSING][i=null,cb=org.eclipse.jetty.server.HttpChannel$SendCallback@697d0e4e] (null,[p=0,l=18591,c=32768,r=18591],false)@COMMITTED
[DEBUG] generate: FLUSH for SendCallback@606934da[PROCESSING][i=null,cb=org.eclipse.jetty.server.HttpChannel$SendCallback@697d0e4e] (null,[p=0,l=18591,c=32768,r=18591],false)@COMMITTED
[DEBUG] write: WriteFlusher@6dfe4884{IDLE}->null [HeapByteBuffer@ed6005f[p=0,l=8,c=1024,r=8]={<<<\r\n489F\r\n>>>\x00\x00\x00\x00\x00\x00\x00\x00\x00...\x00\x00\x00\x00\x00\x00\x00},DirectByteBuffer@1c19d748[p=0,l=18591,c=32768,r=18591]={<<<oin sodales libero eget a.... </p>\n\n</body></html>\n>>>erisque s...gue. Pr}]
[DEBUG] update WriteFlusher@6dfe4884{WRITING}->null:IDLE-->WRITING
[DEBUG] flushed 18599 SocketChannelEndPoint@77ed8bb4{l=/127.0.0.1:38858,r=/127.0.0.1:42946,OPEN,fill=-,flush=W,to=0/30000}{io=0/0,kio=0,kro=1}->HttpConnection@65fa8c24[p=HttpParser{s=CONTENT,0 of -1},g=HttpGenerator@307be154{s=COMMITTED}]=>HttpChannelOverHttp@c28598b{s=HttpChannelState@5bb2823f{s=HANDLING rs=BLOCKING os=COMMITTED is=IDLE awp=false se=false i=true al=0},r=1,c=false/false,a=HANDLING,uri=//localhost:38858/FileServlet/htmltests/large.html,age=140}
[DEBUG] Flushed=true written=18599 remaining=0 WriteFlusher@6dfe4884{WRITING}->null
[DEBUG] update WriteFlusher@6dfe4884{IDLE}->null:WRITING-->IDLE
[DEBUG] generate: DONE for SendCallback@606934da[PROCESSING][i=null,cb=org.eclipse.jetty.server.HttpChannel$SendCallback@697d0e4e] (null,[p=18591,l=18591,c=32768,r=0],false)@COMMITTED
[DEBUG] onWriteComplete(false,null) s=OPEN,api=BLOCKED,sc=false,e=null->s=OPEN,api=BLOCKING,sc=false,e=null c=null cb=null w=false
[DEBUG] handled=true async=false committed=true on HttpChannelOverHttp@c28598b{s=HttpChannelState@5bb2823f{s=HANDLING rs=BLOCKING os=COMMITTED is=IDLE awp=false se=false i=true al=0},r=1,c=false/false,a=HANDLING,uri=//localhost:38858/FileServlet/htmltests/large.html,age=141}
[DEBUG] unhandle HttpChannelState@5bb2823f{s=HANDLING rs=BLOCKING os=COMMITTED is=IDLE awp=false se=false i=true al=0}
[DEBUG] nextAction(false) COMPLETE HttpChannelState@5bb2823f{s=HANDLING rs=COMPLETING os=COMMITTED is=IDLE awp=false se=false i=false al=0}
[DEBUG] action COMPLETE HttpChannelOverHttp@c28598b{s=HttpChannelState@5bb2823f{s=HANDLING rs=COMPLETING os=COMMITTED is=IDLE awp=false se=false i=false al=0},r=1,c=false/false,a=HANDLING,uri=//localhost:38858/FileServlet/htmltests/large.html,age=141}
[DEBUG] complete(org.eclipse.jetty.util.Callback$3@2a4bbf15) s=CLOSING,api=BLOCKED,sc=false,e=null s=false e=null, c=HeapByteBuffer@11848662[p=0,l=0,c=0,r=0]={<<<>>>}
[DEBUG] sendResponse info=null content=HeapByteBuffer@11848662[p=0,l=0,c=0,r=0]={<<<>>>} complete=true committing=false callback=org.eclipse.jetty.server.HttpOutput$WriteCompleteCB@ee529ed
[DEBUG] generate: CONTINUE for SendCallback@606934da[PROCESSING][i=null,cb=org.eclipse.jetty.server.HttpChannel$SendCallback@2a11b3b0] (null,[p=0,l=0,c=0,r=0],true)@COMPLETING
[DEBUG] generate: NEED_CHUNK for SendCallback@606934da[PROCESSING][i=null,cb=org.eclipse.jetty.server.HttpChannel$SendCallback@2a11b3b0] (null,[p=0,l=0,c=0,r=0],true)@COMPLETING
[DEBUG] generate: FLUSH for SendCallback@606934da[PROCESSING][i=null,cb=org.eclipse.jetty.server.HttpChannel$SendCallback@2a11b3b0] (null,[p=0,l=0,c=0,r=0],true)@COMPLETING
[DEBUG] write: WriteFlusher@6dfe4884{IDLE}->null [HeapByteBuffer@e6dab5c[p=0,l=7,c=1024,r=7]={<<<\r\n0\r\n\r\n>>>\n\x00\x00\x00\x00\x00\x00\x00\x00...\x00\x00\x00\x00\x00\x00\x00}]
[DEBUG] update WriteFlusher@6dfe4884{WRITING}->null:IDLE-->WRITING
[DEBUG] flushed 7 SocketChannelEndPoint@77ed8bb4{l=/127.0.0.1:38858,r=/127.0.0.1:42946,OPEN,fill=-,flush=W,to=0/30000}{io=0/0,kio=0,kro=1}->HttpConnection@65fa8c24[p=HttpParser{s=CONTENT,0 of -1},g=HttpGenerator@307be154{s=COMPLETING}]=>HttpChannelOverHttp@c28598b{s=HttpChannelState@5bb2823f{s=HANDLING rs=COMPLETING os=COMMITTED is=IDLE awp=false se=false i=false al=0},r=1,c=false/false,a=HANDLING,uri=//localhost:38858/FileServlet/htmltests/large.html,age=141}
[DEBUG] Flushed=true written=7 remaining=0 WriteFlusher@6dfe4884{WRITING}->null
[DEBUG] update WriteFlusher@6dfe4884{IDLE}->null:WRITING-->IDLE
[DEBUG] generate: DONE for SendCallback@606934da[PROCESSING][i=null,cb=org.eclipse.jetty.server.HttpChannel$SendCallback@2a11b3b0] (null,[p=0,l=0,c=0,r=0],true)@END
[DEBUG] onWriteComplete(true,null) s=CLOSING,api=BLOCKED,sc=false,e=null->s=CLOSED,api=BLOCKING,sc=false,e=null c=null cb=org.eclipse.jetty.util.Callback$3@2a4bbf15 w=false
[DEBUG] completed HttpChannelState@5bb2823f{s=HANDLING rs=COMPLETING os=COMPLETED is=IDLE awp=false se=false i=false al=0}
[DEBUG] unhandle HttpChannelState@5bb2823f{s=HANDLING rs=COMPLETED os=COMPLETED is=IDLE awp=false se=false i=false al=0}
[DEBUG] nextAction(false) TERMINATED HttpChannelState@5bb2823f{s=IDLE rs=COMPLETED os=COMPLETED is=IDLE awp=false se=false i=false al=0}
[DEBUG] action TERMINATED HttpChannelOverHttp@c28598b{s=HttpChannelState@5bb2823f{s=IDLE rs=COMPLETED os=COMPLETED is=IDLE awp=false se=false i=false al=0},r=1,c=true/true,a=IDLE,uri=//localhost:38858/FileServlet/htmltests/large.html,age=141}
[DEBUG] onCompleted for /FileServlet/htmltests/large.html written=280735
[DEBUG] Queued change lazy=false org.eclipse.jetty.io.ChannelEndPoint$$Lambda$475/1524159954@4ef14983 on ManagedSelector@129b4fe2{STARTED} id=0 keys=6 selected=0 updates=1
[DEBUG] Wakeup on submit ManagedSelector@129b4fe2{STARTED} id=0 keys=6 selected=0 updates=1
[DEBUG] Selector sun.nio.ch.EPollSelectorImpl@54609eb7 woken with none selected
[DEBUG] Selector sun.nio.ch.EPollSelectorImpl@54609eb7 woken up from select, 0/0/6 selected
[DEBUG] Selector sun.nio.ch.EPollSelectorImpl@54609eb7 processing 0 keys, 1 updates
[DEBUG] updateable 1
[DEBUG] update org.eclipse.jetty.io.ChannelEndPoint$$Lambda$475/1524159954@4ef14983
[DEBUG] Key interests updated 0 -> 1 on SocketChannelEndPoint@3842ad8c{l=/127.0.0.1:38858,r=/127.0.0.1:42948,OPEN,fill=FI,flush=-,to=19/30000}{io=1/1,kio=1,kro=1}->HttpConnection@37d513d7[p=HttpParser{s=START,0 of -1},g=HttpGenerator@296d6fb5{s=START}]=>HttpChannelOverHttp@57dc8a91{s=HttpChannelState@117d29ba{s=IDLE rs=BLOCKING os=OPEN is=IDLE awp=false se=false i=true al=0},r=1,c=false/false,a=IDLE,uri=null,age=0}
[DEBUG] updates 0
[DEBUG] Selector sun.nio.ch.EPollSelectorImpl@54609eb7 waiting with 6 keys
[DEBUG] HttpConnection@37d513d7::SocketChannelEndPoint@3842ad8c{l=/127.0.0.1:38858,r=/127.0.0.1:42948,OPEN,fill=FI,flush=-,to=20/30000}{io=1/1,kio=1,kro=1}->HttpConnection@37d513d7[p=HttpParser{s=START,0 of -1},g=HttpGenerator@296d6fb5{s=START}]=>HttpChannelOverHttp@57dc8a91{s=HttpChannelState@117d29ba{s=IDLE rs=BLOCKING os=OPEN is=IDLE awp=false se=false i=true al=0},r=1,c=false/false,a=IDLE,uri=null,age=0} onFillable exit HttpChannelState@117d29ba{s=IDLE rs=BLOCKING os=OPEN is=IDLE awp=false se=false i=true al=0} null
[DEBUG] ReservedThreadExecutor@7ec3394b{s=1/1,p=0}@46d05563 size 1 > capacity
[DEBUG] ran ReservedThreadExecutor@7ec3394b{s=1/1,p=0}@46d05563 in QueuedThreadPool[qtp487792155]@1d131e1b{STARTED,8<=9<=200,i=3,r=-1,q=0}[ReservedThreadExecutor@7ec3394b{s=1/1,p=0}]
[DEBUG] update WriteFlusher@2ef54d9f{IDLE}->null:WRITING-->IDLE
[DEBUG] generate: DONE for SendCallback@3e772566[PROCESSING][i=null,cb=org.eclipse.jetty.server.HttpChannel$SendCallback@a621ec5] (null,[p=0,l=0,c=0,r=0],true)@END
[DEBUG] onWriteComplete(true,null) s=CLOSING,api=BLOCKED,sc=false,e=null->s=CLOSED,api=BLOCKING,sc=false,e=null c=null cb=org.eclipse.jetty.util.Callback$3@38ce2772 w=false
[DEBUG] completed HttpChannelState@13c489c4{s=HANDLING rs=COMPLETING os=COMPLETED is=IDLE awp=false se=false i=false al=0}
[DEBUG] unhandle HttpChannelState@13c489c4{s=HANDLING rs=COMPLETED os=COMPLETED is=IDLE awp=false se=false i=false al=0}
[DEBUG] nextAction(false) TERMINATED HttpChannelState@13c489c4{s=IDLE rs=COMPLETED os=COMPLETED is=IDLE awp=false se=false i=false al=0}
[DEBUG] action TERMINATED HttpChannelOverHttp@1f3a8692{s=HttpChannelState@13c489c4{s=IDLE rs=COMPLETED os=COMPLETED is=IDLE awp=false se=false i=false al=0},r=1,c=true/true,a=IDLE,uri=//localhost:38858/FileServlet/htmltests/large.html,age=170}
[DEBUG] onCompleted for /FileServlet/htmltests/large.html written=280735
[DEBUG] filled 0 HeapByteBuffer@41e05b38[p=0,l=0,c=8192,r=0]={<<<>>>HTTP/1.1 ...\x00\x00\x00\x00\x00\x00\x00}
[DEBUG] filled 0 HeapByteBuffer@41e05b38[p=0,l=0,c=8192,r=0]={<<<>>>HTTP/1.1 ...\x00\x00\x00\x00\x00\x00\x00}
[DEBUG] HttpConnection@26dcb9cc::SocketChannelEndPoint@4414532c{l=/127.0.0.1:38858,r=/127.0.0.1:42944,OPEN,fill=-,flush=-,to=18/30000}{io=0/0,kio=0,kro=1}->HttpConnection@26dcb9cc[p=HttpParser{s=CONTENT,0 of -1},g=HttpGenerator@bf2138a{s=END}]=>HttpChannelOverHttp@1f3a8692{s=HttpChannelState@13c489c4{s=IDLE rs=COMPLETED os=COMPLETED is=IDLE awp=false se=false i=false al=0},r=1,c=true/true,a=IDLE,uri=//localhost:38858/FileServlet/htmltests/large.html,age=170} filled 0 HeapByteBuffer@41e05b38[p=0,l=0,c=8192,r=0]={<<<>>>HTTP/1.1 ...\x00\x00\x00\x00\x00\x00\x00}
[DEBUG] HttpConnection@26dcb9cc::SocketChannelEndPoint@4414532c{l=/127.0.0.1:38858,r=/127.0.0.1:42944,OPEN,fill=-,flush=-,to=18/30000}{io=0/0,kio=0,kro=1}->HttpConnection@26dcb9cc[p=HttpParser{s=CONTENT,0 of -1},g=HttpGenerator@bf2138a{s=END}]=>HttpChannelOverHttp@1f3a8692{s=HttpChannelState@13c489c4{s=IDLE rs=COMPLETED os=COMPLETED is=IDLE awp=false se=false i=false al=0},r=1,c=true/true,a=IDLE,uri=//localhost:38858/FileServlet/htmltests/large.html,age=170} parse HeapByteBuffer@41e05b38[p=0,l=0,c=8192,r=0]={<<<>>>HTTP/1.1 ...\x00\x00\x00\x00\x00\x00\x00} {}
[DEBUG] parseNext s=CONTENT HeapByteBuffer@41e05b38[p=0,l=0,c=8192,r=0]={<<<>>>HTTP/1.1 ...\x00\x00\x00\x00\x00\x00\x00}
[DEBUG] CONTENT --> CONTENT_END
[DEBUG] onContentComplete HttpChannelOverHttp@1f3a8692{s=HttpChannelState@13c489c4{s=IDLE rs=COMPLETED os=COMPLETED is=IDLE awp=false se=false i=false al=0},r=1,c=true/true,a=IDLE,uri=//localhost:38858/FileServlet/htmltests/large.html,age=170}
[DEBUG] CONTENT_END --> END
[DEBUG] onRequestComplete HttpChannelOverHttp@1f3a8692{s=HttpChannelState@13c489c4{s=IDLE rs=COMPLETED os=COMPLETED is=IDLE awp=false se=false i=false al=0},r=1,c=true/true,a=IDLE,uri=//localhost:38858/FileServlet/htmltests/large.html,age=170}
[DEBUG] HttpInputOverHTTP@255255a8[c=0,q=0,[0]=null,s=STREAM] addContent EOF
[DEBUG] HttpConnection@26dcb9cc::SocketChannelEndPoint@4414532c{l=/127.0.0.1:38858,r=/127.0.0.1:42944,OPEN,fill=-,flush=-,to=18/30000}{io=0/0,kio=0,kro=1}->HttpConnection@26dcb9cc[p=HttpParser{s=END,0 of -1},g=HttpGenerator@bf2138a{s=END}]=>HttpChannelOverHttp@1f3a8692{s=HttpChannelState@13c489c4{s=IDLE rs=COMPLETED os=COMPLETED is=IDLE awp=false se=false i=false al=0},r=1,c=true/true,a=IDLE,uri=//localhost:38858/FileServlet/htmltests/large.html,age=170} parsed false HttpParser{s=END,0 of -1}
[DEBUG] releaseRequestBuffer HttpConnection@26dcb9cc::SocketChannelEndPoint@4414532c{l=/127.0.0.1:38858,r=/127.0.0.1:42944,OPEN,fill=-,flush=-,to=18/30000}{io=0/0,kio=0,kro=1}->HttpConnection@26dcb9cc[p=HttpParser{s=END,0 of -1},g=HttpGenerator@bf2138a{s=END}]=>HttpChannelOverHttp@1f3a8692{s=HttpChannelState@13c489c4{s=IDLE rs=COMPLETED os=COMPLETED is=IDLE awp=false se=false i=false al=0},r=1,c=true/true,a=IDLE,uri=//localhost:38858/FileServlet/htmltests/large.html,age=171}
[DEBUG] recycle HttpChannelState@13c489c4{s=IDLE rs=COMPLETED os=COMPLETED is=IDLE awp=false se=false i=false al=0}
[DEBUG] reset HttpParser{s=END,0 of -1}
[DEBUG] END --> START
[DEBUG] !handle TERMINATED HttpChannelOverHttp@1f3a8692{s=HttpChannelState@13c489c4{s=IDLE rs=BLOCKING os=OPEN is=IDLE awp=false se=false i=true al=0},r=1,c=false/false,a=IDLE,uri=null,age=0}
[DEBUG] filled 0 HeapByteBuffer@78a30358[p=0,l=0,c=8192,r=0]={<<<>>>HTTP/1.1 ...\x00\x00\x00\x00\x00\x00\x00}
[DEBUG] filled 0 HeapByteBuffer@78a30358[p=0,l=0,c=8192,r=0]={<<<>>>HTTP/1.1 ...\x00\x00\x00\x00\x00\x00\x00}
[DEBUG] HttpConnection@26dcb9cc::SocketChannelEndPoint@4414532c{l=/127.0.0.1:38858,r=/127.0.0.1:42944,OPEN,fill=-,flush=-,to=19/30000}{io=0/0,kio=0,kro=1}->HttpConnection@26dcb9cc[p=HttpParser{s=START,0 of -1},g=HttpGenerator@bf2138a{s=START}]=>HttpChannelOverHttp@1f3a8692{s=HttpChannelState@13c489c4{s=IDLE rs=BLOCKING os=OPEN is=IDLE awp=false se=false i=true al=0},r=1,c=false/false,a=IDLE,uri=null,age=0} filled 0 HeapByteBuffer@78a30358[p=0,l=0,c=8192,r=0]={<<<>>>HTTP/1.1 ...\x00\x00\x00\x00\x00\x00\x00}
[DEBUG] HttpConnection@26dcb9cc::SocketChannelEndPoint@4414532c{l=/127.0.0.1:38858,r=/127.0.0.1:42944,OPEN,fill=-,flush=-,to=19/30000}{io=0/0,kio=0,kro=1}->HttpConnection@26dcb9cc[p=HttpParser{s=START,0 of -1},g=HttpGenerator@bf2138a{s=START}]=>HttpChannelOverHttp@1f3a8692{s=HttpChannelState@13c489c4{s=IDLE rs=BLOCKING os=OPEN is=IDLE awp=false se=false i=true al=0},r=1,c=false/false,a=IDLE,uri=null,age=0} parse HeapByteBuffer@78a30358[p=0,l=0,c=8192,r=0]={<<<>>>HTTP/1.1 ...\x00\x00\x00\x00\x00\x00\x00} {}
[DEBUG] parseNext s=START HeapByteBuffer@78a30358[p=0,l=0,c=8192,r=0]={<<<>>>HTTP/1.1 ...\x00\x00\x00\x00\x00\x00\x00}
[DEBUG] HttpConnection@26dcb9cc::SocketChannelEndPoint@4414532c{l=/127.0.0.1:38858,r=/127.0.0.1:42944,OPEN,fill=-,flush=-,to=19/30000}{io=0/0,kio=0,kro=1}->HttpConnection@26dcb9cc[p=HttpParser{s=START,0 of -1},g=HttpGenerator@bf2138a{s=START}]=>HttpChannelOverHttp@1f3a8692{s=HttpChannelState@13c489c4{s=IDLE rs=BLOCKING os=OPEN is=IDLE awp=false se=false i=true al=0},r=1,c=false/false,a=IDLE,uri=null,age=0} parsed false HttpParser{s=START,0 of -1}
[DEBUG] releaseRequestBuffer HttpConnection@26dcb9cc::SocketChannelEndPoint@4414532c{l=/127.0.0.1:38858,r=/127.0.0.1:42944,OPEN,fill=-,flush=-,to=19/30000}{io=0/0,kio=0,kro=1}->HttpConnection@26dcb9cc[p=HttpParser{s=START,0 of -1},g=HttpGenerator@bf2138a{s=START}]=>HttpChannelOverHttp@1f3a8692{s=HttpChannelState@13c489c4{s=IDLE rs=BLOCKING os=OPEN is=IDLE awp=false se=false i=true al=0},r=1,c=false/false,a=IDLE,uri=null,age=0}
[DEBUG] fillInterested HttpConnection@26dcb9cc::SocketChannelEndPoint@4414532c{l=/127.0.0.1:38858,r=/127.0.0.1:42944,OPEN,fill=-,flush=-,to=19/30000}{io=0/0,kio=0,kro=1}->HttpConnection@26dcb9cc[p=HttpParser{s=START,0 of -1},g=HttpGenerator@bf2138a{s=START}]=>HttpChannelOverHttp@1f3a8692{s=HttpChannelState@13c489c4{s=IDLE rs=BLOCKING os=OPEN is=IDLE awp=false se=false i=true al=0},r=1,c=false/false,a=IDLE,uri=null,age=0}
[DEBUG] interested FillInterest@3c4f3199{AC.ReadCB@26dcb9cc{HttpConnection@26dcb9cc::SocketChannelEndPoint@4414532c{l=/127.0.0.1:38858,r=/127.0.0.1:42944,OPEN,fill=FI,flush=-,to=0/30000}{io=0/0,kio=0,kro=1}->HttpConnection@26dcb9cc[p=HttpParser{s=START,0 of -1},g=HttpGenerator@bf2138a{s=START}]=>HttpChannelOverHttp@1f3a8692{s=HttpChannelState@13c489c4{s=IDLE rs=BLOCKING os=OPEN is=IDLE awp=false se=false i=true al=0},r=1,c=false/false,a=IDLE,uri=null,age=0}}}
[DEBUG] changeInterests p=false 0->1 for SocketChannelEndPoint@4414532c{l=/127.0.0.1:38858,r=/127.0.0.1:42944,OPEN,fill=FI,flush=-,to=0/30000}{io=0/1,kio=0,kro=1}->HttpConnection@26dcb9cc[p=HttpParser{s=START,0 of -1},g=HttpGenerator@bf2138a{s=START}]=>HttpChannelOverHttp@1f3a8692{s=HttpChannelState@13c489c4{s=IDLE rs=BLOCKING os=OPEN is=IDLE awp=false se=false i=true al=0},r=1,c=false/false,a=IDLE,uri=null,age=0}
[DEBUG] Queued change lazy=false org.eclipse.jetty.io.ChannelEndPoint$$Lambda$475/1524159954@7f1efd05 on ManagedSelector@129b4fe2{STARTED} id=0 keys=6 selected=0 updates=0
[DEBUG] Wakeup on submit ManagedSelector@129b4fe2{STARTED} id=0 keys=6 selected=0 updates=1
[DEBUG] filled 0 HeapByteBuffer@22b9b50d[p=0,l=0,c=8192,r=0]={<<<>>>HTTP/1.1 ...\x86&h\xA0{\xC1\xC2}
[DEBUG] filled 0 HeapByteBuffer@22b9b50d[p=0,l=0,c=8192,r=0]={<<<>>>HTTP/1.1 ...\x86&h\xA0{\xC1\xC2}
[DEBUG] HttpConnection@65fa8c24::SocketChannelEndPoint@77ed8bb4{l=/127.0.0.1:38858,r=/127.0.0.1:42946,OPEN,fill=-,flush=-,to=17/30000}{io=0/0,kio=0,kro=1}->HttpConnection@65fa8c24[p=HttpParser{s=CONTENT,0 of -1},g=HttpGenerator@307be154{s=END}]=>HttpChannelOverHttp@c28598b{s=HttpChannelState@5bb2823f{s=IDLE rs=COMPLETED os=COMPLETED is=IDLE awp=false se=false i=false al=0},r=1,c=true/true,a=IDLE,uri=//localhost:38858/FileServlet/htmltests/large.html,age=159} filled 0 HeapByteBuffer@22b9b50d[p=0,l=0,c=8192,r=0]={<<<>>>HTTP/1.1 ...\x86&h\xA0{\xC1\xC2}
[DEBUG] HttpConnection@65fa8c24::SocketChannelEndPoint@77ed8bb4{l=/127.0.0.1:38858,r=/127.0.0.1:42946,OPEN,fill=-,flush=-,to=17/30000}{io=0/0,kio=0,kro=1}->HttpConnection@65fa8c24[p=HttpParser{s=CONTENT,0 of -1},g=HttpGenerator@307be154{s=END}]=>HttpChannelOverHttp@c28598b{s=HttpChannelState@5bb2823f{s=IDLE rs=COMPLETED os=COMPLETED is=IDLE awp=false se=false i=false al=0},r=1,c=true/true,a=IDLE,uri=//localhost:38858/FileServlet/htmltests/large.html,age=159} parse HeapByteBuffer@22b9b50d[p=0,l=0,c=8192,r=0]={<<<>>>HTTP/1.1 ...\x86&h\xA0{\xC1\xC2} {}
[DEBUG] parseNext s=CONTENT HeapByteBuffer@22b9b50d[p=0,l=0,c=8192,r=0]={<<<>>>HTTP/1.1 ...\x86&h\xA0{\xC1\xC2}
[DEBUG] CONTENT --> CONTENT_END
[DEBUG] onContentComplete HttpChannelOverHttp@c28598b{s=HttpChannelState@5bb2823f{s=IDLE rs=COMPLETED os=COMPLETED is=IDLE awp=false se=false i=false al=0},r=1,c=true/true,a=IDLE,uri=//localhost:38858/FileServlet/htmltests/large.html,age=159}
[DEBUG] CONTENT_END --> END
[DEBUG] onRequestComplete HttpChannelOverHttp@c28598b{s=HttpChannelState@5bb2823f{s=IDLE rs=COMPLETED os=COMPLETED is=IDLE awp=false se=false i=false al=0},r=1,c=true/true,a=IDLE,uri=//localhost:38858/FileServlet/htmltests/large.html,age=159}
[DEBUG] HttpInputOverHTTP@2b9fd7c2[c=0,q=0,[0]=null,s=STREAM] addContent EOF
[DEBUG] HttpConnection@65fa8c24::SocketChannelEndPoint@77ed8bb4{l=/127.0.0.1:38858,r=/127.0.0.1:42946,OPEN,fill=-,flush=-,to=18/30000}{io=0/0,kio=0,kro=1}->HttpConnection@65fa8c24[p=HttpParser{s=END,0 of -1},g=HttpGenerator@307be154{s=END}]=>HttpChannelOverHttp@c28598b{s=HttpChannelState@5bb2823f{s=IDLE rs=COMPLETED os=COMPLETED is=IDLE awp=false se=false i=false al=0},r=1,c=true/true,a=IDLE,uri=//localhost:38858/FileServlet/htmltests/large.html,age=159} parsed false HttpParser{s=END,0 of -1}
[DEBUG] releaseRequestBuffer HttpConnection@65fa8c24::SocketChannelEndPoint@77ed8bb4{l=/127.0.0.1:38858,r=/127.0.0.1:42946,OPEN,fill=-,flush=-,to=18/30000}{io=0/0,kio=0,kro=1}->HttpConnection@65fa8c24[p=HttpParser{s=END,0 of -1},g=HttpGenerator@307be154{s=END}]=>HttpChannelOverHttp@c28598b{s=HttpChannelState@5bb2823f{s=IDLE rs=COMPLETED os=COMPLETED is=IDLE awp=false se=false i=false al=0},r=1,c=true/true,a=IDLE,uri=//localhost:38858/FileServlet/htmltests/large.html,age=159}
[DEBUG] recycle HttpChannelState@5bb2823f{s=IDLE rs=COMPLETED os=COMPLETED is=IDLE awp=false se=false i=false al=0}
[DEBUG] reset HttpParser{s=END,0 of -1}
[DEBUG] END --> START
[DEBUG] !handle TERMINATED HttpChannelOverHttp@c28598b{s=HttpChannelState@5bb2823f{s=IDLE rs=BLOCKING os=OPEN is=IDLE awp=false se=false i=true al=0},r=1,c=false/false,a=IDLE,uri=null,age=0}
[DEBUG] filled 0 HeapByteBuffer@41e05b38[p=0,l=0,c=8192,r=0]={<<<>>>HTTP/1.1 ...\x00\x00\x00\x00\x00\x00\x00}
[DEBUG] filled 0 HeapByteBuffer@41e05b38[p=0,l=0,c=8192,r=0]={<<<>>>HTTP/1.1 ...\x00\x00\x00\x00\x00\x00\x00}
[DEBUG] HttpConnection@65fa8c24::SocketChannelEndPoint@77ed8bb4{l=/127.0.0.1:38858,r=/127.0.0.1:42946,OPEN,fill=-,flush=-,to=24/30000}{io=0/0,kio=0,kro=1}->HttpConnection@65fa8c24[p=HttpParser{s=START,0 of -1},g=HttpGenerator@307be154{s=START}]=>HttpChannelOverHttp@c28598b{s=HttpChannelState@5bb2823f{s=IDLE rs=BLOCKING os=OPEN is=IDLE awp=false se=false i=true al=0},r=1,c=false/false,a=IDLE,uri=null,age=0} filled 0 HeapByteBuffer@41e05b38[p=0,l=0,c=8192,r=0]={<<<>>>HTTP/1.1 ...\x00\x00\x00\x00\x00\x00\x00}
[DEBUG] HttpConnection@65fa8c24::SocketChannelEndPoint@77ed8bb4{l=/127.0.0.1:38858,r=/127.0.0.1:42946,OPEN,fill=-,flush=-,to=24/30000}{io=0/0,kio=0,kro=1}->HttpConnection@65fa8c24[p=HttpParser{s=START,0 of -1},g=HttpGenerator@307be154{s=START}]=>HttpChannelOverHttp@c28598b{s=HttpChannelState@5bb2823f{s=IDLE rs=BLOCKING os=OPEN is=IDLE awp=false se=false i=true al=0},r=1,c=false/false,a=IDLE,uri=null,age=0} parse HeapByteBuffer@41e05b38[p=0,l=0,c=8192,r=0]={<<<>>>HTTP/1.1 ...\x00\x00\x00\x00\x00\x00\x00} {}
[DEBUG] parseNext s=START HeapByteBuffer@41e05b38[p=0,l=0,c=8192,r=0]={<<<>>>HTTP/1.1 ...\x00\x00\x00\x00\x00\x00\x00}
[DEBUG] HttpConnection@65fa8c24::SocketChannelEndPoint@77ed8bb4{l=/127.0.0.1:38858,r=/127.0.0.1:42946,OPEN,fill=-,flush=-,to=24/30000}{io=0/0,kio=0,kro=1}->HttpConnection@65fa8c24[p=HttpParser{s=START,0 of -1},g=HttpGenerator@307be154{s=START}]=>HttpChannelOverHttp@c28598b{s=HttpChannelState@5bb2823f{s=IDLE rs=BLOCKING os=OPEN is=IDLE awp=false se=false i=true al=0},r=1,c=false/false,a=IDLE,uri=null,age=0} parsed false HttpParser{s=START,0 of -1}
[DEBUG] releaseRequestBuffer HttpConnection@65fa8c24::SocketChannelEndPoint@77ed8bb4{l=/127.0.0.1:38858,r=/127.0.0.1:42946,OPEN,fill=-,flush=-,to=24/30000}{io=0/0,kio=0,kro=1}->HttpConnection@65fa8c24[p=HttpParser{s=START,0 of -1},g=HttpGenerator@307be154{s=START}]=>HttpChannelOverHttp@c28598b{s=HttpChannelState@5bb2823f{s=IDLE rs=BLOCKING os=OPEN is=IDLE awp=false se=false i=true al=0},r=1,c=false/false,a=IDLE,uri=null,age=0}
[DEBUG] fillInterested HttpConnection@65fa8c24::SocketChannelEndPoint@77ed8bb4{l=/127.0.0.1:38858,r=/127.0.0.1:42946,OPEN,fill=-,flush=-,to=24/30000}{io=0/0,kio=0,kro=1}->HttpConnection@65fa8c24[p=HttpParser{s=START,0 of -1},g=HttpGenerator@307be154{s=START}]=>HttpChannelOverHttp@c28598b{s=HttpChannelState@5bb2823f{s=IDLE rs=BLOCKING os=OPEN is=IDLE awp=false se=false i=true al=0},r=1,c=false/false,a=IDLE,uri=null,age=0}
[DEBUG] interested FillInterest@7f973e1e{AC.ReadCB@65fa8c24{HttpConnection@65fa8c24::SocketChannelEndPoint@77ed8bb4{l=/127.0.0.1:38858,r=/127.0.0.1:42946,OPEN,fill=FI,flush=-,to=0/30000}{io=0/0,kio=0,kro=1}->HttpConnection@65fa8c24[p=HttpParser{s=START,0 of -1},g=HttpGenerator@307be154{s=START}]=>HttpChannelOverHttp@c28598b{s=HttpChannelState@5bb2823f{s=IDLE rs=BLOCKING os=OPEN is=IDLE awp=false se=false i=true al=0},r=1,c=false/false,a=IDLE,uri=null,age=0}}}
[DEBUG] changeInterests p=false 0->1 for SocketChannelEndPoint@77ed8bb4{l=/127.0.0.1:38858,r=/127.0.0.1:42946,OPEN,fill=FI,flush=-,to=0/30000}{io=0/1,kio=0,kro=1}->HttpConnection@65fa8c24[p=HttpParser{s=START,0 of -1},g=HttpGenerator@307be154{s=START}]=>HttpChannelOverHttp@c28598b{s=HttpChannelState@5bb2823f{s=IDLE rs=BLOCKING os=OPEN is=IDLE awp=false se=false i=true al=0},r=1,c=false/false,a=IDLE,uri=null,age=0}
[DEBUG] Queued change lazy=false org.eclipse.jetty.io.ChannelEndPoint$$Lambda$475/1524159954@4e3d0664 on ManagedSelector@129b4fe2{STARTED} id=0 keys=6 selected=0 updates=1
[DEBUG] HttpConnection@65fa8c24::SocketChannelEndPoint@77ed8bb4{l=/127.0.0.1:38858,r=/127.0.0.1:42946,OPEN,fill=FI,flush=-,to=0/30000}{io=0/1,kio=0,kro=1}->HttpConnection@65fa8c24[p=HttpParser{s=START,0 of -1},g=HttpGenerator@307be154{s=START}]=>HttpChannelOverHttp@c28598b{s=HttpChannelState@5bb2823f{s=IDLE rs=BLOCKING os=OPEN is=IDLE awp=false se=false i=true al=0},r=1,c=false/false,a=IDLE,uri=null,age=0} onFillable exit HttpChannelState@5bb2823f{s=IDLE rs=BLOCKING os=OPEN is=IDLE awp=false se=false i=true al=0} null
[DEBUG] ReservedThreadExecutor@7ec3394b{s=1/1,p=0}@1aa2214e size 1 > capacity
[DEBUG] ran ReservedThreadExecutor@7ec3394b{s=1/1,p=0}@1aa2214e in QueuedThreadPool[qtp487792155]@1d131e1b{STARTED,8<=9<=200,i=4,r=-1,q=0}[ReservedThreadExecutor@7ec3394b{s=1/1,p=0}]
[DEBUG] HttpConnection@26dcb9cc::SocketChannelEndPoint@4414532c{l=/127.0.0.1:38858,r=/127.0.0.1:42944,OPEN,fill=FI,flush=-,to=8/30000}{io=0/1,kio=0,kro=1}->HttpConnection@26dcb9cc[p=HttpParser{s=START,0 of -1},g=HttpGenerator@bf2138a{s=START}]=>HttpChannelOverHttp@1f3a8692{s=HttpChannelState@13c489c4{s=IDLE rs=BLOCKING os=OPEN is=IDLE awp=false se=false i=true al=0},r=1,c=false/false,a=IDLE,uri=null,age=0} onFillable exit HttpChannelState@13c489c4{s=IDLE rs=BLOCKING os=OPEN is=IDLE awp=false se=false i=true al=0} null
[DEBUG] Selector sun.nio.ch.EPollSelectorImpl@54609eb7 woken with none selected
[DEBUG] Selector sun.nio.ch.EPollSelectorImpl@54609eb7 woken up from select, 0/0/6 selected
[DEBUG] Selector sun.nio.ch.EPollSelectorImpl@54609eb7 processing 0 keys, 2 updates
[DEBUG] updateable 2
[DEBUG] update org.eclipse.jetty.io.ChannelEndPoint$$Lambda$475/1524159954@7f1efd05
[DEBUG] Key interests updated 0 -> 1 on SocketChannelEndPoint@4414532c{l=/127.0.0.1:38858,r=/127.0.0.1:42944,OPEN,fill=FI,flush=-,to=11/30000}{io=1/1,kio=1,kro=1}->HttpConnection@26dcb9cc[p=HttpParser{s=START,0 of -1},g=HttpGenerator@bf2138a{s=START}]=>HttpChannelOverHttp@1f3a8692{s=HttpChannelState@13c489c4{s=IDLE rs=BLOCKING os=OPEN is=IDLE awp=false se=false i=true al=0},r=1,c=false/false,a=IDLE,uri=null,age=0}
[DEBUG] update org.eclipse.jetty.io.ChannelEndPoint$$Lambda$475/1524159954@4e3d0664
[DEBUG] Key interests updated 0 -> 1 on SocketChannelEndPoint@77ed8bb4{l=/127.0.0.1:38858,r=/127.0.0.1:42946,OPEN,fill=FI,flush=-,to=0/30000}{io=1/1,kio=1,kro=1}->HttpConnection@65fa8c24[p=HttpParser{s=START,0 of -1},g=HttpGenerator@307be154{s=START}]=>HttpChannelOverHttp@c28598b{s=HttpChannelState@5bb2823f{s=IDLE rs=BLOCKING os=OPEN is=IDLE awp=false se=false i=true al=0},r=1,c=false/false,a=IDLE,uri=null,age=0}
[DEBUG] updates 0
[DEBUG] Selector sun.nio.ch.EPollSelectorImpl@54609eb7 waiting with 6 keys
[DEBUG] ReservedThreadExecutor@7ec3394b{s=1/1,p=0}@17305ccb size 1 > capacity
[DEBUG] ran ReservedThreadExecutor@7ec3394b{s=1/1,p=0}@17305ccb in QueuedThreadPool[qtp487792155]@1d131e1b{STARTED,8<=9<=200,i=5,r=-1,q=0}[ReservedThreadExecutor@7ec3394b{s=1/1,p=0}]
]]></system-out>
  </testcase>
  <testcase name="handlesUnknownEscapesAcrossBuffer" classname="org.jsoup.integration.ConnectTest" time="0.843">
    <system-out><![CDATA[[DEBUG] Selector sun.nio.ch.EPollSelectorImpl@54609eb7 woken up from select, 1/1/6 selected
[DEBUG] Selector sun.nio.ch.EPollSelectorImpl@54609eb7 processing 1 keys, 0 updates
[DEBUG] selected 1 sun.nio.ch.SelectionKeyImpl@4af787ba SocketChannelEndPoint@3842ad8c{l=/127.0.0.1:38858,r=/127.0.0.1:42948,OPEN,fill=FI,flush=-,to=1033/30000}{io=1/1,kio=1,kro=1}->HttpConnection@37d513d7[p=HttpParser{s=START,0 of -1},g=HttpGenerator@296d6fb5{s=START}]=>HttpChannelOverHttp@57dc8a91{s=HttpChannelState@117d29ba{s=IDLE rs=BLOCKING os=OPEN is=IDLE awp=false se=false i=true al=0},r=1,c=false/false,a=IDLE,uri=null,age=0} 
[DEBUG] onSelected 1->0 r=true w=false for SocketChannelEndPoint@3842ad8c{l=/127.0.0.1:38858,r=/127.0.0.1:42948,OPEN,fill=FI,flush=-,to=1033/30000}{io=1/0,kio=1,kro=1}->HttpConnection@37d513d7[p=HttpParser{s=START,0 of -1},g=HttpGenerator@296d6fb5{s=START}]=>HttpChannelOverHttp@57dc8a91{s=HttpChannelState@117d29ba{s=IDLE rs=BLOCKING os=OPEN is=IDLE awp=false se=false i=true al=0},r=1,c=false/false,a=IDLE,uri=null,age=0}
[DEBUG] task CEP:SocketChannelEndPoint@3842ad8c{l=/127.0.0.1:38858,r=/127.0.0.1:42948,OPEN,fill=FI,flush=-,to=1033/30000}{io=1/0,kio=1,kro=1}->HttpConnection@37d513d7[p=HttpParser{s=START,0 of -1},g=HttpGenerator@296d6fb5{s=START}]=>HttpChannelOverHttp@57dc8a91{s=HttpChannelState@117d29ba{s=IDLE rs=BLOCKING os=OPEN is=IDLE awp=false se=false i=true al=0},r=1,c=false/false,a=IDLE,uri=null,age=0}:runFillable:BLOCKING
[DEBUG] ReservedThreadExecutor@7ec3394b{s=1/1,p=0} tryExecute EatWhatYouKill@4febb875/SelectorProducer@cb191ca/PRODUCING/p=false/QueuedThreadPool[qtp487792155]@1d131e1b{STARTED,8<=9<=200,i=6,r=-1,q=0}[ReservedThreadExecutor@7ec3394b{s=1/1,p=0}][pc=0,pic=0,pec=1,epc=7]@2021-09-20T19:30:12.368Z
[DEBUG] ReservedThreadExecutor@7ec3394b{s=0/1,p=0}@7d83b848 offer EatWhatYouKill@4febb875/SelectorProducer@cb191ca/PRODUCING/p=false/QueuedThreadPool[qtp487792155]@1d131e1b{STARTED,8<=9<=200,i=6,r=-1,q=0}[ReservedThreadExecutor@7ec3394b{s=0/1,p=0}][pc=0,pic=0,pec=1,epc=7]@2021-09-20T19:30:12.368Z
[DEBUG] ReservedThreadExecutor@7ec3394b{s=0/1,p=1} startReservedThread p=1
[DEBUG] run ReservedThreadExecutor@7ec3394b{s=0/1,p=1}@22b86982 in QueuedThreadPool[qtp487792155]@1d131e1b{STARTED,8<=9<=200,i=5,r=-1,q=0}[ReservedThreadExecutor@7ec3394b{s=0/1,p=1}]
[DEBUG] ReservedThreadExecutor@7ec3394b{s=1/1,p=1}@22b86982 started
[DEBUG] ReservedThreadExecutor@7ec3394b{s=1/1,p=0}@22b86982 waiting
[DEBUG] queue ReservedThreadExecutor@7ec3394b{s=1/1,p=0}@22b86982 startThread=0
[DEBUG] EatWhatYouKill@4febb875/SelectorProducer@cb191ca/IDLE/p=true/QueuedThreadPool[qtp487792155]@1d131e1b{STARTED,8<=9<=200,i=5,r=-1,q=0}[ReservedThreadExecutor@7ec3394b{s=1/1,p=0}][pc=0,pic=0,pec=1,epc=7]@2021-09-20T19:30:12.369Z m=EXECUTE_PRODUCE_CONSUME t=CEP:SocketChannelEndPoint@3842ad8c{l=/127.0.0.1:38858,r=/127.0.0.1:42948,OPEN,fill=FI,flush=-,to=1034/30000}{io=1/0,kio=1,kro=1}->HttpConnection@37d513d7[p=HttpParser{s=START,0 of -1},g=HttpGenerator@296d6fb5{s=START}]=>HttpChannelOverHttp@57dc8a91{s=HttpChannelState@117d29ba{s=IDLE rs=BLOCKING os=OPEN is=IDLE awp=false se=false i=true al=0},r=1,c=false/false,a=IDLE,uri=null,age=0}:runFillable:BLOCKING/BLOCKING
[DEBUG] fillable FillInterest@5125a3db{AC.ReadCB@37d513d7{HttpConnection@37d513d7::SocketChannelEndPoint@3842ad8c{l=/127.0.0.1:38858,r=/127.0.0.1:42948,OPEN,fill=FI,flush=-,to=1034/30000}{io=1/0,kio=1,kro=1}->HttpConnection@37d513d7[p=HttpParser{s=START,0 of -1},g=HttpGenerator@296d6fb5{s=START}]=>HttpChannelOverHttp@57dc8a91{s=HttpChannelState@117d29ba{s=IDLE rs=BLOCKING os=OPEN is=IDLE awp=false se=false i=true al=0},r=1,c=false/false,a=IDLE,uri=null,age=0}}}
[DEBUG] HttpConnection@37d513d7::SocketChannelEndPoint@3842ad8c{l=/127.0.0.1:38858,r=/127.0.0.1:42948,OPEN,fill=-,flush=-,to=1034/30000}{io=1/0,kio=1,kro=1}->HttpConnection@37d513d7[p=HttpParser{s=START,0 of -1},g=HttpGenerator@296d6fb5{s=START}]=>HttpChannelOverHttp@57dc8a91{s=HttpChannelState@117d29ba{s=IDLE rs=BLOCKING os=OPEN is=IDLE awp=false se=false i=true al=0},r=1,c=false/false,a=IDLE,uri=null,age=0} onFillable enter HttpChannelState@117d29ba{s=IDLE rs=BLOCKING os=OPEN is=IDLE awp=false se=false i=true al=0} null
[DEBUG] filled 327 HeapByteBuffer@78a30358[p=0,l=327,c=8192,r=327]={<<<GET /FileServlet/htmltest...nection: keep-alive\r\n\r\n>>>\xC6mS\xD6\xBf\xA3\xD3\xA3\x8d...\x00\x00\x00\x00\x00\x00\x00}
[DEBUG] HttpConnection@37d513d7::SocketChannelEndPoint@3842ad8c{l=/127.0.0.1:38858,r=/127.0.0.1:42948,OPEN,fill=-,flush=-,to=0/30000}{io=1/0,kio=1,kro=1}->HttpConnection@37d513d7[p=HttpParser{s=START,0 of -1},g=HttpGenerator@296d6fb5{s=START}]=>HttpChannelOverHttp@57dc8a91{s=HttpChannelState@117d29ba{s=IDLE rs=BLOCKING os=OPEN is=IDLE awp=false se=false i=true al=0},r=1,c=false/false,a=IDLE,uri=null,age=0} filled 327 HeapByteBuffer@78a30358[p=0,l=327,c=8192,r=327]={<<<GET /FileServlet/htmltest...nection: keep-alive\r\n\r\n>>>\xC6mS\xD6\xBf\xA3\xD3\xA3\x8d...\x00\x00\x00\x00\x00\x00\x00}
[DEBUG] HttpConnection@37d513d7::SocketChannelEndPoint@3842ad8c{l=/127.0.0.1:38858,r=/127.0.0.1:42948,OPEN,fill=-,flush=-,to=0/30000}{io=1/0,kio=1,kro=1}->HttpConnection@37d513d7[p=HttpParser{s=START,0 of -1},g=HttpGenerator@296d6fb5{s=START}]=>HttpChannelOverHttp@57dc8a91{s=HttpChannelState@117d29ba{s=IDLE rs=BLOCKING os=OPEN is=IDLE awp=false se=false i=true al=0},r=1,c=false/false,a=IDLE,uri=null,age=0} parse HeapByteBuffer@78a30358[p=0,l=327,c=8192,r=327]={<<<GET /FileServlet/htmltest...nection: keep-alive\r\n\r\n>>>\xC6mS\xD6\xBf\xA3\xD3\xA3\x8d...\x00\x00\x00\x00\x00\x00\x00} {}
[DEBUG] parseNext s=START HeapByteBuffer@78a30358[p=0,l=327,c=8192,r=327]={<<<GET /FileServlet/htmltest...nection: keep-alive\r\n\r\n>>>\xC6mS\xD6\xBf\xA3\xD3\xA3\x8d...\x00\x00\x00\x00\x00\x00\x00}
[DEBUG] START --> SPACE1
[DEBUG] SPACE1 --> URI
[DEBUG] URI --> SPACE2
[DEBUG] SPACE2 --> REQUEST_VERSION
[DEBUG] REQUEST_VERSION --> HEADER
[DEBUG] HEADER:Accept-Encoding: gzip --> IN_VALUE
[DEBUG] HEADER:Accept-Encoding: gzip --> FIELD
[DEBUG] HEADER:User-Agent: Mozilla/5.0 (Windows NT 10.0; Win64; x64) AppleWebKit/537.36 (KHTML, like Gecko) Chrome/79.0.3945.130 Safari/537.36 --> IN_VALUE
[DEBUG] HEADER:User-Agent: Mozilla/5.0 (Windows NT 10.0; Win64; x64) AppleWebKit/537.36 (KHTML, like Gecko) Chrome/79.0.3945.130 Safari/537.36 --> FIELD
[DEBUG] HEADER:Host: localhost:38858 --> IN_VALUE
[DEBUG] HEADER:Host: localhost:38858 --> FIELD
[DEBUG] HEADER:Accept: text/html, image/gif, image/jpeg, *; q=.2, */*; q=.2 --> IN_VALUE
[DEBUG] HEADER:Accept: text/html, image/gif, image/jpeg, *; q=.2, */*; q=.2 --> FIELD
[DEBUG] HEADER:Connection: keep-alive --> IN_VALUE
[DEBUG] HEADER:Connection: keep-alive --> FIELD
[DEBUG] HEADER --> CONTENT
[DEBUG] REQUEST for //localhost:38858/FileServlet/htmltests/escapes-across-buffer.html on HttpChannelOverHttp@57dc8a91{s=HttpChannelState@117d29ba{s=IDLE rs=BLOCKING os=OPEN is=IDLE awp=false se=false i=true al=0},r=2,c=false/false,a=IDLE,uri=//localhost:38858/FileServlet/htmltests/escapes-across-buffer.html,age=0}
GET //localhost:38858/FileServlet/htmltests/escapes-across-buffer.html HTTP/1.1
Accept-Encoding: gzip
User-Agent: Mozilla/5.0 (Windows NT 10.0; Win64; x64) AppleWebKit/537.36 (KHTML, like Gecko) Chrome/79.0.3945.130 Safari/537.36
Host: localhost:38858
Accept: text/html, image/gif, image/jpeg, *; q=.2, */*; q=.2
Connection: keep-alive


[DEBUG] HttpConnection@37d513d7::SocketChannelEndPoint@3842ad8c{l=/127.0.0.1:38858,r=/127.0.0.1:42948,OPEN,fill=-,flush=-,to=0/30000}{io=1/0,kio=1,kro=1}->HttpConnection@37d513d7[p=HttpParser{s=CONTENT,0 of -1},g=HttpGenerator@296d6fb5{s=START}]=>HttpChannelOverHttp@57dc8a91{s=HttpChannelState@117d29ba{s=IDLE rs=BLOCKING os=OPEN is=IDLE awp=false se=false i=true al=0},r=2,c=false/false,a=IDLE,uri=//localhost:38858/FileServlet/htmltests/escapes-across-buffer.html,age=0} parsed true HttpParser{s=CONTENT,0 of -1}
[DEBUG] releaseRequestBuffer HttpConnection@37d513d7::SocketChannelEndPoint@3842ad8c{l=/127.0.0.1:38858,r=/127.0.0.1:42948,OPEN,fill=-,flush=-,to=0/30000}{io=1/0,kio=1,kro=1}->HttpConnection@37d513d7[p=HttpParser{s=CONTENT,0 of -1},g=HttpGenerator@296d6fb5{s=START}]=>HttpChannelOverHttp@57dc8a91{s=HttpChannelState@117d29ba{s=IDLE rs=BLOCKING os=OPEN is=IDLE awp=false se=false i=true al=0},r=2,c=false/false,a=IDLE,uri=//localhost:38858/FileServlet/htmltests/escapes-across-buffer.html,age=0}
[DEBUG] handle //localhost:38858/FileServlet/htmltests/escapes-across-buffer.html HttpChannelOverHttp@57dc8a91{s=HttpChannelState@117d29ba{s=IDLE rs=BLOCKING os=OPEN is=IDLE awp=false se=false i=true al=0},r=2,c=false/false,a=IDLE,uri=//localhost:38858/FileServlet/htmltests/escapes-across-buffer.html,age=0} 
[DEBUG] handling HttpChannelState@117d29ba{s=IDLE rs=BLOCKING os=OPEN is=IDLE awp=false se=false i=true al=0}
[DEBUG] action DISPATCH HttpChannelOverHttp@57dc8a91{s=HttpChannelState@117d29ba{s=HANDLING rs=BLOCKING os=OPEN is=IDLE awp=false se=false i=true al=0},r=2,c=false/false,a=HANDLING,uri=//localhost:38858/FileServlet/htmltests/escapes-across-buffer.html,age=0}
[DEBUG] REQUEST GET /FileServlet/htmltests/escapes-across-buffer.html on HttpChannelOverHttp@57dc8a91{s=HttpChannelState@117d29ba{s=HANDLING rs=BLOCKING os=OPEN is=IDLE awp=false se=false i=true al=0},r=2,c=false/false,a=HANDLING,uri=//localhost:38858/FileServlet/htmltests/escapes-across-buffer.html,age=0}
[DEBUG] servlet null|/FileServlet|/htmltests/escapes-across-buffer.html -> org.jsoup.integration.servlets.FileServlet-3fffff43==org.jsoup.integration.servlets.FileServlet@bc0855c5{jsp=null,order=-1,inst=true,async=true,src=EMBEDDED:null,STARTED}
[DEBUG] chain=null
[DEBUG] ReservedThreadExecutor@7ec3394b{s=0/1,p=1}@7d83b848 task=EatWhatYouKill@4febb875/SelectorProducer@cb191ca/IDLE/p=true/QueuedThreadPool[qtp487792155]@1d131e1b{STARTED,8<=9<=200,i=5,r=-1,q=0}[ReservedThreadExecutor@7ec3394b{s=1/1,p=0}][pc=0,pic=0,pec=1,epc=8]@2021-09-20T19:30:12.371Z
[DEBUG] EatWhatYouKill@4febb875/SelectorProducer@cb191ca/IDLE/p=true/QueuedThreadPool[qtp487792155]@1d131e1b{STARTED,8<=9<=200,i=5,r=-1,q=0}[ReservedThreadExecutor@7ec3394b{s=1/1,p=0}][pc=0,pic=0,pec=1,epc=8]@2021-09-20T19:30:12.371Z tryProduce true
[DEBUG] updateable 0
[DEBUG] updates 0
[DEBUG] Key interests updated 1 -> 0 on SocketChannelEndPoint@3842ad8c{l=/127.0.0.1:38858,r=/127.0.0.1:42948,OPEN,fill=-,flush=-,to=1/30000}{io=0/0,kio=0,kro=1}->HttpConnection@37d513d7[p=HttpParser{s=CONTENT,0 of -1},g=HttpGenerator@296d6fb5{s=START}]=>HttpChannelOverHttp@57dc8a91{s=HttpChannelState@117d29ba{s=HANDLING rs=BLOCKING os=OPEN is=IDLE awp=false se=false i=true al=0},r=2,c=false/false,a=HANDLING,uri=//localhost:38858/FileServlet/htmltests/escapes-across-buffer.html,age=1}
[DEBUG] Selector sun.nio.ch.EPollSelectorImpl@54609eb7 waiting with 6 keys
[DEBUG] write(array HeapByteBuffer@7c90ebd[p=0,l=8192,c=8192,r=8192]={<<<<html>\n<body>\n&aaaa;&aaab...bhha;&bhhb;&bhhc;&bhhd;>>>})
[DEBUG] write(array) s=OPEN,api=BLOCKING,sc=false,e=null aggregated !flush DirectByteBuffer@1492b79c[p=0,l=8192,c=32768,r=8192]={<<<<html>\n<body>\n&aaaa;&aaab...bhha;&bhhb;&bhhc;&bhhd;>>>na. Quisq...gue. Pr}
[DEBUG] write(array HeapByteBuffer@1c3c238d[p=0,l=6605,c=8192,r=6605]={<<<&bhhe;&bhhf;&bhhg;&bhhh;&...&dddd;\n</body>\n</html>\n>>>fa;&befb;...;&bhhd;})
[DEBUG] write(array) s=OPEN,api=BLOCKING,sc=false,e=null aggregated !flush DirectByteBuffer@1492b79c[p=0,l=14797,c=32768,r=14797]={<<<<html>\n<body>\n&aaaa;&aaab...&dddd;\n</body>\n</html>\n>>>>. In vel...gue. Pr}
[DEBUG] sendResponse info=null content=DirectByteBuffer@1492b79c[p=0,l=14797,c=32768,r=14797]={<<<<html>\n<body>\n&aaaa;&aaab...&dddd;\n</body>\n</html>\n>>>>. In vel...gue. Pr} complete=false committing=true callback=Blocker@7fddd73{null}
[DEBUG] COMMIT for /FileServlet/htmltests/escapes-across-buffer.html on HttpChannelOverHttp@57dc8a91{s=HttpChannelState@117d29ba{s=HANDLING rs=BLOCKING os=COMMITTED is=IDLE awp=false se=false i=true al=0},r=2,c=false/false,a=HANDLING,uri=//localhost:38858/FileServlet/htmltests/escapes-across-buffer.html,age=5}
200 null HTTP/1.1
Date: Mon, 20 Sep 2021 19:30:12 GMT
Content-Type: text/html


[DEBUG] generate: NEED_HEADER for SendCallback@208cff1d[PROCESSING][i=HTTP/1.1{s=200,h=2,cl=-1},cb=org.eclipse.jetty.server.HttpChannel$SendCallback@59ba0a6a] (null,[p=0,l=14797,c=32768,r=14797],false)@START
[DEBUG] generateHeaders HTTP/1.1{s=200,h=2,cl=-1} last=false content=DirectByteBuffer@1492b79c[p=0,l=14797,c=32768,r=14797]={<<<<html>\n<body>\n&aaaa;&aaab...&dddd;\n</body>\n</html>\n>>>>. In vel...gue. Pr}
[DEBUG] Date: Mon, 20 Sep 2021 19:30:12 GMT
Content-Type: text/html


[DEBUG] CHUNKED_CONTENT
[DEBUG] generate: FLUSH for SendCallback@208cff1d[PROCESSING][i=HTTP/1.1{s=200,h=2,cl=-1},cb=org.eclipse.jetty.server.HttpChannel$SendCallback@59ba0a6a] ([p=0,l=148,c=8192,r=148],[p=0,l=14797,c=32768,r=14797],false)@COMMITTED
[DEBUG] write: WriteFlusher@24f3129f{IDLE}->null [HeapByteBuffer@22b9b50d[p=0,l=148,c=8192,r=148]={<<<HTTP/1.1 200 OK\r\nDate: Mo...43.v20210629)\r\n\r\n39CD\r\n>>>ML, like ...\x86&h\xA0{\xC1\xC2},DirectByteBuffer@1492b79c[p=0,l=14797,c=32768,r=14797]={<<<<html>\n<body>\n&aaaa;&aaab...&dddd;\n</body>\n</html>\n>>>>. In vel...gue. Pr}]
[DEBUG] update WriteFlusher@24f3129f{WRITING}->null:IDLE-->WRITING
[DEBUG] flushed 14945 SocketChannelEndPoint@3842ad8c{l=/127.0.0.1:38858,r=/127.0.0.1:42948,OPEN,fill=-,flush=W,to=6/30000}{io=0/0,kio=0,kro=1}->HttpConnection@37d513d7[p=HttpParser{s=CONTENT,0 of -1},g=HttpGenerator@296d6fb5{s=COMMITTED}]=>HttpChannelOverHttp@57dc8a91{s=HttpChannelState@117d29ba{s=HANDLING rs=BLOCKING os=COMMITTED is=IDLE awp=false se=false i=true al=0},r=2,c=false/false,a=HANDLING,uri=//localhost:38858/FileServlet/htmltests/escapes-across-buffer.html,age=5}
[DEBUG] Flushed=true written=14945 remaining=0 WriteFlusher@24f3129f{WRITING}->null
[DEBUG] update WriteFlusher@24f3129f{IDLE}->null:WRITING-->IDLE
[DEBUG] generate: DONE for SendCallback@208cff1d[PROCESSING][i=HTTP/1.1{s=200,h=2,cl=-1},cb=org.eclipse.jetty.server.HttpChannel$SendCallback@59ba0a6a] ([p=148,l=148,c=8192,r=0],[p=14797,l=14797,c=32768,r=0],false)@COMMITTED
[DEBUG] onWriteComplete(false,null) s=OPEN,api=BLOCKED,sc=false,e=null->s=OPEN,api=BLOCKING,sc=false,e=null c=null cb=null w=false
[DEBUG] handled=true async=false committed=true on HttpChannelOverHttp@57dc8a91{s=HttpChannelState@117d29ba{s=HANDLING rs=BLOCKING os=COMMITTED is=IDLE awp=false se=false i=true al=0},r=2,c=false/false,a=HANDLING,uri=//localhost:38858/FileServlet/htmltests/escapes-across-buffer.html,age=6}
[DEBUG] unhandle HttpChannelState@117d29ba{s=HANDLING rs=BLOCKING os=COMMITTED is=IDLE awp=false se=false i=true al=0}
[DEBUG] nextAction(false) COMPLETE HttpChannelState@117d29ba{s=HANDLING rs=COMPLETING os=COMMITTED is=IDLE awp=false se=false i=false al=0}
[DEBUG] action COMPLETE HttpChannelOverHttp@57dc8a91{s=HttpChannelState@117d29ba{s=HANDLING rs=COMPLETING os=COMMITTED is=IDLE awp=false se=false i=false al=0},r=2,c=false/false,a=HANDLING,uri=//localhost:38858/FileServlet/htmltests/escapes-across-buffer.html,age=6}
[DEBUG] complete(org.eclipse.jetty.util.Callback$3@51c4328d) s=CLOSING,api=BLOCKED,sc=false,e=null s=false e=null, c=HeapByteBuffer@11848662[p=0,l=0,c=0,r=0]={<<<>>>}
[DEBUG] sendResponse info=null content=HeapByteBuffer@11848662[p=0,l=0,c=0,r=0]={<<<>>>} complete=true committing=false callback=org.eclipse.jetty.server.HttpOutput$WriteCompleteCB@1e3762ee
[DEBUG] generate: CONTINUE for SendCallback@208cff1d[PROCESSING][i=null,cb=org.eclipse.jetty.server.HttpChannel$SendCallback@636a0aee] (null,[p=0,l=0,c=0,r=0],true)@COMPLETING
[DEBUG] generate: NEED_CHUNK for SendCallback@208cff1d[PROCESSING][i=null,cb=org.eclipse.jetty.server.HttpChannel$SendCallback@636a0aee] (null,[p=0,l=0,c=0,r=0],true)@COMPLETING
[DEBUG] generate: FLUSH for SendCallback@208cff1d[PROCESSING][i=null,cb=org.eclipse.jetty.server.HttpChannel$SendCallback@636a0aee] (null,[p=0,l=0,c=0,r=0],true)@COMPLETING
[DEBUG] write: WriteFlusher@24f3129f{IDLE}->null [HeapByteBuffer@690742bb[p=0,l=7,c=1024,r=7]={<<<\r\n0\r\n\r\n>>>\n\x00\x00\x00\x00\x00\x00\x00\x00...\x00\x00\x00\x00\x00\x00\x00}]
[DEBUG] update WriteFlusher@24f3129f{WRITING}->null:IDLE-->WRITING
[DEBUG] flushed 7 SocketChannelEndPoint@3842ad8c{l=/127.0.0.1:38858,r=/127.0.0.1:42948,OPEN,fill=-,flush=W,to=0/30000}{io=0/0,kio=0,kro=1}->HttpConnection@37d513d7[p=HttpParser{s=CONTENT,0 of -1},g=HttpGenerator@296d6fb5{s=COMPLETING}]=>HttpChannelOverHttp@57dc8a91{s=HttpChannelState@117d29ba{s=HANDLING rs=COMPLETING os=COMMITTED is=IDLE awp=false se=false i=false al=0},r=2,c=false/false,a=HANDLING,uri=//localhost:38858/FileServlet/htmltests/escapes-across-buffer.html,age=6}
[DEBUG] Flushed=true written=7 remaining=0 WriteFlusher@24f3129f{WRITING}->null
[DEBUG] update WriteFlusher@24f3129f{IDLE}->null:WRITING-->IDLE
[DEBUG] generate: DONE for SendCallback@208cff1d[PROCESSING][i=null,cb=org.eclipse.jetty.server.HttpChannel$SendCallback@636a0aee] (null,[p=0,l=0,c=0,r=0],true)@END
[DEBUG] onWriteComplete(true,null) s=CLOSING,api=BLOCKED,sc=false,e=null->s=CLOSED,api=BLOCKING,sc=false,e=null c=null cb=org.eclipse.jetty.util.Callback$3@51c4328d w=false
[DEBUG] completed HttpChannelState@117d29ba{s=HANDLING rs=COMPLETING os=COMPLETED is=IDLE awp=false se=false i=false al=0}
[DEBUG] unhandle HttpChannelState@117d29ba{s=HANDLING rs=COMPLETED os=COMPLETED is=IDLE awp=false se=false i=false al=0}
[DEBUG] nextAction(false) TERMINATED HttpChannelState@117d29ba{s=IDLE rs=COMPLETED os=COMPLETED is=IDLE awp=false se=false i=false al=0}
[DEBUG] action TERMINATED HttpChannelOverHttp@57dc8a91{s=HttpChannelState@117d29ba{s=IDLE rs=COMPLETED os=COMPLETED is=IDLE awp=false se=false i=false al=0},r=2,c=true/true,a=IDLE,uri=//localhost:38858/FileServlet/htmltests/escapes-across-buffer.html,age=6}
[DEBUG] onCompleted for /FileServlet/htmltests/escapes-across-buffer.html written=14797
[DEBUG] filled 0 HeapByteBuffer@41e05b38[p=0,l=0,c=8192,r=0]={<<<>>>HTTP/1.1 ...\x00\x00\x00\x00\x00\x00\x00}
[DEBUG] filled 0 HeapByteBuffer@41e05b38[p=0,l=0,c=8192,r=0]={<<<>>>HTTP/1.1 ...\x00\x00\x00\x00\x00\x00\x00}
[DEBUG] HttpConnection@37d513d7::SocketChannelEndPoint@3842ad8c{l=/127.0.0.1:38858,r=/127.0.0.1:42948,OPEN,fill=-,flush=-,to=0/30000}{io=0/0,kio=0,kro=1}->HttpConnection@37d513d7[p=HttpParser{s=CONTENT,0 of -1},g=HttpGenerator@296d6fb5{s=END}]=>HttpChannelOverHttp@57dc8a91{s=HttpChannelState@117d29ba{s=IDLE rs=COMPLETED os=COMPLETED is=IDLE awp=false se=false i=false al=0},r=2,c=true/true,a=IDLE,uri=//localhost:38858/FileServlet/htmltests/escapes-across-buffer.html,age=6} filled 0 HeapByteBuffer@41e05b38[p=0,l=0,c=8192,r=0]={<<<>>>HTTP/1.1 ...\x00\x00\x00\x00\x00\x00\x00}
[DEBUG] HttpConnection@37d513d7::SocketChannelEndPoint@3842ad8c{l=/127.0.0.1:38858,r=/127.0.0.1:42948,OPEN,fill=-,flush=-,to=0/30000}{io=0/0,kio=0,kro=1}->HttpConnection@37d513d7[p=HttpParser{s=CONTENT,0 of -1},g=HttpGenerator@296d6fb5{s=END}]=>HttpChannelOverHttp@57dc8a91{s=HttpChannelState@117d29ba{s=IDLE rs=COMPLETED os=COMPLETED is=IDLE awp=false se=false i=false al=0},r=2,c=true/true,a=IDLE,uri=//localhost:38858/FileServlet/htmltests/escapes-across-buffer.html,age=7} parse HeapByteBuffer@41e05b38[p=0,l=0,c=8192,r=0]={<<<>>>HTTP/1.1 ...\x00\x00\x00\x00\x00\x00\x00} {}
[DEBUG] parseNext s=CONTENT HeapByteBuffer@41e05b38[p=0,l=0,c=8192,r=0]={<<<>>>HTTP/1.1 ...\x00\x00\x00\x00\x00\x00\x00}
[DEBUG] CONTENT --> CONTENT_END
[DEBUG] onContentComplete HttpChannelOverHttp@57dc8a91{s=HttpChannelState@117d29ba{s=IDLE rs=COMPLETED os=COMPLETED is=IDLE awp=false se=false i=false al=0},r=2,c=true/true,a=IDLE,uri=//localhost:38858/FileServlet/htmltests/escapes-across-buffer.html,age=7}
[DEBUG] CONTENT_END --> END
[DEBUG] onRequestComplete HttpChannelOverHttp@57dc8a91{s=HttpChannelState@117d29ba{s=IDLE rs=COMPLETED os=COMPLETED is=IDLE awp=false se=false i=false al=0},r=2,c=true/true,a=IDLE,uri=//localhost:38858/FileServlet/htmltests/escapes-across-buffer.html,age=7}
[DEBUG] HttpInputOverHTTP@49045e5f[c=0,q=0,[0]=null,s=STREAM] addContent EOF
[DEBUG] HttpConnection@37d513d7::SocketChannelEndPoint@3842ad8c{l=/127.0.0.1:38858,r=/127.0.0.1:42948,OPEN,fill=-,flush=-,to=0/30000}{io=0/0,kio=0,kro=1}->HttpConnection@37d513d7[p=HttpParser{s=END,0 of -1},g=HttpGenerator@296d6fb5{s=END}]=>HttpChannelOverHttp@57dc8a91{s=HttpChannelState@117d29ba{s=IDLE rs=COMPLETED os=COMPLETED is=IDLE awp=false se=false i=false al=0},r=2,c=true/true,a=IDLE,uri=//localhost:38858/FileServlet/htmltests/escapes-across-buffer.html,age=7} parsed false HttpParser{s=END,0 of -1}
[DEBUG] releaseRequestBuffer HttpConnection@37d513d7::SocketChannelEndPoint@3842ad8c{l=/127.0.0.1:38858,r=/127.0.0.1:42948,OPEN,fill=-,flush=-,to=0/30000}{io=0/0,kio=0,kro=1}->HttpConnection@37d513d7[p=HttpParser{s=END,0 of -1},g=HttpGenerator@296d6fb5{s=END}]=>HttpChannelOverHttp@57dc8a91{s=HttpChannelState@117d29ba{s=IDLE rs=COMPLETED os=COMPLETED is=IDLE awp=false se=false i=false al=0},r=2,c=true/true,a=IDLE,uri=//localhost:38858/FileServlet/htmltests/escapes-across-buffer.html,age=7}
[DEBUG] recycle HttpChannelState@117d29ba{s=IDLE rs=COMPLETED os=COMPLETED is=IDLE awp=false se=false i=false al=0}
[DEBUG] reset HttpParser{s=END,0 of -1}
[DEBUG] END --> START
[DEBUG] !handle TERMINATED HttpChannelOverHttp@57dc8a91{s=HttpChannelState@117d29ba{s=IDLE rs=BLOCKING os=OPEN is=IDLE awp=false se=false i=true al=0},r=2,c=false/false,a=IDLE,uri=null,age=0}
[DEBUG] filled 0 HeapByteBuffer@78a30358[p=0,l=0,c=8192,r=0]={<<<>>>GET /File...\x00\x00\x00\x00\x00\x00\x00}
[DEBUG] filled 0 HeapByteBuffer@78a30358[p=0,l=0,c=8192,r=0]={<<<>>>GET /File...\x00\x00\x00\x00\x00\x00\x00}
[DEBUG] HttpConnection@37d513d7::SocketChannelEndPoint@3842ad8c{l=/127.0.0.1:38858,r=/127.0.0.1:42948,OPEN,fill=-,flush=-,to=1/30000}{io=0/0,kio=0,kro=1}->HttpConnection@37d513d7[p=HttpParser{s=START,0 of -1},g=HttpGenerator@296d6fb5{s=START}]=>HttpChannelOverHttp@57dc8a91{s=HttpChannelState@117d29ba{s=IDLE rs=BLOCKING os=OPEN is=IDLE awp=false se=false i=true al=0},r=2,c=false/false,a=IDLE,uri=null,age=0} filled 0 HeapByteBuffer@78a30358[p=0,l=0,c=8192,r=0]={<<<>>>GET /File...\x00\x00\x00\x00\x00\x00\x00}
[DEBUG] HttpConnection@37d513d7::SocketChannelEndPoint@3842ad8c{l=/127.0.0.1:38858,r=/127.0.0.1:42948,OPEN,fill=-,flush=-,to=1/30000}{io=0/0,kio=0,kro=1}->HttpConnection@37d513d7[p=HttpParser{s=START,0 of -1},g=HttpGenerator@296d6fb5{s=START}]=>HttpChannelOverHttp@57dc8a91{s=HttpChannelState@117d29ba{s=IDLE rs=BLOCKING os=OPEN is=IDLE awp=false se=false i=true al=0},r=2,c=false/false,a=IDLE,uri=null,age=0} parse HeapByteBuffer@78a30358[p=0,l=0,c=8192,r=0]={<<<>>>GET /File...\x00\x00\x00\x00\x00\x00\x00} {}
[DEBUG] parseNext s=START HeapByteBuffer@78a30358[p=0,l=0,c=8192,r=0]={<<<>>>GET /File...\x00\x00\x00\x00\x00\x00\x00}
[DEBUG] HttpConnection@37d513d7::SocketChannelEndPoint@3842ad8c{l=/127.0.0.1:38858,r=/127.0.0.1:42948,OPEN,fill=-,flush=-,to=1/30000}{io=0/0,kio=0,kro=1}->HttpConnection@37d513d7[p=HttpParser{s=START,0 of -1},g=HttpGenerator@296d6fb5{s=START}]=>HttpChannelOverHttp@57dc8a91{s=HttpChannelState@117d29ba{s=IDLE rs=BLOCKING os=OPEN is=IDLE awp=false se=false i=true al=0},r=2,c=false/false,a=IDLE,uri=null,age=0} parsed false HttpParser{s=START,0 of -1}
[DEBUG] releaseRequestBuffer HttpConnection@37d513d7::SocketChannelEndPoint@3842ad8c{l=/127.0.0.1:38858,r=/127.0.0.1:42948,OPEN,fill=-,flush=-,to=1/30000}{io=0/0,kio=0,kro=1}->HttpConnection@37d513d7[p=HttpParser{s=START,0 of -1},g=HttpGenerator@296d6fb5{s=START}]=>HttpChannelOverHttp@57dc8a91{s=HttpChannelState@117d29ba{s=IDLE rs=BLOCKING os=OPEN is=IDLE awp=false se=false i=true al=0},r=2,c=false/false,a=IDLE,uri=null,age=0}
[DEBUG] fillInterested HttpConnection@37d513d7::SocketChannelEndPoint@3842ad8c{l=/127.0.0.1:38858,r=/127.0.0.1:42948,OPEN,fill=-,flush=-,to=1/30000}{io=0/0,kio=0,kro=1}->HttpConnection@37d513d7[p=HttpParser{s=START,0 of -1},g=HttpGenerator@296d6fb5{s=START}]=>HttpChannelOverHttp@57dc8a91{s=HttpChannelState@117d29ba{s=IDLE rs=BLOCKING os=OPEN is=IDLE awp=false se=false i=true al=0},r=2,c=false/false,a=IDLE,uri=null,age=0}
[DEBUG] interested FillInterest@5125a3db{AC.ReadCB@37d513d7{HttpConnection@37d513d7::SocketChannelEndPoint@3842ad8c{l=/127.0.0.1:38858,r=/127.0.0.1:42948,OPEN,fill=FI,flush=-,to=0/30000}{io=0/0,kio=0,kro=1}->HttpConnection@37d513d7[p=HttpParser{s=START,0 of -1},g=HttpGenerator@296d6fb5{s=START}]=>HttpChannelOverHttp@57dc8a91{s=HttpChannelState@117d29ba{s=IDLE rs=BLOCKING os=OPEN is=IDLE awp=false se=false i=true al=0},r=2,c=false/false,a=IDLE,uri=null,age=0}}}
[DEBUG] changeInterests p=false 0->1 for SocketChannelEndPoint@3842ad8c{l=/127.0.0.1:38858,r=/127.0.0.1:42948,OPEN,fill=FI,flush=-,to=0/30000}{io=0/1,kio=0,kro=1}->HttpConnection@37d513d7[p=HttpParser{s=START,0 of -1},g=HttpGenerator@296d6fb5{s=START}]=>HttpChannelOverHttp@57dc8a91{s=HttpChannelState@117d29ba{s=IDLE rs=BLOCKING os=OPEN is=IDLE awp=false se=false i=true al=0},r=2,c=false/false,a=IDLE,uri=null,age=0}
[DEBUG] Queued change lazy=false org.eclipse.jetty.io.ChannelEndPoint$$Lambda$475/1524159954@4ef14983 on ManagedSelector@129b4fe2{STARTED} id=0 keys=6 selected=0 updates=0
[DEBUG] Wakeup on submit ManagedSelector@129b4fe2{STARTED} id=0 keys=6 selected=0 updates=1
[DEBUG] Selector sun.nio.ch.EPollSelectorImpl@54609eb7 woken with none selected
[DEBUG] Selector sun.nio.ch.EPollSelectorImpl@54609eb7 woken up from select, 0/0/6 selected
[DEBUG] Selector sun.nio.ch.EPollSelectorImpl@54609eb7 processing 0 keys, 1 updates
[DEBUG] updateable 1
[DEBUG] update org.eclipse.jetty.io.ChannelEndPoint$$Lambda$475/1524159954@4ef14983
[DEBUG] Key interests updated 0 -> 1 on SocketChannelEndPoint@3842ad8c{l=/127.0.0.1:38858,r=/127.0.0.1:42948,OPEN,fill=FI,flush=-,to=4/30000}{io=1/1,kio=1,kro=1}->HttpConnection@37d513d7[p=HttpParser{s=START,0 of -1},g=HttpGenerator@296d6fb5{s=START}]=>HttpChannelOverHttp@57dc8a91{s=HttpChannelState@117d29ba{s=IDLE rs=BLOCKING os=OPEN is=IDLE awp=false se=false i=true al=0},r=2,c=false/false,a=IDLE,uri=null,age=0}
[DEBUG] updates 0
[DEBUG] Selector sun.nio.ch.EPollSelectorImpl@54609eb7 waiting with 6 keys
[DEBUG] HttpConnection@37d513d7::SocketChannelEndPoint@3842ad8c{l=/127.0.0.1:38858,r=/127.0.0.1:42948,OPEN,fill=FI,flush=-,to=5/30000}{io=1/1,kio=1,kro=1}->HttpConnection@37d513d7[p=HttpParser{s=START,0 of -1},g=HttpGenerator@296d6fb5{s=START}]=>HttpChannelOverHttp@57dc8a91{s=HttpChannelState@117d29ba{s=IDLE rs=BLOCKING os=OPEN is=IDLE awp=false se=false i=true al=0},r=2,c=false/false,a=IDLE,uri=null,age=0} onFillable exit HttpChannelState@117d29ba{s=IDLE rs=BLOCKING os=OPEN is=IDLE awp=false se=false i=true al=0} null
[DEBUG] ReservedThreadExecutor@7ec3394b{s=1/1,p=0}@5f546d8f size 1 > capacity
[DEBUG] ran ReservedThreadExecutor@7ec3394b{s=1/1,p=0}@5f546d8f in QueuedThreadPool[qtp487792155]@1d131e1b{STARTED,8<=9<=200,i=5,r=-1,q=0}[ReservedThreadExecutor@7ec3394b{s=1/1,p=0}]
]]></system-out>
  </testcase>
  <testcase name="throwsExceptionOn404" classname="org.jsoup.integration.ConnectTest" time="0.01">
    <system-out><![CDATA[[DEBUG] Selector sun.nio.ch.EPollSelectorImpl@54609eb7 woken up from select, 1/1/6 selected
[DEBUG] Selector sun.nio.ch.EPollSelectorImpl@54609eb7 processing 1 keys, 0 updates
[DEBUG] selected 1 sun.nio.ch.SelectionKeyImpl@4af787ba SocketChannelEndPoint@3842ad8c{l=/127.0.0.1:38858,r=/127.0.0.1:42948,OPEN,fill=FI,flush=-,to=29/30000}{io=1/1,kio=1,kro=1}->HttpConnection@37d513d7[p=HttpParser{s=START,0 of -1},g=HttpGenerator@296d6fb5{s=START}]=>HttpChannelOverHttp@57dc8a91{s=HttpChannelState@117d29ba{s=IDLE rs=BLOCKING os=OPEN is=IDLE awp=false se=false i=true al=0},r=2,c=false/false,a=IDLE,uri=null,age=0} 
[DEBUG] onSelected 1->0 r=true w=false for SocketChannelEndPoint@3842ad8c{l=/127.0.0.1:38858,r=/127.0.0.1:42948,OPEN,fill=FI,flush=-,to=30/30000}{io=1/0,kio=1,kro=1}->HttpConnection@37d513d7[p=HttpParser{s=START,0 of -1},g=HttpGenerator@296d6fb5{s=START}]=>HttpChannelOverHttp@57dc8a91{s=HttpChannelState@117d29ba{s=IDLE rs=BLOCKING os=OPEN is=IDLE awp=false se=false i=true al=0},r=2,c=false/false,a=IDLE,uri=null,age=0}
[DEBUG] task CEP:SocketChannelEndPoint@3842ad8c{l=/127.0.0.1:38858,r=/127.0.0.1:42948,OPEN,fill=FI,flush=-,to=30/30000}{io=1/0,kio=1,kro=1}->HttpConnection@37d513d7[p=HttpParser{s=START,0 of -1},g=HttpGenerator@296d6fb5{s=START}]=>HttpChannelOverHttp@57dc8a91{s=HttpChannelState@117d29ba{s=IDLE rs=BLOCKING os=OPEN is=IDLE awp=false se=false i=true al=0},r=2,c=false/false,a=IDLE,uri=null,age=0}:runFillable:BLOCKING
[DEBUG] ReservedThreadExecutor@7ec3394b{s=1/1,p=0} tryExecute EatWhatYouKill@4febb875/SelectorProducer@cb191ca/PRODUCING/p=false/QueuedThreadPool[qtp487792155]@1d131e1b{STARTED,8<=9<=200,i=6,r=-1,q=0}[ReservedThreadExecutor@7ec3394b{s=1/1,p=0}][pc=0,pic=0,pec=1,epc=8]@2021-09-20T19:30:12.408Z
[DEBUG] ReservedThreadExecutor@7ec3394b{s=0/1,p=0}@22b86982 offer EatWhatYouKill@4febb875/SelectorProducer@cb191ca/PRODUCING/p=false/QueuedThreadPool[qtp487792155]@1d131e1b{STARTED,8<=9<=200,i=6,r=-1,q=0}[ReservedThreadExecutor@7ec3394b{s=0/1,p=0}][pc=0,pic=0,pec=1,epc=8]@2021-09-20T19:30:12.408Z
[DEBUG] ReservedThreadExecutor@7ec3394b{s=0/1,p=1} startReservedThread p=1
[DEBUG] queue ReservedThreadExecutor@7ec3394b{s=0/1,p=1}@633923a7 startThread=0
[DEBUG] EatWhatYouKill@4febb875/SelectorProducer@cb191ca/IDLE/p=true/QueuedThreadPool[qtp487792155]@1d131e1b{STARTED,8<=9<=200,i=5,r=-1,q=0}[ReservedThreadExecutor@7ec3394b{s=0/1,p=1}][pc=0,pic=0,pec=1,epc=8]@2021-09-20T19:30:12.408Z m=EXECUTE_PRODUCE_CONSUME t=CEP:SocketChannelEndPoint@3842ad8c{l=/127.0.0.1:38858,r=/127.0.0.1:42948,OPEN,fill=FI,flush=-,to=30/30000}{io=1/0,kio=1,kro=1}->HttpConnection@37d513d7[p=HttpParser{s=START,0 of -1},g=HttpGenerator@296d6fb5{s=START}]=>HttpChannelOverHttp@57dc8a91{s=HttpChannelState@117d29ba{s=IDLE rs=BLOCKING os=OPEN is=IDLE awp=false se=false i=true al=0},r=2,c=false/false,a=IDLE,uri=null,age=0}:runFillable:BLOCKING/BLOCKING
[DEBUG] fillable FillInterest@5125a3db{AC.ReadCB@37d513d7{HttpConnection@37d513d7::SocketChannelEndPoint@3842ad8c{l=/127.0.0.1:38858,r=/127.0.0.1:42948,OPEN,fill=FI,flush=-,to=30/30000}{io=1/0,kio=1,kro=1}->HttpConnection@37d513d7[p=HttpParser{s=START,0 of -1},g=HttpGenerator@296d6fb5{s=START}]=>HttpChannelOverHttp@57dc8a91{s=HttpChannelState@117d29ba{s=IDLE rs=BLOCKING os=OPEN is=IDLE awp=false se=false i=true al=0},r=2,c=false/false,a=IDLE,uri=null,age=0}}}
[DEBUG] HttpConnection@37d513d7::SocketChannelEndPoint@3842ad8c{l=/127.0.0.1:38858,r=/127.0.0.1:42948,OPEN,fill=-,flush=-,to=30/30000}{io=1/0,kio=1,kro=1}->HttpConnection@37d513d7[p=HttpParser{s=START,0 of -1},g=HttpGenerator@296d6fb5{s=START}]=>HttpChannelOverHttp@57dc8a91{s=HttpChannelState@117d29ba{s=IDLE rs=BLOCKING os=OPEN is=IDLE awp=false se=false i=true al=0},r=2,c=false/false,a=IDLE,uri=null,age=0} onFillable enter HttpChannelState@117d29ba{s=IDLE rs=BLOCKING os=OPEN is=IDLE awp=false se=false i=true al=0} null
[DEBUG] filled 301 HeapByteBuffer@22b9b50d[p=0,l=301,c=8192,r=301]={<<<GET /EchoServlet HTTP/1.1...nection: keep-alive\r\n\r\n>>>-alive\r\n\r...\x86&h\xA0{\xC1\xC2}
[DEBUG] HttpConnection@37d513d7::SocketChannelEndPoint@3842ad8c{l=/127.0.0.1:38858,r=/127.0.0.1:42948,OPEN,fill=-,flush=-,to=0/30000}{io=1/0,kio=1,kro=1}->HttpConnection@37d513d7[p=HttpParser{s=START,0 of -1},g=HttpGenerator@296d6fb5{s=START}]=>HttpChannelOverHttp@57dc8a91{s=HttpChannelState@117d29ba{s=IDLE rs=BLOCKING os=OPEN is=IDLE awp=false se=false i=true al=0},r=2,c=false/false,a=IDLE,uri=null,age=0} filled 301 HeapByteBuffer@22b9b50d[p=0,l=301,c=8192,r=301]={<<<GET /EchoServlet HTTP/1.1...nection: keep-alive\r\n\r\n>>>-alive\r\n\r...\x86&h\xA0{\xC1\xC2}
[DEBUG] HttpConnection@37d513d7::SocketChannelEndPoint@3842ad8c{l=/127.0.0.1:38858,r=/127.0.0.1:42948,OPEN,fill=-,flush=-,to=0/30000}{io=1/0,kio=1,kro=1}->HttpConnection@37d513d7[p=HttpParser{s=START,0 of -1},g=HttpGenerator@296d6fb5{s=START}]=>HttpChannelOverHttp@57dc8a91{s=HttpChannelState@117d29ba{s=IDLE rs=BLOCKING os=OPEN is=IDLE awp=false se=false i=true al=0},r=2,c=false/false,a=IDLE,uri=null,age=0} parse HeapByteBuffer@22b9b50d[p=0,l=301,c=8192,r=301]={<<<GET /EchoServlet HTTP/1.1...nection: keep-alive\r\n\r\n>>>-alive\r\n\r...\x86&h\xA0{\xC1\xC2} {}
[DEBUG] parseNext s=START HeapByteBuffer@22b9b50d[p=0,l=301,c=8192,r=301]={<<<GET /EchoServlet HTTP/1.1...nection: keep-alive\r\n\r\n>>>-alive\r\n\r...\x86&h\xA0{\xC1\xC2}
[DEBUG] START --> SPACE1
[DEBUG] SPACE1 --> URI
[DEBUG] URI --> SPACE2
[DEBUG] SPACE2 --> REQUEST_VERSION
[DEBUG] REQUEST_VERSION --> HEADER
[DEBUG] HEADER:Accept-Encoding: gzip --> IN_VALUE
[DEBUG] HEADER:Accept-Encoding: gzip --> FIELD
[DEBUG] HEADER:User-Agent: Mozilla/5.0 (Windows NT 10.0; Win64; x64) AppleWebKit/537.36 (KHTML, like Gecko) Chrome/79.0.3945.130 Safari/537.36 --> IN_VALUE
[DEBUG] HEADER:User-Agent: Mozilla/5.0 (Windows NT 10.0; Win64; x64) AppleWebKit/537.36 (KHTML, like Gecko) Chrome/79.0.3945.130 Safari/537.36 --> FIELD
[DEBUG] HEADER: --> IN_NAME
[DEBUG] HEADER:code --> VALUE
[DEBUG] HEADER:code --> IN_VALUE
[DEBUG] HEADER:code --> FIELD
[DEBUG] HEADER:Host: localhost:38858 --> IN_VALUE
[DEBUG] HEADER:Host: localhost:38858 --> FIELD
[DEBUG] HEADER:Accept: text/html, image/gif, image/jpeg, *; q=.2, */*; q=.2 --> IN_VALUE
[DEBUG] HEADER:Accept: text/html, image/gif, image/jpeg, *; q=.2, */*; q=.2 --> FIELD
[DEBUG] HEADER:Connection: keep-alive --> IN_VALUE
[DEBUG] HEADER:Connection: keep-alive --> FIELD
[DEBUG] HEADER --> CONTENT
[DEBUG] REQUEST for //localhost:38858/EchoServlet on HttpChannelOverHttp@57dc8a91{s=HttpChannelState@117d29ba{s=IDLE rs=BLOCKING os=OPEN is=IDLE awp=false se=false i=true al=0},r=3,c=false/false,a=IDLE,uri=//localhost:38858/EchoServlet,age=0}
GET //localhost:38858/EchoServlet HTTP/1.1
Accept-Encoding: gzip
User-Agent: Mozilla/5.0 (Windows NT 10.0; Win64; x64) AppleWebKit/537.36 (KHTML, like Gecko) Chrome/79.0.3945.130 Safari/537.36
code: 404
Host: localhost:38858
Accept: text/html, image/gif, image/jpeg, *; q=.2, */*; q=.2
Connection: keep-alive


[DEBUG] HttpConnection@37d513d7::SocketChannelEndPoint@3842ad8c{l=/127.0.0.1:38858,r=/127.0.0.1:42948,OPEN,fill=-,flush=-,to=0/30000}{io=1/0,kio=1,kro=1}->HttpConnection@37d513d7[p=HttpParser{s=CONTENT,0 of -1},g=HttpGenerator@296d6fb5{s=START}]=>HttpChannelOverHttp@57dc8a91{s=HttpChannelState@117d29ba{s=IDLE rs=BLOCKING os=OPEN is=IDLE awp=false se=false i=true al=0},r=3,c=false/false,a=IDLE,uri=//localhost:38858/EchoServlet,age=0} parsed true HttpParser{s=CONTENT,0 of -1}
[DEBUG] releaseRequestBuffer HttpConnection@37d513d7::SocketChannelEndPoint@3842ad8c{l=/127.0.0.1:38858,r=/127.0.0.1:42948,OPEN,fill=-,flush=-,to=0/30000}{io=1/0,kio=1,kro=1}->HttpConnection@37d513d7[p=HttpParser{s=CONTENT,0 of -1},g=HttpGenerator@296d6fb5{s=START}]=>HttpChannelOverHttp@57dc8a91{s=HttpChannelState@117d29ba{s=IDLE rs=BLOCKING os=OPEN is=IDLE awp=false se=false i=true al=0},r=3,c=false/false,a=IDLE,uri=//localhost:38858/EchoServlet,age=0}
[DEBUG] handle //localhost:38858/EchoServlet HttpChannelOverHttp@57dc8a91{s=HttpChannelState@117d29ba{s=IDLE rs=BLOCKING os=OPEN is=IDLE awp=false se=false i=true al=0},r=3,c=false/false,a=IDLE,uri=//localhost:38858/EchoServlet,age=0} 
[DEBUG] handling HttpChannelState@117d29ba{s=IDLE rs=BLOCKING os=OPEN is=IDLE awp=false se=false i=true al=0}
[DEBUG] action DISPATCH HttpChannelOverHttp@57dc8a91{s=HttpChannelState@117d29ba{s=HANDLING rs=BLOCKING os=OPEN is=IDLE awp=false se=false i=true al=0},r=3,c=false/false,a=HANDLING,uri=//localhost:38858/EchoServlet,age=0}
[DEBUG] REQUEST GET /EchoServlet on HttpChannelOverHttp@57dc8a91{s=HttpChannelState@117d29ba{s=HANDLING rs=BLOCKING os=OPEN is=IDLE awp=false se=false i=true al=0},r=3,c=false/false,a=HANDLING,uri=//localhost:38858/EchoServlet,age=0}
[DEBUG] servlet null|/EchoServlet|null -> org.jsoup.integration.servlets.EchoServlet-422c3c7a==org.jsoup.integration.servlets.EchoServlet@66e2fba5{jsp=null,order=-1,inst=true,async=true,src=EMBEDDED:null,STARTED}
[DEBUG] chain=null
[DEBUG] write(array HeapByteBuffer@216be8b2[p=0,l=235,c=512,r=235]={<<<<title>Webserver Environm...\n    <table border="0">>>>\x00\x00\x00\x00\x00\x00\x00\x00\x00...\x00\x00\x00\x00\x00\x00\x00})
[DEBUG] write(array) s=OPEN,api=BLOCKING,sc=false,e=null aggregated !flush DirectByteBuffer@1667663f[p=0,l=235,c=32768,r=235]={<<<<title>Webserver Environm...\n    <table border="0">>>>et eget, ...gue. Pr}
[DEBUG] write(array HeapByteBuffer@5d2cbc3f[p=0,l=36,c=512,r=36]={<<<<tr><th>Method</th><td>GET</td></tr>>>>es</title...\x00\x00\x00\x00\x00\x00\x00})
[DEBUG] write(array) s=OPEN,api=BLOCKING,sc=false,e=null aggregated !flush DirectByteBuffer@1667663f[p=0,l=271,c=32768,r=271]={<<<<title>Webserver Environm...d</th><td>GET</td></tr>>>>orci. <b>...gue. Pr}
[DEBUG] write(array HeapByteBuffer@19d54b48[p=0,l=1,c=512,r=1]={<<<\n>>>tr><th>Me...\x00\x00\x00\x00\x00\x00\x00})
[DEBUG] write(array) s=OPEN,api=BLOCKING,sc=false,e=null aggregated !flush DirectByteBuffer@1667663f[p=0,l=272,c=32768,r=272]={<<<<title>Webserver Environm...</th><td>GET</td></tr>\n>>>rci. <b>I...gue. Pr}
[DEBUG] write(array HeapByteBuffer@33db67ce[p=0,l=50,c=512,r=50]={<<<<tr><th>Request URI</th><...>/EchoServlet</td></tr>>>> <style t...\x00\x00\x00\x00\x00\x00\x00})
[DEBUG] write(array) s=OPEN,api=BLOCKING,sc=false,e=null aggregated !flush DirectByteBuffer@1667663f[p=0,l=322,c=32768,r=322]={<<<<title>Webserver Environm...>/EchoServlet</td></tr>>>>scipit so...gue. Pr}
[DEBUG] write(array HeapByteBuffer@4d0b277f[p=0,l=1,c=512,r=1]={<<<\n>>>tr><th>Re...\x00\x00\x00\x00\x00\x00\x00})
[DEBUG] write(array) s=OPEN,api=BLOCKING,sc=false,e=null aggregated !flush DirectByteBuffer@1667663f[p=0,l=323,c=32768,r=323]={<<<<title>Webserver Environm.../EchoServlet</td></tr>\n>>>cipit sod...gue. Pr}
[DEBUG] write(array HeapByteBuffer@757ea7a5[p=0,l=39,c=512,r=39]={<<<<tr><th>Query String</th><td></td></tr>>>>t</td></t...\x00\x00\x00\x00\x00\x00\x00})
[DEBUG] write(array) s=OPEN,api=BLOCKING,sc=false,e=null aggregated !flush DirectByteBuffer@1667663f[p=0,l=362,c=32768,r=362]={<<<<title>Webserver Environm...ring</th><td></td></tr>>>>et pede f...gue. Pr}
[DEBUG] write(array HeapByteBuffer@46c23d49[p=0,l=1,c=512,r=1]={<<<\n>>>tr><th>Qu...\x00\x00\x00\x00\x00\x00\x00})
[DEBUG] write(array) s=OPEN,api=BLOCKING,sc=false,e=null aggregated !flush DirectByteBuffer@1667663f[p=0,l=363,c=32768,r=363]={<<<<title>Webserver Environm...ing</th><td></td></tr>\n>>>t pede fa...gue. Pr}
[DEBUG] write(array HeapByteBuffer@2e4fd748[p=0,l=34,c=512,r=34]={<<<<tr><th>code</th><td>404</td></tr>>>></tr>t</t...\x00\x00\x00\x00\x00\x00\x00})
[DEBUG] write(array) s=OPEN,api=BLOCKING,sc=false,e=null aggregated !flush DirectByteBuffer@1667663f[p=0,l=397,c=32768,r=397]={<<<<title>Webserver Environm...e</th><td>404</td></tr>>>>an lectus...gue. Pr}
[DEBUG] write(array HeapByteBuffer@3a6b2d21[p=0,l=1,c=512,r=1]={<<<\n>>>tr><th>co...\x00\x00\x00\x00\x00\x00\x00})
[DEBUG] write(array) s=OPEN,api=BLOCKING,sc=false,e=null aggregated !flush DirectByteBuffer@1667663f[p=0,l=398,c=32768,r=398]={<<<<title>Webserver Environm...</th><td>404</td></tr>\n>>>n lectus ...gue. Pr}
[DEBUG] write(array HeapByteBuffer@3a28f646[p=0,l=85,c=512,r=85]={<<<<tr><th>Accept</th><td>te....2, */*; q=.2</td></tr>>>>, td, th ...\x00\x00\x00\x00\x00\x00\x00})
[DEBUG] write(array) s=OPEN,api=BLOCKING,sc=false,e=null aggregated !flush DirectByteBuffer@1667663f[p=0,l=483,c=32768,r=483]={<<<<title>Webserver Environm....2, */*; q=.2</td></tr>>>>liquet et...gue. Pr}
[DEBUG] write(array HeapByteBuffer@6dd7bc3f[p=0,l=1,c=512,r=1]={<<<\n>>>tr><th>Ac...\x00\x00\x00\x00\x00\x00\x00})
[DEBUG] write(array) s=OPEN,api=BLOCKING,sc=false,e=null aggregated !flush DirectByteBuffer@1667663f[p=0,l=484,c=32768,r=484]={<<<<title>Webserver Environm...2, */*; q=.2</td></tr>\n>>>iquet et,...gue. Pr}
[DEBUG] write(array HeapByteBuffer@3df2d35a[p=0,l=152,c=512,r=152]={<<<<tr><th>User-Agent</th><t...Safari/537.36</td></tr>>>>      th ...\x00\x00\x00\x00\x00\x00\x00})
[DEBUG] write(array) s=OPEN,api=BLOCKING,sc=false,e=null aggregated !flush DirectByteBuffer@1667663f[p=0,l=636,c=32768,r=636]={<<<<title>Webserver Environm...Safari/537.36</td></tr>>>>rtor. </p...gue. Pr}
[DEBUG] write(array HeapByteBuffer@5e13e3e0[p=0,l=1,c=512,r=1]={<<<\n>>>tr><th>Us...\x00\x00\x00\x00\x00\x00\x00})
[DEBUG] write(array) s=OPEN,api=BLOCKING,sc=false,e=null aggregated !flush DirectByteBuffer@1667663f[p=0,l=637,c=32768,r=637]={<<<<title>Webserver Environm...afari/537.36</td></tr>\n>>>tor. </p>...gue. Pr}
[DEBUG] write(array HeapByteBuffer@2374b4a2[p=0,l=47,c=512,r=47]={<<<<tr><th>Connection</th><td>keep-alive</td></tr>>>> NT 10.0;...\x00\x00\x00\x00\x00\x00\x00})
[DEBUG] write(array) s=OPEN,api=BLOCKING,sc=false,e=null aggregated !flush DirectByteBuffer@1667663f[p=0,l=684,c=32768,r=684]={<<<<title>Webserver Environm...td>keep-alive</td></tr>>>>ctetur ad...gue. Pr}
[DEBUG] write(array HeapByteBuffer@7392d2b7[p=0,l=1,c=512,r=1]={<<<\n>>>tr><th>Co...\x00\x00\x00\x00\x00\x00\x00})
[DEBUG] write(array) s=OPEN,api=BLOCKING,sc=false,e=null aggregated !flush DirectByteBuffer@1667663f[p=0,l=685,c=32768,r=685]={<<<<title>Webserver Environm...d>keep-alive</td></tr>\n>>>tetur adi...gue. Pr}
[DEBUG] write(array HeapByteBuffer@58d1b79c[p=0,l=46,c=512,r=46]={<<<<tr><th>Host</th><td>localhost:38858</td></tr>>>>> NT 10.0...\x00\x00\x00\x00\x00\x00\x00})
[DEBUG] write(array) s=OPEN,api=BLOCKING,sc=false,e=null aggregated !flush DirectByteBuffer@1667663f[p=0,l=731,c=32768,r=731]={<<<<title>Webserver Environm...calhost:38858</td></tr>>>>ent liber...gue. Pr}
[DEBUG] write(array HeapByteBuffer@191c5385[p=0,l=1,c=512,r=1]={<<<\n>>>tr><th>Ho...\x00\x00\x00\x00\x00\x00\x00})
[DEBUG] write(array) s=OPEN,api=BLOCKING,sc=false,e=null aggregated !flush DirectByteBuffer@1667663f[p=0,l=732,c=32768,r=732]={<<<<title>Webserver Environm...alhost:38858</td></tr>\n>>>nt libero...gue. Pr}
[DEBUG] ReservedThreadExecutor@7ec3394b{s=0/1,p=1}@22b86982 task=EatWhatYouKill@4febb875/SelectorProducer@cb191ca/IDLE/p=true/QueuedThreadPool[qtp487792155]@1d131e1b{STARTED,8<=9<=200,i=5,r=-1,q=0}[ReservedThreadExecutor@7ec3394b{s=0/1,p=1}][pc=0,pic=0,pec=1,epc=9]@2021-09-20T19:30:12.411Z
[DEBUG] EatWhatYouKill@4febb875/SelectorProducer@cb191ca/IDLE/p=true/QueuedThreadPool[qtp487792155]@1d131e1b{STARTED,8<=9<=200,i=5,r=-1,q=0}[ReservedThreadExecutor@7ec3394b{s=0/1,p=1}][pc=0,pic=0,pec=1,epc=9]@2021-09-20T19:30:12.411Z tryProduce true
[DEBUG] updateable 0
[DEBUG] updates 0
[DEBUG] run ReservedThreadExecutor@7ec3394b{s=0/1,p=1}@633923a7 in QueuedThreadPool[qtp487792155]@1d131e1b{STARTED,8<=9<=200,i=5,r=-1,q=0}[ReservedThreadExecutor@7ec3394b{s=0/1,p=1}]
[DEBUG] ReservedThreadExecutor@7ec3394b{s=1/1,p=1}@633923a7 started
[DEBUG] ReservedThreadExecutor@7ec3394b{s=1/1,p=0}@633923a7 waiting
[DEBUG] Key interests updated 1 -> 0 on SocketChannelEndPoint@3842ad8c{l=/127.0.0.1:38858,r=/127.0.0.1:42948,OPEN,fill=-,flush=-,to=2/30000}{io=0/0,kio=0,kro=1}->HttpConnection@37d513d7[p=HttpParser{s=CONTENT,0 of -1},g=HttpGenerator@296d6fb5{s=START}]=>HttpChannelOverHttp@57dc8a91{s=HttpChannelState@117d29ba{s=HANDLING rs=BLOCKING os=OPEN is=IDLE awp=false se=false i=true al=0},r=3,c=false/false,a=HANDLING,uri=//localhost:38858/EchoServlet,age=3}
[DEBUG] Selector sun.nio.ch.EPollSelectorImpl@54609eb7 waiting with 6 keys
[DEBUG] write(array HeapByteBuffer@1fcb35a0[p=0,l=46,c=512,r=46]={<<<<tr><th>Accept-Encoding</th><td>gzip</td></tr>>>>> NT 10.0...\x00\x00\x00\x00\x00\x00\x00})
[DEBUG] write(array) s=OPEN,api=BLOCKING,sc=false,e=null aggregated !flush DirectByteBuffer@1667663f[p=0,l=778,c=32768,r=778]={<<<<title>Webserver Environm...</th><td>gzip</td></tr>>>>ante dapi...gue. Pr}
[DEBUG] write(array HeapByteBuffer@7a294b84[p=0,l=1,c=512,r=1]={<<<\n>>>tr><th>Ac...\x00\x00\x00\x00\x00\x00\x00})
[DEBUG] write(array) s=OPEN,api=BLOCKING,sc=false,e=null aggregated !flush DirectByteBuffer@1667663f[p=0,l=779,c=32768,r=779]={<<<<title>Webserver Environm.../th><td>gzip</td></tr>\n>>>nte dapib...gue. Pr}
[DEBUG] filled 0 HeapByteBuffer@41e05b38[p=0,l=0,c=8192,r=0]={<<<>>>HTTP/1.1 ...\x00\x00\x00\x00\x00\x00\x00}
[DEBUG] filled 0 HeapByteBuffer@41e05b38[p=0,l=0,c=8192,r=0]={<<<>>>HTTP/1.1 ...\x00\x00\x00\x00\x00\x00\x00}
[DEBUG] HttpConnection@37d513d7::SocketChannelEndPoint@3842ad8c{l=/127.0.0.1:38858,r=/127.0.0.1:42948,OPEN,fill=-,flush=-,to=3/30000}{io=0/0,kio=0,kro=1}->HttpConnection@37d513d7[p=HttpParser{s=CONTENT,0 of -1},g=HttpGenerator@296d6fb5{s=START}]=>HttpChannelOverHttp@57dc8a91{s=HttpChannelState@117d29ba{s=HANDLING rs=BLOCKING os=OPEN is=IDLE awp=false se=false i=true al=0},r=3,c=false/false,a=HANDLING,uri=//localhost:38858/EchoServlet,age=3} filled 0 HeapByteBuffer@41e05b38[p=0,l=0,c=8192,r=0]={<<<>>>HTTP/1.1 ...\x00\x00\x00\x00\x00\x00\x00}
[DEBUG] HttpConnection@37d513d7::SocketChannelEndPoint@3842ad8c{l=/127.0.0.1:38858,r=/127.0.0.1:42948,OPEN,fill=-,flush=-,to=3/30000}{io=0/0,kio=0,kro=1}->HttpConnection@37d513d7[p=HttpParser{s=CONTENT,0 of -1},g=HttpGenerator@296d6fb5{s=START}]=>HttpChannelOverHttp@57dc8a91{s=HttpChannelState@117d29ba{s=HANDLING rs=BLOCKING os=OPEN is=IDLE awp=false se=false i=true al=0},r=3,c=false/false,a=HANDLING,uri=//localhost:38858/EchoServlet,age=3} parse HeapByteBuffer@41e05b38[p=0,l=0,c=8192,r=0]={<<<>>>HTTP/1.1 ...\x00\x00\x00\x00\x00\x00\x00} {}
[DEBUG] parseNext s=CONTENT HeapByteBuffer@41e05b38[p=0,l=0,c=8192,r=0]={<<<>>>HTTP/1.1 ...\x00\x00\x00\x00\x00\x00\x00}
[DEBUG] CONTENT --> CONTENT_END
[DEBUG] onContentComplete HttpChannelOverHttp@57dc8a91{s=HttpChannelState@117d29ba{s=HANDLING rs=BLOCKING os=OPEN is=IDLE awp=false se=false i=true al=0},r=3,c=false/false,a=HANDLING,uri=//localhost:38858/EchoServlet,age=4}
[DEBUG] CONTENT_END --> END
[DEBUG] onRequestComplete HttpChannelOverHttp@57dc8a91{s=HttpChannelState@117d29ba{s=HANDLING rs=BLOCKING os=OPEN is=IDLE awp=false se=false i=true al=0},r=3,c=false/false,a=HANDLING,uri=//localhost:38858/EchoServlet,age=4}
[DEBUG] HttpInputOverHTTP@49045e5f[c=0,q=0,[0]=null,s=STREAM] addContent EOF
[DEBUG] HttpConnection@37d513d7::SocketChannelEndPoint@3842ad8c{l=/127.0.0.1:38858,r=/127.0.0.1:42948,OPEN,fill=-,flush=-,to=4/30000}{io=0/0,kio=0,kro=1}->HttpConnection@37d513d7[p=HttpParser{s=END,0 of -1},g=HttpGenerator@296d6fb5{s=START}]=>HttpChannelOverHttp@57dc8a91{s=HttpChannelState@117d29ba{s=HANDLING rs=BLOCKING os=OPEN is=IDLE awp=false se=false i=true al=0},r=3,c=false/false,a=HANDLING,uri=//localhost:38858/EchoServlet,age=4} parsed false HttpParser{s=END,0 of -1}
[DEBUG] releaseRequestBuffer HttpConnection@37d513d7::SocketChannelEndPoint@3842ad8c{l=/127.0.0.1:38858,r=/127.0.0.1:42948,OPEN,fill=-,flush=-,to=4/30000}{io=0/0,kio=0,kro=1}->HttpConnection@37d513d7[p=HttpParser{s=END,0 of -1},g=HttpGenerator@296d6fb5{s=START}]=>HttpChannelOverHttp@57dc8a91{s=HttpChannelState@117d29ba{s=HANDLING rs=BLOCKING os=OPEN is=IDLE awp=false se=false i=true al=0},r=3,c=false/false,a=HANDLING,uri=//localhost:38858/EchoServlet,age=4}
[DEBUG] onEof HttpChannelState@117d29ba{s=HANDLING rs=BLOCKING os=OPEN is=IDLE awp=false se=false i=true al=0}
[DEBUG] write(array HeapByteBuffer@2f917e0a[p=0,l=8,c=512,r=8]={<<<</table>>>>Accept-En...\x00\x00\x00\x00\x00\x00\x00})
[DEBUG] write(array) s=OPEN,api=BLOCKING,sc=false,e=null aggregated !flush DirectByteBuffer@1667663f[p=0,l=787,c=32768,r=787]={<<<<title>Webserver Environm...gzip</td></tr>\n</table>>>>bus diam....gue. Pr}
[DEBUG] write(array HeapByteBuffer@546a9006[p=0,l=1,c=512,r=1]={<<<\n>>>/table>Ac...\x00\x00\x00\x00\x00\x00\x00})
[DEBUG] write(array) s=OPEN,api=BLOCKING,sc=false,e=null aggregated !flush DirectByteBuffer@1667663f[p=0,l=788,c=32768,r=788]={<<<<title>Webserver Environm...zip</td></tr>\n</table>\n>>>us diam. ...gue. Pr}
[DEBUG] handled=true async=false committed=false on HttpChannelOverHttp@57dc8a91{s=HttpChannelState@117d29ba{s=HANDLING rs=BLOCKING os=OPEN is=READY awp=false se=false i=true al=0},r=3,c=false/false,a=HANDLING,uri=//localhost:38858/EchoServlet,age=4}
[DEBUG] unhandle HttpChannelState@117d29ba{s=HANDLING rs=BLOCKING os=OPEN is=READY awp=false se=false i=true al=0}
[DEBUG] nextAction(false) COMPLETE HttpChannelState@117d29ba{s=HANDLING rs=COMPLETING os=OPEN is=READY awp=false se=false i=false al=0}
[DEBUG] action COMPLETE HttpChannelOverHttp@57dc8a91{s=HttpChannelState@117d29ba{s=HANDLING rs=COMPLETING os=OPEN is=READY awp=false se=false i=false al=0},r=3,c=false/false,a=HANDLING,uri=//localhost:38858/EchoServlet,age=4}
[DEBUG] complete(org.eclipse.jetty.util.Callback$3@12cad91e) s=CLOSING,api=BLOCKED,sc=false,e=null s=false e=null, c=DirectByteBuffer@1667663f[p=0,l=788,c=32768,r=788]={<<<<title>Webserver Environm...zip</td></tr>\n</table>\n>>>us diam. ...gue. Pr}
[DEBUG] sendResponse info=null content=DirectByteBuffer@1667663f[p=0,l=788,c=32768,r=788]={<<<<title>Webserver Environm...zip</td></tr>\n</table>\n>>>us diam. ...gue. Pr} complete=true committing=true callback=org.eclipse.jetty.server.HttpOutput$WriteCompleteCB@228fc5a8
[DEBUG] COMMIT for /EchoServlet on HttpChannelOverHttp@57dc8a91{s=HttpChannelState@117d29ba{s=HANDLING rs=COMPLETING os=COMMITTED is=READY awp=false se=false i=false al=0},r=3,c=false/false,a=HANDLING,uri=//localhost:38858/EchoServlet,age=4}
404 null HTTP/1.1
Date: Mon, 20 Sep 2021 19:30:12 GMT
Content-Type: text/html;charset=utf-8
Cache-Control: no-cache
Cache-Control: no-store


[DEBUG] generate: NEED_HEADER for SendCallback@208cff1d[PROCESSING][i=HTTP/1.1{s=404,h=4,cl=-1},cb=org.eclipse.jetty.server.HttpChannel$SendCallback@6ca8edd] (null,[p=0,l=788,c=32768,r=788],true)@START
[DEBUG] generateHeaders HTTP/1.1{s=404,h=4,cl=-1} last=true content=DirectByteBuffer@1667663f[p=0,l=788,c=32768,r=788]={<<<<title>Webserver Environm...zip</td></tr>\n</table>\n>>>us diam. ...gue. Pr}
[DEBUG] Date: Mon, 20 Sep 2021 19:30:12 GMT
Content-Type: text/html;charset=utf-8
Cache-Control: no-cache
Cache-Control: no-store


[DEBUG] CONTENT_LENGTH
[DEBUG] generate: FLUSH for SendCallback@208cff1d[PROCESSING][i=HTTP/1.1{s=404,h=4,cl=-1},cb=org.eclipse.jetty.server.HttpChannel$SendCallback@6ca8edd] ([p=0,l=206,c=8192,r=206],[p=0,l=788,c=32768,r=788],true)@COMPLETING
[DEBUG] write: WriteFlusher@24f3129f{IDLE}->null [HeapByteBuffer@78a30358[p=0,l=206,c=8192,r=206]={<<<HTTP/1.1 404 Not Found\r\nD...y(9.4.43.v20210629)\r\n\r\n>>>i/537.36\r...\x00\x00\x00\x00\x00\x00\x00},DirectByteBuffer@1667663f[p=0,l=788,c=32768,r=788]={<<<<title>Webserver Environm...zip</td></tr>\n</table>\n>>>us diam. ...gue. Pr}]
[DEBUG] update WriteFlusher@24f3129f{WRITING}->null:IDLE-->WRITING
[DEBUG] flushed 994 SocketChannelEndPoint@3842ad8c{l=/127.0.0.1:38858,r=/127.0.0.1:42948,OPEN,fill=-,flush=W,to=4/30000}{io=0/0,kio=0,kro=1}->HttpConnection@37d513d7[p=HttpParser{s=END,0 of -1},g=HttpGenerator@296d6fb5{s=COMPLETING}]=>HttpChannelOverHttp@57dc8a91{s=HttpChannelState@117d29ba{s=HANDLING rs=COMPLETING os=COMMITTED is=READY awp=false se=false i=false al=0},r=3,c=false/false,a=HANDLING,uri=//localhost:38858/EchoServlet,age=4}
[DEBUG] Flushed=true written=994 remaining=0 WriteFlusher@24f3129f{WRITING}->null
[DEBUG] update WriteFlusher@24f3129f{IDLE}->null:WRITING-->IDLE
[DEBUG] generate: DONE for SendCallback@208cff1d[PROCESSING][i=HTTP/1.1{s=404,h=4,cl=-1},cb=org.eclipse.jetty.server.HttpChannel$SendCallback@6ca8edd] ([p=206,l=206,c=8192,r=0],[p=788,l=788,c=32768,r=0],true)@END
[DEBUG] onWriteComplete(true,null) s=CLOSING,api=BLOCKED,sc=false,e=null->s=CLOSED,api=BLOCKING,sc=false,e=null c=null cb=org.eclipse.jetty.util.Callback$3@12cad91e w=false
[DEBUG] completed HttpChannelState@117d29ba{s=HANDLING rs=COMPLETING os=COMPLETED is=READY awp=false se=false i=false al=0}
[DEBUG] unhandle HttpChannelState@117d29ba{s=HANDLING rs=COMPLETED os=COMPLETED is=READY awp=false se=false i=false al=0}
[DEBUG] nextAction(false) TERMINATED HttpChannelState@117d29ba{s=IDLE rs=COMPLETED os=COMPLETED is=READY awp=false se=false i=false al=0}
[DEBUG] action TERMINATED HttpChannelOverHttp@57dc8a91{s=HttpChannelState@117d29ba{s=IDLE rs=COMPLETED os=COMPLETED is=READY awp=false se=false i=false al=0},r=3,c=true/true,a=IDLE,uri=//localhost:38858/EchoServlet,age=5}
[DEBUG] onCompleted for /EchoServlet written=788
[DEBUG] recycle HttpChannelState@117d29ba{s=IDLE rs=COMPLETED os=COMPLETED is=READY awp=false se=false i=false al=0}
[DEBUG] reset HttpParser{s=END,0 of -1}
[DEBUG] END --> START
[DEBUG] !handle TERMINATED HttpChannelOverHttp@57dc8a91{s=HttpChannelState@117d29ba{s=IDLE rs=BLOCKING os=OPEN is=IDLE awp=false se=false i=true al=0},r=3,c=false/false,a=IDLE,uri=null,age=0}
[DEBUG] filled 0 HeapByteBuffer@22b9b50d[p=0,l=0,c=8192,r=0]={<<<>>>GET /Echo...\x86&h\xA0{\xC1\xC2}
[DEBUG] filled 0 HeapByteBuffer@22b9b50d[p=0,l=0,c=8192,r=0]={<<<>>>GET /Echo...\x86&h\xA0{\xC1\xC2}
[DEBUG] HttpConnection@37d513d7::SocketChannelEndPoint@3842ad8c{l=/127.0.0.1:38858,r=/127.0.0.1:42948,OPEN,fill=-,flush=-,to=0/30000}{io=0/0,kio=0,kro=1}->HttpConnection@37d513d7[p=HttpParser{s=START,0 of -1},g=HttpGenerator@296d6fb5{s=START}]=>HttpChannelOverHttp@57dc8a91{s=HttpChannelState@117d29ba{s=IDLE rs=BLOCKING os=OPEN is=IDLE awp=false se=false i=true al=0},r=3,c=false/false,a=IDLE,uri=null,age=0} filled 0 HeapByteBuffer@22b9b50d[p=0,l=0,c=8192,r=0]={<<<>>>GET /Echo...\x86&h\xA0{\xC1\xC2}
[DEBUG] HttpConnection@37d513d7::SocketChannelEndPoint@3842ad8c{l=/127.0.0.1:38858,r=/127.0.0.1:42948,OPEN,fill=-,flush=-,to=0/30000}{io=0/0,kio=0,kro=1}->HttpConnection@37d513d7[p=HttpParser{s=START,0 of -1},g=HttpGenerator@296d6fb5{s=START}]=>HttpChannelOverHttp@57dc8a91{s=HttpChannelState@117d29ba{s=IDLE rs=BLOCKING os=OPEN is=IDLE awp=false se=false i=true al=0},r=3,c=false/false,a=IDLE,uri=null,age=0} parse HeapByteBuffer@22b9b50d[p=0,l=0,c=8192,r=0]={<<<>>>GET /Echo...\x86&h\xA0{\xC1\xC2} {}
[DEBUG] parseNext s=START HeapByteBuffer@22b9b50d[p=0,l=0,c=8192,r=0]={<<<>>>GET /Echo...\x86&h\xA0{\xC1\xC2}
[DEBUG] HttpConnection@37d513d7::SocketChannelEndPoint@3842ad8c{l=/127.0.0.1:38858,r=/127.0.0.1:42948,OPEN,fill=-,flush=-,to=0/30000}{io=0/0,kio=0,kro=1}->HttpConnection@37d513d7[p=HttpParser{s=START,0 of -1},g=HttpGenerator@296d6fb5{s=START}]=>HttpChannelOverHttp@57dc8a91{s=HttpChannelState@117d29ba{s=IDLE rs=BLOCKING os=OPEN is=IDLE awp=false se=false i=true al=0},r=3,c=false/false,a=IDLE,uri=null,age=0} parsed false HttpParser{s=START,0 of -1}
[DEBUG] releaseRequestBuffer HttpConnection@37d513d7::SocketChannelEndPoint@3842ad8c{l=/127.0.0.1:38858,r=/127.0.0.1:42948,OPEN,fill=-,flush=-,to=0/30000}{io=0/0,kio=0,kro=1}->HttpConnection@37d513d7[p=HttpParser{s=START,0 of -1},g=HttpGenerator@296d6fb5{s=START}]=>HttpChannelOverHttp@57dc8a91{s=HttpChannelState@117d29ba{s=IDLE rs=BLOCKING os=OPEN is=IDLE awp=false se=false i=true al=0},r=3,c=false/false,a=IDLE,uri=null,age=0}
[DEBUG] fillInterested HttpConnection@37d513d7::SocketChannelEndPoint@3842ad8c{l=/127.0.0.1:38858,r=/127.0.0.1:42948,OPEN,fill=-,flush=-,to=0/30000}{io=0/0,kio=0,kro=1}->HttpConnection@37d513d7[p=HttpParser{s=START,0 of -1},g=HttpGenerator@296d6fb5{s=START}]=>HttpChannelOverHttp@57dc8a91{s=HttpChannelState@117d29ba{s=IDLE rs=BLOCKING os=OPEN is=IDLE awp=false se=false i=true al=0},r=3,c=false/false,a=IDLE,uri=null,age=0}
]]></system-out>
  </testcase>
  <testcase name="doesPostMultipartWithoutInputstream" classname="org.jsoup.integration.ConnectTest" time="0.061">
    <system-out><![CDATA[[DEBUG] interested FillInterest@5125a3db{AC.ReadCB@37d513d7{HttpConnection@37d513d7::SocketChannelEndPoint@3842ad8c{l=/127.0.0.1:38858,r=/127.0.0.1:42948,OPEN,fill=FI,flush=-,to=0/30000}{io=0/0,kio=0,kro=1}->HttpConnection@37d513d7[p=HttpParser{s=START,0 of -1},g=HttpGenerator@296d6fb5{s=START}]=>HttpChannelOverHttp@57dc8a91{s=HttpChannelState@117d29ba{s=IDLE rs=BLOCKING os=OPEN is=IDLE awp=false se=false i=true al=0},r=3,c=false/false,a=IDLE,uri=null,age=0}}}
[DEBUG] changeInterests p=false 0->1 for SocketChannelEndPoint@3842ad8c{l=/127.0.0.1:38858,r=/127.0.0.1:42948,OPEN,fill=FI,flush=-,to=12/30000}{io=0/1,kio=0,kro=1}->HttpConnection@37d513d7[p=HttpParser{s=START,0 of -1},g=HttpGenerator@296d6fb5{s=START}]=>HttpChannelOverHttp@57dc8a91{s=HttpChannelState@117d29ba{s=IDLE rs=BLOCKING os=OPEN is=IDLE awp=false se=false i=true al=0},r=3,c=false/false,a=IDLE,uri=null,age=0}
[DEBUG] Queued change lazy=false org.eclipse.jetty.io.ChannelEndPoint$$Lambda$475/1524159954@4ef14983 on ManagedSelector@129b4fe2{STARTED} id=0 keys=6 selected=0 updates=0
[DEBUG] Wakeup on submit ManagedSelector@129b4fe2{STARTED} id=0 keys=6 selected=0 updates=1
[DEBUG] Selector sun.nio.ch.EPollSelectorImpl@54609eb7 woken with none selected
[DEBUG] Selector sun.nio.ch.EPollSelectorImpl@54609eb7 woken up from select, 0/0/6 selected
[DEBUG] Selector sun.nio.ch.EPollSelectorImpl@54609eb7 processing 0 keys, 1 updates
[DEBUG] updateable 1
[DEBUG] update org.eclipse.jetty.io.ChannelEndPoint$$Lambda$475/1524159954@4ef14983
[DEBUG] Key interests updated 0 -> 1 on SocketChannelEndPoint@3842ad8c{l=/127.0.0.1:38858,r=/127.0.0.1:42948,OPEN,fill=FI,flush=-,to=13/30000}{io=1/1,kio=1,kro=1}->HttpConnection@37d513d7[p=HttpParser{s=START,0 of -1},g=HttpGenerator@296d6fb5{s=START}]=>HttpChannelOverHttp@57dc8a91{s=HttpChannelState@117d29ba{s=IDLE rs=BLOCKING os=OPEN is=IDLE awp=false se=false i=true al=0},r=3,c=false/false,a=IDLE,uri=null,age=0}
[DEBUG] updates 0
[DEBUG] Selector sun.nio.ch.EPollSelectorImpl@54609eb7 waiting with 6 keys
[DEBUG] Selector sun.nio.ch.EPollSelectorImpl@54609eb7 woken up from select, 1/1/6 selected
[DEBUG] Selector sun.nio.ch.EPollSelectorImpl@54609eb7 processing 1 keys, 0 updates
[DEBUG] selected 1 sun.nio.ch.SelectionKeyImpl@4af787ba SocketChannelEndPoint@3842ad8c{l=/127.0.0.1:38858,r=/127.0.0.1:42948,OPEN,fill=FI,flush=-,to=14/30000}{io=1/1,kio=1,kro=1}->HttpConnection@37d513d7[p=HttpParser{s=START,0 of -1},g=HttpGenerator@296d6fb5{s=START}]=>HttpChannelOverHttp@57dc8a91{s=HttpChannelState@117d29ba{s=IDLE rs=BLOCKING os=OPEN is=IDLE awp=false se=false i=true al=0},r=3,c=false/false,a=IDLE,uri=null,age=0} 
[DEBUG] onSelected 1->0 r=true w=false for SocketChannelEndPoint@3842ad8c{l=/127.0.0.1:38858,r=/127.0.0.1:42948,OPEN,fill=FI,flush=-,to=14/30000}{io=1/0,kio=1,kro=1}->HttpConnection@37d513d7[p=HttpParser{s=START,0 of -1},g=HttpGenerator@296d6fb5{s=START}]=>HttpChannelOverHttp@57dc8a91{s=HttpChannelState@117d29ba{s=IDLE rs=BLOCKING os=OPEN is=IDLE awp=false se=false i=true al=0},r=3,c=false/false,a=IDLE,uri=null,age=0}
[DEBUG] task CEP:SocketChannelEndPoint@3842ad8c{l=/127.0.0.1:38858,r=/127.0.0.1:42948,OPEN,fill=FI,flush=-,to=14/30000}{io=1/0,kio=1,kro=1}->HttpConnection@37d513d7[p=HttpParser{s=START,0 of -1},g=HttpGenerator@296d6fb5{s=START}]=>HttpChannelOverHttp@57dc8a91{s=HttpChannelState@117d29ba{s=IDLE rs=BLOCKING os=OPEN is=IDLE awp=false se=false i=true al=0},r=3,c=false/false,a=IDLE,uri=null,age=0}:runFillable:BLOCKING
[DEBUG] ReservedThreadExecutor@7ec3394b{s=1/1,p=0} tryExecute EatWhatYouKill@4febb875/SelectorProducer@cb191ca/PRODUCING/p=false/QueuedThreadPool[qtp487792155]@1d131e1b{STARTED,8<=9<=200,i=5,r=-1,q=0}[ReservedThreadExecutor@7ec3394b{s=1/1,p=0}][pc=0,pic=0,pec=1,epc=9]@2021-09-20T19:30:12.429Z
[DEBUG] ReservedThreadExecutor@7ec3394b{s=0/1,p=0}@633923a7 offer EatWhatYouKill@4febb875/SelectorProducer@cb191ca/PRODUCING/p=false/QueuedThreadPool[qtp487792155]@1d131e1b{STARTED,8<=9<=200,i=5,r=-1,q=0}[ReservedThreadExecutor@7ec3394b{s=0/1,p=0}][pc=0,pic=0,pec=1,epc=9]@2021-09-20T19:30:12.429Z
[DEBUG] ReservedThreadExecutor@7ec3394b{s=0/1,p=1} startReservedThread p=1
[DEBUG] queue ReservedThreadExecutor@7ec3394b{s=0/1,p=1}@2c7f83a5 startThread=0
[DEBUG] EatWhatYouKill@4febb875/SelectorProducer@cb191ca/IDLE/p=true/QueuedThreadPool[qtp487792155]@1d131e1b{STARTED,8<=9<=200,i=4,r=-1,q=0}[ReservedThreadExecutor@7ec3394b{s=0/1,p=1}][pc=0,pic=0,pec=1,epc=9]@2021-09-20T19:30:12.429Z m=EXECUTE_PRODUCE_CONSUME t=CEP:SocketChannelEndPoint@3842ad8c{l=/127.0.0.1:38858,r=/127.0.0.1:42948,OPEN,fill=FI,flush=-,to=14/30000}{io=1/0,kio=1,kro=1}->HttpConnection@37d513d7[p=HttpParser{s=START,0 of -1},g=HttpGenerator@296d6fb5{s=START}]=>HttpChannelOverHttp@57dc8a91{s=HttpChannelState@117d29ba{s=IDLE rs=BLOCKING os=OPEN is=IDLE awp=false se=false i=true al=0},r=3,c=false/false,a=IDLE,uri=null,age=0}:runFillable:BLOCKING/BLOCKING
[DEBUG] fillable FillInterest@5125a3db{AC.ReadCB@37d513d7{HttpConnection@37d513d7::SocketChannelEndPoint@3842ad8c{l=/127.0.0.1:38858,r=/127.0.0.1:42948,OPEN,fill=FI,flush=-,to=15/30000}{io=1/0,kio=1,kro=1}->HttpConnection@37d513d7[p=HttpParser{s=START,0 of -1},g=HttpGenerator@296d6fb5{s=START}]=>HttpChannelOverHttp@57dc8a91{s=HttpChannelState@117d29ba{s=IDLE rs=BLOCKING os=OPEN is=IDLE awp=false se=false i=true al=0},r=3,c=false/false,a=IDLE,uri=null,age=0}}}
[DEBUG] HttpConnection@37d513d7::SocketChannelEndPoint@3842ad8c{l=/127.0.0.1:38858,r=/127.0.0.1:42948,OPEN,fill=-,flush=-,to=15/30000}{io=1/0,kio=1,kro=1}->HttpConnection@37d513d7[p=HttpParser{s=START,0 of -1},g=HttpGenerator@296d6fb5{s=START}]=>HttpChannelOverHttp@57dc8a91{s=HttpChannelState@117d29ba{s=IDLE rs=BLOCKING os=OPEN is=IDLE awp=false se=false i=true al=0},r=3,c=false/false,a=IDLE,uri=null,age=0} onFillable enter HttpChannelState@117d29ba{s=IDLE rs=BLOCKING os=OPEN is=IDLE awp=false se=false i=true al=0} null
[DEBUG] shutdownInput SocketChannelEndPoint@3842ad8c{l=/127.0.0.1:38858,r=/127.0.0.1:42948,OPEN,fill=-,flush=-,to=15/30000}{io=1/0,kio=1,kro=1}->HttpConnection@37d513d7[p=HttpParser{s=START,0 of -1},g=HttpGenerator@296d6fb5{s=START}]=>HttpChannelOverHttp@57dc8a91{s=HttpChannelState@117d29ba{s=IDLE rs=BLOCKING os=OPEN is=IDLE awp=false se=false i=true al=0},r=3,c=false/false,a=IDLE,uri=null,age=0}
[DEBUG] filled -1 HeapByteBuffer@41e05b38[p=0,l=0,c=8192,r=0]={<<<>>>HTTP/1.1 ...\x00\x00\x00\x00\x00\x00\x00}
[DEBUG] atEOF HttpParser{s=START,0 of -1}
[DEBUG] HttpConnection@37d513d7::SocketChannelEndPoint@3842ad8c{l=/127.0.0.1:38858,r=/127.0.0.1:42948,ISHUT,fill=-,flush=-,to=15/30000}{io=1/0,kio=1,kro=1}->HttpConnection@37d513d7[p=HttpParser{s=START,0 of -1},g=HttpGenerator@296d6fb5{s=START}]=>HttpChannelOverHttp@57dc8a91{s=HttpChannelState@117d29ba{s=IDLE rs=BLOCKING os=OPEN is=IDLE awp=false se=false i=true al=0},r=3,c=false/false,a=IDLE,uri=null,age=0} filled -1 HeapByteBuffer@41e05b38[p=0,l=0,c=8192,r=0]={<<<>>>HTTP/1.1 ...\x00\x00\x00\x00\x00\x00\x00}
[DEBUG] HttpConnection@37d513d7::SocketChannelEndPoint@3842ad8c{l=/127.0.0.1:38858,r=/127.0.0.1:42948,ISHUT,fill=-,flush=-,to=15/30000}{io=1/0,kio=1,kro=1}->HttpConnection@37d513d7[p=HttpParser{s=START,0 of -1},g=HttpGenerator@296d6fb5{s=START}]=>HttpChannelOverHttp@57dc8a91{s=HttpChannelState@117d29ba{s=IDLE rs=BLOCKING os=OPEN is=IDLE awp=false se=false i=true al=0},r=3,c=false/false,a=IDLE,uri=null,age=0} parse HeapByteBuffer@41e05b38[p=0,l=0,c=8192,r=0]={<<<>>>HTTP/1.1 ...\x00\x00\x00\x00\x00\x00\x00} {}
[DEBUG] parseNext s=START HeapByteBuffer@41e05b38[p=0,l=0,c=8192,r=0]={<<<>>>HTTP/1.1 ...\x00\x00\x00\x00\x00\x00\x00}
[DEBUG] START --> CLOSED
[DEBUG] close SocketChannelEndPoint@3842ad8c{l=/127.0.0.1:38858,r=/127.0.0.1:42948,ISHUT,fill=-,flush=-,to=15/30000}{io=1/0,kio=1,kro=1}->HttpConnection@37d513d7[p=HttpParser{s=CLOSED,0 of -1},g=HttpGenerator@296d6fb5{s=START}]=>HttpChannelOverHttp@57dc8a91{s=HttpChannelState@117d29ba{s=IDLE rs=BLOCKING os=OPEN is=IDLE awp=false se=false i=true al=0},r=3,c=false/false,a=IDLE,uri=null,age=0}
[DEBUG] close(null) SocketChannelEndPoint@3842ad8c{l=/127.0.0.1:38858,r=/127.0.0.1:42948,ISHUT,fill=-,flush=-,to=15/30000}{io=1/0,kio=1,kro=1}->HttpConnection@37d513d7[p=HttpParser{s=CLOSED,0 of -1},g=HttpGenerator@296d6fb5{s=START}]=>HttpChannelOverHttp@57dc8a91{s=HttpChannelState@117d29ba{s=IDLE rs=BLOCKING os=OPEN is=IDLE awp=false se=false i=true al=0},r=3,c=false/false,a=IDLE,uri=null,age=0}
[DEBUG] doClose SocketChannelEndPoint@3842ad8c{l=/127.0.0.1:38858,r=/127.0.0.1:42948,CLOSED,fill=-,flush=-,to=15/30000}{io=1/0,kio=1,kro=1}->HttpConnection@37d513d7[p=HttpParser{s=CLOSED,0 of -1},g=HttpGenerator@296d6fb5{s=START}]=>HttpChannelOverHttp@57dc8a91{s=HttpChannelState@117d29ba{s=IDLE rs=BLOCKING os=OPEN is=IDLE awp=false se=false i=true al=0},r=3,c=false/false,a=IDLE,uri=null,age=0}
[DEBUG] ReservedThreadExecutor@7ec3394b{s=0/1,p=1}@633923a7 task=EatWhatYouKill@4febb875/SelectorProducer@cb191ca/IDLE/p=true/QueuedThreadPool[qtp487792155]@1d131e1b{STARTED,8<=9<=200,i=4,r=-1,q=0}[ReservedThreadExecutor@7ec3394b{s=0/1,p=1}][pc=0,pic=0,pec=1,epc=10]@2021-09-20T19:30:12.431Z
[DEBUG] EatWhatYouKill@4febb875/SelectorProducer@cb191ca/IDLE/p=true/QueuedThreadPool[qtp487792155]@1d131e1b{STARTED,8<=9<=200,i=4,r=-1,q=0}[ReservedThreadExecutor@7ec3394b{s=0/1,p=1}][pc=0,pic=0,pec=1,epc=10]@2021-09-20T19:30:12.431Z tryProduce true
[DEBUG] updateable 0
[DEBUG] updates 0
[DEBUG] Ignoring key update for cancelled key SocketChannelEndPoint@3842ad8c{l=0.0.0.0/0.0.0.0:38858,r=/127.0.0.1:42948,CLOSED,fill=-,flush=-,to=16/30000}{io=0/0,kio=-1,kro=-1}->HttpConnection@37d513d7[p=HttpParser{s=CLOSED,0 of -1},g=HttpGenerator@296d6fb5{s=START}]=>HttpChannelOverHttp@57dc8a91{s=HttpChannelState@117d29ba{s=IDLE rs=BLOCKING os=OPEN is=IDLE awp=false se=false i=true al=0},r=3,c=false/false,a=IDLE,uri=null,age=0}
[DEBUG] close SocketChannelEndPoint@3842ad8c{l=0.0.0.0/0.0.0.0:38858,r=/127.0.0.1:42948,CLOSED,fill=-,flush=-,to=16/30000}{io=0/0,kio=-1,kro=-1}->HttpConnection@37d513d7[p=HttpParser{s=CLOSED,0 of -1},g=HttpGenerator@296d6fb5{s=START}]=>HttpChannelOverHttp@57dc8a91{s=HttpChannelState@117d29ba{s=IDLE rs=BLOCKING os=OPEN is=IDLE awp=false se=false i=true al=0},r=3,c=false/false,a=IDLE,uri=null,age=0}
[DEBUG] close(null) SocketChannelEndPoint@3842ad8c{l=0.0.0.0/0.0.0.0:38858,r=/127.0.0.1:42948,CLOSED,fill=-,flush=-,to=16/30000}{io=0/0,kio=-1,kro=-1}->HttpConnection@37d513d7[p=HttpParser{s=CLOSED,0 of -1},g=HttpGenerator@296d6fb5{s=START}]=>HttpChannelOverHttp@57dc8a91{s=HttpChannelState@117d29ba{s=IDLE rs=BLOCKING os=OPEN is=IDLE awp=false se=false i=true al=0},r=3,c=false/false,a=IDLE,uri=null,age=0}
[DEBUG] Selector sun.nio.ch.EPollSelectorImpl@54609eb7 waiting with 6 keys
[DEBUG] run ReservedThreadExecutor@7ec3394b{s=0/1,p=1}@2c7f83a5 in QueuedThreadPool[qtp487792155]@1d131e1b{STARTED,8<=9<=200,i=4,r=-1,q=0}[ReservedThreadExecutor@7ec3394b{s=0/1,p=1}]
[DEBUG] ReservedThreadExecutor@7ec3394b{s=1/1,p=1}@2c7f83a5 started
[DEBUG] ReservedThreadExecutor@7ec3394b{s=1/1,p=0}@2c7f83a5 waiting
[DEBUG] onClose FillInterest@5125a3db{null}
[DEBUG] Wakeup ManagedSelector@129b4fe2{STARTED} id=0 keys=5 selected=0 updates=0
[DEBUG] Selector sun.nio.ch.EPollSelectorImpl@54609eb7 woken with none selected
[DEBUG] Selector sun.nio.ch.EPollSelectorImpl@54609eb7 woken up from select, 0/0/5 selected
[DEBUG] Selector sun.nio.ch.EPollSelectorImpl@54609eb7 processing 0 keys, 0 updates
[DEBUG] updateable 0
[DEBUG] updates 0
[DEBUG] Selector sun.nio.ch.EPollSelectorImpl@54609eb7 waiting with 5 keys
[DEBUG] run org.eclipse.jetty.io.ManagedSelector$DestroyEndPoint@3ed08ac1 in QueuedThreadPool[qtp487792155]@1d131e1b{STARTED,8<=9<=200,i=3,r=-1,q=0}[ReservedThreadExecutor@7ec3394b{s=1/1,p=0}]
[DEBUG] Destroyed SocketChannelEndPoint@3842ad8c{l=0.0.0.0/0.0.0.0:38858,r=null,CLOSED,fill=-,flush=-,to=17/30000}{io=0/0,kio=-1,kro=-1}->HttpConnection@37d513d7[p=HttpParser{s=CLOSED,0 of -1},g=HttpGenerator@296d6fb5{s=START}]=>HttpChannelOverHttp@57dc8a91{s=HttpChannelState@117d29ba{s=IDLE rs=BLOCKING os=OPEN is=IDLE awp=false se=false i=true al=0},r=3,c=false/false,a=IDLE,uri=null,age=0}
[DEBUG] onClose HttpConnection@37d513d7::SocketChannelEndPoint@3842ad8c{l=0.0.0.0/0.0.0.0:38858,r=null,CLOSED,fill=-,flush=-,to=17/30000}{io=0/0,kio=-1,kro=-1}->HttpConnection@37d513d7[p=HttpParser{s=CLOSED,0 of -1},g=HttpGenerator@296d6fb5{s=START}]=>HttpChannelOverHttp@57dc8a91{s=HttpChannelState@117d29ba{s=IDLE rs=BLOCKING os=OPEN is=IDLE awp=false se=false i=true al=0},r=3,c=false/false,a=IDLE,uri=null,age=0}
[DEBUG] ran org.eclipse.jetty.io.ManagedSelector$DestroyEndPoint@3ed08ac1 in QueuedThreadPool[qtp487792155]@1d131e1b{STARTED,8<=9<=200,i=3,r=-1,q=0}[ReservedThreadExecutor@7ec3394b{s=1/1,p=0}]
[DEBUG] queue org.eclipse.jetty.io.ManagedSelector$DestroyEndPoint@3ed08ac1 startThread=0
[DEBUG] HttpConnection@37d513d7::SocketChannelEndPoint@3842ad8c{l=0.0.0.0/0.0.0.0:38858,r=null,CLOSED,fill=-,flush=-,to=17/30000}{io=0/0,kio=-1,kro=-1}->HttpConnection@37d513d7[p=HttpParser{s=CLOSED,0 of -1},g=HttpGenerator@296d6fb5{s=START}]=>HttpChannelOverHttp@57dc8a91{s=HttpChannelState@117d29ba{s=IDLE rs=BLOCKING os=OPEN is=IDLE awp=false se=false i=true al=0},r=3,c=false/false,a=IDLE,uri=null,age=0} parsed false HttpParser{s=CLOSED,0 of -1}
[DEBUG] releaseRequestBuffer HttpConnection@37d513d7::SocketChannelEndPoint@3842ad8c{l=0.0.0.0/0.0.0.0:38858,r=null,CLOSED,fill=-,flush=-,to=17/30000}{io=0/0,kio=-1,kro=-1}->HttpConnection@37d513d7[p=HttpParser{s=CLOSED,0 of -1},g=HttpGenerator@296d6fb5{s=START}]=>HttpChannelOverHttp@57dc8a91{s=HttpChannelState@117d29ba{s=IDLE rs=BLOCKING os=OPEN is=IDLE awp=false se=false i=true al=0},r=3,c=false/false,a=IDLE,uri=null,age=0}
[DEBUG] shutdownOutput SocketChannelEndPoint@3842ad8c{l=0.0.0.0/0.0.0.0:38858,r=null,CLOSED,fill=-,flush=-,to=17/30000}{io=0/0,kio=-1,kro=-1}->HttpConnection@37d513d7[p=HttpParser{s=CLOSED,0 of -1},g=HttpGenerator@296d6fb5{s=START}]=>HttpChannelOverHttp@57dc8a91{s=HttpChannelState@117d29ba{s=IDLE rs=BLOCKING os=OPEN is=IDLE awp=false se=false i=true al=0},r=3,c=false/false,a=IDLE,uri=null,age=0}
[DEBUG] HttpConnection@37d513d7::SocketChannelEndPoint@3842ad8c{l=0.0.0.0/0.0.0.0:38858,r=null,CLOSED,fill=-,flush=-,to=18/30000}{io=0/0,kio=-1,kro=-1}->HttpConnection@37d513d7[p=HttpParser{s=CLOSED,0 of -1},g=HttpGenerator@296d6fb5{s=START}]=>HttpChannelOverHttp@57dc8a91{s=HttpChannelState@117d29ba{s=IDLE rs=BLOCKING os=OPEN is=IDLE awp=false se=false i=true al=0},r=3,c=false/false,a=IDLE,uri=null,age=0} onFillable exit HttpChannelState@117d29ba{s=IDLE rs=BLOCKING os=OPEN is=IDLE awp=false se=false i=true al=0} null
[DEBUG] ReservedThreadExecutor@7ec3394b{s=1/1,p=0}@22b86982 size 1 > capacity
[DEBUG] ran ReservedThreadExecutor@7ec3394b{s=1/1,p=0}@22b86982 in QueuedThreadPool[qtp487792155]@1d131e1b{STARTED,8<=9<=200,i=4,r=-1,q=0}[ReservedThreadExecutor@7ec3394b{s=1/1,p=0}]
[DEBUG] HttpConnection@37d513d7::SocketChannelEndPoint@3842ad8c{l=0.0.0.0/0.0.0.0:38858,r=null,CLOSED,fill=-,flush=-,to=18/30000}{io=0/0,kio=-1,kro=-1}->HttpConnection@37d513d7[p=HttpParser{s=CLOSED,0 of -1},g=HttpGenerator@296d6fb5{s=START}]=>HttpChannelOverHttp@57dc8a91{s=HttpChannelState@117d29ba{s=IDLE rs=BLOCKING os=OPEN is=IDLE awp=false se=false i=true al=0},r=3,c=false/false,a=IDLE,uri=null,age=0} onFillable exit HttpChannelState@117d29ba{s=IDLE rs=BLOCKING os=OPEN is=IDLE awp=false se=false i=true al=0} null
[DEBUG] ReservedThreadExecutor@7ec3394b{s=1/1,p=0}@7d83b848 size 1 > capacity
[DEBUG] ran ReservedThreadExecutor@7ec3394b{s=1/1,p=0}@7d83b848 in QueuedThreadPool[qtp487792155]@1d131e1b{STARTED,8<=9<=200,i=5,r=-1,q=0}[ReservedThreadExecutor@7ec3394b{s=1/1,p=0}]
[DEBUG] Selector sun.nio.ch.EPollSelectorImpl@54609eb7 woken up from select, 1/1/5 selected
[DEBUG] Selector sun.nio.ch.EPollSelectorImpl@54609eb7 processing 1 keys, 0 updates
[DEBUG] selected 1 sun.nio.ch.SelectionKeyImpl@47978a93 SocketChannelEndPoint@77ed8bb4{l=/127.0.0.1:38858,r=/127.0.0.1:42946,OPEN,fill=FI,flush=-,to=1066/30000}{io=1/1,kio=1,kro=1}->HttpConnection@65fa8c24[p=HttpParser{s=START,0 of -1},g=HttpGenerator@307be154{s=START}]=>HttpChannelOverHttp@c28598b{s=HttpChannelState@5bb2823f{s=IDLE rs=BLOCKING os=OPEN is=IDLE awp=false se=false i=true al=0},r=1,c=false/false,a=IDLE,uri=null,age=0} 
[DEBUG] onSelected 1->0 r=true w=false for SocketChannelEndPoint@77ed8bb4{l=/127.0.0.1:38858,r=/127.0.0.1:42946,OPEN,fill=FI,flush=-,to=1066/30000}{io=1/0,kio=1,kro=1}->HttpConnection@65fa8c24[p=HttpParser{s=START,0 of -1},g=HttpGenerator@307be154{s=START}]=>HttpChannelOverHttp@c28598b{s=HttpChannelState@5bb2823f{s=IDLE rs=BLOCKING os=OPEN is=IDLE awp=false se=false i=true al=0},r=1,c=false/false,a=IDLE,uri=null,age=0}
[DEBUG] task CEP:SocketChannelEndPoint@77ed8bb4{l=/127.0.0.1:38858,r=/127.0.0.1:42946,OPEN,fill=FI,flush=-,to=1066/30000}{io=1/0,kio=1,kro=1}->HttpConnection@65fa8c24[p=HttpParser{s=START,0 of -1},g=HttpGenerator@307be154{s=START}]=>HttpChannelOverHttp@c28598b{s=HttpChannelState@5bb2823f{s=IDLE rs=BLOCKING os=OPEN is=IDLE awp=false se=false i=true al=0},r=1,c=false/false,a=IDLE,uri=null,age=0}:runFillable:BLOCKING
[DEBUG] ReservedThreadExecutor@7ec3394b{s=1/1,p=0} tryExecute EatWhatYouKill@4febb875/SelectorProducer@cb191ca/PRODUCING/p=false/QueuedThreadPool[qtp487792155]@1d131e1b{STARTED,8<=9<=200,i=6,r=-1,q=0}[ReservedThreadExecutor@7ec3394b{s=1/1,p=0}][pc=0,pic=0,pec=1,epc=10]@2021-09-20T19:30:12.434Z
[DEBUG] ReservedThreadExecutor@7ec3394b{s=0/1,p=0}@2c7f83a5 offer EatWhatYouKill@4febb875/SelectorProducer@cb191ca/PRODUCING/p=false/QueuedThreadPool[qtp487792155]@1d131e1b{STARTED,8<=9<=200,i=6,r=-1,q=0}[ReservedThreadExecutor@7ec3394b{s=0/1,p=0}][pc=0,pic=0,pec=1,epc=10]@2021-09-20T19:30:12.434Z
[DEBUG] ReservedThreadExecutor@7ec3394b{s=0/1,p=1} startReservedThread p=1
[DEBUG] run ReservedThreadExecutor@7ec3394b{s=0/1,p=1}@5cdb76b3 in QueuedThreadPool[qtp487792155]@1d131e1b{STARTED,8<=9<=200,i=5,r=-1,q=0}[ReservedThreadExecutor@7ec3394b{s=0/1,p=1}]
[DEBUG] ReservedThreadExecutor@7ec3394b{s=1/1,p=1}@5cdb76b3 started
[DEBUG] ReservedThreadExecutor@7ec3394b{s=1/1,p=0}@5cdb76b3 waiting
[DEBUG] queue ReservedThreadExecutor@7ec3394b{s=1/1,p=0}@5cdb76b3 startThread=0
[DEBUG] ReservedThreadExecutor@7ec3394b{s=0/1,p=0}@2c7f83a5 task=EatWhatYouKill@4febb875/SelectorProducer@cb191ca/IDLE/p=true/QueuedThreadPool[qtp487792155]@1d131e1b{STARTED,8<=9<=200,i=5,r=-1,q=0}[ReservedThreadExecutor@7ec3394b{s=1/1,p=0}][pc=0,pic=0,pec=1,epc=10]@2021-09-20T19:30:12.434Z
[DEBUG] EatWhatYouKill@4febb875/SelectorProducer@cb191ca/IDLE/p=true/QueuedThreadPool[qtp487792155]@1d131e1b{STARTED,8<=9<=200,i=5,r=-1,q=0}[ReservedThreadExecutor@7ec3394b{s=1/1,p=0}][pc=0,pic=0,pec=1,epc=10]@2021-09-20T19:30:12.435Z tryProduce true
[DEBUG] updateable 0
[DEBUG] updates 0
[DEBUG] Key interests updated 1 -> 0 on SocketChannelEndPoint@77ed8bb4{l=/127.0.0.1:38858,r=/127.0.0.1:42946,OPEN,fill=FI,flush=-,to=1067/30000}{io=0/0,kio=0,kro=1}->HttpConnection@65fa8c24[p=HttpParser{s=START,0 of -1},g=HttpGenerator@307be154{s=START}]=>HttpChannelOverHttp@c28598b{s=HttpChannelState@5bb2823f{s=IDLE rs=BLOCKING os=OPEN is=IDLE awp=false se=false i=true al=0},r=1,c=false/false,a=IDLE,uri=null,age=0}
[DEBUG] Selector sun.nio.ch.EPollSelectorImpl@54609eb7 waiting with 5 keys
[DEBUG] EatWhatYouKill@4febb875/SelectorProducer@cb191ca/PRODUCING/p=false/QueuedThreadPool[qtp487792155]@1d131e1b{STARTED,8<=9<=200,i=5,r=-1,q=0}[ReservedThreadExecutor@7ec3394b{s=1/1,p=0}][pc=0,pic=0,pec=1,epc=10]@2021-09-20T19:30:12.435Z m=EXECUTE_PRODUCE_CONSUME t=CEP:SocketChannelEndPoint@77ed8bb4{l=/127.0.0.1:38858,r=/127.0.0.1:42946,OPEN,fill=FI,flush=-,to=1067/30000}{io=0/0,kio=0,kro=1}->HttpConnection@65fa8c24[p=HttpParser{s=START,0 of -1},g=HttpGenerator@307be154{s=START}]=>HttpChannelOverHttp@c28598b{s=HttpChannelState@5bb2823f{s=IDLE rs=BLOCKING os=OPEN is=IDLE awp=false se=false i=true al=0},r=1,c=false/false,a=IDLE,uri=null,age=0}:runFillable:BLOCKING/BLOCKING
[DEBUG] fillable FillInterest@7f973e1e{AC.ReadCB@65fa8c24{HttpConnection@65fa8c24::SocketChannelEndPoint@77ed8bb4{l=/127.0.0.1:38858,r=/127.0.0.1:42946,OPEN,fill=FI,flush=-,to=1067/30000}{io=0/0,kio=0,kro=1}->HttpConnection@65fa8c24[p=HttpParser{s=START,0 of -1},g=HttpGenerator@307be154{s=START}]=>HttpChannelOverHttp@c28598b{s=HttpChannelState@5bb2823f{s=IDLE rs=BLOCKING os=OPEN is=IDLE awp=false se=false i=true al=0},r=1,c=false/false,a=IDLE,uri=null,age=0}}}
[DEBUG] HttpConnection@65fa8c24::SocketChannelEndPoint@77ed8bb4{l=/127.0.0.1:38858,r=/127.0.0.1:42946,OPEN,fill=-,flush=-,to=1068/30000}{io=0/0,kio=0,kro=1}->HttpConnection@65fa8c24[p=HttpParser{s=START,0 of -1},g=HttpGenerator@307be154{s=START}]=>HttpChannelOverHttp@c28598b{s=HttpChannelState@5bb2823f{s=IDLE rs=BLOCKING os=OPEN is=IDLE awp=false se=false i=true al=0},r=1,c=false/false,a=IDLE,uri=null,age=0} onFillable enter HttpChannelState@5bb2823f{s=IDLE rs=BLOCKING os=OPEN is=IDLE awp=false se=false i=true al=0} null
[DEBUG] filled 396 HeapByteBuffer@78a30358[p=0,l=396,c=8192,r=396]={<<<POST /EchoServlet HTTP/1....Content-Length: 314\r\n\r\n>>>OT\xD2W\xD8R\x17\xCa(...\x00\x00\x00\x00\x00\x00\x00}
[DEBUG] HttpConnection@65fa8c24::SocketChannelEndPoint@77ed8bb4{l=/127.0.0.1:38858,r=/127.0.0.1:42946,OPEN,fill=-,flush=-,to=0/30000}{io=0/0,kio=0,kro=1}->HttpConnection@65fa8c24[p=HttpParser{s=START,0 of -1},g=HttpGenerator@307be154{s=START}]=>HttpChannelOverHttp@c28598b{s=HttpChannelState@5bb2823f{s=IDLE rs=BLOCKING os=OPEN is=IDLE awp=false se=false i=true al=0},r=1,c=false/false,a=IDLE,uri=null,age=0} filled 396 HeapByteBuffer@78a30358[p=0,l=396,c=8192,r=396]={<<<POST /EchoServlet HTTP/1....Content-Length: 314\r\n\r\n>>>OT\xD2W\xD8R\x17\xCa(...\x00\x00\x00\x00\x00\x00\x00}
[DEBUG] HttpConnection@65fa8c24::SocketChannelEndPoint@77ed8bb4{l=/127.0.0.1:38858,r=/127.0.0.1:42946,OPEN,fill=-,flush=-,to=0/30000}{io=0/0,kio=0,kro=1}->HttpConnection@65fa8c24[p=HttpParser{s=START,0 of -1},g=HttpGenerator@307be154{s=START}]=>HttpChannelOverHttp@c28598b{s=HttpChannelState@5bb2823f{s=IDLE rs=BLOCKING os=OPEN is=IDLE awp=false se=false i=true al=0},r=1,c=false/false,a=IDLE,uri=null,age=0} parse HeapByteBuffer@78a30358[p=0,l=396,c=8192,r=396]={<<<POST /EchoServlet HTTP/1....Content-Length: 314\r\n\r\n>>>OT\xD2W\xD8R\x17\xCa(...\x00\x00\x00\x00\x00\x00\x00} {}
[DEBUG] parseNext s=START HeapByteBuffer@78a30358[p=0,l=396,c=8192,r=396]={<<<POST /EchoServlet HTTP/1....Content-Length: 314\r\n\r\n>>>OT\xD2W\xD8R\x17\xCa(...\x00\x00\x00\x00\x00\x00\x00}
[DEBUG] START --> SPACE1
[DEBUG] SPACE1 --> URI
[DEBUG] URI --> SPACE2
[DEBUG] SPACE2 --> REQUEST_VERSION
[DEBUG] REQUEST_VERSION --> HEADER
[DEBUG] HEADER:Accept-Encoding: gzip --> IN_VALUE
[DEBUG] HEADER:Accept-Encoding: gzip --> FIELD
[DEBUG] HEADER:User-Agent --> VALUE
[DEBUG] HEADER:User-Agent --> IN_VALUE
[DEBUG] HEADER:User-Agent --> FIELD
[DEBUG] HEADER:Content-Type --> VALUE
[DEBUG] HEADER:Content-Type --> IN_VALUE
[DEBUG] HEADER:Content-Type --> FIELD
[DEBUG] HEADER:Host: localhost:38858 --> IN_VALUE
[DEBUG] HEADER:Host: localhost:38858 --> FIELD
[DEBUG] HEADER:Accept: text/html, image/gif, image/jpeg, *; q=.2, */*; q=.2 --> IN_VALUE
[DEBUG] HEADER:Accept: text/html, image/gif, image/jpeg, *; q=.2, */*; q=.2 --> FIELD
[DEBUG] HEADER:Connection: keep-alive --> IN_VALUE
[DEBUG] HEADER:Connection: keep-alive --> FIELD
[DEBUG] HEADER:Content-Length --> VALUE
[DEBUG] HEADER:Content-Length --> IN_VALUE
[DEBUG] HEADER:Content-Length --> FIELD
[DEBUG] HEADER --> CONTENT
[DEBUG] REQUEST for //localhost:38858/EchoServlet on HttpChannelOverHttp@c28598b{s=HttpChannelState@5bb2823f{s=IDLE rs=BLOCKING os=OPEN is=IDLE awp=false se=false i=true al=0},r=2,c=false/false,a=IDLE,uri=//localhost:38858/EchoServlet,age=0}
POST //localhost:38858/EchoServlet HTTP/1.1
Accept-Encoding: gzip
User-Agent: Mozilla/5.0 (Macintosh; Intel Mac OS X 10_11_4) AppleWebKit/537.36 (KHTML, like Gecko) Chrome/49.0.2623.112 Safari/537.36
Content-Type: multipart/form-data; boundary=H36Erqx1XJwJoslg2uVlno-dI7gZzWu1
Host: localhost:38858
Accept: text/html, image/gif, image/jpeg, *; q=.2, */*; q=.2
Connection: keep-alive
Content-Length: 314


[DEBUG] HttpConnection@65fa8c24::SocketChannelEndPoint@77ed8bb4{l=/127.0.0.1:38858,r=/127.0.0.1:42946,OPEN,fill=-,flush=-,to=0/30000}{io=0/0,kio=0,kro=1}->HttpConnection@65fa8c24[p=HttpParser{s=CONTENT,0 of 314},g=HttpGenerator@307be154{s=START}]=>HttpChannelOverHttp@c28598b{s=HttpChannelState@5bb2823f{s=IDLE rs=BLOCKING os=OPEN is=IDLE awp=false se=false i=true al=0},r=2,c=false/false,a=IDLE,uri=//localhost:38858/EchoServlet,age=0} parsed false HttpParser{s=CONTENT,0 of 314}
[DEBUG] releaseRequestBuffer HttpConnection@65fa8c24::SocketChannelEndPoint@77ed8bb4{l=/127.0.0.1:38858,r=/127.0.0.1:42946,OPEN,fill=-,flush=-,to=0/30000}{io=0/0,kio=0,kro=1}->HttpConnection@65fa8c24[p=HttpParser{s=CONTENT,0 of 314},g=HttpGenerator@307be154{s=START}]=>HttpChannelOverHttp@c28598b{s=HttpChannelState@5bb2823f{s=IDLE rs=BLOCKING os=OPEN is=IDLE awp=false se=false i=true al=0},r=2,c=false/false,a=IDLE,uri=//localhost:38858/EchoServlet,age=0}
[DEBUG] filled 0 HeapByteBuffer@22b9b50d[p=0,l=0,c=8192,r=0]={<<<>>>GET /Echo...\x86&h\xA0{\xC1\xC2}
[DEBUG] filled 0 HeapByteBuffer@22b9b50d[p=0,l=0,c=8192,r=0]={<<<>>>GET /Echo...\x86&h\xA0{\xC1\xC2}
[DEBUG] HttpConnection@65fa8c24::SocketChannelEndPoint@77ed8bb4{l=/127.0.0.1:38858,r=/127.0.0.1:42946,OPEN,fill=-,flush=-,to=0/30000}{io=0/0,kio=0,kro=1}->HttpConnection@65fa8c24[p=HttpParser{s=CONTENT,0 of 314},g=HttpGenerator@307be154{s=START}]=>HttpChannelOverHttp@c28598b{s=HttpChannelState@5bb2823f{s=IDLE rs=BLOCKING os=OPEN is=IDLE awp=false se=false i=true al=0},r=2,c=false/false,a=IDLE,uri=//localhost:38858/EchoServlet,age=0} filled 0 HeapByteBuffer@22b9b50d[p=0,l=0,c=8192,r=0]={<<<>>>GET /Echo...\x86&h\xA0{\xC1\xC2}
[DEBUG] HttpConnection@65fa8c24::SocketChannelEndPoint@77ed8bb4{l=/127.0.0.1:38858,r=/127.0.0.1:42946,OPEN,fill=-,flush=-,to=1/30000}{io=0/0,kio=0,kro=1}->HttpConnection@65fa8c24[p=HttpParser{s=CONTENT,0 of 314},g=HttpGenerator@307be154{s=START}]=>HttpChannelOverHttp@c28598b{s=HttpChannelState@5bb2823f{s=IDLE rs=BLOCKING os=OPEN is=IDLE awp=false se=false i=true al=0},r=2,c=false/false,a=IDLE,uri=//localhost:38858/EchoServlet,age=0} parse HeapByteBuffer@22b9b50d[p=0,l=0,c=8192,r=0]={<<<>>>GET /Echo...\x86&h\xA0{\xC1\xC2} {}
[DEBUG] parseNext s=CONTENT HeapByteBuffer@22b9b50d[p=0,l=0,c=8192,r=0]={<<<>>>GET /Echo...\x86&h\xA0{\xC1\xC2}
[DEBUG] HttpConnection@65fa8c24::SocketChannelEndPoint@77ed8bb4{l=/127.0.0.1:38858,r=/127.0.0.1:42946,OPEN,fill=-,flush=-,to=1/30000}{io=0/0,kio=0,kro=1}->HttpConnection@65fa8c24[p=HttpParser{s=CONTENT,0 of 314},g=HttpGenerator@307be154{s=START}]=>HttpChannelOverHttp@c28598b{s=HttpChannelState@5bb2823f{s=IDLE rs=BLOCKING os=OPEN is=IDLE awp=false se=false i=true al=0},r=2,c=false/false,a=IDLE,uri=//localhost:38858/EchoServlet,age=0} parsed false HttpParser{s=CONTENT,0 of 314}
[DEBUG] releaseRequestBuffer HttpConnection@65fa8c24::SocketChannelEndPoint@77ed8bb4{l=/127.0.0.1:38858,r=/127.0.0.1:42946,OPEN,fill=-,flush=-,to=1/30000}{io=0/0,kio=0,kro=1}->HttpConnection@65fa8c24[p=HttpParser{s=CONTENT,0 of 314},g=HttpGenerator@307be154{s=START}]=>HttpChannelOverHttp@c28598b{s=HttpChannelState@5bb2823f{s=IDLE rs=BLOCKING os=OPEN is=IDLE awp=false se=false i=true al=0},r=2,c=false/false,a=IDLE,uri=//localhost:38858/EchoServlet,age=0}
[DEBUG] fillInterested HttpConnection@65fa8c24::SocketChannelEndPoint@77ed8bb4{l=/127.0.0.1:38858,r=/127.0.0.1:42946,OPEN,fill=-,flush=-,to=1/30000}{io=0/0,kio=0,kro=1}->HttpConnection@65fa8c24[p=HttpParser{s=CONTENT,0 of 314},g=HttpGenerator@307be154{s=START}]=>HttpChannelOverHttp@c28598b{s=HttpChannelState@5bb2823f{s=IDLE rs=BLOCKING os=OPEN is=IDLE awp=false se=false i=true al=0},r=2,c=false/false,a=IDLE,uri=//localhost:38858/EchoServlet,age=1}
[DEBUG] interested FillInterest@7f973e1e{AC.ReadCB@65fa8c24{HttpConnection@65fa8c24::SocketChannelEndPoint@77ed8bb4{l=/127.0.0.1:38858,r=/127.0.0.1:42946,OPEN,fill=FI,flush=-,to=0/30000}{io=0/0,kio=0,kro=1}->HttpConnection@65fa8c24[p=HttpParser{s=CONTENT,0 of 314},g=HttpGenerator@307be154{s=START}]=>HttpChannelOverHttp@c28598b{s=HttpChannelState@5bb2823f{s=IDLE rs=BLOCKING os=OPEN is=IDLE awp=false se=false i=true al=0},r=2,c=false/false,a=IDLE,uri=//localhost:38858/EchoServlet,age=1}}}
[DEBUG] changeInterests p=false 0->1 for SocketChannelEndPoint@77ed8bb4{l=/127.0.0.1:38858,r=/127.0.0.1:42946,OPEN,fill=FI,flush=-,to=0/30000}{io=0/1,kio=0,kro=1}->HttpConnection@65fa8c24[p=HttpParser{s=CONTENT,0 of 314},g=HttpGenerator@307be154{s=START}]=>HttpChannelOverHttp@c28598b{s=HttpChannelState@5bb2823f{s=IDLE rs=BLOCKING os=OPEN is=IDLE awp=false se=false i=true al=0},r=2,c=false/false,a=IDLE,uri=//localhost:38858/EchoServlet,age=1}
[DEBUG] Queued change lazy=false org.eclipse.jetty.io.ChannelEndPoint$$Lambda$475/1524159954@4e3d0664 on ManagedSelector@129b4fe2{STARTED} id=0 keys=5 selected=0 updates=0
[DEBUG] Wakeup on submit ManagedSelector@129b4fe2{STARTED} id=0 keys=5 selected=0 updates=1
[DEBUG] Selector sun.nio.ch.EPollSelectorImpl@54609eb7 woken with none selected
[DEBUG] Selector sun.nio.ch.EPollSelectorImpl@54609eb7 woken up from select, 0/0/5 selected
[DEBUG] Selector sun.nio.ch.EPollSelectorImpl@54609eb7 processing 0 keys, 1 updates
[DEBUG] updateable 1
[DEBUG] update org.eclipse.jetty.io.ChannelEndPoint$$Lambda$475/1524159954@4e3d0664
[DEBUG] Key interests updated 0 -> 1 on SocketChannelEndPoint@77ed8bb4{l=/127.0.0.1:38858,r=/127.0.0.1:42946,OPEN,fill=FI,flush=-,to=0/30000}{io=1/1,kio=1,kro=1}->HttpConnection@65fa8c24[p=HttpParser{s=CONTENT,0 of 314},g=HttpGenerator@307be154{s=START}]=>HttpChannelOverHttp@c28598b{s=HttpChannelState@5bb2823f{s=IDLE rs=BLOCKING os=OPEN is=IDLE awp=false se=false i=true al=0},r=2,c=false/false,a=IDLE,uri=//localhost:38858/EchoServlet,age=1}
[DEBUG] updates 0
[DEBUG] Selector sun.nio.ch.EPollSelectorImpl@54609eb7 waiting with 5 keys
[DEBUG] Selector sun.nio.ch.EPollSelectorImpl@54609eb7 woken up from select, 1/1/5 selected
[DEBUG] Selector sun.nio.ch.EPollSelectorImpl@54609eb7 processing 1 keys, 0 updates
[DEBUG] selected 1 sun.nio.ch.SelectionKeyImpl@47978a93 SocketChannelEndPoint@77ed8bb4{l=/127.0.0.1:38858,r=/127.0.0.1:42946,OPEN,fill=FI,flush=-,to=0/30000}{io=1/1,kio=1,kro=1}->HttpConnection@65fa8c24[p=HttpParser{s=CONTENT,0 of 314},g=HttpGenerator@307be154{s=START}]=>HttpChannelOverHttp@c28598b{s=HttpChannelState@5bb2823f{s=IDLE rs=BLOCKING os=OPEN is=IDLE awp=false se=false i=true al=0},r=2,c=false/false,a=IDLE,uri=//localhost:38858/EchoServlet,age=1} 
[DEBUG] onSelected 1->0 r=true w=false for SocketChannelEndPoint@77ed8bb4{l=/127.0.0.1:38858,r=/127.0.0.1:42946,OPEN,fill=FI,flush=-,to=0/30000}{io=1/0,kio=1,kro=1}->HttpConnection@65fa8c24[p=HttpParser{s=CONTENT,0 of 314},g=HttpGenerator@307be154{s=START}]=>HttpChannelOverHttp@c28598b{s=HttpChannelState@5bb2823f{s=IDLE rs=BLOCKING os=OPEN is=IDLE awp=false se=false i=true al=0},r=2,c=false/false,a=IDLE,uri=//localhost:38858/EchoServlet,age=1}
[DEBUG] task CEP:SocketChannelEndPoint@77ed8bb4{l=/127.0.0.1:38858,r=/127.0.0.1:42946,OPEN,fill=FI,flush=-,to=0/30000}{io=1/0,kio=1,kro=1}->HttpConnection@65fa8c24[p=HttpParser{s=CONTENT,0 of 314},g=HttpGenerator@307be154{s=START}]=>HttpChannelOverHttp@c28598b{s=HttpChannelState@5bb2823f{s=IDLE rs=BLOCKING os=OPEN is=IDLE awp=false se=false i=true al=0},r=2,c=false/false,a=IDLE,uri=//localhost:38858/EchoServlet,age=1}:runFillable:BLOCKING
[DEBUG] ReservedThreadExecutor@7ec3394b{s=1/1,p=0} tryExecute EatWhatYouKill@4febb875/SelectorProducer@cb191ca/PRODUCING/p=false/QueuedThreadPool[qtp487792155]@1d131e1b{STARTED,8<=9<=200,i=5,r=-1,q=0}[ReservedThreadExecutor@7ec3394b{s=1/1,p=0}][pc=0,pic=0,pec=1,epc=11]@2021-09-20T19:30:12.437Z
[DEBUG] ReservedThreadExecutor@7ec3394b{s=0/1,p=0}@5cdb76b3 offer EatWhatYouKill@4febb875/SelectorProducer@cb191ca/PRODUCING/p=false/QueuedThreadPool[qtp487792155]@1d131e1b{STARTED,8<=9<=200,i=5,r=-1,q=0}[ReservedThreadExecutor@7ec3394b{s=0/1,p=0}][pc=0,pic=0,pec=1,epc=11]@2021-09-20T19:30:12.438Z
[DEBUG] ReservedThreadExecutor@7ec3394b{s=0/1,p=1} startReservedThread p=1
[DEBUG] queue ReservedThreadExecutor@7ec3394b{s=0/1,p=1}@35438a86 startThread=0
[DEBUG] EatWhatYouKill@4febb875/SelectorProducer@cb191ca/IDLE/p=true/QueuedThreadPool[qtp487792155]@1d131e1b{STARTED,8<=9<=200,i=4,r=-1,q=0}[ReservedThreadExecutor@7ec3394b{s=0/1,p=1}][pc=0,pic=0,pec=1,epc=11]@2021-09-20T19:30:12.438Z m=EXECUTE_PRODUCE_CONSUME t=CEP:SocketChannelEndPoint@77ed8bb4{l=/127.0.0.1:38858,r=/127.0.0.1:42946,OPEN,fill=FI,flush=-,to=1/30000}{io=1/0,kio=1,kro=1}->HttpConnection@65fa8c24[p=HttpParser{s=CONTENT,0 of 314},g=HttpGenerator@307be154{s=START}]=>HttpChannelOverHttp@c28598b{s=HttpChannelState@5bb2823f{s=IDLE rs=BLOCKING os=OPEN is=IDLE awp=false se=false i=true al=0},r=2,c=false/false,a=IDLE,uri=//localhost:38858/EchoServlet,age=2}:runFillable:BLOCKING/BLOCKING
[DEBUG] fillable FillInterest@7f973e1e{AC.ReadCB@65fa8c24{HttpConnection@65fa8c24::SocketChannelEndPoint@77ed8bb4{l=/127.0.0.1:38858,r=/127.0.0.1:42946,OPEN,fill=FI,flush=-,to=1/30000}{io=1/0,kio=1,kro=1}->HttpConnection@65fa8c24[p=HttpParser{s=CONTENT,0 of 314},g=HttpGenerator@307be154{s=START}]=>HttpChannelOverHttp@c28598b{s=HttpChannelState@5bb2823f{s=IDLE rs=BLOCKING os=OPEN is=IDLE awp=false se=false i=true al=0},r=2,c=false/false,a=IDLE,uri=//localhost:38858/EchoServlet,age=2}}}
[DEBUG] HttpConnection@65fa8c24::SocketChannelEndPoint@77ed8bb4{l=/127.0.0.1:38858,r=/127.0.0.1:42946,OPEN,fill=-,flush=-,to=1/30000}{io=1/0,kio=1,kro=1}->HttpConnection@65fa8c24[p=HttpParser{s=CONTENT,0 of 314},g=HttpGenerator@307be154{s=START}]=>HttpChannelOverHttp@c28598b{s=HttpChannelState@5bb2823f{s=IDLE rs=BLOCKING os=OPEN is=IDLE awp=false se=false i=true al=0},r=2,c=false/false,a=IDLE,uri=//localhost:38858/EchoServlet,age=2} onFillable enter HttpChannelState@5bb2823f{s=IDLE rs=BLOCKING os=OPEN is=IDLE awp=false se=false i=true al=0} null
[DEBUG] filled 314 HeapByteBuffer@41e05b38[p=0,l=314,c=8192,r=314]={<<<--H36Erqx1XJwJoslg2uVlno-...Joslg2uVlno-dI7gZzWu1-->>>\x00\x00\x00\x00\x00\x00\x00\x00\x00...\x00\x00\x00\x00\x00\x00\x00}
[DEBUG] HttpConnection@65fa8c24::SocketChannelEndPoint@77ed8bb4{l=/127.0.0.1:38858,r=/127.0.0.1:42946,OPEN,fill=-,flush=-,to=0/30000}{io=1/0,kio=1,kro=1}->HttpConnection@65fa8c24[p=HttpParser{s=CONTENT,0 of 314},g=HttpGenerator@307be154{s=START}]=>HttpChannelOverHttp@c28598b{s=HttpChannelState@5bb2823f{s=IDLE rs=BLOCKING os=OPEN is=IDLE awp=false se=false i=true al=0},r=2,c=false/false,a=IDLE,uri=//localhost:38858/EchoServlet,age=2} filled 314 HeapByteBuffer@41e05b38[p=0,l=314,c=8192,r=314]={<<<--H36Erqx1XJwJoslg2uVlno-...Joslg2uVlno-dI7gZzWu1-->>>\x00\x00\x00\x00\x00\x00\x00\x00\x00...\x00\x00\x00\x00\x00\x00\x00}
[DEBUG] HttpConnection@65fa8c24::SocketChannelEndPoint@77ed8bb4{l=/127.0.0.1:38858,r=/127.0.0.1:42946,OPEN,fill=-,flush=-,to=0/30000}{io=1/0,kio=1,kro=1}->HttpConnection@65fa8c24[p=HttpParser{s=CONTENT,0 of 314},g=HttpGenerator@307be154{s=START}]=>HttpChannelOverHttp@c28598b{s=HttpChannelState@5bb2823f{s=IDLE rs=BLOCKING os=OPEN is=IDLE awp=false se=false i=true al=0},r=2,c=false/false,a=IDLE,uri=//localhost:38858/EchoServlet,age=2} parse HeapByteBuffer@41e05b38[p=0,l=314,c=8192,r=314]={<<<--H36Erqx1XJwJoslg2uVlno-...Joslg2uVlno-dI7gZzWu1-->>>\x00\x00\x00\x00\x00\x00\x00\x00\x00...\x00\x00\x00\x00\x00\x00\x00} {}
[DEBUG] parseNext s=CONTENT HeapByteBuffer@41e05b38[p=0,l=314,c=8192,r=314]={<<<--H36Erqx1XJwJoslg2uVlno-...Joslg2uVlno-dI7gZzWu1-->>>\x00\x00\x00\x00\x00\x00\x00\x00\x00...\x00\x00\x00\x00\x00\x00\x00}
[DEBUG] onContent HttpChannelOverHttp@c28598b{s=HttpChannelState@5bb2823f{s=IDLE rs=BLOCKING os=OPEN is=IDLE awp=false se=false i=true al=0},r=2,c=false/false,a=IDLE,uri=//localhost:38858/EchoServlet,age=2} Content@38c880ef{HeapByteBufferR@aeb344e[p=0,l=314,c=8192,r=314]={<<<--H36Erqx1XJwJoslg2uVlno-...Joslg2uVlno-dI7gZzWu1-->>>\x00\x00\x00\x00\x00\x00\x00\x00\x00...\x00\x00\x00\x00\x00\x00\x00}}
[DEBUG] HttpInputOverHTTP@2b9fd7c2[c=0,q=0,[0]=null,s=STREAM] addContent Content@38c880ef{HeapByteBufferR@aeb344e[p=0,l=314,c=8192,r=314]={<<<--H36Erqx1XJwJoslg2uVlno-...Joslg2uVlno-dI7gZzWu1-->>>\x00\x00\x00\x00\x00\x00\x00\x00\x00...\x00\x00\x00\x00\x00\x00\x00}}
[DEBUG] ReservedThreadExecutor@7ec3394b{s=0/1,p=1}@5cdb76b3 task=EatWhatYouKill@4febb875/SelectorProducer@cb191ca/IDLE/p=true/QueuedThreadPool[qtp487792155]@1d131e1b{STARTED,8<=9<=200,i=4,r=-1,q=0}[ReservedThreadExecutor@7ec3394b{s=0/1,p=1}][pc=0,pic=0,pec=1,epc=12]@2021-09-20T19:30:12.439Z
[DEBUG] EatWhatYouKill@4febb875/SelectorProducer@cb191ca/IDLE/p=true/QueuedThreadPool[qtp487792155]@1d131e1b{STARTED,8<=9<=200,i=4,r=-1,q=0}[ReservedThreadExecutor@7ec3394b{s=0/1,p=1}][pc=0,pic=0,pec=1,epc=12]@2021-09-20T19:30:12.439Z tryProduce true
[DEBUG] updateable 0
[DEBUG] updates 0
[DEBUG] run ReservedThreadExecutor@7ec3394b{s=0/1,p=1}@35438a86 in QueuedThreadPool[qtp487792155]@1d131e1b{STARTED,8<=9<=200,i=4,r=-1,q=0}[ReservedThreadExecutor@7ec3394b{s=0/1,p=1}]
[DEBUG] ReservedThreadExecutor@7ec3394b{s=1/1,p=1}@35438a86 started
[DEBUG] ReservedThreadExecutor@7ec3394b{s=1/1,p=0}@35438a86 waiting
[DEBUG] Key interests updated 1 -> 0 on SocketChannelEndPoint@77ed8bb4{l=/127.0.0.1:38858,r=/127.0.0.1:42946,OPEN,fill=-,flush=-,to=0/30000}{io=0/0,kio=0,kro=1}->HttpConnection@65fa8c24[p=HttpParser{s=CONTENT,314 of 314},g=HttpGenerator@307be154{s=START}]=>HttpChannelOverHttp@c28598b{s=HttpChannelState@5bb2823f{s=IDLE rs=BLOCKING os=OPEN is=IDLE awp=false se=false i=true al=0},r=2,c=false/false,a=IDLE,uri=//localhost:38858/EchoServlet,age=3}
[DEBUG] Selector sun.nio.ch.EPollSelectorImpl@54609eb7 waiting with 5 keys
[DEBUG] HttpConnection@65fa8c24::SocketChannelEndPoint@77ed8bb4{l=/127.0.0.1:38858,r=/127.0.0.1:42946,OPEN,fill=-,flush=-,to=0/30000}{io=1/0,kio=1,kro=1}->HttpConnection@65fa8c24[p=HttpParser{s=CONTENT,314 of 314},g=HttpGenerator@307be154{s=START}]=>HttpChannelOverHttp@c28598b{s=HttpChannelState@5bb2823f{s=IDLE rs=BLOCKING os=OPEN is=IDLE awp=false se=false i=true al=0},r=2,c=false/false,a=IDLE,uri=//localhost:38858/EchoServlet,age=2} parsed true HttpParser{s=CONTENT,314 of 314}
[DEBUG] handle //localhost:38858/EchoServlet HttpChannelOverHttp@c28598b{s=HttpChannelState@5bb2823f{s=IDLE rs=BLOCKING os=OPEN is=IDLE awp=false se=false i=true al=0},r=2,c=false/false,a=IDLE,uri=//localhost:38858/EchoServlet,age=3} 
[DEBUG] handling HttpChannelState@5bb2823f{s=IDLE rs=BLOCKING os=OPEN is=IDLE awp=false se=false i=true al=0}
[DEBUG] action DISPATCH HttpChannelOverHttp@c28598b{s=HttpChannelState@5bb2823f{s=HANDLING rs=BLOCKING os=OPEN is=IDLE awp=false se=false i=true al=0},r=2,c=false/false,a=HANDLING,uri=//localhost:38858/EchoServlet,age=3}
[DEBUG] REQUEST POST /EchoServlet on HttpChannelOverHttp@c28598b{s=HttpChannelState@5bb2823f{s=HANDLING rs=BLOCKING os=OPEN is=IDLE awp=false se=false i=true al=0},r=2,c=false/false,a=HANDLING,uri=//localhost:38858/EchoServlet,age=3}
[DEBUG] servlet null|/EchoServlet|null -> org.jsoup.integration.servlets.EchoServlet-422c3c7a==org.jsoup.integration.servlets.EchoServlet@66e2fba5{jsp=null,order=-1,inst=true,async=true,src=EMBEDDED:null,STARTED}
[DEBUG] chain=null
[DEBUG] write(array HeapByteBuffer@74357366[p=0,l=235,c=512,r=235]={<<<<title>Webserver Environm...\n    <table border="0">>>>\x00\x00\x00\x00\x00\x00\x00\x00\x00...\x00\x00\x00\x00\x00\x00\x00})
[DEBUG] write(array) s=OPEN,api=BLOCKING,sc=false,e=null aggregated !flush DirectByteBuffer@577d71b2[p=0,l=235,c=32768,r=235]={<<<<title>Webserver Environm...\n    <table border="0">>>>et eget, ...gue. Pr}
[DEBUG] write(array HeapByteBuffer@5d8bd0dc[p=0,l=37,c=512,r=37]={<<<<tr><th>Method</th><td>POST</td></tr>>>>s</title>...\x00\x00\x00\x00\x00\x00\x00})
[DEBUG] write(array) s=OPEN,api=BLOCKING,sc=false,e=null aggregated !flush DirectByteBuffer@577d71b2[p=0,l=272,c=32768,r=272]={<<<<title>Webserver Environm...</th><td>POST</td></tr>>>>rci. <b>I...gue. Pr}
[DEBUG] write(array HeapByteBuffer@21b8fc7a[p=0,l=1,c=512,r=1]={<<<\n>>>tr><th>Me...\x00\x00\x00\x00\x00\x00\x00})
[DEBUG] write(array) s=OPEN,api=BLOCKING,sc=false,e=null aggregated !flush DirectByteBuffer@577d71b2[p=0,l=273,c=32768,r=273]={<<<<title>Webserver Environm.../th><td>POST</td></tr>\n>>>ci. <b>In...gue. Pr}
[DEBUG] write(array HeapByteBuffer@72a2f547[p=0,l=50,c=512,r=50]={<<<<tr><th>Request URI</th><...>/EchoServlet</td></tr>>>> <style t...\x00\x00\x00\x00\x00\x00\x00})
[DEBUG] write(array) s=OPEN,api=BLOCKING,sc=false,e=null aggregated !flush DirectByteBuffer@577d71b2[p=0,l=323,c=32768,r=323]={<<<<title>Webserver Environm...>/EchoServlet</td></tr>>>>cipit sod...gue. Pr}
[DEBUG] write(array HeapByteBuffer@2dd31636[p=0,l=1,c=512,r=1]={<<<\n>>>tr><th>Re...\x00\x00\x00\x00\x00\x00\x00})
[DEBUG] write(array) s=OPEN,api=BLOCKING,sc=false,e=null aggregated !flush DirectByteBuffer@577d71b2[p=0,l=324,c=32768,r=324]={<<<<title>Webserver Environm.../EchoServlet</td></tr>\n>>>ipit soda...gue. Pr}
[DEBUG] write(array HeapByteBuffer@2e5d3e60[p=0,l=39,c=512,r=39]={<<<<tr><th>Query String</th><td></td></tr>>>>t</td></t...\x00\x00\x00\x00\x00\x00\x00})
[DEBUG] write(array) s=OPEN,api=BLOCKING,sc=false,e=null aggregated !flush DirectByteBuffer@577d71b2[p=0,l=363,c=32768,r=363]={<<<<title>Webserver Environm...ring</th><td></td></tr>>>>t pede fa...gue. Pr}
[DEBUG] write(array HeapByteBuffer@48e04cfd[p=0,l=1,c=512,r=1]={<<<\n>>>tr><th>Qu...\x00\x00\x00\x00\x00\x00\x00})
[DEBUG] write(array) s=OPEN,api=BLOCKING,sc=false,e=null aggregated !flush DirectByteBuffer@577d71b2[p=0,l=364,c=32768,r=364]={<<<<title>Webserver Environm...ing</th><td></td></tr>\n>>> pede fac...gue. Pr}
[DEBUG] write(array HeapByteBuffer@2d8d906b[p=0,l=85,c=512,r=85]={<<<<tr><th>Accept</th><td>te....2, */*; q=.2</td></tr>>>>, td, th ...\x00\x00\x00\x00\x00\x00\x00})
[DEBUG] write(array) s=OPEN,api=BLOCKING,sc=false,e=null aggregated !flush DirectByteBuffer@577d71b2[p=0,l=449,c=32768,r=449]={<<<<title>Webserver Environm....2, */*; q=.2</td></tr>>>>s at, neq...gue. Pr}
[DEBUG] write(array HeapByteBuffer@18da414a[p=0,l=1,c=512,r=1]={<<<\n>>>tr><th>Ac...\x00\x00\x00\x00\x00\x00\x00})
[DEBUG] write(array) s=OPEN,api=BLOCKING,sc=false,e=null aggregated !flush DirectByteBuffer@577d71b2[p=0,l=450,c=32768,r=450]={<<<<title>Webserver Environm...2, */*; q=.2</td></tr>\n>>> at, nequ...gue. Pr}
[DEBUG] write(array HeapByteBuffer@5fb3c20f[p=0,l=158,c=512,r=158]={<<<<tr><th>User-Agent</th><t...Safari/537.36</td></tr>>>>th {font-...\x00\x00\x00\x00\x00\x00\x00})
[DEBUG] write(array) s=OPEN,api=BLOCKING,sc=false,e=null aggregated !flush DirectByteBuffer@577d71b2[p=0,l=608,c=32768,r=608]={<<<<title>Webserver Environm...Safari/537.36</td></tr>>>>mus conse...gue. Pr}
[DEBUG] write(array HeapByteBuffer@15feeaa0[p=0,l=1,c=512,r=1]={<<<\n>>>tr><th>Us...\x00\x00\x00\x00\x00\x00\x00})
[DEBUG] write(array) s=OPEN,api=BLOCKING,sc=false,e=null aggregated !flush DirectByteBuffer@577d71b2[p=0,l=609,c=32768,r=609]={<<<<title>Webserver Environm...afari/537.36</td></tr>\n>>>us consec...gue. Pr}
[DEBUG] write(array HeapByteBuffer@54313ebc[p=0,l=47,c=512,r=47]={<<<<tr><th>Connection</th><td>keep-alive</td></tr>>>>sh; Intel...\x00\x00\x00\x00\x00\x00\x00})
[DEBUG] write(array) s=OPEN,api=BLOCKING,sc=false,e=null aggregated !flush DirectByteBuffer@577d71b2[p=0,l=656,c=32768,r=656]={<<<<title>Webserver Environm...td>keep-alive</td></tr>>>> ipsum do...gue. Pr}
[DEBUG] write(array HeapByteBuffer@1eabf561[p=0,l=1,c=512,r=1]={<<<\n>>>tr><th>Co...\x00\x00\x00\x00\x00\x00\x00})
[DEBUG] write(array) s=OPEN,api=BLOCKING,sc=false,e=null aggregated !flush DirectByteBuffer@577d71b2[p=0,l=657,c=32768,r=657]={<<<<title>Webserver Environm...d>keep-alive</td></tr>\n>>>ipsum dol...gue. Pr}
[DEBUG] write(array HeapByteBuffer@5fc9ef01[p=0,l=46,c=512,r=46]={<<<<tr><th>Host</th><td>localhost:38858</td></tr>>>>>sh; Inte...\x00\x00\x00\x00\x00\x00\x00})
[DEBUG] write(array) s=OPEN,api=BLOCKING,sc=false,e=null aggregated !flush DirectByteBuffer@577d71b2[p=0,l=703,c=32768,r=703]={<<<<title>Webserver Environm...calhost:38858</td></tr>>>>lit. Inte...gue. Pr}
[DEBUG] write(array HeapByteBuffer@3d00b5b2[p=0,l=1,c=512,r=1]={<<<\n>>>tr><th>Ho...\x00\x00\x00\x00\x00\x00\x00})
[DEBUG] write(array) s=OPEN,api=BLOCKING,sc=false,e=null aggregated !flush DirectByteBuffer@577d71b2[p=0,l=704,c=32768,r=704]={<<<<title>Webserver Environm...alhost:38858</td></tr>\n>>>it. Integ...gue. Pr}
[DEBUG] write(array HeapByteBuffer@6019b870[p=0,l=46,c=512,r=46]={<<<<tr><th>Accept-Encoding</th><td>gzip</td></tr>>>>>sh; Inte...\x00\x00\x00\x00\x00\x00\x00})
[DEBUG] write(array) s=OPEN,api=BLOCKING,sc=false,e=null aggregated !flush DirectByteBuffer@577d71b2[p=0,l=750,c=32768,r=750]={<<<<title>Webserver Environm...</th><td>gzip</td></tr>>>>ger id qu...gue. Pr}
[DEBUG] write(array HeapByteBuffer@215849ef[p=0,l=1,c=512,r=1]={<<<\n>>>tr><th>Ac...\x00\x00\x00\x00\x00\x00\x00})
[DEBUG] write(array) s=OPEN,api=BLOCKING,sc=false,e=null aggregated !flush DirectByteBuffer@577d71b2[p=0,l=751,c=32768,r=751]={<<<<title>Webserver Environm.../th><td>gzip</td></tr>\n>>>er id qua...gue. Pr}
[DEBUG] write(array HeapByteBuffer@31791b22[p=0,l=44,c=512,r=44]={<<<<tr><th>Content-Length</th><td>314</td></tr>>>>r>>sh; In...\x00\x00\x00\x00\x00\x00\x00})
[DEBUG] write(array) s=OPEN,api=BLOCKING,sc=false,e=null aggregated !flush DirectByteBuffer@577d71b2[p=0,l=795,c=32768,r=795]={<<<<title>Webserver Environm...h</th><td>314</td></tr>>>>. Sed nis...gue. Pr}
[DEBUG] write(array HeapByteBuffer@96c859a[p=0,l=1,c=512,r=1]={<<<\n>>>tr><th>Co...\x00\x00\x00\x00\x00\x00\x00})
[DEBUG] write(array) s=OPEN,api=BLOCKING,sc=false,e=null aggregated !flush DirectByteBuffer@577d71b2[p=0,l=796,c=32768,r=796]={<<<<title>Webserver Environm...</th><td>314</td></tr>\n>>> Sed nisi...gue. Pr}
[DEBUG] write(array HeapByteBuffer@241b66ff[p=0,l=101,c=512,r=101]={<<<<tr><th>Content-Type</th>...lno-dI7gZzWu1</td></tr>>>> like Gec...\x00\x00\x00\x00\x00\x00\x00})
[DEBUG] write(array) s=OPEN,api=BLOCKING,sc=false,e=null aggregated !flush DirectByteBuffer@577d71b2[p=0,l=897,c=32768,r=897]={<<<<title>Webserver Environm...lno-dI7gZzWu1</td></tr>>>>c tellus ...gue. Pr}
[DEBUG] write(array HeapByteBuffer@47ef54a2[p=0,l=1,c=512,r=1]={<<<\n>>>tr><th>Co...\x00\x00\x00\x00\x00\x00\x00})
[DEBUG] write(array) s=OPEN,api=BLOCKING,sc=false,e=null aggregated !flush DirectByteBuffer@577d71b2[p=0,l=898,c=32768,r=898]={<<<<title>Webserver Environm...no-dI7gZzWu1</td></tr>\n>>> tellus s...gue. Pr}
[DEBUG] HttpConnection@65fa8c24::SocketChannelEndPoint@77ed8bb4{l=/127.0.0.1:38858,r=/127.0.0.1:42946,OPEN,fill=-,flush=-,to=23/30000}{io=0/0,kio=0,kro=1}->HttpConnection@65fa8c24[p=HttpParser{s=CONTENT,314 of 314},g=HttpGenerator@307be154{s=START}]=>HttpChannelOverHttp@c28598b{s=HttpChannelState@5bb2823f{s=HANDLING rs=BLOCKING os=OPEN is=IDLE awp=false se=false i=true al=0},r=2,c=false/false,a=HANDLING,uri=//localhost:38858/EchoServlet,age=25} onFillable exit HttpChannelState@5bb2823f{s=HANDLING rs=BLOCKING os=OPEN is=IDLE awp=false se=false i=true al=0} HeapByteBuffer@41e05b38[p=314,l=314,c=8192,r=0]={--H36Erqx...ZzWu1--<<<>>>\x00\x00\x00\x00\x00\x00\x00\x00\x00...\x00\x00\x00\x00\x00\x00\x00}
[DEBUG] ReservedThreadExecutor@7ec3394b{s=1/1,p=0}@633923a7 size 1 > capacity
[DEBUG] ran ReservedThreadExecutor@7ec3394b{s=1/1,p=0}@633923a7 in QueuedThreadPool[qtp487792155]@1d131e1b{STARTED,8<=9<=200,i=4,r=-1,q=0}[ReservedThreadExecutor@7ec3394b{s=1/1,p=0}]
[DEBUG] newMultiParts LEGACY Request(POST //localhost:38858/EchoServlet)@3e36f776
[DEBUG] HttpInputOverHTTP@2b9fd7c2[c=314,q=0,[0]=null,s=STREAM] read 314 from Content@38c880ef{HeapByteBufferR@aeb344e[p=314,l=314,c=8192,r=0]={--H36Erqx...ZzWu1--<<<>>>\x00\x00\x00\x00\x00\x00\x00\x00\x00...\x00\x00\x00\x00\x00\x00\x00}}
[DEBUG] releaseRequestBuffer HttpConnection@65fa8c24::SocketChannelEndPoint@77ed8bb4{l=/127.0.0.1:38858,r=/127.0.0.1:42946,OPEN,fill=-,flush=-,to=23/30000}{io=0/0,kio=0,kro=1}->HttpConnection@65fa8c24[p=HttpParser{s=CONTENT,314 of 314},g=HttpGenerator@307be154{s=START}]=>HttpChannelOverHttp@c28598b{s=HttpChannelState@5bb2823f{s=HANDLING rs=BLOCKING os=OPEN is=IDLE awp=false se=false i=true al=0},r=2,c=false/false,a=HANDLING,uri=//localhost:38858/EchoServlet,age=26}
[DEBUG] filled 0 HeapByteBuffer@78a30358[p=0,l=0,c=8192,r=0]={<<<>>>POST /Ech...\x00\x00\x00\x00\x00\x00\x00}
[DEBUG] filled 0 HeapByteBuffer@78a30358[p=0,l=0,c=8192,r=0]={<<<>>>POST /Ech...\x00\x00\x00\x00\x00\x00\x00}
[DEBUG] HttpConnection@65fa8c24::SocketChannelEndPoint@77ed8bb4{l=/127.0.0.1:38858,r=/127.0.0.1:42946,OPEN,fill=-,flush=-,to=23/30000}{io=0/0,kio=0,kro=1}->HttpConnection@65fa8c24[p=HttpParser{s=CONTENT,314 of 314},g=HttpGenerator@307be154{s=START}]=>HttpChannelOverHttp@c28598b{s=HttpChannelState@5bb2823f{s=HANDLING rs=BLOCKING os=OPEN is=IDLE awp=false se=false i=true al=0},r=2,c=false/false,a=HANDLING,uri=//localhost:38858/EchoServlet,age=26} filled 0 HeapByteBuffer@78a30358[p=0,l=0,c=8192,r=0]={<<<>>>POST /Ech...\x00\x00\x00\x00\x00\x00\x00}
[DEBUG] HttpConnection@65fa8c24::SocketChannelEndPoint@77ed8bb4{l=/127.0.0.1:38858,r=/127.0.0.1:42946,OPEN,fill=-,flush=-,to=24/30000}{io=0/0,kio=0,kro=1}->HttpConnection@65fa8c24[p=HttpParser{s=CONTENT,314 of 314},g=HttpGenerator@307be154{s=START}]=>HttpChannelOverHttp@c28598b{s=HttpChannelState@5bb2823f{s=HANDLING rs=BLOCKING os=OPEN is=IDLE awp=false se=false i=true al=0},r=2,c=false/false,a=HANDLING,uri=//localhost:38858/EchoServlet,age=26} parse HeapByteBuffer@78a30358[p=0,l=0,c=8192,r=0]={<<<>>>POST /Ech...\x00\x00\x00\x00\x00\x00\x00} {}
[DEBUG] parseNext s=CONTENT HeapByteBuffer@78a30358[p=0,l=0,c=8192,r=0]={<<<>>>POST /Ech...\x00\x00\x00\x00\x00\x00\x00}
[DEBUG] CONTENT --> CONTENT_END
[DEBUG] onContentComplete HttpChannelOverHttp@c28598b{s=HttpChannelState@5bb2823f{s=HANDLING rs=BLOCKING os=OPEN is=IDLE awp=false se=false i=true al=0},r=2,c=false/false,a=HANDLING,uri=//localhost:38858/EchoServlet,age=26}
[DEBUG] CONTENT_END --> END
[DEBUG] onRequestComplete HttpChannelOverHttp@c28598b{s=HttpChannelState@5bb2823f{s=HANDLING rs=BLOCKING os=OPEN is=IDLE awp=false se=false i=true al=0},r=2,c=false/false,a=HANDLING,uri=//localhost:38858/EchoServlet,age=26}
[DEBUG] HttpInputOverHTTP@2b9fd7c2[c=314,q=0,[0]=null,s=STREAM] addContent EOF
[DEBUG] HttpConnection@65fa8c24::SocketChannelEndPoint@77ed8bb4{l=/127.0.0.1:38858,r=/127.0.0.1:42946,OPEN,fill=-,flush=-,to=24/30000}{io=0/0,kio=0,kro=1}->HttpConnection@65fa8c24[p=HttpParser{s=END,314 of 314},g=HttpGenerator@307be154{s=START}]=>HttpChannelOverHttp@c28598b{s=HttpChannelState@5bb2823f{s=HANDLING rs=BLOCKING os=OPEN is=IDLE awp=false se=false i=true al=0},r=2,c=false/false,a=HANDLING,uri=//localhost:38858/EchoServlet,age=26} parsed false HttpParser{s=END,314 of 314}
[DEBUG] releaseRequestBuffer HttpConnection@65fa8c24::SocketChannelEndPoint@77ed8bb4{l=/127.0.0.1:38858,r=/127.0.0.1:42946,OPEN,fill=-,flush=-,to=37/30000}{io=0/0,kio=0,kro=1}->HttpConnection@65fa8c24[p=HttpParser{s=END,314 of 314},g=HttpGenerator@307be154{s=START}]=>HttpChannelOverHttp@c28598b{s=HttpChannelState@5bb2823f{s=HANDLING rs=BLOCKING os=OPEN is=IDLE awp=false se=false i=true al=0},r=2,c=false/false,a=HANDLING,uri=//localhost:38858/EchoServlet,age=40}
[DEBUG] onEof HttpChannelState@5bb2823f{s=HANDLING rs=BLOCKING os=OPEN is=IDLE awp=false se=false i=true al=0}
[DEBUG] onEof HttpChannelState@5bb2823f{s=HANDLING rs=BLOCKING os=OPEN is=READY awp=false se=false i=true al=0}
[DEBUG] write(array HeapByteBuffer@531be57f[p=0,l=47,c=512,r=47]={<<<<tr><th>uname</th><td>Jsoup, Jonathan</td></tr>>>>a; bounda...\x00\x00\x00\x00\x00\x00\x00})
[DEBUG] write(array) s=OPEN,api=BLOCKING,sc=false,e=null aggregated !flush DirectByteBuffer@577d71b2[p=0,l=945,c=32768,r=945]={<<<<title>Webserver Environm...oup, Jonathan</td></tr>>>>estibulum...gue. Pr}
[DEBUG] write(array HeapByteBuffer@2c485d7d[p=0,l=1,c=512,r=1]={<<<\n>>>tr><th>un...\x00\x00\x00\x00\x00\x00\x00})
[DEBUG] write(array) s=OPEN,api=BLOCKING,sc=false,e=null aggregated !flush DirectByteBuffer@577d71b2[p=0,l=946,c=32768,r=946]={<<<<title>Webserver Environm...up, Jonathan</td></tr>\n>>>stibulum ...gue. Pr}
[DEBUG] write(array HeapByteBuffer@113f5612[p=0,l=39,c=512,r=39]={<<<<tr><th>\xE7\x99\xBe</th><td>\xE5\xBa\xA6\xE4\xB8\x80\xE4\xB8\x8b</td></tr>>>>td></tr>a...\x00\x00\x00\x00\x00\x00\x00})
[DEBUG] write(array) s=OPEN,api=BLOCKING,sc=false,e=null aggregated !flush DirectByteBuffer@577d71b2[p=0,l=985,c=32768,r=985]={<<<<title>Webserver Environm...<td>\xE5\xBa\xA6\xE4\xB8\x80\xE4\xB8\x8b</td></tr>>>> aptent t...gue. Pr}
[DEBUG] write(array HeapByteBuffer@183b9e04[p=0,l=1,c=512,r=1]={<<<\n>>>tr><th>\xE7\x99...\x00\x00\x00\x00\x00\x00\x00})
[DEBUG] write(array) s=OPEN,api=BLOCKING,sc=false,e=null aggregated !flush DirectByteBuffer@577d71b2[p=0,l=986,c=32768,r=986]={<<<<title>Webserver Environm...td>\xE5\xBa\xA6\xE4\xB8\x80\xE4\xB8\x8b</td></tr>\n>>>aptent ta...gue. Pr}
[DEBUG] onEof HttpChannelState@5bb2823f{s=HANDLING rs=BLOCKING os=OPEN is=READY awp=false se=false i=true al=0}
[DEBUG] write(array HeapByteBuffer@1487a061[p=0,l=33,c=512,r=33]={<<<<tr><th>Parts</th><td>3</td></tr>>>>></tr>td>...\x00\x00\x00\x00\x00\x00\x00})
[DEBUG] write(array) s=OPEN,api=BLOCKING,sc=false,e=null aggregated !flush DirectByteBuffer@577d71b2[p=0,l=1019,c=32768,r=1019]={<<<<title>Webserver Environm...rts</th><td>3</td></tr>>>>torquent ...gue. Pr}
[DEBUG] write(array HeapByteBuffer@7a4ab439[p=0,l=1,c=512,r=1]={<<<\n>>>tr><th>Pa...\x00\x00\x00\x00\x00\x00\x00})
[DEBUG] write(array) s=OPEN,api=BLOCKING,sc=false,e=null aggregated !flush DirectByteBuffer@577d71b2[p=0,l=1020,c=32768,r=1020]={<<<<title>Webserver Environm...ts</th><td>3</td></tr>\n>>>orquent p...gue. Pr}
[DEBUG] write(array HeapByteBuffer@112ef2a4[p=0,l=49,c=512,r=49]={<<<<tr><th>Part uname Conten...Type</th><td></td></tr>>>> boundary...\x00\x00\x00\x00\x00\x00\x00})
[DEBUG] write(array) s=OPEN,api=BLOCKING,sc=false,e=null aggregated !flush DirectByteBuffer@577d71b2[p=0,l=1069,c=32768,r=1069]={<<<<title>Webserver Environm...Type</th><td></td></tr>>>>s. </p>\n\n...gue. Pr}
[DEBUG] write(array HeapByteBuffer@55a1953b[p=0,l=1,c=512,r=1]={<<<\n>>>tr><th>Pa...\x00\x00\x00\x00\x00\x00\x00})
[DEBUG] write(array) s=OPEN,api=BLOCKING,sc=false,e=null aggregated !flush DirectByteBuffer@577d71b2[p=0,l=1070,c=32768,r=1070]={<<<<title>Webserver Environm...ype</th><td></td></tr>\n>>>. </p>\n\n<...gue. Pr}
[DEBUG] write(array HeapByteBuffer@7c0ca346[p=0,l=47,c=512,r=47]={<<<<tr><th>Part uname Name</th><td>uname</td></tr>>>>r> bounda...\x00\x00\x00\x00\x00\x00\x00})
[DEBUG] write(array) s=OPEN,api=BLOCKING,sc=false,e=null aggregated !flush DirectByteBuffer@577d71b2[p=0,l=1117,c=32768,r=1117]={<<<<title>Webserver Environm.../th><td>uname</td></tr>>>>Sed digni...gue. Pr}
[DEBUG] write(array HeapByteBuffer@53c82b82[p=0,l=1,c=512,r=1]={<<<\n>>>tr><th>Pa...\x00\x00\x00\x00\x00\x00\x00})
[DEBUG] write(array) s=OPEN,api=BLOCKING,sc=false,e=null aggregated !flush DirectByteBuffer@577d71b2[p=0,l=1118,c=32768,r=1118]={<<<<title>Webserver Environm...th><td>uname</td></tr>\n>>>ed dignis...gue. Pr}
[DEBUG] write(array HeapByteBuffer@3595588d[p=0,l=46,c=512,r=46]={<<<<tr><th>Part uname Filename</th><td></td></tr>>>>>r> bound...\x00\x00\x00\x00\x00\x00\x00})
[DEBUG] write(array) s=OPEN,api=BLOCKING,sc=false,e=null aggregated !flush DirectByteBuffer@577d71b2[p=0,l=1164,c=32768,r=1164]={<<<<title>Webserver Environm...name</th><td></td></tr>>>>i>Ut eu d...gue. Pr}
[DEBUG] write(array HeapByteBuffer@6c441b49[p=0,l=1,c=512,r=1]={<<<\n>>>tr><th>Pa...\x00\x00\x00\x00\x00\x00\x00})
[DEBUG] write(array) s=OPEN,api=BLOCKING,sc=false,e=null aggregated !flush DirectByteBuffer@577d71b2[p=0,l=1165,c=32768,r=1165]={<<<<title>Webserver Environm...ame</th><td></td></tr>\n>>>>Ut eu di...gue. Pr}
[DEBUG] write(array HeapByteBuffer@75cb8314[p=0,l=43,c=512,r=43]={<<<<tr><th>Part uname Size</th><td>5</td></tr>>>>tr>>r> bo...\x00\x00\x00\x00\x00\x00\x00})
[DEBUG] write(array) s=OPEN,api=BLOCKING,sc=false,e=null aggregated !flush DirectByteBuffer@577d71b2[p=0,l=1208,c=32768,r=1208]={<<<<title>Webserver Environm...ize</th><td>5</td></tr>>>>ellentesq...gue. Pr}
[DEBUG] write(array HeapByteBuffer@67cd2214[p=0,l=1,c=512,r=1]={<<<\n>>>tr><th>Pa...\x00\x00\x00\x00\x00\x00\x00})
[DEBUG] write(array) s=OPEN,api=BLOCKING,sc=false,e=null aggregated !flush DirectByteBuffer@577d71b2[p=0,l=1209,c=32768,r=1209]={<<<<title>Webserver Environm...ze</th><td>5</td></tr>\n>>>llentesqu...gue. Pr}
[DEBUG] write(array HeapByteBuffer@78035f50[p=0,l=49,c=512,r=49]={<<<<tr><th>Part uname Conten...Type</th><td></td></tr>>>> boundary...\x00\x00\x00\x00\x00\x00\x00})
[DEBUG] write(array) s=OPEN,api=BLOCKING,sc=false,e=null aggregated !flush DirectByteBuffer@577d71b2[p=0,l=1258,c=32768,r=1258]={<<<<title>Webserver Environm...Type</th><td></td></tr>>>>at dolor....gue. Pr}
[DEBUG] write(array HeapByteBuffer@34519d4a[p=0,l=1,c=512,r=1]={<<<\n>>>tr><th>Pa...\x00\x00\x00\x00\x00\x00\x00})
[DEBUG] write(array) s=OPEN,api=BLOCKING,sc=false,e=null aggregated !flush DirectByteBuffer@577d71b2[p=0,l=1259,c=32768,r=1259]={<<<<title>Webserver Environm...ype</th><td></td></tr>\n>>>t dolor. ...gue. Pr}
[DEBUG] write(array HeapByteBuffer@1dab7bf7[p=0,l=47,c=512,r=47]={<<<<tr><th>Part uname Name</th><td>uname</td></tr>>>>r> bounda...\x00\x00\x00\x00\x00\x00\x00})
[DEBUG] write(array) s=OPEN,api=BLOCKING,sc=false,e=null aggregated !flush DirectByteBuffer@577d71b2[p=0,l=1306,c=32768,r=1306]={<<<<title>Webserver Environm.../th><td>uname</td></tr>>>>ue sem. P...gue. Pr}
[DEBUG] write(array HeapByteBuffer@13f837d4[p=0,l=1,c=512,r=1]={<<<\n>>>tr><th>Pa...\x00\x00\x00\x00\x00\x00\x00})
[DEBUG] write(array) s=OPEN,api=BLOCKING,sc=false,e=null aggregated !flush DirectByteBuffer@577d71b2[p=0,l=1307,c=32768,r=1307]={<<<<title>Webserver Environm...th><td>uname</td></tr>\n>>>e sem. Pr...gue. Pr}
[DEBUG] write(array HeapByteBuffer@71631324[p=0,l=46,c=512,r=46]={<<<<tr><th>Part uname Filename</th><td></td></tr>>>>>r> bound...\x00\x00\x00\x00\x00\x00\x00})
[DEBUG] write(array) s=OPEN,api=BLOCKING,sc=false,e=null aggregated !flush DirectByteBuffer@577d71b2[p=0,l=1353,c=32768,r=1353]={<<<<title>Webserver Environm...name</th><td></td></tr>>>>tor. Morb...gue. Pr}
[DEBUG] write(array HeapByteBuffer@49e06b8f[p=0,l=1,c=512,r=1]={<<<\n>>>tr><th>Pa...\x00\x00\x00\x00\x00\x00\x00})
[DEBUG] write(array) s=OPEN,api=BLOCKING,sc=false,e=null aggregated !flush DirectByteBuffer@577d71b2[p=0,l=1354,c=32768,r=1354]={<<<<title>Webserver Environm...ame</th><td></td></tr>\n>>>or. Morbi...gue. Pr}
[DEBUG] write(array HeapByteBuffer@f52d587[p=0,l=43,c=512,r=43]={<<<<tr><th>Part uname Size</th><td>8</td></tr>>>>tr>>r> bo...\x00\x00\x00\x00\x00\x00\x00})
[DEBUG] write(array) s=OPEN,api=BLOCKING,sc=false,e=null aggregated !flush DirectByteBuffer@577d71b2[p=0,l=1397,c=32768,r=1397]={<<<<title>Webserver Environm...ize</th><td>8</td></tr>>>>it quis, ...gue. Pr}
[DEBUG] write(array HeapByteBuffer@5dc6152e[p=0,l=1,c=512,r=1]={<<<\n>>>tr><th>Pa...\x00\x00\x00\x00\x00\x00\x00})
[DEBUG] write(array) s=OPEN,api=BLOCKING,sc=false,e=null aggregated !flush DirectByteBuffer@577d71b2[p=0,l=1398,c=32768,r=1398]={<<<<title>Webserver Environm...ze</th><td>8</td></tr>\n>>>t quis, l...gue. Pr}
[DEBUG] write(array HeapByteBuffer@3455d781[p=0,l=47,c=512,r=47]={<<<<tr><th>Part \xE7\x99\xBe ContentType</th><td></td></tr>>>>r> bounda...\x00\x00\x00\x00\x00\x00\x00})
[DEBUG] write(array) s=OPEN,api=BLOCKING,sc=false,e=null aggregated !flush DirectByteBuffer@577d71b2[p=0,l=1445,c=32768,r=1445]={<<<<title>Webserver Environm...Type</th><td></td></tr>>>> ligula l...gue. Pr}
[DEBUG] write(array HeapByteBuffer@7ea37e97[p=0,l=1,c=512,r=1]={<<<\n>>>tr><th>Pa...\x00\x00\x00\x00\x00\x00\x00})
[DEBUG] write(array) s=OPEN,api=BLOCKING,sc=false,e=null aggregated !flush DirectByteBuffer@577d71b2[p=0,l=1446,c=32768,r=1446]={<<<<title>Webserver Environm...ype</th><td></td></tr>\n>>>ligula la...gue. Pr}
[DEBUG] write(array HeapByteBuffer@67446229[p=0,l=43,c=512,r=43]={<<<<tr><th>Part \xE7\x99\xBe Name</th><td>\xE7\x99\xBe</td></tr>>>>/tr>r> bo...\x00\x00\x00\x00\x00\x00\x00})
[DEBUG] write(array) s=OPEN,api=BLOCKING,sc=false,e=null aggregated !flush DirectByteBuffer@577d71b2[p=0,l=1489,c=32768,r=1489]={<<<<title>Webserver Environm...e</th><td>\xE7\x99\xBe</td></tr>>>> metus me...gue. Pr}
[DEBUG] write(array HeapByteBuffer@a46648a[p=0,l=1,c=512,r=1]={<<<\n>>>tr><th>Pa...\x00\x00\x00\x00\x00\x00\x00})
[DEBUG] write(array) s=OPEN,api=BLOCKING,sc=false,e=null aggregated !flush DirectByteBuffer@577d71b2[p=0,l=1490,c=32768,r=1490]={<<<<title>Webserver Environm...</th><td>\xE7\x99\xBe</td></tr>\n>>>metus met...gue. Pr}
[DEBUG] write(array HeapByteBuffer@1035539c[p=0,l=44,c=512,r=44]={<<<<tr><th>Part \xE7\x99\xBe Filename</th><td></td></tr>>>>tr>r> bou...\x00\x00\x00\x00\x00\x00\x00})
[DEBUG] write(array) s=OPEN,api=BLOCKING,sc=false,e=null aggregated !flush DirectByteBuffer@577d71b2[p=0,l=1534,c=32768,r=1534]={<<<<title>Webserver Environm...name</th><td></td></tr>>>> euismod ...gue. Pr}
[DEBUG] write(array HeapByteBuffer@7507d0cb[p=0,l=1,c=512,r=1]={<<<\n>>>tr><th>Pa...\x00\x00\x00\x00\x00\x00\x00})
[DEBUG] write(array) s=OPEN,api=BLOCKING,sc=false,e=null aggregated !flush DirectByteBuffer@577d71b2[p=0,l=1535,c=32768,r=1535]={<<<<title>Webserver Environm...ame</th><td></td></tr>\n>>>euismod i...gue. Pr}
[DEBUG] write(array HeapByteBuffer@3116b168[p=0,l=41,c=512,r=41]={<<<<tr><th>Part \xE7\x99\xBe Size</th><td>9</td></tr>>>>tr>tr>r> ...\x00\x00\x00\x00\x00\x00\x00})
[DEBUG] write(array) s=OPEN,api=BLOCKING,sc=false,e=null aggregated !flush DirectByteBuffer@577d71b2[p=0,l=1576,c=32768,r=1576]={<<<<title>Webserver Environm...ize</th><td>9</td></tr>>>>entum vel...gue. Pr}
[DEBUG] write(array HeapByteBuffer@84df1f4[p=0,l=1,c=512,r=1]={<<<\n>>>tr><th>Pa...\x00\x00\x00\x00\x00\x00\x00})
[DEBUG] write(array) s=OPEN,api=BLOCKING,sc=false,e=null aggregated !flush DirectByteBuffer@577d71b2[p=0,l=1577,c=32768,r=1577]={<<<<title>Webserver Environm...ze</th><td>9</td></tr>\n>>>ntum veli...gue. Pr}
[DEBUG] write(array HeapByteBuffer@32defad2[p=0,l=8,c=512,r=8]={<<<</table>>>>Part \xE7\x99\xBe ...\x00\x00\x00\x00\x00\x00\x00})
[DEBUG] write(array) s=OPEN,api=BLOCKING,sc=false,e=null aggregated !flush DirectByteBuffer@577d71b2[p=0,l=1585,c=32768,r=1585]={<<<<title>Webserver Environm...td>9</td></tr>\n</table>>>>it. </p>\n...gue. Pr}
[DEBUG] write(array HeapByteBuffer@7994e5ca[p=0,l=1,c=512,r=1]={<<<\n>>>/table>Pa...\x00\x00\x00\x00\x00\x00\x00})
[DEBUG] write(array) s=OPEN,api=BLOCKING,sc=false,e=null aggregated !flush DirectByteBuffer@577d71b2[p=0,l=1586,c=32768,r=1586]={<<<<title>Webserver Environm...d>9</td></tr>\n</table>\n>>>t. </p>\n\n...gue. Pr}
[DEBUG] handled=true async=false committed=false on HttpChannelOverHttp@c28598b{s=HttpChannelState@5bb2823f{s=HANDLING rs=BLOCKING os=OPEN is=READY awp=false se=false i=true al=0},r=2,c=false/false,a=HANDLING,uri=//localhost:38858/EchoServlet,age=45}
[DEBUG] unhandle HttpChannelState@5bb2823f{s=HANDLING rs=BLOCKING os=OPEN is=READY awp=false se=false i=true al=0}
[DEBUG] nextAction(false) COMPLETE HttpChannelState@5bb2823f{s=HANDLING rs=COMPLETING os=OPEN is=READY awp=false se=false i=false al=0}
[DEBUG] action COMPLETE HttpChannelOverHttp@c28598b{s=HttpChannelState@5bb2823f{s=HANDLING rs=COMPLETING os=OPEN is=READY awp=false se=false i=false al=0},r=2,c=false/false,a=HANDLING,uri=//localhost:38858/EchoServlet,age=47}
[DEBUG] complete(org.eclipse.jetty.util.Callback$3@7d0d8661) s=CLOSING,api=BLOCKED,sc=false,e=null s=false e=null, c=DirectByteBuffer@577d71b2[p=0,l=1586,c=32768,r=1586]={<<<<title>Webserver Environm...d>9</td></tr>\n</table>\n>>>t. </p>\n\n...gue. Pr}
[DEBUG] sendResponse info=null content=DirectByteBuffer@577d71b2[p=0,l=1586,c=32768,r=1586]={<<<<title>Webserver Environm...d>9</td></tr>\n</table>\n>>>t. </p>\n\n...gue. Pr} complete=true committing=true callback=org.eclipse.jetty.server.HttpOutput$WriteCompleteCB@1a281a65
[DEBUG] COMMIT for /EchoServlet on HttpChannelOverHttp@c28598b{s=HttpChannelState@5bb2823f{s=HANDLING rs=COMPLETING os=COMMITTED is=READY awp=false se=false i=false al=0},r=2,c=false/false,a=HANDLING,uri=//localhost:38858/EchoServlet,age=47}
200 null HTTP/1.1
Date: Mon, 20 Sep 2021 19:30:12 GMT
Content-Type: text/html;charset=utf-8
Cache-Control: no-cache
Cache-Control: no-store


[DEBUG] generate: NEED_HEADER for SendCallback@606934da[PROCESSING][i=HTTP/1.1{s=200,h=4,cl=-1},cb=org.eclipse.jetty.server.HttpChannel$SendCallback@5f656b98] (null,[p=0,l=1586,c=32768,r=1586],true)@START
[DEBUG] generateHeaders HTTP/1.1{s=200,h=4,cl=-1} last=true content=DirectByteBuffer@577d71b2[p=0,l=1586,c=32768,r=1586]={<<<<title>Webserver Environm...d>9</td></tr>\n</table>\n>>>t. </p>\n\n...gue. Pr}
[DEBUG] Date: Mon, 20 Sep 2021 19:30:12 GMT
Content-Type: text/html;charset=utf-8
Cache-Control: no-cache
Cache-Control: no-store


[DEBUG] CONTENT_LENGTH
[DEBUG] generate: FLUSH for SendCallback@606934da[PROCESSING][i=HTTP/1.1{s=200,h=4,cl=-1},cb=org.eclipse.jetty.server.HttpChannel$SendCallback@5f656b98] ([p=0,l=200,c=8192,r=200],[p=0,l=1586,c=32768,r=1586],true)@COMPLETING
[DEBUG] write: WriteFlusher@6dfe4884{IDLE}->null [HeapByteBuffer@22b9b50d[p=0,l=200,c=8192,r=200]={<<<HTTP/1.1 200 OK\r\nDate: Mo...y(9.4.43.v20210629)\r\n\r\n>>>lhost:388...\x86&h\xA0{\xC1\xC2},DirectByteBuffer@577d71b2[p=0,l=1586,c=32768,r=1586]={<<<<title>Webserver Environm...d>9</td></tr>\n</table>\n>>>t. </p>\n\n...gue. Pr}]
[DEBUG] update WriteFlusher@6dfe4884{WRITING}->null:IDLE-->WRITING
]]></system-out>
  </testcase>
  <testcase name="sendsRequestBodyWithUrlParams" classname="org.jsoup.integration.ConnectTest" time="0.042">
    <system-out><![CDATA[[DEBUG] flushed 1786 SocketChannelEndPoint@77ed8bb4{l=/127.0.0.1:38858,r=/127.0.0.1:42946,OPEN,fill=-,flush=W,to=56/30000}{io=0/0,kio=0,kro=1}->HttpConnection@65fa8c24[p=HttpParser{s=END,314 of 314},g=HttpGenerator@307be154{s=COMPLETING}]=>HttpChannelOverHttp@c28598b{s=HttpChannelState@5bb2823f{s=HANDLING rs=COMPLETING os=COMMITTED is=READY awp=false se=false i=false al=0},r=2,c=false/false,a=HANDLING,uri=//localhost:38858/EchoServlet,age=58}
[DEBUG] Flushed=true written=1786 remaining=0 WriteFlusher@6dfe4884{WRITING}->null
[DEBUG] update WriteFlusher@6dfe4884{IDLE}->null:WRITING-->IDLE
[DEBUG] generate: DONE for SendCallback@606934da[PROCESSING][i=HTTP/1.1{s=200,h=4,cl=-1},cb=org.eclipse.jetty.server.HttpChannel$SendCallback@5f656b98] ([p=200,l=200,c=8192,r=0],[p=1586,l=1586,c=32768,r=0],true)@END
[DEBUG] onWriteComplete(true,null) s=CLOSING,api=BLOCKED,sc=false,e=null->s=CLOSED,api=BLOCKING,sc=false,e=null c=null cb=org.eclipse.jetty.util.Callback$3@7d0d8661 w=false
[DEBUG] completed HttpChannelState@5bb2823f{s=HANDLING rs=COMPLETING os=COMPLETED is=READY awp=false se=false i=false al=0}
[DEBUG] unhandle HttpChannelState@5bb2823f{s=HANDLING rs=COMPLETED os=COMPLETED is=READY awp=false se=false i=false al=0}
[DEBUG] nextAction(false) TERMINATED HttpChannelState@5bb2823f{s=IDLE rs=COMPLETED os=COMPLETED is=READY awp=false se=false i=false al=0}
[DEBUG] action TERMINATED HttpChannelOverHttp@c28598b{s=HttpChannelState@5bb2823f{s=IDLE rs=COMPLETED os=COMPLETED is=READY awp=false se=false i=false al=0},r=2,c=true/true,a=IDLE,uri=//localhost:38858/EchoServlet,age=58}
[DEBUG] onCompleted for /EchoServlet written=1586
[DEBUG] recycle HttpChannelState@5bb2823f{s=IDLE rs=COMPLETED os=COMPLETED is=READY awp=false se=false i=false al=0}
[DEBUG] reset HttpParser{s=END,314 of 314}
[DEBUG] END --> START
[DEBUG] !handle TERMINATED HttpChannelOverHttp@c28598b{s=HttpChannelState@5bb2823f{s=IDLE rs=BLOCKING os=OPEN is=IDLE awp=false se=false i=true al=0},r=2,c=false/false,a=IDLE,uri=null,age=0}
[DEBUG] filled 419 HeapByteBuffer@41e05b38[p=0,l=419,c=8192,r=419]={<<<POST /EchoServlet?uname=J...ngth: 11\r\n\r\n{key:value}>>>\x00\x00\x00\x00\x00\x00\x00\x00\x00...\x00\x00\x00\x00\x00\x00\x00}
[DEBUG] HttpConnection@65fa8c24::SocketChannelEndPoint@77ed8bb4{l=/127.0.0.1:38858,r=/127.0.0.1:42946,OPEN,fill=-,flush=-,to=0/30000}{io=0/0,kio=0,kro=1}->HttpConnection@65fa8c24[p=HttpParser{s=START,0 of -1},g=HttpGenerator@307be154{s=START}]=>HttpChannelOverHttp@c28598b{s=HttpChannelState@5bb2823f{s=IDLE rs=BLOCKING os=OPEN is=IDLE awp=false se=false i=true al=0},r=2,c=false/false,a=IDLE,uri=null,age=0} filled 419 HeapByteBuffer@41e05b38[p=0,l=419,c=8192,r=419]={<<<POST /EchoServlet?uname=J...ngth: 11\r\n\r\n{key:value}>>>\x00\x00\x00\x00\x00\x00\x00\x00\x00...\x00\x00\x00\x00\x00\x00\x00}
[DEBUG] HttpConnection@65fa8c24::SocketChannelEndPoint@77ed8bb4{l=/127.0.0.1:38858,r=/127.0.0.1:42946,OPEN,fill=-,flush=-,to=0/30000}{io=0/0,kio=0,kro=1}->HttpConnection@65fa8c24[p=HttpParser{s=START,0 of -1},g=HttpGenerator@307be154{s=START}]=>HttpChannelOverHttp@c28598b{s=HttpChannelState@5bb2823f{s=IDLE rs=BLOCKING os=OPEN is=IDLE awp=false se=false i=true al=0},r=2,c=false/false,a=IDLE,uri=null,age=0} parse HeapByteBuffer@41e05b38[p=0,l=419,c=8192,r=419]={<<<POST /EchoServlet?uname=J...ngth: 11\r\n\r\n{key:value}>>>\x00\x00\x00\x00\x00\x00\x00\x00\x00...\x00\x00\x00\x00\x00\x00\x00} {}
[DEBUG] parseNext s=START HeapByteBuffer@41e05b38[p=0,l=419,c=8192,r=419]={<<<POST /EchoServlet?uname=J...ngth: 11\r\n\r\n{key:value}>>>\x00\x00\x00\x00\x00\x00\x00\x00\x00...\x00\x00\x00\x00\x00\x00\x00}
[DEBUG] START --> SPACE1
[DEBUG] SPACE1 --> URI
[DEBUG] URI --> SPACE2
[DEBUG] SPACE2 --> REQUEST_VERSION
[DEBUG] REQUEST_VERSION --> HEADER
[DEBUG] HEADER:Accept-Encoding: gzip --> IN_VALUE
[DEBUG] HEADER:Accept-Encoding: gzip --> FIELD
[DEBUG] HEADER:Content-Type: text/plain --> IN_VALUE
[DEBUG] HEADER:Content-Type: text/plain --> FIELD
[DEBUG] HEADER:User-Agent: Mozilla/5.0 (Macintosh; Intel Mac OS X 10_11_4) AppleWebKit/537.36 (KHTML, like Gecko) Chrome/49.0.2623.112 Safari/537.36 --> IN_VALUE
[DEBUG] HEADER:User-Agent: Mozilla/5.0 (Macintosh; Intel Mac OS X 10_11_4) AppleWebKit/537.36 (KHTML, like Gecko) Chrome/49.0.2623.112 Safari/537.36 --> FIELD
[DEBUG] HEADER:Host: localhost:38858 --> IN_VALUE
[DEBUG] HEADER:Host: localhost:38858 --> FIELD
[DEBUG] HEADER:Accept: text/html, image/gif, image/jpeg, *; q=.2, */*; q=.2 --> IN_VALUE
[DEBUG] HEADER:Accept: text/html, image/gif, image/jpeg, *; q=.2, */*; q=.2 --> FIELD
[DEBUG] HEADER:Connection: keep-alive --> IN_VALUE
[DEBUG] HEADER:Connection: keep-alive --> FIELD
[DEBUG] HEADER:Content-Length --> VALUE
[DEBUG] HEADER:Content-Length --> IN_VALUE
[DEBUG] HEADER:Content-Length --> FIELD
[DEBUG] HEADER --> CONTENT
[DEBUG] REQUEST for //localhost:38858/EchoServlet?uname=Jsoup&uname=Jonathan&%E7%99%BE=%E5%BA%A6%E4%B8%80%E4%B8%8B on HttpChannelOverHttp@c28598b{s=HttpChannelState@5bb2823f{s=IDLE rs=BLOCKING os=OPEN is=IDLE awp=false se=false i=true al=0},r=3,c=false/false,a=IDLE,uri=//localhost:38858/EchoServlet?uname=Jsoup&uname=Jonathan&%E7%99%BE=%E5%BA%A6%E4%B8%80%E4%B8%8B,age=0}
POST //localhost:38858/EchoServlet?uname=Jsoup&uname=Jonathan&%E7%99%BE=%E5%BA%A6%E4%B8%80%E4%B8%8B HTTP/1.1
Accept-Encoding: gzip
Content-Type: text/plain
User-Agent: Mozilla/5.0 (Macintosh; Intel Mac OS X 10_11_4) AppleWebKit/537.36 (KHTML, like Gecko) Chrome/49.0.2623.112 Safari/537.36
Host: localhost:38858
Accept: text/html, image/gif, image/jpeg, *; q=.2, */*; q=.2
Connection: keep-alive
Content-Length: 11


[DEBUG] HttpConnection@65fa8c24::SocketChannelEndPoint@77ed8bb4{l=/127.0.0.1:38858,r=/127.0.0.1:42946,OPEN,fill=-,flush=-,to=3/30000}{io=0/0,kio=0,kro=1}->HttpConnection@65fa8c24[p=HttpParser{s=CONTENT,0 of 11},g=HttpGenerator@307be154{s=START}]=>HttpChannelOverHttp@c28598b{s=HttpChannelState@5bb2823f{s=IDLE rs=BLOCKING os=OPEN is=IDLE awp=false se=false i=true al=0},r=3,c=false/false,a=IDLE,uri=//localhost:38858/EchoServlet?uname=Jsoup&uname=Jonathan&%E7%99%BE=%E5%BA%A6%E4%B8%80%E4%B8%8B,age=0} parsed true HttpParser{s=CONTENT,0 of 11}
[DEBUG] handle //localhost:38858/EchoServlet?uname=Jsoup&uname=Jonathan&%E7%99%BE=%E5%BA%A6%E4%B8%80%E4%B8%8B HttpChannelOverHttp@c28598b{s=HttpChannelState@5bb2823f{s=IDLE rs=BLOCKING os=OPEN is=IDLE awp=false se=false i=true al=0},r=3,c=false/false,a=IDLE,uri=//localhost:38858/EchoServlet?uname=Jsoup&uname=Jonathan&%E7%99%BE=%E5%BA%A6%E4%B8%80%E4%B8%8B,age=0} 
[DEBUG] handling HttpChannelState@5bb2823f{s=IDLE rs=BLOCKING os=OPEN is=IDLE awp=false se=false i=true al=0}
[DEBUG] action DISPATCH HttpChannelOverHttp@c28598b{s=HttpChannelState@5bb2823f{s=HANDLING rs=BLOCKING os=OPEN is=IDLE awp=false se=false i=true al=0},r=3,c=false/false,a=HANDLING,uri=//localhost:38858/EchoServlet?uname=Jsoup&uname=Jonathan&%E7%99%BE=%E5%BA%A6%E4%B8%80%E4%B8%8B,age=0}
[DEBUG] REQUEST POST /EchoServlet on HttpChannelOverHttp@c28598b{s=HttpChannelState@5bb2823f{s=HANDLING rs=BLOCKING os=OPEN is=IDLE awp=false se=false i=true al=0},r=3,c=false/false,a=HANDLING,uri=//localhost:38858/EchoServlet?uname=Jsoup&uname=Jonathan&%E7%99%BE=%E5%BA%A6%E4%B8%80%E4%B8%8B,age=0}
[DEBUG] servlet null|/EchoServlet|null -> org.jsoup.integration.servlets.EchoServlet-422c3c7a==org.jsoup.integration.servlets.EchoServlet@66e2fba5{jsp=null,order=-1,inst=true,async=true,src=EMBEDDED:null,STARTED}
[DEBUG] chain=null
[DEBUG] write(array HeapByteBuffer@1017f0b[p=0,l=235,c=512,r=235]={<<<<title>Webserver Environm...\n    <table border="0">>>>\x00\x00\x00\x00\x00\x00\x00\x00\x00...\x00\x00\x00\x00\x00\x00\x00})
[DEBUG] write(array) s=OPEN,api=BLOCKING,sc=false,e=null aggregated !flush DirectByteBuffer@1c19d748[p=0,l=235,c=32768,r=235]={<<<<title>Webserver Environm...\n    <table border="0">>>>et eget, ...gue. Pr}
[DEBUG] write(array HeapByteBuffer@102ecfc4[p=0,l=37,c=512,r=37]={<<<<tr><th>Method</th><td>POST</td></tr>>>>s</title>...\x00\x00\x00\x00\x00\x00\x00})
[DEBUG] write(array) s=OPEN,api=BLOCKING,sc=false,e=null aggregated !flush DirectByteBuffer@1c19d748[p=0,l=272,c=32768,r=272]={<<<<title>Webserver Environm...</th><td>POST</td></tr>>>>rci. <b>I...gue. Pr}
[DEBUG] write(array HeapByteBuffer@4a0f0496[p=0,l=1,c=512,r=1]={<<<\n>>>tr><th>Me...\x00\x00\x00\x00\x00\x00\x00})
[DEBUG] write(array) s=OPEN,api=BLOCKING,sc=false,e=null aggregated !flush DirectByteBuffer@1c19d748[p=0,l=273,c=32768,r=273]={<<<<title>Webserver Environm.../th><td>POST</td></tr>\n>>>ci. <b>In...gue. Pr}
[DEBUG] write(array HeapByteBuffer@3ec28fe4[p=0,l=50,c=512,r=50]={<<<<tr><th>Request URI</th><...>/EchoServlet</td></tr>>>> <style t...\x00\x00\x00\x00\x00\x00\x00})
[DEBUG] write(array) s=OPEN,api=BLOCKING,sc=false,e=null aggregated !flush DirectByteBuffer@1c19d748[p=0,l=323,c=32768,r=323]={<<<<title>Webserver Environm...>/EchoServlet</td></tr>>>>cipit sod...gue. Pr}
[DEBUG] write(array HeapByteBuffer@34315610[p=0,l=1,c=512,r=1]={<<<\n>>>tr><th>Re...\x00\x00\x00\x00\x00\x00\x00})
[DEBUG] write(array) s=OPEN,api=BLOCKING,sc=false,e=null aggregated !flush DirectByteBuffer@1c19d748[p=0,l=324,c=32768,r=324]={<<<<title>Webserver Environm.../EchoServlet</td></tr>\n>>>ipit soda...gue. Pr}
[DEBUG] write(array HeapByteBuffer@5207efbd[p=0,l=111,c=512,r=111]={<<<<tr><th>Query String</th>...8%80%E4%B8%8B</td></tr>>>>na, Arial...\x00\x00\x00\x00\x00\x00\x00})
[DEBUG] write(array) s=OPEN,api=BLOCKING,sc=false,e=null aggregated !flush DirectByteBuffer@1c19d748[p=0,l=435,c=32768,r=435]={<<<<title>Webserver Environm...8%80%E4%B8%8B</td></tr>>>>is id, sa...gue. Pr}
[DEBUG] write(array HeapByteBuffer@609e7adf[p=0,l=1,c=512,r=1]={<<<\n>>>tr><th>Qu...\x00\x00\x00\x00\x00\x00\x00})
[DEBUG] write(array) s=OPEN,api=BLOCKING,sc=false,e=null aggregated !flush DirectByteBuffer@1c19d748[p=0,l=436,c=32768,r=436]={<<<<title>Webserver Environm...%80%E4%B8%8B</td></tr>\n>>>s id, sag...gue. Pr}
[DEBUG] write(array HeapByteBuffer@4a097487[p=0,l=85,c=512,r=85]={<<<<tr><th>Accept</th><td>te....2, */*; q=.2</td></tr>>>>4%B8%80%E...\x00\x00\x00\x00\x00\x00\x00})
[DEBUG] write(array) s=OPEN,api=BLOCKING,sc=false,e=null aggregated !flush DirectByteBuffer@1c19d748[p=0,l=521,c=32768,r=521]={<<<<title>Webserver Environm....2, */*; q=.2</td></tr>>>>ligula. N...gue. Pr}
[DEBUG] write(array HeapByteBuffer@74363a00[p=0,l=1,c=512,r=1]={<<<\n>>>tr><th>Ac...\x00\x00\x00\x00\x00\x00\x00})
[DEBUG] write(array) s=OPEN,api=BLOCKING,sc=false,e=null aggregated !flush DirectByteBuffer@1c19d748[p=0,l=522,c=32768,r=522]={<<<<title>Webserver Environm...2, */*; q=.2</td></tr>\n>>>igula. Nu...gue. Pr}
[DEBUG] write(array HeapByteBuffer@1921493c[p=0,l=158,c=512,r=158]={<<<<tr><th>User-Agent</th><t...Safari/537.36</td></tr>>>>th {font-...\x00\x00\x00\x00\x00\x00\x00})
[DEBUG] write(array) s=OPEN,api=BLOCKING,sc=false,e=null aggregated !flush DirectByteBuffer@1c19d748[p=0,l=680,c=32768,r=680]={<<<<title>Webserver Environm...Safari/537.36</td></tr>>>>onsectetu...gue. Pr}
[DEBUG] write(array HeapByteBuffer@a7a8045[p=0,l=1,c=512,r=1]={<<<\n>>>tr><th>Us...\x00\x00\x00\x00\x00\x00\x00})
[DEBUG] write(array) s=OPEN,api=BLOCKING,sc=false,e=null aggregated !flush DirectByteBuffer@1c19d748[p=0,l=681,c=32768,r=681]={<<<<title>Webserver Environm...afari/537.36</td></tr>\n>>>nsectetur...gue. Pr}
[DEBUG] write(array HeapByteBuffer@b5660c1[p=0,l=47,c=512,r=47]={<<<<tr><th>Connection</th><td>keep-alive</td></tr>>>>sh; Intel...\x00\x00\x00\x00\x00\x00\x00})
[DEBUG] write(array) s=OPEN,api=BLOCKING,sc=false,e=null aggregated !flush DirectByteBuffer@1c19d748[p=0,l=728,c=32768,r=728]={<<<<title>Webserver Environm...td>keep-alive</td></tr>>>>aesent li...gue. Pr}
[DEBUG] write(array HeapByteBuffer@4e75ad91[p=0,l=1,c=512,r=1]={<<<\n>>>tr><th>Co...\x00\x00\x00\x00\x00\x00\x00})
[DEBUG] write(array) s=OPEN,api=BLOCKING,sc=false,e=null aggregated !flush DirectByteBuffer@1c19d748[p=0,l=729,c=32768,r=729]={<<<<title>Webserver Environm...d>keep-alive</td></tr>\n>>>esent lib...gue. Pr}
[DEBUG] write(array HeapByteBuffer@5d0e65ca[p=0,l=46,c=512,r=46]={<<<<tr><th>Host</th><td>localhost:38858</td></tr>>>>>sh; Inte...\x00\x00\x00\x00\x00\x00\x00})
[DEBUG] write(array) s=OPEN,api=BLOCKING,sc=false,e=null aggregated !flush DirectByteBuffer@1c19d748[p=0,l=775,c=32768,r=775]={<<<<title>Webserver Environm...calhost:38858</td></tr>>>>us ante d...gue. Pr}
[DEBUG] write(array HeapByteBuffer@3a8be86[p=0,l=1,c=512,r=1]={<<<\n>>>tr><th>Ho...\x00\x00\x00\x00\x00\x00\x00})
[DEBUG] write(array) s=OPEN,api=BLOCKING,sc=false,e=null aggregated !flush DirectByteBuffer@1c19d748[p=0,l=776,c=32768,r=776]={<<<<title>Webserver Environm...alhost:38858</td></tr>\n>>>s ante da...gue. Pr}
[DEBUG] write(array HeapByteBuffer@3bc0965a[p=0,l=46,c=512,r=46]={<<<<tr><th>Accept-Encoding</th><td>gzip</td></tr>>>>>sh; Inte...\x00\x00\x00\x00\x00\x00\x00})
[DEBUG] write(array) s=OPEN,api=BLOCKING,sc=false,e=null aggregated !flush DirectByteBuffer@1c19d748[p=0,l=822,c=32768,r=822]={<<<<title>Webserver Environm...</th><td>gzip</td></tr>>>>at nibh e...gue. Pr}
[DEBUG] write(array HeapByteBuffer@583abd96[p=0,l=1,c=512,r=1]={<<<\n>>>tr><th>Ac...\x00\x00\x00\x00\x00\x00\x00})
[DEBUG] write(array) s=OPEN,api=BLOCKING,sc=false,e=null aggregated !flush DirectByteBuffer@1c19d748[p=0,l=823,c=32768,r=823]={<<<<title>Webserver Environm.../th><td>gzip</td></tr>\n>>>t nibh el...gue. Pr}
[DEBUG] write(array HeapByteBuffer@7634a36e[p=0,l=43,c=512,r=43]={<<<<tr><th>Content-Length</th><td>11</td></tr>>>>tr>>sh; I...\x00\x00\x00\x00\x00\x00\x00})
[DEBUG] write(array) s=OPEN,api=BLOCKING,sc=false,e=null aggregated !flush DirectByteBuffer@1c19d748[p=0,l=866,c=32768,r=866]={<<<<title>Webserver Environm...th</th><td>11</td></tr>>>>psum. Pra...gue. Pr}
[DEBUG] write(array HeapByteBuffer@30ae7fa0[p=0,l=1,c=512,r=1]={<<<\n>>>tr><th>Co...\x00\x00\x00\x00\x00\x00\x00})
[DEBUG] write(array) s=OPEN,api=BLOCKING,sc=false,e=null aggregated !flush DirectByteBuffer@1c19d748[p=0,l=867,c=32768,r=867]={<<<<title>Webserver Environm...h</th><td>11</td></tr>\n>>>sum. Prae...gue. Pr}
[DEBUG] write(array HeapByteBuffer@f635da9[p=0,l=49,c=512,r=49]={<<<<tr><th>Content-Type</th>...td>text/plain</td></tr>>>>; Intel M...\x00\x00\x00\x00\x00\x00\x00})
[DEBUG] write(array) s=OPEN,api=BLOCKING,sc=false,e=null aggregated !flush DirectByteBuffer@1c19d748[p=0,l=916,c=32768,r=916]={<<<<title>Webserver Environm...td>text/plain</td></tr>>>>semper po...gue. Pr}
[DEBUG] write(array HeapByteBuffer@23887de[p=0,l=1,c=512,r=1]={<<<\n>>>tr><th>Co...\x00\x00\x00\x00\x00\x00\x00})
[DEBUG] write(array) s=OPEN,api=BLOCKING,sc=false,e=null aggregated !flush DirectByteBuffer@1c19d748[p=0,l=917,c=32768,r=917]={<<<<title>Webserver Environm...d>text/plain</td></tr>\n>>>emper por...gue. Pr}
[DEBUG] write(array HeapByteBuffer@51c46b24[p=0,l=47,c=512,r=47]={<<<<tr><th>uname</th><td>Jsoup, Jonathan</td></tr>>>>r>; Intel...\x00\x00\x00\x00\x00\x00\x00})
[DEBUG] write(array) s=OPEN,api=BLOCKING,sc=false,e=null aggregated !flush DirectByteBuffer@1c19d748[p=0,l=964,c=32768,r=964]={<<<<title>Webserver Environm...oup, Jonathan</td></tr>>>>rcu eget ...gue. Pr}
[DEBUG] write(array HeapByteBuffer@12544dc3[p=0,l=1,c=512,r=1]={<<<\n>>>tr><th>un...\x00\x00\x00\x00\x00\x00\x00})
[DEBUG] write(array) s=OPEN,api=BLOCKING,sc=false,e=null aggregated !flush DirectByteBuffer@1c19d748[p=0,l=965,c=32768,r=965]={<<<<title>Webserver Environm...up, Jonathan</td></tr>\n>>>cu eget n...gue. Pr}
[DEBUG] write(array HeapByteBuffer@7cfc435[p=0,l=39,c=512,r=39]={<<<<tr><th>\xE7\x99\xBe</th><td>\xE5\xBa\xA6\xE4\xB8\x80\xE4\xB8\x8b</td></tr>>>>td></tr>r...\x00\x00\x00\x00\x00\x00\x00})
[DEBUG] write(array) s=OPEN,api=BLOCKING,sc=false,e=null aggregated !flush DirectByteBuffer@1c19d748[p=0,l=1004,c=32768,r=1004]={<<<<title>Webserver Environm...<td>\xE5\xBa\xA6\xE4\xB8\x80\xE4\xB8\x8b</td></tr>>>>osqu ad l...gue. Pr}
[DEBUG] write(array HeapByteBuffer@418fa565[p=0,l=1,c=512,r=1]={<<<\n>>>tr><th>\xE7\x99...\x00\x00\x00\x00\x00\x00\x00})
[DEBUG] write(array) s=OPEN,api=BLOCKING,sc=false,e=null aggregated !flush DirectByteBuffer@1c19d748[p=0,l=1005,c=32768,r=1005]={<<<<title>Webserver Environm...td>\xE5\xBa\xA6\xE4\xB8\x80\xE4\xB8\x8b</td></tr>\n>>>squ ad li...gue. Pr}
[DEBUG] HttpConnection@65fa8c24::SocketChannelEndPoint@77ed8bb4{l=/127.0.0.1:38858,r=/127.0.0.1:42946,OPEN,fill=-,flush=-,to=32/30000}{io=0/0,kio=0,kro=1}->HttpConnection@65fa8c24[p=HttpParser{s=CONTENT,0 of 11},g=HttpGenerator@307be154{s=START}]=>HttpChannelOverHttp@c28598b{s=HttpChannelState@5bb2823f{s=HANDLING rs=BLOCKING os=OPEN is=IDLE awp=false se=false i=true al=0},r=3,c=false/false,a=HANDLING,uri=//localhost:38858/EchoServlet?uname=Jsoup&uname=Jonathan&%E7%99%BE=%E5%BA%A6%E4%B8%80%E4%B8%8B,age=28} parse HeapByteBuffer@41e05b38[p=408,l=419,c=8192,r=11]={POST /Ech... 11\r\n\r\n<<<{key:value}>>>\x00\x00\x00\x00\x00\x00\x00\x00\x00...\x00\x00\x00\x00\x00\x00\x00} {}
[DEBUG] parseNext s=CONTENT HeapByteBuffer@41e05b38[p=408,l=419,c=8192,r=11]={POST /Ech... 11\r\n\r\n<<<{key:value}>>>\x00\x00\x00\x00\x00\x00\x00\x00\x00...\x00\x00\x00\x00\x00\x00\x00}
[DEBUG] onContent HttpChannelOverHttp@c28598b{s=HttpChannelState@5bb2823f{s=HANDLING rs=BLOCKING os=OPEN is=IDLE awp=false se=false i=true al=0},r=3,c=false/false,a=HANDLING,uri=//localhost:38858/EchoServlet?uname=Jsoup&uname=Jonathan&%E7%99%BE=%E5%BA%A6%E4%B8%80%E4%B8%8B,age=28} Content@33606b3b{HeapByteBufferR@36a12c1[p=408,l=419,c=8192,r=11]={POST /Ech... 11\r\n\r\n<<<{key:value}>>>\x00\x00\x00\x00\x00\x00\x00\x00\x00...\x00\x00\x00\x00\x00\x00\x00}}
[DEBUG] HttpInputOverHTTP@2b9fd7c2[c=0,q=0,[0]=null,s=STREAM] addContent Content@33606b3b{HeapByteBufferR@36a12c1[p=408,l=419,c=8192,r=11]={POST /Ech... 11\r\n\r\n<<<{key:value}>>>\x00\x00\x00\x00\x00\x00\x00\x00\x00...\x00\x00\x00\x00\x00\x00\x00}}
[DEBUG] CONTENT --> CONTENT_END
[DEBUG] onContentComplete HttpChannelOverHttp@c28598b{s=HttpChannelState@5bb2823f{s=HANDLING rs=BLOCKING os=OPEN is=IDLE awp=false se=false i=true al=0},r=3,c=false/false,a=HANDLING,uri=//localhost:38858/EchoServlet?uname=Jsoup&uname=Jonathan&%E7%99%BE=%E5%BA%A6%E4%B8%80%E4%B8%8B,age=28}
[DEBUG] CONTENT_END --> END
[DEBUG] onRequestComplete HttpChannelOverHttp@c28598b{s=HttpChannelState@5bb2823f{s=HANDLING rs=BLOCKING os=OPEN is=IDLE awp=false se=false i=true al=0},r=3,c=false/false,a=HANDLING,uri=//localhost:38858/EchoServlet?uname=Jsoup&uname=Jonathan&%E7%99%BE=%E5%BA%A6%E4%B8%80%E4%B8%8B,age=28}
[DEBUG] HttpInputOverHTTP@2b9fd7c2[c=0,q=1,[0]=EOF,s=STREAM] addContent EOF
[DEBUG] HttpConnection@65fa8c24::SocketChannelEndPoint@77ed8bb4{l=/127.0.0.1:38858,r=/127.0.0.1:42946,OPEN,fill=-,flush=-,to=32/30000}{io=0/0,kio=0,kro=1}->HttpConnection@65fa8c24[p=HttpParser{s=END,11 of 11},g=HttpGenerator@307be154{s=START}]=>HttpChannelOverHttp@c28598b{s=HttpChannelState@5bb2823f{s=HANDLING rs=BLOCKING os=OPEN is=IDLE awp=false se=false i=true al=0},r=3,c=false/false,a=HANDLING,uri=//localhost:38858/EchoServlet?uname=Jsoup&uname=Jonathan&%E7%99%BE=%E5%BA%A6%E4%B8%80%E4%B8%8B,age=29} parsed false HttpParser{s=END,11 of 11}
[DEBUG] HttpInputOverHTTP@2b9fd7c2[c=11,q=1,[0]=EOF,s=STREAM] read 11 from Content@33606b3b{HeapByteBufferR@36a12c1[p=419,l=419,c=8192,r=0]={POST /Ech...:value}<<<>>>\x00\x00\x00\x00\x00\x00\x00\x00\x00...\x00\x00\x00\x00\x00\x00\x00}}
[DEBUG] releaseRequestBuffer HttpConnection@65fa8c24::SocketChannelEndPoint@77ed8bb4{l=/127.0.0.1:38858,r=/127.0.0.1:42946,OPEN,fill=-,flush=-,to=32/30000}{io=0/0,kio=0,kro=1}->HttpConnection@65fa8c24[p=HttpParser{s=END,11 of 11},g=HttpGenerator@307be154{s=START}]=>HttpChannelOverHttp@c28598b{s=HttpChannelState@5bb2823f{s=HANDLING rs=BLOCKING os=OPEN is=IDLE awp=false se=false i=true al=0},r=3,c=false/false,a=HANDLING,uri=//localhost:38858/EchoServlet?uname=Jsoup&uname=Jonathan&%E7%99%BE=%E5%BA%A6%E4%B8%80%E4%B8%8B,age=29}
[DEBUG] onEof HttpChannelState@5bb2823f{s=HANDLING rs=BLOCKING os=OPEN is=IDLE awp=false se=false i=true al=0}
[DEBUG] write(array HeapByteBuffer@7a7d80f5[p=0,l=47,c=512,r=47]={<<<<tr><th>Post Data</th><td>{key:value}</td></tr>>>>r>; Intel...\x00\x00\x00\x00\x00\x00\x00})
[DEBUG] write(array) s=OPEN,api=BLOCKING,sc=false,e=null aggregated !flush DirectByteBuffer@1c19d748[p=0,l=1052,c=32768,r=1052]={<<<<title>Webserver Environm...d>{key:value}</td></tr>>>>inceptos ...gue. Pr}
[DEBUG] write(array HeapByteBuffer@4665a652[p=0,l=1,c=512,r=1]={<<<\n>>>tr><th>Po...\x00\x00\x00\x00\x00\x00\x00})
[DEBUG] write(array) s=OPEN,api=BLOCKING,sc=false,e=null aggregated !flush DirectByteBuffer@1c19d748[p=0,l=1053,c=32768,r=1053]={<<<<title>Webserver Environm...>{key:value}</td></tr>\n>>>nceptos h...gue. Pr}
[DEBUG] write(array HeapByteBuffer@76ec3416[p=0,l=8,c=512,r=8]={<<<</table>>>>Post Data...\x00\x00\x00\x00\x00\x00\x00})
[DEBUG] write(array) s=OPEN,api=BLOCKING,sc=false,e=null aggregated !flush DirectByteBuffer@1c19d748[p=0,l=1061,c=32768,r=1061]={<<<<title>Webserver Environm...lue}</td></tr>\n</table>>>>himenaeos...gue. Pr}
[DEBUG] write(array HeapByteBuffer@25c3dc10[p=0,l=1,c=512,r=1]={<<<\n>>>/table>Po...\x00\x00\x00\x00\x00\x00\x00})
[DEBUG] write(array) s=OPEN,api=BLOCKING,sc=false,e=null aggregated !flush DirectByteBuffer@1c19d748[p=0,l=1062,c=32768,r=1062]={<<<<title>Webserver Environm...ue}</td></tr>\n</table>\n>>>imenaeos....gue. Pr}
[DEBUG] handled=true async=false committed=false on HttpChannelOverHttp@c28598b{s=HttpChannelState@5bb2823f{s=HANDLING rs=BLOCKING os=OPEN is=READY awp=false se=false i=true al=0},r=3,c=false/false,a=HANDLING,uri=//localhost:38858/EchoServlet?uname=Jsoup&uname=Jonathan&%E7%99%BE=%E5%BA%A6%E4%B8%80%E4%B8%8B,age=29}
[DEBUG] unhandle HttpChannelState@5bb2823f{s=HANDLING rs=BLOCKING os=OPEN is=READY awp=false se=false i=true al=0}
[DEBUG] nextAction(false) COMPLETE HttpChannelState@5bb2823f{s=HANDLING rs=COMPLETING os=OPEN is=READY awp=false se=false i=false al=0}
[DEBUG] action COMPLETE HttpChannelOverHttp@c28598b{s=HttpChannelState@5bb2823f{s=HANDLING rs=COMPLETING os=OPEN is=READY awp=false se=false i=false al=0},r=3,c=false/false,a=HANDLING,uri=//localhost:38858/EchoServlet?uname=Jsoup&uname=Jonathan&%E7%99%BE=%E5%BA%A6%E4%B8%80%E4%B8%8B,age=29}
[DEBUG] complete(org.eclipse.jetty.util.Callback$3@332f9a75) s=CLOSING,api=BLOCKED,sc=false,e=null s=false e=null, c=DirectByteBuffer@1c19d748[p=0,l=1062,c=32768,r=1062]={<<<<title>Webserver Environm...ue}</td></tr>\n</table>\n>>>imenaeos....gue. Pr}
[DEBUG] sendResponse info=null content=DirectByteBuffer@1c19d748[p=0,l=1062,c=32768,r=1062]={<<<<title>Webserver Environm...ue}</td></tr>\n</table>\n>>>imenaeos....gue. Pr} complete=true committing=true callback=org.eclipse.jetty.server.HttpOutput$WriteCompleteCB@5893fd74
[DEBUG] COMMIT for /EchoServlet on HttpChannelOverHttp@c28598b{s=HttpChannelState@5bb2823f{s=HANDLING rs=COMPLETING os=COMMITTED is=READY awp=false se=false i=false al=0},r=3,c=false/false,a=HANDLING,uri=//localhost:38858/EchoServlet?uname=Jsoup&uname=Jonathan&%E7%99%BE=%E5%BA%A6%E4%B8%80%E4%B8%8B,age=29}
200 null HTTP/1.1
Date: Mon, 20 Sep 2021 19:30:12 GMT
Content-Type: text/html;charset=utf-8
Cache-Control: no-cache
Cache-Control: no-store


[DEBUG] generate: NEED_HEADER for SendCallback@606934da[PROCESSING][i=HTTP/1.1{s=200,h=4,cl=-1},cb=org.eclipse.jetty.server.HttpChannel$SendCallback@4fc82ef4] (null,[p=0,l=1062,c=32768,r=1062],true)@START
[DEBUG] generateHeaders HTTP/1.1{s=200,h=4,cl=-1} last=true content=DirectByteBuffer@1c19d748[p=0,l=1062,c=32768,r=1062]={<<<<title>Webserver Environm...ue}</td></tr>\n</table>\n>>>imenaeos....gue. Pr}
[DEBUG] Date: Mon, 20 Sep 2021 19:30:12 GMT
Content-Type: text/html;charset=utf-8
Cache-Control: no-cache
Cache-Control: no-store


[DEBUG] CONTENT_LENGTH
[DEBUG] generate: FLUSH for SendCallback@606934da[PROCESSING][i=HTTP/1.1{s=200,h=4,cl=-1},cb=org.eclipse.jetty.server.HttpChannel$SendCallback@4fc82ef4] ([p=0,l=200,c=8192,r=200],[p=0,l=1062,c=32768,r=1062],true)@COMPLETING
[DEBUG] write: WriteFlusher@6dfe4884{IDLE}->null [HeapByteBuffer@78a30358[p=0,l=200,c=8192,r=200]={<<<HTTP/1.1 200 OK\r\nDate: Mo...y(9.4.43.v20210629)\r\n\r\n>>>multipart...\x00\x00\x00\x00\x00\x00\x00},DirectByteBuffer@1c19d748[p=0,l=1062,c=32768,r=1062]={<<<<title>Webserver Environm...ue}</td></tr>\n</table>\n>>>imenaeos....gue. Pr}]
[DEBUG] update WriteFlusher@6dfe4884{WRITING}->null:IDLE-->WRITING
]]></system-out>
  </testcase>
  <testcase name="fetchHandlesXmlAsHtmlWhenParserSet" classname="org.jsoup.integration.ConnectTest" time="0.013">
    <system-out><![CDATA[[DEBUG] flushed 1262 SocketChannelEndPoint@77ed8bb4{l=/127.0.0.1:38858,r=/127.0.0.1:42946,OPEN,fill=-,flush=W,to=45/30000}{io=0/0,kio=0,kro=1}->HttpConnection@65fa8c24[p=HttpParser{s=END,11 of 11},g=HttpGenerator@307be154{s=COMPLETING}]=>HttpChannelOverHttp@c28598b{s=HttpChannelState@5bb2823f{s=HANDLING rs=COMPLETING os=COMMITTED is=READY awp=false se=false i=false al=0},r=3,c=false/false,a=HANDLING,uri=//localhost:38858/EchoServlet?uname=Jsoup&uname=Jonathan&%E7%99%BE=%E5%BA%A6%E4%B8%80%E4%B8%8B,age=42}
[DEBUG] Flushed=true written=1262 remaining=0 WriteFlusher@6dfe4884{WRITING}->null
[DEBUG] update WriteFlusher@6dfe4884{IDLE}->null:WRITING-->IDLE
[DEBUG] generate: DONE for SendCallback@606934da[PROCESSING][i=HTTP/1.1{s=200,h=4,cl=-1},cb=org.eclipse.jetty.server.HttpChannel$SendCallback@4fc82ef4] ([p=200,l=200,c=8192,r=0],[p=1062,l=1062,c=32768,r=0],true)@END
[DEBUG] onWriteComplete(true,null) s=CLOSING,api=BLOCKED,sc=false,e=null->s=CLOSED,api=BLOCKING,sc=false,e=null c=null cb=org.eclipse.jetty.util.Callback$3@332f9a75 w=false
[DEBUG] completed HttpChannelState@5bb2823f{s=HANDLING rs=COMPLETING os=COMPLETED is=READY awp=false se=false i=false al=0}
[DEBUG] unhandle HttpChannelState@5bb2823f{s=HANDLING rs=COMPLETED os=COMPLETED is=READY awp=false se=false i=false al=0}
[DEBUG] nextAction(false) TERMINATED HttpChannelState@5bb2823f{s=IDLE rs=COMPLETED os=COMPLETED is=READY awp=false se=false i=false al=0}
[DEBUG] action TERMINATED HttpChannelOverHttp@c28598b{s=HttpChannelState@5bb2823f{s=IDLE rs=COMPLETED os=COMPLETED is=READY awp=false se=false i=false al=0},r=3,c=true/true,a=IDLE,uri=//localhost:38858/EchoServlet?uname=Jsoup&uname=Jonathan&%E7%99%BE=%E5%BA%A6%E4%B8%80%E4%B8%8B,age=43}
[DEBUG] onCompleted for /EchoServlet written=1062
[DEBUG] recycle HttpChannelState@5bb2823f{s=IDLE rs=COMPLETED os=COMPLETED is=READY awp=false se=false i=false al=0}
[DEBUG] reset HttpParser{s=END,11 of 11}
[DEBUG] END --> START
[DEBUG] !handle TERMINATED HttpChannelOverHttp@c28598b{s=HttpChannelState@5bb2823f{s=IDLE rs=BLOCKING os=OPEN is=IDLE awp=false se=false i=true al=0},r=3,c=false/false,a=IDLE,uri=null,age=0}
[DEBUG] filled 343 HeapByteBuffer@22b9b50d[p=0,l=343,c=8192,r=343]={<<<GET /FileServlet/htmltest...nection: keep-alive\r\n\r\n>>>Connectio...\x86&h\xA0{\xC1\xC2}
[DEBUG] HttpConnection@65fa8c24::SocketChannelEndPoint@77ed8bb4{l=/127.0.0.1:38858,r=/127.0.0.1:42946,OPEN,fill=-,flush=-,to=0/30000}{io=0/0,kio=0,kro=1}->HttpConnection@65fa8c24[p=HttpParser{s=START,0 of -1},g=HttpGenerator@307be154{s=START}]=>HttpChannelOverHttp@c28598b{s=HttpChannelState@5bb2823f{s=IDLE rs=BLOCKING os=OPEN is=IDLE awp=false se=false i=true al=0},r=3,c=false/false,a=IDLE,uri=null,age=0} filled 343 HeapByteBuffer@22b9b50d[p=0,l=343,c=8192,r=343]={<<<GET /FileServlet/htmltest...nection: keep-alive\r\n\r\n>>>Connectio...\x86&h\xA0{\xC1\xC2}
[DEBUG] HttpConnection@65fa8c24::SocketChannelEndPoint@77ed8bb4{l=/127.0.0.1:38858,r=/127.0.0.1:42946,OPEN,fill=-,flush=-,to=0/30000}{io=0/0,kio=0,kro=1}->HttpConnection@65fa8c24[p=HttpParser{s=START,0 of -1},g=HttpGenerator@307be154{s=START}]=>HttpChannelOverHttp@c28598b{s=HttpChannelState@5bb2823f{s=IDLE rs=BLOCKING os=OPEN is=IDLE awp=false se=false i=true al=0},r=3,c=false/false,a=IDLE,uri=null,age=0} parse HeapByteBuffer@22b9b50d[p=0,l=343,c=8192,r=343]={<<<GET /FileServlet/htmltest...nection: keep-alive\r\n\r\n>>>Connectio...\x86&h\xA0{\xC1\xC2} {}
[DEBUG] parseNext s=START HeapByteBuffer@22b9b50d[p=0,l=343,c=8192,r=343]={<<<GET /FileServlet/htmltest...nection: keep-alive\r\n\r\n>>>Connectio...\x86&h\xA0{\xC1\xC2}
[DEBUG] START --> SPACE1
[DEBUG] SPACE1 --> URI
[DEBUG] URI --> SPACE2
[DEBUG] SPACE2 --> REQUEST_VERSION
[DEBUG] REQUEST_VERSION --> HEADER
[DEBUG] HEADER:Accept-Encoding: gzip --> IN_VALUE
[DEBUG] HEADER:Accept-Encoding: gzip --> FIELD
[DEBUG] HEADER:User-Agent: Mozilla/5.0 (Windows NT 10.0; Win64; x64) AppleWebKit/537.36 (KHTML, like Gecko) Chrome/79.0.3945.130 Safari/537.36 --> IN_VALUE
[DEBUG] HEADER:User-Agent: Mozilla/5.0 (Windows NT 10.0; Win64; x64) AppleWebKit/537.36 (KHTML, like Gecko) Chrome/79.0.3945.130 Safari/537.36 --> FIELD
[DEBUG] HEADER:Host: localhost:38858 --> IN_VALUE
[DEBUG] HEADER:Host: localhost:38858 --> FIELD
[DEBUG] HEADER:Accept: text/html, image/gif, image/jpeg, *; q=.2, */*; q=.2 --> IN_VALUE
[DEBUG] HEADER:Accept: text/html, image/gif, image/jpeg, *; q=.2, */*; q=.2 --> FIELD
[DEBUG] HEADER:Connection: keep-alive --> IN_VALUE
[DEBUG] HEADER:Connection: keep-alive --> FIELD
[DEBUG] HEADER --> CONTENT
[DEBUG] REQUEST for //localhost:38858/FileServlet/htmltests/xml-test.xml?contentType=application%2Fxml on HttpChannelOverHttp@c28598b{s=HttpChannelState@5bb2823f{s=IDLE rs=BLOCKING os=OPEN is=IDLE awp=false se=false i=true al=0},r=4,c=false/false,a=IDLE,uri=//localhost:38858/FileServlet/htmltests/xml-test.xml?contentType=application%2Fxml,age=0}
GET //localhost:38858/FileServlet/htmltests/xml-test.xml?contentType=application%2Fxml HTTP/1.1
Accept-Encoding: gzip
User-Agent: Mozilla/5.0 (Windows NT 10.0; Win64; x64) AppleWebKit/537.36 (KHTML, like Gecko) Chrome/79.0.3945.130 Safari/537.36
Host: localhost:38858
Accept: text/html, image/gif, image/jpeg, *; q=.2, */*; q=.2
Connection: keep-alive


[DEBUG] HttpConnection@65fa8c24::SocketChannelEndPoint@77ed8bb4{l=/127.0.0.1:38858,r=/127.0.0.1:42946,OPEN,fill=-,flush=-,to=0/30000}{io=0/0,kio=0,kro=1}->HttpConnection@65fa8c24[p=HttpParser{s=CONTENT,0 of -1},g=HttpGenerator@307be154{s=START}]=>HttpChannelOverHttp@c28598b{s=HttpChannelState@5bb2823f{s=IDLE rs=BLOCKING os=OPEN is=IDLE awp=false se=false i=true al=0},r=4,c=false/false,a=IDLE,uri=//localhost:38858/FileServlet/htmltests/xml-test.xml?contentType=application%2Fxml,age=0} parsed true HttpParser{s=CONTENT,0 of -1}
[DEBUG] releaseRequestBuffer HttpConnection@65fa8c24::SocketChannelEndPoint@77ed8bb4{l=/127.0.0.1:38858,r=/127.0.0.1:42946,OPEN,fill=-,flush=-,to=0/30000}{io=0/0,kio=0,kro=1}->HttpConnection@65fa8c24[p=HttpParser{s=CONTENT,0 of -1},g=HttpGenerator@307be154{s=START}]=>HttpChannelOverHttp@c28598b{s=HttpChannelState@5bb2823f{s=IDLE rs=BLOCKING os=OPEN is=IDLE awp=false se=false i=true al=0},r=4,c=false/false,a=IDLE,uri=//localhost:38858/FileServlet/htmltests/xml-test.xml?contentType=application%2Fxml,age=0}
[DEBUG] handle //localhost:38858/FileServlet/htmltests/xml-test.xml?contentType=application%2Fxml HttpChannelOverHttp@c28598b{s=HttpChannelState@5bb2823f{s=IDLE rs=BLOCKING os=OPEN is=IDLE awp=false se=false i=true al=0},r=4,c=false/false,a=IDLE,uri=//localhost:38858/FileServlet/htmltests/xml-test.xml?contentType=application%2Fxml,age=0} 
[DEBUG] handling HttpChannelState@5bb2823f{s=IDLE rs=BLOCKING os=OPEN is=IDLE awp=false se=false i=true al=0}
[DEBUG] action DISPATCH HttpChannelOverHttp@c28598b{s=HttpChannelState@5bb2823f{s=HANDLING rs=BLOCKING os=OPEN is=IDLE awp=false se=false i=true al=0},r=4,c=false/false,a=HANDLING,uri=//localhost:38858/FileServlet/htmltests/xml-test.xml?contentType=application%2Fxml,age=1}
[DEBUG] REQUEST GET /FileServlet/htmltests/xml-test.xml on HttpChannelOverHttp@c28598b{s=HttpChannelState@5bb2823f{s=HANDLING rs=BLOCKING os=OPEN is=IDLE awp=false se=false i=true al=0},r=4,c=false/false,a=HANDLING,uri=//localhost:38858/FileServlet/htmltests/xml-test.xml?contentType=application%2Fxml,age=1}
[DEBUG] servlet null|/FileServlet|/htmltests/xml-test.xml -> org.jsoup.integration.servlets.FileServlet-3fffff43==org.jsoup.integration.servlets.FileServlet@bc0855c5{jsp=null,order=-1,inst=true,async=true,src=EMBEDDED:null,STARTED}
[DEBUG] chain=null
[DEBUG] write(array HeapByteBuffer@74504841[p=0,l=45,c=8192,r=45]={<<<<doc><val>One<val>Two</val>Three</val></doc>\n>>>\x00\x00\x00\x00\x00\x00\x00\x00\x00...\x00\x00\x00\x00\x00\x00\x00})
[DEBUG] write(array) s=OPEN,api=BLOCKING,sc=false,e=null aggregated !flush DirectByteBuffer@58caaa66[p=0,l=45,c=32768,r=45]={<<<<doc><val>One<val>Two</val>Three</val></doc>\n>>>ean laore...gue. Pr}
[DEBUG] sendResponse info=null content=DirectByteBuffer@58caaa66[p=0,l=45,c=32768,r=45]={<<<<doc><val>One<val>Two</val>Three</val></doc>\n>>>ean laore...gue. Pr} complete=false committing=true callback=Blocker@f8d6b34{null}
[DEBUG] COMMIT for /FileServlet/htmltests/xml-test.xml on HttpChannelOverHttp@c28598b{s=HttpChannelState@5bb2823f{s=HANDLING rs=BLOCKING os=COMMITTED is=IDLE awp=false se=false i=true al=0},r=4,c=false/false,a=HANDLING,uri=//localhost:38858/FileServlet/htmltests/xml-test.xml?contentType=application%2Fxml,age=1}
200 null HTTP/1.1
Date: Mon, 20 Sep 2021 19:30:12 GMT
Content-Type: application/xml


[DEBUG] generate: NEED_HEADER for SendCallback@606934da[PROCESSING][i=HTTP/1.1{s=200,h=2,cl=-1},cb=org.eclipse.jetty.server.HttpChannel$SendCallback@3be3888c] (null,[p=0,l=45,c=32768,r=45],false)@START
[DEBUG] generateHeaders HTTP/1.1{s=200,h=2,cl=-1} last=false content=DirectByteBuffer@58caaa66[p=0,l=45,c=32768,r=45]={<<<<doc><val>One<val>Two</val>Three</val></doc>\n>>>ean laore...gue. Pr}
[DEBUG] Date: Mon, 20 Sep 2021 19:30:12 GMT
Content-Type: application/xml


[DEBUG] CHUNKED_CONTENT
[DEBUG] generate: FLUSH for SendCallback@606934da[PROCESSING][i=HTTP/1.1{s=200,h=2,cl=-1},cb=org.eclipse.jetty.server.HttpChannel$SendCallback@3be3888c] ([p=0,l=152,c=8192,r=152],[p=0,l=45,c=32768,r=45],false)@COMMITTED
[DEBUG] write: WriteFlusher@6dfe4884{IDLE}->null [HeapByteBuffer@41e05b38[p=0,l=152,c=8192,r=152]={<<<HTTP/1.1 200 OK\r\nDate: Mo...4.43.v20210629)\r\n\r\n2D\r\n>>>: Mozilla...\x00\x00\x00\x00\x00\x00\x00},DirectByteBuffer@58caaa66[p=0,l=45,c=32768,r=45]={<<<<doc><val>One<val>Two</val>Three</val></doc>\n>>>ean laore...gue. Pr}]
[DEBUG] update WriteFlusher@6dfe4884{WRITING}->null:IDLE-->WRITING
[DEBUG] flushed 197 SocketChannelEndPoint@77ed8bb4{l=/127.0.0.1:38858,r=/127.0.0.1:42946,OPEN,fill=-,flush=W,to=5/30000}{io=0/0,kio=0,kro=1}->HttpConnection@65fa8c24[p=HttpParser{s=CONTENT,0 of -1},g=HttpGenerator@307be154{s=COMMITTED}]=>HttpChannelOverHttp@c28598b{s=HttpChannelState@5bb2823f{s=HANDLING rs=BLOCKING os=COMMITTED is=IDLE awp=false se=false i=true al=0},r=4,c=false/false,a=HANDLING,uri=//localhost:38858/FileServlet/htmltests/xml-test.xml?contentType=application%2Fxml,age=6}
[DEBUG] Flushed=true written=197 remaining=0 WriteFlusher@6dfe4884{WRITING}->null
[DEBUG] update WriteFlusher@6dfe4884{IDLE}->null:WRITING-->IDLE
[DEBUG] generate: DONE for SendCallback@606934da[PROCESSING][i=HTTP/1.1{s=200,h=2,cl=-1},cb=org.eclipse.jetty.server.HttpChannel$SendCallback@3be3888c] ([p=152,l=152,c=8192,r=0],[p=45,l=45,c=32768,r=0],false)@COMMITTED
[DEBUG] onWriteComplete(false,null) s=OPEN,api=BLOCKED,sc=false,e=null->s=OPEN,api=BLOCKING,sc=false,e=null c=null cb=null w=false
[DEBUG] handled=true async=false committed=true on HttpChannelOverHttp@c28598b{s=HttpChannelState@5bb2823f{s=HANDLING rs=BLOCKING os=COMMITTED is=IDLE awp=false se=false i=true al=0},r=4,c=false/false,a=HANDLING,uri=//localhost:38858/FileServlet/htmltests/xml-test.xml?contentType=application%2Fxml,age=6}
[DEBUG] unhandle HttpChannelState@5bb2823f{s=HANDLING rs=BLOCKING os=COMMITTED is=IDLE awp=false se=false i=true al=0}
[DEBUG] nextAction(false) COMPLETE HttpChannelState@5bb2823f{s=HANDLING rs=COMPLETING os=COMMITTED is=IDLE awp=false se=false i=false al=0}
[DEBUG] action COMPLETE HttpChannelOverHttp@c28598b{s=HttpChannelState@5bb2823f{s=HANDLING rs=COMPLETING os=COMMITTED is=IDLE awp=false se=false i=false al=0},r=4,c=false/false,a=HANDLING,uri=//localhost:38858/FileServlet/htmltests/xml-test.xml?contentType=application%2Fxml,age=6}
[DEBUG] complete(org.eclipse.jetty.util.Callback$3@7cdcaad9) s=CLOSING,api=BLOCKED,sc=false,e=null s=false e=null, c=HeapByteBuffer@11848662[p=0,l=0,c=0,r=0]={<<<>>>}
[DEBUG] sendResponse info=null content=HeapByteBuffer@11848662[p=0,l=0,c=0,r=0]={<<<>>>} complete=true committing=false callback=org.eclipse.jetty.server.HttpOutput$WriteCompleteCB@72ed9438
[DEBUG] generate: CONTINUE for SendCallback@606934da[PROCESSING][i=null,cb=org.eclipse.jetty.server.HttpChannel$SendCallback@409d864] (null,[p=0,l=0,c=0,r=0],true)@COMPLETING
[DEBUG] generate: NEED_CHUNK for SendCallback@606934da[PROCESSING][i=null,cb=org.eclipse.jetty.server.HttpChannel$SendCallback@409d864] (null,[p=0,l=0,c=0,r=0],true)@COMPLETING
[DEBUG] generate: FLUSH for SendCallback@606934da[PROCESSING][i=null,cb=org.eclipse.jetty.server.HttpChannel$SendCallback@409d864] (null,[p=0,l=0,c=0,r=0],true)@COMPLETING
[DEBUG] write: WriteFlusher@6dfe4884{IDLE}->null [HeapByteBuffer@ed6005f[p=0,l=7,c=1024,r=7]={<<<\r\n0\r\n\r\n>>>\n\x00\x00\x00\x00\x00\x00\x00\x00...\x00\x00\x00\x00\x00\x00\x00}]
[DEBUG] update WriteFlusher@6dfe4884{WRITING}->null:IDLE-->WRITING
]]></system-out>
  </testcase>
  <testcase name="fetchURl" classname="org.jsoup.integration.ConnectTest" time="0.018">
    <system-out><![CDATA[[DEBUG] flushed 7 SocketChannelEndPoint@77ed8bb4{l=/127.0.0.1:38858,r=/127.0.0.1:42946,OPEN,fill=-,flush=W,to=16/30000}{io=0/0,kio=0,kro=1}->HttpConnection@65fa8c24[p=HttpParser{s=CONTENT,0 of -1},g=HttpGenerator@307be154{s=COMPLETING}]=>HttpChannelOverHttp@c28598b{s=HttpChannelState@5bb2823f{s=HANDLING rs=COMPLETING os=COMMITTED is=IDLE awp=false se=false i=false al=0},r=4,c=false/false,a=HANDLING,uri=//localhost:38858/FileServlet/htmltests/xml-test.xml?contentType=application%2Fxml,age=23}
[DEBUG] Flushed=true written=7 remaining=0 WriteFlusher@6dfe4884{WRITING}->null
[DEBUG] update WriteFlusher@6dfe4884{IDLE}->null:WRITING-->IDLE
[DEBUG] generate: DONE for SendCallback@606934da[PROCESSING][i=null,cb=org.eclipse.jetty.server.HttpChannel$SendCallback@409d864] (null,[p=0,l=0,c=0,r=0],true)@END
[DEBUG] onWriteComplete(true,null) s=CLOSING,api=BLOCKED,sc=false,e=null->s=CLOSED,api=BLOCKING,sc=false,e=null c=null cb=org.eclipse.jetty.util.Callback$3@7cdcaad9 w=false
[DEBUG] completed HttpChannelState@5bb2823f{s=HANDLING rs=COMPLETING os=COMPLETED is=IDLE awp=false se=false i=false al=0}
[DEBUG] unhandle HttpChannelState@5bb2823f{s=HANDLING rs=COMPLETED os=COMPLETED is=IDLE awp=false se=false i=false al=0}
[DEBUG] nextAction(false) TERMINATED HttpChannelState@5bb2823f{s=IDLE rs=COMPLETED os=COMPLETED is=IDLE awp=false se=false i=false al=0}
[DEBUG] action TERMINATED HttpChannelOverHttp@c28598b{s=HttpChannelState@5bb2823f{s=IDLE rs=COMPLETED os=COMPLETED is=IDLE awp=false se=false i=false al=0},r=4,c=true/true,a=IDLE,uri=//localhost:38858/FileServlet/htmltests/xml-test.xml?contentType=application%2Fxml,age=23}
[DEBUG] onCompleted for /FileServlet/htmltests/xml-test.xml written=45
[DEBUG] filled 290 HeapByteBuffer@78a30358[p=0,l=290,c=8192,r=290]={<<<GET /EchoServlet HTTP/1.1...nection: keep-alive\r\n\r\n>>>ept: text...\x00\x00\x00\x00\x00\x00\x00}
[DEBUG] HttpConnection@65fa8c24::SocketChannelEndPoint@77ed8bb4{l=/127.0.0.1:38858,r=/127.0.0.1:42946,OPEN,fill=-,flush=-,to=0/30000}{io=0/0,kio=0,kro=1}->HttpConnection@65fa8c24[p=HttpParser{s=CONTENT,0 of -1},g=HttpGenerator@307be154{s=END}]=>HttpChannelOverHttp@c28598b{s=HttpChannelState@5bb2823f{s=IDLE rs=COMPLETED os=COMPLETED is=IDLE awp=false se=false i=false al=0},r=4,c=true/true,a=IDLE,uri=//localhost:38858/FileServlet/htmltests/xml-test.xml?contentType=application%2Fxml,age=23} filled 290 HeapByteBuffer@78a30358[p=0,l=290,c=8192,r=290]={<<<GET /EchoServlet HTTP/1.1...nection: keep-alive\r\n\r\n>>>ept: text...\x00\x00\x00\x00\x00\x00\x00}
[DEBUG] HttpConnection@65fa8c24::SocketChannelEndPoint@77ed8bb4{l=/127.0.0.1:38858,r=/127.0.0.1:42946,OPEN,fill=-,flush=-,to=0/30000}{io=0/0,kio=0,kro=1}->HttpConnection@65fa8c24[p=HttpParser{s=CONTENT,0 of -1},g=HttpGenerator@307be154{s=END}]=>HttpChannelOverHttp@c28598b{s=HttpChannelState@5bb2823f{s=IDLE rs=COMPLETED os=COMPLETED is=IDLE awp=false se=false i=false al=0},r=4,c=true/true,a=IDLE,uri=//localhost:38858/FileServlet/htmltests/xml-test.xml?contentType=application%2Fxml,age=23} parse HeapByteBuffer@78a30358[p=0,l=290,c=8192,r=290]={<<<GET /EchoServlet HTTP/1.1...nection: keep-alive\r\n\r\n>>>ept: text...\x00\x00\x00\x00\x00\x00\x00} {}
[DEBUG] parseNext s=CONTENT HeapByteBuffer@78a30358[p=0,l=290,c=8192,r=290]={<<<GET /EchoServlet HTTP/1.1...nection: keep-alive\r\n\r\n>>>ept: text...\x00\x00\x00\x00\x00\x00\x00}
[DEBUG] CONTENT --> CONTENT_END
[DEBUG] onContentComplete HttpChannelOverHttp@c28598b{s=HttpChannelState@5bb2823f{s=IDLE rs=COMPLETED os=COMPLETED is=IDLE awp=false se=false i=false al=0},r=4,c=true/true,a=IDLE,uri=//localhost:38858/FileServlet/htmltests/xml-test.xml?contentType=application%2Fxml,age=23}
[DEBUG] CONTENT_END --> END
[DEBUG] onRequestComplete HttpChannelOverHttp@c28598b{s=HttpChannelState@5bb2823f{s=IDLE rs=COMPLETED os=COMPLETED is=IDLE awp=false se=false i=false al=0},r=4,c=true/true,a=IDLE,uri=//localhost:38858/FileServlet/htmltests/xml-test.xml?contentType=application%2Fxml,age=23}
[DEBUG] HttpInputOverHTTP@2b9fd7c2[c=0,q=0,[0]=null,s=STREAM] addContent EOF
[DEBUG] HttpConnection@65fa8c24::SocketChannelEndPoint@77ed8bb4{l=/127.0.0.1:38858,r=/127.0.0.1:42946,OPEN,fill=-,flush=-,to=0/30000}{io=0/0,kio=0,kro=1}->HttpConnection@65fa8c24[p=HttpParser{s=END,0 of -1},g=HttpGenerator@307be154{s=END}]=>HttpChannelOverHttp@c28598b{s=HttpChannelState@5bb2823f{s=IDLE rs=COMPLETED os=COMPLETED is=IDLE awp=false se=false i=false al=0},r=4,c=true/true,a=IDLE,uri=//localhost:38858/FileServlet/htmltests/xml-test.xml?contentType=application%2Fxml,age=23} parsed false HttpParser{s=END,0 of -1}
[DEBUG] recycle HttpChannelState@5bb2823f{s=IDLE rs=COMPLETED os=COMPLETED is=IDLE awp=false se=false i=false al=0}
[DEBUG] reset HttpParser{s=END,0 of -1}
[DEBUG] END --> START
[DEBUG] !handle TERMINATED HttpChannelOverHttp@c28598b{s=HttpChannelState@5bb2823f{s=IDLE rs=BLOCKING os=OPEN is=IDLE awp=false se=false i=true al=0},r=4,c=false/false,a=IDLE,uri=null,age=0}
[DEBUG] HttpConnection@65fa8c24::SocketChannelEndPoint@77ed8bb4{l=/127.0.0.1:38858,r=/127.0.0.1:42946,OPEN,fill=-,flush=-,to=0/30000}{io=0/0,kio=0,kro=1}->HttpConnection@65fa8c24[p=HttpParser{s=START,0 of -1},g=HttpGenerator@307be154{s=START}]=>HttpChannelOverHttp@c28598b{s=HttpChannelState@5bb2823f{s=IDLE rs=BLOCKING os=OPEN is=IDLE awp=false se=false i=true al=0},r=4,c=false/false,a=IDLE,uri=null,age=0} parse HeapByteBuffer@78a30358[p=0,l=290,c=8192,r=290]={<<<GET /EchoServlet HTTP/1.1...nection: keep-alive\r\n\r\n>>>ept: text...\x00\x00\x00\x00\x00\x00\x00} {}
[DEBUG] parseNext s=START HeapByteBuffer@78a30358[p=0,l=290,c=8192,r=290]={<<<GET /EchoServlet HTTP/1.1...nection: keep-alive\r\n\r\n>>>ept: text...\x00\x00\x00\x00\x00\x00\x00}
[DEBUG] START --> SPACE1
[DEBUG] SPACE1 --> URI
[DEBUG] URI --> SPACE2
[DEBUG] SPACE2 --> REQUEST_VERSION
[DEBUG] REQUEST_VERSION --> HEADER
[DEBUG] HEADER:Accept-Encoding: gzip --> IN_VALUE
[DEBUG] HEADER:Accept-Encoding: gzip --> FIELD
[DEBUG] HEADER:User-Agent: Mozilla/5.0 (Windows NT 10.0; Win64; x64) AppleWebKit/537.36 (KHTML, like Gecko) Chrome/79.0.3945.130 Safari/537.36 --> IN_VALUE
[DEBUG] HEADER:User-Agent: Mozilla/5.0 (Windows NT 10.0; Win64; x64) AppleWebKit/537.36 (KHTML, like Gecko) Chrome/79.0.3945.130 Safari/537.36 --> FIELD
[DEBUG] HEADER:Host: localhost:38858 --> IN_VALUE
[DEBUG] HEADER:Host: localhost:38858 --> FIELD
[DEBUG] HEADER:Accept: text/html, image/gif, image/jpeg, *; q=.2, */*; q=.2 --> IN_VALUE
[DEBUG] HEADER:Accept: text/html, image/gif, image/jpeg, *; q=.2, */*; q=.2 --> FIELD
[DEBUG] HEADER:Connection: keep-alive --> IN_VALUE
[DEBUG] HEADER:Connection: keep-alive --> FIELD
[DEBUG] HEADER --> CONTENT
[DEBUG] REQUEST for //localhost:38858/EchoServlet on HttpChannelOverHttp@c28598b{s=HttpChannelState@5bb2823f{s=IDLE rs=BLOCKING os=OPEN is=IDLE awp=false se=false i=true al=0},r=5,c=false/false,a=IDLE,uri=//localhost:38858/EchoServlet,age=0}
GET //localhost:38858/EchoServlet HTTP/1.1
Accept-Encoding: gzip
User-Agent: Mozilla/5.0 (Windows NT 10.0; Win64; x64) AppleWebKit/537.36 (KHTML, like Gecko) Chrome/79.0.3945.130 Safari/537.36
Host: localhost:38858
Accept: text/html, image/gif, image/jpeg, *; q=.2, */*; q=.2
Connection: keep-alive


[DEBUG] HttpConnection@65fa8c24::SocketChannelEndPoint@77ed8bb4{l=/127.0.0.1:38858,r=/127.0.0.1:42946,OPEN,fill=-,flush=-,to=0/30000}{io=0/0,kio=0,kro=1}->HttpConnection@65fa8c24[p=HttpParser{s=CONTENT,0 of -1},g=HttpGenerator@307be154{s=START}]=>HttpChannelOverHttp@c28598b{s=HttpChannelState@5bb2823f{s=IDLE rs=BLOCKING os=OPEN is=IDLE awp=false se=false i=true al=0},r=5,c=false/false,a=IDLE,uri=//localhost:38858/EchoServlet,age=0} parsed true HttpParser{s=CONTENT,0 of -1}
[DEBUG] releaseRequestBuffer HttpConnection@65fa8c24::SocketChannelEndPoint@77ed8bb4{l=/127.0.0.1:38858,r=/127.0.0.1:42946,OPEN,fill=-,flush=-,to=1/30000}{io=0/0,kio=0,kro=1}->HttpConnection@65fa8c24[p=HttpParser{s=CONTENT,0 of -1},g=HttpGenerator@307be154{s=START}]=>HttpChannelOverHttp@c28598b{s=HttpChannelState@5bb2823f{s=IDLE rs=BLOCKING os=OPEN is=IDLE awp=false se=false i=true al=0},r=5,c=false/false,a=IDLE,uri=//localhost:38858/EchoServlet,age=0}
[DEBUG] handle //localhost:38858/EchoServlet HttpChannelOverHttp@c28598b{s=HttpChannelState@5bb2823f{s=IDLE rs=BLOCKING os=OPEN is=IDLE awp=false se=false i=true al=0},r=5,c=false/false,a=IDLE,uri=//localhost:38858/EchoServlet,age=0} 
[DEBUG] handling HttpChannelState@5bb2823f{s=IDLE rs=BLOCKING os=OPEN is=IDLE awp=false se=false i=true al=0}
[DEBUG] action DISPATCH HttpChannelOverHttp@c28598b{s=HttpChannelState@5bb2823f{s=HANDLING rs=BLOCKING os=OPEN is=IDLE awp=false se=false i=true al=0},r=5,c=false/false,a=HANDLING,uri=//localhost:38858/EchoServlet,age=0}
[DEBUG] REQUEST GET /EchoServlet on HttpChannelOverHttp@c28598b{s=HttpChannelState@5bb2823f{s=HANDLING rs=BLOCKING os=OPEN is=IDLE awp=false se=false i=true al=0},r=5,c=false/false,a=HANDLING,uri=//localhost:38858/EchoServlet,age=0}
[DEBUG] servlet null|/EchoServlet|null -> org.jsoup.integration.servlets.EchoServlet-422c3c7a==org.jsoup.integration.servlets.EchoServlet@66e2fba5{jsp=null,order=-1,inst=true,async=true,src=EMBEDDED:null,STARTED}
[DEBUG] chain=null
[DEBUG] write(array HeapByteBuffer@23899781[p=0,l=235,c=512,r=235]={<<<<title>Webserver Environm...\n    <table border="0">>>>\x00\x00\x00\x00\x00\x00\x00\x00\x00...\x00\x00\x00\x00\x00\x00\x00})
[DEBUG] write(array) s=OPEN,api=BLOCKING,sc=false,e=null aggregated !flush DirectByteBuffer@1492b79c[p=0,l=235,c=32768,r=235]={<<<<title>Webserver Environm...\n    <table border="0">>>>;&aaeb;&a...gue. Pr}
[DEBUG] write(array HeapByteBuffer@3a9a7b4b[p=0,l=36,c=512,r=36]={<<<<tr><th>Method</th><td>GET</td></tr>>>>es</title...\x00\x00\x00\x00\x00\x00\x00})
[DEBUG] write(array) s=OPEN,api=BLOCKING,sc=false,e=null aggregated !flush DirectByteBuffer@1492b79c[p=0,l=271,c=32768,r=271]={<<<<title>Webserver Environm...d</th><td>GET</td></tr>>>>;&aaeh;&a...gue. Pr}
[DEBUG] write(array HeapByteBuffer@24487474[p=0,l=1,c=512,r=1]={<<<\n>>>tr><th>Me...\x00\x00\x00\x00\x00\x00\x00})
[DEBUG] write(array) s=OPEN,api=BLOCKING,sc=false,e=null aggregated !flush DirectByteBuffer@1492b79c[p=0,l=272,c=32768,r=272]={<<<<title>Webserver Environm...</th><td>GET</td></tr>\n>>>&aaeh;&aa...gue. Pr}
[DEBUG] write(array HeapByteBuffer@6ec84261[p=0,l=50,c=512,r=50]={<<<<tr><th>Request URI</th><...>/EchoServlet</td></tr>>>> <style t...\x00\x00\x00\x00\x00\x00\x00})
[DEBUG] write(array) s=OPEN,api=BLOCKING,sc=false,e=null aggregated !flush DirectByteBuffer@1492b79c[p=0,l=322,c=32768,r=322]={<<<<title>Webserver Environm...>/EchoServlet</td></tr>>>>afg;&aafh...gue. Pr}
[DEBUG] write(array HeapByteBuffer@192e5a6[p=0,l=1,c=512,r=1]={<<<\n>>>tr><th>Re...\x00\x00\x00\x00\x00\x00\x00})
[DEBUG] write(array) s=OPEN,api=BLOCKING,sc=false,e=null aggregated !flush DirectByteBuffer@1492b79c[p=0,l=323,c=32768,r=323]={<<<<title>Webserver Environm.../EchoServlet</td></tr>\n>>>fg;&aafh;...gue. Pr}
[DEBUG] write(array HeapByteBuffer@68bb86fc[p=0,l=39,c=512,r=39]={<<<<tr><th>Query String</th><td></td></tr>>>>t</td></t...\x00\x00\x00\x00\x00\x00\x00})
[DEBUG] write(array) s=OPEN,api=BLOCKING,sc=false,e=null aggregated !flush DirectByteBuffer@1492b79c[p=0,l=362,c=32768,r=362]={<<<<title>Webserver Environm...ring</th><td></td></tr>>>>&aage;&aa...gue. Pr}
[DEBUG] write(array HeapByteBuffer@f37b44b[p=0,l=1,c=512,r=1]={<<<\n>>>tr><th>Qu...\x00\x00\x00\x00\x00\x00\x00})
[DEBUG] write(array) s=OPEN,api=BLOCKING,sc=false,e=null aggregated !flush DirectByteBuffer@1492b79c[p=0,l=363,c=32768,r=363]={<<<<title>Webserver Environm...ing</th><td></td></tr>\n>>>aage;&aag...gue. Pr}
[DEBUG] write(array HeapByteBuffer@23c02486[p=0,l=85,c=512,r=85]={<<<<tr><th>Accept</th><td>te....2, */*; q=.2</td></tr>>>>, td, th ...\x00\x00\x00\x00\x00\x00\x00})
[DEBUG] write(array) s=OPEN,api=BLOCKING,sc=false,e=null aggregated !flush DirectByteBuffer@1492b79c[p=0,l=448,c=32768,r=448]={<<<<title>Webserver Environm....2, */*; q=.2</td></tr>>>>aia;&aaib...gue. Pr}
[DEBUG] write(array HeapByteBuffer@35e94a8d[p=0,l=1,c=512,r=1]={<<<\n>>>tr><th>Ac...\x00\x00\x00\x00\x00\x00\x00})
[DEBUG] write(array) s=OPEN,api=BLOCKING,sc=false,e=null aggregated !flush DirectByteBuffer@1492b79c[p=0,l=449,c=32768,r=449]={<<<<title>Webserver Environm...2, */*; q=.2</td></tr>\n>>>ia;&aaib;...gue. Pr}
[DEBUG] write(array HeapByteBuffer@1d1b6aa[p=0,l=152,c=512,r=152]={<<<<tr><th>User-Agent</th><t...Safari/537.36</td></tr>>>>      th ...\x00\x00\x00\x00\x00\x00\x00})
[DEBUG] write(array) s=OPEN,api=BLOCKING,sc=false,e=null aggregated !flush DirectByteBuffer@1492b79c[p=0,l=601,c=32768,r=601]={<<<<title>Webserver Environm...Safari/537.36</td></tr>>>>;&abbi;&a...gue. Pr}
[DEBUG] write(array HeapByteBuffer@33f6cf37[p=0,l=1,c=512,r=1]={<<<\n>>>tr><th>Us...\x00\x00\x00\x00\x00\x00\x00})
[DEBUG] write(array) s=OPEN,api=BLOCKING,sc=false,e=null aggregated !flush DirectByteBuffer@1492b79c[p=0,l=602,c=32768,r=602]={<<<<title>Webserver Environm...afari/537.36</td></tr>\n>>>&abbi;&ab...gue. Pr}
[DEBUG] write(array HeapByteBuffer@113029db[p=0,l=47,c=512,r=47]={<<<<tr><th>Connection</th><td>keep-alive</td></tr>>>> NT 10.0;...\x00\x00\x00\x00\x00\x00\x00})
[DEBUG] write(array) s=OPEN,api=BLOCKING,sc=false,e=null aggregated !flush DirectByteBuffer@1492b79c[p=0,l=649,c=32768,r=649]={<<<<title>Webserver Environm...td>keep-alive</td></tr>>>>;&abch;&a...gue. Pr}
[DEBUG] write(array HeapByteBuffer@6e72a452[p=0,l=1,c=512,r=1]={<<<\n>>>tr><th>Co...\x00\x00\x00\x00\x00\x00\x00})
[DEBUG] write(array) s=OPEN,api=BLOCKING,sc=false,e=null aggregated !flush DirectByteBuffer@1492b79c[p=0,l=650,c=32768,r=650]={<<<<title>Webserver Environm...d>keep-alive</td></tr>\n>>>&abch;&ab...gue. Pr}
[DEBUG] write(array HeapByteBuffer@629a2bd0[p=0,l=46,c=512,r=46]={<<<<tr><th>Host</th><td>localhost:38858</td></tr>>>>> NT 10.0...\x00\x00\x00\x00\x00\x00\x00})
[DEBUG] write(array) s=OPEN,api=BLOCKING,sc=false,e=null aggregated !flush DirectByteBuffer@1492b79c[p=0,l=696,c=32768,r=696]={<<<<title>Webserver Environm...calhost:38858</td></tr>>>>f;&abdg;&...gue. Pr}
[DEBUG] write(array HeapByteBuffer@6710cfc3[p=0,l=1,c=512,r=1]={<<<\n>>>tr><th>Ho...\x00\x00\x00\x00\x00\x00\x00})
[DEBUG] write(array) s=OPEN,api=BLOCKING,sc=false,e=null aggregated !flush DirectByteBuffer@1492b79c[p=0,l=697,c=32768,r=697]={<<<<title>Webserver Environm...alhost:38858</td></tr>\n>>>;&abdg;&a...gue. Pr}
[DEBUG] write(array HeapByteBuffer@777e5c0b[p=0,l=46,c=512,r=46]={<<<<tr><th>Accept-Encoding</th><td>gzip</td></tr>>>>> NT 10.0...\x00\x00\x00\x00\x00\x00\x00})
[DEBUG] write(array) s=OPEN,api=BLOCKING,sc=false,e=null aggregated !flush DirectByteBuffer@1492b79c[p=0,l=743,c=32768,r=743]={<<<<title>Webserver Environm...</th><td>gzip</td></tr>>>>ee;&abef;...gue. Pr}
[DEBUG] write(array HeapByteBuffer@cd52682[p=0,l=1,c=512,r=1]={<<<\n>>>tr><th>Ac...\x00\x00\x00\x00\x00\x00\x00})
[DEBUG] write(array) s=OPEN,api=BLOCKING,sc=false,e=null aggregated !flush DirectByteBuffer@1492b79c[p=0,l=744,c=32768,r=744]={<<<<title>Webserver Environm.../th><td>gzip</td></tr>\n>>>e;&abef;&...gue. Pr}
[DEBUG] filled 0 HeapByteBuffer@22b9b50d[p=0,l=0,c=8192,r=0]={<<<>>>GET /File...\x86&h\xA0{\xC1\xC2}
[DEBUG] filled 0 HeapByteBuffer@22b9b50d[p=0,l=0,c=8192,r=0]={<<<>>>GET /File...\x86&h\xA0{\xC1\xC2}
[DEBUG] HttpConnection@65fa8c24::SocketChannelEndPoint@77ed8bb4{l=/127.0.0.1:38858,r=/127.0.0.1:42946,OPEN,fill=-,flush=-,to=2/30000}{io=0/0,kio=0,kro=1}->HttpConnection@65fa8c24[p=HttpParser{s=CONTENT,0 of -1},g=HttpGenerator@307be154{s=START}]=>HttpChannelOverHttp@c28598b{s=HttpChannelState@5bb2823f{s=HANDLING rs=BLOCKING os=OPEN is=IDLE awp=false se=false i=true al=0},r=5,c=false/false,a=HANDLING,uri=//localhost:38858/EchoServlet,age=1} filled 0 HeapByteBuffer@22b9b50d[p=0,l=0,c=8192,r=0]={<<<>>>GET /File...\x86&h\xA0{\xC1\xC2}
[DEBUG] HttpConnection@65fa8c24::SocketChannelEndPoint@77ed8bb4{l=/127.0.0.1:38858,r=/127.0.0.1:42946,OPEN,fill=-,flush=-,to=2/30000}{io=0/0,kio=0,kro=1}->HttpConnection@65fa8c24[p=HttpParser{s=CONTENT,0 of -1},g=HttpGenerator@307be154{s=START}]=>HttpChannelOverHttp@c28598b{s=HttpChannelState@5bb2823f{s=HANDLING rs=BLOCKING os=OPEN is=IDLE awp=false se=false i=true al=0},r=5,c=false/false,a=HANDLING,uri=//localhost:38858/EchoServlet,age=1} parse HeapByteBuffer@22b9b50d[p=0,l=0,c=8192,r=0]={<<<>>>GET /File...\x86&h\xA0{\xC1\xC2} {}
[DEBUG] parseNext s=CONTENT HeapByteBuffer@22b9b50d[p=0,l=0,c=8192,r=0]={<<<>>>GET /File...\x86&h\xA0{\xC1\xC2}
[DEBUG] CONTENT --> CONTENT_END
[DEBUG] onContentComplete HttpChannelOverHttp@c28598b{s=HttpChannelState@5bb2823f{s=HANDLING rs=BLOCKING os=OPEN is=IDLE awp=false se=false i=true al=0},r=5,c=false/false,a=HANDLING,uri=//localhost:38858/EchoServlet,age=2}
[DEBUG] CONTENT_END --> END
[DEBUG] onRequestComplete HttpChannelOverHttp@c28598b{s=HttpChannelState@5bb2823f{s=HANDLING rs=BLOCKING os=OPEN is=IDLE awp=false se=false i=true al=0},r=5,c=false/false,a=HANDLING,uri=//localhost:38858/EchoServlet,age=2}
[DEBUG] HttpInputOverHTTP@2b9fd7c2[c=0,q=0,[0]=null,s=STREAM] addContent EOF
[DEBUG] HttpConnection@65fa8c24::SocketChannelEndPoint@77ed8bb4{l=/127.0.0.1:38858,r=/127.0.0.1:42946,OPEN,fill=-,flush=-,to=2/30000}{io=0/0,kio=0,kro=1}->HttpConnection@65fa8c24[p=HttpParser{s=END,0 of -1},g=HttpGenerator@307be154{s=START}]=>HttpChannelOverHttp@c28598b{s=HttpChannelState@5bb2823f{s=HANDLING rs=BLOCKING os=OPEN is=IDLE awp=false se=false i=true al=0},r=5,c=false/false,a=HANDLING,uri=//localhost:38858/EchoServlet,age=2} parsed false HttpParser{s=END,0 of -1}
[DEBUG] releaseRequestBuffer HttpConnection@65fa8c24::SocketChannelEndPoint@77ed8bb4{l=/127.0.0.1:38858,r=/127.0.0.1:42946,OPEN,fill=-,flush=-,to=2/30000}{io=0/0,kio=0,kro=1}->HttpConnection@65fa8c24[p=HttpParser{s=END,0 of -1},g=HttpGenerator@307be154{s=START}]=>HttpChannelOverHttp@c28598b{s=HttpChannelState@5bb2823f{s=HANDLING rs=BLOCKING os=OPEN is=IDLE awp=false se=false i=true al=0},r=5,c=false/false,a=HANDLING,uri=//localhost:38858/EchoServlet,age=2}
[DEBUG] onEof HttpChannelState@5bb2823f{s=HANDLING rs=BLOCKING os=OPEN is=IDLE awp=false se=false i=true al=0}
[DEBUG] write(array HeapByteBuffer@3f224863[p=0,l=8,c=512,r=8]={<<<</table>>>>Accept-En...\x00\x00\x00\x00\x00\x00\x00})
[DEBUG] write(array) s=OPEN,api=BLOCKING,sc=false,e=null aggregated !flush DirectByteBuffer@1492b79c[p=0,l=752,c=32768,r=752]={<<<<title>Webserver Environm...gzip</td></tr>\n</table>>>>&abeg;&ab...gue. Pr}
[DEBUG] write(array HeapByteBuffer@5e2df693[p=0,l=1,c=512,r=1]={<<<\n>>>/table>Ac...\x00\x00\x00\x00\x00\x00\x00})
[DEBUG] write(array) s=OPEN,api=BLOCKING,sc=false,e=null aggregated !flush DirectByteBuffer@1492b79c[p=0,l=753,c=32768,r=753]={<<<<title>Webserver Environm...zip</td></tr>\n</table>\n>>>abeg;&abe...gue. Pr}
[DEBUG] handled=true async=false committed=false on HttpChannelOverHttp@c28598b{s=HttpChannelState@5bb2823f{s=HANDLING rs=BLOCKING os=OPEN is=READY awp=false se=false i=true al=0},r=5,c=false/false,a=HANDLING,uri=//localhost:38858/EchoServlet,age=2}
[DEBUG] unhandle HttpChannelState@5bb2823f{s=HANDLING rs=BLOCKING os=OPEN is=READY awp=false se=false i=true al=0}
[DEBUG] nextAction(false) COMPLETE HttpChannelState@5bb2823f{s=HANDLING rs=COMPLETING os=OPEN is=READY awp=false se=false i=false al=0}
[DEBUG] action COMPLETE HttpChannelOverHttp@c28598b{s=HttpChannelState@5bb2823f{s=HANDLING rs=COMPLETING os=OPEN is=READY awp=false se=false i=false al=0},r=5,c=false/false,a=HANDLING,uri=//localhost:38858/EchoServlet,age=2}
[DEBUG] complete(org.eclipse.jetty.util.Callback$3@5bb66759) s=CLOSING,api=BLOCKED,sc=false,e=null s=false e=null, c=DirectByteBuffer@1492b79c[p=0,l=753,c=32768,r=753]={<<<<title>Webserver Environm...zip</td></tr>\n</table>\n>>>abeg;&abe...gue. Pr}
[DEBUG] sendResponse info=null content=DirectByteBuffer@1492b79c[p=0,l=753,c=32768,r=753]={<<<<title>Webserver Environm...zip</td></tr>\n</table>\n>>>abeg;&abe...gue. Pr} complete=true committing=true callback=org.eclipse.jetty.server.HttpOutput$WriteCompleteCB@7ef2bb9b
[DEBUG] COMMIT for /EchoServlet on HttpChannelOverHttp@c28598b{s=HttpChannelState@5bb2823f{s=HANDLING rs=COMPLETING os=COMMITTED is=READY awp=false se=false i=false al=0},r=5,c=false/false,a=HANDLING,uri=//localhost:38858/EchoServlet,age=2}
200 null HTTP/1.1
Date: Mon, 20 Sep 2021 19:30:12 GMT
Content-Type: text/html;charset=utf-8
Cache-Control: no-cache
Cache-Control: no-store


[DEBUG] generate: NEED_HEADER for SendCallback@606934da[PROCESSING][i=HTTP/1.1{s=200,h=4,cl=-1},cb=org.eclipse.jetty.server.HttpChannel$SendCallback@53be9576] (null,[p=0,l=753,c=32768,r=753],true)@START
[DEBUG] generateHeaders HTTP/1.1{s=200,h=4,cl=-1} last=true content=DirectByteBuffer@1492b79c[p=0,l=753,c=32768,r=753]={<<<<title>Webserver Environm...zip</td></tr>\n</table>\n>>>abeg;&abe...gue. Pr}
[DEBUG] Date: Mon, 20 Sep 2021 19:30:12 GMT
Content-Type: text/html;charset=utf-8
Cache-Control: no-cache
Cache-Control: no-store


[DEBUG] CONTENT_LENGTH
[DEBUG] generate: FLUSH for SendCallback@606934da[PROCESSING][i=HTTP/1.1{s=200,h=4,cl=-1},cb=org.eclipse.jetty.server.HttpChannel$SendCallback@53be9576] ([p=0,l=199,c=8192,r=199],[p=0,l=753,c=32768,r=753],true)@COMPLETING
[DEBUG] write: WriteFlusher@6dfe4884{IDLE}->null [HeapByteBuffer@41e05b38[p=0,l=199,c=8192,r=199]={<<<HTTP/1.1 200 OK\r\nDate: Mo...y(9.4.43.v20210629)\r\n\r\n>>>4) AppleW...\x00\x00\x00\x00\x00\x00\x00},DirectByteBuffer@1492b79c[p=0,l=753,c=32768,r=753]={<<<<title>Webserver Environm...zip</td></tr>\n</table>\n>>>abeg;&abe...gue. Pr}]
[DEBUG] update WriteFlusher@6dfe4884{WRITING}->null:IDLE-->WRITING
]]></system-out>
  </testcase>
  <testcase name="fetchToW3c" classname="org.jsoup.integration.ConnectTest" time="0.024">
    <system-out><![CDATA[[DEBUG] flushed 952 SocketChannelEndPoint@77ed8bb4{l=/127.0.0.1:38858,r=/127.0.0.1:42946,OPEN,fill=-,flush=W,to=13/30000}{io=0/0,kio=0,kro=1}->HttpConnection@65fa8c24[p=HttpParser{s=END,0 of -1},g=HttpGenerator@307be154{s=COMPLETING}]=>HttpChannelOverHttp@c28598b{s=HttpChannelState@5bb2823f{s=HANDLING rs=COMPLETING os=COMMITTED is=READY awp=false se=false i=false al=0},r=5,c=false/false,a=HANDLING,uri=//localhost:38858/EchoServlet,age=12}
[DEBUG] Flushed=true written=952 remaining=0 WriteFlusher@6dfe4884{WRITING}->null
[DEBUG] update WriteFlusher@6dfe4884{IDLE}->null:WRITING-->IDLE
[DEBUG] generate: DONE for SendCallback@606934da[PROCESSING][i=HTTP/1.1{s=200,h=4,cl=-1},cb=org.eclipse.jetty.server.HttpChannel$SendCallback@53be9576] ([p=199,l=199,c=8192,r=0],[p=753,l=753,c=32768,r=0],true)@END
[DEBUG] onWriteComplete(true,null) s=CLOSING,api=BLOCKED,sc=false,e=null->s=CLOSED,api=BLOCKING,sc=false,e=null c=null cb=org.eclipse.jetty.util.Callback$3@5bb66759 w=false
[DEBUG] completed HttpChannelState@5bb2823f{s=HANDLING rs=COMPLETING os=COMPLETED is=READY awp=false se=false i=false al=0}
[DEBUG] unhandle HttpChannelState@5bb2823f{s=HANDLING rs=COMPLETED os=COMPLETED is=READY awp=false se=false i=false al=0}
[DEBUG] nextAction(false) TERMINATED HttpChannelState@5bb2823f{s=IDLE rs=COMPLETED os=COMPLETED is=READY awp=false se=false i=false al=0}
[DEBUG] action TERMINATED HttpChannelOverHttp@c28598b{s=HttpChannelState@5bb2823f{s=IDLE rs=COMPLETED os=COMPLETED is=READY awp=false se=false i=false al=0},r=5,c=true/true,a=IDLE,uri=//localhost:38858/EchoServlet,age=13}
[DEBUG] onCompleted for /EchoServlet written=753
[DEBUG] recycle HttpChannelState@5bb2823f{s=IDLE rs=COMPLETED os=COMPLETED is=READY awp=false se=false i=false al=0}
[DEBUG] reset HttpParser{s=END,0 of -1}
[DEBUG] END --> START
[DEBUG] !handle TERMINATED HttpChannelOverHttp@c28598b{s=HttpChannelState@5bb2823f{s=IDLE rs=BLOCKING os=OPEN is=IDLE awp=false se=false i=true al=0},r=5,c=false/false,a=IDLE,uri=null,age=0}
[DEBUG] filled 317 HeapByteBuffer@78a30358[p=0,l=317,c=8192,r=317]={<<<GET /FileServlet/htmltest...nection: keep-alive\r\n\r\n>>>image/jpe...\x00\x00\x00\x00\x00\x00\x00}
[DEBUG] HttpConnection@65fa8c24::SocketChannelEndPoint@77ed8bb4{l=/127.0.0.1:38858,r=/127.0.0.1:42946,OPEN,fill=-,flush=-,to=0/30000}{io=0/0,kio=0,kro=1}->HttpConnection@65fa8c24[p=HttpParser{s=START,0 of -1},g=HttpGenerator@307be154{s=START}]=>HttpChannelOverHttp@c28598b{s=HttpChannelState@5bb2823f{s=IDLE rs=BLOCKING os=OPEN is=IDLE awp=false se=false i=true al=0},r=5,c=false/false,a=IDLE,uri=null,age=0} filled 317 HeapByteBuffer@78a30358[p=0,l=317,c=8192,r=317]={<<<GET /FileServlet/htmltest...nection: keep-alive\r\n\r\n>>>image/jpe...\x00\x00\x00\x00\x00\x00\x00}
[DEBUG] HttpConnection@65fa8c24::SocketChannelEndPoint@77ed8bb4{l=/127.0.0.1:38858,r=/127.0.0.1:42946,OPEN,fill=-,flush=-,to=0/30000}{io=0/0,kio=0,kro=1}->HttpConnection@65fa8c24[p=HttpParser{s=START,0 of -1},g=HttpGenerator@307be154{s=START}]=>HttpChannelOverHttp@c28598b{s=HttpChannelState@5bb2823f{s=IDLE rs=BLOCKING os=OPEN is=IDLE awp=false se=false i=true al=0},r=5,c=false/false,a=IDLE,uri=null,age=0} parse HeapByteBuffer@78a30358[p=0,l=317,c=8192,r=317]={<<<GET /FileServlet/htmltest...nection: keep-alive\r\n\r\n>>>image/jpe...\x00\x00\x00\x00\x00\x00\x00} {}
[DEBUG] parseNext s=START HeapByteBuffer@78a30358[p=0,l=317,c=8192,r=317]={<<<GET /FileServlet/htmltest...nection: keep-alive\r\n\r\n>>>image/jpe...\x00\x00\x00\x00\x00\x00\x00}
[DEBUG] START --> SPACE1
[DEBUG] SPACE1 --> URI
[DEBUG] URI --> SPACE2
[DEBUG] SPACE2 --> REQUEST_VERSION
[DEBUG] REQUEST_VERSION --> HEADER
[DEBUG] HEADER:Accept-Encoding: gzip --> IN_VALUE
[DEBUG] HEADER:Accept-Encoding: gzip --> FIELD
[DEBUG] HEADER:User-Agent: Mozilla/5.0 (Windows NT 10.0; Win64; x64) AppleWebKit/537.36 (KHTML, like Gecko) Chrome/79.0.3945.130 Safari/537.36 --> IN_VALUE
[DEBUG] HEADER:User-Agent: Mozilla/5.0 (Windows NT 10.0; Win64; x64) AppleWebKit/537.36 (KHTML, like Gecko) Chrome/79.0.3945.130 Safari/537.36 --> FIELD
[DEBUG] HEADER:Host: localhost:38858 --> IN_VALUE
[DEBUG] HEADER:Host: localhost:38858 --> FIELD
[DEBUG] HEADER:Accept: text/html, image/gif, image/jpeg, *; q=.2, */*; q=.2 --> IN_VALUE
[DEBUG] HEADER:Accept: text/html, image/gif, image/jpeg, *; q=.2, */*; q=.2 --> FIELD
[DEBUG] HEADER:Connection: keep-alive --> IN_VALUE
[DEBUG] HEADER:Connection: keep-alive --> FIELD
[DEBUG] HEADER --> CONTENT
[DEBUG] REQUEST for //localhost:38858/FileServlet/htmltests/upload-form.html on HttpChannelOverHttp@c28598b{s=HttpChannelState@5bb2823f{s=IDLE rs=BLOCKING os=OPEN is=IDLE awp=false se=false i=true al=0},r=6,c=false/false,a=IDLE,uri=//localhost:38858/FileServlet/htmltests/upload-form.html,age=0}
GET //localhost:38858/FileServlet/htmltests/upload-form.html HTTP/1.1
Accept-Encoding: gzip
User-Agent: Mozilla/5.0 (Windows NT 10.0; Win64; x64) AppleWebKit/537.36 (KHTML, like Gecko) Chrome/79.0.3945.130 Safari/537.36
Host: localhost:38858
Accept: text/html, image/gif, image/jpeg, *; q=.2, */*; q=.2
Connection: keep-alive


[DEBUG] HttpConnection@65fa8c24::SocketChannelEndPoint@77ed8bb4{l=/127.0.0.1:38858,r=/127.0.0.1:42946,OPEN,fill=-,flush=-,to=0/30000}{io=0/0,kio=0,kro=1}->HttpConnection@65fa8c24[p=HttpParser{s=CONTENT,0 of -1},g=HttpGenerator@307be154{s=START}]=>HttpChannelOverHttp@c28598b{s=HttpChannelState@5bb2823f{s=IDLE rs=BLOCKING os=OPEN is=IDLE awp=false se=false i=true al=0},r=6,c=false/false,a=IDLE,uri=//localhost:38858/FileServlet/htmltests/upload-form.html,age=0} parsed true HttpParser{s=CONTENT,0 of -1}
[DEBUG] releaseRequestBuffer HttpConnection@65fa8c24::SocketChannelEndPoint@77ed8bb4{l=/127.0.0.1:38858,r=/127.0.0.1:42946,OPEN,fill=-,flush=-,to=0/30000}{io=0/0,kio=0,kro=1}->HttpConnection@65fa8c24[p=HttpParser{s=CONTENT,0 of -1},g=HttpGenerator@307be154{s=START}]=>HttpChannelOverHttp@c28598b{s=HttpChannelState@5bb2823f{s=IDLE rs=BLOCKING os=OPEN is=IDLE awp=false se=false i=true al=0},r=6,c=false/false,a=IDLE,uri=//localhost:38858/FileServlet/htmltests/upload-form.html,age=0}
[DEBUG] handle //localhost:38858/FileServlet/htmltests/upload-form.html HttpChannelOverHttp@c28598b{s=HttpChannelState@5bb2823f{s=IDLE rs=BLOCKING os=OPEN is=IDLE awp=false se=false i=true al=0},r=6,c=false/false,a=IDLE,uri=//localhost:38858/FileServlet/htmltests/upload-form.html,age=1} 
[DEBUG] handling HttpChannelState@5bb2823f{s=IDLE rs=BLOCKING os=OPEN is=IDLE awp=false se=false i=true al=0}
[DEBUG] action DISPATCH HttpChannelOverHttp@c28598b{s=HttpChannelState@5bb2823f{s=HANDLING rs=BLOCKING os=OPEN is=IDLE awp=false se=false i=true al=0},r=6,c=false/false,a=HANDLING,uri=//localhost:38858/FileServlet/htmltests/upload-form.html,age=1}
[DEBUG] REQUEST GET /FileServlet/htmltests/upload-form.html on HttpChannelOverHttp@c28598b{s=HttpChannelState@5bb2823f{s=HANDLING rs=BLOCKING os=OPEN is=IDLE awp=false se=false i=true al=0},r=6,c=false/false,a=HANDLING,uri=//localhost:38858/FileServlet/htmltests/upload-form.html,age=1}
[DEBUG] servlet null|/FileServlet|/htmltests/upload-form.html -> org.jsoup.integration.servlets.FileServlet-3fffff43==org.jsoup.integration.servlets.FileServlet@bc0855c5{jsp=null,order=-1,inst=true,async=true,src=EMBEDDED:null,STARTED}
[DEBUG] chain=null
[DEBUG] write(array HeapByteBuffer@621678fc[p=0,l=404,c=8192,r=404]={<<<<html>\n<head>\n  <title>Up...form>\n\n</body>\n</html>\n>>>\x00\x00\x00\x00\x00\x00\x00\x00\x00...\x00\x00\x00\x00\x00\x00\x00})
[DEBUG] write(array) s=OPEN,api=BLOCKING,sc=false,e=null aggregated !flush DirectByteBuffer@1667663f[p=0,l=404,c=32768,r=404]={<<<<html>\n<head>\n  <title>Up...form>\n\n</body>\n</html>\n>>>h>Accept<...gue. Pr}
[DEBUG] sendResponse info=null content=DirectByteBuffer@1667663f[p=0,l=404,c=32768,r=404]={<<<<html>\n<head>\n  <title>Up...form>\n\n</body>\n</html>\n>>>h>Accept<...gue. Pr} complete=false committing=true callback=Blocker@f8d6b34{null}
[DEBUG] COMMIT for /FileServlet/htmltests/upload-form.html on HttpChannelOverHttp@c28598b{s=HttpChannelState@5bb2823f{s=HANDLING rs=BLOCKING os=COMMITTED is=IDLE awp=false se=false i=true al=0},r=6,c=false/false,a=HANDLING,uri=//localhost:38858/FileServlet/htmltests/upload-form.html,age=1}
200 null HTTP/1.1
Date: Mon, 20 Sep 2021 19:30:12 GMT
Content-Type: text/html


[DEBUG] generate: NEED_HEADER for SendCallback@606934da[PROCESSING][i=HTTP/1.1{s=200,h=2,cl=-1},cb=org.eclipse.jetty.server.HttpChannel$SendCallback@a724748] (null,[p=0,l=404,c=32768,r=404],false)@START
[DEBUG] generateHeaders HTTP/1.1{s=200,h=2,cl=-1} last=false content=DirectByteBuffer@1667663f[p=0,l=404,c=32768,r=404]={<<<<html>\n<head>\n  <title>Up...form>\n\n</body>\n</html>\n>>>h>Accept<...gue. Pr}
[DEBUG] Date: Mon, 20 Sep 2021 19:30:12 GMT
Content-Type: text/html


[DEBUG] CHUNKED_CONTENT
[DEBUG] generate: FLUSH for SendCallback@606934da[PROCESSING][i=HTTP/1.1{s=200,h=2,cl=-1},cb=org.eclipse.jetty.server.HttpChannel$SendCallback@a724748] ([p=0,l=147,c=8192,r=147],[p=0,l=404,c=32768,r=404],false)@COMMITTED
[DEBUG] write: WriteFlusher@6dfe4884{IDLE}->null [HeapByteBuffer@22b9b50d[p=0,l=147,c=8192,r=147]={<<<HTTP/1.1 200 OK\r\nDate: Mo....43.v20210629)\r\n\r\n194\r\n>>>n64; x64)...\x86&h\xA0{\xC1\xC2},DirectByteBuffer@1667663f[p=0,l=404,c=32768,r=404]={<<<<html>\n<head>\n  <title>Up...form>\n\n</body>\n</html>\n>>>h>Accept<...gue. Pr}]
[DEBUG] update WriteFlusher@6dfe4884{WRITING}->null:IDLE-->WRITING
[DEBUG] flushed 551 SocketChannelEndPoint@77ed8bb4{l=/127.0.0.1:38858,r=/127.0.0.1:42946,OPEN,fill=-,flush=W,to=11/30000}{io=0/0,kio=0,kro=1}->HttpConnection@65fa8c24[p=HttpParser{s=CONTENT,0 of -1},g=HttpGenerator@307be154{s=COMMITTED}]=>HttpChannelOverHttp@c28598b{s=HttpChannelState@5bb2823f{s=HANDLING rs=BLOCKING os=COMMITTED is=IDLE awp=false se=false i=true al=0},r=6,c=false/false,a=HANDLING,uri=//localhost:38858/FileServlet/htmltests/upload-form.html,age=12}
[DEBUG] Flushed=true written=551 remaining=0 WriteFlusher@6dfe4884{WRITING}->null
[DEBUG] update WriteFlusher@6dfe4884{IDLE}->null:WRITING-->IDLE
[DEBUG] generate: DONE for SendCallback@606934da[PROCESSING][i=HTTP/1.1{s=200,h=2,cl=-1},cb=org.eclipse.jetty.server.HttpChannel$SendCallback@a724748] ([p=147,l=147,c=8192,r=0],[p=404,l=404,c=32768,r=0],false)@COMMITTED
[DEBUG] onWriteComplete(false,null) s=OPEN,api=BLOCKED,sc=false,e=null->s=OPEN,api=BLOCKING,sc=false,e=null c=null cb=null w=false
[DEBUG] handled=true async=false committed=true on HttpChannelOverHttp@c28598b{s=HttpChannelState@5bb2823f{s=HANDLING rs=BLOCKING os=COMMITTED is=IDLE awp=false se=false i=true al=0},r=6,c=false/false,a=HANDLING,uri=//localhost:38858/FileServlet/htmltests/upload-form.html,age=12}
[DEBUG] unhandle HttpChannelState@5bb2823f{s=HANDLING rs=BLOCKING os=COMMITTED is=IDLE awp=false se=false i=true al=0}
[DEBUG] nextAction(false) COMPLETE HttpChannelState@5bb2823f{s=HANDLING rs=COMPLETING os=COMMITTED is=IDLE awp=false se=false i=false al=0}
[DEBUG] action COMPLETE HttpChannelOverHttp@c28598b{s=HttpChannelState@5bb2823f{s=HANDLING rs=COMPLETING os=COMMITTED is=IDLE awp=false se=false i=false al=0},r=6,c=false/false,a=HANDLING,uri=//localhost:38858/FileServlet/htmltests/upload-form.html,age=12}
[DEBUG] complete(org.eclipse.jetty.util.Callback$3@61370bfe) s=CLOSING,api=BLOCKED,sc=false,e=null s=false e=null, c=HeapByteBuffer@11848662[p=0,l=0,c=0,r=0]={<<<>>>}
[DEBUG] sendResponse info=null content=HeapByteBuffer@11848662[p=0,l=0,c=0,r=0]={<<<>>>} complete=true committing=false callback=org.eclipse.jetty.server.HttpOutput$WriteCompleteCB@4605378b
[DEBUG] generate: CONTINUE for SendCallback@606934da[PROCESSING][i=null,cb=org.eclipse.jetty.server.HttpChannel$SendCallback@1785762f] (null,[p=0,l=0,c=0,r=0],true)@COMPLETING
[DEBUG] generate: NEED_CHUNK for SendCallback@606934da[PROCESSING][i=null,cb=org.eclipse.jetty.server.HttpChannel$SendCallback@1785762f] (null,[p=0,l=0,c=0,r=0],true)@COMPLETING
[DEBUG] generate: FLUSH for SendCallback@606934da[PROCESSING][i=null,cb=org.eclipse.jetty.server.HttpChannel$SendCallback@1785762f] (null,[p=0,l=0,c=0,r=0],true)@COMPLETING
[DEBUG] write: WriteFlusher@6dfe4884{IDLE}->null [HeapByteBuffer@e6dab5c[p=0,l=7,c=1024,r=7]={<<<\r\n0\r\n\r\n>>>\n\x00\x00\x00\x00\x00\x00\x00\x00...\x00\x00\x00\x00\x00\x00\x00}]
[DEBUG] update WriteFlusher@6dfe4884{WRITING}->null:IDLE-->WRITING
]]></system-out>
  </testcase>
  <testcase name="testBinaryContentTypeThrowsException" classname="org.jsoup.integration.ConnectTest" time="0.008">
    <system-out><![CDATA[[DEBUG] flushed 7 SocketChannelEndPoint@77ed8bb4{l=/127.0.0.1:38858,r=/127.0.0.1:42946,OPEN,fill=-,flush=W,to=8/30000}{io=0/0,kio=0,kro=1}->HttpConnection@65fa8c24[p=HttpParser{s=CONTENT,0 of -1},g=HttpGenerator@307be154{s=COMPLETING}]=>HttpChannelOverHttp@c28598b{s=HttpChannelState@5bb2823f{s=HANDLING rs=COMPLETING os=COMMITTED is=IDLE awp=false se=false i=false al=0},r=6,c=false/false,a=HANDLING,uri=//localhost:38858/FileServlet/htmltests/upload-form.html,age=20}
[DEBUG] Flushed=true written=7 remaining=0 WriteFlusher@6dfe4884{WRITING}->null
[DEBUG] update WriteFlusher@6dfe4884{IDLE}->null:WRITING-->IDLE
[DEBUG] generate: DONE for SendCallback@606934da[PROCESSING][i=null,cb=org.eclipse.jetty.server.HttpChannel$SendCallback@1785762f] (null,[p=0,l=0,c=0,r=0],true)@END
[DEBUG] onWriteComplete(true,null) s=CLOSING,api=BLOCKED,sc=false,e=null->s=CLOSED,api=BLOCKING,sc=false,e=null c=null cb=org.eclipse.jetty.util.Callback$3@61370bfe w=false
[DEBUG] completed HttpChannelState@5bb2823f{s=HANDLING rs=COMPLETING os=COMPLETED is=IDLE awp=false se=false i=false al=0}
[DEBUG] unhandle HttpChannelState@5bb2823f{s=HANDLING rs=COMPLETED os=COMPLETED is=IDLE awp=false se=false i=false al=0}
[DEBUG] nextAction(false) TERMINATED HttpChannelState@5bb2823f{s=IDLE rs=COMPLETED os=COMPLETED is=IDLE awp=false se=false i=false al=0}
[DEBUG] action TERMINATED HttpChannelOverHttp@c28598b{s=HttpChannelState@5bb2823f{s=IDLE rs=COMPLETED os=COMPLETED is=IDLE awp=false se=false i=false al=0},r=6,c=true/true,a=IDLE,uri=//localhost:38858/FileServlet/htmltests/upload-form.html,age=21}
[DEBUG] onCompleted for /FileServlet/htmltests/upload-form.html written=404
[DEBUG] filled 335 HeapByteBuffer@41e05b38[p=0,l=335,c=8192,r=335]={<<<GET /FileServlet/htmltest...nection: keep-alive\r\n\r\n>>>/jpeg, *;...\x00\x00\x00\x00\x00\x00\x00}
[DEBUG] HttpConnection@65fa8c24::SocketChannelEndPoint@77ed8bb4{l=/127.0.0.1:38858,r=/127.0.0.1:42946,OPEN,fill=-,flush=-,to=0/30000}{io=0/0,kio=0,kro=1}->HttpConnection@65fa8c24[p=HttpParser{s=CONTENT,0 of -1},g=HttpGenerator@307be154{s=END}]=>HttpChannelOverHttp@c28598b{s=HttpChannelState@5bb2823f{s=IDLE rs=COMPLETED os=COMPLETED is=IDLE awp=false se=false i=false al=0},r=6,c=true/true,a=IDLE,uri=//localhost:38858/FileServlet/htmltests/upload-form.html,age=21} filled 335 HeapByteBuffer@41e05b38[p=0,l=335,c=8192,r=335]={<<<GET /FileServlet/htmltest...nection: keep-alive\r\n\r\n>>>/jpeg, *;...\x00\x00\x00\x00\x00\x00\x00}
[DEBUG] HttpConnection@65fa8c24::SocketChannelEndPoint@77ed8bb4{l=/127.0.0.1:38858,r=/127.0.0.1:42946,OPEN,fill=-,flush=-,to=0/30000}{io=0/0,kio=0,kro=1}->HttpConnection@65fa8c24[p=HttpParser{s=CONTENT,0 of -1},g=HttpGenerator@307be154{s=END}]=>HttpChannelOverHttp@c28598b{s=HttpChannelState@5bb2823f{s=IDLE rs=COMPLETED os=COMPLETED is=IDLE awp=false se=false i=false al=0},r=6,c=true/true,a=IDLE,uri=//localhost:38858/FileServlet/htmltests/upload-form.html,age=21} parse HeapByteBuffer@41e05b38[p=0,l=335,c=8192,r=335]={<<<GET /FileServlet/htmltest...nection: keep-alive\r\n\r\n>>>/jpeg, *;...\x00\x00\x00\x00\x00\x00\x00} {}
[DEBUG] parseNext s=CONTENT HeapByteBuffer@41e05b38[p=0,l=335,c=8192,r=335]={<<<GET /FileServlet/htmltest...nection: keep-alive\r\n\r\n>>>/jpeg, *;...\x00\x00\x00\x00\x00\x00\x00}
[DEBUG] CONTENT --> CONTENT_END
[DEBUG] onContentComplete HttpChannelOverHttp@c28598b{s=HttpChannelState@5bb2823f{s=IDLE rs=COMPLETED os=COMPLETED is=IDLE awp=false se=false i=false al=0},r=6,c=true/true,a=IDLE,uri=//localhost:38858/FileServlet/htmltests/upload-form.html,age=21}
[DEBUG] CONTENT_END --> END
[DEBUG] onRequestComplete HttpChannelOverHttp@c28598b{s=HttpChannelState@5bb2823f{s=IDLE rs=COMPLETED os=COMPLETED is=IDLE awp=false se=false i=false al=0},r=6,c=true/true,a=IDLE,uri=//localhost:38858/FileServlet/htmltests/upload-form.html,age=21}
[DEBUG] HttpInputOverHTTP@2b9fd7c2[c=0,q=0,[0]=null,s=STREAM] addContent EOF
[DEBUG] HttpConnection@65fa8c24::SocketChannelEndPoint@77ed8bb4{l=/127.0.0.1:38858,r=/127.0.0.1:42946,OPEN,fill=-,flush=-,to=0/30000}{io=0/0,kio=0,kro=1}->HttpConnection@65fa8c24[p=HttpParser{s=END,0 of -1},g=HttpGenerator@307be154{s=END}]=>HttpChannelOverHttp@c28598b{s=HttpChannelState@5bb2823f{s=IDLE rs=COMPLETED os=COMPLETED is=IDLE awp=false se=false i=false al=0},r=6,c=true/true,a=IDLE,uri=//localhost:38858/FileServlet/htmltests/upload-form.html,age=21} parsed false HttpParser{s=END,0 of -1}
[DEBUG] recycle HttpChannelState@5bb2823f{s=IDLE rs=COMPLETED os=COMPLETED is=IDLE awp=false se=false i=false al=0}
[DEBUG] reset HttpParser{s=END,0 of -1}
[DEBUG] END --> START
[DEBUG] !handle TERMINATED HttpChannelOverHttp@c28598b{s=HttpChannelState@5bb2823f{s=IDLE rs=BLOCKING os=OPEN is=IDLE awp=false se=false i=true al=0},r=6,c=false/false,a=IDLE,uri=null,age=0}
[DEBUG] HttpConnection@65fa8c24::SocketChannelEndPoint@77ed8bb4{l=/127.0.0.1:38858,r=/127.0.0.1:42946,OPEN,fill=-,flush=-,to=0/30000}{io=0/0,kio=0,kro=1}->HttpConnection@65fa8c24[p=HttpParser{s=START,0 of -1},g=HttpGenerator@307be154{s=START}]=>HttpChannelOverHttp@c28598b{s=HttpChannelState@5bb2823f{s=IDLE rs=BLOCKING os=OPEN is=IDLE awp=false se=false i=true al=0},r=6,c=false/false,a=IDLE,uri=null,age=0} parse HeapByteBuffer@41e05b38[p=0,l=335,c=8192,r=335]={<<<GET /FileServlet/htmltest...nection: keep-alive\r\n\r\n>>>/jpeg, *;...\x00\x00\x00\x00\x00\x00\x00} {}
[DEBUG] parseNext s=START HeapByteBuffer@41e05b38[p=0,l=335,c=8192,r=335]={<<<GET /FileServlet/htmltest...nection: keep-alive\r\n\r\n>>>/jpeg, *;...\x00\x00\x00\x00\x00\x00\x00}
[DEBUG] START --> SPACE1
[DEBUG] SPACE1 --> URI
[DEBUG] URI --> SPACE2
[DEBUG] SPACE2 --> REQUEST_VERSION
[DEBUG] REQUEST_VERSION --> HEADER
[DEBUG] HEADER:Accept-Encoding: gzip --> IN_VALUE
[DEBUG] HEADER:Accept-Encoding: gzip --> FIELD
[DEBUG] HEADER:User-Agent: Mozilla/5.0 (Windows NT 10.0; Win64; x64) AppleWebKit/537.36 (KHTML, like Gecko) Chrome/79.0.3945.130 Safari/537.36 --> IN_VALUE
[DEBUG] HEADER:User-Agent: Mozilla/5.0 (Windows NT 10.0; Win64; x64) AppleWebKit/537.36 (KHTML, like Gecko) Chrome/79.0.3945.130 Safari/537.36 --> FIELD
[DEBUG] HEADER:Host: localhost:38858 --> IN_VALUE
[DEBUG] HEADER:Host: localhost:38858 --> FIELD
[DEBUG] HEADER:Accept: text/html, image/gif, image/jpeg, *; q=.2, */*; q=.2 --> IN_VALUE
[DEBUG] HEADER:Accept: text/html, image/gif, image/jpeg, *; q=.2, */*; q=.2 --> FIELD
[DEBUG] HEADER:Connection: keep-alive --> IN_VALUE
[DEBUG] HEADER:Connection: keep-alive --> FIELD
[DEBUG] HEADER --> CONTENT
[DEBUG] REQUEST for //localhost:38858/FileServlet/htmltests/thumb.jpg?contentType=image%2Fjpeg on HttpChannelOverHttp@c28598b{s=HttpChannelState@5bb2823f{s=IDLE rs=BLOCKING os=OPEN is=IDLE awp=false se=false i=true al=0},r=7,c=false/false,a=IDLE,uri=//localhost:38858/FileServlet/htmltests/thumb.jpg?contentType=image%2Fjpeg,age=0}
GET //localhost:38858/FileServlet/htmltests/thumb.jpg?contentType=image%2Fjpeg HTTP/1.1
Accept-Encoding: gzip
User-Agent: Mozilla/5.0 (Windows NT 10.0; Win64; x64) AppleWebKit/537.36 (KHTML, like Gecko) Chrome/79.0.3945.130 Safari/537.36
Host: localhost:38858
Accept: text/html, image/gif, image/jpeg, *; q=.2, */*; q=.2
Connection: keep-alive


[DEBUG] HttpConnection@65fa8c24::SocketChannelEndPoint@77ed8bb4{l=/127.0.0.1:38858,r=/127.0.0.1:42946,OPEN,fill=-,flush=-,to=3/30000}{io=0/0,kio=0,kro=1}->HttpConnection@65fa8c24[p=HttpParser{s=CONTENT,0 of -1},g=HttpGenerator@307be154{s=START}]=>HttpChannelOverHttp@c28598b{s=HttpChannelState@5bb2823f{s=IDLE rs=BLOCKING os=OPEN is=IDLE awp=false se=false i=true al=0},r=7,c=false/false,a=IDLE,uri=//localhost:38858/FileServlet/htmltests/thumb.jpg?contentType=image%2Fjpeg,age=0} parsed true HttpParser{s=CONTENT,0 of -1}
[DEBUG] releaseRequestBuffer HttpConnection@65fa8c24::SocketChannelEndPoint@77ed8bb4{l=/127.0.0.1:38858,r=/127.0.0.1:42946,OPEN,fill=-,flush=-,to=3/30000}{io=0/0,kio=0,kro=1}->HttpConnection@65fa8c24[p=HttpParser{s=CONTENT,0 of -1},g=HttpGenerator@307be154{s=START}]=>HttpChannelOverHttp@c28598b{s=HttpChannelState@5bb2823f{s=IDLE rs=BLOCKING os=OPEN is=IDLE awp=false se=false i=true al=0},r=7,c=false/false,a=IDLE,uri=//localhost:38858/FileServlet/htmltests/thumb.jpg?contentType=image%2Fjpeg,age=0}
[DEBUG] handle //localhost:38858/FileServlet/htmltests/thumb.jpg?contentType=image%2Fjpeg HttpChannelOverHttp@c28598b{s=HttpChannelState@5bb2823f{s=IDLE rs=BLOCKING os=OPEN is=IDLE awp=false se=false i=true al=0},r=7,c=false/false,a=IDLE,uri=//localhost:38858/FileServlet/htmltests/thumb.jpg?contentType=image%2Fjpeg,age=0} 
[DEBUG] handling HttpChannelState@5bb2823f{s=IDLE rs=BLOCKING os=OPEN is=IDLE awp=false se=false i=true al=0}
[DEBUG] action DISPATCH HttpChannelOverHttp@c28598b{s=HttpChannelState@5bb2823f{s=HANDLING rs=BLOCKING os=OPEN is=IDLE awp=false se=false i=true al=0},r=7,c=false/false,a=HANDLING,uri=//localhost:38858/FileServlet/htmltests/thumb.jpg?contentType=image%2Fjpeg,age=0}
[DEBUG] REQUEST GET /FileServlet/htmltests/thumb.jpg on HttpChannelOverHttp@c28598b{s=HttpChannelState@5bb2823f{s=HANDLING rs=BLOCKING os=OPEN is=IDLE awp=false se=false i=true al=0},r=7,c=false/false,a=HANDLING,uri=//localhost:38858/FileServlet/htmltests/thumb.jpg?contentType=image%2Fjpeg,age=0}
[DEBUG] servlet null|/FileServlet|/htmltests/thumb.jpg -> org.jsoup.integration.servlets.FileServlet-3fffff43==org.jsoup.integration.servlets.FileServlet@bc0855c5{jsp=null,order=-1,inst=true,async=true,src=EMBEDDED:null,STARTED}
[DEBUG] chain=null
[DEBUG] write(array HeapByteBuffer@f553b90[p=0,l=1052,c=8192,r=1052]={<<<\xFf\xD8\xFf\xE0\x00\x10JFIF\x00\x01\x01\x00\x00\x01\x00\x01\x00\x00\xFf\xFe\x00;C...\xD4.\xB5\x1b\xC5\x9a@\x14$\x12\xB2$i\xD4*\x80z\x0f\xF1\xA0\x0f\xFf\xD9>>>\x00\x00\x00\x00\x00\x00\x00\x00\x00...\x00\x00\x00\x00\x00\x00\x00})
[DEBUG] write(array) s=OPEN,api=BLOCKING,sc=false,e=null aggregated !flush DirectByteBuffer@577d71b2[p=0,l=1052,c=32768,r=1052]={<<<\xFf\xD8\xFf\xE0\x00\x10JFIF\x00\x01\x01\x00\x00\x01\x00\x01\x00\x00\xFf\xFe\x00;C...\xD4.\xB5\x1b\xC5\x9a@\x14$\x12\xB2$i\xD4*\x80z\x0f\xF1\xA0\x0f\xFf\xD9>>>th><td></...gue. Pr}
[DEBUG] sendResponse info=null content=DirectByteBuffer@577d71b2[p=0,l=1052,c=32768,r=1052]={<<<\xFf\xD8\xFf\xE0\x00\x10JFIF\x00\x01\x01\x00\x00\x01\x00\x01\x00\x00\xFf\xFe\x00;C...\xD4.\xB5\x1b\xC5\x9a@\x14$\x12\xB2$i\xD4*\x80z\x0f\xF1\xA0\x0f\xFf\xD9>>>th><td></...gue. Pr} complete=false committing=true callback=Blocker@f8d6b34{null}
[DEBUG] COMMIT for /FileServlet/htmltests/thumb.jpg on HttpChannelOverHttp@c28598b{s=HttpChannelState@5bb2823f{s=HANDLING rs=BLOCKING os=COMMITTED is=IDLE awp=false se=false i=true al=0},r=7,c=false/false,a=HANDLING,uri=//localhost:38858/FileServlet/htmltests/thumb.jpg?contentType=image%2Fjpeg,age=1}
200 null HTTP/1.1
Date: Mon, 20 Sep 2021 19:30:12 GMT
Content-Type: image/jpeg


[DEBUG] generate: NEED_HEADER for SendCallback@606934da[PROCESSING][i=HTTP/1.1{s=200,h=2,cl=-1},cb=org.eclipse.jetty.server.HttpChannel$SendCallback@56e4b97f] (null,[p=0,l=1052,c=32768,r=1052],false)@START
[DEBUG] generateHeaders HTTP/1.1{s=200,h=2,cl=-1} last=false content=DirectByteBuffer@577d71b2[p=0,l=1052,c=32768,r=1052]={<<<\xFf\xD8\xFf\xE0\x00\x10JFIF\x00\x01\x01\x00\x00\x01\x00\x01\x00\x00\xFf\xFe\x00;C...\xD4.\xB5\x1b\xC5\x9a@\x14$\x12\xB2$i\xD4*\x80z\x0f\xF1\xA0\x0f\xFf\xD9>>>th><td></...gue. Pr}
[DEBUG] Date: Mon, 20 Sep 2021 19:30:12 GMT
Content-Type: image/jpeg


[DEBUG] CHUNKED_CONTENT
[DEBUG] generate: FLUSH for SendCallback@606934da[PROCESSING][i=HTTP/1.1{s=200,h=2,cl=-1},cb=org.eclipse.jetty.server.HttpChannel$SendCallback@56e4b97f] ([p=0,l=148,c=8192,r=148],[p=0,l=1052,c=32768,r=1052],false)@COMMITTED
[DEBUG] write: WriteFlusher@6dfe4884{IDLE}->null [HeapByteBuffer@78a30358[p=0,l=148,c=8192,r=148]={<<<HTTP/1.1 200 OK\r\nDate: Mo....43.v20210629)\r\n\r\n41C\r\n>>>6 (KHTML,...\x00\x00\x00\x00\x00\x00\x00},DirectByteBuffer@577d71b2[p=0,l=1052,c=32768,r=1052]={<<<\xFf\xD8\xFf\xE0\x00\x10JFIF\x00\x01\x01\x00\x00\x01\x00\x01\x00\x00\xFf\xFe\x00;C...\xD4.\xB5\x1b\xC5\x9a@\x14$\x12\xB2$i\xD4*\x80z\x0f\xF1\xA0\x0f\xFf\xD9>>>th><td></...gue. Pr}]
[DEBUG] update WriteFlusher@6dfe4884{WRITING}->null:IDLE-->WRITING
[DEBUG] Selector sun.nio.ch.EPollSelectorImpl@54609eb7 woken up from select, 1/1/5 selected
[DEBUG] Selector sun.nio.ch.EPollSelectorImpl@54609eb7 processing 1 keys, 0 updates
[DEBUG] selected 1 sun.nio.ch.SelectionKeyImpl@19f7a05d SocketChannelEndPoint@4414532c{l=/127.0.0.1:38858,r=/127.0.0.1:42944,OPEN,fill=FI,flush=-,to=1248/30000}{io=1/1,kio=1,kro=1}->HttpConnection@26dcb9cc[p=HttpParser{s=START,0 of -1},g=HttpGenerator@bf2138a{s=START}]=>HttpChannelOverHttp@1f3a8692{s=HttpChannelState@13c489c4{s=IDLE rs=BLOCKING os=OPEN is=IDLE awp=false se=false i=true al=0},r=1,c=false/false,a=IDLE,uri=null,age=0} 
[DEBUG] onSelected 1->0 r=true w=false for SocketChannelEndPoint@4414532c{l=/127.0.0.1:38858,r=/127.0.0.1:42944,OPEN,fill=FI,flush=-,to=1248/30000}{io=1/0,kio=1,kro=1}->HttpConnection@26dcb9cc[p=HttpParser{s=START,0 of -1},g=HttpGenerator@bf2138a{s=START}]=>HttpChannelOverHttp@1f3a8692{s=HttpChannelState@13c489c4{s=IDLE rs=BLOCKING os=OPEN is=IDLE awp=false se=false i=true al=0},r=1,c=false/false,a=IDLE,uri=null,age=0}
[DEBUG] task CEP:SocketChannelEndPoint@4414532c{l=/127.0.0.1:38858,r=/127.0.0.1:42944,OPEN,fill=FI,flush=-,to=1248/30000}{io=1/0,kio=1,kro=1}->HttpConnection@26dcb9cc[p=HttpParser{s=START,0 of -1},g=HttpGenerator@bf2138a{s=START}]=>HttpChannelOverHttp@1f3a8692{s=HttpChannelState@13c489c4{s=IDLE rs=BLOCKING os=OPEN is=IDLE awp=false se=false i=true al=0},r=1,c=false/false,a=IDLE,uri=null,age=0}:runFillable:BLOCKING
[DEBUG] ReservedThreadExecutor@7ec3394b{s=1/1,p=0} tryExecute EatWhatYouKill@4febb875/SelectorProducer@cb191ca/PRODUCING/p=false/QueuedThreadPool[qtp487792155]@1d131e1b{STARTED,8<=9<=200,i=5,r=-1,q=0}[ReservedThreadExecutor@7ec3394b{s=1/1,p=0}][pc=0,pic=0,pec=1,epc=12]@2021-09-20T19:30:12.605Z
[DEBUG] ReservedThreadExecutor@7ec3394b{s=0/1,p=0}@35438a86 offer EatWhatYouKill@4febb875/SelectorProducer@cb191ca/PRODUCING/p=false/QueuedThreadPool[qtp487792155]@1d131e1b{STARTED,8<=9<=200,i=5,r=-1,q=0}[ReservedThreadExecutor@7ec3394b{s=0/1,p=0}][pc=0,pic=0,pec=1,epc=12]@2021-09-20T19:30:12.605Z
[DEBUG] ReservedThreadExecutor@7ec3394b{s=0/1,p=1} startReservedThread p=1
[DEBUG] queue ReservedThreadExecutor@7ec3394b{s=0/1,p=1}@7bd68684 startThread=0
[DEBUG] EatWhatYouKill@4febb875/SelectorProducer@cb191ca/IDLE/p=true/QueuedThreadPool[qtp487792155]@1d131e1b{STARTED,8<=9<=200,i=4,r=-1,q=0}[ReservedThreadExecutor@7ec3394b{s=0/1,p=1}][pc=0,pic=0,pec=1,epc=12]@2021-09-20T19:30:12.605Z m=EXECUTE_PRODUCE_CONSUME t=CEP:SocketChannelEndPoint@4414532c{l=/127.0.0.1:38858,r=/127.0.0.1:42944,OPEN,fill=FI,flush=-,to=1249/30000}{io=1/0,kio=1,kro=1}->HttpConnection@26dcb9cc[p=HttpParser{s=START,0 of -1},g=HttpGenerator@bf2138a{s=START}]=>HttpChannelOverHttp@1f3a8692{s=HttpChannelState@13c489c4{s=IDLE rs=BLOCKING os=OPEN is=IDLE awp=false se=false i=true al=0},r=1,c=false/false,a=IDLE,uri=null,age=0}:runFillable:BLOCKING/BLOCKING
[DEBUG] fillable FillInterest@3c4f3199{AC.ReadCB@26dcb9cc{HttpConnection@26dcb9cc::SocketChannelEndPoint@4414532c{l=/127.0.0.1:38858,r=/127.0.0.1:42944,OPEN,fill=FI,flush=-,to=1249/30000}{io=1/0,kio=1,kro=1}->HttpConnection@26dcb9cc[p=HttpParser{s=START,0 of -1},g=HttpGenerator@bf2138a{s=START}]=>HttpChannelOverHttp@1f3a8692{s=HttpChannelState@13c489c4{s=IDLE rs=BLOCKING os=OPEN is=IDLE awp=false se=false i=true al=0},r=1,c=false/false,a=IDLE,uri=null,age=0}}}
[DEBUG] HttpConnection@26dcb9cc::SocketChannelEndPoint@4414532c{l=/127.0.0.1:38858,r=/127.0.0.1:42944,OPEN,fill=-,flush=-,to=1249/30000}{io=1/0,kio=1,kro=1}->HttpConnection@26dcb9cc[p=HttpParser{s=START,0 of -1},g=HttpGenerator@bf2138a{s=START}]=>HttpChannelOverHttp@1f3a8692{s=HttpChannelState@13c489c4{s=IDLE rs=BLOCKING os=OPEN is=IDLE awp=false se=false i=true al=0},r=1,c=false/false,a=IDLE,uri=null,age=0} onFillable enter HttpChannelState@13c489c4{s=IDLE rs=BLOCKING os=OPEN is=IDLE awp=false se=false i=true al=0} null
[DEBUG] shutdownInput SocketChannelEndPoint@4414532c{l=/127.0.0.1:38858,r=/127.0.0.1:42944,OPEN,fill=-,flush=-,to=1249/30000}{io=1/0,kio=1,kro=1}->HttpConnection@26dcb9cc[p=HttpParser{s=START,0 of -1},g=HttpGenerator@bf2138a{s=START}]=>HttpChannelOverHttp@1f3a8692{s=HttpChannelState@13c489c4{s=IDLE rs=BLOCKING os=OPEN is=IDLE awp=false se=false i=true al=0},r=1,c=false/false,a=IDLE,uri=null,age=0}
[DEBUG] filled -1 HeapByteBuffer@22b9b50d[p=0,l=0,c=8192,r=0]={<<<>>>HTTP/1.1 ...\x86&h\xA0{\xC1\xC2}
[DEBUG] atEOF HttpParser{s=START,0 of -1}
[DEBUG] HttpConnection@26dcb9cc::SocketChannelEndPoint@4414532c{l=/127.0.0.1:38858,r=/127.0.0.1:42944,ISHUT,fill=-,flush=-,to=1249/30000}{io=1/0,kio=1,kro=1}->HttpConnection@26dcb9cc[p=HttpParser{s=START,0 of -1},g=HttpGenerator@bf2138a{s=START}]=>HttpChannelOverHttp@1f3a8692{s=HttpChannelState@13c489c4{s=IDLE rs=BLOCKING os=OPEN is=IDLE awp=false se=false i=true al=0},r=1,c=false/false,a=IDLE,uri=null,age=0} filled -1 HeapByteBuffer@22b9b50d[p=0,l=0,c=8192,r=0]={<<<>>>HTTP/1.1 ...\x86&h\xA0{\xC1\xC2}
[DEBUG] HttpConnection@26dcb9cc::SocketChannelEndPoint@4414532c{l=/127.0.0.1:38858,r=/127.0.0.1:42944,ISHUT,fill=-,flush=-,to=1249/30000}{io=1/0,kio=1,kro=1}->HttpConnection@26dcb9cc[p=HttpParser{s=START,0 of -1},g=HttpGenerator@bf2138a{s=START}]=>HttpChannelOverHttp@1f3a8692{s=HttpChannelState@13c489c4{s=IDLE rs=BLOCKING os=OPEN is=IDLE awp=false se=false i=true al=0},r=1,c=false/false,a=IDLE,uri=null,age=0} parse HeapByteBuffer@22b9b50d[p=0,l=0,c=8192,r=0]={<<<>>>HTTP/1.1 ...\x86&h\xA0{\xC1\xC2} {}
[DEBUG] parseNext s=START HeapByteBuffer@22b9b50d[p=0,l=0,c=8192,r=0]={<<<>>>HTTP/1.1 ...\x86&h\xA0{\xC1\xC2}
[DEBUG] START --> CLOSED
[DEBUG] close SocketChannelEndPoint@4414532c{l=/127.0.0.1:38858,r=/127.0.0.1:42944,ISHUT,fill=-,flush=-,to=1249/30000}{io=1/0,kio=1,kro=1}->HttpConnection@26dcb9cc[p=HttpParser{s=CLOSED,0 of -1},g=HttpGenerator@bf2138a{s=START}]=>HttpChannelOverHttp@1f3a8692{s=HttpChannelState@13c489c4{s=IDLE rs=BLOCKING os=OPEN is=IDLE awp=false se=false i=true al=0},r=1,c=false/false,a=IDLE,uri=null,age=0}
[DEBUG] close(null) SocketChannelEndPoint@4414532c{l=/127.0.0.1:38858,r=/127.0.0.1:42944,ISHUT,fill=-,flush=-,to=1249/30000}{io=1/0,kio=1,kro=1}->HttpConnection@26dcb9cc[p=HttpParser{s=CLOSED,0 of -1},g=HttpGenerator@bf2138a{s=START}]=>HttpChannelOverHttp@1f3a8692{s=HttpChannelState@13c489c4{s=IDLE rs=BLOCKING os=OPEN is=IDLE awp=false se=false i=true al=0},r=1,c=false/false,a=IDLE,uri=null,age=0}
[DEBUG] doClose SocketChannelEndPoint@4414532c{l=/127.0.0.1:38858,r=/127.0.0.1:42944,CLOSED,fill=-,flush=-,to=1249/30000}{io=1/0,kio=1,kro=1}->HttpConnection@26dcb9cc[p=HttpParser{s=CLOSED,0 of -1},g=HttpGenerator@bf2138a{s=START}]=>HttpChannelOverHttp@1f3a8692{s=HttpChannelState@13c489c4{s=IDLE rs=BLOCKING os=OPEN is=IDLE awp=false se=false i=true al=0},r=1,c=false/false,a=IDLE,uri=null,age=0}
[DEBUG] onClose FillInterest@3c4f3199{null}
[DEBUG] Wakeup ManagedSelector@129b4fe2{STARTED} id=0 keys=5 selected=1 updates=0
[DEBUG] queue org.eclipse.jetty.io.ManagedSelector$DestroyEndPoint@5c7d367d startThread=0
]]></system-out>
  </testcase>
  <testcase name="sendsRequestBody" classname="org.jsoup.integration.ConnectTest" time="0.019">
    <system-out><![CDATA[[DEBUG] HttpConnection@26dcb9cc::SocketChannelEndPoint@4414532c{l=0.0.0.0/0.0.0.0:38858,r=/127.0.0.1:42944,CLOSED,fill=-,flush=-,to=1250/30000}{io=1/0,kio=-1,kro=-1}->HttpConnection@26dcb9cc[p=HttpParser{s=CLOSED,0 of -1},g=HttpGenerator@bf2138a{s=START}]=>HttpChannelOverHttp@1f3a8692{s=HttpChannelState@13c489c4{s=IDLE rs=BLOCKING os=OPEN is=IDLE awp=false se=false i=true al=0},r=1,c=false/false,a=IDLE,uri=null,age=0} parsed false HttpParser{s=CLOSED,0 of -1}
[DEBUG] run org.eclipse.jetty.io.ManagedSelector$DestroyEndPoint@5c7d367d in QueuedThreadPool[qtp487792155]@1d131e1b{STARTED,8<=9<=200,i=3,r=-1,q=0}[ReservedThreadExecutor@7ec3394b{s=0/1,p=1}]
[DEBUG] Destroyed SocketChannelEndPoint@4414532c{l=0.0.0.0/0.0.0.0:38858,r=/127.0.0.1:42944,CLOSED,fill=-,flush=-,to=1255/30000}{io=1/0,kio=-1,kro=-1}->HttpConnection@26dcb9cc[p=HttpParser{s=CLOSED,0 of -1},g=HttpGenerator@bf2138a{s=START}]=>HttpChannelOverHttp@1f3a8692{s=HttpChannelState@13c489c4{s=IDLE rs=BLOCKING os=OPEN is=IDLE awp=false se=false i=true al=0},r=1,c=false/false,a=IDLE,uri=null,age=0}
[DEBUG] onClose HttpConnection@26dcb9cc::SocketChannelEndPoint@4414532c{l=0.0.0.0/0.0.0.0:38858,r=/127.0.0.1:42944,CLOSED,fill=-,flush=-,to=1255/30000}{io=1/0,kio=-1,kro=-1}->HttpConnection@26dcb9cc[p=HttpParser{s=CLOSED,0 of -1},g=HttpGenerator@bf2138a{s=START}]=>HttpChannelOverHttp@1f3a8692{s=HttpChannelState@13c489c4{s=IDLE rs=BLOCKING os=OPEN is=IDLE awp=false se=false i=true al=0},r=1,c=false/false,a=IDLE,uri=null,age=0}
[DEBUG] ran org.eclipse.jetty.io.ManagedSelector$DestroyEndPoint@5c7d367d in QueuedThreadPool[qtp487792155]@1d131e1b{STARTED,8<=9<=200,i=3,r=-1,q=0}[ReservedThreadExecutor@7ec3394b{s=0/1,p=1}]
[DEBUG] run ReservedThreadExecutor@7ec3394b{s=0/1,p=1}@7bd68684 in QueuedThreadPool[qtp487792155]@1d131e1b{STARTED,8<=9<=200,i=3,r=-1,q=0}[ReservedThreadExecutor@7ec3394b{s=0/1,p=1}]
[DEBUG] ReservedThreadExecutor@7ec3394b{s=1/1,p=1}@7bd68684 started
[DEBUG] ReservedThreadExecutor@7ec3394b{s=1/1,p=0}@7bd68684 waiting
[DEBUG] ReservedThreadExecutor@7ec3394b{s=0/1,p=1}@35438a86 task=EatWhatYouKill@4febb875/SelectorProducer@cb191ca/IDLE/p=true/QueuedThreadPool[qtp487792155]@1d131e1b{STARTED,8<=9<=200,i=3,r=-1,q=0}[ReservedThreadExecutor@7ec3394b{s=0/1,p=1}][pc=0,pic=0,pec=1,epc=13]@2021-09-20T19:30:12.607Z
[DEBUG] EatWhatYouKill@4febb875/SelectorProducer@cb191ca/IDLE/p=true/QueuedThreadPool[qtp487792155]@1d131e1b{STARTED,8<=9<=200,i=4,r=-1,q=0}[ReservedThreadExecutor@7ec3394b{s=1/1,p=0}][pc=0,pic=0,pec=1,epc=13]@2021-09-20T19:30:12.612Z tryProduce true
[DEBUG] updateable 0
[DEBUG] updates 0
[DEBUG] Ignoring key update for cancelled key SocketChannelEndPoint@4414532c{l=0.0.0.0/0.0.0.0:38858,r=/127.0.0.1:42944,CLOSED,fill=-,flush=-,to=1256/30000}{io=0/0,kio=-1,kro=-1}->HttpConnection@26dcb9cc[p=HttpParser{s=CLOSED,0 of -1},g=HttpGenerator@bf2138a{s=START}]=>HttpChannelOverHttp@1f3a8692{s=HttpChannelState@13c489c4{s=IDLE rs=BLOCKING os=OPEN is=IDLE awp=false se=false i=true al=0},r=1,c=false/false,a=IDLE,uri=null,age=0}
[DEBUG] close SocketChannelEndPoint@4414532c{l=0.0.0.0/0.0.0.0:38858,r=/127.0.0.1:42944,CLOSED,fill=-,flush=-,to=1256/30000}{io=0/0,kio=-1,kro=-1}->HttpConnection@26dcb9cc[p=HttpParser{s=CLOSED,0 of -1},g=HttpGenerator@bf2138a{s=START}]=>HttpChannelOverHttp@1f3a8692{s=HttpChannelState@13c489c4{s=IDLE rs=BLOCKING os=OPEN is=IDLE awp=false se=false i=true al=0},r=1,c=false/false,a=IDLE,uri=null,age=0}
[DEBUG] close(null) SocketChannelEndPoint@4414532c{l=0.0.0.0/0.0.0.0:38858,r=/127.0.0.1:42944,CLOSED,fill=-,flush=-,to=1256/30000}{io=0/0,kio=-1,kro=-1}->HttpConnection@26dcb9cc[p=HttpParser{s=CLOSED,0 of -1},g=HttpGenerator@bf2138a{s=START}]=>HttpChannelOverHttp@1f3a8692{s=HttpChannelState@13c489c4{s=IDLE rs=BLOCKING os=OPEN is=IDLE awp=false se=false i=true al=0},r=1,c=false/false,a=IDLE,uri=null,age=0}
[DEBUG] Selector sun.nio.ch.EPollSelectorImpl@54609eb7 waiting with 5 keys
[DEBUG] Selector sun.nio.ch.EPollSelectorImpl@54609eb7 woken up from select, 1/1/4 selected
[DEBUG] Selector sun.nio.ch.EPollSelectorImpl@54609eb7 processing 1 keys, 0 updates
[DEBUG] selected 1 sun.nio.ch.SelectionKeyImpl@23d3761e SocketChannelEndPoint@122254ce{l=/127.0.0.1:38858,r=/127.0.0.1:42942,OPEN,fill=FI,flush=-,to=1298/30000}{io=1/1,kio=1,kro=1}->HttpConnection@3be4ecda[p=HttpParser{s=START,0 of -1},g=HttpGenerator@af7230{s=START}]=>HttpChannelOverHttp@f268a5a{s=HttpChannelState@2e8f904b{s=IDLE rs=BLOCKING os=OPEN is=IDLE awp=false se=false i=true al=0},r=1,c=false/false,a=IDLE,uri=null,age=0} 
[DEBUG] onSelected 1->0 r=true w=false for SocketChannelEndPoint@122254ce{l=/127.0.0.1:38858,r=/127.0.0.1:42942,OPEN,fill=FI,flush=-,to=1298/30000}{io=1/0,kio=1,kro=1}->HttpConnection@3be4ecda[p=HttpParser{s=START,0 of -1},g=HttpGenerator@af7230{s=START}]=>HttpChannelOverHttp@f268a5a{s=HttpChannelState@2e8f904b{s=IDLE rs=BLOCKING os=OPEN is=IDLE awp=false se=false i=true al=0},r=1,c=false/false,a=IDLE,uri=null,age=0}
[DEBUG] task CEP:SocketChannelEndPoint@122254ce{l=/127.0.0.1:38858,r=/127.0.0.1:42942,OPEN,fill=FI,flush=-,to=1298/30000}{io=1/0,kio=1,kro=1}->HttpConnection@3be4ecda[p=HttpParser{s=START,0 of -1},g=HttpGenerator@af7230{s=START}]=>HttpChannelOverHttp@f268a5a{s=HttpChannelState@2e8f904b{s=IDLE rs=BLOCKING os=OPEN is=IDLE awp=false se=false i=true al=0},r=1,c=false/false,a=IDLE,uri=null,age=0}:runFillable:BLOCKING
[DEBUG] ReservedThreadExecutor@7ec3394b{s=1/1,p=0} tryExecute EatWhatYouKill@4febb875/SelectorProducer@cb191ca/PRODUCING/p=false/QueuedThreadPool[qtp487792155]@1d131e1b{STARTED,8<=9<=200,i=4,r=-1,q=0}[ReservedThreadExecutor@7ec3394b{s=1/1,p=0}][pc=0,pic=0,pec=1,epc=13]@2021-09-20T19:30:12.613Z
[DEBUG] ReservedThreadExecutor@7ec3394b{s=0/1,p=0}@7bd68684 offer EatWhatYouKill@4febb875/SelectorProducer@cb191ca/PRODUCING/p=false/QueuedThreadPool[qtp487792155]@1d131e1b{STARTED,8<=9<=200,i=4,r=-1,q=0}[ReservedThreadExecutor@7ec3394b{s=0/1,p=0}][pc=0,pic=0,pec=1,epc=13]@2021-09-20T19:30:12.613Z
[DEBUG] ReservedThreadExecutor@7ec3394b{s=0/1,p=1} startReservedThread p=1
[DEBUG] run ReservedThreadExecutor@7ec3394b{s=0/1,p=1}@284002f2 in QueuedThreadPool[qtp487792155]@1d131e1b{STARTED,8<=9<=200,i=3,r=-1,q=0}[ReservedThreadExecutor@7ec3394b{s=0/1,p=1}]
[DEBUG] ReservedThreadExecutor@7ec3394b{s=1/1,p=1}@284002f2 started
[DEBUG] ReservedThreadExecutor@7ec3394b{s=1/1,p=0}@284002f2 waiting
[DEBUG] queue ReservedThreadExecutor@7ec3394b{s=1/1,p=0}@284002f2 startThread=0
[DEBUG] ReservedThreadExecutor@7ec3394b{s=0/1,p=0}@7bd68684 task=EatWhatYouKill@4febb875/SelectorProducer@cb191ca/IDLE/p=true/QueuedThreadPool[qtp487792155]@1d131e1b{STARTED,8<=9<=200,i=3,r=-1,q=0}[ReservedThreadExecutor@7ec3394b{s=1/1,p=0}][pc=0,pic=0,pec=1,epc=13]@2021-09-20T19:30:12.614Z
[DEBUG] EatWhatYouKill@4febb875/SelectorProducer@cb191ca/IDLE/p=true/QueuedThreadPool[qtp487792155]@1d131e1b{STARTED,8<=9<=200,i=3,r=-1,q=0}[ReservedThreadExecutor@7ec3394b{s=1/1,p=0}][pc=0,pic=0,pec=1,epc=13]@2021-09-20T19:30:12.614Z tryProduce true
[DEBUG] updateable 0
[DEBUG] updates 0
[DEBUG] Key interests updated 1 -> 0 on SocketChannelEndPoint@122254ce{l=/127.0.0.1:38858,r=/127.0.0.1:42942,OPEN,fill=FI,flush=-,to=1299/30000}{io=0/0,kio=0,kro=1}->HttpConnection@3be4ecda[p=HttpParser{s=START,0 of -1},g=HttpGenerator@af7230{s=START}]=>HttpChannelOverHttp@f268a5a{s=HttpChannelState@2e8f904b{s=IDLE rs=BLOCKING os=OPEN is=IDLE awp=false se=false i=true al=0},r=1,c=false/false,a=IDLE,uri=null,age=0}
[DEBUG] Selector sun.nio.ch.EPollSelectorImpl@54609eb7 waiting with 4 keys
[DEBUG] EatWhatYouKill@4febb875/SelectorProducer@cb191ca/PRODUCING/p=false/QueuedThreadPool[qtp487792155]@1d131e1b{STARTED,8<=9<=200,i=3,r=-1,q=0}[ReservedThreadExecutor@7ec3394b{s=1/1,p=0}][pc=0,pic=0,pec=1,epc=13]@2021-09-20T19:30:12.614Z m=EXECUTE_PRODUCE_CONSUME t=CEP:SocketChannelEndPoint@122254ce{l=/127.0.0.1:38858,r=/127.0.0.1:42942,OPEN,fill=FI,flush=-,to=1299/30000}{io=0/0,kio=0,kro=1}->HttpConnection@3be4ecda[p=HttpParser{s=START,0 of -1},g=HttpGenerator@af7230{s=START}]=>HttpChannelOverHttp@f268a5a{s=HttpChannelState@2e8f904b{s=IDLE rs=BLOCKING os=OPEN is=IDLE awp=false se=false i=true al=0},r=1,c=false/false,a=IDLE,uri=null,age=0}:runFillable:BLOCKING/BLOCKING
[DEBUG] fillable FillInterest@5270a7a6{AC.ReadCB@3be4ecda{HttpConnection@3be4ecda::SocketChannelEndPoint@122254ce{l=/127.0.0.1:38858,r=/127.0.0.1:42942,OPEN,fill=FI,flush=-,to=1299/30000}{io=0/0,kio=0,kro=1}->HttpConnection@3be4ecda[p=HttpParser{s=START,0 of -1},g=HttpGenerator@af7230{s=START}]=>HttpChannelOverHttp@f268a5a{s=HttpChannelState@2e8f904b{s=IDLE rs=BLOCKING os=OPEN is=IDLE awp=false se=false i=true al=0},r=1,c=false/false,a=IDLE,uri=null,age=0}}}
[DEBUG] HttpConnection@3be4ecda::SocketChannelEndPoint@122254ce{l=/127.0.0.1:38858,r=/127.0.0.1:42942,OPEN,fill=-,flush=-,to=1300/30000}{io=0/0,kio=0,kro=1}->HttpConnection@3be4ecda[p=HttpParser{s=START,0 of -1},g=HttpGenerator@af7230{s=START}]=>HttpChannelOverHttp@f268a5a{s=HttpChannelState@2e8f904b{s=IDLE rs=BLOCKING os=OPEN is=IDLE awp=false se=false i=true al=0},r=1,c=false/false,a=IDLE,uri=null,age=0} onFillable enter HttpChannelState@2e8f904b{s=IDLE rs=BLOCKING os=OPEN is=IDLE awp=false se=false i=true al=0} null
[DEBUG] filled 354 HeapByteBuffer@41e05b38[p=0,l=354,c=8192,r=354]={<<<POST /EchoServlet HTTP/1....ngth: 11\r\n\r\n{key:value}>>>; q=.2\r\nC...\x00\x00\x00\x00\x00\x00\x00}
[DEBUG] HttpConnection@3be4ecda::SocketChannelEndPoint@122254ce{l=/127.0.0.1:38858,r=/127.0.0.1:42942,OPEN,fill=-,flush=-,to=0/30000}{io=0/0,kio=0,kro=1}->HttpConnection@3be4ecda[p=HttpParser{s=START,0 of -1},g=HttpGenerator@af7230{s=START}]=>HttpChannelOverHttp@f268a5a{s=HttpChannelState@2e8f904b{s=IDLE rs=BLOCKING os=OPEN is=IDLE awp=false se=false i=true al=0},r=1,c=false/false,a=IDLE,uri=null,age=0} filled 354 HeapByteBuffer@41e05b38[p=0,l=354,c=8192,r=354]={<<<POST /EchoServlet HTTP/1....ngth: 11\r\n\r\n{key:value}>>>; q=.2\r\nC...\x00\x00\x00\x00\x00\x00\x00}
[DEBUG] HttpConnection@3be4ecda::SocketChannelEndPoint@122254ce{l=/127.0.0.1:38858,r=/127.0.0.1:42942,OPEN,fill=-,flush=-,to=0/30000}{io=0/0,kio=0,kro=1}->HttpConnection@3be4ecda[p=HttpParser{s=START,0 of -1},g=HttpGenerator@af7230{s=START}]=>HttpChannelOverHttp@f268a5a{s=HttpChannelState@2e8f904b{s=IDLE rs=BLOCKING os=OPEN is=IDLE awp=false se=false i=true al=0},r=1,c=false/false,a=IDLE,uri=null,age=0} parse HeapByteBuffer@41e05b38[p=0,l=354,c=8192,r=354]={<<<POST /EchoServlet HTTP/1....ngth: 11\r\n\r\n{key:value}>>>; q=.2\r\nC...\x00\x00\x00\x00\x00\x00\x00} {}
[DEBUG] parseNext s=START HeapByteBuffer@41e05b38[p=0,l=354,c=8192,r=354]={<<<POST /EchoServlet HTTP/1....ngth: 11\r\n\r\n{key:value}>>>; q=.2\r\nC...\x00\x00\x00\x00\x00\x00\x00}
[DEBUG] START --> SPACE1
[DEBUG] SPACE1 --> URI
[DEBUG] URI --> SPACE2
[DEBUG] SPACE2 --> REQUEST_VERSION
[DEBUG] REQUEST_VERSION --> HEADER
[DEBUG] HEADER:Accept-Encoding: gzip --> IN_VALUE
[DEBUG] HEADER:Accept-Encoding: gzip --> FIELD
[DEBUG] HEADER:Content-Type: text/plain --> IN_VALUE
[DEBUG] HEADER:Content-Type: text/plain --> FIELD
[DEBUG] HEADER:User-Agent --> VALUE
[DEBUG] HEADER:User-Agent --> IN_VALUE
[DEBUG] HEADER:User-Agent --> FIELD
[DEBUG] HEADER:Host: localhost:38858 --> IN_VALUE
[DEBUG] HEADER:Host: localhost:38858 --> FIELD
[DEBUG] HEADER:Accept: text/html, image/gif, image/jpeg, *; q=.2, */*; q=.2 --> IN_VALUE
[DEBUG] HEADER:Accept: text/html, image/gif, image/jpeg, *; q=.2, */*; q=.2 --> FIELD
[DEBUG] HEADER:Connection: keep-alive --> IN_VALUE
[DEBUG] HEADER:Connection: keep-alive --> FIELD
[DEBUG] HEADER:Content-Length --> VALUE
[DEBUG] HEADER:Content-Length --> IN_VALUE
[DEBUG] HEADER:Content-Length --> FIELD
[DEBUG] HEADER --> CONTENT
[DEBUG] REQUEST for //localhost:38858/EchoServlet on HttpChannelOverHttp@f268a5a{s=HttpChannelState@2e8f904b{s=IDLE rs=BLOCKING os=OPEN is=IDLE awp=false se=false i=true al=0},r=2,c=false/false,a=IDLE,uri=//localhost:38858/EchoServlet,age=0}
POST //localhost:38858/EchoServlet HTTP/1.1
Accept-Encoding: gzip
Content-Type: text/plain
User-Agent: Mozilla/5.0 (Macintosh; Intel Mac OS X 10_11_4) AppleWebKit/537.36 (KHTML, like Gecko) Chrome/49.0.2623.112 Safari/537.36
Host: localhost:38858
Accept: text/html, image/gif, image/jpeg, *; q=.2, */*; q=.2
Connection: keep-alive
Content-Length: 11


[DEBUG] HttpConnection@3be4ecda::SocketChannelEndPoint@122254ce{l=/127.0.0.1:38858,r=/127.0.0.1:42942,OPEN,fill=-,flush=-,to=0/30000}{io=0/0,kio=0,kro=1}->HttpConnection@3be4ecda[p=HttpParser{s=CONTENT,0 of 11},g=HttpGenerator@af7230{s=START}]=>HttpChannelOverHttp@f268a5a{s=HttpChannelState@2e8f904b{s=IDLE rs=BLOCKING os=OPEN is=IDLE awp=false se=false i=true al=0},r=2,c=false/false,a=IDLE,uri=//localhost:38858/EchoServlet,age=0} parsed true HttpParser{s=CONTENT,0 of 11}
[DEBUG] handle //localhost:38858/EchoServlet HttpChannelOverHttp@f268a5a{s=HttpChannelState@2e8f904b{s=IDLE rs=BLOCKING os=OPEN is=IDLE awp=false se=false i=true al=0},r=2,c=false/false,a=IDLE,uri=//localhost:38858/EchoServlet,age=0} 
[DEBUG] handling HttpChannelState@2e8f904b{s=IDLE rs=BLOCKING os=OPEN is=IDLE awp=false se=false i=true al=0}
[DEBUG] action DISPATCH HttpChannelOverHttp@f268a5a{s=HttpChannelState@2e8f904b{s=HANDLING rs=BLOCKING os=OPEN is=IDLE awp=false se=false i=true al=0},r=2,c=false/false,a=HANDLING,uri=//localhost:38858/EchoServlet,age=0}
[DEBUG] REQUEST POST /EchoServlet on HttpChannelOverHttp@f268a5a{s=HttpChannelState@2e8f904b{s=HANDLING rs=BLOCKING os=OPEN is=IDLE awp=false se=false i=true al=0},r=2,c=false/false,a=HANDLING,uri=//localhost:38858/EchoServlet,age=1}
[DEBUG] servlet null|/EchoServlet|null -> org.jsoup.integration.servlets.EchoServlet-422c3c7a==org.jsoup.integration.servlets.EchoServlet@66e2fba5{jsp=null,order=-1,inst=true,async=true,src=EMBEDDED:null,STARTED}
[DEBUG] chain=null
[DEBUG] write(array HeapByteBuffer@6c6e03c7[p=0,l=235,c=512,r=235]={<<<<title>Webserver Environm...\n    <table border="0">>>>\x00\x00\x00\x00\x00\x00\x00\x00\x00...\x00\x00\x00\x00\x00\x00\x00})
[DEBUG] write(array) s=OPEN,api=BLOCKING,sc=false,e=null aggregated !flush DirectByteBuffer@1c19d748[p=0,l=235,c=32768,r=235]={<<<<title>Webserver Environm...\n    <table border="0">>>><tr><th>M...gue. Pr}
[DEBUG] write(array HeapByteBuffer@50695fdc[p=0,l=37,c=512,r=37]={<<<<tr><th>Method</th><td>POST</td></tr>>>>s</title>...\x00\x00\x00\x00\x00\x00\x00})
[DEBUG] write(array) s=OPEN,api=BLOCKING,sc=false,e=null aggregated !flush DirectByteBuffer@1c19d748[p=0,l=272,c=32768,r=272]={<<<<title>Webserver Environm...</th><td>POST</td></tr>>>>\n<tr><th>...gue. Pr}
[DEBUG] write(array HeapByteBuffer@4ae7e722[p=0,l=1,c=512,r=1]={<<<\n>>>tr><th>Me...\x00\x00\x00\x00\x00\x00\x00})
[DEBUG] write(array) s=OPEN,api=BLOCKING,sc=false,e=null aggregated !flush DirectByteBuffer@1c19d748[p=0,l=273,c=32768,r=273]={<<<<title>Webserver Environm.../th><td>POST</td></tr>\n>>><tr><th>R...gue. Pr}
[DEBUG] write(array HeapByteBuffer@7d2f14c3[p=0,l=50,c=512,r=50]={<<<<tr><th>Request URI</th><...>/EchoServlet</td></tr>>>> <style t...\x00\x00\x00\x00\x00\x00\x00})
[DEBUG] write(array) s=OPEN,api=BLOCKING,sc=false,e=null aggregated !flush DirectByteBuffer@1c19d748[p=0,l=323,c=32768,r=323]={<<<<title>Webserver Environm...>/EchoServlet</td></tr>>>>\n<tr><th>...gue. Pr}
[DEBUG] write(array HeapByteBuffer@6143409a[p=0,l=1,c=512,r=1]={<<<\n>>>tr><th>Re...\x00\x00\x00\x00\x00\x00\x00})
[DEBUG] write(array) s=OPEN,api=BLOCKING,sc=false,e=null aggregated !flush DirectByteBuffer@1c19d748[p=0,l=324,c=32768,r=324]={<<<<title>Webserver Environm.../EchoServlet</td></tr>\n>>><tr><th>Q...gue. Pr}
[DEBUG] write(array HeapByteBuffer@7b4e74d1[p=0,l=39,c=512,r=39]={<<<<tr><th>Query String</th><td></td></tr>>>>t</td></t...\x00\x00\x00\x00\x00\x00\x00})
[DEBUG] write(array) s=OPEN,api=BLOCKING,sc=false,e=null aggregated !flush DirectByteBuffer@1c19d748[p=0,l=363,c=32768,r=363]={<<<<title>Webserver Environm...ring</th><td></td></tr>>>>p&amp;una...gue. Pr}
[DEBUG] write(array HeapByteBuffer@e65526d[p=0,l=1,c=512,r=1]={<<<\n>>>tr><th>Qu...\x00\x00\x00\x00\x00\x00\x00})
[DEBUG] write(array) s=OPEN,api=BLOCKING,sc=false,e=null aggregated !flush DirectByteBuffer@1c19d748[p=0,l=364,c=32768,r=364]={<<<<title>Webserver Environm...ing</th><td></td></tr>\n>>>&amp;unam...gue. Pr}
[DEBUG] write(array HeapByteBuffer@b69c66e[p=0,l=85,c=512,r=85]={<<<<tr><th>Accept</th><td>te....2, */*; q=.2</td></tr>>>>, td, th ...\x00\x00\x00\x00\x00\x00\x00})
[DEBUG] write(array) s=OPEN,api=BLOCKING,sc=false,e=null aggregated !flush DirectByteBuffer@1c19d748[p=0,l=449,c=32768,r=449]={<<<<title>Webserver Environm....2, */*; q=.2</td></tr>>>>t</th><td...gue. Pr}
[DEBUG] write(array HeapByteBuffer@70d51009[p=0,l=1,c=512,r=1]={<<<\n>>>tr><th>Ac...\x00\x00\x00\x00\x00\x00\x00})
[DEBUG] write(array) s=OPEN,api=BLOCKING,sc=false,e=null aggregated !flush DirectByteBuffer@1c19d748[p=0,l=450,c=32768,r=450]={<<<<title>Webserver Environm...2, */*; q=.2</td></tr>\n>>></th><td>...gue. Pr}
[DEBUG] write(array HeapByteBuffer@78351a3e[p=0,l=158,c=512,r=158]={<<<<tr><th>User-Agent</th><t...Safari/537.36</td></tr>>>>th {font-...\x00\x00\x00\x00\x00\x00\x00})
[DEBUG] write(array) s=OPEN,api=BLOCKING,sc=false,e=null aggregated !flush DirectByteBuffer@1c19d748[p=0,l=608,c=32768,r=608]={<<<<title>Webserver Environm...Safari/537.36</td></tr>>>>/537.36 (...gue. Pr}
[DEBUG] write(array HeapByteBuffer@5c67c96f[p=0,l=1,c=512,r=1]={<<<\n>>>tr><th>Us...\x00\x00\x00\x00\x00\x00\x00})
[DEBUG] write(array) s=OPEN,api=BLOCKING,sc=false,e=null aggregated !flush DirectByteBuffer@1c19d748[p=0,l=609,c=32768,r=609]={<<<<title>Webserver Environm...afari/537.36</td></tr>\n>>>537.36 (K...gue. Pr}
[DEBUG] write(array HeapByteBuffer@19782e3b[p=0,l=47,c=512,r=47]={<<<<tr><th>Connection</th><td>keep-alive</td></tr>>>>sh; Intel...\x00\x00\x00\x00\x00\x00\x00})
[DEBUG] write(array) s=OPEN,api=BLOCKING,sc=false,e=null aggregated !flush DirectByteBuffer@1c19d748[p=0,l=656,c=32768,r=656]={<<<<title>Webserver Environm...td>keep-alive</td></tr>>>> Safari/5...gue. Pr}
[DEBUG] write(array HeapByteBuffer@41752045[p=0,l=1,c=512,r=1]={<<<\n>>>tr><th>Co...\x00\x00\x00\x00\x00\x00\x00})
[DEBUG] write(array) s=OPEN,api=BLOCKING,sc=false,e=null aggregated !flush DirectByteBuffer@1c19d748[p=0,l=657,c=32768,r=657]={<<<<title>Webserver Environm...d>keep-alive</td></tr>\n>>>Safari/53...gue. Pr}
[DEBUG] write(array HeapByteBuffer@11c126bf[p=0,l=46,c=512,r=46]={<<<<tr><th>Host</th><td>localhost:38858</td></tr>>>>>sh; Inte...\x00\x00\x00\x00\x00\x00\x00})
[DEBUG] write(array) s=OPEN,api=BLOCKING,sc=false,e=null aggregated !flush DirectByteBuffer@1c19d748[p=0,l=703,c=32768,r=703]={<<<<title>Webserver Environm...calhost:38858</td></tr>>>>><td>keep...gue. Pr}
[DEBUG] write(array HeapByteBuffer@738fb959[p=0,l=1,c=512,r=1]={<<<\n>>>tr><th>Ho...\x00\x00\x00\x00\x00\x00\x00})
[DEBUG] write(array) s=OPEN,api=BLOCKING,sc=false,e=null aggregated !flush DirectByteBuffer@1c19d748[p=0,l=704,c=32768,r=704]={<<<<title>Webserver Environm...alhost:38858</td></tr>\n>>><td>keep-...gue. Pr}
[DEBUG] write(array HeapByteBuffer@2b5e48e5[p=0,l=46,c=512,r=46]={<<<<tr><th>Accept-Encoding</th><td>gzip</td></tr>>>>>sh; Inte...\x00\x00\x00\x00\x00\x00\x00})
[DEBUG] write(array) s=OPEN,api=BLOCKING,sc=false,e=null aggregated !flush DirectByteBuffer@1c19d748[p=0,l=750,c=32768,r=750]={<<<<title>Webserver Environm...</th><td>gzip</td></tr>>>>localhost...gue. Pr}
[DEBUG] write(array HeapByteBuffer@43c122c3[p=0,l=1,c=512,r=1]={<<<\n>>>tr><th>Ac...\x00\x00\x00\x00\x00\x00\x00})
[DEBUG] write(array) s=OPEN,api=BLOCKING,sc=false,e=null aggregated !flush DirectByteBuffer@1c19d748[p=0,l=751,c=32768,r=751]={<<<<title>Webserver Environm.../th><td>gzip</td></tr>\n>>>ocalhost:...gue. Pr}
[DEBUG] write(array HeapByteBuffer@5b2d00da[p=0,l=43,c=512,r=43]={<<<<tr><th>Content-Length</th><td>11</td></tr>>>>tr>>sh; I...\x00\x00\x00\x00\x00\x00\x00})
[DEBUG] write(array) s=OPEN,api=BLOCKING,sc=false,e=null aggregated !flush DirectByteBuffer@1c19d748[p=0,l=794,c=32768,r=794]={<<<<title>Webserver Environm...th</th><td>11</td></tr>>>>oding</th...gue. Pr}
[DEBUG] write(array HeapByteBuffer@55663f97[p=0,l=1,c=512,r=1]={<<<\n>>>tr><th>Co...\x00\x00\x00\x00\x00\x00\x00})
[DEBUG] write(array) s=OPEN,api=BLOCKING,sc=false,e=null aggregated !flush DirectByteBuffer@1c19d748[p=0,l=795,c=32768,r=795]={<<<<title>Webserver Environm...h</th><td>11</td></tr>\n>>>ding</th>...gue. Pr}
[DEBUG] write(array HeapByteBuffer@c264cbe[p=0,l=49,c=512,r=49]={<<<<tr><th>Content-Type</th>...td>text/plain</td></tr>>>>; Intel M...\x00\x00\x00\x00\x00\x00\x00})
[DEBUG] write(array) s=OPEN,api=BLOCKING,sc=false,e=null aggregated !flush DirectByteBuffer@1c19d748[p=0,l=844,c=32768,r=844]={<<<<title>Webserver Environm...td>text/plain</td></tr>>>>h</th><td...gue. Pr}
[DEBUG] write(array HeapByteBuffer@46bba0c3[p=0,l=1,c=512,r=1]={<<<\n>>>tr><th>Co...\x00\x00\x00\x00\x00\x00\x00})
[DEBUG] write(array) s=OPEN,api=BLOCKING,sc=false,e=null aggregated !flush DirectByteBuffer@1c19d748[p=0,l=845,c=32768,r=845]={<<<<title>Webserver Environm...d>text/plain</td></tr>\n>>></th><td>...gue. Pr}
[DEBUG] HttpConnection@3be4ecda::SocketChannelEndPoint@122254ce{l=/127.0.0.1:38858,r=/127.0.0.1:42942,OPEN,fill=-,flush=-,to=2/30000}{io=0/0,kio=0,kro=1}->HttpConnection@3be4ecda[p=HttpParser{s=CONTENT,0 of 11},g=HttpGenerator@af7230{s=START}]=>HttpChannelOverHttp@f268a5a{s=HttpChannelState@2e8f904b{s=HANDLING rs=BLOCKING os=OPEN is=IDLE awp=false se=false i=true al=0},r=2,c=false/false,a=HANDLING,uri=//localhost:38858/EchoServlet,age=2} parse HeapByteBuffer@41e05b38[p=343,l=354,c=8192,r=11]={POST /Ech... 11\r\n\r\n<<<{key:value}>>>; q=.2\r\nC...\x00\x00\x00\x00\x00\x00\x00} {}
[DEBUG] parseNext s=CONTENT HeapByteBuffer@41e05b38[p=343,l=354,c=8192,r=11]={POST /Ech... 11\r\n\r\n<<<{key:value}>>>; q=.2\r\nC...\x00\x00\x00\x00\x00\x00\x00}
[DEBUG] onContent HttpChannelOverHttp@f268a5a{s=HttpChannelState@2e8f904b{s=HANDLING rs=BLOCKING os=OPEN is=IDLE awp=false se=false i=true al=0},r=2,c=false/false,a=HANDLING,uri=//localhost:38858/EchoServlet,age=2} Content@75a3531e{HeapByteBufferR@115d40ba[p=343,l=354,c=8192,r=11]={POST /Ech... 11\r\n\r\n<<<{key:value}>>>; q=.2\r\nC...\x00\x00\x00\x00\x00\x00\x00}}
[DEBUG] HttpInputOverHTTP@5e34fa8b[c=0,q=0,[0]=null,s=STREAM] addContent Content@75a3531e{HeapByteBufferR@115d40ba[p=343,l=354,c=8192,r=11]={POST /Ech... 11\r\n\r\n<<<{key:value}>>>; q=.2\r\nC...\x00\x00\x00\x00\x00\x00\x00}}
[DEBUG] CONTENT --> CONTENT_END
[DEBUG] onContentComplete HttpChannelOverHttp@f268a5a{s=HttpChannelState@2e8f904b{s=HANDLING rs=BLOCKING os=OPEN is=IDLE awp=false se=false i=true al=0},r=2,c=false/false,a=HANDLING,uri=//localhost:38858/EchoServlet,age=2}
[DEBUG] CONTENT_END --> END
[DEBUG] onRequestComplete HttpChannelOverHttp@f268a5a{s=HttpChannelState@2e8f904b{s=HANDLING rs=BLOCKING os=OPEN is=IDLE awp=false se=false i=true al=0},r=2,c=false/false,a=HANDLING,uri=//localhost:38858/EchoServlet,age=2}
[DEBUG] HttpInputOverHTTP@5e34fa8b[c=0,q=1,[0]=EOF,s=STREAM] addContent EOF
[DEBUG] HttpConnection@3be4ecda::SocketChannelEndPoint@122254ce{l=/127.0.0.1:38858,r=/127.0.0.1:42942,OPEN,fill=-,flush=-,to=2/30000}{io=0/0,kio=0,kro=1}->HttpConnection@3be4ecda[p=HttpParser{s=END,11 of 11},g=HttpGenerator@af7230{s=START}]=>HttpChannelOverHttp@f268a5a{s=HttpChannelState@2e8f904b{s=HANDLING rs=BLOCKING os=OPEN is=IDLE awp=false se=false i=true al=0},r=2,c=false/false,a=HANDLING,uri=//localhost:38858/EchoServlet,age=2} parsed false HttpParser{s=END,11 of 11}
[DEBUG] HttpInputOverHTTP@5e34fa8b[c=11,q=1,[0]=EOF,s=STREAM] read 11 from Content@75a3531e{HeapByteBufferR@115d40ba[p=354,l=354,c=8192,r=0]={POST /Ech...:value}<<<>>>; q=.2\r\nC...\x00\x00\x00\x00\x00\x00\x00}}
[DEBUG] releaseRequestBuffer HttpConnection@3be4ecda::SocketChannelEndPoint@122254ce{l=/127.0.0.1:38858,r=/127.0.0.1:42942,OPEN,fill=-,flush=-,to=2/30000}{io=0/0,kio=0,kro=1}->HttpConnection@3be4ecda[p=HttpParser{s=END,11 of 11},g=HttpGenerator@af7230{s=START}]=>HttpChannelOverHttp@f268a5a{s=HttpChannelState@2e8f904b{s=HANDLING rs=BLOCKING os=OPEN is=IDLE awp=false se=false i=true al=0},r=2,c=false/false,a=HANDLING,uri=//localhost:38858/EchoServlet,age=2}
[DEBUG] onEof HttpChannelState@2e8f904b{s=HANDLING rs=BLOCKING os=OPEN is=IDLE awp=false se=false i=true al=0}
[DEBUG] write(array HeapByteBuffer@2f20bd93[p=0,l=47,c=512,r=47]={<<<<tr><th>Post Data</th><td>{key:value}</td></tr>>>>r>; Intel...\x00\x00\x00\x00\x00\x00\x00})
[DEBUG] write(array) s=OPEN,api=BLOCKING,sc=false,e=null aggregated !flush DirectByteBuffer@1c19d748[p=0,l=892,c=32768,r=892]={<<<<title>Webserver Environm...d>{key:value}</td></tr>>>><td>text/...gue. Pr}
[DEBUG] write(array HeapByteBuffer@3406bd0c[p=0,l=1,c=512,r=1]={<<<\n>>>tr><th>Po...\x00\x00\x00\x00\x00\x00\x00})
[DEBUG] write(array) s=OPEN,api=BLOCKING,sc=false,e=null aggregated !flush DirectByteBuffer@1c19d748[p=0,l=893,c=32768,r=893]={<<<<title>Webserver Environm...>{key:value}</td></tr>\n>>>td>text/p...gue. Pr}
[DEBUG] write(array HeapByteBuffer@5b523331[p=0,l=8,c=512,r=8]={<<<</table>>>>Post Data...\x00\x00\x00\x00\x00\x00\x00})
[DEBUG] write(array) s=OPEN,api=BLOCKING,sc=false,e=null aggregated !flush DirectByteBuffer@1c19d748[p=0,l=901,c=32768,r=901]={<<<<title>Webserver Environm...lue}</td></tr>\n</table>>>>plain</td...gue. Pr}
[DEBUG] write(array HeapByteBuffer@20f1e071[p=0,l=1,c=512,r=1]={<<<\n>>>/table>Po...\x00\x00\x00\x00\x00\x00\x00})
[DEBUG] write(array) s=OPEN,api=BLOCKING,sc=false,e=null aggregated !flush DirectByteBuffer@1c19d748[p=0,l=902,c=32768,r=902]={<<<<title>Webserver Environm...ue}</td></tr>\n</table>\n>>>lain</td>...gue. Pr}
[DEBUG] handled=true async=false committed=false on HttpChannelOverHttp@f268a5a{s=HttpChannelState@2e8f904b{s=HANDLING rs=BLOCKING os=OPEN is=READY awp=false se=false i=true al=0},r=2,c=false/false,a=HANDLING,uri=//localhost:38858/EchoServlet,age=13}
[DEBUG] unhandle HttpChannelState@2e8f904b{s=HANDLING rs=BLOCKING os=OPEN is=READY awp=false se=false i=true al=0}
[DEBUG] nextAction(false) COMPLETE HttpChannelState@2e8f904b{s=HANDLING rs=COMPLETING os=OPEN is=READY awp=false se=false i=false al=0}
[DEBUG] action COMPLETE HttpChannelOverHttp@f268a5a{s=HttpChannelState@2e8f904b{s=HANDLING rs=COMPLETING os=OPEN is=READY awp=false se=false i=false al=0},r=2,c=false/false,a=HANDLING,uri=//localhost:38858/EchoServlet,age=13}
[DEBUG] complete(org.eclipse.jetty.util.Callback$3@a170dd9) s=CLOSING,api=BLOCKED,sc=false,e=null s=false e=null, c=DirectByteBuffer@1c19d748[p=0,l=902,c=32768,r=902]={<<<<title>Webserver Environm...ue}</td></tr>\n</table>\n>>>lain</td>...gue. Pr}
[DEBUG] sendResponse info=null content=DirectByteBuffer@1c19d748[p=0,l=902,c=32768,r=902]={<<<<title>Webserver Environm...ue}</td></tr>\n</table>\n>>>lain</td>...gue. Pr} complete=true committing=true callback=org.eclipse.jetty.server.HttpOutput$WriteCompleteCB@b783f4a
[DEBUG] COMMIT for /EchoServlet on HttpChannelOverHttp@f268a5a{s=HttpChannelState@2e8f904b{s=HANDLING rs=COMPLETING os=COMMITTED is=READY awp=false se=false i=false al=0},r=2,c=false/false,a=HANDLING,uri=//localhost:38858/EchoServlet,age=13}
200 null HTTP/1.1
Date: Mon, 20 Sep 2021 19:30:12 GMT
Content-Type: text/html;charset=utf-8
Cache-Control: no-cache
Cache-Control: no-store


[DEBUG] generate: NEED_HEADER for SendCallback@2c1836a[PROCESSING][i=HTTP/1.1{s=200,h=4,cl=-1},cb=org.eclipse.jetty.server.HttpChannel$SendCallback@41f95eaf] (null,[p=0,l=902,c=32768,r=902],true)@START
[DEBUG] generateHeaders HTTP/1.1{s=200,h=4,cl=-1} last=true content=DirectByteBuffer@1c19d748[p=0,l=902,c=32768,r=902]={<<<<title>Webserver Environm...ue}</td></tr>\n</table>\n>>>lain</td>...gue. Pr}
[DEBUG] Date: Mon, 20 Sep 2021 19:30:12 GMT
Content-Type: text/html;charset=utf-8
Cache-Control: no-cache
Cache-Control: no-store


[DEBUG] CONTENT_LENGTH
[DEBUG] generate: FLUSH for SendCallback@2c1836a[PROCESSING][i=HTTP/1.1{s=200,h=4,cl=-1},cb=org.eclipse.jetty.server.HttpChannel$SendCallback@41f95eaf] ([p=0,l=199,c=8192,r=199],[p=0,l=902,c=32768,r=902],true)@COMPLETING
[DEBUG] write: WriteFlusher@653abf25{IDLE}->null [HeapByteBuffer@41e05b38[p=0,l=199,c=8192,r=199]={<<<HTTP/1.1 200 OK\r\nDate: Mo...y(9.4.43.v20210629)\r\n\r\n>>>fari/537....\x00\x00\x00\x00\x00\x00\x00},DirectByteBuffer@1c19d748[p=0,l=902,c=32768,r=902]={<<<<title>Webserver Environm...ue}</td></tr>\n</table>\n>>>lain</td>...gue. Pr}]
[DEBUG] update WriteFlusher@653abf25{WRITING}->null:IDLE-->WRITING
]]></system-out>
  </testcase>
  <testcase name="bodyAfterParseThrowsValidationError" classname="org.jsoup.integration.ConnectTest" time="0.018">
    <system-out><![CDATA[[DEBUG] flushed 1200 SocketChannelEndPoint@77ed8bb4{l=/127.0.0.1:38858,r=/127.0.0.1:42946,OPEN,fill=-,flush=W,to=28/30000}{io=0/0,kio=0,kro=1}->HttpConnection@65fa8c24[p=HttpParser{s=CONTENT,0 of -1},g=HttpGenerator@307be154{s=COMMITTED}]=>HttpChannelOverHttp@c28598b{s=HttpChannelState@5bb2823f{s=HANDLING rs=BLOCKING os=COMMITTED is=IDLE awp=false se=false i=true al=0},r=7,c=false/false,a=HANDLING,uri=//localhost:38858/FileServlet/htmltests/thumb.jpg?contentType=image%2Fjpeg,age=26}
[DEBUG] releaseRequestBuffer HttpConnection@26dcb9cc::SocketChannelEndPoint@4414532c{l=0.0.0.0/0.0.0.0:38858,r=null,CLOSED,fill=-,flush=-,to=1262/30000}{io=0/0,kio=-1,kro=-1}->HttpConnection@26dcb9cc[p=HttpParser{s=CLOSED,0 of -1},g=HttpGenerator@bf2138a{s=START}]=>HttpChannelOverHttp@1f3a8692{s=HttpChannelState@13c489c4{s=IDLE rs=BLOCKING os=OPEN is=IDLE awp=false se=false i=true al=0},r=1,c=false/false,a=IDLE,uri=null,age=0}
[DEBUG] shutdownOutput SocketChannelEndPoint@4414532c{l=0.0.0.0/0.0.0.0:38858,r=null,CLOSED,fill=-,flush=-,to=1281/30000}{io=0/0,kio=-1,kro=-1}->HttpConnection@26dcb9cc[p=HttpParser{s=CLOSED,0 of -1},g=HttpGenerator@bf2138a{s=START}]=>HttpChannelOverHttp@1f3a8692{s=HttpChannelState@13c489c4{s=IDLE rs=BLOCKING os=OPEN is=IDLE awp=false se=false i=true al=0},r=1,c=false/false,a=IDLE,uri=null,age=0}
[DEBUG] HttpConnection@26dcb9cc::SocketChannelEndPoint@4414532c{l=0.0.0.0/0.0.0.0:38858,r=null,CLOSED,fill=-,flush=-,to=1281/30000}{io=0/0,kio=-1,kro=-1}->HttpConnection@26dcb9cc[p=HttpParser{s=CLOSED,0 of -1},g=HttpGenerator@bf2138a{s=START}]=>HttpChannelOverHttp@1f3a8692{s=HttpChannelState@13c489c4{s=IDLE rs=BLOCKING os=OPEN is=IDLE awp=false se=false i=true al=0},r=1,c=false/false,a=IDLE,uri=null,age=0} onFillable exit HttpChannelState@13c489c4{s=IDLE rs=BLOCKING os=OPEN is=IDLE awp=false se=false i=true al=0} null
[DEBUG] ReservedThreadExecutor@7ec3394b{s=1/1,p=0}@5cdb76b3 size 1 > capacity
[DEBUG] ran ReservedThreadExecutor@7ec3394b{s=1/1,p=0}@5cdb76b3 in QueuedThreadPool[qtp487792155]@1d131e1b{STARTED,8<=9<=200,i=3,r=-1,q=0}[ReservedThreadExecutor@7ec3394b{s=1/1,p=0}]
[DEBUG] Flushed=true written=1200 remaining=0 WriteFlusher@6dfe4884{WRITING}->null
[DEBUG] update WriteFlusher@6dfe4884{IDLE}->null:WRITING-->IDLE
[DEBUG] generate: DONE for SendCallback@606934da[PROCESSING][i=HTTP/1.1{s=200,h=2,cl=-1},cb=org.eclipse.jetty.server.HttpChannel$SendCallback@56e4b97f] ([p=148,l=148,c=8192,r=0],[p=1052,l=1052,c=32768,r=0],false)@COMMITTED
[DEBUG] onWriteComplete(false,null) s=OPEN,api=BLOCKED,sc=false,e=null->s=OPEN,api=BLOCKING,sc=false,e=null c=null cb=null w=false
[DEBUG] handled=true async=false committed=true on HttpChannelOverHttp@c28598b{s=HttpChannelState@5bb2823f{s=HANDLING rs=BLOCKING os=COMMITTED is=IDLE awp=false se=false i=true al=0},r=7,c=false/false,a=HANDLING,uri=//localhost:38858/FileServlet/htmltests/thumb.jpg?contentType=image%2Fjpeg,age=35}
[DEBUG] unhandle HttpChannelState@5bb2823f{s=HANDLING rs=BLOCKING os=COMMITTED is=IDLE awp=false se=false i=true al=0}
[DEBUG] nextAction(false) COMPLETE HttpChannelState@5bb2823f{s=HANDLING rs=COMPLETING os=COMMITTED is=IDLE awp=false se=false i=false al=0}
[DEBUG] action COMPLETE HttpChannelOverHttp@c28598b{s=HttpChannelState@5bb2823f{s=HANDLING rs=COMPLETING os=COMMITTED is=IDLE awp=false se=false i=false al=0},r=7,c=false/false,a=HANDLING,uri=//localhost:38858/FileServlet/htmltests/thumb.jpg?contentType=image%2Fjpeg,age=35}
[DEBUG] complete(org.eclipse.jetty.util.Callback$3@39326547) s=CLOSING,api=BLOCKED,sc=false,e=null s=false e=null, c=HeapByteBuffer@11848662[p=0,l=0,c=0,r=0]={<<<>>>}
[DEBUG] sendResponse info=null content=HeapByteBuffer@11848662[p=0,l=0,c=0,r=0]={<<<>>>} complete=true committing=false callback=org.eclipse.jetty.server.HttpOutput$WriteCompleteCB@53a5840
[DEBUG] generate: CONTINUE for SendCallback@606934da[PROCESSING][i=null,cb=org.eclipse.jetty.server.HttpChannel$SendCallback@23956acc] (null,[p=0,l=0,c=0,r=0],true)@COMPLETING
[DEBUG] generate: NEED_CHUNK for SendCallback@606934da[PROCESSING][i=null,cb=org.eclipse.jetty.server.HttpChannel$SendCallback@23956acc] (null,[p=0,l=0,c=0,r=0],true)@COMPLETING
[DEBUG] generate: FLUSH for SendCallback@606934da[PROCESSING][i=null,cb=org.eclipse.jetty.server.HttpChannel$SendCallback@23956acc] (null,[p=0,l=0,c=0,r=0],true)@COMPLETING
[DEBUG] write: WriteFlusher@6dfe4884{IDLE}->null [HeapByteBuffer@68278da5[p=0,l=7,c=1024,r=7]={<<<\r\n0\r\n\r\n>>>\n\x00\x00\x00\x00\x00\x00\x00\x00...\x00\x00\x00\x00\x00\x00\x00}]
[DEBUG] update WriteFlusher@6dfe4884{WRITING}->null:IDLE-->WRITING
[DEBUG] flushed 7 SocketChannelEndPoint@77ed8bb4{l=/127.0.0.1:38858,r=/127.0.0.1:42946,OPEN,fill=-,flush=W,to=0/30000}{io=0/0,kio=0,kro=1}->HttpConnection@65fa8c24[p=HttpParser{s=CONTENT,0 of -1},g=HttpGenerator@307be154{s=COMPLETING}]=>HttpChannelOverHttp@c28598b{s=HttpChannelState@5bb2823f{s=HANDLING rs=COMPLETING os=COMMITTED is=IDLE awp=false se=false i=false al=0},r=7,c=false/false,a=HANDLING,uri=//localhost:38858/FileServlet/htmltests/thumb.jpg?contentType=image%2Fjpeg,age=36}
[DEBUG] Flushed=true written=7 remaining=0 WriteFlusher@6dfe4884{WRITING}->null
[DEBUG] update WriteFlusher@6dfe4884{IDLE}->null:WRITING-->IDLE
[DEBUG] generate: DONE for SendCallback@606934da[PROCESSING][i=null,cb=org.eclipse.jetty.server.HttpChannel$SendCallback@23956acc] (null,[p=0,l=0,c=0,r=0],true)@END
[DEBUG] onWriteComplete(true,null) s=CLOSING,api=BLOCKED,sc=false,e=null->s=CLOSED,api=BLOCKING,sc=false,e=null c=null cb=org.eclipse.jetty.util.Callback$3@39326547 w=false
[DEBUG] completed HttpChannelState@5bb2823f{s=HANDLING rs=COMPLETING os=COMPLETED is=IDLE awp=false se=false i=false al=0}
[DEBUG] unhandle HttpChannelState@5bb2823f{s=HANDLING rs=COMPLETED os=COMPLETED is=IDLE awp=false se=false i=false al=0}
[DEBUG] nextAction(false) TERMINATED HttpChannelState@5bb2823f{s=IDLE rs=COMPLETED os=COMPLETED is=IDLE awp=false se=false i=false al=0}
[DEBUG] action TERMINATED HttpChannelOverHttp@c28598b{s=HttpChannelState@5bb2823f{s=IDLE rs=COMPLETED os=COMPLETED is=IDLE awp=false se=false i=false al=0},r=7,c=true/true,a=IDLE,uri=//localhost:38858/FileServlet/htmltests/thumb.jpg?contentType=image%2Fjpeg,age=37}
[DEBUG] onCompleted for /FileServlet/htmltests/thumb.jpg written=1052
[DEBUG] shutdownInput SocketChannelEndPoint@77ed8bb4{l=/127.0.0.1:38858,r=/127.0.0.1:42946,OPEN,fill=-,flush=-,to=1/30000}{io=0/0,kio=0,kro=1}->HttpConnection@65fa8c24[p=HttpParser{s=CONTENT,0 of -1},g=HttpGenerator@307be154{s=END}]=>HttpChannelOverHttp@c28598b{s=HttpChannelState@5bb2823f{s=IDLE rs=COMPLETED os=COMPLETED is=IDLE awp=false se=false i=false al=0},r=7,c=true/true,a=IDLE,uri=//localhost:38858/FileServlet/htmltests/thumb.jpg?contentType=image%2Fjpeg,age=37}
[DEBUG] filled -1 HeapByteBuffer@22b9b50d[p=0,l=0,c=8192,r=0]={<<<>>>HTTP/1.1 ...\x86&h\xA0{\xC1\xC2}
[DEBUG] atEOF HttpParser{s=CONTENT,0 of -1}
[DEBUG] HttpConnection@65fa8c24::SocketChannelEndPoint@77ed8bb4{l=/127.0.0.1:38858,r=/127.0.0.1:42946,ISHUT,fill=-,flush=-,to=1/30000}{io=0/0,kio=0,kro=1}->HttpConnection@65fa8c24[p=HttpParser{s=CONTENT,0 of -1},g=HttpGenerator@307be154{s=END}]=>HttpChannelOverHttp@c28598b{s=HttpChannelState@5bb2823f{s=IDLE rs=COMPLETED os=COMPLETED is=IDLE awp=false se=false i=false al=0},r=7,c=true/true,a=IDLE,uri=//localhost:38858/FileServlet/htmltests/thumb.jpg?contentType=image%2Fjpeg,age=37} filled -1 HeapByteBuffer@22b9b50d[p=0,l=0,c=8192,r=0]={<<<>>>HTTP/1.1 ...\x86&h\xA0{\xC1\xC2}
[DEBUG] HttpConnection@65fa8c24::SocketChannelEndPoint@77ed8bb4{l=/127.0.0.1:38858,r=/127.0.0.1:42946,ISHUT,fill=-,flush=-,to=1/30000}{io=0/0,kio=0,kro=1}->HttpConnection@65fa8c24[p=HttpParser{s=CONTENT,0 of -1},g=HttpGenerator@307be154{s=END}]=>HttpChannelOverHttp@c28598b{s=HttpChannelState@5bb2823f{s=IDLE rs=COMPLETED os=COMPLETED is=IDLE awp=false se=false i=false al=0},r=7,c=true/true,a=IDLE,uri=//localhost:38858/FileServlet/htmltests/thumb.jpg?contentType=image%2Fjpeg,age=37} parse HeapByteBuffer@22b9b50d[p=0,l=0,c=8192,r=0]={<<<>>>HTTP/1.1 ...\x86&h\xA0{\xC1\xC2} {}
[DEBUG] parseNext s=CONTENT HeapByteBuffer@22b9b50d[p=0,l=0,c=8192,r=0]={<<<>>>HTTP/1.1 ...\x86&h\xA0{\xC1\xC2}
[DEBUG] CONTENT --> CONTENT_END
[DEBUG] onContentComplete HttpChannelOverHttp@c28598b{s=HttpChannelState@5bb2823f{s=IDLE rs=COMPLETED os=COMPLETED is=IDLE awp=false se=false i=false al=0},r=7,c=true/true,a=IDLE,uri=//localhost:38858/FileServlet/htmltests/thumb.jpg?contentType=image%2Fjpeg,age=37}
[DEBUG] CONTENT_END --> END
[DEBUG] onRequestComplete HttpChannelOverHttp@c28598b{s=HttpChannelState@5bb2823f{s=IDLE rs=COMPLETED os=COMPLETED is=IDLE awp=false se=false i=false al=0},r=7,c=true/true,a=IDLE,uri=//localhost:38858/FileServlet/htmltests/thumb.jpg?contentType=image%2Fjpeg,age=37}
[DEBUG] HttpInputOverHTTP@2b9fd7c2[c=0,q=0,[0]=null,s=STREAM] addContent EOF
[DEBUG] END --> CLOSED
[DEBUG] HttpConnection@65fa8c24::SocketChannelEndPoint@77ed8bb4{l=/127.0.0.1:38858,r=/127.0.0.1:42946,ISHUT,fill=-,flush=-,to=1/30000}{io=0/0,kio=0,kro=1}->HttpConnection@65fa8c24[p=HttpParser{s=CLOSED,0 of -1},g=HttpGenerator@307be154{s=END}]=>HttpChannelOverHttp@c28598b{s=HttpChannelState@5bb2823f{s=IDLE rs=COMPLETED os=COMPLETED is=IDLE awp=false se=false i=false al=0},r=7,c=true/true,a=IDLE,uri=//localhost:38858/FileServlet/htmltests/thumb.jpg?contentType=image%2Fjpeg,age=37} parsed false HttpParser{s=CLOSED,0 of -1}
[DEBUG] releaseRequestBuffer HttpConnection@65fa8c24::SocketChannelEndPoint@77ed8bb4{l=/127.0.0.1:38858,r=/127.0.0.1:42946,ISHUT,fill=-,flush=-,to=1/30000}{io=0/0,kio=0,kro=1}->HttpConnection@65fa8c24[p=HttpParser{s=CLOSED,0 of -1},g=HttpGenerator@307be154{s=END}]=>HttpChannelOverHttp@c28598b{s=HttpChannelState@5bb2823f{s=IDLE rs=COMPLETED os=COMPLETED is=IDLE awp=false se=false i=false al=0},r=7,c=true/true,a=IDLE,uri=//localhost:38858/FileServlet/htmltests/thumb.jpg?contentType=image%2Fjpeg,age=38}
[DEBUG] recycle HttpChannelState@5bb2823f{s=IDLE rs=COMPLETED os=COMPLETED is=IDLE awp=false se=false i=false al=0}
[DEBUG] !handle TERMINATED HttpChannelOverHttp@c28598b{s=HttpChannelState@5bb2823f{s=IDLE rs=BLOCKING os=OPEN is=IDLE awp=false se=false i=true al=0},r=7,c=false/false,a=IDLE,uri=null,age=0}
[DEBUG] atEOF HttpParser{s=CLOSED,0 of -1}
[DEBUG] HttpConnection@65fa8c24::SocketChannelEndPoint@77ed8bb4{l=/127.0.0.1:38858,r=/127.0.0.1:42946,ISHUT,fill=-,flush=-,to=1/30000}{io=0/0,kio=0,kro=1}->HttpConnection@65fa8c24[p=HttpParser{s=CLOSED,0 of -1},g=HttpGenerator@307be154{s=START}]=>HttpChannelOverHttp@c28598b{s=HttpChannelState@5bb2823f{s=IDLE rs=BLOCKING os=OPEN is=IDLE awp=false se=false i=true al=0},r=7,c=false/false,a=IDLE,uri=null,age=0} filled -1 HeapByteBuffer@78a30358[p=0,l=0,c=8192,r=0]={<<<>>>HTTP/1.1 ...\x00\x00\x00\x00\x00\x00\x00}
[DEBUG] HttpConnection@65fa8c24::SocketChannelEndPoint@77ed8bb4{l=/127.0.0.1:38858,r=/127.0.0.1:42946,ISHUT,fill=-,flush=-,to=1/30000}{io=0/0,kio=0,kro=1}->HttpConnection@65fa8c24[p=HttpParser{s=CLOSED,0 of -1},g=HttpGenerator@307be154{s=START}]=>HttpChannelOverHttp@c28598b{s=HttpChannelState@5bb2823f{s=IDLE rs=BLOCKING os=OPEN is=IDLE awp=false se=false i=true al=0},r=7,c=false/false,a=IDLE,uri=null,age=0} parse HeapByteBuffer@78a30358[p=0,l=0,c=8192,r=0]={<<<>>>HTTP/1.1 ...\x00\x00\x00\x00\x00\x00\x00} {}
[DEBUG] parseNext s=CLOSED HeapByteBuffer@78a30358[p=0,l=0,c=8192,r=0]={<<<>>>HTTP/1.1 ...\x00\x00\x00\x00\x00\x00\x00}
[DEBUG] HttpConnection@65fa8c24::SocketChannelEndPoint@77ed8bb4{l=/127.0.0.1:38858,r=/127.0.0.1:42946,ISHUT,fill=-,flush=-,to=2/30000}{io=0/0,kio=0,kro=1}->HttpConnection@65fa8c24[p=HttpParser{s=CLOSED,0 of -1},g=HttpGenerator@307be154{s=START}]=>HttpChannelOverHttp@c28598b{s=HttpChannelState@5bb2823f{s=IDLE rs=BLOCKING os=OPEN is=IDLE awp=false se=false i=true al=0},r=7,c=false/false,a=IDLE,uri=null,age=0} parsed false HttpParser{s=CLOSED,0 of -1}
[DEBUG] releaseRequestBuffer HttpConnection@65fa8c24::SocketChannelEndPoint@77ed8bb4{l=/127.0.0.1:38858,r=/127.0.0.1:42946,ISHUT,fill=-,flush=-,to=2/30000}{io=0/0,kio=0,kro=1}->HttpConnection@65fa8c24[p=HttpParser{s=CLOSED,0 of -1},g=HttpGenerator@307be154{s=START}]=>HttpChannelOverHttp@c28598b{s=HttpChannelState@5bb2823f{s=IDLE rs=BLOCKING os=OPEN is=IDLE awp=false se=false i=true al=0},r=7,c=false/false,a=IDLE,uri=null,age=0}
[DEBUG] shutdownOutput SocketChannelEndPoint@77ed8bb4{l=/127.0.0.1:38858,r=/127.0.0.1:42946,ISHUT,fill=-,flush=-,to=2/30000}{io=0/0,kio=0,kro=1}->HttpConnection@65fa8c24[p=HttpParser{s=CLOSED,0 of -1},g=HttpGenerator@307be154{s=START}]=>HttpChannelOverHttp@c28598b{s=HttpChannelState@5bb2823f{s=IDLE rs=BLOCKING os=OPEN is=IDLE awp=false se=false i=true al=0},r=7,c=false/false,a=IDLE,uri=null,age=0}
[DEBUG] doClose SocketChannelEndPoint@77ed8bb4{l=/127.0.0.1:38858,r=/127.0.0.1:42946,CLOSED,fill=-,flush=-,to=2/30000}{io=0/0,kio=0,kro=1}->HttpConnection@65fa8c24[p=HttpParser{s=CLOSED,0 of -1},g=HttpGenerator@307be154{s=START}]=>HttpChannelOverHttp@c28598b{s=HttpChannelState@5bb2823f{s=IDLE rs=BLOCKING os=OPEN is=IDLE awp=false se=false i=true al=0},r=7,c=false/false,a=IDLE,uri=null,age=0}
[DEBUG] onClose FillInterest@7f973e1e{null}
[DEBUG] Wakeup ManagedSelector@129b4fe2{STARTED} id=0 keys=4 selected=0 updates=0
[DEBUG] flushed 1101 SocketChannelEndPoint@122254ce{l=/127.0.0.1:38858,r=/127.0.0.1:42942,OPEN,fill=-,flush=W,to=25/30000}{io=0/0,kio=0,kro=1}->HttpConnection@3be4ecda[p=HttpParser{s=END,11 of 11},g=HttpGenerator@af7230{s=COMPLETING}]=>HttpChannelOverHttp@f268a5a{s=HttpChannelState@2e8f904b{s=HANDLING rs=COMPLETING os=COMMITTED is=READY awp=false se=false i=false al=0},r=2,c=false/false,a=HANDLING,uri=//localhost:38858/EchoServlet,age=25}
[DEBUG] Flushed=true written=1101 remaining=0 WriteFlusher@653abf25{WRITING}->null
[DEBUG] update WriteFlusher@653abf25{IDLE}->null:WRITING-->IDLE
[DEBUG] generate: DONE for SendCallback@2c1836a[PROCESSING][i=HTTP/1.1{s=200,h=4,cl=-1},cb=org.eclipse.jetty.server.HttpChannel$SendCallback@41f95eaf] ([p=199,l=199,c=8192,r=0],[p=902,l=902,c=32768,r=0],true)@END
[DEBUG] onWriteComplete(true,null) s=CLOSING,api=BLOCKED,sc=false,e=null->s=CLOSED,api=BLOCKING,sc=false,e=null c=null cb=org.eclipse.jetty.util.Callback$3@a170dd9 w=false
[DEBUG] completed HttpChannelState@2e8f904b{s=HANDLING rs=COMPLETING os=COMPLETED is=READY awp=false se=false i=false al=0}
[DEBUG] unhandle HttpChannelState@2e8f904b{s=HANDLING rs=COMPLETED os=COMPLETED is=READY awp=false se=false i=false al=0}
[DEBUG] nextAction(false) TERMINATED HttpChannelState@2e8f904b{s=IDLE rs=COMPLETED os=COMPLETED is=READY awp=false se=false i=false al=0}
[DEBUG] action TERMINATED HttpChannelOverHttp@f268a5a{s=HttpChannelState@2e8f904b{s=IDLE rs=COMPLETED os=COMPLETED is=READY awp=false se=false i=false al=0},r=2,c=true/true,a=IDLE,uri=//localhost:38858/EchoServlet,age=26}
[DEBUG] onCompleted for /EchoServlet written=902
[DEBUG] recycle HttpChannelState@2e8f904b{s=IDLE rs=COMPLETED os=COMPLETED is=READY awp=false se=false i=false al=0}
[DEBUG] reset HttpParser{s=END,11 of 11}
[DEBUG] END --> START
[DEBUG] !handle TERMINATED HttpChannelOverHttp@f268a5a{s=HttpChannelState@2e8f904b{s=IDLE rs=BLOCKING os=OPEN is=IDLE awp=false se=false i=true al=0},r=2,c=false/false,a=IDLE,uri=null,age=0}
[DEBUG] filled 290 HeapByteBuffer@22b9b50d[p=0,l=290,c=8192,r=290]={<<<GET /EchoServlet HTTP/1.1...nection: keep-alive\r\n\r\n>>>/jpeg, *;...\x86&h\xA0{\xC1\xC2}
[DEBUG] HttpConnection@3be4ecda::SocketChannelEndPoint@122254ce{l=/127.0.0.1:38858,r=/127.0.0.1:42942,OPEN,fill=-,flush=-,to=0/30000}{io=0/0,kio=0,kro=1}->HttpConnection@3be4ecda[p=HttpParser{s=START,0 of -1},g=HttpGenerator@af7230{s=START}]=>HttpChannelOverHttp@f268a5a{s=HttpChannelState@2e8f904b{s=IDLE rs=BLOCKING os=OPEN is=IDLE awp=false se=false i=true al=0},r=2,c=false/false,a=IDLE,uri=null,age=0} filled 290 HeapByteBuffer@22b9b50d[p=0,l=290,c=8192,r=290]={<<<GET /EchoServlet HTTP/1.1...nection: keep-alive\r\n\r\n>>>/jpeg, *;...\x86&h\xA0{\xC1\xC2}
[DEBUG] HttpConnection@3be4ecda::SocketChannelEndPoint@122254ce{l=/127.0.0.1:38858,r=/127.0.0.1:42942,OPEN,fill=-,flush=-,to=0/30000}{io=0/0,kio=0,kro=1}->HttpConnection@3be4ecda[p=HttpParser{s=START,0 of -1},g=HttpGenerator@af7230{s=START}]=>HttpChannelOverHttp@f268a5a{s=HttpChannelState@2e8f904b{s=IDLE rs=BLOCKING os=OPEN is=IDLE awp=false se=false i=true al=0},r=2,c=false/false,a=IDLE,uri=null,age=0} parse HeapByteBuffer@22b9b50d[p=0,l=290,c=8192,r=290]={<<<GET /EchoServlet HTTP/1.1...nection: keep-alive\r\n\r\n>>>/jpeg, *;...\x86&h\xA0{\xC1\xC2} {}
[DEBUG] parseNext s=START HeapByteBuffer@22b9b50d[p=0,l=290,c=8192,r=290]={<<<GET /EchoServlet HTTP/1.1...nection: keep-alive\r\n\r\n>>>/jpeg, *;...\x86&h\xA0{\xC1\xC2}
[DEBUG] START --> SPACE1
[DEBUG] SPACE1 --> URI
[DEBUG] URI --> SPACE2
[DEBUG] SPACE2 --> REQUEST_VERSION
[DEBUG] REQUEST_VERSION --> HEADER
[DEBUG] HEADER:Accept-Encoding: gzip --> IN_VALUE
[DEBUG] HEADER:Accept-Encoding: gzip --> FIELD
[DEBUG] HEADER:User-Agent: Mozilla/5.0 (Windows NT 10.0; Win64; x64) AppleWebKit/537.36 (KHTML, like Gecko) Chrome/79.0.3945.130 Safari/537.36 --> IN_VALUE
[DEBUG] HEADER:User-Agent: Mozilla/5.0 (Windows NT 10.0; Win64; x64) AppleWebKit/537.36 (KHTML, like Gecko) Chrome/79.0.3945.130 Safari/537.36 --> FIELD
[DEBUG] HEADER:Host: localhost:38858 --> IN_VALUE
[DEBUG] HEADER:Host: localhost:38858 --> FIELD
[DEBUG] HEADER:Accept: text/html, image/gif, image/jpeg, *; q=.2, */*; q=.2 --> IN_VALUE
[DEBUG] HEADER:Accept: text/html, image/gif, image/jpeg, *; q=.2, */*; q=.2 --> FIELD
[DEBUG] HEADER:Connection: keep-alive --> IN_VALUE
[DEBUG] HEADER:Connection: keep-alive --> FIELD
[DEBUG] HEADER --> CONTENT
[DEBUG] REQUEST for //localhost:38858/EchoServlet on HttpChannelOverHttp@f268a5a{s=HttpChannelState@2e8f904b{s=IDLE rs=BLOCKING os=OPEN is=IDLE awp=false se=false i=true al=0},r=3,c=false/false,a=IDLE,uri=//localhost:38858/EchoServlet,age=0}
GET //localhost:38858/EchoServlet HTTP/1.1
Accept-Encoding: gzip
User-Agent: Mozilla/5.0 (Windows NT 10.0; Win64; x64) AppleWebKit/537.36 (KHTML, like Gecko) Chrome/79.0.3945.130 Safari/537.36
Host: localhost:38858
Accept: text/html, image/gif, image/jpeg, *; q=.2, */*; q=.2
Connection: keep-alive


[DEBUG] HttpConnection@3be4ecda::SocketChannelEndPoint@122254ce{l=/127.0.0.1:38858,r=/127.0.0.1:42942,OPEN,fill=-,flush=-,to=0/30000}{io=0/0,kio=0,kro=1}->HttpConnection@3be4ecda[p=HttpParser{s=CONTENT,0 of -1},g=HttpGenerator@af7230{s=START}]=>HttpChannelOverHttp@f268a5a{s=HttpChannelState@2e8f904b{s=IDLE rs=BLOCKING os=OPEN is=IDLE awp=false se=false i=true al=0},r=3,c=false/false,a=IDLE,uri=//localhost:38858/EchoServlet,age=4} parsed true HttpParser{s=CONTENT,0 of -1}
[DEBUG] releaseRequestBuffer HttpConnection@3be4ecda::SocketChannelEndPoint@122254ce{l=/127.0.0.1:38858,r=/127.0.0.1:42942,OPEN,fill=-,flush=-,to=3/30000}{io=0/0,kio=0,kro=1}->HttpConnection@3be4ecda[p=HttpParser{s=CONTENT,0 of -1},g=HttpGenerator@af7230{s=START}]=>HttpChannelOverHttp@f268a5a{s=HttpChannelState@2e8f904b{s=IDLE rs=BLOCKING os=OPEN is=IDLE awp=false se=false i=true al=0},r=3,c=false/false,a=IDLE,uri=//localhost:38858/EchoServlet,age=4}
[DEBUG] handle //localhost:38858/EchoServlet HttpChannelOverHttp@f268a5a{s=HttpChannelState@2e8f904b{s=IDLE rs=BLOCKING os=OPEN is=IDLE awp=false se=false i=true al=0},r=3,c=false/false,a=IDLE,uri=//localhost:38858/EchoServlet,age=4} 
[DEBUG] handling HttpChannelState@2e8f904b{s=IDLE rs=BLOCKING os=OPEN is=IDLE awp=false se=false i=true al=0}
[DEBUG] action DISPATCH HttpChannelOverHttp@f268a5a{s=HttpChannelState@2e8f904b{s=HANDLING rs=BLOCKING os=OPEN is=IDLE awp=false se=false i=true al=0},r=3,c=false/false,a=HANDLING,uri=//localhost:38858/EchoServlet,age=4}
[DEBUG] REQUEST GET /EchoServlet on HttpChannelOverHttp@f268a5a{s=HttpChannelState@2e8f904b{s=HANDLING rs=BLOCKING os=OPEN is=IDLE awp=false se=false i=true al=0},r=3,c=false/false,a=HANDLING,uri=//localhost:38858/EchoServlet,age=4}
[DEBUG] servlet null|/EchoServlet|null -> org.jsoup.integration.servlets.EchoServlet-422c3c7a==org.jsoup.integration.servlets.EchoServlet@66e2fba5{jsp=null,order=-1,inst=true,async=true,src=EMBEDDED:null,STARTED}
[DEBUG] chain=null
[DEBUG] write(array HeapByteBuffer@6ea4dc89[p=0,l=235,c=512,r=235]={<<<<title>Webserver Environm...\n    <table border="0">>>>\x00\x00\x00\x00\x00\x00\x00\x00\x00...\x00\x00\x00\x00\x00\x00\x00})
[DEBUG] write(array) s=OPEN,api=BLOCKING,sc=false,e=null aggregated !flush DirectByteBuffer@58caaa66[p=0,l=235,c=32768,r=235]={<<<<title>Webserver Environm...\n    <table border="0">>>>et eget, ...gue. Pr}
[DEBUG] write(array HeapByteBuffer@5c6f6d41[p=0,l=36,c=512,r=36]={<<<<tr><th>Method</th><td>GET</td></tr>>>>es</title...\x00\x00\x00\x00\x00\x00\x00})
[DEBUG] write(array) s=OPEN,api=BLOCKING,sc=false,e=null aggregated !flush DirectByteBuffer@58caaa66[p=0,l=271,c=32768,r=271]={<<<<title>Webserver Environm...d</th><td>GET</td></tr>>>>orci. <b>...gue. Pr}
[DEBUG] write(array HeapByteBuffer@16a79be9[p=0,l=1,c=512,r=1]={<<<\n>>>tr><th>Me...\x00\x00\x00\x00\x00\x00\x00})
[DEBUG] write(array) s=OPEN,api=BLOCKING,sc=false,e=null aggregated !flush DirectByteBuffer@58caaa66[p=0,l=272,c=32768,r=272]={<<<<title>Webserver Environm...</th><td>GET</td></tr>\n>>>rci. <b>I...gue. Pr}
[DEBUG] write(array HeapByteBuffer@1da0a3b4[p=0,l=50,c=512,r=50]={<<<<tr><th>Request URI</th><...>/EchoServlet</td></tr>>>> <style t...\x00\x00\x00\x00\x00\x00\x00})
[DEBUG] write(array) s=OPEN,api=BLOCKING,sc=false,e=null aggregated !flush DirectByteBuffer@58caaa66[p=0,l=322,c=32768,r=322]={<<<<title>Webserver Environm...>/EchoServlet</td></tr>>>>scipit so...gue. Pr}
[DEBUG] Selector sun.nio.ch.EPollSelectorImpl@54609eb7 woken with none selected
[DEBUG] Selector sun.nio.ch.EPollSelectorImpl@54609eb7 woken up from select, 0/0/3 selected
[DEBUG] Selector sun.nio.ch.EPollSelectorImpl@54609eb7 processing 0 keys, 0 updates
[DEBUG] updateable 0
[DEBUG] updates 0
[DEBUG] Selector sun.nio.ch.EPollSelectorImpl@54609eb7 waiting with 3 keys
[DEBUG] run org.eclipse.jetty.io.ManagedSelector$DestroyEndPoint@6a0c4a2 in QueuedThreadPool[qtp487792155]@1d131e1b{STARTED,8<=9<=200,i=3,r=-1,q=0}[ReservedThreadExecutor@7ec3394b{s=1/1,p=0}]
[DEBUG] Destroyed SocketChannelEndPoint@77ed8bb4{l=0.0.0.0/0.0.0.0:38858,r=null,CLOSED,fill=-,flush=-,to=11/30000}{io=0/0,kio=-1,kro=-1}->HttpConnection@65fa8c24[p=HttpParser{s=CLOSED,0 of -1},g=HttpGenerator@307be154{s=START}]=>HttpChannelOverHttp@c28598b{s=HttpChannelState@5bb2823f{s=IDLE rs=BLOCKING os=OPEN is=IDLE awp=false se=false i=true al=0},r=7,c=false/false,a=IDLE,uri=null,age=0}
[DEBUG] onClose HttpConnection@65fa8c24::SocketChannelEndPoint@77ed8bb4{l=0.0.0.0/0.0.0.0:38858,r=null,CLOSED,fill=-,flush=-,to=11/30000}{io=0/0,kio=-1,kro=-1}->HttpConnection@65fa8c24[p=HttpParser{s=CLOSED,0 of -1},g=HttpGenerator@307be154{s=START}]=>HttpChannelOverHttp@c28598b{s=HttpChannelState@5bb2823f{s=IDLE rs=BLOCKING os=OPEN is=IDLE awp=false se=false i=true al=0},r=7,c=false/false,a=IDLE,uri=null,age=0}
[DEBUG] ran org.eclipse.jetty.io.ManagedSelector$DestroyEndPoint@6a0c4a2 in QueuedThreadPool[qtp487792155]@1d131e1b{STARTED,8<=9<=200,i=3,r=-1,q=0}[ReservedThreadExecutor@7ec3394b{s=1/1,p=0}]
[DEBUG] queue org.eclipse.jetty.io.ManagedSelector$DestroyEndPoint@6a0c4a2 startThread=0
[DEBUG] HttpConnection@65fa8c24::SocketChannelEndPoint@77ed8bb4{l=0.0.0.0/0.0.0.0:38858,r=null,CLOSED,fill=-,flush=-,to=12/30000}{io=0/0,kio=-1,kro=-1}->HttpConnection@65fa8c24[p=HttpParser{s=CLOSED,0 of -1},g=HttpGenerator@307be154{s=START}]=>HttpChannelOverHttp@c28598b{s=HttpChannelState@5bb2823f{s=IDLE rs=BLOCKING os=OPEN is=IDLE awp=false se=false i=true al=0},r=7,c=false/false,a=IDLE,uri=null,age=0} onFillable exit HttpChannelState@5bb2823f{s=IDLE rs=BLOCKING os=OPEN is=IDLE awp=false se=false i=true al=0} null
[DEBUG] ReservedThreadExecutor@7ec3394b{s=1/1,p=0}@2c7f83a5 size 1 > capacity
[DEBUG] ran ReservedThreadExecutor@7ec3394b{s=1/1,p=0}@2c7f83a5 in QueuedThreadPool[qtp487792155]@1d131e1b{STARTED,8<=9<=200,i=4,r=-1,q=0}[ReservedThreadExecutor@7ec3394b{s=1/1,p=0}]
[DEBUG] write(array HeapByteBuffer@55a8641d[p=0,l=1,c=512,r=1]={<<<\n>>>tr><th>Re...\x00\x00\x00\x00\x00\x00\x00})
[DEBUG] write(array) s=OPEN,api=BLOCKING,sc=false,e=null aggregated !flush DirectByteBuffer@58caaa66[p=0,l=323,c=32768,r=323]={<<<<title>Webserver Environm.../EchoServlet</td></tr>\n>>>cipit sod...gue. Pr}
[DEBUG] write(array HeapByteBuffer@720a1e8c[p=0,l=39,c=512,r=39]={<<<<tr><th>Query String</th><td></td></tr>>>>t</td></t...\x00\x00\x00\x00\x00\x00\x00})
[DEBUG] write(array) s=OPEN,api=BLOCKING,sc=false,e=null aggregated !flush DirectByteBuffer@58caaa66[p=0,l=362,c=32768,r=362]={<<<<title>Webserver Environm...ring</th><td></td></tr>>>>et pede f...gue. Pr}
[DEBUG] write(array HeapByteBuffer@58d8bbf7[p=0,l=1,c=512,r=1]={<<<\n>>>tr><th>Qu...\x00\x00\x00\x00\x00\x00\x00})
[DEBUG] write(array) s=OPEN,api=BLOCKING,sc=false,e=null aggregated !flush DirectByteBuffer@58caaa66[p=0,l=363,c=32768,r=363]={<<<<title>Webserver Environm...ing</th><td></td></tr>\n>>>t pede fa...gue. Pr}
[DEBUG] write(array HeapByteBuffer@40fd1e5b[p=0,l=85,c=512,r=85]={<<<<tr><th>Accept</th><td>te....2, */*; q=.2</td></tr>>>>, td, th ...\x00\x00\x00\x00\x00\x00\x00})
[DEBUG] write(array) s=OPEN,api=BLOCKING,sc=false,e=null aggregated !flush DirectByteBuffer@58caaa66[p=0,l=448,c=32768,r=448]={<<<<title>Webserver Environm....2, */*; q=.2</td></tr>>>>is at, ne...gue. Pr}
[DEBUG] write(array HeapByteBuffer@56e312d5[p=0,l=1,c=512,r=1]={<<<\n>>>tr><th>Ac...\x00\x00\x00\x00\x00\x00\x00})
[DEBUG] write(array) s=OPEN,api=BLOCKING,sc=false,e=null aggregated !flush DirectByteBuffer@58caaa66[p=0,l=449,c=32768,r=449]={<<<<title>Webserver Environm...2, */*; q=.2</td></tr>\n>>>s at, neq...gue. Pr}
[DEBUG] write(array HeapByteBuffer@743f88fb[p=0,l=152,c=512,r=152]={<<<<tr><th>User-Agent</th><t...Safari/537.36</td></tr>>>>      th ...\x00\x00\x00\x00\x00\x00\x00})
[DEBUG] write(array) s=OPEN,api=BLOCKING,sc=false,e=null aggregated !flush DirectByteBuffer@58caaa66[p=0,l=601,c=32768,r=601]={<<<<title>Webserver Environm...Safari/537.36</td></tr>>>>s. Vivamu...gue. Pr}
[DEBUG] write(array HeapByteBuffer@69259288[p=0,l=1,c=512,r=1]={<<<\n>>>tr><th>Us...\x00\x00\x00\x00\x00\x00\x00})
[DEBUG] write(array) s=OPEN,api=BLOCKING,sc=false,e=null aggregated !flush DirectByteBuffer@58caaa66[p=0,l=602,c=32768,r=602]={<<<<title>Webserver Environm...afari/537.36</td></tr>\n>>>. Vivamus...gue. Pr}
[DEBUG] write(array HeapByteBuffer@41824631[p=0,l=47,c=512,r=47]={<<<<tr><th>Connection</th><td>keep-alive</td></tr>>>> NT 10.0;...\x00\x00\x00\x00\x00\x00\x00})
[DEBUG] write(array) s=OPEN,api=BLOCKING,sc=false,e=null aggregated !flush DirectByteBuffer@58caaa66[p=0,l=649,c=32768,r=649]={<<<<title>Webserver Environm...td>keep-alive</td></tr>>>>p>Lorem i...gue. Pr}
[DEBUG] write(array HeapByteBuffer@f39816e[p=0,l=1,c=512,r=1]={<<<\n>>>tr><th>Co...\x00\x00\x00\x00\x00\x00\x00})
[DEBUG] write(array) s=OPEN,api=BLOCKING,sc=false,e=null aggregated !flush DirectByteBuffer@58caaa66[p=0,l=650,c=32768,r=650]={<<<<title>Webserver Environm...d>keep-alive</td></tr>\n>>>>Lorem ip...gue. Pr}
[DEBUG] write(array HeapByteBuffer@749b822[p=0,l=46,c=512,r=46]={<<<<tr><th>Host</th><td>localhost:38858</td></tr>>>>> NT 10.0...\x00\x00\x00\x00\x00\x00\x00})
[DEBUG] write(array) s=OPEN,api=BLOCKING,sc=false,e=null aggregated !flush DirectByteBuffer@58caaa66[p=0,l=696,c=32768,r=696]={<<<<title>Webserver Environm...calhost:38858</td></tr>>>>scing eli...gue. Pr}
[DEBUG] write(array HeapByteBuffer@423dcb91[p=0,l=1,c=512,r=1]={<<<\n>>>tr><th>Ho...\x00\x00\x00\x00\x00\x00\x00})
[DEBUG] write(array) s=OPEN,api=BLOCKING,sc=false,e=null aggregated !flush DirectByteBuffer@58caaa66[p=0,l=697,c=32768,r=697]={<<<<title>Webserver Environm...alhost:38858</td></tr>\n>>>cing elit...gue. Pr}
[DEBUG] write(array HeapByteBuffer@11ddbe29[p=0,l=46,c=512,r=46]={<<<<tr><th>Accept-Encoding</th><td>gzip</td></tr>>>>> NT 10.0...\x00\x00\x00\x00\x00\x00\x00})
[DEBUG] write(array) s=OPEN,api=BLOCKING,sc=false,e=null aggregated !flush DirectByteBuffer@58caaa66[p=0,l=743,c=32768,r=743]={<<<<title>Webserver Environm...</th><td>gzip</td></tr>>>><i>Intege...gue. Pr}
[DEBUG] write(array HeapByteBuffer@52ac7f8d[p=0,l=1,c=512,r=1]={<<<\n>>>tr><th>Ac...\x00\x00\x00\x00\x00\x00\x00})
[DEBUG] write(array) s=OPEN,api=BLOCKING,sc=false,e=null aggregated !flush DirectByteBuffer@58caaa66[p=0,l=744,c=32768,r=744]={<<<<title>Webserver Environm.../th><td>gzip</td></tr>\n>>>i>Integer...gue. Pr}
[DEBUG] filled 0 HeapByteBuffer@78a30358[p=0,l=0,c=8192,r=0]={<<<>>>HTTP/1.1 ...\x00\x00\x00\x00\x00\x00\x00}
[DEBUG] filled 0 HeapByteBuffer@78a30358[p=0,l=0,c=8192,r=0]={<<<>>>HTTP/1.1 ...\x00\x00\x00\x00\x00\x00\x00}
[DEBUG] HttpConnection@3be4ecda::SocketChannelEndPoint@122254ce{l=/127.0.0.1:38858,r=/127.0.0.1:42942,OPEN,fill=-,flush=-,to=10/30000}{io=0/0,kio=0,kro=1}->HttpConnection@3be4ecda[p=HttpParser{s=CONTENT,0 of -1},g=HttpGenerator@af7230{s=START}]=>HttpChannelOverHttp@f268a5a{s=HttpChannelState@2e8f904b{s=HANDLING rs=BLOCKING os=OPEN is=IDLE awp=false se=false i=true al=0},r=3,c=false/false,a=HANDLING,uri=//localhost:38858/EchoServlet,age=10} filled 0 HeapByteBuffer@78a30358[p=0,l=0,c=8192,r=0]={<<<>>>HTTP/1.1 ...\x00\x00\x00\x00\x00\x00\x00}
[DEBUG] HttpConnection@3be4ecda::SocketChannelEndPoint@122254ce{l=/127.0.0.1:38858,r=/127.0.0.1:42942,OPEN,fill=-,flush=-,to=10/30000}{io=0/0,kio=0,kro=1}->HttpConnection@3be4ecda[p=HttpParser{s=CONTENT,0 of -1},g=HttpGenerator@af7230{s=START}]=>HttpChannelOverHttp@f268a5a{s=HttpChannelState@2e8f904b{s=HANDLING rs=BLOCKING os=OPEN is=IDLE awp=false se=false i=true al=0},r=3,c=false/false,a=HANDLING,uri=//localhost:38858/EchoServlet,age=10} parse HeapByteBuffer@78a30358[p=0,l=0,c=8192,r=0]={<<<>>>HTTP/1.1 ...\x00\x00\x00\x00\x00\x00\x00} {}
[DEBUG] parseNext s=CONTENT HeapByteBuffer@78a30358[p=0,l=0,c=8192,r=0]={<<<>>>HTTP/1.1 ...\x00\x00\x00\x00\x00\x00\x00}
[DEBUG] CONTENT --> CONTENT_END
[DEBUG] onContentComplete HttpChannelOverHttp@f268a5a{s=HttpChannelState@2e8f904b{s=HANDLING rs=BLOCKING os=OPEN is=IDLE awp=false se=false i=true al=0},r=3,c=false/false,a=HANDLING,uri=//localhost:38858/EchoServlet,age=10}
[DEBUG] CONTENT_END --> END
[DEBUG] onRequestComplete HttpChannelOverHttp@f268a5a{s=HttpChannelState@2e8f904b{s=HANDLING rs=BLOCKING os=OPEN is=IDLE awp=false se=false i=true al=0},r=3,c=false/false,a=HANDLING,uri=//localhost:38858/EchoServlet,age=10}
[DEBUG] HttpInputOverHTTP@5e34fa8b[c=0,q=0,[0]=null,s=STREAM] addContent EOF
[DEBUG] HttpConnection@3be4ecda::SocketChannelEndPoint@122254ce{l=/127.0.0.1:38858,r=/127.0.0.1:42942,OPEN,fill=-,flush=-,to=10/30000}{io=0/0,kio=0,kro=1}->HttpConnection@3be4ecda[p=HttpParser{s=END,0 of -1},g=HttpGenerator@af7230{s=START}]=>HttpChannelOverHttp@f268a5a{s=HttpChannelState@2e8f904b{s=HANDLING rs=BLOCKING os=OPEN is=IDLE awp=false se=false i=true al=0},r=3,c=false/false,a=HANDLING,uri=//localhost:38858/EchoServlet,age=10} parsed false HttpParser{s=END,0 of -1}
[DEBUG] releaseRequestBuffer HttpConnection@3be4ecda::SocketChannelEndPoint@122254ce{l=/127.0.0.1:38858,r=/127.0.0.1:42942,OPEN,fill=-,flush=-,to=10/30000}{io=0/0,kio=0,kro=1}->HttpConnection@3be4ecda[p=HttpParser{s=END,0 of -1},g=HttpGenerator@af7230{s=START}]=>HttpChannelOverHttp@f268a5a{s=HttpChannelState@2e8f904b{s=HANDLING rs=BLOCKING os=OPEN is=IDLE awp=false se=false i=true al=0},r=3,c=false/false,a=HANDLING,uri=//localhost:38858/EchoServlet,age=10}
[DEBUG] onEof HttpChannelState@2e8f904b{s=HANDLING rs=BLOCKING os=OPEN is=IDLE awp=false se=false i=true al=0}
[DEBUG] write(array HeapByteBuffer@18ee5552[p=0,l=8,c=512,r=8]={<<<</table>>>>Accept-En...\x00\x00\x00\x00\x00\x00\x00})
[DEBUG] write(array) s=OPEN,api=BLOCKING,sc=false,e=null aggregated !flush DirectByteBuffer@58caaa66[p=0,l=752,c=32768,r=752]={<<<<title>Webserver Environm...gzip</td></tr>\n</table>>>>r id quam...gue. Pr}
[DEBUG] write(array HeapByteBuffer@3423649d[p=0,l=1,c=512,r=1]={<<<\n>>>/table>Ac...\x00\x00\x00\x00\x00\x00\x00})
[DEBUG] write(array) s=OPEN,api=BLOCKING,sc=false,e=null aggregated !flush DirectByteBuffer@58caaa66[p=0,l=753,c=32768,r=753]={<<<<title>Webserver Environm...zip</td></tr>\n</table>\n>>> id quam<...gue. Pr}
[DEBUG] handled=true async=false committed=false on HttpChannelOverHttp@f268a5a{s=HttpChannelState@2e8f904b{s=HANDLING rs=BLOCKING os=OPEN is=READY awp=false se=false i=true al=0},r=3,c=false/false,a=HANDLING,uri=//localhost:38858/EchoServlet,age=10}
[DEBUG] unhandle HttpChannelState@2e8f904b{s=HANDLING rs=BLOCKING os=OPEN is=READY awp=false se=false i=true al=0}
[DEBUG] nextAction(false) COMPLETE HttpChannelState@2e8f904b{s=HANDLING rs=COMPLETING os=OPEN is=READY awp=false se=false i=false al=0}
[DEBUG] action COMPLETE HttpChannelOverHttp@f268a5a{s=HttpChannelState@2e8f904b{s=HANDLING rs=COMPLETING os=OPEN is=READY awp=false se=false i=false al=0},r=3,c=false/false,a=HANDLING,uri=//localhost:38858/EchoServlet,age=11}
[DEBUG] complete(org.eclipse.jetty.util.Callback$3@48f3b8c6) s=CLOSING,api=BLOCKED,sc=false,e=null s=false e=null, c=DirectByteBuffer@58caaa66[p=0,l=753,c=32768,r=753]={<<<<title>Webserver Environm...zip</td></tr>\n</table>\n>>> id quam<...gue. Pr}
[DEBUG] sendResponse info=null content=DirectByteBuffer@58caaa66[p=0,l=753,c=32768,r=753]={<<<<title>Webserver Environm...zip</td></tr>\n</table>\n>>> id quam<...gue. Pr} complete=true committing=true callback=org.eclipse.jetty.server.HttpOutput$WriteCompleteCB@7992e642
[DEBUG] COMMIT for /EchoServlet on HttpChannelOverHttp@f268a5a{s=HttpChannelState@2e8f904b{s=HANDLING rs=COMPLETING os=COMMITTED is=READY awp=false se=false i=false al=0},r=3,c=false/false,a=HANDLING,uri=//localhost:38858/EchoServlet,age=11}
200 null HTTP/1.1
Date: Mon, 20 Sep 2021 19:30:12 GMT
Content-Type: text/html;charset=utf-8
Cache-Control: no-cache
Cache-Control: no-store


[DEBUG] generate: NEED_HEADER for SendCallback@2c1836a[PROCESSING][i=HTTP/1.1{s=200,h=4,cl=-1},cb=org.eclipse.jetty.server.HttpChannel$SendCallback@133c78e7] (null,[p=0,l=753,c=32768,r=753],true)@START
[DEBUG] generateHeaders HTTP/1.1{s=200,h=4,cl=-1} last=true content=DirectByteBuffer@58caaa66[p=0,l=753,c=32768,r=753]={<<<<title>Webserver Environm...zip</td></tr>\n</table>\n>>> id quam<...gue. Pr}
[DEBUG] Date: Mon, 20 Sep 2021 19:30:12 GMT
Content-Type: text/html;charset=utf-8
Cache-Control: no-cache
Cache-Control: no-store


[DEBUG] CONTENT_LENGTH
[DEBUG] generate: FLUSH for SendCallback@2c1836a[PROCESSING][i=HTTP/1.1{s=200,h=4,cl=-1},cb=org.eclipse.jetty.server.HttpChannel$SendCallback@133c78e7] ([p=0,l=199,c=8192,r=199],[p=0,l=753,c=32768,r=753],true)@COMPLETING
[DEBUG] write: WriteFlusher@653abf25{IDLE}->null [HeapByteBuffer@41e05b38[p=0,l=199,c=8192,r=199]={<<<HTTP/1.1 200 OK\r\nDate: Mo...y(9.4.43.v20210629)\r\n\r\n>>>fari/537....\x00\x00\x00\x00\x00\x00\x00},DirectByteBuffer@58caaa66[p=0,l=753,c=32768,r=753]={<<<<title>Webserver Environm...zip</td></tr>\n</table>\n>>> id quam<...gue. Pr}]
[DEBUG] update WriteFlusher@653abf25{WRITING}->null:IDLE-->WRITING
]]></system-out>
  </testcase>
  <testcase name="handlesRedirect" classname="org.jsoup.integration.ConnectTest" time="0.032">
    <system-out><![CDATA[[DEBUG] starting org.jsoup.integration.servlets.HelloServlet-13a37e2a==org.jsoup.integration.servlets.HelloServlet@7bd0b19c{jsp=null,order=-1,inst=false,async=true,src=EMBEDDED:null,STOPPED}
[DEBUG] STARTED @13752ms org.jsoup.integration.servlets.HelloServlet-13a37e2a==org.jsoup.integration.servlets.HelloServlet@7bd0b19c{jsp=null,order=-1,inst=false,async=true,src=EMBEDDED:null,STARTED}
[DEBUG] ServletHandler@73dce0e6{STARTED} added {org.jsoup.integration.servlets.HelloServlet-13a37e2a==org.jsoup.integration.servlets.HelloServlet@7bd0b19c{jsp=null,order=-1,inst=false,async=true,src=EMBEDDED:null,STARTED},UNMANAGED}
[DEBUG] ServletHandler@73dce0e6{STARTED} added {[/HelloServlet/*]=>org.jsoup.integration.servlets.HelloServlet-13a37e2a,POJO}
[DEBUG] Path=/InterruptedServlet/*[EMBEDDED:null] mapped to servlet=org.jsoup.integration.servlets.InterruptedServlet-6e78fcf5[EMBEDDED:null]
[DEBUG] Added MappedResource[pathSpec=ServletPathSpec@bf5e7dac{/InterruptedServlet/*},resource=org.jsoup.integration.servlets.InterruptedServlet-6e78fcf5==org.jsoup.integration.servlets.InterruptedServlet@877530d7{jsp=null,order=-1,inst=true,async=true,src=EMBEDDED:null,STARTED}] to PathMappings[size=1]
[DEBUG] Path=/HelloServlet/*[EMBEDDED:null] mapped to servlet=org.jsoup.integration.servlets.HelloServlet-13a37e2a[EMBEDDED:null]
[DEBUG] Added MappedResource[pathSpec=ServletPathSpec@86aa7c5c{/HelloServlet/*},resource=org.jsoup.integration.servlets.HelloServlet-13a37e2a==org.jsoup.integration.servlets.HelloServlet@7bd0b19c{jsp=null,order=-1,inst=false,async=true,src=EMBEDDED:null,STARTED}] to PathMappings[size=2]
[DEBUG] Path=/RedirectServlet/*[EMBEDDED:null] mapped to servlet=org.jsoup.integration.servlets.RedirectServlet-56febdc[EMBEDDED:null]
[DEBUG] Added MappedResource[pathSpec=ServletPathSpec@9a9d5e14{/RedirectServlet/*},resource=org.jsoup.integration.servlets.RedirectServlet-56febdc==org.jsoup.integration.servlets.RedirectServlet@decc268e{jsp=null,order=-1,inst=true,async=true,src=EMBEDDED:null,STARTED}] to PathMappings[size=3]
[DEBUG] Path=/EchoServlet/*[EMBEDDED:null] mapped to servlet=org.jsoup.integration.servlets.EchoServlet-422c3c7a[EMBEDDED:null]
[DEBUG] Added MappedResource[pathSpec=ServletPathSpec@8f86de6b{/EchoServlet/*},resource=org.jsoup.integration.servlets.EchoServlet-422c3c7a==org.jsoup.integration.servlets.EchoServlet@66e2fba5{jsp=null,order=-1,inst=true,async=true,src=EMBEDDED:null,STARTED}] to PathMappings[size=4]
[DEBUG] Path=/FileServlet/*[EMBEDDED:null] mapped to servlet=org.jsoup.integration.servlets.FileServlet-3fffff43[EMBEDDED:null]
[DEBUG] Added MappedResource[pathSpec=ServletPathSpec@74e824f4{/FileServlet/*},resource=org.jsoup.integration.servlets.FileServlet-3fffff43==org.jsoup.integration.servlets.FileServlet@bc0855c5{jsp=null,order=-1,inst=true,async=true,src=EMBEDDED:null,STARTED}] to PathMappings[size=5]
[DEBUG] Path=/CookieServlet/*[EMBEDDED:null] mapped to servlet=org.jsoup.integration.servlets.CookieServlet-d8305c2[EMBEDDED:null]
[DEBUG] Added MappedResource[pathSpec=ServletPathSpec@5e4054cc{/CookieServlet/*},resource=org.jsoup.integration.servlets.CookieServlet-d8305c2==org.jsoup.integration.servlets.CookieServlet@ca8db5d8{jsp=null,order=-1,inst=true,async=true,src=EMBEDDED:null,STARTED}] to PathMappings[size=6]
[DEBUG] Path=/[EMBEDDED:null] mapped to servlet=org.eclipse.jetty.servlet.ServletHandler$Default404Servlet-6035b93b[EMBEDDED:null]
[DEBUG] Added MappedResource[pathSpec=ServletPathSpec@4e{/},resource=org.eclipse.jetty.servlet.ServletHandler$Default404Servlet-6035b93b==org.eclipse.jetty.servlet.ServletHandler$Default404Servlet@8bf2cb16{jsp=null,order=-1,inst=false,async=true,src=EMBEDDED:null,STARTED}] to PathMappings[size=7]
[DEBUG] filterNameMap={}
[DEBUG] pathFilters=null
[DEBUG] servletFilterMap=null
[DEBUG] servletPathMap=PathMappings[size=7]
[DEBUG] servletNameMap={org.jsoup.integration.servlets.InterruptedServlet-6e78fcf5=org.jsoup.integration.servlets.InterruptedServlet-6e78fcf5==org.jsoup.integration.servlets.InterruptedServlet@877530d7{jsp=null,order=-1,inst=true,async=true,src=EMBEDDED:null,STARTED}, org.jsoup.integration.servlets.RedirectServlet-56febdc=org.jsoup.integration.servlets.RedirectServlet-56febdc==org.jsoup.integration.servlets.RedirectServlet@decc268e{jsp=null,order=-1,inst=true,async=true,src=EMBEDDED:null,STARTED}, org.eclipse.jetty.servlet.ServletHandler$Default404Servlet-6035b93b=org.eclipse.jetty.servlet.ServletHandler$Default404Servlet-6035b93b==org.eclipse.jetty.servlet.ServletHandler$Default404Servlet@8bf2cb16{jsp=null,order=-1,inst=false,async=true,src=EMBEDDED:null,STARTED}, org.jsoup.integration.servlets.CookieServlet-d8305c2=org.jsoup.integration.servlets.CookieServlet-d8305c2==org.jsoup.integration.servlets.CookieServlet@ca8db5d8{jsp=null,order=-1,inst=true,async=true,src=EMBEDDED:null,STARTED}, org.jsoup.integration.servlets.EchoServlet-422c3c7a=org.jsoup.integration.servlets.EchoServlet-422c3c7a==org.jsoup.integration.servlets.EchoServlet@66e2fba5{jsp=null,order=-1,inst=true,async=true,src=EMBEDDED:null,STARTED}, org.jsoup.integration.servlets.HelloServlet-13a37e2a=org.jsoup.integration.servlets.HelloServlet-13a37e2a==org.jsoup.integration.servlets.HelloServlet@7bd0b19c{jsp=null,order=-1,inst=false,async=true,src=EMBEDDED:null,STARTED}, org.jsoup.integration.servlets.FileServlet-3fffff43=org.jsoup.integration.servlets.FileServlet-3fffff43==org.jsoup.integration.servlets.FileServlet@bc0855c5{jsp=null,order=-1,inst=true,async=true,src=EMBEDDED:null,STARTED}}
[DEBUG] flushed 952 SocketChannelEndPoint@122254ce{l=/127.0.0.1:38858,r=/127.0.0.1:42942,OPEN,fill=-,flush=W,to=27/30000}{io=0/0,kio=0,kro=1}->HttpConnection@3be4ecda[p=HttpParser{s=END,0 of -1},g=HttpGenerator@af7230{s=COMPLETING}]=>HttpChannelOverHttp@f268a5a{s=HttpChannelState@2e8f904b{s=HANDLING rs=COMPLETING os=COMMITTED is=READY awp=false se=false i=false al=0},r=3,c=false/false,a=HANDLING,uri=//localhost:38858/EchoServlet,age=27}
[DEBUG] Flushed=true written=952 remaining=0 WriteFlusher@653abf25{WRITING}->null
[DEBUG] update WriteFlusher@653abf25{IDLE}->null:WRITING-->IDLE
[DEBUG] generate: DONE for SendCallback@2c1836a[PROCESSING][i=HTTP/1.1{s=200,h=4,cl=-1},cb=org.eclipse.jetty.server.HttpChannel$SendCallback@133c78e7] ([p=199,l=199,c=8192,r=0],[p=753,l=753,c=32768,r=0],true)@END
[DEBUG] onWriteComplete(true,null) s=CLOSING,api=BLOCKED,sc=false,e=null->s=CLOSED,api=BLOCKING,sc=false,e=null c=null cb=org.eclipse.jetty.util.Callback$3@48f3b8c6 w=false
[DEBUG] completed HttpChannelState@2e8f904b{s=HANDLING rs=COMPLETING os=COMPLETED is=READY awp=false se=false i=false al=0}
[DEBUG] unhandle HttpChannelState@2e8f904b{s=HANDLING rs=COMPLETED os=COMPLETED is=READY awp=false se=false i=false al=0}
[DEBUG] nextAction(false) TERMINATED HttpChannelState@2e8f904b{s=IDLE rs=COMPLETED os=COMPLETED is=READY awp=false se=false i=false al=0}
[DEBUG] action TERMINATED HttpChannelOverHttp@f268a5a{s=HttpChannelState@2e8f904b{s=IDLE rs=COMPLETED os=COMPLETED is=READY awp=false se=false i=false al=0},r=3,c=true/true,a=IDLE,uri=//localhost:38858/EchoServlet,age=27}
[DEBUG] onCompleted for /EchoServlet written=753
[DEBUG] recycle HttpChannelState@2e8f904b{s=IDLE rs=COMPLETED os=COMPLETED is=READY awp=false se=false i=false al=0}
[DEBUG] reset HttpParser{s=END,0 of -1}
[DEBUG] END --> START
[DEBUG] !handle TERMINATED HttpChannelOverHttp@f268a5a{s=HttpChannelState@2e8f904b{s=IDLE rs=BLOCKING os=OPEN is=IDLE awp=false se=false i=true al=0},r=3,c=false/false,a=IDLE,uri=null,age=0}
[DEBUG] filled 344 HeapByteBuffer@22b9b50d[p=0,l=344,c=8192,r=344]={<<<GET /RedirectServlet?loc=...nection: keep-alive\r\n\r\n>>>onnection...\x86&h\xA0{\xC1\xC2}
[DEBUG] HttpConnection@3be4ecda::SocketChannelEndPoint@122254ce{l=/127.0.0.1:38858,r=/127.0.0.1:42942,OPEN,fill=-,flush=-,to=0/30000}{io=0/0,kio=0,kro=1}->HttpConnection@3be4ecda[p=HttpParser{s=START,0 of -1},g=HttpGenerator@af7230{s=START}]=>HttpChannelOverHttp@f268a5a{s=HttpChannelState@2e8f904b{s=IDLE rs=BLOCKING os=OPEN is=IDLE awp=false se=false i=true al=0},r=3,c=false/false,a=IDLE,uri=null,age=0} filled 344 HeapByteBuffer@22b9b50d[p=0,l=344,c=8192,r=344]={<<<GET /RedirectServlet?loc=...nection: keep-alive\r\n\r\n>>>onnection...\x86&h\xA0{\xC1\xC2}
[DEBUG] HttpConnection@3be4ecda::SocketChannelEndPoint@122254ce{l=/127.0.0.1:38858,r=/127.0.0.1:42942,OPEN,fill=-,flush=-,to=0/30000}{io=0/0,kio=0,kro=1}->HttpConnection@3be4ecda[p=HttpParser{s=START,0 of -1},g=HttpGenerator@af7230{s=START}]=>HttpChannelOverHttp@f268a5a{s=HttpChannelState@2e8f904b{s=IDLE rs=BLOCKING os=OPEN is=IDLE awp=false se=false i=true al=0},r=3,c=false/false,a=IDLE,uri=null,age=0} parse HeapByteBuffer@22b9b50d[p=0,l=344,c=8192,r=344]={<<<GET /RedirectServlet?loc=...nection: keep-alive\r\n\r\n>>>onnection...\x86&h\xA0{\xC1\xC2} {}
[DEBUG] parseNext s=START HeapByteBuffer@22b9b50d[p=0,l=344,c=8192,r=344]={<<<GET /RedirectServlet?loc=...nection: keep-alive\r\n\r\n>>>onnection...\x86&h\xA0{\xC1\xC2}
[DEBUG] START --> SPACE1
[DEBUG] SPACE1 --> URI
[DEBUG] URI --> SPACE2
[DEBUG] SPACE2 --> REQUEST_VERSION
[DEBUG] REQUEST_VERSION --> HEADER
[DEBUG] HEADER:Accept-Encoding: gzip --> IN_VALUE
[DEBUG] HEADER:Accept-Encoding: gzip --> FIELD
[DEBUG] HEADER:User-Agent: Mozilla/5.0 (Windows NT 10.0; Win64; x64) AppleWebKit/537.36 (KHTML, like Gecko) Chrome/79.0.3945.130 Safari/537.36 --> IN_VALUE
[DEBUG] HEADER:User-Agent: Mozilla/5.0 (Windows NT 10.0; Win64; x64) AppleWebKit/537.36 (KHTML, like Gecko) Chrome/79.0.3945.130 Safari/537.36 --> FIELD
[DEBUG] HEADER:Host: localhost:38858 --> IN_VALUE
[DEBUG] HEADER:Host: localhost:38858 --> FIELD
[DEBUG] HEADER:Accept: text/html, image/gif, image/jpeg, *; q=.2, */*; q=.2 --> IN_VALUE
[DEBUG] HEADER:Accept: text/html, image/gif, image/jpeg, *; q=.2, */*; q=.2 --> FIELD
[DEBUG] HEADER:Connection: keep-alive --> IN_VALUE
[DEBUG] HEADER:Connection: keep-alive --> FIELD
[DEBUG] HEADER --> CONTENT
[DEBUG] REQUEST for //localhost:38858/RedirectServlet?loc=http%3A%2F%2Flocalhost%3A38858%2FHelloServlet on HttpChannelOverHttp@f268a5a{s=HttpChannelState@2e8f904b{s=IDLE rs=BLOCKING os=OPEN is=IDLE awp=false se=false i=true al=0},r=4,c=false/false,a=IDLE,uri=//localhost:38858/RedirectServlet?loc=http%3A%2F%2Flocalhost%3A38858%2FHelloServlet,age=0}
GET //localhost:38858/RedirectServlet?loc=http%3A%2F%2Flocalhost%3A38858%2FHelloServlet HTTP/1.1
Accept-Encoding: gzip
User-Agent: Mozilla/5.0 (Windows NT 10.0; Win64; x64) AppleWebKit/537.36 (KHTML, like Gecko) Chrome/79.0.3945.130 Safari/537.36
Host: localhost:38858
Accept: text/html, image/gif, image/jpeg, *; q=.2, */*; q=.2
Connection: keep-alive


[DEBUG] HttpConnection@3be4ecda::SocketChannelEndPoint@122254ce{l=/127.0.0.1:38858,r=/127.0.0.1:42942,OPEN,fill=-,flush=-,to=0/30000}{io=0/0,kio=0,kro=1}->HttpConnection@3be4ecda[p=HttpParser{s=CONTENT,0 of -1},g=HttpGenerator@af7230{s=START}]=>HttpChannelOverHttp@f268a5a{s=HttpChannelState@2e8f904b{s=IDLE rs=BLOCKING os=OPEN is=IDLE awp=false se=false i=true al=0},r=4,c=false/false,a=IDLE,uri=//localhost:38858/RedirectServlet?loc=http%3A%2F%2Flocalhost%3A38858%2FHelloServlet,age=0} parsed true HttpParser{s=CONTENT,0 of -1}
[DEBUG] releaseRequestBuffer HttpConnection@3be4ecda::SocketChannelEndPoint@122254ce{l=/127.0.0.1:38858,r=/127.0.0.1:42942,OPEN,fill=-,flush=-,to=0/30000}{io=0/0,kio=0,kro=1}->HttpConnection@3be4ecda[p=HttpParser{s=CONTENT,0 of -1},g=HttpGenerator@af7230{s=START}]=>HttpChannelOverHttp@f268a5a{s=HttpChannelState@2e8f904b{s=IDLE rs=BLOCKING os=OPEN is=IDLE awp=false se=false i=true al=0},r=4,c=false/false,a=IDLE,uri=//localhost:38858/RedirectServlet?loc=http%3A%2F%2Flocalhost%3A38858%2FHelloServlet,age=0}
[DEBUG] handle //localhost:38858/RedirectServlet?loc=http%3A%2F%2Flocalhost%3A38858%2FHelloServlet HttpChannelOverHttp@f268a5a{s=HttpChannelState@2e8f904b{s=IDLE rs=BLOCKING os=OPEN is=IDLE awp=false se=false i=true al=0},r=4,c=false/false,a=IDLE,uri=//localhost:38858/RedirectServlet?loc=http%3A%2F%2Flocalhost%3A38858%2FHelloServlet,age=0} 
[DEBUG] handling HttpChannelState@2e8f904b{s=IDLE rs=BLOCKING os=OPEN is=IDLE awp=false se=false i=true al=0}
[DEBUG] action DISPATCH HttpChannelOverHttp@f268a5a{s=HttpChannelState@2e8f904b{s=HANDLING rs=BLOCKING os=OPEN is=IDLE awp=false se=false i=true al=0},r=4,c=false/false,a=HANDLING,uri=//localhost:38858/RedirectServlet?loc=http%3A%2F%2Flocalhost%3A38858%2FHelloServlet,age=0}
[DEBUG] REQUEST GET /RedirectServlet on HttpChannelOverHttp@f268a5a{s=HttpChannelState@2e8f904b{s=HANDLING rs=BLOCKING os=OPEN is=IDLE awp=false se=false i=true al=0},r=4,c=false/false,a=HANDLING,uri=//localhost:38858/RedirectServlet?loc=http%3A%2F%2Flocalhost%3A38858%2FHelloServlet,age=0}
[DEBUG] servlet null|/RedirectServlet|null -> org.jsoup.integration.servlets.RedirectServlet-56febdc==org.jsoup.integration.servlets.RedirectServlet@decc268e{jsp=null,order=-1,inst=true,async=true,src=EMBEDDED:null,STARTED}
[DEBUG] chain=null
[DEBUG] handled=true async=false committed=false on HttpChannelOverHttp@f268a5a{s=HttpChannelState@2e8f904b{s=HANDLING rs=BLOCKING os=OPEN is=IDLE awp=false se=false i=true al=0},r=4,c=false/false,a=HANDLING,uri=//localhost:38858/RedirectServlet?loc=http%3A%2F%2Flocalhost%3A38858%2FHelloServlet,age=9}
[DEBUG] unhandle HttpChannelState@2e8f904b{s=HANDLING rs=BLOCKING os=OPEN is=IDLE awp=false se=false i=true al=0}
[DEBUG] nextAction(false) COMPLETE HttpChannelState@2e8f904b{s=HANDLING rs=COMPLETING os=OPEN is=IDLE awp=false se=false i=false al=0}
[DEBUG] action COMPLETE HttpChannelOverHttp@f268a5a{s=HttpChannelState@2e8f904b{s=HANDLING rs=COMPLETING os=OPEN is=IDLE awp=false se=false i=false al=0},r=4,c=false/false,a=HANDLING,uri=//localhost:38858/RedirectServlet?loc=http%3A%2F%2Flocalhost%3A38858%2FHelloServlet,age=9}
[DEBUG] filled 0 HeapByteBuffer@78a30358[p=0,l=0,c=8192,r=0]={<<<>>>HTTP/1.1 ...\x00\x00\x00\x00\x00\x00\x00}
[DEBUG] filled 0 HeapByteBuffer@78a30358[p=0,l=0,c=8192,r=0]={<<<>>>HTTP/1.1 ...\x00\x00\x00\x00\x00\x00\x00}
[DEBUG] HttpConnection@3be4ecda::SocketChannelEndPoint@122254ce{l=/127.0.0.1:38858,r=/127.0.0.1:42942,OPEN,fill=-,flush=-,to=9/30000}{io=0/0,kio=0,kro=1}->HttpConnection@3be4ecda[p=HttpParser{s=CONTENT,0 of -1},g=HttpGenerator@af7230{s=START}]=>HttpChannelOverHttp@f268a5a{s=HttpChannelState@2e8f904b{s=HANDLING rs=COMPLETING os=OPEN is=IDLE awp=false se=false i=false al=0},r=4,c=false/false,a=HANDLING,uri=//localhost:38858/RedirectServlet?loc=http%3A%2F%2Flocalhost%3A38858%2FHelloServlet,age=9} filled 0 HeapByteBuffer@78a30358[p=0,l=0,c=8192,r=0]={<<<>>>HTTP/1.1 ...\x00\x00\x00\x00\x00\x00\x00}
[DEBUG] HttpConnection@3be4ecda::SocketChannelEndPoint@122254ce{l=/127.0.0.1:38858,r=/127.0.0.1:42942,OPEN,fill=-,flush=-,to=9/30000}{io=0/0,kio=0,kro=1}->HttpConnection@3be4ecda[p=HttpParser{s=CONTENT,0 of -1},g=HttpGenerator@af7230{s=START}]=>HttpChannelOverHttp@f268a5a{s=HttpChannelState@2e8f904b{s=HANDLING rs=COMPLETING os=OPEN is=IDLE awp=false se=false i=false al=0},r=4,c=false/false,a=HANDLING,uri=//localhost:38858/RedirectServlet?loc=http%3A%2F%2Flocalhost%3A38858%2FHelloServlet,age=9} parse HeapByteBuffer@78a30358[p=0,l=0,c=8192,r=0]={<<<>>>HTTP/1.1 ...\x00\x00\x00\x00\x00\x00\x00} {}
[DEBUG] parseNext s=CONTENT HeapByteBuffer@78a30358[p=0,l=0,c=8192,r=0]={<<<>>>HTTP/1.1 ...\x00\x00\x00\x00\x00\x00\x00}
[DEBUG] CONTENT --> CONTENT_END
[DEBUG] onContentComplete HttpChannelOverHttp@f268a5a{s=HttpChannelState@2e8f904b{s=HANDLING rs=COMPLETING os=OPEN is=IDLE awp=false se=false i=false al=0},r=4,c=false/false,a=HANDLING,uri=//localhost:38858/RedirectServlet?loc=http%3A%2F%2Flocalhost%3A38858%2FHelloServlet,age=9}
[DEBUG] CONTENT_END --> END
[DEBUG] onRequestComplete HttpChannelOverHttp@f268a5a{s=HttpChannelState@2e8f904b{s=HANDLING rs=COMPLETING os=OPEN is=IDLE awp=false se=false i=false al=0},r=4,c=false/false,a=HANDLING,uri=//localhost:38858/RedirectServlet?loc=http%3A%2F%2Flocalhost%3A38858%2FHelloServlet,age=9}
[DEBUG] HttpInputOverHTTP@5e34fa8b[c=0,q=0,[0]=null,s=STREAM] addContent EOF
[DEBUG] HttpConnection@3be4ecda::SocketChannelEndPoint@122254ce{l=/127.0.0.1:38858,r=/127.0.0.1:42942,OPEN,fill=-,flush=-,to=9/30000}{io=0/0,kio=0,kro=1}->HttpConnection@3be4ecda[p=HttpParser{s=END,0 of -1},g=HttpGenerator@af7230{s=START}]=>HttpChannelOverHttp@f268a5a{s=HttpChannelState@2e8f904b{s=HANDLING rs=COMPLETING os=OPEN is=IDLE awp=false se=false i=false al=0},r=4,c=false/false,a=HANDLING,uri=//localhost:38858/RedirectServlet?loc=http%3A%2F%2Flocalhost%3A38858%2FHelloServlet,age=9} parsed false HttpParser{s=END,0 of -1}
[DEBUG] releaseRequestBuffer HttpConnection@3be4ecda::SocketChannelEndPoint@122254ce{l=/127.0.0.1:38858,r=/127.0.0.1:42942,OPEN,fill=-,flush=-,to=9/30000}{io=0/0,kio=0,kro=1}->HttpConnection@3be4ecda[p=HttpParser{s=END,0 of -1},g=HttpGenerator@af7230{s=START}]=>HttpChannelOverHttp@f268a5a{s=HttpChannelState@2e8f904b{s=HANDLING rs=COMPLETING os=OPEN is=IDLE awp=false se=false i=false al=0},r=4,c=false/false,a=HANDLING,uri=//localhost:38858/RedirectServlet?loc=http%3A%2F%2Flocalhost%3A38858%2FHelloServlet,age=9}
[DEBUG] complete(org.eclipse.jetty.util.Callback$3@3c14f191) s=CLOSING,api=BLOCKED,sc=false,e=null s=false e=null, c=HeapByteBuffer@11848662[p=0,l=0,c=0,r=0]={<<<>>>}
[DEBUG] sendResponse info=null content=HeapByteBuffer@11848662[p=0,l=0,c=0,r=0]={<<<>>>} complete=true committing=true callback=org.eclipse.jetty.server.HttpOutput$WriteCompleteCB@69744b5d
[DEBUG] COMMIT for /RedirectServlet on HttpChannelOverHttp@f268a5a{s=HttpChannelState@2e8f904b{s=HANDLING rs=COMPLETING os=COMMITTED is=IDLE awp=false se=false i=false al=0},r=4,c=false/false,a=HANDLING,uri=//localhost:38858/RedirectServlet?loc=http%3A%2F%2Flocalhost%3A38858%2FHelloServlet,age=9}
302 null HTTP/1.1
Date: Mon, 20 Sep 2021 19:30:12 GMT
Location: http://localhost:38858/HelloServlet


[DEBUG] generate: NEED_HEADER for SendCallback@2c1836a[PROCESSING][i=HTTP/1.1{s=302,h=2,cl=-1},cb=org.eclipse.jetty.server.HttpChannel$SendCallback@7ba10c7] (null,[p=0,l=0,c=0,r=0],true)@START
[DEBUG] generateHeaders HTTP/1.1{s=302,h=2,cl=-1} last=true content=HeapByteBuffer@11848662[p=0,l=0,c=0,r=0]={<<<>>>}
[DEBUG] Date: Mon, 20 Sep 2021 19:30:12 GMT
Location: http://localhost:38858/HelloServlet


[DEBUG] CONTENT_LENGTH
[DEBUG] generate: FLUSH for SendCallback@2c1836a[PROCESSING][i=HTTP/1.1{s=302,h=2,cl=-1},cb=org.eclipse.jetty.server.HttpChannel$SendCallback@7ba10c7] ([p=0,l=158,c=8192,r=158],[p=0,l=0,c=0,r=0],true)@COMPLETING
[DEBUG] write: WriteFlusher@653abf25{IDLE}->null [HeapByteBuffer@41e05b38[p=0,l=158,c=8192,r=158]={<<<HTTP/1.1 302 Found\r\nDate:...y(9.4.43.v20210629)\r\n\r\n>>> 753\r\nSer...\x00\x00\x00\x00\x00\x00\x00}]
[DEBUG] update WriteFlusher@653abf25{WRITING}->null:IDLE-->WRITING
[DEBUG] flushed 158 SocketChannelEndPoint@122254ce{l=/127.0.0.1:38858,r=/127.0.0.1:42942,OPEN,fill=-,flush=W,to=12/30000}{io=0/0,kio=0,kro=1}->HttpConnection@3be4ecda[p=HttpParser{s=END,0 of -1},g=HttpGenerator@af7230{s=COMPLETING}]=>HttpChannelOverHttp@f268a5a{s=HttpChannelState@2e8f904b{s=HANDLING rs=COMPLETING os=COMMITTED is=IDLE awp=false se=false i=false al=0},r=4,c=false/false,a=HANDLING,uri=//localhost:38858/RedirectServlet?loc=http%3A%2F%2Flocalhost%3A38858%2FHelloServlet,age=12}
[DEBUG] Flushed=true written=158 remaining=0 WriteFlusher@653abf25{WRITING}->null
[DEBUG] update WriteFlusher@653abf25{IDLE}->null:WRITING-->IDLE
[DEBUG] generate: DONE for SendCallback@2c1836a[PROCESSING][i=HTTP/1.1{s=302,h=2,cl=-1},cb=org.eclipse.jetty.server.HttpChannel$SendCallback@7ba10c7] ([p=158,l=158,c=8192,r=0],[p=0,l=0,c=0,r=0],true)@END
[DEBUG] onWriteComplete(true,null) s=CLOSING,api=BLOCKED,sc=false,e=null->s=CLOSED,api=BLOCKING,sc=false,e=null c=null cb=org.eclipse.jetty.util.Callback$3@3c14f191 w=false
[DEBUG] completed HttpChannelState@2e8f904b{s=HANDLING rs=COMPLETING os=COMPLETED is=IDLE awp=false se=false i=false al=0}
[DEBUG] unhandle HttpChannelState@2e8f904b{s=HANDLING rs=COMPLETED os=COMPLETED is=IDLE awp=false se=false i=false al=0}
[DEBUG] nextAction(false) TERMINATED HttpChannelState@2e8f904b{s=IDLE rs=COMPLETED os=COMPLETED is=IDLE awp=false se=false i=false al=0}
[DEBUG] action TERMINATED HttpChannelOverHttp@f268a5a{s=HttpChannelState@2e8f904b{s=IDLE rs=COMPLETED os=COMPLETED is=IDLE awp=false se=false i=false al=0},r=4,c=true/true,a=IDLE,uri=//localhost:38858/RedirectServlet?loc=http%3A%2F%2Flocalhost%3A38858%2FHelloServlet,age=13}
[DEBUG] onCompleted for /RedirectServlet written=0
[DEBUG] recycle HttpChannelState@2e8f904b{s=IDLE rs=COMPLETED os=COMPLETED is=IDLE awp=false se=false i=false al=0}
[DEBUG] reset HttpParser{s=END,0 of -1}
[DEBUG] END --> START
[DEBUG] !handle TERMINATED HttpChannelOverHttp@f268a5a{s=HttpChannelState@2e8f904b{s=IDLE rs=BLOCKING os=OPEN is=IDLE awp=false se=false i=true al=0},r=4,c=false/false,a=IDLE,uri=null,age=0}
[DEBUG] filled 291 HeapByteBuffer@22b9b50d[p=0,l=291,c=8192,r=291]={<<<GET /HelloServlet HTTP/1....nection: keep-alive\r\n\r\n>>>/jpeg, *;...\x86&h\xA0{\xC1\xC2}
[DEBUG] HttpConnection@3be4ecda::SocketChannelEndPoint@122254ce{l=/127.0.0.1:38858,r=/127.0.0.1:42942,OPEN,fill=-,flush=-,to=0/30000}{io=0/0,kio=0,kro=1}->HttpConnection@3be4ecda[p=HttpParser{s=START,0 of -1},g=HttpGenerator@af7230{s=START}]=>HttpChannelOverHttp@f268a5a{s=HttpChannelState@2e8f904b{s=IDLE rs=BLOCKING os=OPEN is=IDLE awp=false se=false i=true al=0},r=4,c=false/false,a=IDLE,uri=null,age=0} filled 291 HeapByteBuffer@22b9b50d[p=0,l=291,c=8192,r=291]={<<<GET /HelloServlet HTTP/1....nection: keep-alive\r\n\r\n>>>/jpeg, *;...\x86&h\xA0{\xC1\xC2}
[DEBUG] HttpConnection@3be4ecda::SocketChannelEndPoint@122254ce{l=/127.0.0.1:38858,r=/127.0.0.1:42942,OPEN,fill=-,flush=-,to=0/30000}{io=0/0,kio=0,kro=1}->HttpConnection@3be4ecda[p=HttpParser{s=START,0 of -1},g=HttpGenerator@af7230{s=START}]=>HttpChannelOverHttp@f268a5a{s=HttpChannelState@2e8f904b{s=IDLE rs=BLOCKING os=OPEN is=IDLE awp=false se=false i=true al=0},r=4,c=false/false,a=IDLE,uri=null,age=0} parse HeapByteBuffer@22b9b50d[p=0,l=291,c=8192,r=291]={<<<GET /HelloServlet HTTP/1....nection: keep-alive\r\n\r\n>>>/jpeg, *;...\x86&h\xA0{\xC1\xC2} {}
[DEBUG] parseNext s=START HeapByteBuffer@22b9b50d[p=0,l=291,c=8192,r=291]={<<<GET /HelloServlet HTTP/1....nection: keep-alive\r\n\r\n>>>/jpeg, *;...\x86&h\xA0{\xC1\xC2}
[DEBUG] START --> SPACE1
[DEBUG] SPACE1 --> URI
[DEBUG] URI --> SPACE2
[DEBUG] SPACE2 --> REQUEST_VERSION
[DEBUG] REQUEST_VERSION --> HEADER
[DEBUG] HEADER:Accept-Encoding: gzip --> IN_VALUE
[DEBUG] HEADER:Accept-Encoding: gzip --> FIELD
[DEBUG] HEADER:User-Agent: Mozilla/5.0 (Windows NT 10.0; Win64; x64) AppleWebKit/537.36 (KHTML, like Gecko) Chrome/79.0.3945.130 Safari/537.36 --> IN_VALUE
[DEBUG] HEADER:User-Agent: Mozilla/5.0 (Windows NT 10.0; Win64; x64) AppleWebKit/537.36 (KHTML, like Gecko) Chrome/79.0.3945.130 Safari/537.36 --> FIELD
[DEBUG] HEADER:Host: localhost:38858 --> IN_VALUE
[DEBUG] HEADER:Host: localhost:38858 --> FIELD
[DEBUG] HEADER:Accept: text/html, image/gif, image/jpeg, *; q=.2, */*; q=.2 --> IN_VALUE
[DEBUG] HEADER:Accept: text/html, image/gif, image/jpeg, *; q=.2, */*; q=.2 --> FIELD
[DEBUG] HEADER:Connection: keep-alive --> IN_VALUE
[DEBUG] HEADER:Connection: keep-alive --> FIELD
[DEBUG] HEADER --> CONTENT
[DEBUG] REQUEST for //localhost:38858/HelloServlet on HttpChannelOverHttp@f268a5a{s=HttpChannelState@2e8f904b{s=IDLE rs=BLOCKING os=OPEN is=IDLE awp=false se=false i=true al=0},r=5,c=false/false,a=IDLE,uri=//localhost:38858/HelloServlet,age=0}
GET //localhost:38858/HelloServlet HTTP/1.1
Accept-Encoding: gzip
User-Agent: Mozilla/5.0 (Windows NT 10.0; Win64; x64) AppleWebKit/537.36 (KHTML, like Gecko) Chrome/79.0.3945.130 Safari/537.36
Host: localhost:38858
Accept: text/html, image/gif, image/jpeg, *; q=.2, */*; q=.2
Connection: keep-alive


[DEBUG] HttpConnection@3be4ecda::SocketChannelEndPoint@122254ce{l=/127.0.0.1:38858,r=/127.0.0.1:42942,OPEN,fill=-,flush=-,to=0/30000}{io=0/0,kio=0,kro=1}->HttpConnection@3be4ecda[p=HttpParser{s=CONTENT,0 of -1},g=HttpGenerator@af7230{s=START}]=>HttpChannelOverHttp@f268a5a{s=HttpChannelState@2e8f904b{s=IDLE rs=BLOCKING os=OPEN is=IDLE awp=false se=false i=true al=0},r=5,c=false/false,a=IDLE,uri=//localhost:38858/HelloServlet,age=0} parsed true HttpParser{s=CONTENT,0 of -1}
[DEBUG] releaseRequestBuffer HttpConnection@3be4ecda::SocketChannelEndPoint@122254ce{l=/127.0.0.1:38858,r=/127.0.0.1:42942,OPEN,fill=-,flush=-,to=0/30000}{io=0/0,kio=0,kro=1}->HttpConnection@3be4ecda[p=HttpParser{s=CONTENT,0 of -1},g=HttpGenerator@af7230{s=START}]=>HttpChannelOverHttp@f268a5a{s=HttpChannelState@2e8f904b{s=IDLE rs=BLOCKING os=OPEN is=IDLE awp=false se=false i=true al=0},r=5,c=false/false,a=IDLE,uri=//localhost:38858/HelloServlet,age=0}
[DEBUG] handle //localhost:38858/HelloServlet HttpChannelOverHttp@f268a5a{s=HttpChannelState@2e8f904b{s=IDLE rs=BLOCKING os=OPEN is=IDLE awp=false se=false i=true al=0},r=5,c=false/false,a=IDLE,uri=//localhost:38858/HelloServlet,age=0} 
[DEBUG] handling HttpChannelState@2e8f904b{s=IDLE rs=BLOCKING os=OPEN is=IDLE awp=false se=false i=true al=0}
[DEBUG] action DISPATCH HttpChannelOverHttp@f268a5a{s=HttpChannelState@2e8f904b{s=HANDLING rs=BLOCKING os=OPEN is=IDLE awp=false se=false i=true al=0},r=5,c=false/false,a=HANDLING,uri=//localhost:38858/HelloServlet,age=0}
[DEBUG] REQUEST GET /HelloServlet on HttpChannelOverHttp@f268a5a{s=HttpChannelState@2e8f904b{s=HANDLING rs=BLOCKING os=OPEN is=IDLE awp=false se=false i=true al=0},r=5,c=false/false,a=HANDLING,uri=//localhost:38858/HelloServlet,age=0}
[DEBUG] servlet null|/HelloServlet|null -> org.jsoup.integration.servlets.HelloServlet-13a37e2a==org.jsoup.integration.servlets.HelloServlet@7bd0b19c{jsp=null,order=-1,inst=false,async=true,src=EMBEDDED:null,STARTED}
[DEBUG] chain=null
[DEBUG] Servlet.init null for org.jsoup.integration.servlets.HelloServlet-13a37e2a
[DEBUG] write(array HeapByteBuffer@77b1ab97[p=0,l=16,c=512,r=16]={<<<<p>Hello, World!>>>ncoding</...\x00\x00\x00\x00\x00\x00\x00})
[DEBUG] write(array) s=OPEN,api=BLOCKING,sc=false,e=null aggregated !flush DirectByteBuffer@1492b79c[p=0,l=16,c=32768,r=16]={<<<<p>Hello, World!>>> Environm...gue. Pr}
[DEBUG] handled=true async=false committed=false on HttpChannelOverHttp@f268a5a{s=HttpChannelState@2e8f904b{s=HANDLING rs=BLOCKING os=OPEN is=IDLE awp=false se=false i=true al=0},r=5,c=false/false,a=HANDLING,uri=//localhost:38858/HelloServlet,age=0}
[DEBUG] unhandle HttpChannelState@2e8f904b{s=HANDLING rs=BLOCKING os=OPEN is=IDLE awp=false se=false i=true al=0}
[DEBUG] nextAction(false) COMPLETE HttpChannelState@2e8f904b{s=HANDLING rs=COMPLETING os=OPEN is=IDLE awp=false se=false i=false al=0}
[DEBUG] action COMPLETE HttpChannelOverHttp@f268a5a{s=HttpChannelState@2e8f904b{s=HANDLING rs=COMPLETING os=OPEN is=IDLE awp=false se=false i=false al=0},r=5,c=false/false,a=HANDLING,uri=//localhost:38858/HelloServlet,age=0}
[DEBUG] filled 0 HeapByteBuffer@78a30358[p=0,l=0,c=8192,r=0]={<<<>>>HTTP/1.1 ...\x00\x00\x00\x00\x00\x00\x00}
[DEBUG] filled 0 HeapByteBuffer@78a30358[p=0,l=0,c=8192,r=0]={<<<>>>HTTP/1.1 ...\x00\x00\x00\x00\x00\x00\x00}
[DEBUG] HttpConnection@3be4ecda::SocketChannelEndPoint@122254ce{l=/127.0.0.1:38858,r=/127.0.0.1:42942,OPEN,fill=-,flush=-,to=1/30000}{io=0/0,kio=0,kro=1}->HttpConnection@3be4ecda[p=HttpParser{s=CONTENT,0 of -1},g=HttpGenerator@af7230{s=START}]=>HttpChannelOverHttp@f268a5a{s=HttpChannelState@2e8f904b{s=HANDLING rs=COMPLETING os=OPEN is=IDLE awp=false se=false i=false al=0},r=5,c=false/false,a=HANDLING,uri=//localhost:38858/HelloServlet,age=1} filled 0 HeapByteBuffer@78a30358[p=0,l=0,c=8192,r=0]={<<<>>>HTTP/1.1 ...\x00\x00\x00\x00\x00\x00\x00}
[DEBUG] HttpConnection@3be4ecda::SocketChannelEndPoint@122254ce{l=/127.0.0.1:38858,r=/127.0.0.1:42942,OPEN,fill=-,flush=-,to=1/30000}{io=0/0,kio=0,kro=1}->HttpConnection@3be4ecda[p=HttpParser{s=CONTENT,0 of -1},g=HttpGenerator@af7230{s=START}]=>HttpChannelOverHttp@f268a5a{s=HttpChannelState@2e8f904b{s=HANDLING rs=COMPLETING os=OPEN is=IDLE awp=false se=false i=false al=0},r=5,c=false/false,a=HANDLING,uri=//localhost:38858/HelloServlet,age=1} parse HeapByteBuffer@78a30358[p=0,l=0,c=8192,r=0]={<<<>>>HTTP/1.1 ...\x00\x00\x00\x00\x00\x00\x00} {}
[DEBUG] parseNext s=CONTENT HeapByteBuffer@78a30358[p=0,l=0,c=8192,r=0]={<<<>>>HTTP/1.1 ...\x00\x00\x00\x00\x00\x00\x00}
[DEBUG] CONTENT --> CONTENT_END
[DEBUG] onContentComplete HttpChannelOverHttp@f268a5a{s=HttpChannelState@2e8f904b{s=HANDLING rs=COMPLETING os=OPEN is=IDLE awp=false se=false i=false al=0},r=5,c=false/false,a=HANDLING,uri=//localhost:38858/HelloServlet,age=1}
[DEBUG] CONTENT_END --> END
[DEBUG] onRequestComplete HttpChannelOverHttp@f268a5a{s=HttpChannelState@2e8f904b{s=HANDLING rs=COMPLETING os=OPEN is=IDLE awp=false se=false i=false al=0},r=5,c=false/false,a=HANDLING,uri=//localhost:38858/HelloServlet,age=1}
[DEBUG] HttpInputOverHTTP@5e34fa8b[c=0,q=0,[0]=null,s=STREAM] addContent EOF
[DEBUG] HttpConnection@3be4ecda::SocketChannelEndPoint@122254ce{l=/127.0.0.1:38858,r=/127.0.0.1:42942,OPEN,fill=-,flush=-,to=1/30000}{io=0/0,kio=0,kro=1}->HttpConnection@3be4ecda[p=HttpParser{s=END,0 of -1},g=HttpGenerator@af7230{s=START}]=>HttpChannelOverHttp@f268a5a{s=HttpChannelState@2e8f904b{s=HANDLING rs=COMPLETING os=OPEN is=IDLE awp=false se=false i=false al=0},r=5,c=false/false,a=HANDLING,uri=//localhost:38858/HelloServlet,age=1} parsed false HttpParser{s=END,0 of -1}
[DEBUG] releaseRequestBuffer HttpConnection@3be4ecda::SocketChannelEndPoint@122254ce{l=/127.0.0.1:38858,r=/127.0.0.1:42942,OPEN,fill=-,flush=-,to=1/30000}{io=0/0,kio=0,kro=1}->HttpConnection@3be4ecda[p=HttpParser{s=END,0 of -1},g=HttpGenerator@af7230{s=START}]=>HttpChannelOverHttp@f268a5a{s=HttpChannelState@2e8f904b{s=HANDLING rs=COMPLETING os=OPEN is=IDLE awp=false se=false i=false al=0},r=5,c=false/false,a=HANDLING,uri=//localhost:38858/HelloServlet,age=1}
[DEBUG] complete(org.eclipse.jetty.util.Callback$3@6cb25489) s=CLOSING,api=BLOCKED,sc=false,e=null s=false e=null, c=DirectByteBuffer@1492b79c[p=0,l=16,c=32768,r=16]={<<<<p>Hello, World!>>> Environm...gue. Pr}
[DEBUG] sendResponse info=null content=DirectByteBuffer@1492b79c[p=0,l=16,c=32768,r=16]={<<<<p>Hello, World!>>> Environm...gue. Pr} complete=true committing=true callback=org.eclipse.jetty.server.HttpOutput$WriteCompleteCB@2757d4e1
[DEBUG] COMMIT for /HelloServlet on HttpChannelOverHttp@f268a5a{s=HttpChannelState@2e8f904b{s=HANDLING rs=COMPLETING os=COMMITTED is=IDLE awp=false se=false i=false al=0},r=5,c=false/false,a=HANDLING,uri=//localhost:38858/HelloServlet,age=1}
200 null HTTP/1.1
Date: Mon, 20 Sep 2021 19:30:12 GMT
Content-Type: text/html;charset=utf-8


[DEBUG] generate: NEED_HEADER for SendCallback@2c1836a[PROCESSING][i=HTTP/1.1{s=200,h=2,cl=-1},cb=org.eclipse.jetty.server.HttpChannel$SendCallback@70bcd4e4] (null,[p=0,l=16,c=32768,r=16],true)@START
[DEBUG] generateHeaders HTTP/1.1{s=200,h=2,cl=-1} last=true content=DirectByteBuffer@1492b79c[p=0,l=16,c=32768,r=16]={<<<<p>Hello, World!>>> Environm...gue. Pr}
[DEBUG] Date: Mon, 20 Sep 2021 19:30:12 GMT
Content-Type: text/html;charset=utf-8


[DEBUG] CONTENT_LENGTH
[DEBUG] generate: FLUSH for SendCallback@2c1836a[PROCESSING][i=HTTP/1.1{s=200,h=2,cl=-1},cb=org.eclipse.jetty.server.HttpChannel$SendCallback@70bcd4e4] ([p=0,l=148,c=8192,r=148],[p=0,l=16,c=32768,r=16],true)@COMPLETING
[DEBUG] write: WriteFlusher@653abf25{IDLE}->null [HeapByteBuffer@41e05b38[p=0,l=148,c=8192,r=148]={<<<HTTP/1.1 200 OK\r\nDate: Mo...y(9.4.43.v20210629)\r\n\r\n>>>10629)\r\n\r...\x00\x00\x00\x00\x00\x00\x00},DirectByteBuffer@1492b79c[p=0,l=16,c=32768,r=16]={<<<<p>Hello, World!>>> Environm...gue. Pr}]
[DEBUG] update WriteFlusher@653abf25{WRITING}->null:IDLE-->WRITING
]]></system-out>
  </testcase>
  <testcase name="doesPost" classname="org.jsoup.integration.ConnectTest" time="0.046">
    <system-out><![CDATA[[DEBUG] flushed 164 SocketChannelEndPoint@122254ce{l=/127.0.0.1:38858,r=/127.0.0.1:42942,OPEN,fill=-,flush=W,to=19/30000}{io=0/0,kio=0,kro=1}->HttpConnection@3be4ecda[p=HttpParser{s=END,0 of -1},g=HttpGenerator@af7230{s=COMPLETING}]=>HttpChannelOverHttp@f268a5a{s=HttpChannelState@2e8f904b{s=HANDLING rs=COMPLETING os=COMMITTED is=IDLE awp=false se=false i=false al=0},r=5,c=false/false,a=HANDLING,uri=//localhost:38858/HelloServlet,age=19}
[DEBUG] Flushed=true written=164 remaining=0 WriteFlusher@653abf25{WRITING}->null
[DEBUG] update WriteFlusher@653abf25{IDLE}->null:WRITING-->IDLE
[DEBUG] generate: DONE for SendCallback@2c1836a[PROCESSING][i=HTTP/1.1{s=200,h=2,cl=-1},cb=org.eclipse.jetty.server.HttpChannel$SendCallback@70bcd4e4] ([p=148,l=148,c=8192,r=0],[p=16,l=16,c=32768,r=0],true)@END
[DEBUG] onWriteComplete(true,null) s=CLOSING,api=BLOCKED,sc=false,e=null->s=CLOSED,api=BLOCKING,sc=false,e=null c=null cb=org.eclipse.jetty.util.Callback$3@6cb25489 w=false
[DEBUG] completed HttpChannelState@2e8f904b{s=HANDLING rs=COMPLETING os=COMPLETED is=IDLE awp=false se=false i=false al=0}
[DEBUG] unhandle HttpChannelState@2e8f904b{s=HANDLING rs=COMPLETED os=COMPLETED is=IDLE awp=false se=false i=false al=0}
[DEBUG] nextAction(false) TERMINATED HttpChannelState@2e8f904b{s=IDLE rs=COMPLETED os=COMPLETED is=IDLE awp=false se=false i=false al=0}
[DEBUG] action TERMINATED HttpChannelOverHttp@f268a5a{s=HttpChannelState@2e8f904b{s=IDLE rs=COMPLETED os=COMPLETED is=IDLE awp=false se=false i=false al=0},r=5,c=true/true,a=IDLE,uri=//localhost:38858/HelloServlet,age=19}
[DEBUG] onCompleted for /HelloServlet written=16
[DEBUG] recycle HttpChannelState@2e8f904b{s=IDLE rs=COMPLETED os=COMPLETED is=IDLE awp=false se=false i=false al=0}
[DEBUG] reset HttpParser{s=END,0 of -1}
[DEBUG] END --> START
[DEBUG] !handle TERMINATED HttpChannelOverHttp@f268a5a{s=HttpChannelState@2e8f904b{s=IDLE rs=BLOCKING os=OPEN is=IDLE awp=false se=false i=true al=0},r=5,c=false/false,a=IDLE,uri=null,age=0}
[DEBUG] filled 459 HeapByteBuffer@22b9b50d[p=0,l=459,c=8192,r=459]={<<<POST /EchoServlet HTTP/1....BA%A6%E4%B8%80%E4%B8%8B>>> name="_f...\x86&h\xA0{\xC1\xC2}
[DEBUG] HttpConnection@3be4ecda::SocketChannelEndPoint@122254ce{l=/127.0.0.1:38858,r=/127.0.0.1:42942,OPEN,fill=-,flush=-,to=0/30000}{io=0/0,kio=0,kro=1}->HttpConnection@3be4ecda[p=HttpParser{s=START,0 of -1},g=HttpGenerator@af7230{s=START}]=>HttpChannelOverHttp@f268a5a{s=HttpChannelState@2e8f904b{s=IDLE rs=BLOCKING os=OPEN is=IDLE awp=false se=false i=true al=0},r=5,c=false/false,a=IDLE,uri=null,age=0} filled 459 HeapByteBuffer@22b9b50d[p=0,l=459,c=8192,r=459]={<<<POST /EchoServlet HTTP/1....BA%A6%E4%B8%80%E4%B8%8B>>> name="_f...\x86&h\xA0{\xC1\xC2}
[DEBUG] HttpConnection@3be4ecda::SocketChannelEndPoint@122254ce{l=/127.0.0.1:38858,r=/127.0.0.1:42942,OPEN,fill=-,flush=-,to=0/30000}{io=0/0,kio=0,kro=1}->HttpConnection@3be4ecda[p=HttpParser{s=START,0 of -1},g=HttpGenerator@af7230{s=START}]=>HttpChannelOverHttp@f268a5a{s=HttpChannelState@2e8f904b{s=IDLE rs=BLOCKING os=OPEN is=IDLE awp=false se=false i=true al=0},r=5,c=false/false,a=IDLE,uri=null,age=0} parse HeapByteBuffer@22b9b50d[p=0,l=459,c=8192,r=459]={<<<POST /EchoServlet HTTP/1....BA%A6%E4%B8%80%E4%B8%8B>>> name="_f...\x86&h\xA0{\xC1\xC2} {}
[DEBUG] parseNext s=START HeapByteBuffer@22b9b50d[p=0,l=459,c=8192,r=459]={<<<POST /EchoServlet HTTP/1....BA%A6%E4%B8%80%E4%B8%8B>>> name="_f...\x86&h\xA0{\xC1\xC2}
[DEBUG] START --> SPACE1
[DEBUG] SPACE1 --> URI
[DEBUG] URI --> SPACE2
[DEBUG] SPACE2 --> REQUEST_VERSION
[DEBUG] REQUEST_VERSION --> HEADER
[DEBUG] HEADER:Cookie --> VALUE
[DEBUG] HEADER:Cookie --> IN_VALUE
[DEBUG] HEADER:Cookie --> FIELD
[DEBUG] HEADER:Accept-Encoding: gzip --> IN_VALUE
[DEBUG] HEADER:Accept-Encoding: gzip --> FIELD
[DEBUG] HEADER:User-Agent: Mozilla/5.0 (Windows NT 10.0; Win64; x64) AppleWebKit/537.36 (KHTML, like Gecko) Chrome/79.0.3945.130 Safari/537.36 --> IN_VALUE
[DEBUG] HEADER:User-Agent: Mozilla/5.0 (Windows NT 10.0; Win64; x64) AppleWebKit/537.36 (KHTML, like Gecko) Chrome/79.0.3945.130 Safari/537.36 --> FIELD
[DEBUG] HEADER:Content-Type: application/x-www-form-urlencoded; charset=UTF-8 --> IN_VALUE
[DEBUG] HEADER:Content-Type: application/x-www-form-urlencoded; charset=UTF-8 --> FIELD
[DEBUG] HEADER:Host: localhost:38858 --> IN_VALUE
[DEBUG] HEADER:Host: localhost:38858 --> FIELD
[DEBUG] HEADER:Accept: text/html, image/gif, image/jpeg, *; q=.2, */*; q=.2 --> IN_VALUE
[DEBUG] HEADER:Accept: text/html, image/gif, image/jpeg, *; q=.2, */*; q=.2 --> FIELD
[DEBUG] HEADER:Connection: keep-alive --> IN_VALUE
[DEBUG] HEADER:Connection: keep-alive --> FIELD
[DEBUG] HEADER:Content-Length --> VALUE
[DEBUG] HEADER:Content-Length --> IN_VALUE
[DEBUG] HEADER:Content-Length --> FIELD
[DEBUG] HEADER --> CONTENT
[DEBUG] REQUEST for //localhost:38858/EchoServlet on HttpChannelOverHttp@f268a5a{s=HttpChannelState@2e8f904b{s=IDLE rs=BLOCKING os=OPEN is=IDLE awp=false se=false i=true al=0},r=6,c=false/false,a=IDLE,uri=//localhost:38858/EchoServlet,age=0}
POST //localhost:38858/EchoServlet HTTP/1.1
Cookie: auth=token
Accept-Encoding: gzip
User-Agent: Mozilla/5.0 (Windows NT 10.0; Win64; x64) AppleWebKit/537.36 (KHTML, like Gecko) Chrome/79.0.3945.130 Safari/537.36
Content-Type: application/x-www-form-urlencoded; charset=UTF-8
Host: localhost:38858
Accept: text/html, image/gif, image/jpeg, *; q=.2, */*; q=.2
Connection: keep-alive
Content-Length: 64


[DEBUG] HttpConnection@3be4ecda::SocketChannelEndPoint@122254ce{l=/127.0.0.1:38858,r=/127.0.0.1:42942,OPEN,fill=-,flush=-,to=4/30000}{io=0/0,kio=0,kro=1}->HttpConnection@3be4ecda[p=HttpParser{s=CONTENT,0 of 64},g=HttpGenerator@af7230{s=START}]=>HttpChannelOverHttp@f268a5a{s=HttpChannelState@2e8f904b{s=IDLE rs=BLOCKING os=OPEN is=IDLE awp=false se=false i=true al=0},r=6,c=false/false,a=IDLE,uri=//localhost:38858/EchoServlet,age=0} parsed true HttpParser{s=CONTENT,0 of 64}
[DEBUG] handle //localhost:38858/EchoServlet HttpChannelOverHttp@f268a5a{s=HttpChannelState@2e8f904b{s=IDLE rs=BLOCKING os=OPEN is=IDLE awp=false se=false i=true al=0},r=6,c=false/false,a=IDLE,uri=//localhost:38858/EchoServlet,age=1} 
[DEBUG] handling HttpChannelState@2e8f904b{s=IDLE rs=BLOCKING os=OPEN is=IDLE awp=false se=false i=true al=0}
[DEBUG] action DISPATCH HttpChannelOverHttp@f268a5a{s=HttpChannelState@2e8f904b{s=HANDLING rs=BLOCKING os=OPEN is=IDLE awp=false se=false i=true al=0},r=6,c=false/false,a=HANDLING,uri=//localhost:38858/EchoServlet,age=1}
[DEBUG] REQUEST POST /EchoServlet on HttpChannelOverHttp@f268a5a{s=HttpChannelState@2e8f904b{s=HANDLING rs=BLOCKING os=OPEN is=IDLE awp=false se=false i=true al=0},r=6,c=false/false,a=HANDLING,uri=//localhost:38858/EchoServlet,age=1}
[DEBUG] servlet null|/EchoServlet|null -> org.jsoup.integration.servlets.EchoServlet-422c3c7a==org.jsoup.integration.servlets.EchoServlet@66e2fba5{jsp=null,order=-1,inst=true,async=true,src=EMBEDDED:null,STARTED}
[DEBUG] chain=null
[DEBUG] write(array HeapByteBuffer@a2b2477[p=0,l=235,c=512,r=235]={<<<<title>Webserver Environm...\n    <table border="0">>>>\x00\x00\x00\x00\x00\x00\x00\x00\x00...\x00\x00\x00\x00\x00\x00\x00})
[DEBUG] write(array) s=OPEN,api=BLOCKING,sc=false,e=null aggregated !flush DirectByteBuffer@1667663f[p=0,l=235,c=32768,r=235]={<<<<title>Webserver Environm...\n    <table border="0">>>>="_functi...gue. Pr}
[DEBUG] write(array HeapByteBuffer@74c32fa7[p=0,l=37,c=512,r=37]={<<<<tr><th>Method</th><td>POST</td></tr>>>>s</title>...\x00\x00\x00\x00\x00\x00\x00})
[DEBUG] write(array) s=OPEN,api=BLOCKING,sc=false,e=null aggregated !flush DirectByteBuffer@1667663f[p=0,l=272,c=32768,r=272]={<<<<title>Webserver Environm...</th><td>POST</td></tr>>>>or="_file...gue. Pr}
[DEBUG] write(array HeapByteBuffer@6d2a1d02[p=0,l=1,c=512,r=1]={<<<\n>>>tr><th>Me...\x00\x00\x00\x00\x00\x00\x00})
[DEBUG] write(array) s=OPEN,api=BLOCKING,sc=false,e=null aggregated !flush DirectByteBuffer@1667663f[p=0,l=273,c=32768,r=273]={<<<<title>Webserver Environm.../th><td>POST</td></tr>\n>>>r="_file"...gue. Pr}
[DEBUG] write(array HeapByteBuffer@7ba7efb7[p=0,l=50,c=512,r=50]={<<<<tr><th>Request URI</th><...>/EchoServlet</td></tr>>>> <style t...\x00\x00\x00\x00\x00\x00\x00})
[DEBUG] write(array) s=OPEN,api=BLOCKING,sc=false,e=null aggregated !flush DirectByteBuffer@1667663f[p=0,l=323,c=32768,r=323]={<<<<title>Webserver Environm...>/EchoServlet</td></tr>>>>="_file" ...gue. Pr}
[DEBUG] write(array HeapByteBuffer@28fc7428[p=0,l=1,c=512,r=1]={<<<\n>>>tr><th>Re...\x00\x00\x00\x00\x00\x00\x00})
[DEBUG] write(array) s=OPEN,api=BLOCKING,sc=false,e=null aggregated !flush DirectByteBuffer@1667663f[p=0,l=324,c=32768,r=324]={<<<<title>Webserver Environm.../EchoServlet</td></tr>\n>>>"_file" t...gue. Pr}
[DEBUG] write(array HeapByteBuffer@45afd887[p=0,l=39,c=512,r=39]={<<<<tr><th>Query String</th><td></td></tr>>>>t</td></t...\x00\x00\x00\x00\x00\x00\x00})
[DEBUG] write(array) s=OPEN,api=BLOCKING,sc=false,e=null aggregated !flush DirectByteBuffer@1667663f[p=0,l=363,c=32768,r=363]={<<<<title>Webserver Environm...ring</th><td></td></tr>>>> type="su...gue. Pr}
[DEBUG] write(array HeapByteBuffer@78d00f3d[p=0,l=1,c=512,r=1]={<<<\n>>>tr><th>Qu...\x00\x00\x00\x00\x00\x00\x00})
[DEBUG] write(array) s=OPEN,api=BLOCKING,sc=false,e=null aggregated !flush DirectByteBuffer@1667663f[p=0,l=364,c=32768,r=364]={<<<<title>Webserver Environm...ing</th><td></td></tr>\n>>>type="sub...gue. Pr}
[DEBUG] write(array HeapByteBuffer@3c4e8dc7[p=0,l=43,c=512,r=43]={<<<<tr><th>Cookie</th><td>auth=token</td></tr>>>>d></tr> <...\x00\x00\x00\x00\x00\x00\x00})
[DEBUG] write(array) s=OPEN,api=BLOCKING,sc=false,e=null aggregated !flush DirectByteBuffer@1667663f[p=0,l=407,c=32768,r=407]={<<<<title>Webserver Environm...td>auth=token</td></tr>>>>ccept</th...gue. Pr}
[DEBUG] write(array HeapByteBuffer@77d8e352[p=0,l=1,c=512,r=1]={<<<\n>>>tr><th>Co...\x00\x00\x00\x00\x00\x00\x00})
[DEBUG] write(array) s=OPEN,api=BLOCKING,sc=false,e=null aggregated !flush DirectByteBuffer@1667663f[p=0,l=408,c=32768,r=408]={<<<<title>Webserver Environm...d>auth=token</td></tr>\n>>>cept</th>...gue. Pr}
[DEBUG] write(array HeapByteBuffer@4c0876ce[p=0,l=85,c=512,r=85]={<<<<tr><th>Accept</th><td>te....2, */*; q=.2</td></tr>>>>, td, th ...\x00\x00\x00\x00\x00\x00\x00})
[DEBUG] write(array) s=OPEN,api=BLOCKING,sc=false,e=null aggregated !flush DirectByteBuffer@1667663f[p=0,l=493,c=32768,r=493]={<<<<title>Webserver Environm....2, */*; q=.2</td></tr>>>>ser-Agent...gue. Pr}
[DEBUG] write(array HeapByteBuffer@34593195[p=0,l=1,c=512,r=1]={<<<\n>>>tr><th>Ac...\x00\x00\x00\x00\x00\x00\x00})
[DEBUG] write(array) s=OPEN,api=BLOCKING,sc=false,e=null aggregated !flush DirectByteBuffer@1667663f[p=0,l=494,c=32768,r=494]={<<<<title>Webserver Environm...2, */*; q=.2</td></tr>\n>>>er-Agent<...gue. Pr}
[DEBUG] write(array HeapByteBuffer@7c31b26c[p=0,l=152,c=512,r=152]={<<<<tr><th>User-Agent</th><t...Safari/537.36</td></tr>>>>      th ...\x00\x00\x00\x00\x00\x00\x00})
[DEBUG] write(array) s=OPEN,api=BLOCKING,sc=false,e=null aggregated !flush DirectByteBuffer@1667663f[p=0,l=646,c=32768,r=646]={<<<<title>Webserver Environm...Safari/537.36</td></tr>>>>onnection...gue. Pr}
[DEBUG] write(array HeapByteBuffer@4cc31ccb[p=0,l=1,c=512,r=1]={<<<\n>>>tr><th>Us...\x00\x00\x00\x00\x00\x00\x00})
[DEBUG] write(array) s=OPEN,api=BLOCKING,sc=false,e=null aggregated !flush DirectByteBuffer@1667663f[p=0,l=647,c=32768,r=647]={<<<<title>Webserver Environm...afari/537.36</td></tr>\n>>>nnection<...gue. Pr}
[DEBUG] write(array HeapByteBuffer@4372bd9b[p=0,l=47,c=512,r=47]={<<<<tr><th>Connection</th><td>keep-alive</td></tr>>>> NT 10.0;...\x00\x00\x00\x00\x00\x00\x00})
[DEBUG] write(array) s=OPEN,api=BLOCKING,sc=false,e=null aggregated !flush DirectByteBuffer@1667663f[p=0,l=694,c=32768,r=694]={<<<<title>Webserver Environm...td>keep-alive</td></tr>>>>ost</th><...gue. Pr}
[DEBUG] write(array HeapByteBuffer@3edae9f9[p=0,l=1,c=512,r=1]={<<<\n>>>tr><th>Co...\x00\x00\x00\x00\x00\x00\x00})
[DEBUG] write(array) s=OPEN,api=BLOCKING,sc=false,e=null aggregated !flush DirectByteBuffer@1667663f[p=0,l=695,c=32768,r=695]={<<<<title>Webserver Environm...d>keep-alive</td></tr>\n>>>st</th><t...gue. Pr}
[DEBUG] write(array HeapByteBuffer@4f098e9c[p=0,l=46,c=512,r=46]={<<<<tr><th>Host</th><td>localhost:38858</td></tr>>>>> NT 10.0...\x00\x00\x00\x00\x00\x00\x00})
[DEBUG] write(array) s=OPEN,api=BLOCKING,sc=false,e=null aggregated !flush DirectByteBuffer@1667663f[p=0,l=741,c=32768,r=741]={<<<<title>Webserver Environm...calhost:38858</td></tr>>>>ccept-Enc...gue. Pr}
[DEBUG] write(array HeapByteBuffer@1bf8f6f2[p=0,l=1,c=512,r=1]={<<<\n>>>tr><th>Ho...\x00\x00\x00\x00\x00\x00\x00})
[DEBUG] write(array) s=OPEN,api=BLOCKING,sc=false,e=null aggregated !flush DirectByteBuffer@1667663f[p=0,l=742,c=32768,r=742]={<<<<title>Webserver Environm...alhost:38858</td></tr>\n>>>cept-Enco...gue. Pr}
[DEBUG] write(array HeapByteBuffer@4d300e73[p=0,l=46,c=512,r=46]={<<<<tr><th>Accept-Encoding</th><td>gzip</td></tr>>>>> NT 10.0...\x00\x00\x00\x00\x00\x00\x00})
[DEBUG] write(array) s=OPEN,api=BLOCKING,sc=false,e=null aggregated !flush DirectByteBuffer@1667663f[p=0,l=788,c=32768,r=788]={<<<<title>Webserver Environm...</th><td>gzip</td></tr>>>>us diam. ...gue. Pr}
[DEBUG] write(array HeapByteBuffer@24ccb30d[p=0,l=1,c=512,r=1]={<<<\n>>>tr><th>Ac...\x00\x00\x00\x00\x00\x00\x00})
[DEBUG] write(array) s=OPEN,api=BLOCKING,sc=false,e=null aggregated !flush DirectByteBuffer@1667663f[p=0,l=789,c=32768,r=789]={<<<<title>Webserver Environm.../th><td>gzip</td></tr>\n>>>s diam. S...gue. Pr}
[DEBUG] write(array HeapByteBuffer@2732a466[p=0,l=43,c=512,r=43]={<<<<tr><th>Content-Length</th><td>64</td></tr>>>>tr>> NT 1...\x00\x00\x00\x00\x00\x00\x00})
[DEBUG] write(array) s=OPEN,api=BLOCKING,sc=false,e=null aggregated !flush DirectByteBuffer@1667663f[p=0,l=832,c=32768,r=832]={<<<<title>Webserver Environm...th</th><td>64</td></tr>>>>ementum i...gue. Pr}
[DEBUG] write(array HeapByteBuffer@7ba19914[p=0,l=1,c=512,r=1]={<<<\n>>>tr><th>Co...\x00\x00\x00\x00\x00\x00\x00})
[DEBUG] write(array) s=OPEN,api=BLOCKING,sc=false,e=null aggregated !flush DirectByteBuffer@1667663f[p=0,l=833,c=32768,r=833]={<<<<title>Webserver Environm...h</th><td>64</td></tr>\n>>>mentum im...gue. Pr}
[DEBUG] write(array HeapByteBuffer@362f4385[p=0,l=87,c=512,r=87]={<<<<tr><th>Content-Type</th>...charset=UTF-8</td></tr>>>> (KHTML, ...\x00\x00\x00\x00\x00\x00\x00})
[DEBUG] write(array) s=OPEN,api=BLOCKING,sc=false,e=null aggregated !flush DirectByteBuffer@1667663f[p=0,l=920,c=32768,r=920]={<<<<title>Webserver Environm...charset=UTF-8</td></tr>>>>er porta....gue. Pr}
[DEBUG] write(array HeapByteBuffer@773ada96[p=0,l=1,c=512,r=1]={<<<\n>>>tr><th>Co...\x00\x00\x00\x00\x00\x00\x00})
[DEBUG] write(array) s=OPEN,api=BLOCKING,sc=false,e=null aggregated !flush DirectByteBuffer@1667663f[p=0,l=921,c=32768,r=921]={<<<<title>Webserver Environm...harset=UTF-8</td></tr>\n>>>r porta. ...gue. Pr}
[DEBUG] write(array HeapByteBuffer@45194183[p=0,l=44,c=512,r=44]={<<<<tr><th>Cookie: auth</th><td>token</td></tr>>>>ww-form-u...\x00\x00\x00\x00\x00\x00\x00})
[DEBUG] write(array) s=OPEN,api=BLOCKING,sc=false,e=null aggregated !flush DirectByteBuffer@1667663f[p=0,l=965,c=32768,r=965]={<<<<title>Webserver Environm.../th><td>token</td></tr>>>>cu eget n...gue. Pr}
[DEBUG] write(array HeapByteBuffer@3207090d[p=0,l=1,c=512,r=1]={<<<\n>>>tr><th>Co...\x00\x00\x00\x00\x00\x00\x00})
[DEBUG] write(array) s=OPEN,api=BLOCKING,sc=false,e=null aggregated !flush DirectByteBuffer@1667663f[p=0,l=966,c=32768,r=966]={<<<<title>Webserver Environm...th><td>token</td></tr>\n>>>u eget nu...gue. Pr}
[DEBUG] HttpConnection@3be4ecda::SocketChannelEndPoint@122254ce{l=/127.0.0.1:38858,r=/127.0.0.1:42942,OPEN,fill=-,flush=-,to=12/30000}{io=0/0,kio=0,kro=1}->HttpConnection@3be4ecda[p=HttpParser{s=CONTENT,0 of 64},g=HttpGenerator@af7230{s=START}]=>HttpChannelOverHttp@f268a5a{s=HttpChannelState@2e8f904b{s=HANDLING rs=BLOCKING os=OPEN is=IDLE awp=false se=false i=true al=0},r=6,c=false/false,a=HANDLING,uri=//localhost:38858/EchoServlet,age=9} parse HeapByteBuffer@22b9b50d[p=395,l=459,c=8192,r=64]={POST /Ech... 64\r\n\r\n<<<uname=Jsoup&uname=Jonatha...BA%A6%E4%B8%80%E4%B8%8B>>> name="_f...\x86&h\xA0{\xC1\xC2} {}
[DEBUG] parseNext s=CONTENT HeapByteBuffer@22b9b50d[p=395,l=459,c=8192,r=64]={POST /Ech... 64\r\n\r\n<<<uname=Jsoup&uname=Jonatha...BA%A6%E4%B8%80%E4%B8%8B>>> name="_f...\x86&h\xA0{\xC1\xC2}
[DEBUG] onContent HttpChannelOverHttp@f268a5a{s=HttpChannelState@2e8f904b{s=HANDLING rs=BLOCKING os=OPEN is=IDLE awp=false se=false i=true al=0},r=6,c=false/false,a=HANDLING,uri=//localhost:38858/EchoServlet,age=9} Content@7ef847a3{HeapByteBufferR@5f37cc80[p=395,l=459,c=8192,r=64]={POST /Ech... 64\r\n\r\n<<<uname=Jsoup&uname=Jonatha...BA%A6%E4%B8%80%E4%B8%8B>>> name="_f...\x86&h\xA0{\xC1\xC2}}
[DEBUG] HttpInputOverHTTP@5e34fa8b[c=0,q=0,[0]=null,s=STREAM] addContent Content@7ef847a3{HeapByteBufferR@5f37cc80[p=395,l=459,c=8192,r=64]={POST /Ech... 64\r\n\r\n<<<uname=Jsoup&uname=Jonatha...BA%A6%E4%B8%80%E4%B8%8B>>> name="_f...\x86&h\xA0{\xC1\xC2}}
[DEBUG] CONTENT --> CONTENT_END
[DEBUG] onContentComplete HttpChannelOverHttp@f268a5a{s=HttpChannelState@2e8f904b{s=HANDLING rs=BLOCKING os=OPEN is=IDLE awp=false se=false i=true al=0},r=6,c=false/false,a=HANDLING,uri=//localhost:38858/EchoServlet,age=9}
[DEBUG] CONTENT_END --> END
[DEBUG] onRequestComplete HttpChannelOverHttp@f268a5a{s=HttpChannelState@2e8f904b{s=HANDLING rs=BLOCKING os=OPEN is=IDLE awp=false se=false i=true al=0},r=6,c=false/false,a=HANDLING,uri=//localhost:38858/EchoServlet,age=9}
[DEBUG] HttpInputOverHTTP@5e34fa8b[c=0,q=1,[0]=EOF,s=STREAM] addContent EOF
[DEBUG] HttpConnection@3be4ecda::SocketChannelEndPoint@122254ce{l=/127.0.0.1:38858,r=/127.0.0.1:42942,OPEN,fill=-,flush=-,to=12/30000}{io=0/0,kio=0,kro=1}->HttpConnection@3be4ecda[p=HttpParser{s=END,64 of 64},g=HttpGenerator@af7230{s=START}]=>HttpChannelOverHttp@f268a5a{s=HttpChannelState@2e8f904b{s=HANDLING rs=BLOCKING os=OPEN is=IDLE awp=false se=false i=true al=0},r=6,c=false/false,a=HANDLING,uri=//localhost:38858/EchoServlet,age=9} parsed false HttpParser{s=END,64 of 64}
[DEBUG] HttpInputOverHTTP@5e34fa8b[c=1,q=1,[0]=EOF,s=STREAM] read 1 from Content@7ef847a3{HeapByteBufferR@5f37cc80[p=396,l=459,c=8192,r=63]={POST /Ech...64\r\n\r\nu<<<name=Jsoup&uname=Jonathan...BA%A6%E4%B8%80%E4%B8%8B>>> name="_f...\x86&h\xA0{\xC1\xC2}}
[DEBUG] HttpInputOverHTTP@5e34fa8b[c=2,q=1,[0]=EOF,s=STREAM] read 1 from Content@7ef847a3{HeapByteBufferR@5f37cc80[p=397,l=459,c=8192,r=62]={POST /Ech...4\r\n\r\nun<<<ame=Jsoup&uname=Jonathan&...BA%A6%E4%B8%80%E4%B8%8B>>> name="_f...\x86&h\xA0{\xC1\xC2}}
[DEBUG] HttpInputOverHTTP@5e34fa8b[c=3,q=1,[0]=EOF,s=STREAM] read 1 from Content@7ef847a3{HeapByteBufferR@5f37cc80[p=398,l=459,c=8192,r=61]={POST /Ech...\r\n\r\nuna<<<me=Jsoup&uname=Jonathan&%...BA%A6%E4%B8%80%E4%B8%8B>>> name="_f...\x86&h\xA0{\xC1\xC2}}
[DEBUG] HttpInputOverHTTP@5e34fa8b[c=4,q=1,[0]=EOF,s=STREAM] read 1 from Content@7ef847a3{HeapByteBufferR@5f37cc80[p=399,l=459,c=8192,r=60]={POST /Ech...\n\r\nunam<<<e=Jsoup&uname=Jonathan&%E...BA%A6%E4%B8%80%E4%B8%8B>>> name="_f...\x86&h\xA0{\xC1\xC2}}
[DEBUG] HttpInputOverHTTP@5e34fa8b[c=5,q=1,[0]=EOF,s=STREAM] read 1 from Content@7ef847a3{HeapByteBufferR@5f37cc80[p=400,l=459,c=8192,r=59]={POST /Ech...\r\nuname<<<=Jsoup&uname=Jonathan&%E7...BA%A6%E4%B8%80%E4%B8%8B>>> name="_f...\x86&h\xA0{\xC1\xC2}}
[DEBUG] HttpInputOverHTTP@5e34fa8b[c=6,q=1,[0]=EOF,s=STREAM] read 1 from Content@7ef847a3{HeapByteBufferR@5f37cc80[p=401,l=459,c=8192,r=58]={POST /Ech...\nuname=<<<Jsoup&uname=Jonathan&%E7%...BA%A6%E4%B8%80%E4%B8%8B>>> name="_f...\x86&h\xA0{\xC1\xC2}}
[DEBUG] HttpInputOverHTTP@5e34fa8b[c=7,q=1,[0]=EOF,s=STREAM] read 1 from Content@7ef847a3{HeapByteBufferR@5f37cc80[p=402,l=459,c=8192,r=57]={POST /Ech...uname=J<<<soup&uname=Jonathan&%E7%9...BA%A6%E4%B8%80%E4%B8%8B>>> name="_f...\x86&h\xA0{\xC1\xC2}}
[DEBUG] HttpInputOverHTTP@5e34fa8b[c=8,q=1,[0]=EOF,s=STREAM] read 1 from Content@7ef847a3{HeapByteBufferR@5f37cc80[p=403,l=459,c=8192,r=56]={POST /Ech...name=Js<<<oup&uname=Jonathan&%E7%99...BA%A6%E4%B8%80%E4%B8%8B>>> name="_f...\x86&h\xA0{\xC1\xC2}}
[DEBUG] HttpInputOverHTTP@5e34fa8b[c=9,q=1,[0]=EOF,s=STREAM] read 1 from Content@7ef847a3{HeapByteBufferR@5f37cc80[p=404,l=459,c=8192,r=55]={POST /Ech...ame=Jso<<<up&uname=Jonathan&%E7%99%...BA%A6%E4%B8%80%E4%B8%8B>>> name="_f...\x86&h\xA0{\xC1\xC2}}
[DEBUG] HttpInputOverHTTP@5e34fa8b[c=10,q=1,[0]=EOF,s=STREAM] read 1 from Content@7ef847a3{HeapByteBufferR@5f37cc80[p=405,l=459,c=8192,r=54]={POST /Ech...me=Jsou<<<p&uname=Jonathan&%E7%99%B...BA%A6%E4%B8%80%E4%B8%8B>>> name="_f...\x86&h\xA0{\xC1\xC2}}
[DEBUG] HttpInputOverHTTP@5e34fa8b[c=11,q=1,[0]=EOF,s=STREAM] read 1 from Content@7ef847a3{HeapByteBufferR@5f37cc80[p=406,l=459,c=8192,r=53]={POST /Ech...e=Jsoup<<<&uname=Jonathan&%E7%99%BE...BA%A6%E4%B8%80%E4%B8%8B>>> name="_f...\x86&h\xA0{\xC1\xC2}}
[DEBUG] HttpInputOverHTTP@5e34fa8b[c=12,q=1,[0]=EOF,s=STREAM] read 1 from Content@7ef847a3{HeapByteBufferR@5f37cc80[p=407,l=459,c=8192,r=52]={POST /Ech...=Jsoup&<<<uname=Jonathan&%E7%99%BE=...BA%A6%E4%B8%80%E4%B8%8B>>> name="_f...\x86&h\xA0{\xC1\xC2}}
[DEBUG] HttpInputOverHTTP@5e34fa8b[c=13,q=1,[0]=EOF,s=STREAM] read 1 from Content@7ef847a3{HeapByteBufferR@5f37cc80[p=408,l=459,c=8192,r=51]={POST /Ech...Jsoup&u<<<name=Jonathan&%E7%99%BE=%...BA%A6%E4%B8%80%E4%B8%8B>>> name="_f...\x86&h\xA0{\xC1\xC2}}
[DEBUG] HttpInputOverHTTP@5e34fa8b[c=14,q=1,[0]=EOF,s=STREAM] read 1 from Content@7ef847a3{HeapByteBufferR@5f37cc80[p=409,l=459,c=8192,r=50]={POST /Ech...soup&un<<<ame=Jonathan&%E7%99%BE=%E...BA%A6%E4%B8%80%E4%B8%8B>>> name="_f...\x86&h\xA0{\xC1\xC2}}
[DEBUG] HttpInputOverHTTP@5e34fa8b[c=15,q=1,[0]=EOF,s=STREAM] read 1 from Content@7ef847a3{HeapByteBufferR@5f37cc80[p=410,l=459,c=8192,r=49]={POST /Ech...oup&una<<<me=Jonathan&%E7%99%BE=%E5...BA%A6%E4%B8%80%E4%B8%8B>>> name="_f...\x86&h\xA0{\xC1\xC2}}
[DEBUG] HttpInputOverHTTP@5e34fa8b[c=16,q=1,[0]=EOF,s=STREAM] read 1 from Content@7ef847a3{HeapByteBufferR@5f37cc80[p=411,l=459,c=8192,r=48]={POST /Ech...up&unam<<<e=Jonathan&%E7%99%BE=%E5%BA%A6%E4%B8%80%E4%B8%8B>>> name="_f...\x86&h\xA0{\xC1\xC2}}
[DEBUG] HttpInputOverHTTP@5e34fa8b[c=17,q=1,[0]=EOF,s=STREAM] read 1 from Content@7ef847a3{HeapByteBufferR@5f37cc80[p=412,l=459,c=8192,r=47]={POST /Ech...p&uname<<<=Jonathan&%E7%99%BE=%E5%BA%A6%E4%B8%80%E4%B8%8B>>> name="_f...\x86&h\xA0{\xC1\xC2}}
[DEBUG] HttpInputOverHTTP@5e34fa8b[c=18,q=1,[0]=EOF,s=STREAM] read 1 from Content@7ef847a3{HeapByteBufferR@5f37cc80[p=413,l=459,c=8192,r=46]={POST /Ech...&uname=<<<Jonathan&%E7%99%BE=%E5%BA%A6%E4%B8%80%E4%B8%8B>>> name="_f...\x86&h\xA0{\xC1\xC2}}
[DEBUG] HttpInputOverHTTP@5e34fa8b[c=19,q=1,[0]=EOF,s=STREAM] read 1 from Content@7ef847a3{HeapByteBufferR@5f37cc80[p=414,l=459,c=8192,r=45]={POST /Ech...uname=J<<<onathan&%E7%99%BE=%E5%BA%A6%E4%B8%80%E4%B8%8B>>> name="_f...\x86&h\xA0{\xC1\xC2}}
[DEBUG] HttpInputOverHTTP@5e34fa8b[c=20,q=1,[0]=EOF,s=STREAM] read 1 from Content@7ef847a3{HeapByteBufferR@5f37cc80[p=415,l=459,c=8192,r=44]={POST /Ech...name=Jo<<<nathan&%E7%99%BE=%E5%BA%A6%E4%B8%80%E4%B8%8B>>> name="_f...\x86&h\xA0{\xC1\xC2}}
[DEBUG] HttpInputOverHTTP@5e34fa8b[c=21,q=1,[0]=EOF,s=STREAM] read 1 from Content@7ef847a3{HeapByteBufferR@5f37cc80[p=416,l=459,c=8192,r=43]={POST /Ech...ame=Jon<<<athan&%E7%99%BE=%E5%BA%A6%E4%B8%80%E4%B8%8B>>> name="_f...\x86&h\xA0{\xC1\xC2}}
[DEBUG] HttpInputOverHTTP@5e34fa8b[c=22,q=1,[0]=EOF,s=STREAM] read 1 from Content@7ef847a3{HeapByteBufferR@5f37cc80[p=417,l=459,c=8192,r=42]={POST /Ech...me=Jona<<<than&%E7%99%BE=%E5%BA%A6%E4%B8%80%E4%B8%8B>>> name="_f...\x86&h\xA0{\xC1\xC2}}
[DEBUG] HttpInputOverHTTP@5e34fa8b[c=23,q=1,[0]=EOF,s=STREAM] read 1 from Content@7ef847a3{HeapByteBufferR@5f37cc80[p=418,l=459,c=8192,r=41]={POST /Ech...e=Jonat<<<han&%E7%99%BE=%E5%BA%A6%E4%B8%80%E4%B8%8B>>> name="_f...\x86&h\xA0{\xC1\xC2}}
[DEBUG] HttpInputOverHTTP@5e34fa8b[c=24,q=1,[0]=EOF,s=STREAM] read 1 from Content@7ef847a3{HeapByteBufferR@5f37cc80[p=419,l=459,c=8192,r=40]={POST /Ech...=Jonath<<<an&%E7%99%BE=%E5%BA%A6%E4%B8%80%E4%B8%8B>>> name="_f...\x86&h\xA0{\xC1\xC2}}
[DEBUG] HttpInputOverHTTP@5e34fa8b[c=25,q=1,[0]=EOF,s=STREAM] read 1 from Content@7ef847a3{HeapByteBufferR@5f37cc80[p=420,l=459,c=8192,r=39]={POST /Ech...Jonatha<<<n&%E7%99%BE=%E5%BA%A6%E4%B8%80%E4%B8%8B>>> name="_f...\x86&h\xA0{\xC1\xC2}}
[DEBUG] HttpInputOverHTTP@5e34fa8b[c=26,q=1,[0]=EOF,s=STREAM] read 1 from Content@7ef847a3{HeapByteBufferR@5f37cc80[p=421,l=459,c=8192,r=38]={POST /Ech...onathan<<<&%E7%99%BE=%E5%BA%A6%E4%B8%80%E4%B8%8B>>> name="_f...\x86&h\xA0{\xC1\xC2}}
[DEBUG] HttpInputOverHTTP@5e34fa8b[c=27,q=1,[0]=EOF,s=STREAM] read 1 from Content@7ef847a3{HeapByteBufferR@5f37cc80[p=422,l=459,c=8192,r=37]={POST /Ech...nathan&<<<%E7%99%BE=%E5%BA%A6%E4%B8%80%E4%B8%8B>>> name="_f...\x86&h\xA0{\xC1\xC2}}
[DEBUG] HttpInputOverHTTP@5e34fa8b[c=28,q=1,[0]=EOF,s=STREAM] read 1 from Content@7ef847a3{HeapByteBufferR@5f37cc80[p=423,l=459,c=8192,r=36]={POST /Ech...athan&%<<<E7%99%BE=%E5%BA%A6%E4%B8%80%E4%B8%8B>>> name="_f...\x86&h\xA0{\xC1\xC2}}
[DEBUG] HttpInputOverHTTP@5e34fa8b[c=29,q=1,[0]=EOF,s=STREAM] read 1 from Content@7ef847a3{HeapByteBufferR@5f37cc80[p=424,l=459,c=8192,r=35]={POST /Ech...than&%E<<<7%99%BE=%E5%BA%A6%E4%B8%80%E4%B8%8B>>> name="_f...\x86&h\xA0{\xC1\xC2}}
[DEBUG] HttpInputOverHTTP@5e34fa8b[c=30,q=1,[0]=EOF,s=STREAM] read 1 from Content@7ef847a3{HeapByteBufferR@5f37cc80[p=425,l=459,c=8192,r=34]={POST /Ech...han&%E7<<<%99%BE=%E5%BA%A6%E4%B8%80%E4%B8%8B>>> name="_f...\x86&h\xA0{\xC1\xC2}}
[DEBUG] HttpInputOverHTTP@5e34fa8b[c=31,q=1,[0]=EOF,s=STREAM] read 1 from Content@7ef847a3{HeapByteBufferR@5f37cc80[p=426,l=459,c=8192,r=33]={POST /Ech...an&%E7%<<<99%BE=%E5%BA%A6%E4%B8%80%E4%B8%8B>>> name="_f...\x86&h\xA0{\xC1\xC2}}
[DEBUG] HttpInputOverHTTP@5e34fa8b[c=32,q=1,[0]=EOF,s=STREAM] read 1 from Content@7ef847a3{HeapByteBufferR@5f37cc80[p=427,l=459,c=8192,r=32]={POST /Ech...n&%E7%9<<<9%BE=%E5%BA%A6%E4%B8%80%E4%B8%8B>>> name="_f...\x86&h\xA0{\xC1\xC2}}
[DEBUG] HttpInputOverHTTP@5e34fa8b[c=33,q=1,[0]=EOF,s=STREAM] read 1 from Content@7ef847a3{HeapByteBufferR@5f37cc80[p=428,l=459,c=8192,r=31]={POST /Ech...&%E7%99<<<%BE=%E5%BA%A6%E4%B8%80%E4%B8%8B>>> name="_f...\x86&h\xA0{\xC1\xC2}}
[DEBUG] HttpInputOverHTTP@5e34fa8b[c=34,q=1,[0]=EOF,s=STREAM] read 1 from Content@7ef847a3{HeapByteBufferR@5f37cc80[p=429,l=459,c=8192,r=30]={POST /Ech...%E7%99%<<<BE=%E5%BA%A6%E4%B8%80%E4%B8%8B>>> name="_f...\x86&h\xA0{\xC1\xC2}}
[DEBUG] HttpInputOverHTTP@5e34fa8b[c=35,q=1,[0]=EOF,s=STREAM] read 1 from Content@7ef847a3{HeapByteBufferR@5f37cc80[p=430,l=459,c=8192,r=29]={POST /Ech...E7%99%B<<<E=%E5%BA%A6%E4%B8%80%E4%B8%8B>>> name="_f...\x86&h\xA0{\xC1\xC2}}
[DEBUG] HttpInputOverHTTP@5e34fa8b[c=36,q=1,[0]=EOF,s=STREAM] read 1 from Content@7ef847a3{HeapByteBufferR@5f37cc80[p=431,l=459,c=8192,r=28]={POST /Ech...7%99%BE<<<=%E5%BA%A6%E4%B8%80%E4%B8%8B>>> name="_f...\x86&h\xA0{\xC1\xC2}}
[DEBUG] HttpInputOverHTTP@5e34fa8b[c=37,q=1,[0]=EOF,s=STREAM] read 1 from Content@7ef847a3{HeapByteBufferR@5f37cc80[p=432,l=459,c=8192,r=27]={POST /Ech...%99%BE=<<<%E5%BA%A6%E4%B8%80%E4%B8%8B>>> name="_f...\x86&h\xA0{\xC1\xC2}}
[DEBUG] HttpInputOverHTTP@5e34fa8b[c=38,q=1,[0]=EOF,s=STREAM] read 1 from Content@7ef847a3{HeapByteBufferR@5f37cc80[p=433,l=459,c=8192,r=26]={POST /Ech...99%BE=%<<<E5%BA%A6%E4%B8%80%E4%B8%8B>>> name="_f...\x86&h\xA0{\xC1\xC2}}
[DEBUG] HttpInputOverHTTP@5e34fa8b[c=39,q=1,[0]=EOF,s=STREAM] read 1 from Content@7ef847a3{HeapByteBufferR@5f37cc80[p=434,l=459,c=8192,r=25]={POST /Ech...9%BE=%E<<<5%BA%A6%E4%B8%80%E4%B8%8B>>> name="_f...\x86&h\xA0{\xC1\xC2}}
[DEBUG] HttpInputOverHTTP@5e34fa8b[c=40,q=1,[0]=EOF,s=STREAM] read 1 from Content@7ef847a3{HeapByteBufferR@5f37cc80[p=435,l=459,c=8192,r=24]={POST /Ech...%BE=%E5<<<%BA%A6%E4%B8%80%E4%B8%8B>>> name="_f...\x86&h\xA0{\xC1\xC2}}
[DEBUG] HttpInputOverHTTP@5e34fa8b[c=41,q=1,[0]=EOF,s=STREAM] read 1 from Content@7ef847a3{HeapByteBufferR@5f37cc80[p=436,l=459,c=8192,r=23]={POST /Ech...BE=%E5%<<<BA%A6%E4%B8%80%E4%B8%8B>>> name="_f...\x86&h\xA0{\xC1\xC2}}
[DEBUG] HttpInputOverHTTP@5e34fa8b[c=42,q=1,[0]=EOF,s=STREAM] read 1 from Content@7ef847a3{HeapByteBufferR@5f37cc80[p=437,l=459,c=8192,r=22]={POST /Ech...E=%E5%B<<<A%A6%E4%B8%80%E4%B8%8B>>> name="_f...\x86&h\xA0{\xC1\xC2}}
[DEBUG] HttpInputOverHTTP@5e34fa8b[c=43,q=1,[0]=EOF,s=STREAM] read 1 from Content@7ef847a3{HeapByteBufferR@5f37cc80[p=438,l=459,c=8192,r=21]={POST /Ech...=%E5%BA<<<%A6%E4%B8%80%E4%B8%8B>>> name="_f...\x86&h\xA0{\xC1\xC2}}
[DEBUG] HttpInputOverHTTP@5e34fa8b[c=44,q=1,[0]=EOF,s=STREAM] read 1 from Content@7ef847a3{HeapByteBufferR@5f37cc80[p=439,l=459,c=8192,r=20]={POST /Ech...%E5%BA%<<<A6%E4%B8%80%E4%B8%8B>>> name="_f...\x86&h\xA0{\xC1\xC2}}
[DEBUG] HttpInputOverHTTP@5e34fa8b[c=45,q=1,[0]=EOF,s=STREAM] read 1 from Content@7ef847a3{HeapByteBufferR@5f37cc80[p=440,l=459,c=8192,r=19]={POST /Ech...E5%BA%A<<<6%E4%B8%80%E4%B8%8B>>> name="_f...\x86&h\xA0{\xC1\xC2}}
[DEBUG] HttpInputOverHTTP@5e34fa8b[c=46,q=1,[0]=EOF,s=STREAM] read 1 from Content@7ef847a3{HeapByteBufferR@5f37cc80[p=441,l=459,c=8192,r=18]={POST /Ech...5%BA%A6<<<%E4%B8%80%E4%B8%8B>>> name="_f...\x86&h\xA0{\xC1\xC2}}
[DEBUG] HttpInputOverHTTP@5e34fa8b[c=47,q=1,[0]=EOF,s=STREAM] read 1 from Content@7ef847a3{HeapByteBufferR@5f37cc80[p=442,l=459,c=8192,r=17]={POST /Ech...%BA%A6%<<<E4%B8%80%E4%B8%8B>>> name="_f...\x86&h\xA0{\xC1\xC2}}
[DEBUG] HttpInputOverHTTP@5e34fa8b[c=48,q=1,[0]=EOF,s=STREAM] read 1 from Content@7ef847a3{HeapByteBufferR@5f37cc80[p=443,l=459,c=8192,r=16]={POST /Ech...BA%A6%E<<<4%B8%80%E4%B8%8B>>> name="_f...\x86&h\xA0{\xC1\xC2}}
[DEBUG] HttpInputOverHTTP@5e34fa8b[c=49,q=1,[0]=EOF,s=STREAM] read 1 from Content@7ef847a3{HeapByteBufferR@5f37cc80[p=444,l=459,c=8192,r=15]={POST /Ech...A%A6%E4<<<%B8%80%E4%B8%8B>>> name="_f...\x86&h\xA0{\xC1\xC2}}
[DEBUG] HttpInputOverHTTP@5e34fa8b[c=50,q=1,[0]=EOF,s=STREAM] read 1 from Content@7ef847a3{HeapByteBufferR@5f37cc80[p=445,l=459,c=8192,r=14]={POST /Ech...%A6%E4%<<<B8%80%E4%B8%8B>>> name="_f...\x86&h\xA0{\xC1\xC2}}
[DEBUG] HttpInputOverHTTP@5e34fa8b[c=51,q=1,[0]=EOF,s=STREAM] read 1 from Content@7ef847a3{HeapByteBufferR@5f37cc80[p=446,l=459,c=8192,r=13]={POST /Ech...A6%E4%B<<<8%80%E4%B8%8B>>> name="_f...\x86&h\xA0{\xC1\xC2}}
[DEBUG] HttpInputOverHTTP@5e34fa8b[c=52,q=1,[0]=EOF,s=STREAM] read 1 from Content@7ef847a3{HeapByteBufferR@5f37cc80[p=447,l=459,c=8192,r=12]={POST /Ech...6%E4%B8<<<%80%E4%B8%8B>>> name="_f...\x86&h\xA0{\xC1\xC2}}
[DEBUG] HttpInputOverHTTP@5e34fa8b[c=53,q=1,[0]=EOF,s=STREAM] read 1 from Content@7ef847a3{HeapByteBufferR@5f37cc80[p=448,l=459,c=8192,r=11]={POST /Ech...%E4%B8%<<<80%E4%B8%8B>>> name="_f...\x86&h\xA0{\xC1\xC2}}
[DEBUG] HttpInputOverHTTP@5e34fa8b[c=54,q=1,[0]=EOF,s=STREAM] read 1 from Content@7ef847a3{HeapByteBufferR@5f37cc80[p=449,l=459,c=8192,r=10]={POST /Ech...E4%B8%8<<<0%E4%B8%8B>>> name="_f...\x86&h\xA0{\xC1\xC2}}
[DEBUG] HttpInputOverHTTP@5e34fa8b[c=55,q=1,[0]=EOF,s=STREAM] read 1 from Content@7ef847a3{HeapByteBufferR@5f37cc80[p=450,l=459,c=8192,r=9]={POST /Ech...4%B8%80<<<%E4%B8%8B>>> name="_f...\x86&h\xA0{\xC1\xC2}}
[DEBUG] HttpInputOverHTTP@5e34fa8b[c=56,q=1,[0]=EOF,s=STREAM] read 1 from Content@7ef847a3{HeapByteBufferR@5f37cc80[p=451,l=459,c=8192,r=8]={POST /Ech...%B8%80%<<<E4%B8%8B>>> name="_f...\x86&h\xA0{\xC1\xC2}}
[DEBUG] HttpInputOverHTTP@5e34fa8b[c=57,q=1,[0]=EOF,s=STREAM] read 1 from Content@7ef847a3{HeapByteBufferR@5f37cc80[p=452,l=459,c=8192,r=7]={POST /Ech...B8%80%E<<<4%B8%8B>>> name="_f...\x86&h\xA0{\xC1\xC2}}
[DEBUG] HttpInputOverHTTP@5e34fa8b[c=58,q=1,[0]=EOF,s=STREAM] read 1 from Content@7ef847a3{HeapByteBufferR@5f37cc80[p=453,l=459,c=8192,r=6]={POST /Ech...8%80%E4<<<%B8%8B>>> name="_f...\x86&h\xA0{\xC1\xC2}}
[DEBUG] HttpInputOverHTTP@5e34fa8b[c=59,q=1,[0]=EOF,s=STREAM] read 1 from Content@7ef847a3{HeapByteBufferR@5f37cc80[p=454,l=459,c=8192,r=5]={POST /Ech...%80%E4%<<<B8%8B>>> name="_f...\x86&h\xA0{\xC1\xC2}}
[DEBUG] HttpInputOverHTTP@5e34fa8b[c=60,q=1,[0]=EOF,s=STREAM] read 1 from Content@7ef847a3{HeapByteBufferR@5f37cc80[p=455,l=459,c=8192,r=4]={POST /Ech...80%E4%B<<<8%8B>>> name="_f...\x86&h\xA0{\xC1\xC2}}
[DEBUG] HttpInputOverHTTP@5e34fa8b[c=61,q=1,[0]=EOF,s=STREAM] read 1 from Content@7ef847a3{HeapByteBufferR@5f37cc80[p=456,l=459,c=8192,r=3]={POST /Ech...0%E4%B8<<<%8B>>> name="_f...\x86&h\xA0{\xC1\xC2}}
[DEBUG] HttpInputOverHTTP@5e34fa8b[c=62,q=1,[0]=EOF,s=STREAM] read 1 from Content@7ef847a3{HeapByteBufferR@5f37cc80[p=457,l=459,c=8192,r=2]={POST /Ech...%E4%B8%<<<8B>>> name="_f...\x86&h\xA0{\xC1\xC2}}
[DEBUG] HttpInputOverHTTP@5e34fa8b[c=63,q=1,[0]=EOF,s=STREAM] read 1 from Content@7ef847a3{HeapByteBufferR@5f37cc80[p=458,l=459,c=8192,r=1]={POST /Ech...E4%B8%8<<<B>>> name="_f...\x86&h\xA0{\xC1\xC2}}
[DEBUG] HttpInputOverHTTP@5e34fa8b[c=64,q=1,[0]=EOF,s=STREAM] read 1 from Content@7ef847a3{HeapByteBufferR@5f37cc80[p=459,l=459,c=8192,r=0]={POST /Ech...4%B8%8B<<<>>> name="_f...\x86&h\xA0{\xC1\xC2}}
[DEBUG] releaseRequestBuffer HttpConnection@3be4ecda::SocketChannelEndPoint@122254ce{l=/127.0.0.1:38858,r=/127.0.0.1:42942,OPEN,fill=-,flush=-,to=22/30000}{io=0/0,kio=0,kro=1}->HttpConnection@3be4ecda[p=HttpParser{s=END,64 of 64},g=HttpGenerator@af7230{s=START}]=>HttpChannelOverHttp@f268a5a{s=HttpChannelState@2e8f904b{s=HANDLING rs=BLOCKING os=OPEN is=IDLE awp=false se=false i=true al=0},r=6,c=false/false,a=HANDLING,uri=//localhost:38858/EchoServlet,age=19}
[DEBUG] onEof HttpChannelState@2e8f904b{s=HANDLING rs=BLOCKING os=OPEN is=IDLE awp=false se=false i=true al=0}
[DEBUG] write(array HeapByteBuffer@502d8bbc[p=0,l=47,c=512,r=47]={<<<<tr><th>uname</th><td>Jsoup, Jonathan</td></tr>>>>form-urle...\x00\x00\x00\x00\x00\x00\x00})
[DEBUG] write(array) s=OPEN,api=BLOCKING,sc=false,e=null aggregated !flush DirectByteBuffer@1667663f[p=0,l=1013,c=32768,r=1013]={<<<<title>Webserver Environm...oup, Jonathan</td></tr>>>>itora tor...gue. Pr}
[DEBUG] write(array HeapByteBuffer@5ae8afd5[p=0,l=1,c=512,r=1]={<<<\n>>>tr><th>un...\x00\x00\x00\x00\x00\x00\x00})
[DEBUG] write(array) s=OPEN,api=BLOCKING,sc=false,e=null aggregated !flush DirectByteBuffer@1667663f[p=0,l=1014,c=32768,r=1014]={<<<<title>Webserver Environm...up, Jonathan</td></tr>\n>>>tora torq...gue. Pr}
[DEBUG] write(array HeapByteBuffer@66912e74[p=0,l=39,c=512,r=39]={<<<<tr><th>\xE7\x99\xBe</th><td>\xE5\xBa\xA6\xE4\xB8\x80\xE4\xB8\x8b</td></tr>>>>td></tr>f...\x00\x00\x00\x00\x00\x00\x00})
[DEBUG] write(array) s=OPEN,api=BLOCKING,sc=false,e=null aggregated !flush DirectByteBuffer@1667663f[p=0,l=1053,c=32768,r=1053]={<<<<title>Webserver Environm...<td>\xE5\xBa\xA6\xE4\xB8\x80\xE4\xB8\x8b</td></tr>>>>nceptos h...gue. Pr}
[DEBUG] write(array HeapByteBuffer@723bdea[p=0,l=1,c=512,r=1]={<<<\n>>>tr><th>\xE7\x99...\x00\x00\x00\x00\x00\x00\x00})
[DEBUG] write(array) s=OPEN,api=BLOCKING,sc=false,e=null aggregated !flush DirectByteBuffer@1667663f[p=0,l=1054,c=32768,r=1054]={<<<<title>Webserver Environm...td>\xE5\xBa\xA6\xE4\xB8\x80\xE4\xB8\x8b</td></tr>\n>>>ceptos hi...gue. Pr}
[DEBUG] onEof HttpChannelState@2e8f904b{s=HANDLING rs=BLOCKING os=OPEN is=READY awp=false se=false i=true al=0}
[DEBUG] write(array HeapByteBuffer@3b6fb6d9[p=0,l=8,c=512,r=8]={<<<</table>>>>\xE7\x99\xBe</th><...\x00\x00\x00\x00\x00\x00\x00})
[DEBUG] write(array) s=OPEN,api=BLOCKING,sc=false,e=null aggregated !flush DirectByteBuffer@1667663f[p=0,l=1062,c=32768,r=1062]={<<<<title>Webserver Environm...\x80\xE4\xB8\x8b</td></tr>\n</table>>>>imenaeos....gue. Pr}
[DEBUG] write(array HeapByteBuffer@24663066[p=0,l=1,c=512,r=1]={<<<\n>>>/table>\xE7\x99...\x00\x00\x00\x00\x00\x00\x00})
[DEBUG] write(array) s=OPEN,api=BLOCKING,sc=false,e=null aggregated !flush DirectByteBuffer@1667663f[p=0,l=1063,c=32768,r=1063]={<<<<title>Webserver Environm...\xE4\xB8\x8b</td></tr>\n</table>\n>>>menaeos. ...gue. Pr}
[DEBUG] handled=true async=false committed=false on HttpChannelOverHttp@f268a5a{s=HttpChannelState@2e8f904b{s=HANDLING rs=BLOCKING os=OPEN is=READY awp=false se=false i=true al=0},r=6,c=false/false,a=HANDLING,uri=//localhost:38858/EchoServlet,age=19}
[DEBUG] unhandle HttpChannelState@2e8f904b{s=HANDLING rs=BLOCKING os=OPEN is=READY awp=false se=false i=true al=0}
[DEBUG] nextAction(false) COMPLETE HttpChannelState@2e8f904b{s=HANDLING rs=COMPLETING os=OPEN is=READY awp=false se=false i=false al=0}
[DEBUG] action COMPLETE HttpChannelOverHttp@f268a5a{s=HttpChannelState@2e8f904b{s=HANDLING rs=COMPLETING os=OPEN is=READY awp=false se=false i=false al=0},r=6,c=false/false,a=HANDLING,uri=//localhost:38858/EchoServlet,age=19}
[DEBUG] complete(org.eclipse.jetty.util.Callback$3@4b6b5810) s=CLOSING,api=BLOCKED,sc=false,e=null s=false e=null, c=DirectByteBuffer@1667663f[p=0,l=1063,c=32768,r=1063]={<<<<title>Webserver Environm...\xE4\xB8\x8b</td></tr>\n</table>\n>>>menaeos. ...gue. Pr}
[DEBUG] sendResponse info=null content=DirectByteBuffer@1667663f[p=0,l=1063,c=32768,r=1063]={<<<<title>Webserver Environm...\xE4\xB8\x8b</td></tr>\n</table>\n>>>menaeos. ...gue. Pr} complete=true committing=true callback=org.eclipse.jetty.server.HttpOutput$WriteCompleteCB@513d607a
[DEBUG] COMMIT for /EchoServlet on HttpChannelOverHttp@f268a5a{s=HttpChannelState@2e8f904b{s=HANDLING rs=COMPLETING os=COMMITTED is=READY awp=false se=false i=false al=0},r=6,c=false/false,a=HANDLING,uri=//localhost:38858/EchoServlet,age=19}
200 null HTTP/1.1
Date: Mon, 20 Sep 2021 19:30:12 GMT
Content-Type: text/html;charset=utf-8
Cache-Control: no-cache
Cache-Control: no-store


[DEBUG] generate: NEED_HEADER for SendCallback@2c1836a[PROCESSING][i=HTTP/1.1{s=200,h=4,cl=-1},cb=org.eclipse.jetty.server.HttpChannel$SendCallback@1722cdfa] (null,[p=0,l=1063,c=32768,r=1063],true)@START
[DEBUG] generateHeaders HTTP/1.1{s=200,h=4,cl=-1} last=true content=DirectByteBuffer@1667663f[p=0,l=1063,c=32768,r=1063]={<<<<title>Webserver Environm...\xE4\xB8\x8b</td></tr>\n</table>\n>>>menaeos. ...gue. Pr}
[DEBUG] Date: Mon, 20 Sep 2021 19:30:12 GMT
Content-Type: text/html;charset=utf-8
Cache-Control: no-cache
Cache-Control: no-store


[DEBUG] CONTENT_LENGTH
[DEBUG] generate: FLUSH for SendCallback@2c1836a[PROCESSING][i=HTTP/1.1{s=200,h=4,cl=-1},cb=org.eclipse.jetty.server.HttpChannel$SendCallback@1722cdfa] ([p=0,l=200,c=8192,r=200],[p=0,l=1063,c=32768,r=1063],true)@COMPLETING
[DEBUG] write: WriteFlusher@653abf25{IDLE}->null [HeapByteBuffer@78a30358[p=0,l=200,c=8192,r=200]={<<<HTTP/1.1 200 OK\r\nDate: Mo...y(9.4.43.v20210629)\r\n\r\n>>>7.36\r\nHos...\x00\x00\x00\x00\x00\x00\x00},DirectByteBuffer@1667663f[p=0,l=1063,c=32768,r=1063]={<<<<title>Webserver Environm...\xE4\xB8\x8b</td></tr>\n</table>\n>>>menaeos. ...gue. Pr}]
[DEBUG] update WriteFlusher@653abf25{WRITING}->null:IDLE-->WRITING
]]></system-out>
  </testcase>
  <testcase name="getUtf8Bom" classname="org.jsoup.integration.ConnectTest" time="0.024">
    <system-out><![CDATA[[DEBUG] flushed 1263 SocketChannelEndPoint@122254ce{l=/127.0.0.1:38858,r=/127.0.0.1:42942,OPEN,fill=-,flush=W,to=42/30000}{io=0/0,kio=0,kro=1}->HttpConnection@3be4ecda[p=HttpParser{s=END,64 of 64},g=HttpGenerator@af7230{s=COMPLETING}]=>HttpChannelOverHttp@f268a5a{s=HttpChannelState@2e8f904b{s=HANDLING rs=COMPLETING os=COMMITTED is=READY awp=false se=false i=false al=0},r=6,c=false/false,a=HANDLING,uri=//localhost:38858/EchoServlet,age=39}
[DEBUG] Flushed=true written=1263 remaining=0 WriteFlusher@653abf25{WRITING}->null
[DEBUG] update WriteFlusher@653abf25{IDLE}->null:WRITING-->IDLE
[DEBUG] generate: DONE for SendCallback@2c1836a[PROCESSING][i=HTTP/1.1{s=200,h=4,cl=-1},cb=org.eclipse.jetty.server.HttpChannel$SendCallback@1722cdfa] ([p=200,l=200,c=8192,r=0],[p=1063,l=1063,c=32768,r=0],true)@END
[DEBUG] onWriteComplete(true,null) s=CLOSING,api=BLOCKED,sc=false,e=null->s=CLOSED,api=BLOCKING,sc=false,e=null c=null cb=org.eclipse.jetty.util.Callback$3@4b6b5810 w=false
[DEBUG] completed HttpChannelState@2e8f904b{s=HANDLING rs=COMPLETING os=COMPLETED is=READY awp=false se=false i=false al=0}
[DEBUG] unhandle HttpChannelState@2e8f904b{s=HANDLING rs=COMPLETED os=COMPLETED is=READY awp=false se=false i=false al=0}
[DEBUG] nextAction(false) TERMINATED HttpChannelState@2e8f904b{s=IDLE rs=COMPLETED os=COMPLETED is=READY awp=false se=false i=false al=0}
[DEBUG] action TERMINATED HttpChannelOverHttp@f268a5a{s=HttpChannelState@2e8f904b{s=IDLE rs=COMPLETED os=COMPLETED is=READY awp=false se=false i=false al=0},r=6,c=true/true,a=IDLE,uri=//localhost:38858/EchoServlet,age=42}
[DEBUG] onCompleted for /EchoServlet written=1063
[DEBUG] recycle HttpChannelState@2e8f904b{s=IDLE rs=COMPLETED os=COMPLETED is=READY awp=false se=false i=false al=0}
[DEBUG] reset HttpParser{s=END,64 of 64}
[DEBUG] END --> START
[DEBUG] !handle TERMINATED HttpChannelOverHttp@f268a5a{s=HttpChannelState@2e8f904b{s=IDLE rs=BLOCKING os=OPEN is=IDLE awp=false se=false i=true al=0},r=6,c=false/false,a=IDLE,uri=null,age=0}
[DEBUG] filled 313 HeapByteBuffer@41e05b38[p=0,l=313,c=8192,r=313]={<<<GET /FileServlet/bomtests...nection: keep-alive\r\n\r\n>>>-alive\r\nC...\x00\x00\x00\x00\x00\x00\x00}
[DEBUG] HttpConnection@3be4ecda::SocketChannelEndPoint@122254ce{l=/127.0.0.1:38858,r=/127.0.0.1:42942,OPEN,fill=-,flush=-,to=0/30000}{io=0/0,kio=0,kro=1}->HttpConnection@3be4ecda[p=HttpParser{s=START,0 of -1},g=HttpGenerator@af7230{s=START}]=>HttpChannelOverHttp@f268a5a{s=HttpChannelState@2e8f904b{s=IDLE rs=BLOCKING os=OPEN is=IDLE awp=false se=false i=true al=0},r=6,c=false/false,a=IDLE,uri=null,age=0} filled 313 HeapByteBuffer@41e05b38[p=0,l=313,c=8192,r=313]={<<<GET /FileServlet/bomtests...nection: keep-alive\r\n\r\n>>>-alive\r\nC...\x00\x00\x00\x00\x00\x00\x00}
[DEBUG] HttpConnection@3be4ecda::SocketChannelEndPoint@122254ce{l=/127.0.0.1:38858,r=/127.0.0.1:42942,OPEN,fill=-,flush=-,to=0/30000}{io=0/0,kio=0,kro=1}->HttpConnection@3be4ecda[p=HttpParser{s=START,0 of -1},g=HttpGenerator@af7230{s=START}]=>HttpChannelOverHttp@f268a5a{s=HttpChannelState@2e8f904b{s=IDLE rs=BLOCKING os=OPEN is=IDLE awp=false se=false i=true al=0},r=6,c=false/false,a=IDLE,uri=null,age=0} parse HeapByteBuffer@41e05b38[p=0,l=313,c=8192,r=313]={<<<GET /FileServlet/bomtests...nection: keep-alive\r\n\r\n>>>-alive\r\nC...\x00\x00\x00\x00\x00\x00\x00} {}
[DEBUG] parseNext s=START HeapByteBuffer@41e05b38[p=0,l=313,c=8192,r=313]={<<<GET /FileServlet/bomtests...nection: keep-alive\r\n\r\n>>>-alive\r\nC...\x00\x00\x00\x00\x00\x00\x00}
[DEBUG] START --> SPACE1
[DEBUG] SPACE1 --> URI
[DEBUG] URI --> SPACE2
[DEBUG] SPACE2 --> REQUEST_VERSION
[DEBUG] REQUEST_VERSION --> HEADER
[DEBUG] HEADER:Accept-Encoding: gzip --> IN_VALUE
[DEBUG] HEADER:Accept-Encoding: gzip --> FIELD
[DEBUG] HEADER:User-Agent: Mozilla/5.0 (Windows NT 10.0; Win64; x64) AppleWebKit/537.36 (KHTML, like Gecko) Chrome/79.0.3945.130 Safari/537.36 --> IN_VALUE
[DEBUG] HEADER:User-Agent: Mozilla/5.0 (Windows NT 10.0; Win64; x64) AppleWebKit/537.36 (KHTML, like Gecko) Chrome/79.0.3945.130 Safari/537.36 --> FIELD
[DEBUG] HEADER:Host: localhost:38858 --> IN_VALUE
[DEBUG] HEADER:Host: localhost:38858 --> FIELD
[DEBUG] HEADER:Accept: text/html, image/gif, image/jpeg, *; q=.2, */*; q=.2 --> IN_VALUE
[DEBUG] HEADER:Accept: text/html, image/gif, image/jpeg, *; q=.2, */*; q=.2 --> FIELD
[DEBUG] HEADER:Connection: keep-alive --> IN_VALUE
[DEBUG] HEADER:Connection: keep-alive --> FIELD
[DEBUG] HEADER --> CONTENT
[DEBUG] REQUEST for //localhost:38858/FileServlet/bomtests/bom_utf8.html on HttpChannelOverHttp@f268a5a{s=HttpChannelState@2e8f904b{s=IDLE rs=BLOCKING os=OPEN is=IDLE awp=false se=false i=true al=0},r=7,c=false/false,a=IDLE,uri=//localhost:38858/FileServlet/bomtests/bom_utf8.html,age=0}
GET //localhost:38858/FileServlet/bomtests/bom_utf8.html HTTP/1.1
Accept-Encoding: gzip
User-Agent: Mozilla/5.0 (Windows NT 10.0; Win64; x64) AppleWebKit/537.36 (KHTML, like Gecko) Chrome/79.0.3945.130 Safari/537.36
Host: localhost:38858
Accept: text/html, image/gif, image/jpeg, *; q=.2, */*; q=.2
Connection: keep-alive


[DEBUG] HttpConnection@3be4ecda::SocketChannelEndPoint@122254ce{l=/127.0.0.1:38858,r=/127.0.0.1:42942,OPEN,fill=-,flush=-,to=0/30000}{io=0/0,kio=0,kro=1}->HttpConnection@3be4ecda[p=HttpParser{s=CONTENT,0 of -1},g=HttpGenerator@af7230{s=START}]=>HttpChannelOverHttp@f268a5a{s=HttpChannelState@2e8f904b{s=IDLE rs=BLOCKING os=OPEN is=IDLE awp=false se=false i=true al=0},r=7,c=false/false,a=IDLE,uri=//localhost:38858/FileServlet/bomtests/bom_utf8.html,age=0} parsed true HttpParser{s=CONTENT,0 of -1}
[DEBUG] releaseRequestBuffer HttpConnection@3be4ecda::SocketChannelEndPoint@122254ce{l=/127.0.0.1:38858,r=/127.0.0.1:42942,OPEN,fill=-,flush=-,to=0/30000}{io=0/0,kio=0,kro=1}->HttpConnection@3be4ecda[p=HttpParser{s=CONTENT,0 of -1},g=HttpGenerator@af7230{s=START}]=>HttpChannelOverHttp@f268a5a{s=HttpChannelState@2e8f904b{s=IDLE rs=BLOCKING os=OPEN is=IDLE awp=false se=false i=true al=0},r=7,c=false/false,a=IDLE,uri=//localhost:38858/FileServlet/bomtests/bom_utf8.html,age=0}
[DEBUG] handle //localhost:38858/FileServlet/bomtests/bom_utf8.html HttpChannelOverHttp@f268a5a{s=HttpChannelState@2e8f904b{s=IDLE rs=BLOCKING os=OPEN is=IDLE awp=false se=false i=true al=0},r=7,c=false/false,a=IDLE,uri=//localhost:38858/FileServlet/bomtests/bom_utf8.html,age=0} 
[DEBUG] handling HttpChannelState@2e8f904b{s=IDLE rs=BLOCKING os=OPEN is=IDLE awp=false se=false i=true al=0}
[DEBUG] action DISPATCH HttpChannelOverHttp@f268a5a{s=HttpChannelState@2e8f904b{s=HANDLING rs=BLOCKING os=OPEN is=IDLE awp=false se=false i=true al=0},r=7,c=false/false,a=HANDLING,uri=//localhost:38858/FileServlet/bomtests/bom_utf8.html,age=0}
[DEBUG] REQUEST GET /FileServlet/bomtests/bom_utf8.html on HttpChannelOverHttp@f268a5a{s=HttpChannelState@2e8f904b{s=HANDLING rs=BLOCKING os=OPEN is=IDLE awp=false se=false i=true al=0},r=7,c=false/false,a=HANDLING,uri=//localhost:38858/FileServlet/bomtests/bom_utf8.html,age=0}
[DEBUG] servlet null|/FileServlet|/bomtests/bom_utf8.html -> org.jsoup.integration.servlets.FileServlet-3fffff43==org.jsoup.integration.servlets.FileServlet@bc0855c5{jsp=null,order=-1,inst=true,async=true,src=EMBEDDED:null,STARTED}
[DEBUG] chain=null
[DEBUG] write(array HeapByteBuffer@2d23a78[p=0,l=236,c=8192,r=236]={<<<\xEf\xBb\xBf<?xml version="1.0" en...space.\n</body>\n</html>\n>>>\x00\x00\x00\x00\x00\x00\x00\x00\x00...\x00\x00\x00\x00\x00\x00\x00})
[DEBUG] write(array) s=OPEN,api=BLOCKING,sc=false,e=null aggregated !flush DirectByteBuffer@577d71b2[p=0,l=236,c=32768,r=236]={<<<\xEf\xBb\xBf<?xml version="1.0" en...space.\n</body>\n</html>\n>>>\x11\x01\xFf\xC4\x00\x1f\x00\x00\x01...gue. Pr}
[DEBUG] sendResponse info=null content=DirectByteBuffer@577d71b2[p=0,l=236,c=32768,r=236]={<<<\xEf\xBb\xBf<?xml version="1.0" en...space.\n</body>\n</html>\n>>>\x11\x01\xFf\xC4\x00\x1f\x00\x00\x01...gue. Pr} complete=false committing=true callback=Blocker@135fca70{null}
[DEBUG] COMMIT for /FileServlet/bomtests/bom_utf8.html on HttpChannelOverHttp@f268a5a{s=HttpChannelState@2e8f904b{s=HANDLING rs=BLOCKING os=COMMITTED is=IDLE awp=false se=false i=true al=0},r=7,c=false/false,a=HANDLING,uri=//localhost:38858/FileServlet/bomtests/bom_utf8.html,age=0}
200 null HTTP/1.1
Date: Mon, 20 Sep 2021 19:30:12 GMT
Content-Type: text/html


[DEBUG] generate: NEED_HEADER for SendCallback@2c1836a[PROCESSING][i=HTTP/1.1{s=200,h=2,cl=-1},cb=org.eclipse.jetty.server.HttpChannel$SendCallback@13e859ea] (null,[p=0,l=236,c=32768,r=236],false)@START
[DEBUG] generateHeaders HTTP/1.1{s=200,h=2,cl=-1} last=false content=DirectByteBuffer@577d71b2[p=0,l=236,c=32768,r=236]={<<<\xEf\xBb\xBf<?xml version="1.0" en...space.\n</body>\n</html>\n>>>\x11\x01\xFf\xC4\x00\x1f\x00\x00\x01...gue. Pr}
[DEBUG] Date: Mon, 20 Sep 2021 19:30:12 GMT
Content-Type: text/html


[DEBUG] CHUNKED_CONTENT
[DEBUG] generate: FLUSH for SendCallback@2c1836a[PROCESSING][i=HTTP/1.1{s=200,h=2,cl=-1},cb=org.eclipse.jetty.server.HttpChannel$SendCallback@13e859ea] ([p=0,l=146,c=8192,r=146],[p=0,l=236,c=32768,r=236],false)@COMMITTED
[DEBUG] write: WriteFlusher@653abf25{IDLE}->null [HeapByteBuffer@22b9b50d[p=0,l=146,c=8192,r=146]={<<<HTTP/1.1 200 OK\r\nDate: Mo...4.43.v20210629)\r\n\r\nEC\r\n>>>HTML, lik...\x86&h\xA0{\xC1\xC2},DirectByteBuffer@577d71b2[p=0,l=236,c=32768,r=236]={<<<\xEf\xBb\xBf<?xml version="1.0" en...space.\n</body>\n</html>\n>>>\x11\x01\xFf\xC4\x00\x1f\x00\x00\x01...gue. Pr}]
[DEBUG] update WriteFlusher@653abf25{WRITING}->null:IDLE-->WRITING
[DEBUG] flushed 382 SocketChannelEndPoint@122254ce{l=/127.0.0.1:38858,r=/127.0.0.1:42942,OPEN,fill=-,flush=W,to=14/30000}{io=0/0,kio=0,kro=1}->HttpConnection@3be4ecda[p=HttpParser{s=CONTENT,0 of -1},g=HttpGenerator@af7230{s=COMMITTED}]=>HttpChannelOverHttp@f268a5a{s=HttpChannelState@2e8f904b{s=HANDLING rs=BLOCKING os=COMMITTED is=IDLE awp=false se=false i=true al=0},r=7,c=false/false,a=HANDLING,uri=//localhost:38858/FileServlet/bomtests/bom_utf8.html,age=13}
[DEBUG] Flushed=true written=382 remaining=0 WriteFlusher@653abf25{WRITING}->null
[DEBUG] update WriteFlusher@653abf25{IDLE}->null:WRITING-->IDLE
[DEBUG] generate: DONE for SendCallback@2c1836a[PROCESSING][i=HTTP/1.1{s=200,h=2,cl=-1},cb=org.eclipse.jetty.server.HttpChannel$SendCallback@13e859ea] ([p=146,l=146,c=8192,r=0],[p=236,l=236,c=32768,r=0],false)@COMMITTED
[DEBUG] onWriteComplete(false,null) s=OPEN,api=BLOCKED,sc=false,e=null->s=OPEN,api=BLOCKING,sc=false,e=null c=null cb=null w=false
[DEBUG] handled=true async=false committed=true on HttpChannelOverHttp@f268a5a{s=HttpChannelState@2e8f904b{s=HANDLING rs=BLOCKING os=COMMITTED is=IDLE awp=false se=false i=true al=0},r=7,c=false/false,a=HANDLING,uri=//localhost:38858/FileServlet/bomtests/bom_utf8.html,age=14}
[DEBUG] unhandle HttpChannelState@2e8f904b{s=HANDLING rs=BLOCKING os=COMMITTED is=IDLE awp=false se=false i=true al=0}
[DEBUG] nextAction(false) COMPLETE HttpChannelState@2e8f904b{s=HANDLING rs=COMPLETING os=COMMITTED is=IDLE awp=false se=false i=false al=0}
[DEBUG] action COMPLETE HttpChannelOverHttp@f268a5a{s=HttpChannelState@2e8f904b{s=HANDLING rs=COMPLETING os=COMMITTED is=IDLE awp=false se=false i=false al=0},r=7,c=false/false,a=HANDLING,uri=//localhost:38858/FileServlet/bomtests/bom_utf8.html,age=14}
[DEBUG] complete(org.eclipse.jetty.util.Callback$3@296cd55d) s=CLOSING,api=BLOCKED,sc=false,e=null s=false e=null, c=HeapByteBuffer@11848662[p=0,l=0,c=0,r=0]={<<<>>>}
[DEBUG] sendResponse info=null content=HeapByteBuffer@11848662[p=0,l=0,c=0,r=0]={<<<>>>} complete=true committing=false callback=org.eclipse.jetty.server.HttpOutput$WriteCompleteCB@28a09097
[DEBUG] generate: CONTINUE for SendCallback@2c1836a[PROCESSING][i=null,cb=org.eclipse.jetty.server.HttpChannel$SendCallback@3bb26e01] (null,[p=0,l=0,c=0,r=0],true)@COMPLETING
[DEBUG] generate: NEED_CHUNK for SendCallback@2c1836a[PROCESSING][i=null,cb=org.eclipse.jetty.server.HttpChannel$SendCallback@3bb26e01] (null,[p=0,l=0,c=0,r=0],true)@COMPLETING
[DEBUG] generate: FLUSH for SendCallback@2c1836a[PROCESSING][i=null,cb=org.eclipse.jetty.server.HttpChannel$SendCallback@3bb26e01] (null,[p=0,l=0,c=0,r=0],true)@COMPLETING
[DEBUG] write: WriteFlusher@653abf25{IDLE}->null [HeapByteBuffer@690742bb[p=0,l=7,c=1024,r=7]={<<<\r\n0\r\n\r\n>>>\n\x00\x00\x00\x00\x00\x00\x00\x00...\x00\x00\x00\x00\x00\x00\x00}]
[DEBUG] update WriteFlusher@653abf25{WRITING}->null:IDLE-->WRITING
]]></system-out>
  </testcase>
  <testcase name="supportsDeflate" classname="org.jsoup.integration.ConnectTest" time="0.021">
    <system-out><![CDATA[[DEBUG] starting org.jsoup.integration.servlets.Deflateservlet-a50ae65==org.jsoup.integration.servlets.Deflateservlet@bae1191b{jsp=null,order=-1,inst=false,async=true,src=EMBEDDED:null,STOPPED}
[DEBUG] STARTED @13854ms org.jsoup.integration.servlets.Deflateservlet-a50ae65==org.jsoup.integration.servlets.Deflateservlet@bae1191b{jsp=null,order=-1,inst=false,async=true,src=EMBEDDED:null,STARTED}
[DEBUG] ServletHandler@73dce0e6{STARTED} added {org.jsoup.integration.servlets.Deflateservlet-a50ae65==org.jsoup.integration.servlets.Deflateservlet@bae1191b{jsp=null,order=-1,inst=false,async=true,src=EMBEDDED:null,STARTED},UNMANAGED}
[DEBUG] ServletHandler@73dce0e6{STARTED} added {[/Deflateservlet/*]=>org.jsoup.integration.servlets.Deflateservlet-a50ae65,POJO}
[DEBUG] Path=/Deflateservlet/*[EMBEDDED:null] mapped to servlet=org.jsoup.integration.servlets.Deflateservlet-a50ae65[EMBEDDED:null]
[DEBUG] Added MappedResource[pathSpec=ServletPathSpec@82a75583{/Deflateservlet/*},resource=org.jsoup.integration.servlets.Deflateservlet-a50ae65==org.jsoup.integration.servlets.Deflateservlet@bae1191b{jsp=null,order=-1,inst=false,async=true,src=EMBEDDED:null,STARTED}] to PathMappings[size=1]
[DEBUG] Path=/InterruptedServlet/*[EMBEDDED:null] mapped to servlet=org.jsoup.integration.servlets.InterruptedServlet-6e78fcf5[EMBEDDED:null]
[DEBUG] Added MappedResource[pathSpec=ServletPathSpec@bf5e7dac{/InterruptedServlet/*},resource=org.jsoup.integration.servlets.InterruptedServlet-6e78fcf5==org.jsoup.integration.servlets.InterruptedServlet@877530d7{jsp=null,order=-1,inst=true,async=true,src=EMBEDDED:null,STARTED}] to PathMappings[size=2]
[DEBUG] Path=/HelloServlet/*[EMBEDDED:null] mapped to servlet=org.jsoup.integration.servlets.HelloServlet-13a37e2a[EMBEDDED:null]
[DEBUG] Added MappedResource[pathSpec=ServletPathSpec@86aa7c5c{/HelloServlet/*},resource=org.jsoup.integration.servlets.HelloServlet-13a37e2a==org.jsoup.integration.servlets.HelloServlet@7bd0b19c{jsp=null,order=-1,inst=true,async=true,src=EMBEDDED:null,STARTED}] to PathMappings[size=3]
[DEBUG] Path=/RedirectServlet/*[EMBEDDED:null] mapped to servlet=org.jsoup.integration.servlets.RedirectServlet-56febdc[EMBEDDED:null]
[DEBUG] Added MappedResource[pathSpec=ServletPathSpec@9a9d5e14{/RedirectServlet/*},resource=org.jsoup.integration.servlets.RedirectServlet-56febdc==org.jsoup.integration.servlets.RedirectServlet@decc268e{jsp=null,order=-1,inst=true,async=true,src=EMBEDDED:null,STARTED}] to PathMappings[size=4]
[DEBUG] Path=/EchoServlet/*[EMBEDDED:null] mapped to servlet=org.jsoup.integration.servlets.EchoServlet-422c3c7a[EMBEDDED:null]
[DEBUG] Added MappedResource[pathSpec=ServletPathSpec@8f86de6b{/EchoServlet/*},resource=org.jsoup.integration.servlets.EchoServlet-422c3c7a==org.jsoup.integration.servlets.EchoServlet@66e2fba5{jsp=null,order=-1,inst=true,async=true,src=EMBEDDED:null,STARTED}] to PathMappings[size=5]
[DEBUG] Path=/FileServlet/*[EMBEDDED:null] mapped to servlet=org.jsoup.integration.servlets.FileServlet-3fffff43[EMBEDDED:null]
[DEBUG] Added MappedResource[pathSpec=ServletPathSpec@74e824f4{/FileServlet/*},resource=org.jsoup.integration.servlets.FileServlet-3fffff43==org.jsoup.integration.servlets.FileServlet@bc0855c5{jsp=null,order=-1,inst=true,async=true,src=EMBEDDED:null,STARTED}] to PathMappings[size=6]
[DEBUG] Path=/CookieServlet/*[EMBEDDED:null] mapped to servlet=org.jsoup.integration.servlets.CookieServlet-d8305c2[EMBEDDED:null]
[DEBUG] Added MappedResource[pathSpec=ServletPathSpec@5e4054cc{/CookieServlet/*},resource=org.jsoup.integration.servlets.CookieServlet-d8305c2==org.jsoup.integration.servlets.CookieServlet@ca8db5d8{jsp=null,order=-1,inst=true,async=true,src=EMBEDDED:null,STARTED}] to PathMappings[size=7]
[DEBUG] Path=/[EMBEDDED:null] mapped to servlet=org.eclipse.jetty.servlet.ServletHandler$Default404Servlet-6035b93b[EMBEDDED:null]
[DEBUG] Added MappedResource[pathSpec=ServletPathSpec@4e{/},resource=org.eclipse.jetty.servlet.ServletHandler$Default404Servlet-6035b93b==org.eclipse.jetty.servlet.ServletHandler$Default404Servlet@8bf2cb16{jsp=null,order=-1,inst=false,async=true,src=EMBEDDED:null,STARTED}] to PathMappings[size=8]
[DEBUG] filterNameMap={}
[DEBUG] pathFilters=null
[DEBUG] servletFilterMap=null
[DEBUG] servletPathMap=PathMappings[size=8]
[DEBUG] servletNameMap={org.jsoup.integration.servlets.InterruptedServlet-6e78fcf5=org.jsoup.integration.servlets.InterruptedServlet-6e78fcf5==org.jsoup.integration.servlets.InterruptedServlet@877530d7{jsp=null,order=-1,inst=true,async=true,src=EMBEDDED:null,STARTED}, org.jsoup.integration.servlets.RedirectServlet-56febdc=org.jsoup.integration.servlets.RedirectServlet-56febdc==org.jsoup.integration.servlets.RedirectServlet@decc268e{jsp=null,order=-1,inst=true,async=true,src=EMBEDDED:null,STARTED}, org.eclipse.jetty.servlet.ServletHandler$Default404Servlet-6035b93b=org.eclipse.jetty.servlet.ServletHandler$Default404Servlet-6035b93b==org.eclipse.jetty.servlet.ServletHandler$Default404Servlet@8bf2cb16{jsp=null,order=-1,inst=false,async=true,src=EMBEDDED:null,STARTED}, org.jsoup.integration.servlets.CookieServlet-d8305c2=org.jsoup.integration.servlets.CookieServlet-d8305c2==org.jsoup.integration.servlets.CookieServlet@ca8db5d8{jsp=null,order=-1,inst=true,async=true,src=EMBEDDED:null,STARTED}, org.jsoup.integration.servlets.EchoServlet-422c3c7a=org.jsoup.integration.servlets.EchoServlet-422c3c7a==org.jsoup.integration.servlets.EchoServlet@66e2fba5{jsp=null,order=-1,inst=true,async=true,src=EMBEDDED:null,STARTED}, org.jsoup.integration.servlets.Deflateservlet-a50ae65=org.jsoup.integration.servlets.Deflateservlet-a50ae65==org.jsoup.integration.servlets.Deflateservlet@bae1191b{jsp=null,order=-1,inst=false,async=true,src=EMBEDDED:null,STARTED}, org.jsoup.integration.servlets.HelloServlet-13a37e2a=org.jsoup.integration.servlets.HelloServlet-13a37e2a==org.jsoup.integration.servlets.HelloServlet@7bd0b19c{jsp=null,order=-1,inst=true,async=true,src=EMBEDDED:null,STARTED}, org.jsoup.integration.servlets.FileServlet-3fffff43=org.jsoup.integration.servlets.FileServlet-3fffff43==org.jsoup.integration.servlets.FileServlet@bc0855c5{jsp=null,order=-1,inst=true,async=true,src=EMBEDDED:null,STARTED}}
[DEBUG] flushed 7 SocketChannelEndPoint@122254ce{l=/127.0.0.1:38858,r=/127.0.0.1:42942,OPEN,fill=-,flush=W,to=7/30000}{io=0/0,kio=0,kro=1}->HttpConnection@3be4ecda[p=HttpParser{s=CONTENT,0 of -1},g=HttpGenerator@af7230{s=COMPLETING}]=>HttpChannelOverHttp@f268a5a{s=HttpChannelState@2e8f904b{s=HANDLING rs=COMPLETING os=COMMITTED is=IDLE awp=false se=false i=false al=0},r=7,c=false/false,a=HANDLING,uri=//localhost:38858/FileServlet/bomtests/bom_utf8.html,age=21}
[DEBUG] Flushed=true written=7 remaining=0 WriteFlusher@653abf25{WRITING}->null
[DEBUG] update WriteFlusher@653abf25{IDLE}->null:WRITING-->IDLE
[DEBUG] generate: DONE for SendCallback@2c1836a[PROCESSING][i=null,cb=org.eclipse.jetty.server.HttpChannel$SendCallback@3bb26e01] (null,[p=0,l=0,c=0,r=0],true)@END
[DEBUG] onWriteComplete(true,null) s=CLOSING,api=BLOCKED,sc=false,e=null->s=CLOSED,api=BLOCKING,sc=false,e=null c=null cb=org.eclipse.jetty.util.Callback$3@296cd55d w=false
[DEBUG] completed HttpChannelState@2e8f904b{s=HANDLING rs=COMPLETING os=COMPLETED is=IDLE awp=false se=false i=false al=0}
[DEBUG] unhandle HttpChannelState@2e8f904b{s=HANDLING rs=COMPLETED os=COMPLETED is=IDLE awp=false se=false i=false al=0}
[DEBUG] nextAction(false) TERMINATED HttpChannelState@2e8f904b{s=IDLE rs=COMPLETED os=COMPLETED is=IDLE awp=false se=false i=false al=0}
[DEBUG] action TERMINATED HttpChannelOverHttp@f268a5a{s=HttpChannelState@2e8f904b{s=IDLE rs=COMPLETED os=COMPLETED is=IDLE awp=false se=false i=false al=0},r=7,c=true/true,a=IDLE,uri=//localhost:38858/FileServlet/bomtests/bom_utf8.html,age=21}
[DEBUG] onCompleted for /FileServlet/bomtests/bom_utf8.html written=236
[DEBUG] filled 293 HeapByteBuffer@78a30358[p=0,l=293,c=8192,r=293]={<<<GET /Deflateservlet HTTP/...nection: keep-alive\r\n\r\n>>>nnection:...\x00\x00\x00\x00\x00\x00\x00}
[DEBUG] HttpConnection@3be4ecda::SocketChannelEndPoint@122254ce{l=/127.0.0.1:38858,r=/127.0.0.1:42942,OPEN,fill=-,flush=-,to=0/30000}{io=0/0,kio=0,kro=1}->HttpConnection@3be4ecda[p=HttpParser{s=CONTENT,0 of -1},g=HttpGenerator@af7230{s=END}]=>HttpChannelOverHttp@f268a5a{s=HttpChannelState@2e8f904b{s=IDLE rs=COMPLETED os=COMPLETED is=IDLE awp=false se=false i=false al=0},r=7,c=true/true,a=IDLE,uri=//localhost:38858/FileServlet/bomtests/bom_utf8.html,age=21} filled 293 HeapByteBuffer@78a30358[p=0,l=293,c=8192,r=293]={<<<GET /Deflateservlet HTTP/...nection: keep-alive\r\n\r\n>>>nnection:...\x00\x00\x00\x00\x00\x00\x00}
[DEBUG] HttpConnection@3be4ecda::SocketChannelEndPoint@122254ce{l=/127.0.0.1:38858,r=/127.0.0.1:42942,OPEN,fill=-,flush=-,to=0/30000}{io=0/0,kio=0,kro=1}->HttpConnection@3be4ecda[p=HttpParser{s=CONTENT,0 of -1},g=HttpGenerator@af7230{s=END}]=>HttpChannelOverHttp@f268a5a{s=HttpChannelState@2e8f904b{s=IDLE rs=COMPLETED os=COMPLETED is=IDLE awp=false se=false i=false al=0},r=7,c=true/true,a=IDLE,uri=//localhost:38858/FileServlet/bomtests/bom_utf8.html,age=21} parse HeapByteBuffer@78a30358[p=0,l=293,c=8192,r=293]={<<<GET /Deflateservlet HTTP/...nection: keep-alive\r\n\r\n>>>nnection:...\x00\x00\x00\x00\x00\x00\x00} {}
[DEBUG] parseNext s=CONTENT HeapByteBuffer@78a30358[p=0,l=293,c=8192,r=293]={<<<GET /Deflateservlet HTTP/...nection: keep-alive\r\n\r\n>>>nnection:...\x00\x00\x00\x00\x00\x00\x00}
[DEBUG] CONTENT --> CONTENT_END
[DEBUG] onContentComplete HttpChannelOverHttp@f268a5a{s=HttpChannelState@2e8f904b{s=IDLE rs=COMPLETED os=COMPLETED is=IDLE awp=false se=false i=false al=0},r=7,c=true/true,a=IDLE,uri=//localhost:38858/FileServlet/bomtests/bom_utf8.html,age=21}
[DEBUG] CONTENT_END --> END
[DEBUG] onRequestComplete HttpChannelOverHttp@f268a5a{s=HttpChannelState@2e8f904b{s=IDLE rs=COMPLETED os=COMPLETED is=IDLE awp=false se=false i=false al=0},r=7,c=true/true,a=IDLE,uri=//localhost:38858/FileServlet/bomtests/bom_utf8.html,age=21}
[DEBUG] HttpInputOverHTTP@5e34fa8b[c=0,q=0,[0]=null,s=STREAM] addContent EOF
[DEBUG] HttpConnection@3be4ecda::SocketChannelEndPoint@122254ce{l=/127.0.0.1:38858,r=/127.0.0.1:42942,OPEN,fill=-,flush=-,to=6/30000}{io=0/0,kio=0,kro=1}->HttpConnection@3be4ecda[p=HttpParser{s=END,0 of -1},g=HttpGenerator@af7230{s=END}]=>HttpChannelOverHttp@f268a5a{s=HttpChannelState@2e8f904b{s=IDLE rs=COMPLETED os=COMPLETED is=IDLE awp=false se=false i=false al=0},r=7,c=true/true,a=IDLE,uri=//localhost:38858/FileServlet/bomtests/bom_utf8.html,age=27} parsed false HttpParser{s=END,0 of -1}
[DEBUG] recycle HttpChannelState@2e8f904b{s=IDLE rs=COMPLETED os=COMPLETED is=IDLE awp=false se=false i=false al=0}
[DEBUG] reset HttpParser{s=END,0 of -1}
[DEBUG] END --> START
[DEBUG] !handle TERMINATED HttpChannelOverHttp@f268a5a{s=HttpChannelState@2e8f904b{s=IDLE rs=BLOCKING os=OPEN is=IDLE awp=false se=false i=true al=0},r=7,c=false/false,a=IDLE,uri=null,age=0}
[DEBUG] HttpConnection@3be4ecda::SocketChannelEndPoint@122254ce{l=/127.0.0.1:38858,r=/127.0.0.1:42942,OPEN,fill=-,flush=-,to=6/30000}{io=0/0,kio=0,kro=1}->HttpConnection@3be4ecda[p=HttpParser{s=START,0 of -1},g=HttpGenerator@af7230{s=START}]=>HttpChannelOverHttp@f268a5a{s=HttpChannelState@2e8f904b{s=IDLE rs=BLOCKING os=OPEN is=IDLE awp=false se=false i=true al=0},r=7,c=false/false,a=IDLE,uri=null,age=0} parse HeapByteBuffer@78a30358[p=0,l=293,c=8192,r=293]={<<<GET /Deflateservlet HTTP/...nection: keep-alive\r\n\r\n>>>nnection:...\x00\x00\x00\x00\x00\x00\x00} {}
[DEBUG] parseNext s=START HeapByteBuffer@78a30358[p=0,l=293,c=8192,r=293]={<<<GET /Deflateservlet HTTP/...nection: keep-alive\r\n\r\n>>>nnection:...\x00\x00\x00\x00\x00\x00\x00}
[DEBUG] START --> SPACE1
[DEBUG] SPACE1 --> URI
[DEBUG] URI --> SPACE2
[DEBUG] SPACE2 --> REQUEST_VERSION
[DEBUG] REQUEST_VERSION --> HEADER
[DEBUG] HEADER:Accept-Encoding: gzip --> IN_VALUE
[DEBUG] HEADER:Accept-Encoding: gzip --> FIELD
[DEBUG] HEADER:User-Agent: Mozilla/5.0 (Windows NT 10.0; Win64; x64) AppleWebKit/537.36 (KHTML, like Gecko) Chrome/79.0.3945.130 Safari/537.36 --> IN_VALUE
[DEBUG] HEADER:User-Agent: Mozilla/5.0 (Windows NT 10.0; Win64; x64) AppleWebKit/537.36 (KHTML, like Gecko) Chrome/79.0.3945.130 Safari/537.36 --> FIELD
[DEBUG] HEADER:Host: localhost:38858 --> IN_VALUE
[DEBUG] HEADER:Host: localhost:38858 --> FIELD
[DEBUG] HEADER:Accept: text/html, image/gif, image/jpeg, *; q=.2, */*; q=.2 --> IN_VALUE
[DEBUG] HEADER:Accept: text/html, image/gif, image/jpeg, *; q=.2, */*; q=.2 --> FIELD
[DEBUG] HEADER:Connection: keep-alive --> IN_VALUE
[DEBUG] HEADER:Connection: keep-alive --> FIELD
[DEBUG] HEADER --> CONTENT
[DEBUG] REQUEST for //localhost:38858/Deflateservlet on HttpChannelOverHttp@f268a5a{s=HttpChannelState@2e8f904b{s=IDLE rs=BLOCKING os=OPEN is=IDLE awp=false se=false i=true al=0},r=8,c=false/false,a=IDLE,uri=//localhost:38858/Deflateservlet,age=0}
GET //localhost:38858/Deflateservlet HTTP/1.1
Accept-Encoding: gzip
User-Agent: Mozilla/5.0 (Windows NT 10.0; Win64; x64) AppleWebKit/537.36 (KHTML, like Gecko) Chrome/79.0.3945.130 Safari/537.36
Host: localhost:38858
Accept: text/html, image/gif, image/jpeg, *; q=.2, */*; q=.2
Connection: keep-alive


[DEBUG] HttpConnection@3be4ecda::SocketChannelEndPoint@122254ce{l=/127.0.0.1:38858,r=/127.0.0.1:42942,OPEN,fill=-,flush=-,to=6/30000}{io=0/0,kio=0,kro=1}->HttpConnection@3be4ecda[p=HttpParser{s=CONTENT,0 of -1},g=HttpGenerator@af7230{s=START}]=>HttpChannelOverHttp@f268a5a{s=HttpChannelState@2e8f904b{s=IDLE rs=BLOCKING os=OPEN is=IDLE awp=false se=false i=true al=0},r=8,c=false/false,a=IDLE,uri=//localhost:38858/Deflateservlet,age=0} parsed true HttpParser{s=CONTENT,0 of -1}
[DEBUG] releaseRequestBuffer HttpConnection@3be4ecda::SocketChannelEndPoint@122254ce{l=/127.0.0.1:38858,r=/127.0.0.1:42942,OPEN,fill=-,flush=-,to=6/30000}{io=0/0,kio=0,kro=1}->HttpConnection@3be4ecda[p=HttpParser{s=CONTENT,0 of -1},g=HttpGenerator@af7230{s=START}]=>HttpChannelOverHttp@f268a5a{s=HttpChannelState@2e8f904b{s=IDLE rs=BLOCKING os=OPEN is=IDLE awp=false se=false i=true al=0},r=8,c=false/false,a=IDLE,uri=//localhost:38858/Deflateservlet,age=0}
[DEBUG] handle //localhost:38858/Deflateservlet HttpChannelOverHttp@f268a5a{s=HttpChannelState@2e8f904b{s=IDLE rs=BLOCKING os=OPEN is=IDLE awp=false se=false i=true al=0},r=8,c=false/false,a=IDLE,uri=//localhost:38858/Deflateservlet,age=0} 
[DEBUG] handling HttpChannelState@2e8f904b{s=IDLE rs=BLOCKING os=OPEN is=IDLE awp=false se=false i=true al=0}
[DEBUG] action DISPATCH HttpChannelOverHttp@f268a5a{s=HttpChannelState@2e8f904b{s=HANDLING rs=BLOCKING os=OPEN is=IDLE awp=false se=false i=true al=0},r=8,c=false/false,a=HANDLING,uri=//localhost:38858/Deflateservlet,age=0}
[DEBUG] REQUEST GET /Deflateservlet on HttpChannelOverHttp@f268a5a{s=HttpChannelState@2e8f904b{s=HANDLING rs=BLOCKING os=OPEN is=IDLE awp=false se=false i=true al=0},r=8,c=false/false,a=HANDLING,uri=//localhost:38858/Deflateservlet,age=0}
[DEBUG] servlet null|/Deflateservlet|null -> org.jsoup.integration.servlets.Deflateservlet-a50ae65==org.jsoup.integration.servlets.Deflateservlet@bae1191b{jsp=null,order=-1,inst=false,async=true,src=EMBEDDED:null,STARTED}
[DEBUG] chain=null
[DEBUG] Servlet.init null for org.jsoup.integration.servlets.Deflateservlet-a50ae65
[DEBUG] write(array HeapByteBuffer@6ac44794[p=0,l=53,c=512,r=53]={<<<\xB3)\xB0\xF3H\xCd\xC9\xC9\xD7Q\x08\xCf/\xCaIQ\xB4)\xB0\x0b\xC9H,Q(...QHJUH\xCd\xCb/M\xCf\xD0Q(\xCaL\xCf(\xB1\xB7!Q=\x00>>>\x00\x00\x00\x00\x00\x00\x00\x00\x00...\x00\x00\x00\x00\x00\x00\x00})
[DEBUG] write(array) s=OPEN,api=BLOCKING,sc=false,e=null aggregated !flush DirectByteBuffer@1c19d748[p=0,l=53,c=32768,r=53]={<<<\xB3)\xB0\xF3H\xCd\xC9\xC9\xD7Q\x08\xCf/\xCaIQ\xB4)\xB0\x0b\xC9H,Q(...QHJUH\xCd\xCb/M\xCf\xD0Q(\xCaL\xCf(\xB1\xB7!Q=\x00>>>tyle type...gue. Pr}
[DEBUG] close() s=CLOSING,api=BLOCKED,sc=false,e=null c=DirectByteBuffer@1c19d748[p=0,l=53,c=32768,r=53]={<<<\xB3)\xB0\xF3H\xCd\xC9\xC9\xD7Q\x08\xCf/\xCaIQ\xB4)\xB0\x0b\xC9H,Q(...QHJUH\xCd\xCb/M\xCf\xD0Q(\xCaL\xCf(\xB1\xB7!Q=\x00>>>tyle type...gue. Pr} b=Blocker@135fca70{null}
[DEBUG] sendResponse info=null content=DirectByteBuffer@1c19d748[p=0,l=53,c=32768,r=53]={<<<\xB3)\xB0\xF3H\xCd\xC9\xC9\xD7Q\x08\xCf/\xCaIQ\xB4)\xB0\x0b\xC9H,Q(...QHJUH\xCd\xCb/M\xCf\xD0Q(\xCaL\xCf(\xB1\xB7!Q=\x00>>>tyle type...gue. Pr} complete=true committing=true callback=Blocker@135fca70{null}
[DEBUG] COMMIT for /Deflateservlet on HttpChannelOverHttp@f268a5a{s=HttpChannelState@2e8f904b{s=HANDLING rs=BLOCKING os=COMMITTED is=IDLE awp=false se=false i=true al=0},r=8,c=false/false,a=HANDLING,uri=//localhost:38858/Deflateservlet,age=7}
200 null HTTP/1.1
Date: Mon, 20 Sep 2021 19:30:12 GMT
Content-Type: text/html;charset=utf-8
Content-Encoding: deflate


[DEBUG] generate: NEED_HEADER for SendCallback@2c1836a[PROCESSING][i=HTTP/1.1{s=200,h=3,cl=-1},cb=org.eclipse.jetty.server.HttpChannel$SendCallback@25cdb1ac] (null,[p=0,l=53,c=32768,r=53],true)@START
[DEBUG] generateHeaders HTTP/1.1{s=200,h=3,cl=-1} last=true content=DirectByteBuffer@1c19d748[p=0,l=53,c=32768,r=53]={<<<\xB3)\xB0\xF3H\xCd\xC9\xC9\xD7Q\x08\xCf/\xCaIQ\xB4)\xB0\x0b\xC9H,Q(...QHJUH\xCd\xCb/M\xCf\xD0Q(\xCaL\xCf(\xB1\xB7!Q=\x00>>>tyle type...gue. Pr}
[DEBUG] Date: Mon, 20 Sep 2021 19:30:12 GMT
Content-Type: text/html;charset=utf-8
Content-Encoding: deflate


[DEBUG] CONTENT_LENGTH
[DEBUG] generate: FLUSH for SendCallback@2c1836a[PROCESSING][i=HTTP/1.1{s=200,h=3,cl=-1},cb=org.eclipse.jetty.server.HttpChannel$SendCallback@25cdb1ac] ([p=0,l=175,c=8192,r=175],[p=0,l=53,c=32768,r=53],true)@COMPLETING
[DEBUG] write: WriteFlusher@653abf25{IDLE}->null [HeapByteBuffer@41e05b38[p=0,l=175,c=8192,r=175]={<<<HTTP/1.1 200 OK\r\nDate: Mo...y(9.4.43.v20210629)\r\n\r\n>>>.0.3945.1...\x00\x00\x00\x00\x00\x00\x00},DirectByteBuffer@1c19d748[p=0,l=53,c=32768,r=53]={<<<\xB3)\xB0\xF3H\xCd\xC9\xC9\xD7Q\x08\xCf/\xCaIQ\xB4)\xB0\x0b\xC9H,Q(...QHJUH\xCd\xCb/M\xCf\xD0Q(\xCaL\xCf(\xB1\xB7!Q=\x00>>>tyle type...gue. Pr}]
[DEBUG] update WriteFlusher@653abf25{WRITING}->null:IDLE-->WRITING
]]></system-out>
  </testcase>
  <testcase name="repeatable" classname="org.jsoup.integration.ConnectTest" time="0.124">
    <system-out><![CDATA[[DEBUG] flushed 228 SocketChannelEndPoint@122254ce{l=/127.0.0.1:38858,r=/127.0.0.1:42942,OPEN,fill=-,flush=W,to=25/30000}{io=0/0,kio=0,kro=1}->HttpConnection@3be4ecda[p=HttpParser{s=CONTENT,0 of -1},g=HttpGenerator@af7230{s=COMPLETING}]=>HttpChannelOverHttp@f268a5a{s=HttpChannelState@2e8f904b{s=HANDLING rs=BLOCKING os=COMMITTED is=IDLE awp=false se=false i=true al=0},r=8,c=false/false,a=HANDLING,uri=//localhost:38858/Deflateservlet,age=18}
[DEBUG] Flushed=true written=228 remaining=0 WriteFlusher@653abf25{WRITING}->null
[DEBUG] update WriteFlusher@653abf25{IDLE}->null:WRITING-->IDLE
[DEBUG] generate: DONE for SendCallback@2c1836a[PROCESSING][i=HTTP/1.1{s=200,h=3,cl=-1},cb=org.eclipse.jetty.server.HttpChannel$SendCallback@25cdb1ac] ([p=175,l=175,c=8192,r=0],[p=53,l=53,c=32768,r=0],true)@END
[DEBUG] onWriteComplete(true,null) s=CLOSING,api=BLOCKED,sc=false,e=null->s=CLOSED,api=BLOCKING,sc=false,e=null c=null cb=null w=false
[DEBUG] handled=true async=false committed=true on HttpChannelOverHttp@f268a5a{s=HttpChannelState@2e8f904b{s=HANDLING rs=BLOCKING os=COMPLETED is=IDLE awp=false se=false i=true al=0},r=8,c=false/true,a=HANDLING,uri=//localhost:38858/Deflateservlet,age=19}
[DEBUG] unhandle HttpChannelState@2e8f904b{s=HANDLING rs=BLOCKING os=COMPLETED is=IDLE awp=false se=false i=true al=0}
[DEBUG] nextAction(false) COMPLETE HttpChannelState@2e8f904b{s=HANDLING rs=COMPLETING os=COMPLETED is=IDLE awp=false se=false i=false al=0}
[DEBUG] action COMPLETE HttpChannelOverHttp@f268a5a{s=HttpChannelState@2e8f904b{s=HANDLING rs=COMPLETING os=COMPLETED is=IDLE awp=false se=false i=false al=0},r=8,c=false/true,a=HANDLING,uri=//localhost:38858/Deflateservlet,age=19}
[DEBUG] complete(org.eclipse.jetty.util.Callback$3@9c5a9aa) s=CLOSED,api=BLOCKING,sc=false,e=null s=true e=null, c=null
[DEBUG] completed HttpChannelState@2e8f904b{s=HANDLING rs=COMPLETING os=COMPLETED is=IDLE awp=false se=false i=false al=0}
[DEBUG] unhandle HttpChannelState@2e8f904b{s=HANDLING rs=COMPLETED os=COMPLETED is=IDLE awp=false se=false i=false al=0}
[DEBUG] nextAction(false) TERMINATED HttpChannelState@2e8f904b{s=IDLE rs=COMPLETED os=COMPLETED is=IDLE awp=false se=false i=false al=0}
[DEBUG] action TERMINATED HttpChannelOverHttp@f268a5a{s=HttpChannelState@2e8f904b{s=IDLE rs=COMPLETED os=COMPLETED is=IDLE awp=false se=false i=false al=0},r=8,c=true/true,a=IDLE,uri=//localhost:38858/Deflateservlet,age=19}
[DEBUG] onCompleted for /Deflateservlet written=53
[DEBUG] filled 311 HeapByteBuffer@22b9b50d[p=0,l=311,c=8192,r=311]={<<<GET /FileServlet/htmltest...nection: keep-alive\r\n\r\n>>>/gif, ima...\x86&h\xA0{\xC1\xC2}
[DEBUG] HttpConnection@3be4ecda::SocketChannelEndPoint@122254ce{l=/127.0.0.1:38858,r=/127.0.0.1:42942,OPEN,fill=-,flush=-,to=0/30000}{io=0/0,kio=0,kro=1}->HttpConnection@3be4ecda[p=HttpParser{s=CONTENT,0 of -1},g=HttpGenerator@af7230{s=END}]=>HttpChannelOverHttp@f268a5a{s=HttpChannelState@2e8f904b{s=IDLE rs=COMPLETED os=COMPLETED is=IDLE awp=false se=false i=false al=0},r=8,c=true/true,a=IDLE,uri=//localhost:38858/Deflateservlet,age=19} filled 311 HeapByteBuffer@22b9b50d[p=0,l=311,c=8192,r=311]={<<<GET /FileServlet/htmltest...nection: keep-alive\r\n\r\n>>>/gif, ima...\x86&h\xA0{\xC1\xC2}
[DEBUG] HttpConnection@3be4ecda::SocketChannelEndPoint@122254ce{l=/127.0.0.1:38858,r=/127.0.0.1:42942,OPEN,fill=-,flush=-,to=0/30000}{io=0/0,kio=0,kro=1}->HttpConnection@3be4ecda[p=HttpParser{s=CONTENT,0 of -1},g=HttpGenerator@af7230{s=END}]=>HttpChannelOverHttp@f268a5a{s=HttpChannelState@2e8f904b{s=IDLE rs=COMPLETED os=COMPLETED is=IDLE awp=false se=false i=false al=0},r=8,c=true/true,a=IDLE,uri=//localhost:38858/Deflateservlet,age=19} parse HeapByteBuffer@22b9b50d[p=0,l=311,c=8192,r=311]={<<<GET /FileServlet/htmltest...nection: keep-alive\r\n\r\n>>>/gif, ima...\x86&h\xA0{\xC1\xC2} {}
[DEBUG] parseNext s=CONTENT HeapByteBuffer@22b9b50d[p=0,l=311,c=8192,r=311]={<<<GET /FileServlet/htmltest...nection: keep-alive\r\n\r\n>>>/gif, ima...\x86&h\xA0{\xC1\xC2}
[DEBUG] CONTENT --> CONTENT_END
[DEBUG] onContentComplete HttpChannelOverHttp@f268a5a{s=HttpChannelState@2e8f904b{s=IDLE rs=COMPLETED os=COMPLETED is=IDLE awp=false se=false i=false al=0},r=8,c=true/true,a=IDLE,uri=//localhost:38858/Deflateservlet,age=19}
[DEBUG] CONTENT_END --> END
[DEBUG] onRequestComplete HttpChannelOverHttp@f268a5a{s=HttpChannelState@2e8f904b{s=IDLE rs=COMPLETED os=COMPLETED is=IDLE awp=false se=false i=false al=0},r=8,c=true/true,a=IDLE,uri=//localhost:38858/Deflateservlet,age=19}
[DEBUG] HttpInputOverHTTP@5e34fa8b[c=0,q=0,[0]=null,s=STREAM] addContent EOF
[DEBUG] HttpConnection@3be4ecda::SocketChannelEndPoint@122254ce{l=/127.0.0.1:38858,r=/127.0.0.1:42942,OPEN,fill=-,flush=-,to=0/30000}{io=0/0,kio=0,kro=1}->HttpConnection@3be4ecda[p=HttpParser{s=END,0 of -1},g=HttpGenerator@af7230{s=END}]=>HttpChannelOverHttp@f268a5a{s=HttpChannelState@2e8f904b{s=IDLE rs=COMPLETED os=COMPLETED is=IDLE awp=false se=false i=false al=0},r=8,c=true/true,a=IDLE,uri=//localhost:38858/Deflateservlet,age=19} parsed false HttpParser{s=END,0 of -1}
[DEBUG] recycle HttpChannelState@2e8f904b{s=IDLE rs=COMPLETED os=COMPLETED is=IDLE awp=false se=false i=false al=0}
[DEBUG] reset HttpParser{s=END,0 of -1}
[DEBUG] END --> START
[DEBUG] !handle TERMINATED HttpChannelOverHttp@f268a5a{s=HttpChannelState@2e8f904b{s=IDLE rs=BLOCKING os=OPEN is=IDLE awp=false se=false i=true al=0},r=8,c=false/false,a=IDLE,uri=null,age=0}
[DEBUG] HttpConnection@3be4ecda::SocketChannelEndPoint@122254ce{l=/127.0.0.1:38858,r=/127.0.0.1:42942,OPEN,fill=-,flush=-,to=9/30000}{io=0/0,kio=0,kro=1}->HttpConnection@3be4ecda[p=HttpParser{s=START,0 of -1},g=HttpGenerator@af7230{s=START}]=>HttpChannelOverHttp@f268a5a{s=HttpChannelState@2e8f904b{s=IDLE rs=BLOCKING os=OPEN is=IDLE awp=false se=false i=true al=0},r=8,c=false/false,a=IDLE,uri=null,age=0} parse HeapByteBuffer@22b9b50d[p=0,l=311,c=8192,r=311]={<<<GET /FileServlet/htmltest...nection: keep-alive\r\n\r\n>>>/gif, ima...\x86&h\xA0{\xC1\xC2} {}
[DEBUG] parseNext s=START HeapByteBuffer@22b9b50d[p=0,l=311,c=8192,r=311]={<<<GET /FileServlet/htmltest...nection: keep-alive\r\n\r\n>>>/gif, ima...\x86&h\xA0{\xC1\xC2}
[DEBUG] START --> SPACE1
[DEBUG] SPACE1 --> URI
[DEBUG] URI --> SPACE2
[DEBUG] SPACE2 --> REQUEST_VERSION
[DEBUG] REQUEST_VERSION --> HEADER
[DEBUG] HEADER:Accept-Encoding: gzip --> IN_VALUE
[DEBUG] HEADER:Accept-Encoding: gzip --> FIELD
[DEBUG] HEADER:User-Agent: Mozilla/5.0 (Windows NT 10.0; Win64; x64) AppleWebKit/537.36 (KHTML, like Gecko) Chrome/79.0.3945.130 Safari/537.36 --> IN_VALUE
[DEBUG] HEADER:User-Agent: Mozilla/5.0 (Windows NT 10.0; Win64; x64) AppleWebKit/537.36 (KHTML, like Gecko) Chrome/79.0.3945.130 Safari/537.36 --> FIELD
[DEBUG] HEADER:Host: localhost:38858 --> IN_VALUE
[DEBUG] HEADER:Host: localhost:38858 --> FIELD
[DEBUG] HEADER:Accept: text/html, image/gif, image/jpeg, *; q=.2, */*; q=.2 --> IN_VALUE
[DEBUG] HEADER:Accept: text/html, image/gif, image/jpeg, *; q=.2, */*; q=.2 --> FIELD
[DEBUG] HEADER:Connection: keep-alive --> IN_VALUE
[DEBUG] HEADER:Connection: keep-alive --> FIELD
[DEBUG] HEADER --> CONTENT
[DEBUG] REQUEST for //localhost:38858/FileServlet/htmltests/large.html on HttpChannelOverHttp@f268a5a{s=HttpChannelState@2e8f904b{s=IDLE rs=BLOCKING os=OPEN is=IDLE awp=false se=false i=true al=0},r=9,c=false/false,a=IDLE,uri=//localhost:38858/FileServlet/htmltests/large.html,age=0}
GET //localhost:38858/FileServlet/htmltests/large.html HTTP/1.1
Accept-Encoding: gzip
User-Agent: Mozilla/5.0 (Windows NT 10.0; Win64; x64) AppleWebKit/537.36 (KHTML, like Gecko) Chrome/79.0.3945.130 Safari/537.36
Host: localhost:38858
Accept: text/html, image/gif, image/jpeg, *; q=.2, */*; q=.2
Connection: keep-alive


[DEBUG] HttpConnection@3be4ecda::SocketChannelEndPoint@122254ce{l=/127.0.0.1:38858,r=/127.0.0.1:42942,OPEN,fill=-,flush=-,to=11/30000}{io=0/0,kio=0,kro=1}->HttpConnection@3be4ecda[p=HttpParser{s=CONTENT,0 of -1},g=HttpGenerator@af7230{s=START}]=>HttpChannelOverHttp@f268a5a{s=HttpChannelState@2e8f904b{s=IDLE rs=BLOCKING os=OPEN is=IDLE awp=false se=false i=true al=0},r=9,c=false/false,a=IDLE,uri=//localhost:38858/FileServlet/htmltests/large.html,age=2} parsed true HttpParser{s=CONTENT,0 of -1}
[DEBUG] releaseRequestBuffer HttpConnection@3be4ecda::SocketChannelEndPoint@122254ce{l=/127.0.0.1:38858,r=/127.0.0.1:42942,OPEN,fill=-,flush=-,to=11/30000}{io=0/0,kio=0,kro=1}->HttpConnection@3be4ecda[p=HttpParser{s=CONTENT,0 of -1},g=HttpGenerator@af7230{s=START}]=>HttpChannelOverHttp@f268a5a{s=HttpChannelState@2e8f904b{s=IDLE rs=BLOCKING os=OPEN is=IDLE awp=false se=false i=true al=0},r=9,c=false/false,a=IDLE,uri=//localhost:38858/FileServlet/htmltests/large.html,age=2}
[DEBUG] handle //localhost:38858/FileServlet/htmltests/large.html HttpChannelOverHttp@f268a5a{s=HttpChannelState@2e8f904b{s=IDLE rs=BLOCKING os=OPEN is=IDLE awp=false se=false i=true al=0},r=9,c=false/false,a=IDLE,uri=//localhost:38858/FileServlet/htmltests/large.html,age=2} 
[DEBUG] handling HttpChannelState@2e8f904b{s=IDLE rs=BLOCKING os=OPEN is=IDLE awp=false se=false i=true al=0}
[DEBUG] action DISPATCH HttpChannelOverHttp@f268a5a{s=HttpChannelState@2e8f904b{s=HANDLING rs=BLOCKING os=OPEN is=IDLE awp=false se=false i=true al=0},r=9,c=false/false,a=HANDLING,uri=//localhost:38858/FileServlet/htmltests/large.html,age=2}
[DEBUG] REQUEST GET /FileServlet/htmltests/large.html on HttpChannelOverHttp@f268a5a{s=HttpChannelState@2e8f904b{s=HANDLING rs=BLOCKING os=OPEN is=IDLE awp=false se=false i=true al=0},r=9,c=false/false,a=HANDLING,uri=//localhost:38858/FileServlet/htmltests/large.html,age=2}
[DEBUG] servlet null|/FileServlet|/htmltests/large.html -> org.jsoup.integration.servlets.FileServlet-3fffff43==org.jsoup.integration.servlets.FileServlet@bc0855c5{jsp=null,order=-1,inst=true,async=true,src=EMBEDDED:null,STARTED}
[DEBUG] chain=null
[DEBUG] write(array HeapByteBuffer@21af1cf5[p=0,l=8192,c=8192,r=8192]={<<<<html><head><title>Large ...augue. Vestibulum tinci>>>})
[DEBUG] write(array) s=OPEN,api=BLOCKING,sc=false,e=null aggregated !flush DirectByteBuffer@58caaa66[p=0,l=8192,c=32768,r=8192]={<<<<html><head><title>Large ...augue. Vestibulum tinci>>>na. Quisq...gue. Pr}
[DEBUG] write(array HeapByteBuffer@691f07b3[p=0,l=8192,c=8192,r=8192]={<<<dunt malesuada tellus. Ut... nostra, per inceptos h>>>})
[DEBUG] write(array) s=OPEN,api=BLOCKING,sc=false,e=null aggregated !flush DirectByteBuffer@58caaa66[p=0,l=16384,c=32768,r=16384]={<<<<html><head><title>Large ... nostra, per inceptos h>>>osqu ad l...gue. Pr}
[DEBUG] write(array HeapByteBuffer@21979bed[p=0,l=8192,c=8192,r=8192]={<<<imenaeos. Nam nec ante. S...nas aliquet mollis lect>>>})
[DEBUG] write(array) s=OPEN,api=BLOCKING,sc=false,e=null aggregated !flush DirectByteBuffer@58caaa66[p=0,l=24576,c=32768,r=24576]={<<<<html><head><title>Large ...nas aliquet mollis lect>>> sed augu...gue. Pr}
[DEBUG] write(array HeapByteBuffer@5bbfe8c[p=0,l=8192,c=8192,r=8192]={<<<us. Vivamus consectetuer ...s ultrices enim. Curabi>>>})
[DEBUG] write(array) s=OPEN,api=BLOCKED,sc=false,e=null last=false agg=true flush=true async=false, len=0 DirectByteBuffer@58caaa66[p=0,l=32768,c=32768,r=32768]={<<<<html><head><title>Large ...s ultrices enim. Curabi>>>}
[DEBUG] sendResponse info=null content=DirectByteBuffer@58caaa66[p=0,l=32768,c=32768,r=32768]={<<<<html><head><title>Large ...s ultrices enim. Curabi>>>} complete=false committing=true callback=Blocker@135fca70{null}
[DEBUG] COMMIT for /FileServlet/htmltests/large.html on HttpChannelOverHttp@f268a5a{s=HttpChannelState@2e8f904b{s=HANDLING rs=BLOCKING os=COMMITTED is=IDLE awp=false se=false i=true al=0},r=9,c=false/false,a=HANDLING,uri=//localhost:38858/FileServlet/htmltests/large.html,age=3}
200 null HTTP/1.1
Date: Mon, 20 Sep 2021 19:30:12 GMT
Content-Type: text/html


[DEBUG] generate: NEED_HEADER for SendCallback@2c1836a[PROCESSING][i=HTTP/1.1{s=200,h=2,cl=-1},cb=org.eclipse.jetty.server.HttpChannel$SendCallback@5caa027a] (null,[p=0,l=32768,c=32768,r=32768],false)@START
[DEBUG] generateHeaders HTTP/1.1{s=200,h=2,cl=-1} last=false content=DirectByteBuffer@58caaa66[p=0,l=32768,c=32768,r=32768]={<<<<html><head><title>Large ...s ultrices enim. Curabi>>>}
[DEBUG] Date: Mon, 20 Sep 2021 19:30:12 GMT
Content-Type: text/html


[DEBUG] CHUNKED_CONTENT
[DEBUG] generate: FLUSH for SendCallback@2c1836a[PROCESSING][i=HTTP/1.1{s=200,h=2,cl=-1},cb=org.eclipse.jetty.server.HttpChannel$SendCallback@5caa027a] ([p=0,l=148,c=8192,r=148],[p=0,l=32768,c=32768,r=32768],false)@COMMITTED
[DEBUG] write: WriteFlusher@653abf25{IDLE}->null [HeapByteBuffer@78a30358[p=0,l=148,c=8192,r=148]={<<<HTTP/1.1 200 OK\r\nDate: Mo...43.v20210629)\r\n\r\n8000\r\n>>>rome/79.0...\x00\x00\x00\x00\x00\x00\x00},DirectByteBuffer@58caaa66[p=0,l=32768,c=32768,r=32768]={<<<<html><head><title>Large ...s ultrices enim. Curabi>>>}]
[DEBUG] update WriteFlusher@653abf25{WRITING}->null:IDLE-->WRITING
[DEBUG] flushed 32916 SocketChannelEndPoint@122254ce{l=/127.0.0.1:38858,r=/127.0.0.1:42942,OPEN,fill=-,flush=W,to=19/30000}{io=0/0,kio=0,kro=1}->HttpConnection@3be4ecda[p=HttpParser{s=CONTENT,0 of -1},g=HttpGenerator@af7230{s=COMMITTED}]=>HttpChannelOverHttp@f268a5a{s=HttpChannelState@2e8f904b{s=HANDLING rs=BLOCKING os=COMMITTED is=IDLE awp=false se=false i=true al=0},r=9,c=false/false,a=HANDLING,uri=//localhost:38858/FileServlet/htmltests/large.html,age=10}
[DEBUG] Flushed=true written=32916 remaining=0 WriteFlusher@653abf25{WRITING}->null
[DEBUG] update WriteFlusher@653abf25{IDLE}->null:WRITING-->IDLE
[DEBUG] generate: DONE for SendCallback@2c1836a[PROCESSING][i=HTTP/1.1{s=200,h=2,cl=-1},cb=org.eclipse.jetty.server.HttpChannel$SendCallback@5caa027a] ([p=148,l=148,c=8192,r=0],[p=32768,l=32768,c=32768,r=0],false)@COMMITTED
[DEBUG] onWriteComplete(false,null) s=OPEN,api=BLOCKED,sc=false,e=null->s=OPEN,api=BLOCKING,sc=false,e=null c=null cb=null w=false
[DEBUG] write(array HeapByteBuffer@4d19b4c3[p=0,l=8192,c=8192,r=8192]={<<<tur sit amet mauris. Morb...s ligula lacinia alique>>>})
[DEBUG] write(array) s=OPEN,api=BLOCKING,sc=false,e=null aggregated !flush DirectByteBuffer@58caaa66[p=0,l=8192,c=32768,r=8192]={<<<tur sit amet mauris. Morb...s ligula lacinia alique>>>dunt male... Curabi}
[DEBUG] write(array HeapByteBuffer@504c167e[p=0,l=8192,c=8192,r=8192]={<<<t. Mauris ipsum. Nulla me...sectetuer risus et tort>>>})
[DEBUG] write(array) s=OPEN,api=BLOCKING,sc=false,e=null aggregated !flush DirectByteBuffer@58caaa66[p=0,l=16384,c=32768,r=16384]={<<<tur sit amet mauris. Morb...sectetuer risus et tort>>>imenaeos.... Curabi}
[DEBUG] write(array HeapByteBuffer@ad9dd65[p=0,l=8192,c=8192,r=8192]={<<<or. Lorem ipsum dolor sit... Donec lacus nunc, vive>>>})
[DEBUG] write(array) s=OPEN,api=BLOCKING,sc=false,e=null aggregated !flush DirectByteBuffer@58caaa66[p=0,l=24576,c=32768,r=24576]={<<<tur sit amet mauris. Morb... Donec lacus nunc, vive>>>us. Vivam... Curabi}
[DEBUG] write(array HeapByteBuffer@66cb796[p=0,l=8192,c=8192,r=8192]={<<<rra nec, blandit vel, ege... In scelerisque sem at >>>})
[DEBUG] write(array) s=OPEN,api=BLOCKED,sc=false,e=null last=false agg=true flush=true async=false, len=0 DirectByteBuffer@58caaa66[p=0,l=32768,c=32768,r=32768]={<<<tur sit amet mauris. Morb... In scelerisque sem at >>>}
[DEBUG] sendResponse info=null content=DirectByteBuffer@58caaa66[p=0,l=32768,c=32768,r=32768]={<<<tur sit amet mauris. Morb... In scelerisque sem at >>>} complete=false committing=false callback=Blocker@135fca70{null}
[DEBUG] generate: NEED_CHUNK for SendCallback@2c1836a[PROCESSING][i=null,cb=org.eclipse.jetty.server.HttpChannel$SendCallback@6d3a434] (null,[p=0,l=32768,c=32768,r=32768],false)@COMMITTED
[DEBUG] generate: FLUSH for SendCallback@2c1836a[PROCESSING][i=null,cb=org.eclipse.jetty.server.HttpChannel$SendCallback@6d3a434] (null,[p=0,l=32768,c=32768,r=32768],false)@COMMITTED
[DEBUG] write: WriteFlusher@653abf25{IDLE}->null [HeapByteBuffer@ed6005f[p=0,l=8,c=1024,r=8]={<<<\r\n8000\r\n>>>\x00\x00\x00\x00\x00\x00\x00\x00\x00...\x00\x00\x00\x00\x00\x00\x00},DirectByteBuffer@58caaa66[p=0,l=32768,c=32768,r=32768]={<<<tur sit amet mauris. Morb... In scelerisque sem at >>>}]
[DEBUG] update WriteFlusher@653abf25{WRITING}->null:IDLE-->WRITING
[DEBUG] flushed 32776 SocketChannelEndPoint@122254ce{l=/127.0.0.1:38858,r=/127.0.0.1:42942,OPEN,fill=-,flush=W,to=3/30000}{io=0/0,kio=0,kro=1}->HttpConnection@3be4ecda[p=HttpParser{s=CONTENT,0 of -1},g=HttpGenerator@af7230{s=COMMITTED}]=>HttpChannelOverHttp@f268a5a{s=HttpChannelState@2e8f904b{s=HANDLING rs=BLOCKING os=COMMITTED is=IDLE awp=false se=false i=true al=0},r=9,c=false/false,a=HANDLING,uri=//localhost:38858/FileServlet/htmltests/large.html,age=23}
[DEBUG] Flushed=true written=32776 remaining=0 WriteFlusher@653abf25{WRITING}->null
[DEBUG] update WriteFlusher@653abf25{IDLE}->null:WRITING-->IDLE
[DEBUG] generate: DONE for SendCallback@2c1836a[PROCESSING][i=null,cb=org.eclipse.jetty.server.HttpChannel$SendCallback@6d3a434] (null,[p=32768,l=32768,c=32768,r=0],false)@COMMITTED
[DEBUG] onWriteComplete(false,null) s=OPEN,api=BLOCKED,sc=false,e=null->s=OPEN,api=BLOCKING,sc=false,e=null c=null cb=null w=false
[DEBUG] write(array HeapByteBuffer@369cbd76[p=0,l=8192,c=8192,r=8192]={<<<dolor. Maecenas mattis. S...itor, cursus quis, aliq>>>})
[DEBUG] write(array) s=OPEN,api=BLOCKING,sc=false,e=null aggregated !flush DirectByteBuffer@58caaa66[p=0,l=8192,c=32768,r=8192]={<<<dolor. Maecenas mattis. S...itor, cursus quis, aliq>>>t. Mauris...sem at }
[DEBUG] write(array HeapByteBuffer@726a6c35[p=0,l=8192,c=8192,r=8192]={<<<uet eget, justo. Sed pret...m. Etiam ultrices. Susp>>>})
[DEBUG] write(array) s=OPEN,api=BLOCKING,sc=false,e=null aggregated !flush DirectByteBuffer@58caaa66[p=0,l=16384,c=32768,r=16384]={<<<dolor. Maecenas mattis. S...m. Etiam ultrices. Susp>>>or. Lorem...sem at }
[DEBUG] write(array HeapByteBuffer@11d9b5e9[p=0,l=8192,c=8192,r=8192]={<<<endisse in justo eu magna...cinia nunc. </p>\n\n<p>Cu>>>})
[DEBUG] write(array) s=OPEN,api=BLOCKING,sc=false,e=null aggregated !flush DirectByteBuffer@58caaa66[p=0,l=24576,c=32768,r=24576]={<<<dolor. Maecenas mattis. S...cinia nunc. </p>\n\n<p>Cu>>>rra nec, ...sem at }
[DEBUG] write(array HeapByteBuffer@ab041e2[p=0,l=8192,c=8192,r=8192]={<<<rabitur tortor. <i>Vestib... ac, ultricies eu, pede>>>})
[DEBUG] write(array) s=OPEN,api=BLOCKED,sc=false,e=null last=false agg=true flush=true async=false, len=0 DirectByteBuffer@58caaa66[p=0,l=32768,c=32768,r=32768]={<<<dolor. Maecenas mattis. S... ac, ultricies eu, pede>>>}
[DEBUG] sendResponse info=null content=DirectByteBuffer@58caaa66[p=0,l=32768,c=32768,r=32768]={<<<dolor. Maecenas mattis. S... ac, ultricies eu, pede>>>} complete=false committing=false callback=Blocker@135fca70{null}
[DEBUG] generate: NEED_CHUNK for SendCallback@2c1836a[PROCESSING][i=null,cb=org.eclipse.jetty.server.HttpChannel$SendCallback@59942acf] (null,[p=0,l=32768,c=32768,r=32768],false)@COMMITTED
[DEBUG] generate: FLUSH for SendCallback@2c1836a[PROCESSING][i=null,cb=org.eclipse.jetty.server.HttpChannel$SendCallback@59942acf] (null,[p=0,l=32768,c=32768,r=32768],false)@COMMITTED
[DEBUG] write: WriteFlusher@653abf25{IDLE}->null [HeapByteBuffer@e6dab5c[p=0,l=8,c=1024,r=8]={<<<\r\n8000\r\n>>>\x00\x00\x00\x00\x00\x00\x00\x00\x00...\x00\x00\x00\x00\x00\x00\x00},DirectByteBuffer@58caaa66[p=0,l=32768,c=32768,r=32768]={<<<dolor. Maecenas mattis. S... ac, ultricies eu, pede>>>}]
[DEBUG] update WriteFlusher@653abf25{WRITING}->null:IDLE-->WRITING
[DEBUG] flushed 32776 SocketChannelEndPoint@122254ce{l=/127.0.0.1:38858,r=/127.0.0.1:42942,OPEN,fill=-,flush=W,to=1/30000}{io=0/0,kio=0,kro=1}->HttpConnection@3be4ecda[p=HttpParser{s=CONTENT,0 of -1},g=HttpGenerator@af7230{s=COMMITTED}]=>HttpChannelOverHttp@f268a5a{s=HttpChannelState@2e8f904b{s=HANDLING rs=BLOCKING os=COMMITTED is=IDLE awp=false se=false i=true al=0},r=9,c=false/false,a=HANDLING,uri=//localhost:38858/FileServlet/htmltests/large.html,age=25}
[DEBUG] Flushed=true written=32776 remaining=0 WriteFlusher@653abf25{WRITING}->null
[DEBUG] update WriteFlusher@653abf25{IDLE}->null:WRITING-->IDLE
[DEBUG] generate: DONE for SendCallback@2c1836a[PROCESSING][i=null,cb=org.eclipse.jetty.server.HttpChannel$SendCallback@59942acf] (null,[p=32768,l=32768,c=32768,r=0],false)@COMMITTED
[DEBUG] onWriteComplete(false,null) s=OPEN,api=BLOCKED,sc=false,e=null->s=OPEN,api=BLOCKING,sc=false,e=null c=null cb=null w=false
[DEBUG] write(array HeapByteBuffer@78befe0c[p=0,l=8192,c=8192,r=8192]={<<<. <i>Praesent blandit dol...ae; Morbi lacinia moles>>>})
[DEBUG] write(array) s=OPEN,api=BLOCKING,sc=false,e=null aggregated !flush DirectByteBuffer@58caaa66[p=0,l=8192,c=32768,r=8192]={<<<. <i>Praesent blandit dol...ae; Morbi lacinia moles>>>uet eget,...u, pede}
[DEBUG] write(array HeapByteBuffer@24146a0f[p=0,l=8192,c=8192,r=8192]={<<<tie dui. <b>Ut fringilla<...cinia aliquet. <b>Pelle>>>})
[DEBUG] write(array) s=OPEN,api=BLOCKING,sc=false,e=null aggregated !flush DirectByteBuffer@58caaa66[p=0,l=16384,c=32768,r=16384]={<<<. <i>Praesent blandit dol...cinia aliquet. <b>Pelle>>>endisse i...u, pede}
[DEBUG] write(array HeapByteBuffer@2ca3803e[p=0,l=8192,c=8192,r=8192]={<<<ntesque nibh</b>. Mauris ...scipit sodales. Aenean >>>})
[DEBUG] write(array) s=OPEN,api=BLOCKING,sc=false,e=null aggregated !flush DirectByteBuffer@58caaa66[p=0,l=24576,c=32768,r=24576]={<<<. <i>Praesent blandit dol...scipit sodales. Aenean >>>rabitur t...u, pede}
[DEBUG] write(array HeapByteBuffer@54191537[p=0,l=8192,c=8192,r=8192]={<<<lectus elit, fermentum no... Sed lacinia, urna non >>>})
[DEBUG] write(array) s=OPEN,api=BLOCKED,sc=false,e=null last=false agg=true flush=true async=false, len=0 DirectByteBuffer@58caaa66[p=0,l=32768,c=32768,r=32768]={<<<. <i>Praesent blandit dol... Sed lacinia, urna non >>>}
[DEBUG] sendResponse info=null content=DirectByteBuffer@58caaa66[p=0,l=32768,c=32768,r=32768]={<<<. <i>Praesent blandit dol... Sed lacinia, urna non >>>} complete=false committing=false callback=Blocker@135fca70{null}
[DEBUG] generate: NEED_CHUNK for SendCallback@2c1836a[PROCESSING][i=null,cb=org.eclipse.jetty.server.HttpChannel$SendCallback@5b58cf26] (null,[p=0,l=32768,c=32768,r=32768],false)@COMMITTED
[DEBUG] generate: FLUSH for SendCallback@2c1836a[PROCESSING][i=null,cb=org.eclipse.jetty.server.HttpChannel$SendCallback@5b58cf26] (null,[p=0,l=32768,c=32768,r=32768],false)@COMMITTED
[DEBUG] write: WriteFlusher@653abf25{IDLE}->null [HeapByteBuffer@68278da5[p=0,l=8,c=1024,r=8]={<<<\r\n8000\r\n>>>\x00\x00\x00\x00\x00\x00\x00\x00\x00...\x00\x00\x00\x00\x00\x00\x00},DirectByteBuffer@58caaa66[p=0,l=32768,c=32768,r=32768]={<<<. <i>Praesent blandit dol... Sed lacinia, urna non >>>}]
[DEBUG] update WriteFlusher@653abf25{WRITING}->null:IDLE-->WRITING
[DEBUG] flushed 32776 SocketChannelEndPoint@122254ce{l=/127.0.0.1:38858,r=/127.0.0.1:42942,OPEN,fill=-,flush=W,to=1/30000}{io=0/0,kio=0,kro=1}->HttpConnection@3be4ecda[p=HttpParser{s=CONTENT,0 of -1},g=HttpGenerator@af7230{s=COMMITTED}]=>HttpChannelOverHttp@f268a5a{s=HttpChannelState@2e8f904b{s=HANDLING rs=BLOCKING os=COMMITTED is=IDLE awp=false se=false i=true al=0},r=9,c=false/false,a=HANDLING,uri=//localhost:38858/FileServlet/htmltests/large.html,age=27}
[DEBUG] Flushed=true written=32776 remaining=0 WriteFlusher@653abf25{WRITING}->null
[DEBUG] update WriteFlusher@653abf25{IDLE}->null:WRITING-->IDLE
[DEBUG] generate: DONE for SendCallback@2c1836a[PROCESSING][i=null,cb=org.eclipse.jetty.server.HttpChannel$SendCallback@5b58cf26] (null,[p=32768,l=32768,c=32768,r=0],false)@COMMITTED
[DEBUG] onWriteComplete(false,null) s=OPEN,api=BLOCKED,sc=false,e=null->s=OPEN,api=BLOCKING,sc=false,e=null c=null cb=null w=false
[DEBUG] write(array HeapByteBuffer@5c9b9250[p=0,l=8192,c=8192,r=8192]={<<<tincidunt mattis, tortor ...si. Nulla quis sem at n>>>})
[DEBUG] write(array) s=OPEN,api=BLOCKING,sc=false,e=null aggregated !flush DirectByteBuffer@58caaa66[p=0,l=8192,c=32768,r=8192]={<<<tincidunt mattis, tortor ...si. Nulla quis sem at n>>>tie dui. ...na non }
[DEBUG] write(array HeapByteBuffer@6c095b8d[p=0,l=8192,c=8192,r=8192]={<<<ibh elementum imperdiet. ...orbi in dui quis est pu>>>})
[DEBUG] write(array) s=OPEN,api=BLOCKING,sc=false,e=null aggregated !flush DirectByteBuffer@58caaa66[p=0,l=16384,c=32768,r=16384]={<<<tincidunt mattis, tortor ...orbi in dui quis est pu>>>ntesque n...na non }
[DEBUG] write(array HeapByteBuffer@70255b96[p=0,l=8192,c=8192,r=8192]={<<<lvinar ullamcorper. Nulla...tetur adipiscing elit</>>>})
[DEBUG] write(array) s=OPEN,api=BLOCKING,sc=false,e=null aggregated !flush DirectByteBuffer@58caaa66[p=0,l=24576,c=32768,r=24576]={<<<tincidunt mattis, tortor ...tetur adipiscing elit</>>>lectus el...na non }
[DEBUG] write(array HeapByteBuffer@6d998b4b[p=0,l=8192,c=8192,r=8192]={<<<i>. Mauris ipsum. <b>Pell...aliquet eget, justo. </>>>})
[DEBUG] write(array) s=OPEN,api=BLOCKED,sc=false,e=null last=false agg=true flush=true async=false, len=0 DirectByteBuffer@58caaa66[p=0,l=32768,c=32768,r=32768]={<<<tincidunt mattis, tortor ...aliquet eget, justo. </>>>}
[DEBUG] sendResponse info=null content=DirectByteBuffer@58caaa66[p=0,l=32768,c=32768,r=32768]={<<<tincidunt mattis, tortor ...aliquet eget, justo. </>>>} complete=false committing=false callback=Blocker@135fca70{null}
[DEBUG] generate: NEED_CHUNK for SendCallback@2c1836a[PROCESSING][i=null,cb=org.eclipse.jetty.server.HttpChannel$SendCallback@6d908dba] (null,[p=0,l=32768,c=32768,r=32768],false)@COMMITTED
[DEBUG] generate: FLUSH for SendCallback@2c1836a[PROCESSING][i=null,cb=org.eclipse.jetty.server.HttpChannel$SendCallback@6d908dba] (null,[p=0,l=32768,c=32768,r=32768],false)@COMMITTED
[DEBUG] write: WriteFlusher@653abf25{IDLE}->null [HeapByteBuffer@690742bb[p=0,l=8,c=1024,r=8]={<<<\r\n8000\r\n>>>\x00\x00\x00\x00\x00\x00\x00\x00\x00...\x00\x00\x00\x00\x00\x00\x00},DirectByteBuffer@58caaa66[p=0,l=32768,c=32768,r=32768]={<<<tincidunt mattis, tortor ...aliquet eget, justo. </>>>}]
[DEBUG] update WriteFlusher@653abf25{WRITING}->null:IDLE-->WRITING
[DEBUG] flushed 32776 SocketChannelEndPoint@122254ce{l=/127.0.0.1:38858,r=/127.0.0.1:42942,OPEN,fill=-,flush=W,to=5/30000}{io=0/0,kio=0,kro=1}->HttpConnection@3be4ecda[p=HttpParser{s=CONTENT,0 of -1},g=HttpGenerator@af7230{s=COMMITTED}]=>HttpChannelOverHttp@f268a5a{s=HttpChannelState@2e8f904b{s=HANDLING rs=BLOCKING os=COMMITTED is=IDLE awp=false se=false i=true al=0},r=9,c=false/false,a=HANDLING,uri=//localhost:38858/FileServlet/htmltests/large.html,age=32}
[DEBUG] Flushed=true written=32776 remaining=0 WriteFlusher@653abf25{WRITING}->null
[DEBUG] update WriteFlusher@653abf25{IDLE}->null:WRITING-->IDLE
[DEBUG] generate: DONE for SendCallback@2c1836a[PROCESSING][i=null,cb=org.eclipse.jetty.server.HttpChannel$SendCallback@6d908dba] (null,[p=32768,l=32768,c=32768,r=0],false)@COMMITTED
[DEBUG] onWriteComplete(false,null) s=OPEN,api=BLOCKED,sc=false,e=null->s=OPEN,api=BLOCKING,sc=false,e=null c=null cb=null w=false
[DEBUG] write(array HeapByteBuffer@4be376b6[p=0,l=8192,c=8192,r=8192]={<<<p>\n\n<p>Sed pretium blandi...ulum sapien. Proin quam>>>})
[DEBUG] write(array) s=OPEN,api=BLOCKING,sc=false,e=null aggregated !flush DirectByteBuffer@58caaa66[p=0,l=8192,c=32768,r=8192]={<<<p>\n\n<p>Sed pretium blandi...ulum sapien. Proin quam>>>ibh eleme...sto. </}
[DEBUG] write(array HeapByteBuffer@11406db7[p=0,l=8192,c=8192,r=8192]={<<<. Etiam ultrices. Suspend...er conubia nostra, per >>>})
[DEBUG] write(array) s=OPEN,api=BLOCKING,sc=false,e=null aggregated !flush DirectByteBuffer@58caaa66[p=0,l=16384,c=32768,r=16384]={<<<p>\n\n<p>Sed pretium blandi...er conubia nostra, per >>>lvinar ul...sto. </}
[DEBUG] write(array HeapByteBuffer@30a27f07[p=0,l=8192,c=8192,r=8192]={<<<inceptos himenaeos. </p>\n...>. Integer id quam. Mor>>>})
[DEBUG] write(array) s=OPEN,api=BLOCKING,sc=false,e=null aggregated !flush DirectByteBuffer@58caaa66[p=0,l=24576,c=32768,r=24576]={<<<p>\n\n<p>Sed pretium blandi...>. Integer id quam. Mor>>>i>. Mauri...sto. </}
[DEBUG] write(array HeapByteBuffer@5936d9f4[p=0,l=8192,c=8192,r=8192]={<<<bi mi. Quisque nisl felis...imperdiet. </p>\n\n<p>Ves>>>})
[DEBUG] write(array) s=OPEN,api=BLOCKED,sc=false,e=null last=false agg=true flush=true async=false, len=0 DirectByteBuffer@58caaa66[p=0,l=32768,c=32768,r=32768]={<<<p>\n\n<p>Sed pretium blandi...imperdiet. </p>\n\n<p>Ves>>>}
[DEBUG] sendResponse info=null content=DirectByteBuffer@58caaa66[p=0,l=32768,c=32768,r=32768]={<<<p>\n\n<p>Sed pretium blandi...imperdiet. </p>\n\n<p>Ves>>>} complete=false committing=false callback=Blocker@135fca70{null}
[DEBUG] generate: NEED_CHUNK for SendCallback@2c1836a[PROCESSING][i=null,cb=org.eclipse.jetty.server.HttpChannel$SendCallback@93042a2] (null,[p=0,l=32768,c=32768,r=32768],false)@COMMITTED
[DEBUG] generate: FLUSH for SendCallback@2c1836a[PROCESSING][i=null,cb=org.eclipse.jetty.server.HttpChannel$SendCallback@93042a2] (null,[p=0,l=32768,c=32768,r=32768],false)@COMMITTED
[DEBUG] write: WriteFlusher@653abf25{IDLE}->null [HeapByteBuffer@ed6005f[p=0,l=8,c=1024,r=8]={<<<\r\n8000\r\n>>>\x00\x00\x00\x00\x00\x00\x00\x00\x00...\x00\x00\x00\x00\x00\x00\x00},DirectByteBuffer@58caaa66[p=0,l=32768,c=32768,r=32768]={<<<p>\n\n<p>Sed pretium blandi...imperdiet. </p>\n\n<p>Ves>>>}]
[DEBUG] update WriteFlusher@653abf25{WRITING}->null:IDLE-->WRITING
[DEBUG] flushed 32776 SocketChannelEndPoint@122254ce{l=/127.0.0.1:38858,r=/127.0.0.1:42942,OPEN,fill=-,flush=W,to=1/30000}{io=0/0,kio=0,kro=1}->HttpConnection@3be4ecda[p=HttpParser{s=CONTENT,0 of -1},g=HttpGenerator@af7230{s=COMMITTED}]=>HttpChannelOverHttp@f268a5a{s=HttpChannelState@2e8f904b{s=HANDLING rs=BLOCKING os=COMMITTED is=IDLE awp=false se=false i=true al=0},r=9,c=false/false,a=HANDLING,uri=//localhost:38858/FileServlet/htmltests/large.html,age=34}
[DEBUG] Flushed=true written=32776 remaining=0 WriteFlusher@653abf25{WRITING}->null
[DEBUG] update WriteFlusher@653abf25{IDLE}->null:WRITING-->IDLE
[DEBUG] generate: DONE for SendCallback@2c1836a[PROCESSING][i=null,cb=org.eclipse.jetty.server.HttpChannel$SendCallback@93042a2] (null,[p=32768,l=32768,c=32768,r=0],false)@COMMITTED
[DEBUG] onWriteComplete(false,null) s=OPEN,api=BLOCKED,sc=false,e=null->s=OPEN,api=BLOCKING,sc=false,e=null c=null cb=null w=false
[DEBUG] write(array HeapByteBuffer@1b0fbbe6[p=0,l=8192,c=8192,r=8192]={<<<tibulum sapien. <b>Morbi ...torquent per conubia no>>>})
[DEBUG] write(array) s=OPEN,api=BLOCKING,sc=false,e=null aggregated !flush DirectByteBuffer@58caaa66[p=0,l=8192,c=32768,r=8192]={<<<tibulum sapien. <b>Morbi ...torquent per conubia no>>>. Etiam u...\n<p>Ves}
[DEBUG] write(array HeapByteBuffer@3876a5c7[p=0,l=8192,c=8192,r=8192]={<<<stra, per inceptos himena...a</i>. Vestibulum nisi >>>})
[DEBUG] write(array) s=OPEN,api=BLOCKING,sc=false,e=null aggregated !flush DirectByteBuffer@58caaa66[p=0,l=16384,c=32768,r=16384]={<<<tibulum sapien. <b>Morbi ...a</i>. Vestibulum nisi >>>inceptos ...\n<p>Ves}
[DEBUG] write(array HeapByteBuffer@57602244[p=0,l=8192,c=8192,r=8192]={<<<lectus, commodo ac, facil.../b>. Sed lectus. Intege>>>})
[DEBUG] write(array) s=OPEN,api=BLOCKING,sc=false,e=null aggregated !flush DirectByteBuffer@58caaa66[p=0,l=24576,c=32768,r=24576]={<<<tibulum sapien. <b>Morbi .../b>. Sed lectus. Intege>>>bi mi. Qu...\n<p>Ves}
[DEBUG] write(array HeapByteBuffer@5cce4f58[p=0,l=8192,c=8192,r=8192]={<<<r euismod lacus luctus ma...ur sodales ligula in li>>>})
[DEBUG] write(array) s=OPEN,api=BLOCKED,sc=false,e=null last=false agg=true flush=true async=false, len=0 DirectByteBuffer@58caaa66[p=0,l=32768,c=32768,r=32768]={<<<tibulum sapien. <b>Morbi ...ur sodales ligula in li>>>}
[DEBUG] sendResponse info=null content=DirectByteBuffer@58caaa66[p=0,l=32768,c=32768,r=32768]={<<<tibulum sapien. <b>Morbi ...ur sodales ligula in li>>>} complete=false committing=false callback=Blocker@135fca70{null}
[DEBUG] generate: NEED_CHUNK for SendCallback@2c1836a[PROCESSING][i=null,cb=org.eclipse.jetty.server.HttpChannel$SendCallback@3a781fac] (null,[p=0,l=32768,c=32768,r=32768],false)@COMMITTED
[DEBUG] generate: FLUSH for SendCallback@2c1836a[PROCESSING][i=null,cb=org.eclipse.jetty.server.HttpChannel$SendCallback@3a781fac] (null,[p=0,l=32768,c=32768,r=32768],false)@COMMITTED
[DEBUG] write: WriteFlusher@653abf25{IDLE}->null [HeapByteBuffer@e6dab5c[p=0,l=8,c=1024,r=8]={<<<\r\n8000\r\n>>>\x00\x00\x00\x00\x00\x00\x00\x00\x00...\x00\x00\x00\x00\x00\x00\x00},DirectByteBuffer@58caaa66[p=0,l=32768,c=32768,r=32768]={<<<tibulum sapien. <b>Morbi ...ur sodales ligula in li>>>}]
[DEBUG] update WriteFlusher@653abf25{WRITING}->null:IDLE-->WRITING
[DEBUG] flushed 32776 SocketChannelEndPoint@122254ce{l=/127.0.0.1:38858,r=/127.0.0.1:42942,OPEN,fill=-,flush=W,to=1/30000}{io=0/0,kio=0,kro=1}->HttpConnection@3be4ecda[p=HttpParser{s=CONTENT,0 of -1},g=HttpGenerator@af7230{s=COMMITTED}]=>HttpChannelOverHttp@f268a5a{s=HttpChannelState@2e8f904b{s=HANDLING rs=BLOCKING os=COMMITTED is=IDLE awp=false se=false i=true al=0},r=9,c=false/false,a=HANDLING,uri=//localhost:38858/FileServlet/htmltests/large.html,age=35}
[DEBUG] Flushed=true written=32776 remaining=0 WriteFlusher@653abf25{WRITING}->null
[DEBUG] update WriteFlusher@653abf25{IDLE}->null:WRITING-->IDLE
[DEBUG] generate: DONE for SendCallback@2c1836a[PROCESSING][i=null,cb=org.eclipse.jetty.server.HttpChannel$SendCallback@3a781fac] (null,[p=32768,l=32768,c=32768,r=0],false)@COMMITTED
[DEBUG] onWriteComplete(false,null) s=OPEN,api=BLOCKED,sc=false,e=null->s=OPEN,api=BLOCKING,sc=false,e=null c=null cb=null w=false
[DEBUG] write(array HeapByteBuffer@37adddb9[p=0,l=8192,c=8192,r=8192]={<<<bero. Sed dignissim lacin..., iaculis et, viverra v>>>})
[DEBUG] write(array) s=OPEN,api=BLOCKING,sc=false,e=null aggregated !flush DirectByteBuffer@58caaa66[p=0,l=8192,c=32768,r=8192]={<<<bero. Sed dignissim lacin..., iaculis et, viverra v>>>stra, per...a in li}
[DEBUG] write(array HeapByteBuffer@6109bb0a[p=0,l=8192,c=8192,r=8192]={<<<itae, ligula. <i>Integer ...bulum ante ipsum primis>>>})
[DEBUG] write(array) s=OPEN,api=BLOCKING,sc=false,e=null aggregated !flush DirectByteBuffer@58caaa66[p=0,l=16384,c=32768,r=16384]={<<<bero. Sed dignissim lacin...bulum ante ipsum primis>>>lectus, c...a in li}
[DEBUG] write(array HeapByteBuffer@4f938cfc[p=0,l=8192,c=8192,r=8192]={<<< in faucibus orci luctus ...auris. Fusce nec tellus>>>})
[DEBUG] write(array) s=OPEN,api=BLOCKING,sc=false,e=null aggregated !flush DirectByteBuffer@58caaa66[p=0,l=24576,c=32768,r=24576]={<<<bero. Sed dignissim lacin...auris. Fusce nec tellus>>>r euismod...a in li}
[DEBUG] write(array HeapByteBuffer@35ec7fdd[p=0,l=8192,c=8192,r=8192]={<<< sed augue semper porta. ...ces sit amet, augue. Pr>>>})
[DEBUG] write(array) s=OPEN,api=BLOCKED,sc=false,e=null last=false agg=true flush=true async=false, len=0 DirectByteBuffer@58caaa66[p=0,l=32768,c=32768,r=32768]={<<<bero. Sed dignissim lacin...ces sit amet, augue. Pr>>>}
[DEBUG] sendResponse info=null content=DirectByteBuffer@58caaa66[p=0,l=32768,c=32768,r=32768]={<<<bero. Sed dignissim lacin...ces sit amet, augue. Pr>>>} complete=false committing=false callback=Blocker@135fca70{null}
[DEBUG] generate: NEED_CHUNK for SendCallback@2c1836a[PROCESSING][i=null,cb=org.eclipse.jetty.server.HttpChannel$SendCallback@6c753ccc] (null,[p=0,l=32768,c=32768,r=32768],false)@COMMITTED
[DEBUG] generate: FLUSH for SendCallback@2c1836a[PROCESSING][i=null,cb=org.eclipse.jetty.server.HttpChannel$SendCallback@6c753ccc] (null,[p=0,l=32768,c=32768,r=32768],false)@COMMITTED
[DEBUG] write: WriteFlusher@653abf25{IDLE}->null [HeapByteBuffer@68278da5[p=0,l=8,c=1024,r=8]={<<<\r\n8000\r\n>>>\x00\x00\x00\x00\x00\x00\x00\x00\x00...\x00\x00\x00\x00\x00\x00\x00},DirectByteBuffer@58caaa66[p=0,l=32768,c=32768,r=32768]={<<<bero. Sed dignissim lacin...ces sit amet, augue. Pr>>>}]
[DEBUG] update WriteFlusher@653abf25{WRITING}->null:IDLE-->WRITING
[DEBUG] flushed 32776 SocketChannelEndPoint@122254ce{l=/127.0.0.1:38858,r=/127.0.0.1:42942,OPEN,fill=-,flush=W,to=1/30000}{io=0/0,kio=0,kro=1}->HttpConnection@3be4ecda[p=HttpParser{s=CONTENT,0 of -1},g=HttpGenerator@af7230{s=COMMITTED}]=>HttpChannelOverHttp@f268a5a{s=HttpChannelState@2e8f904b{s=HANDLING rs=BLOCKING os=COMMITTED is=IDLE awp=false se=false i=true al=0},r=9,c=false/false,a=HANDLING,uri=//localhost:38858/FileServlet/htmltests/large.html,age=37}
[DEBUG] Flushed=true written=32776 remaining=0 WriteFlusher@653abf25{WRITING}->null
[DEBUG] update WriteFlusher@653abf25{IDLE}->null:WRITING-->IDLE
[DEBUG] generate: DONE for SendCallback@2c1836a[PROCESSING][i=null,cb=org.eclipse.jetty.server.HttpChannel$SendCallback@6c753ccc] (null,[p=32768,l=32768,c=32768,r=0],false)@COMMITTED
[DEBUG] onWriteComplete(false,null) s=OPEN,api=BLOCKED,sc=false,e=null->s=OPEN,api=BLOCKING,sc=false,e=null c=null cb=null w=false
[DEBUG] write(array HeapByteBuffer@40880ba3[p=0,l=8192,c=8192,r=8192]={<<<oin sodales libero eget a...uismod lacus luctus mag>>>})
[DEBUG] write(array) s=OPEN,api=BLOCKING,sc=false,e=null aggregated !flush DirectByteBuffer@58caaa66[p=0,l=8192,c=32768,r=8192]={<<<oin sodales libero eget a...uismod lacus luctus mag>>>itae, lig...gue. Pr}
[DEBUG] write(array HeapByteBuffer@13af9b22[p=0,l=8192,c=8192,r=8192]={<<<na. Quisque cursus, metus...lass aptent taciti soci>>>})
[DEBUG] write(array) s=OPEN,api=BLOCKING,sc=false,e=null aggregated !flush DirectByteBuffer@58caaa66[p=0,l=16384,c=32768,r=16384]={<<<oin sodales libero eget a...lass aptent taciti soci>>> in fauci...gue. Pr}
[DEBUG] write(array HeapByteBuffer@456b0c1d[p=0,l=2207,c=8192,r=2207]={<<<osqu ad litora torquent p.... </p>\n\n</body></html>\n>>>nia nunc....ti soci})
[DEBUG] write(array) s=OPEN,api=BLOCKING,sc=false,e=null aggregated !flush DirectByteBuffer@58caaa66[p=0,l=18591,c=32768,r=18591]={<<<oin sodales libero eget a.... </p>\n\n</body></html>\n>>>erisque s...gue. Pr}
[DEBUG] sendResponse info=null content=DirectByteBuffer@58caaa66[p=0,l=18591,c=32768,r=18591]={<<<oin sodales libero eget a.... </p>\n\n</body></html>\n>>>erisque s...gue. Pr} complete=false committing=false callback=Blocker@135fca70{null}
[DEBUG] generate: NEED_CHUNK for SendCallback@2c1836a[PROCESSING][i=null,cb=org.eclipse.jetty.server.HttpChannel$SendCallback@3dcb20] (null,[p=0,l=18591,c=32768,r=18591],false)@COMMITTED
[DEBUG] generate: FLUSH for SendCallback@2c1836a[PROCESSING][i=null,cb=org.eclipse.jetty.server.HttpChannel$SendCallback@3dcb20] (null,[p=0,l=18591,c=32768,r=18591],false)@COMMITTED
[DEBUG] write: WriteFlusher@653abf25{IDLE}->null [HeapByteBuffer@690742bb[p=0,l=8,c=1024,r=8]={<<<\r\n489F\r\n>>>\x00\x00\x00\x00\x00\x00\x00\x00\x00...\x00\x00\x00\x00\x00\x00\x00},DirectByteBuffer@58caaa66[p=0,l=18591,c=32768,r=18591]={<<<oin sodales libero eget a.... </p>\n\n</body></html>\n>>>erisque s...gue. Pr}]
[DEBUG] update WriteFlusher@653abf25{WRITING}->null:IDLE-->WRITING
[DEBUG] flushed 18599 SocketChannelEndPoint@122254ce{l=/127.0.0.1:38858,r=/127.0.0.1:42942,OPEN,fill=-,flush=W,to=1/30000}{io=0/0,kio=0,kro=1}->HttpConnection@3be4ecda[p=HttpParser{s=CONTENT,0 of -1},g=HttpGenerator@af7230{s=COMMITTED}]=>HttpChannelOverHttp@f268a5a{s=HttpChannelState@2e8f904b{s=HANDLING rs=BLOCKING os=COMMITTED is=IDLE awp=false se=false i=true al=0},r=9,c=false/false,a=HANDLING,uri=//localhost:38858/FileServlet/htmltests/large.html,age=39}
[DEBUG] Flushed=true written=18599 remaining=0 WriteFlusher@653abf25{WRITING}->null
[DEBUG] update WriteFlusher@653abf25{IDLE}->null:WRITING-->IDLE
[DEBUG] generate: DONE for SendCallback@2c1836a[PROCESSING][i=null,cb=org.eclipse.jetty.server.HttpChannel$SendCallback@3dcb20] (null,[p=18591,l=18591,c=32768,r=0],false)@COMMITTED
[DEBUG] onWriteComplete(false,null) s=OPEN,api=BLOCKED,sc=false,e=null->s=OPEN,api=BLOCKING,sc=false,e=null c=null cb=null w=false
[DEBUG] handled=true async=false committed=true on HttpChannelOverHttp@f268a5a{s=HttpChannelState@2e8f904b{s=HANDLING rs=BLOCKING os=COMMITTED is=IDLE awp=false se=false i=true al=0},r=9,c=false/false,a=HANDLING,uri=//localhost:38858/FileServlet/htmltests/large.html,age=39}
[DEBUG] unhandle HttpChannelState@2e8f904b{s=HANDLING rs=BLOCKING os=COMMITTED is=IDLE awp=false se=false i=true al=0}
[DEBUG] nextAction(false) COMPLETE HttpChannelState@2e8f904b{s=HANDLING rs=COMPLETING os=COMMITTED is=IDLE awp=false se=false i=false al=0}
[DEBUG] action COMPLETE HttpChannelOverHttp@f268a5a{s=HttpChannelState@2e8f904b{s=HANDLING rs=COMPLETING os=COMMITTED is=IDLE awp=false se=false i=false al=0},r=9,c=false/false,a=HANDLING,uri=//localhost:38858/FileServlet/htmltests/large.html,age=48}
[DEBUG] complete(org.eclipse.jetty.util.Callback$3@e81d97) s=CLOSING,api=BLOCKED,sc=false,e=null s=false e=null, c=HeapByteBuffer@11848662[p=0,l=0,c=0,r=0]={<<<>>>}
[DEBUG] sendResponse info=null content=HeapByteBuffer@11848662[p=0,l=0,c=0,r=0]={<<<>>>} complete=true committing=false callback=org.eclipse.jetty.server.HttpOutput$WriteCompleteCB@6f71f023
[DEBUG] generate: CONTINUE for SendCallback@2c1836a[PROCESSING][i=null,cb=org.eclipse.jetty.server.HttpChannel$SendCallback@72671234] (null,[p=0,l=0,c=0,r=0],true)@COMPLETING
[DEBUG] generate: NEED_CHUNK for SendCallback@2c1836a[PROCESSING][i=null,cb=org.eclipse.jetty.server.HttpChannel$SendCallback@72671234] (null,[p=0,l=0,c=0,r=0],true)@COMPLETING
[DEBUG] generate: FLUSH for SendCallback@2c1836a[PROCESSING][i=null,cb=org.eclipse.jetty.server.HttpChannel$SendCallback@72671234] (null,[p=0,l=0,c=0,r=0],true)@COMPLETING
[DEBUG] write: WriteFlusher@653abf25{IDLE}->null [HeapByteBuffer@ed6005f[p=0,l=7,c=1024,r=7]={<<<\r\n0\r\n\r\n>>>\n\x00\x00\x00\x00\x00\x00\x00\x00...\x00\x00\x00\x00\x00\x00\x00}]
[DEBUG] update WriteFlusher@653abf25{WRITING}->null:IDLE-->WRITING
[DEBUG] flushed 7 SocketChannelEndPoint@122254ce{l=/127.0.0.1:38858,r=/127.0.0.1:42942,OPEN,fill=-,flush=W,to=10/30000}{io=0/0,kio=0,kro=1}->HttpConnection@3be4ecda[p=HttpParser{s=CONTENT,0 of -1},g=HttpGenerator@af7230{s=COMPLETING}]=>HttpChannelOverHttp@f268a5a{s=HttpChannelState@2e8f904b{s=HANDLING rs=COMPLETING os=COMMITTED is=IDLE awp=false se=false i=false al=0},r=9,c=false/false,a=HANDLING,uri=//localhost:38858/FileServlet/htmltests/large.html,age=49}
[DEBUG] Flushed=true written=7 remaining=0 WriteFlusher@653abf25{WRITING}->null
[DEBUG] update WriteFlusher@653abf25{IDLE}->null:WRITING-->IDLE
[DEBUG] generate: DONE for SendCallback@2c1836a[PROCESSING][i=null,cb=org.eclipse.jetty.server.HttpChannel$SendCallback@72671234] (null,[p=0,l=0,c=0,r=0],true)@END
[DEBUG] onWriteComplete(true,null) s=CLOSING,api=BLOCKED,sc=false,e=null->s=CLOSED,api=BLOCKING,sc=false,e=null c=null cb=org.eclipse.jetty.util.Callback$3@e81d97 w=false
[DEBUG] completed HttpChannelState@2e8f904b{s=HANDLING rs=COMPLETING os=COMPLETED is=IDLE awp=false se=false i=false al=0}
[DEBUG] unhandle HttpChannelState@2e8f904b{s=HANDLING rs=COMPLETED os=COMPLETED is=IDLE awp=false se=false i=false al=0}
[DEBUG] nextAction(false) TERMINATED HttpChannelState@2e8f904b{s=IDLE rs=COMPLETED os=COMPLETED is=IDLE awp=false se=false i=false al=0}
[DEBUG] action TERMINATED HttpChannelOverHttp@f268a5a{s=HttpChannelState@2e8f904b{s=IDLE rs=COMPLETED os=COMPLETED is=IDLE awp=false se=false i=false al=0},r=9,c=true/true,a=IDLE,uri=//localhost:38858/FileServlet/htmltests/large.html,age=49}
[DEBUG] onCompleted for /FileServlet/htmltests/large.html written=280735
[DEBUG] filled 311 HeapByteBuffer@41e05b38[p=0,l=311,c=8192,r=311]={<<<GET /FileServlet/htmltest...nection: keep-alive\r\n\r\n>>>\r\n-alive\r...\x00\x00\x00\x00\x00\x00\x00}
[DEBUG] HttpConnection@3be4ecda::SocketChannelEndPoint@122254ce{l=/127.0.0.1:38858,r=/127.0.0.1:42942,OPEN,fill=-,flush=-,to=0/30000}{io=0/0,kio=0,kro=1}->HttpConnection@3be4ecda[p=HttpParser{s=CONTENT,0 of -1},g=HttpGenerator@af7230{s=END}]=>HttpChannelOverHttp@f268a5a{s=HttpChannelState@2e8f904b{s=IDLE rs=COMPLETED os=COMPLETED is=IDLE awp=false se=false i=false al=0},r=9,c=true/true,a=IDLE,uri=//localhost:38858/FileServlet/htmltests/large.html,age=49} filled 311 HeapByteBuffer@41e05b38[p=0,l=311,c=8192,r=311]={<<<GET /FileServlet/htmltest...nection: keep-alive\r\n\r\n>>>\r\n-alive\r...\x00\x00\x00\x00\x00\x00\x00}
[DEBUG] HttpConnection@3be4ecda::SocketChannelEndPoint@122254ce{l=/127.0.0.1:38858,r=/127.0.0.1:42942,OPEN,fill=-,flush=-,to=0/30000}{io=0/0,kio=0,kro=1}->HttpConnection@3be4ecda[p=HttpParser{s=CONTENT,0 of -1},g=HttpGenerator@af7230{s=END}]=>HttpChannelOverHttp@f268a5a{s=HttpChannelState@2e8f904b{s=IDLE rs=COMPLETED os=COMPLETED is=IDLE awp=false se=false i=false al=0},r=9,c=true/true,a=IDLE,uri=//localhost:38858/FileServlet/htmltests/large.html,age=49} parse HeapByteBuffer@41e05b38[p=0,l=311,c=8192,r=311]={<<<GET /FileServlet/htmltest...nection: keep-alive\r\n\r\n>>>\r\n-alive\r...\x00\x00\x00\x00\x00\x00\x00} {}
[DEBUG] parseNext s=CONTENT HeapByteBuffer@41e05b38[p=0,l=311,c=8192,r=311]={<<<GET /FileServlet/htmltest...nection: keep-alive\r\n\r\n>>>\r\n-alive\r...\x00\x00\x00\x00\x00\x00\x00}
[DEBUG] CONTENT --> CONTENT_END
[DEBUG] onContentComplete HttpChannelOverHttp@f268a5a{s=HttpChannelState@2e8f904b{s=IDLE rs=COMPLETED os=COMPLETED is=IDLE awp=false se=false i=false al=0},r=9,c=true/true,a=IDLE,uri=//localhost:38858/FileServlet/htmltests/large.html,age=50}
[DEBUG] CONTENT_END --> END
[DEBUG] onRequestComplete HttpChannelOverHttp@f268a5a{s=HttpChannelState@2e8f904b{s=IDLE rs=COMPLETED os=COMPLETED is=IDLE awp=false se=false i=false al=0},r=9,c=true/true,a=IDLE,uri=//localhost:38858/FileServlet/htmltests/large.html,age=50}
[DEBUG] HttpInputOverHTTP@5e34fa8b[c=0,q=0,[0]=null,s=STREAM] addContent EOF
[DEBUG] HttpConnection@3be4ecda::SocketChannelEndPoint@122254ce{l=/127.0.0.1:38858,r=/127.0.0.1:42942,OPEN,fill=-,flush=-,to=0/30000}{io=0/0,kio=0,kro=1}->HttpConnection@3be4ecda[p=HttpParser{s=END,0 of -1},g=HttpGenerator@af7230{s=END}]=>HttpChannelOverHttp@f268a5a{s=HttpChannelState@2e8f904b{s=IDLE rs=COMPLETED os=COMPLETED is=IDLE awp=false se=false i=false al=0},r=9,c=true/true,a=IDLE,uri=//localhost:38858/FileServlet/htmltests/large.html,age=50} parsed false HttpParser{s=END,0 of -1}
[DEBUG] recycle HttpChannelState@2e8f904b{s=IDLE rs=COMPLETED os=COMPLETED is=IDLE awp=false se=false i=false al=0}
[DEBUG] reset HttpParser{s=END,0 of -1}
[DEBUG] END --> START
[DEBUG] !handle TERMINATED HttpChannelOverHttp@f268a5a{s=HttpChannelState@2e8f904b{s=IDLE rs=BLOCKING os=OPEN is=IDLE awp=false se=false i=true al=0},r=9,c=false/false,a=IDLE,uri=null,age=0}
[DEBUG] HttpConnection@3be4ecda::SocketChannelEndPoint@122254ce{l=/127.0.0.1:38858,r=/127.0.0.1:42942,OPEN,fill=-,flush=-,to=5/30000}{io=0/0,kio=0,kro=1}->HttpConnection@3be4ecda[p=HttpParser{s=START,0 of -1},g=HttpGenerator@af7230{s=START}]=>HttpChannelOverHttp@f268a5a{s=HttpChannelState@2e8f904b{s=IDLE rs=BLOCKING os=OPEN is=IDLE awp=false se=false i=true al=0},r=9,c=false/false,a=IDLE,uri=null,age=0} parse HeapByteBuffer@41e05b38[p=0,l=311,c=8192,r=311]={<<<GET /FileServlet/htmltest...nection: keep-alive\r\n\r\n>>>\r\n-alive\r...\x00\x00\x00\x00\x00\x00\x00} {}
[DEBUG] parseNext s=START HeapByteBuffer@41e05b38[p=0,l=311,c=8192,r=311]={<<<GET /FileServlet/htmltest...nection: keep-alive\r\n\r\n>>>\r\n-alive\r...\x00\x00\x00\x00\x00\x00\x00}
[DEBUG] START --> SPACE1
[DEBUG] SPACE1 --> URI
[DEBUG] URI --> SPACE2
[DEBUG] SPACE2 --> REQUEST_VERSION
[DEBUG] REQUEST_VERSION --> HEADER
[DEBUG] HEADER:Accept-Encoding: gzip --> IN_VALUE
[DEBUG] HEADER:Accept-Encoding: gzip --> FIELD
[DEBUG] HEADER:User-Agent: Mozilla/5.0 (Windows NT 10.0; Win64; x64) AppleWebKit/537.36 (KHTML, like Gecko) Chrome/79.0.3945.130 Safari/537.36 --> IN_VALUE
[DEBUG] HEADER:User-Agent: Mozilla/5.0 (Windows NT 10.0; Win64; x64) AppleWebKit/537.36 (KHTML, like Gecko) Chrome/79.0.3945.130 Safari/537.36 --> FIELD
[DEBUG] HEADER:Host: localhost:38858 --> IN_VALUE
[DEBUG] HEADER:Host: localhost:38858 --> FIELD
[DEBUG] HEADER:Accept: text/html, image/gif, image/jpeg, *; q=.2, */*; q=.2 --> IN_VALUE
[DEBUG] HEADER:Accept: text/html, image/gif, image/jpeg, *; q=.2, */*; q=.2 --> FIELD
[DEBUG] HEADER:Connection: keep-alive --> IN_VALUE
[DEBUG] HEADER:Connection: keep-alive --> FIELD
[DEBUG] HEADER --> CONTENT
[DEBUG] REQUEST for //localhost:38858/FileServlet/htmltests/large.html on HttpChannelOverHttp@f268a5a{s=HttpChannelState@2e8f904b{s=IDLE rs=BLOCKING os=OPEN is=IDLE awp=false se=false i=true al=0},r=10,c=false/false,a=IDLE,uri=//localhost:38858/FileServlet/htmltests/large.html,age=0}
GET //localhost:38858/FileServlet/htmltests/large.html HTTP/1.1
Accept-Encoding: gzip
User-Agent: Mozilla/5.0 (Windows NT 10.0; Win64; x64) AppleWebKit/537.36 (KHTML, like Gecko) Chrome/79.0.3945.130 Safari/537.36
Host: localhost:38858
Accept: text/html, image/gif, image/jpeg, *; q=.2, */*; q=.2
Connection: keep-alive


[DEBUG] HttpConnection@3be4ecda::SocketChannelEndPoint@122254ce{l=/127.0.0.1:38858,r=/127.0.0.1:42942,OPEN,fill=-,flush=-,to=5/30000}{io=0/0,kio=0,kro=1}->HttpConnection@3be4ecda[p=HttpParser{s=CONTENT,0 of -1},g=HttpGenerator@af7230{s=START}]=>HttpChannelOverHttp@f268a5a{s=HttpChannelState@2e8f904b{s=IDLE rs=BLOCKING os=OPEN is=IDLE awp=false se=false i=true al=0},r=10,c=false/false,a=IDLE,uri=//localhost:38858/FileServlet/htmltests/large.html,age=0} parsed true HttpParser{s=CONTENT,0 of -1}
[DEBUG] releaseRequestBuffer HttpConnection@3be4ecda::SocketChannelEndPoint@122254ce{l=/127.0.0.1:38858,r=/127.0.0.1:42942,OPEN,fill=-,flush=-,to=6/30000}{io=0/0,kio=0,kro=1}->HttpConnection@3be4ecda[p=HttpParser{s=CONTENT,0 of -1},g=HttpGenerator@af7230{s=START}]=>HttpChannelOverHttp@f268a5a{s=HttpChannelState@2e8f904b{s=IDLE rs=BLOCKING os=OPEN is=IDLE awp=false se=false i=true al=0},r=10,c=false/false,a=IDLE,uri=//localhost:38858/FileServlet/htmltests/large.html,age=0}
[DEBUG] handle //localhost:38858/FileServlet/htmltests/large.html HttpChannelOverHttp@f268a5a{s=HttpChannelState@2e8f904b{s=IDLE rs=BLOCKING os=OPEN is=IDLE awp=false se=false i=true al=0},r=10,c=false/false,a=IDLE,uri=//localhost:38858/FileServlet/htmltests/large.html,age=1} 
[DEBUG] handling HttpChannelState@2e8f904b{s=IDLE rs=BLOCKING os=OPEN is=IDLE awp=false se=false i=true al=0}
[DEBUG] action DISPATCH HttpChannelOverHttp@f268a5a{s=HttpChannelState@2e8f904b{s=HANDLING rs=BLOCKING os=OPEN is=IDLE awp=false se=false i=true al=0},r=10,c=false/false,a=HANDLING,uri=//localhost:38858/FileServlet/htmltests/large.html,age=1}
[DEBUG] REQUEST GET /FileServlet/htmltests/large.html on HttpChannelOverHttp@f268a5a{s=HttpChannelState@2e8f904b{s=HANDLING rs=BLOCKING os=OPEN is=IDLE awp=false se=false i=true al=0},r=10,c=false/false,a=HANDLING,uri=//localhost:38858/FileServlet/htmltests/large.html,age=1}
[DEBUG] servlet null|/FileServlet|/htmltests/large.html -> org.jsoup.integration.servlets.FileServlet-3fffff43==org.jsoup.integration.servlets.FileServlet@bc0855c5{jsp=null,order=-1,inst=true,async=true,src=EMBEDDED:null,STARTED}
[DEBUG] chain=null
[DEBUG] write(array HeapByteBuffer@1c6db393[p=0,l=8192,c=8192,r=8192]={<<<<html><head><title>Large ...augue. Vestibulum tinci>>>})
[DEBUG] write(array) s=OPEN,api=BLOCKING,sc=false,e=null aggregated !flush DirectByteBuffer@1492b79c[p=0,l=8192,c=32768,r=8192]={<<<<html><head><title>Large ...augue. Vestibulum tinci>>>&bhhe;&bh...gue. Pr}
[DEBUG] write(array HeapByteBuffer@5ca9112c[p=0,l=8192,c=8192,r=8192]={<<<dunt malesuada tellus. Ut... nostra, per inceptos h>>>})
[DEBUG] write(array) s=OPEN,api=BLOCKING,sc=false,e=null aggregated !flush DirectByteBuffer@1492b79c[p=0,l=16384,c=32768,r=16384]={<<<<html><head><title>Large ... nostra, per inceptos h>>>osqu ad l...gue. Pr}
[DEBUG] write(array HeapByteBuffer@3cb91272[p=0,l=8192,c=8192,r=8192]={<<<imenaeos. Nam nec ante. S...nas aliquet mollis lect>>>})
[DEBUG] write(array) s=OPEN,api=BLOCKING,sc=false,e=null aggregated !flush DirectByteBuffer@1492b79c[p=0,l=24576,c=32768,r=24576]={<<<<html><head><title>Large ...nas aliquet mollis lect>>> sed augu...gue. Pr}
[DEBUG] write(array HeapByteBuffer@76055163[p=0,l=8192,c=8192,r=8192]={<<<us. Vivamus consectetuer ...s ultrices enim. Curabi>>>})
[DEBUG] write(array) s=OPEN,api=BLOCKED,sc=false,e=null last=false agg=true flush=true async=false, len=0 DirectByteBuffer@1492b79c[p=0,l=32768,c=32768,r=32768]={<<<<html><head><title>Large ...s ultrices enim. Curabi>>>}
[DEBUG] sendResponse info=null content=DirectByteBuffer@1492b79c[p=0,l=32768,c=32768,r=32768]={<<<<html><head><title>Large ...s ultrices enim. Curabi>>>} complete=false committing=true callback=Blocker@135fca70{null}
[DEBUG] COMMIT for /FileServlet/htmltests/large.html on HttpChannelOverHttp@f268a5a{s=HttpChannelState@2e8f904b{s=HANDLING rs=BLOCKING os=COMMITTED is=IDLE awp=false se=false i=true al=0},r=10,c=false/false,a=HANDLING,uri=//localhost:38858/FileServlet/htmltests/large.html,age=9}
200 null HTTP/1.1
Date: Mon, 20 Sep 2021 19:30:12 GMT
Content-Type: text/html


[DEBUG] generate: NEED_HEADER for SendCallback@2c1836a[PROCESSING][i=HTTP/1.1{s=200,h=2,cl=-1},cb=org.eclipse.jetty.server.HttpChannel$SendCallback@785851b] (null,[p=0,l=32768,c=32768,r=32768],false)@START
[DEBUG] generateHeaders HTTP/1.1{s=200,h=2,cl=-1} last=false content=DirectByteBuffer@1492b79c[p=0,l=32768,c=32768,r=32768]={<<<<html><head><title>Large ...s ultrices enim. Curabi>>>}
[DEBUG] Date: Mon, 20 Sep 2021 19:30:12 GMT
Content-Type: text/html


[DEBUG] CHUNKED_CONTENT
[DEBUG] generate: FLUSH for SendCallback@2c1836a[PROCESSING][i=HTTP/1.1{s=200,h=2,cl=-1},cb=org.eclipse.jetty.server.HttpChannel$SendCallback@785851b] ([p=0,l=148,c=8192,r=148],[p=0,l=32768,c=32768,r=32768],false)@COMMITTED
[DEBUG] write: WriteFlusher@653abf25{IDLE}->null [HeapByteBuffer@22b9b50d[p=0,l=148,c=8192,r=148]={<<<HTTP/1.1 200 OK\r\nDate: Mo...43.v20210629)\r\n\r\n8000\r\n>>>ML, like ...\x86&h\xA0{\xC1\xC2},DirectByteBuffer@1492b79c[p=0,l=32768,c=32768,r=32768]={<<<<html><head><title>Large ...s ultrices enim. Curabi>>>}]
[DEBUG] update WriteFlusher@653abf25{WRITING}->null:IDLE-->WRITING
[DEBUG] flushed 32916 SocketChannelEndPoint@122254ce{l=/127.0.0.1:38858,r=/127.0.0.1:42942,OPEN,fill=-,flush=W,to=17/30000}{io=0/0,kio=0,kro=1}->HttpConnection@3be4ecda[p=HttpParser{s=CONTENT,0 of -1},g=HttpGenerator@af7230{s=COMMITTED}]=>HttpChannelOverHttp@f268a5a{s=HttpChannelState@2e8f904b{s=HANDLING rs=BLOCKING os=COMMITTED is=IDLE awp=false se=false i=true al=0},r=10,c=false/false,a=HANDLING,uri=//localhost:38858/FileServlet/htmltests/large.html,age=11}
[DEBUG] Flushed=true written=32916 remaining=0 WriteFlusher@653abf25{WRITING}->null
[DEBUG] update WriteFlusher@653abf25{IDLE}->null:WRITING-->IDLE
[DEBUG] generate: DONE for SendCallback@2c1836a[PROCESSING][i=HTTP/1.1{s=200,h=2,cl=-1},cb=org.eclipse.jetty.server.HttpChannel$SendCallback@785851b] ([p=148,l=148,c=8192,r=0],[p=32768,l=32768,c=32768,r=0],false)@COMMITTED
[DEBUG] onWriteComplete(false,null) s=OPEN,api=BLOCKED,sc=false,e=null->s=OPEN,api=BLOCKING,sc=false,e=null c=null cb=null w=false
[DEBUG] write(array HeapByteBuffer@1331d4b6[p=0,l=8192,c=8192,r=8192]={<<<tur sit amet mauris. Morb...s ligula lacinia alique>>>})
[DEBUG] write(array) s=OPEN,api=BLOCKING,sc=false,e=null aggregated !flush DirectByteBuffer@1492b79c[p=0,l=8192,c=32768,r=8192]={<<<tur sit amet mauris. Morb...s ligula lacinia alique>>>dunt male... Curabi}
[DEBUG] write(array HeapByteBuffer@67ef6e20[p=0,l=8192,c=8192,r=8192]={<<<t. Mauris ipsum. Nulla me...sectetuer risus et tort>>>})
[DEBUG] write(array) s=OPEN,api=BLOCKING,sc=false,e=null aggregated !flush DirectByteBuffer@1492b79c[p=0,l=16384,c=32768,r=16384]={<<<tur sit amet mauris. Morb...sectetuer risus et tort>>>imenaeos.... Curabi}
[DEBUG] write(array HeapByteBuffer@3b3da5f7[p=0,l=8192,c=8192,r=8192]={<<<or. Lorem ipsum dolor sit... Donec lacus nunc, vive>>>})
[DEBUG] write(array) s=OPEN,api=BLOCKING,sc=false,e=null aggregated !flush DirectByteBuffer@1492b79c[p=0,l=24576,c=32768,r=24576]={<<<tur sit amet mauris. Morb... Donec lacus nunc, vive>>>us. Vivam... Curabi}
[DEBUG] write(array HeapByteBuffer@10bb52d6[p=0,l=8192,c=8192,r=8192]={<<<rra nec, blandit vel, ege... In scelerisque sem at >>>})
[DEBUG] write(array) s=OPEN,api=BLOCKED,sc=false,e=null last=false agg=true flush=true async=false, len=0 DirectByteBuffer@1492b79c[p=0,l=32768,c=32768,r=32768]={<<<tur sit amet mauris. Morb... In scelerisque sem at >>>}
[DEBUG] sendResponse info=null content=DirectByteBuffer@1492b79c[p=0,l=32768,c=32768,r=32768]={<<<tur sit amet mauris. Morb... In scelerisque sem at >>>} complete=false committing=false callback=Blocker@135fca70{null}
[DEBUG] generate: NEED_CHUNK for SendCallback@2c1836a[PROCESSING][i=null,cb=org.eclipse.jetty.server.HttpChannel$SendCallback@d32a013] (null,[p=0,l=32768,c=32768,r=32768],false)@COMMITTED
[DEBUG] generate: FLUSH for SendCallback@2c1836a[PROCESSING][i=null,cb=org.eclipse.jetty.server.HttpChannel$SendCallback@d32a013] (null,[p=0,l=32768,c=32768,r=32768],false)@COMMITTED
[DEBUG] write: WriteFlusher@653abf25{IDLE}->null [HeapByteBuffer@e6dab5c[p=0,l=8,c=1024,r=8]={<<<\r\n8000\r\n>>>\x00\x00\x00\x00\x00\x00\x00\x00\x00...\x00\x00\x00\x00\x00\x00\x00},DirectByteBuffer@1492b79c[p=0,l=32768,c=32768,r=32768]={<<<tur sit amet mauris. Morb... In scelerisque sem at >>>}]
[DEBUG] update WriteFlusher@653abf25{WRITING}->null:IDLE-->WRITING
[DEBUG] flushed 32776 SocketChannelEndPoint@122254ce{l=/127.0.0.1:38858,r=/127.0.0.1:42942,OPEN,fill=-,flush=W,to=1/30000}{io=0/0,kio=0,kro=1}->HttpConnection@3be4ecda[p=HttpParser{s=CONTENT,0 of -1},g=HttpGenerator@af7230{s=COMMITTED}]=>HttpChannelOverHttp@f268a5a{s=HttpChannelState@2e8f904b{s=HANDLING rs=BLOCKING os=COMMITTED is=IDLE awp=false se=false i=true al=0},r=10,c=false/false,a=HANDLING,uri=//localhost:38858/FileServlet/htmltests/large.html,age=13}
[DEBUG] Flushed=true written=32776 remaining=0 WriteFlusher@653abf25{WRITING}->null
[DEBUG] update WriteFlusher@653abf25{IDLE}->null:WRITING-->IDLE
[DEBUG] generate: DONE for SendCallback@2c1836a[PROCESSING][i=null,cb=org.eclipse.jetty.server.HttpChannel$SendCallback@d32a013] (null,[p=32768,l=32768,c=32768,r=0],false)@COMMITTED
[DEBUG] onWriteComplete(false,null) s=OPEN,api=BLOCKED,sc=false,e=null->s=OPEN,api=BLOCKING,sc=false,e=null c=null cb=null w=false
[DEBUG] write(array HeapByteBuffer@11b051fb[p=0,l=8192,c=8192,r=8192]={<<<dolor. Maecenas mattis. S...itor, cursus quis, aliq>>>})
[DEBUG] write(array) s=OPEN,api=BLOCKING,sc=false,e=null aggregated !flush DirectByteBuffer@1492b79c[p=0,l=8192,c=32768,r=8192]={<<<dolor. Maecenas mattis. S...itor, cursus quis, aliq>>>t. Mauris...sem at }
[DEBUG] write(array HeapByteBuffer@47745c27[p=0,l=8192,c=8192,r=8192]={<<<uet eget, justo. Sed pret...m. Etiam ultrices. Susp>>>})
[DEBUG] write(array) s=OPEN,api=BLOCKING,sc=false,e=null aggregated !flush DirectByteBuffer@1492b79c[p=0,l=16384,c=32768,r=16384]={<<<dolor. Maecenas mattis. S...m. Etiam ultrices. Susp>>>or. Lorem...sem at }
[DEBUG] write(array HeapByteBuffer@d938bfd[p=0,l=8192,c=8192,r=8192]={<<<endisse in justo eu magna...cinia nunc. </p>\n\n<p>Cu>>>})
[DEBUG] write(array) s=OPEN,api=BLOCKING,sc=false,e=null aggregated !flush DirectByteBuffer@1492b79c[p=0,l=24576,c=32768,r=24576]={<<<dolor. Maecenas mattis. S...cinia nunc. </p>\n\n<p>Cu>>>rra nec, ...sem at }
[DEBUG] write(array HeapByteBuffer@15398064[p=0,l=8192,c=8192,r=8192]={<<<rabitur tortor. <i>Vestib... ac, ultricies eu, pede>>>})
[DEBUG] write(array) s=OPEN,api=BLOCKED,sc=false,e=null last=false agg=true flush=true async=false, len=0 DirectByteBuffer@1492b79c[p=0,l=32768,c=32768,r=32768]={<<<dolor. Maecenas mattis. S... ac, ultricies eu, pede>>>}
[DEBUG] sendResponse info=null content=DirectByteBuffer@1492b79c[p=0,l=32768,c=32768,r=32768]={<<<dolor. Maecenas mattis. S... ac, ultricies eu, pede>>>} complete=false committing=false callback=Blocker@135fca70{null}
[DEBUG] generate: NEED_CHUNK for SendCallback@2c1836a[PROCESSING][i=null,cb=org.eclipse.jetty.server.HttpChannel$SendCallback@69524b1] (null,[p=0,l=32768,c=32768,r=32768],false)@COMMITTED
[DEBUG] generate: FLUSH for SendCallback@2c1836a[PROCESSING][i=null,cb=org.eclipse.jetty.server.HttpChannel$SendCallback@69524b1] (null,[p=0,l=32768,c=32768,r=32768],false)@COMMITTED
[DEBUG] write: WriteFlusher@653abf25{IDLE}->null [HeapByteBuffer@68278da5[p=0,l=8,c=1024,r=8]={<<<\r\n8000\r\n>>>\x00\x00\x00\x00\x00\x00\x00\x00\x00...\x00\x00\x00\x00\x00\x00\x00},DirectByteBuffer@1492b79c[p=0,l=32768,c=32768,r=32768]={<<<dolor. Maecenas mattis. S... ac, ultricies eu, pede>>>}]
[DEBUG] update WriteFlusher@653abf25{WRITING}->null:IDLE-->WRITING
[DEBUG] flushed 32776 SocketChannelEndPoint@122254ce{l=/127.0.0.1:38858,r=/127.0.0.1:42942,OPEN,fill=-,flush=W,to=1/30000}{io=0/0,kio=0,kro=1}->HttpConnection@3be4ecda[p=HttpParser{s=CONTENT,0 of -1},g=HttpGenerator@af7230{s=COMMITTED}]=>HttpChannelOverHttp@f268a5a{s=HttpChannelState@2e8f904b{s=HANDLING rs=BLOCKING os=COMMITTED is=IDLE awp=false se=false i=true al=0},r=10,c=false/false,a=HANDLING,uri=//localhost:38858/FileServlet/htmltests/large.html,age=14}
[DEBUG] Flushed=true written=32776 remaining=0 WriteFlusher@653abf25{WRITING}->null
[DEBUG] update WriteFlusher@653abf25{IDLE}->null:WRITING-->IDLE
[DEBUG] generate: DONE for SendCallback@2c1836a[PROCESSING][i=null,cb=org.eclipse.jetty.server.HttpChannel$SendCallback@69524b1] (null,[p=32768,l=32768,c=32768,r=0],false)@COMMITTED
[DEBUG] onWriteComplete(false,null) s=OPEN,api=BLOCKED,sc=false,e=null->s=OPEN,api=BLOCKING,sc=false,e=null c=null cb=null w=false
[DEBUG] write(array HeapByteBuffer@6365d520[p=0,l=8192,c=8192,r=8192]={<<<. <i>Praesent blandit dol...ae; Morbi lacinia moles>>>})
[DEBUG] write(array) s=OPEN,api=BLOCKING,sc=false,e=null aggregated !flush DirectByteBuffer@1492b79c[p=0,l=8192,c=32768,r=8192]={<<<. <i>Praesent blandit dol...ae; Morbi lacinia moles>>>uet eget,...u, pede}
[DEBUG] write(array HeapByteBuffer@723876d2[p=0,l=8192,c=8192,r=8192]={<<<tie dui. <b>Ut fringilla<...cinia aliquet. <b>Pelle>>>})
[DEBUG] write(array) s=OPEN,api=BLOCKING,sc=false,e=null aggregated !flush DirectByteBuffer@1492b79c[p=0,l=16384,c=32768,r=16384]={<<<. <i>Praesent blandit dol...cinia aliquet. <b>Pelle>>>endisse i...u, pede}
[DEBUG] write(array HeapByteBuffer@2b5bf251[p=0,l=8192,c=8192,r=8192]={<<<ntesque nibh</b>. Mauris ...scipit sodales. Aenean >>>})
[DEBUG] write(array) s=OPEN,api=BLOCKING,sc=false,e=null aggregated !flush DirectByteBuffer@1492b79c[p=0,l=24576,c=32768,r=24576]={<<<. <i>Praesent blandit dol...scipit sodales. Aenean >>>rabitur t...u, pede}
[DEBUG] write(array HeapByteBuffer@444fb27[p=0,l=8192,c=8192,r=8192]={<<<lectus elit, fermentum no... Sed lacinia, urna non >>>})
[DEBUG] write(array) s=OPEN,api=BLOCKED,sc=false,e=null last=false agg=true flush=true async=false, len=0 DirectByteBuffer@1492b79c[p=0,l=32768,c=32768,r=32768]={<<<. <i>Praesent blandit dol... Sed lacinia, urna non >>>}
[DEBUG] sendResponse info=null content=DirectByteBuffer@1492b79c[p=0,l=32768,c=32768,r=32768]={<<<. <i>Praesent blandit dol... Sed lacinia, urna non >>>} complete=false committing=false callback=Blocker@135fca70{null}
[DEBUG] generate: NEED_CHUNK for SendCallback@2c1836a[PROCESSING][i=null,cb=org.eclipse.jetty.server.HttpChannel$SendCallback@49c5e25a] (null,[p=0,l=32768,c=32768,r=32768],false)@COMMITTED
[DEBUG] generate: FLUSH for SendCallback@2c1836a[PROCESSING][i=null,cb=org.eclipse.jetty.server.HttpChannel$SendCallback@49c5e25a] (null,[p=0,l=32768,c=32768,r=32768],false)@COMMITTED
[DEBUG] write: WriteFlusher@653abf25{IDLE}->null [HeapByteBuffer@690742bb[p=0,l=8,c=1024,r=8]={<<<\r\n8000\r\n>>>\x00\x00\x00\x00\x00\x00\x00\x00\x00...\x00\x00\x00\x00\x00\x00\x00},DirectByteBuffer@1492b79c[p=0,l=32768,c=32768,r=32768]={<<<. <i>Praesent blandit dol... Sed lacinia, urna non >>>}]
[DEBUG] update WriteFlusher@653abf25{WRITING}->null:IDLE-->WRITING
[DEBUG] flushed 32776 SocketChannelEndPoint@122254ce{l=/127.0.0.1:38858,r=/127.0.0.1:42942,OPEN,fill=-,flush=W,to=2/30000}{io=0/0,kio=0,kro=1}->HttpConnection@3be4ecda[p=HttpParser{s=CONTENT,0 of -1},g=HttpGenerator@af7230{s=COMMITTED}]=>HttpChannelOverHttp@f268a5a{s=HttpChannelState@2e8f904b{s=HANDLING rs=BLOCKING os=COMMITTED is=IDLE awp=false se=false i=true al=0},r=10,c=false/false,a=HANDLING,uri=//localhost:38858/FileServlet/htmltests/large.html,age=17}
[DEBUG] Flushed=true written=32776 remaining=0 WriteFlusher@653abf25{WRITING}->null
[DEBUG] update WriteFlusher@653abf25{IDLE}->null:WRITING-->IDLE
[DEBUG] generate: DONE for SendCallback@2c1836a[PROCESSING][i=null,cb=org.eclipse.jetty.server.HttpChannel$SendCallback@49c5e25a] (null,[p=32768,l=32768,c=32768,r=0],false)@COMMITTED
[DEBUG] onWriteComplete(false,null) s=OPEN,api=BLOCKED,sc=false,e=null->s=OPEN,api=BLOCKING,sc=false,e=null c=null cb=null w=false
[DEBUG] write(array HeapByteBuffer@787a8356[p=0,l=8192,c=8192,r=8192]={<<<tincidunt mattis, tortor ...si. Nulla quis sem at n>>>})
[DEBUG] write(array) s=OPEN,api=BLOCKING,sc=false,e=null aggregated !flush DirectByteBuffer@1492b79c[p=0,l=8192,c=32768,r=8192]={<<<tincidunt mattis, tortor ...si. Nulla quis sem at n>>>tie dui. ...na non }
[DEBUG] write(array HeapByteBuffer@cc73f72[p=0,l=8192,c=8192,r=8192]={<<<ibh elementum imperdiet. ...orbi in dui quis est pu>>>})
[DEBUG] write(array) s=OPEN,api=BLOCKING,sc=false,e=null aggregated !flush DirectByteBuffer@1492b79c[p=0,l=16384,c=32768,r=16384]={<<<tincidunt mattis, tortor ...orbi in dui quis est pu>>>ntesque n...na non }
[DEBUG] write(array HeapByteBuffer@2f79600e[p=0,l=8192,c=8192,r=8192]={<<<lvinar ullamcorper. Nulla...tetur adipiscing elit</>>>})
[DEBUG] write(array) s=OPEN,api=BLOCKING,sc=false,e=null aggregated !flush DirectByteBuffer@1492b79c[p=0,l=24576,c=32768,r=24576]={<<<tincidunt mattis, tortor ...tetur adipiscing elit</>>>lectus el...na non }
[DEBUG] write(array HeapByteBuffer@49c88089[p=0,l=8192,c=8192,r=8192]={<<<i>. Mauris ipsum. <b>Pell...aliquet eget, justo. </>>>})
[DEBUG] write(array) s=OPEN,api=BLOCKED,sc=false,e=null last=false agg=true flush=true async=false, len=0 DirectByteBuffer@1492b79c[p=0,l=32768,c=32768,r=32768]={<<<tincidunt mattis, tortor ...aliquet eget, justo. </>>>}
[DEBUG] sendResponse info=null content=DirectByteBuffer@1492b79c[p=0,l=32768,c=32768,r=32768]={<<<tincidunt mattis, tortor ...aliquet eget, justo. </>>>} complete=false committing=false callback=Blocker@135fca70{null}
[DEBUG] generate: NEED_CHUNK for SendCallback@2c1836a[PROCESSING][i=null,cb=org.eclipse.jetty.server.HttpChannel$SendCallback@6504dad5] (null,[p=0,l=32768,c=32768,r=32768],false)@COMMITTED
[DEBUG] generate: FLUSH for SendCallback@2c1836a[PROCESSING][i=null,cb=org.eclipse.jetty.server.HttpChannel$SendCallback@6504dad5] (null,[p=0,l=32768,c=32768,r=32768],false)@COMMITTED
[DEBUG] write: WriteFlusher@653abf25{IDLE}->null [HeapByteBuffer@ed6005f[p=0,l=8,c=1024,r=8]={<<<\r\n8000\r\n>>>\x00\x00\x00\x00\x00\x00\x00\x00\x00...\x00\x00\x00\x00\x00\x00\x00},DirectByteBuffer@1492b79c[p=0,l=32768,c=32768,r=32768]={<<<tincidunt mattis, tortor ...aliquet eget, justo. </>>>}]
[DEBUG] update WriteFlusher@653abf25{WRITING}->null:IDLE-->WRITING
[DEBUG] flushed 32776 SocketChannelEndPoint@122254ce{l=/127.0.0.1:38858,r=/127.0.0.1:42942,OPEN,fill=-,flush=W,to=6/30000}{io=0/0,kio=0,kro=1}->HttpConnection@3be4ecda[p=HttpParser{s=CONTENT,0 of -1},g=HttpGenerator@af7230{s=COMMITTED}]=>HttpChannelOverHttp@f268a5a{s=HttpChannelState@2e8f904b{s=HANDLING rs=BLOCKING os=COMMITTED is=IDLE awp=false se=false i=true al=0},r=10,c=false/false,a=HANDLING,uri=//localhost:38858/FileServlet/htmltests/large.html,age=24}
[DEBUG] Flushed=true written=32776 remaining=0 WriteFlusher@653abf25{WRITING}->null
[DEBUG] update WriteFlusher@653abf25{IDLE}->null:WRITING-->IDLE
[DEBUG] generate: DONE for SendCallback@2c1836a[PROCESSING][i=null,cb=org.eclipse.jetty.server.HttpChannel$SendCallback@6504dad5] (null,[p=32768,l=32768,c=32768,r=0],false)@COMMITTED
[DEBUG] onWriteComplete(false,null) s=OPEN,api=BLOCKED,sc=false,e=null->s=OPEN,api=BLOCKING,sc=false,e=null c=null cb=null w=false
[DEBUG] write(array HeapByteBuffer@500d55a8[p=0,l=8192,c=8192,r=8192]={<<<p>\n\n<p>Sed pretium blandi...ulum sapien. Proin quam>>>})
[DEBUG] write(array) s=OPEN,api=BLOCKING,sc=false,e=null aggregated !flush DirectByteBuffer@1492b79c[p=0,l=8192,c=32768,r=8192]={<<<p>\n\n<p>Sed pretium blandi...ulum sapien. Proin quam>>>ibh eleme...sto. </}
[DEBUG] write(array HeapByteBuffer@349026b7[p=0,l=8192,c=8192,r=8192]={<<<. Etiam ultrices. Suspend...er conubia nostra, per >>>})
[DEBUG] write(array) s=OPEN,api=BLOCKING,sc=false,e=null aggregated !flush DirectByteBuffer@1492b79c[p=0,l=16384,c=32768,r=16384]={<<<p>\n\n<p>Sed pretium blandi...er conubia nostra, per >>>lvinar ul...sto. </}
[DEBUG] write(array HeapByteBuffer@39512464[p=0,l=8192,c=8192,r=8192]={<<<inceptos himenaeos. </p>\n...>. Integer id quam. Mor>>>})
[DEBUG] write(array) s=OPEN,api=BLOCKING,sc=false,e=null aggregated !flush DirectByteBuffer@1492b79c[p=0,l=24576,c=32768,r=24576]={<<<p>\n\n<p>Sed pretium blandi...>. Integer id quam. Mor>>>i>. Mauri...sto. </}
[DEBUG] write(array HeapByteBuffer@7a4083e9[p=0,l=8192,c=8192,r=8192]={<<<bi mi. Quisque nisl felis...imperdiet. </p>\n\n<p>Ves>>>})
[DEBUG] write(array) s=OPEN,api=BLOCKED,sc=false,e=null last=false agg=true flush=true async=false, len=0 DirectByteBuffer@1492b79c[p=0,l=32768,c=32768,r=32768]={<<<p>\n\n<p>Sed pretium blandi...imperdiet. </p>\n\n<p>Ves>>>}
[DEBUG] sendResponse info=null content=DirectByteBuffer@1492b79c[p=0,l=32768,c=32768,r=32768]={<<<p>\n\n<p>Sed pretium blandi...imperdiet. </p>\n\n<p>Ves>>>} complete=false committing=false callback=Blocker@135fca70{null}
[DEBUG] generate: NEED_CHUNK for SendCallback@2c1836a[PROCESSING][i=null,cb=org.eclipse.jetty.server.HttpChannel$SendCallback@405a291c] (null,[p=0,l=32768,c=32768,r=32768],false)@COMMITTED
[DEBUG] generate: FLUSH for SendCallback@2c1836a[PROCESSING][i=null,cb=org.eclipse.jetty.server.HttpChannel$SendCallback@405a291c] (null,[p=0,l=32768,c=32768,r=32768],false)@COMMITTED
[DEBUG] write: WriteFlusher@653abf25{IDLE}->null [HeapByteBuffer@e6dab5c[p=0,l=8,c=1024,r=8]={<<<\r\n8000\r\n>>>\x00\x00\x00\x00\x00\x00\x00\x00\x00...\x00\x00\x00\x00\x00\x00\x00},DirectByteBuffer@1492b79c[p=0,l=32768,c=32768,r=32768]={<<<p>\n\n<p>Sed pretium blandi...imperdiet. </p>\n\n<p>Ves>>>}]
[DEBUG] update WriteFlusher@653abf25{WRITING}->null:IDLE-->WRITING
[DEBUG] flushed 32776 SocketChannelEndPoint@122254ce{l=/127.0.0.1:38858,r=/127.0.0.1:42942,OPEN,fill=-,flush=W,to=1/30000}{io=0/0,kio=0,kro=1}->HttpConnection@3be4ecda[p=HttpParser{s=CONTENT,0 of -1},g=HttpGenerator@af7230{s=COMMITTED}]=>HttpChannelOverHttp@f268a5a{s=HttpChannelState@2e8f904b{s=HANDLING rs=BLOCKING os=COMMITTED is=IDLE awp=false se=false i=true al=0},r=10,c=false/false,a=HANDLING,uri=//localhost:38858/FileServlet/htmltests/large.html,age=25}
[DEBUG] Flushed=true written=32776 remaining=0 WriteFlusher@653abf25{WRITING}->null
[DEBUG] update WriteFlusher@653abf25{IDLE}->null:WRITING-->IDLE
[DEBUG] generate: DONE for SendCallback@2c1836a[PROCESSING][i=null,cb=org.eclipse.jetty.server.HttpChannel$SendCallback@405a291c] (null,[p=32768,l=32768,c=32768,r=0],false)@COMMITTED
[DEBUG] onWriteComplete(false,null) s=OPEN,api=BLOCKED,sc=false,e=null->s=OPEN,api=BLOCKING,sc=false,e=null c=null cb=null w=false
[DEBUG] write(array HeapByteBuffer@754a1a3e[p=0,l=8192,c=8192,r=8192]={<<<tibulum sapien. <b>Morbi ...torquent per conubia no>>>})
[DEBUG] write(array) s=OPEN,api=BLOCKING,sc=false,e=null aggregated !flush DirectByteBuffer@1492b79c[p=0,l=8192,c=32768,r=8192]={<<<tibulum sapien. <b>Morbi ...torquent per conubia no>>>. Etiam u...\n<p>Ves}
[DEBUG] write(array HeapByteBuffer@458872f7[p=0,l=8192,c=8192,r=8192]={<<<stra, per inceptos himena...a</i>. Vestibulum nisi >>>})
[DEBUG] write(array) s=OPEN,api=BLOCKING,sc=false,e=null aggregated !flush DirectByteBuffer@1492b79c[p=0,l=16384,c=32768,r=16384]={<<<tibulum sapien. <b>Morbi ...a</i>. Vestibulum nisi >>>inceptos ...\n<p>Ves}
[DEBUG] write(array HeapByteBuffer@3b29ee64[p=0,l=8192,c=8192,r=8192]={<<<lectus, commodo ac, facil.../b>. Sed lectus. Intege>>>})
[DEBUG] write(array) s=OPEN,api=BLOCKING,sc=false,e=null aggregated !flush DirectByteBuffer@1492b79c[p=0,l=24576,c=32768,r=24576]={<<<tibulum sapien. <b>Morbi .../b>. Sed lectus. Intege>>>bi mi. Qu...\n<p>Ves}
[DEBUG] write(array HeapByteBuffer@2aaa22d4[p=0,l=8192,c=8192,r=8192]={<<<r euismod lacus luctus ma...ur sodales ligula in li>>>})
[DEBUG] write(array) s=OPEN,api=BLOCKED,sc=false,e=null last=false agg=true flush=true async=false, len=0 DirectByteBuffer@1492b79c[p=0,l=32768,c=32768,r=32768]={<<<tibulum sapien. <b>Morbi ...ur sodales ligula in li>>>}
[DEBUG] sendResponse info=null content=DirectByteBuffer@1492b79c[p=0,l=32768,c=32768,r=32768]={<<<tibulum sapien. <b>Morbi ...ur sodales ligula in li>>>} complete=false committing=false callback=Blocker@135fca70{null}
[DEBUG] generate: NEED_CHUNK for SendCallback@2c1836a[PROCESSING][i=null,cb=org.eclipse.jetty.server.HttpChannel$SendCallback@f945655] (null,[p=0,l=32768,c=32768,r=32768],false)@COMMITTED
[DEBUG] generate: FLUSH for SendCallback@2c1836a[PROCESSING][i=null,cb=org.eclipse.jetty.server.HttpChannel$SendCallback@f945655] (null,[p=0,l=32768,c=32768,r=32768],false)@COMMITTED
[DEBUG] write: WriteFlusher@653abf25{IDLE}->null [HeapByteBuffer@68278da5[p=0,l=8,c=1024,r=8]={<<<\r\n8000\r\n>>>\x00\x00\x00\x00\x00\x00\x00\x00\x00...\x00\x00\x00\x00\x00\x00\x00},DirectByteBuffer@1492b79c[p=0,l=32768,c=32768,r=32768]={<<<tibulum sapien. <b>Morbi ...ur sodales ligula in li>>>}]
[DEBUG] update WriteFlusher@653abf25{WRITING}->null:IDLE-->WRITING
[DEBUG] flushed 32776 SocketChannelEndPoint@122254ce{l=/127.0.0.1:38858,r=/127.0.0.1:42942,OPEN,fill=-,flush=W,to=6/30000}{io=0/0,kio=0,kro=1}->HttpConnection@3be4ecda[p=HttpParser{s=CONTENT,0 of -1},g=HttpGenerator@af7230{s=COMMITTED}]=>HttpChannelOverHttp@f268a5a{s=HttpChannelState@2e8f904b{s=HANDLING rs=BLOCKING os=COMMITTED is=IDLE awp=false se=false i=true al=0},r=10,c=false/false,a=HANDLING,uri=//localhost:38858/FileServlet/htmltests/large.html,age=31}
[DEBUG] Flushed=true written=32776 remaining=0 WriteFlusher@653abf25{WRITING}->null
[DEBUG] update WriteFlusher@653abf25{IDLE}->null:WRITING-->IDLE
[DEBUG] generate: DONE for SendCallback@2c1836a[PROCESSING][i=null,cb=org.eclipse.jetty.server.HttpChannel$SendCallback@f945655] (null,[p=32768,l=32768,c=32768,r=0],false)@COMMITTED
[DEBUG] onWriteComplete(false,null) s=OPEN,api=BLOCKED,sc=false,e=null->s=OPEN,api=BLOCKING,sc=false,e=null c=null cb=null w=false
[DEBUG] write(array HeapByteBuffer@98d929a[p=0,l=8192,c=8192,r=8192]={<<<bero. Sed dignissim lacin..., iaculis et, viverra v>>>})
[DEBUG] write(array) s=OPEN,api=BLOCKING,sc=false,e=null aggregated !flush DirectByteBuffer@1492b79c[p=0,l=8192,c=32768,r=8192]={<<<bero. Sed dignissim lacin..., iaculis et, viverra v>>>stra, per...a in li}
[DEBUG] write(array HeapByteBuffer@7d231701[p=0,l=8192,c=8192,r=8192]={<<<itae, ligula. <i>Integer ...bulum ante ipsum primis>>>})
[DEBUG] write(array) s=OPEN,api=BLOCKING,sc=false,e=null aggregated !flush DirectByteBuffer@1492b79c[p=0,l=16384,c=32768,r=16384]={<<<bero. Sed dignissim lacin...bulum ante ipsum primis>>>lectus, c...a in li}
[DEBUG] write(array HeapByteBuffer@6e426f3[p=0,l=8192,c=8192,r=8192]={<<< in faucibus orci luctus ...auris. Fusce nec tellus>>>})
[DEBUG] write(array) s=OPEN,api=BLOCKING,sc=false,e=null aggregated !flush DirectByteBuffer@1492b79c[p=0,l=24576,c=32768,r=24576]={<<<bero. Sed dignissim lacin...auris. Fusce nec tellus>>>r euismod...a in li}
[DEBUG] write(array HeapByteBuffer@2beffe84[p=0,l=8192,c=8192,r=8192]={<<< sed augue semper porta. ...ces sit amet, augue. Pr>>>})
[DEBUG] write(array) s=OPEN,api=BLOCKED,sc=false,e=null last=false agg=true flush=true async=false, len=0 DirectByteBuffer@1492b79c[p=0,l=32768,c=32768,r=32768]={<<<bero. Sed dignissim lacin...ces sit amet, augue. Pr>>>}
[DEBUG] sendResponse info=null content=DirectByteBuffer@1492b79c[p=0,l=32768,c=32768,r=32768]={<<<bero. Sed dignissim lacin...ces sit amet, augue. Pr>>>} complete=false committing=false callback=Blocker@135fca70{null}
[DEBUG] generate: NEED_CHUNK for SendCallback@2c1836a[PROCESSING][i=null,cb=org.eclipse.jetty.server.HttpChannel$SendCallback@4e13a021] (null,[p=0,l=32768,c=32768,r=32768],false)@COMMITTED
[DEBUG] generate: FLUSH for SendCallback@2c1836a[PROCESSING][i=null,cb=org.eclipse.jetty.server.HttpChannel$SendCallback@4e13a021] (null,[p=0,l=32768,c=32768,r=32768],false)@COMMITTED
[DEBUG] write: WriteFlusher@653abf25{IDLE}->null [HeapByteBuffer@690742bb[p=0,l=8,c=1024,r=8]={<<<\r\n8000\r\n>>>\x00\x00\x00\x00\x00\x00\x00\x00\x00...\x00\x00\x00\x00\x00\x00\x00},DirectByteBuffer@1492b79c[p=0,l=32768,c=32768,r=32768]={<<<bero. Sed dignissim lacin...ces sit amet, augue. Pr>>>}]
[DEBUG] update WriteFlusher@653abf25{WRITING}->null:IDLE-->WRITING
[DEBUG] flushed 32776 SocketChannelEndPoint@122254ce{l=/127.0.0.1:38858,r=/127.0.0.1:42942,OPEN,fill=-,flush=W,to=1/30000}{io=0/0,kio=0,kro=1}->HttpConnection@3be4ecda[p=HttpParser{s=CONTENT,0 of -1},g=HttpGenerator@af7230{s=COMMITTED}]=>HttpChannelOverHttp@f268a5a{s=HttpChannelState@2e8f904b{s=HANDLING rs=BLOCKING os=COMMITTED is=IDLE awp=false se=false i=true al=0},r=10,c=false/false,a=HANDLING,uri=//localhost:38858/FileServlet/htmltests/large.html,age=33}
[DEBUG] Flushed=true written=32776 remaining=0 WriteFlusher@653abf25{WRITING}->null
[DEBUG] update WriteFlusher@653abf25{IDLE}->null:WRITING-->IDLE
[DEBUG] generate: DONE for SendCallback@2c1836a[PROCESSING][i=null,cb=org.eclipse.jetty.server.HttpChannel$SendCallback@4e13a021] (null,[p=32768,l=32768,c=32768,r=0],false)@COMMITTED
[DEBUG] onWriteComplete(false,null) s=OPEN,api=BLOCKED,sc=false,e=null->s=OPEN,api=BLOCKING,sc=false,e=null c=null cb=null w=false
[DEBUG] write(array HeapByteBuffer@2bed3dfd[p=0,l=8192,c=8192,r=8192]={<<<oin sodales libero eget a...uismod lacus luctus mag>>>})
[DEBUG] write(array) s=OPEN,api=BLOCKING,sc=false,e=null aggregated !flush DirectByteBuffer@1492b79c[p=0,l=8192,c=32768,r=8192]={<<<oin sodales libero eget a...uismod lacus luctus mag>>>itae, lig...gue. Pr}
[DEBUG] write(array HeapByteBuffer@c1945cd[p=0,l=8192,c=8192,r=8192]={<<<na. Quisque cursus, metus...lass aptent taciti soci>>>})
[DEBUG] write(array) s=OPEN,api=BLOCKING,sc=false,e=null aggregated !flush DirectByteBuffer@1492b79c[p=0,l=16384,c=32768,r=16384]={<<<oin sodales libero eget a...lass aptent taciti soci>>> in fauci...gue. Pr}
[DEBUG] write(array HeapByteBuffer@58569114[p=0,l=2207,c=8192,r=2207]={<<<osqu ad litora torquent p.... </p>\n\n</body></html>\n>>>nia nunc....ti soci})
[DEBUG] write(array) s=OPEN,api=BLOCKING,sc=false,e=null aggregated !flush DirectByteBuffer@1492b79c[p=0,l=18591,c=32768,r=18591]={<<<oin sodales libero eget a.... </p>\n\n</body></html>\n>>>erisque s...gue. Pr}
[DEBUG] sendResponse info=null content=DirectByteBuffer@1492b79c[p=0,l=18591,c=32768,r=18591]={<<<oin sodales libero eget a.... </p>\n\n</body></html>\n>>>erisque s...gue. Pr} complete=false committing=false callback=Blocker@135fca70{null}
[DEBUG] generate: NEED_CHUNK for SendCallback@2c1836a[PROCESSING][i=null,cb=org.eclipse.jetty.server.HttpChannel$SendCallback@b173097] (null,[p=0,l=18591,c=32768,r=18591],false)@COMMITTED
[DEBUG] generate: FLUSH for SendCallback@2c1836a[PROCESSING][i=null,cb=org.eclipse.jetty.server.HttpChannel$SendCallback@b173097] (null,[p=0,l=18591,c=32768,r=18591],false)@COMMITTED
[DEBUG] write: WriteFlusher@653abf25{IDLE}->null [HeapByteBuffer@ed6005f[p=0,l=8,c=1024,r=8]={<<<\r\n489F\r\n>>>\x00\x00\x00\x00\x00\x00\x00\x00\x00...\x00\x00\x00\x00\x00\x00\x00},DirectByteBuffer@1492b79c[p=0,l=18591,c=32768,r=18591]={<<<oin sodales libero eget a.... </p>\n\n</body></html>\n>>>erisque s...gue. Pr}]
[DEBUG] update WriteFlusher@653abf25{WRITING}->null:IDLE-->WRITING
[DEBUG] flushed 18599 SocketChannelEndPoint@122254ce{l=/127.0.0.1:38858,r=/127.0.0.1:42942,OPEN,fill=-,flush=W,to=14/30000}{io=0/0,kio=0,kro=1}->HttpConnection@3be4ecda[p=HttpParser{s=CONTENT,0 of -1},g=HttpGenerator@af7230{s=COMMITTED}]=>HttpChannelOverHttp@f268a5a{s=HttpChannelState@2e8f904b{s=HANDLING rs=BLOCKING os=COMMITTED is=IDLE awp=false se=false i=true al=0},r=10,c=false/false,a=HANDLING,uri=//localhost:38858/FileServlet/htmltests/large.html,age=47}
[DEBUG] Flushed=true written=18599 remaining=0 WriteFlusher@653abf25{WRITING}->null
[DEBUG] update WriteFlusher@653abf25{IDLE}->null:WRITING-->IDLE
[DEBUG] generate: DONE for SendCallback@2c1836a[PROCESSING][i=null,cb=org.eclipse.jetty.server.HttpChannel$SendCallback@b173097] (null,[p=18591,l=18591,c=32768,r=0],false)@COMMITTED
[DEBUG] onWriteComplete(false,null) s=OPEN,api=BLOCKED,sc=false,e=null->s=OPEN,api=BLOCKING,sc=false,e=null c=null cb=null w=false
[DEBUG] handled=true async=false committed=true on HttpChannelOverHttp@f268a5a{s=HttpChannelState@2e8f904b{s=HANDLING rs=BLOCKING os=COMMITTED is=IDLE awp=false se=false i=true al=0},r=10,c=false/false,a=HANDLING,uri=//localhost:38858/FileServlet/htmltests/large.html,age=47}
[DEBUG] unhandle HttpChannelState@2e8f904b{s=HANDLING rs=BLOCKING os=COMMITTED is=IDLE awp=false se=false i=true al=0}
[DEBUG] nextAction(false) COMPLETE HttpChannelState@2e8f904b{s=HANDLING rs=COMPLETING os=COMMITTED is=IDLE awp=false se=false i=false al=0}
[DEBUG] action COMPLETE HttpChannelOverHttp@f268a5a{s=HttpChannelState@2e8f904b{s=HANDLING rs=COMPLETING os=COMMITTED is=IDLE awp=false se=false i=false al=0},r=10,c=false/false,a=HANDLING,uri=//localhost:38858/FileServlet/htmltests/large.html,age=47}
[DEBUG] complete(org.eclipse.jetty.util.Callback$3@49d7f6dd) s=CLOSING,api=BLOCKED,sc=false,e=null s=false e=null, c=HeapByteBuffer@11848662[p=0,l=0,c=0,r=0]={<<<>>>}
[DEBUG] sendResponse info=null content=HeapByteBuffer@11848662[p=0,l=0,c=0,r=0]={<<<>>>} complete=true committing=false callback=org.eclipse.jetty.server.HttpOutput$WriteCompleteCB@fa6e507
[DEBUG] generate: CONTINUE for SendCallback@2c1836a[PROCESSING][i=null,cb=org.eclipse.jetty.server.HttpChannel$SendCallback@63140bd6] (null,[p=0,l=0,c=0,r=0],true)@COMPLETING
[DEBUG] generate: NEED_CHUNK for SendCallback@2c1836a[PROCESSING][i=null,cb=org.eclipse.jetty.server.HttpChannel$SendCallback@63140bd6] (null,[p=0,l=0,c=0,r=0],true)@COMPLETING
[DEBUG] generate: FLUSH for SendCallback@2c1836a[PROCESSING][i=null,cb=org.eclipse.jetty.server.HttpChannel$SendCallback@63140bd6] (null,[p=0,l=0,c=0,r=0],true)@COMPLETING
[DEBUG] write: WriteFlusher@653abf25{IDLE}->null [HeapByteBuffer@e6dab5c[p=0,l=7,c=1024,r=7]={<<<\r\n0\r\n\r\n>>>\n\x00\x00\x00\x00\x00\x00\x00\x00...\x00\x00\x00\x00\x00\x00\x00}]
[DEBUG] update WriteFlusher@653abf25{WRITING}->null:IDLE-->WRITING
]]></system-out>
  </testcase>
  <testcase name="sendsRequestBodyJsonWithoutData" classname="org.jsoup.integration.ConnectTest" time="0.022">
    <system-out><![CDATA[[DEBUG] flushed 7 SocketChannelEndPoint@122254ce{l=/127.0.0.1:38858,r=/127.0.0.1:42942,OPEN,fill=-,flush=W,to=2/30000}{io=0/0,kio=0,kro=1}->HttpConnection@3be4ecda[p=HttpParser{s=CONTENT,0 of -1},g=HttpGenerator@af7230{s=COMPLETING}]=>HttpChannelOverHttp@f268a5a{s=HttpChannelState@2e8f904b{s=HANDLING rs=COMPLETING os=COMMITTED is=IDLE awp=false se=false i=false al=0},r=10,c=false/false,a=HANDLING,uri=//localhost:38858/FileServlet/htmltests/large.html,age=49}
[DEBUG] Flushed=true written=7 remaining=0 WriteFlusher@653abf25{WRITING}->null
[DEBUG] update WriteFlusher@653abf25{IDLE}->null:WRITING-->IDLE
[DEBUG] generate: DONE for SendCallback@2c1836a[PROCESSING][i=null,cb=org.eclipse.jetty.server.HttpChannel$SendCallback@63140bd6] (null,[p=0,l=0,c=0,r=0],true)@END
[DEBUG] onWriteComplete(true,null) s=CLOSING,api=BLOCKED,sc=false,e=null->s=CLOSED,api=BLOCKING,sc=false,e=null c=null cb=org.eclipse.jetty.util.Callback$3@49d7f6dd w=false
[DEBUG] completed HttpChannelState@2e8f904b{s=HANDLING rs=COMPLETING os=COMPLETED is=IDLE awp=false se=false i=false al=0}
[DEBUG] unhandle HttpChannelState@2e8f904b{s=HANDLING rs=COMPLETED os=COMPLETED is=IDLE awp=false se=false i=false al=0}
[DEBUG] nextAction(false) TERMINATED HttpChannelState@2e8f904b{s=IDLE rs=COMPLETED os=COMPLETED is=IDLE awp=false se=false i=false al=0}
[DEBUG] action TERMINATED HttpChannelOverHttp@f268a5a{s=HttpChannelState@2e8f904b{s=IDLE rs=COMPLETED os=COMPLETED is=IDLE awp=false se=false i=false al=0},r=10,c=true/true,a=IDLE,uri=//localhost:38858/FileServlet/htmltests/large.html,age=50}
[DEBUG] onCompleted for /FileServlet/htmltests/large.html written=280735
[DEBUG] filled 360 HeapByteBuffer@78a30358[p=0,l=360,c=8192,r=360]={<<<POST /EchoServlet HTTP/1....ngth: 11\r\n\r\n{key:value}>>> keep-ali...\x00\x00\x00\x00\x00\x00\x00}
[DEBUG] HttpConnection@3be4ecda::SocketChannelEndPoint@122254ce{l=/127.0.0.1:38858,r=/127.0.0.1:42942,OPEN,fill=-,flush=-,to=0/30000}{io=0/0,kio=0,kro=1}->HttpConnection@3be4ecda[p=HttpParser{s=CONTENT,0 of -1},g=HttpGenerator@af7230{s=END}]=>HttpChannelOverHttp@f268a5a{s=HttpChannelState@2e8f904b{s=IDLE rs=COMPLETED os=COMPLETED is=IDLE awp=false se=false i=false al=0},r=10,c=true/true,a=IDLE,uri=//localhost:38858/FileServlet/htmltests/large.html,age=50} filled 360 HeapByteBuffer@78a30358[p=0,l=360,c=8192,r=360]={<<<POST /EchoServlet HTTP/1....ngth: 11\r\n\r\n{key:value}>>> keep-ali...\x00\x00\x00\x00\x00\x00\x00}
[DEBUG] HttpConnection@3be4ecda::SocketChannelEndPoint@122254ce{l=/127.0.0.1:38858,r=/127.0.0.1:42942,OPEN,fill=-,flush=-,to=0/30000}{io=0/0,kio=0,kro=1}->HttpConnection@3be4ecda[p=HttpParser{s=CONTENT,0 of -1},g=HttpGenerator@af7230{s=END}]=>HttpChannelOverHttp@f268a5a{s=HttpChannelState@2e8f904b{s=IDLE rs=COMPLETED os=COMPLETED is=IDLE awp=false se=false i=false al=0},r=10,c=true/true,a=IDLE,uri=//localhost:38858/FileServlet/htmltests/large.html,age=50} parse HeapByteBuffer@78a30358[p=0,l=360,c=8192,r=360]={<<<POST /EchoServlet HTTP/1....ngth: 11\r\n\r\n{key:value}>>> keep-ali...\x00\x00\x00\x00\x00\x00\x00} {}
[DEBUG] parseNext s=CONTENT HeapByteBuffer@78a30358[p=0,l=360,c=8192,r=360]={<<<POST /EchoServlet HTTP/1....ngth: 11\r\n\r\n{key:value}>>> keep-ali...\x00\x00\x00\x00\x00\x00\x00}
[DEBUG] CONTENT --> CONTENT_END
[DEBUG] onContentComplete HttpChannelOverHttp@f268a5a{s=HttpChannelState@2e8f904b{s=IDLE rs=COMPLETED os=COMPLETED is=IDLE awp=false se=false i=false al=0},r=10,c=true/true,a=IDLE,uri=//localhost:38858/FileServlet/htmltests/large.html,age=50}
[DEBUG] CONTENT_END --> END
[DEBUG] onRequestComplete HttpChannelOverHttp@f268a5a{s=HttpChannelState@2e8f904b{s=IDLE rs=COMPLETED os=COMPLETED is=IDLE awp=false se=false i=false al=0},r=10,c=true/true,a=IDLE,uri=//localhost:38858/FileServlet/htmltests/large.html,age=50}
[DEBUG] HttpInputOverHTTP@5e34fa8b[c=0,q=0,[0]=null,s=STREAM] addContent EOF
[DEBUG] HttpConnection@3be4ecda::SocketChannelEndPoint@122254ce{l=/127.0.0.1:38858,r=/127.0.0.1:42942,OPEN,fill=-,flush=-,to=0/30000}{io=0/0,kio=0,kro=1}->HttpConnection@3be4ecda[p=HttpParser{s=END,0 of -1},g=HttpGenerator@af7230{s=END}]=>HttpChannelOverHttp@f268a5a{s=HttpChannelState@2e8f904b{s=IDLE rs=COMPLETED os=COMPLETED is=IDLE awp=false se=false i=false al=0},r=10,c=true/true,a=IDLE,uri=//localhost:38858/FileServlet/htmltests/large.html,age=54} parsed false HttpParser{s=END,0 of -1}
[DEBUG] recycle HttpChannelState@2e8f904b{s=IDLE rs=COMPLETED os=COMPLETED is=IDLE awp=false se=false i=false al=0}
[DEBUG] reset HttpParser{s=END,0 of -1}
[DEBUG] END --> START
[DEBUG] !handle TERMINATED HttpChannelOverHttp@f268a5a{s=HttpChannelState@2e8f904b{s=IDLE rs=BLOCKING os=OPEN is=IDLE awp=false se=false i=true al=0},r=10,c=false/false,a=IDLE,uri=null,age=0}
[DEBUG] HttpConnection@3be4ecda::SocketChannelEndPoint@122254ce{l=/127.0.0.1:38858,r=/127.0.0.1:42942,OPEN,fill=-,flush=-,to=4/30000}{io=0/0,kio=0,kro=1}->HttpConnection@3be4ecda[p=HttpParser{s=START,0 of -1},g=HttpGenerator@af7230{s=START}]=>HttpChannelOverHttp@f268a5a{s=HttpChannelState@2e8f904b{s=IDLE rs=BLOCKING os=OPEN is=IDLE awp=false se=false i=true al=0},r=10,c=false/false,a=IDLE,uri=null,age=0} parse HeapByteBuffer@78a30358[p=0,l=360,c=8192,r=360]={<<<POST /EchoServlet HTTP/1....ngth: 11\r\n\r\n{key:value}>>> keep-ali...\x00\x00\x00\x00\x00\x00\x00} {}
[DEBUG] parseNext s=START HeapByteBuffer@78a30358[p=0,l=360,c=8192,r=360]={<<<POST /EchoServlet HTTP/1....ngth: 11\r\n\r\n{key:value}>>> keep-ali...\x00\x00\x00\x00\x00\x00\x00}
[DEBUG] START --> SPACE1
[DEBUG] SPACE1 --> URI
[DEBUG] URI --> SPACE2
[DEBUG] SPACE2 --> REQUEST_VERSION
[DEBUG] REQUEST_VERSION --> HEADER
[DEBUG] HEADER:Accept-Encoding: gzip --> IN_VALUE
[DEBUG] HEADER:Accept-Encoding: gzip --> FIELD
[DEBUG] HEADER:Content-Type: application/json --> IN_VALUE
[DEBUG] HEADER:Content-Type: application/json --> FIELD
[DEBUG] HEADER:User-Agent: Mozilla/5.0 (Macintosh; Intel Mac OS X 10_11_4) AppleWebKit/537.36 (KHTML, like Gecko) Chrome/49.0.2623.112 Safari/537.36 --> IN_VALUE
[DEBUG] HEADER:User-Agent: Mozilla/5.0 (Macintosh; Intel Mac OS X 10_11_4) AppleWebKit/537.36 (KHTML, like Gecko) Chrome/49.0.2623.112 Safari/537.36 --> FIELD
[DEBUG] HEADER:Host: localhost:38858 --> IN_VALUE
[DEBUG] HEADER:Host: localhost:38858 --> FIELD
[DEBUG] HEADER:Accept: text/html, image/gif, image/jpeg, *; q=.2, */*; q=.2 --> IN_VALUE
[DEBUG] HEADER:Accept: text/html, image/gif, image/jpeg, *; q=.2, */*; q=.2 --> FIELD
[DEBUG] HEADER:Connection: keep-alive --> IN_VALUE
[DEBUG] HEADER:Connection: keep-alive --> FIELD
[DEBUG] HEADER:Content-Length --> VALUE
[DEBUG] HEADER:Content-Length --> IN_VALUE
[DEBUG] HEADER:Content-Length --> FIELD
[DEBUG] HEADER --> CONTENT
[DEBUG] REQUEST for //localhost:38858/EchoServlet on HttpChannelOverHttp@f268a5a{s=HttpChannelState@2e8f904b{s=IDLE rs=BLOCKING os=OPEN is=IDLE awp=false se=false i=true al=0},r=11,c=false/false,a=IDLE,uri=//localhost:38858/EchoServlet,age=0}
POST //localhost:38858/EchoServlet HTTP/1.1
Accept-Encoding: gzip
Content-Type: application/json
User-Agent: Mozilla/5.0 (Macintosh; Intel Mac OS X 10_11_4) AppleWebKit/537.36 (KHTML, like Gecko) Chrome/49.0.2623.112 Safari/537.36
Host: localhost:38858
Accept: text/html, image/gif, image/jpeg, *; q=.2, */*; q=.2
Connection: keep-alive
Content-Length: 11


[DEBUG] HttpConnection@3be4ecda::SocketChannelEndPoint@122254ce{l=/127.0.0.1:38858,r=/127.0.0.1:42942,OPEN,fill=-,flush=-,to=5/30000}{io=0/0,kio=0,kro=1}->HttpConnection@3be4ecda[p=HttpParser{s=CONTENT,0 of 11},g=HttpGenerator@af7230{s=START}]=>HttpChannelOverHttp@f268a5a{s=HttpChannelState@2e8f904b{s=IDLE rs=BLOCKING os=OPEN is=IDLE awp=false se=false i=true al=0},r=11,c=false/false,a=IDLE,uri=//localhost:38858/EchoServlet,age=0} parsed true HttpParser{s=CONTENT,0 of 11}
[DEBUG] handle //localhost:38858/EchoServlet HttpChannelOverHttp@f268a5a{s=HttpChannelState@2e8f904b{s=IDLE rs=BLOCKING os=OPEN is=IDLE awp=false se=false i=true al=0},r=11,c=false/false,a=IDLE,uri=//localhost:38858/EchoServlet,age=0} 
[DEBUG] handling HttpChannelState@2e8f904b{s=IDLE rs=BLOCKING os=OPEN is=IDLE awp=false se=false i=true al=0}
[DEBUG] action DISPATCH HttpChannelOverHttp@f268a5a{s=HttpChannelState@2e8f904b{s=HANDLING rs=BLOCKING os=OPEN is=IDLE awp=false se=false i=true al=0},r=11,c=false/false,a=HANDLING,uri=//localhost:38858/EchoServlet,age=0}
[DEBUG] REQUEST POST /EchoServlet on HttpChannelOverHttp@f268a5a{s=HttpChannelState@2e8f904b{s=HANDLING rs=BLOCKING os=OPEN is=IDLE awp=false se=false i=true al=0},r=11,c=false/false,a=HANDLING,uri=//localhost:38858/EchoServlet,age=0}
[DEBUG] servlet null|/EchoServlet|null -> org.jsoup.integration.servlets.EchoServlet-422c3c7a==org.jsoup.integration.servlets.EchoServlet@66e2fba5{jsp=null,order=-1,inst=true,async=true,src=EMBEDDED:null,STARTED}
[DEBUG] chain=null
[DEBUG] write(array HeapByteBuffer@51b51cab[p=0,l=235,c=512,r=235]={<<<<title>Webserver Environm...\n    <table border="0">>>>\x00\x00\x00\x00\x00\x00\x00\x00\x00...\x00\x00\x00\x00\x00\x00\x00})
[DEBUG] write(array) s=OPEN,api=BLOCKING,sc=false,e=null aggregated !flush DirectByteBuffer@1667663f[p=0,l=235,c=32768,r=235]={<<<<title>Webserver Environm...\n    <table border="0">>>><tr><th>M...gue. Pr}
[DEBUG] write(array HeapByteBuffer@2722695e[p=0,l=37,c=512,r=37]={<<<<tr><th>Method</th><td>POST</td></tr>>>>s</title>...\x00\x00\x00\x00\x00\x00\x00})
[DEBUG] write(array) s=OPEN,api=BLOCKING,sc=false,e=null aggregated !flush DirectByteBuffer@1667663f[p=0,l=272,c=32768,r=272]={<<<<title>Webserver Environm...</th><td>POST</td></tr>>>>\n<tr><th>...gue. Pr}
[DEBUG] write(array HeapByteBuffer@1f942e60[p=0,l=1,c=512,r=1]={<<<\n>>>tr><th>Me...\x00\x00\x00\x00\x00\x00\x00})
[DEBUG] write(array) s=OPEN,api=BLOCKING,sc=false,e=null aggregated !flush DirectByteBuffer@1667663f[p=0,l=273,c=32768,r=273]={<<<<title>Webserver Environm.../th><td>POST</td></tr>\n>>><tr><th>R...gue. Pr}
[DEBUG] write(array HeapByteBuffer@5c1dccff[p=0,l=50,c=512,r=50]={<<<<tr><th>Request URI</th><...>/EchoServlet</td></tr>>>> <style t...\x00\x00\x00\x00\x00\x00\x00})
[DEBUG] write(array) s=OPEN,api=BLOCKING,sc=false,e=null aggregated !flush DirectByteBuffer@1667663f[p=0,l=323,c=32768,r=323]={<<<<title>Webserver Environm...>/EchoServlet</td></tr>>>>\n<tr><th>...gue. Pr}
[DEBUG] write(array HeapByteBuffer@25b4d393[p=0,l=1,c=512,r=1]={<<<\n>>>tr><th>Re...\x00\x00\x00\x00\x00\x00\x00})
[DEBUG] write(array) s=OPEN,api=BLOCKING,sc=false,e=null aggregated !flush DirectByteBuffer@1667663f[p=0,l=324,c=32768,r=324]={<<<<title>Webserver Environm.../EchoServlet</td></tr>\n>>><tr><th>Q...gue. Pr}
[DEBUG] write(array HeapByteBuffer@116836e2[p=0,l=39,c=512,r=39]={<<<<tr><th>Query String</th><td></td></tr>>>>t</td></t...\x00\x00\x00\x00\x00\x00\x00})
[DEBUG] write(array) s=OPEN,api=BLOCKING,sc=false,e=null aggregated !flush DirectByteBuffer@1667663f[p=0,l=363,c=32768,r=363]={<<<<title>Webserver Environm...ring</th><td></td></tr>>>>\n<tr><th>...gue. Pr}
[DEBUG] write(array HeapByteBuffer@2fb1fd81[p=0,l=1,c=512,r=1]={<<<\n>>>tr><th>Qu...\x00\x00\x00\x00\x00\x00\x00})
[DEBUG] write(array) s=OPEN,api=BLOCKING,sc=false,e=null aggregated !flush DirectByteBuffer@1667663f[p=0,l=364,c=32768,r=364]={<<<<title>Webserver Environm...ing</th><td></td></tr>\n>>><tr><th>C...gue. Pr}
[DEBUG] write(array HeapByteBuffer@1d79b6bc[p=0,l=85,c=512,r=85]={<<<<tr><th>Accept</th><td>te....2, */*; q=.2</td></tr>>>>, td, th ...\x00\x00\x00\x00\x00\x00\x00})
[DEBUG] write(array) s=OPEN,api=BLOCKING,sc=false,e=null aggregated !flush DirectByteBuffer@1667663f[p=0,l=449,c=32768,r=449]={<<<<title>Webserver Environm....2, */*; q=.2</td></tr>>>>if, image...gue. Pr}
[DEBUG] write(array HeapByteBuffer@1e52c6cb[p=0,l=1,c=512,r=1]={<<<\n>>>tr><th>Ac...\x00\x00\x00\x00\x00\x00\x00})
[DEBUG] write(array) s=OPEN,api=BLOCKING,sc=false,e=null aggregated !flush DirectByteBuffer@1667663f[p=0,l=450,c=32768,r=450]={<<<<title>Webserver Environm...2, */*; q=.2</td></tr>\n>>>f, image/...gue. Pr}
[DEBUG] write(array HeapByteBuffer@4edd2cc5[p=0,l=158,c=512,r=158]={<<<<tr><th>User-Agent</th><t...Safari/537.36</td></tr>>>>th {font-...\x00\x00\x00\x00\x00\x00\x00})
[DEBUG] write(array) s=OPEN,api=BLOCKING,sc=false,e=null aggregated !flush DirectByteBuffer@1667663f[p=0,l=608,c=32768,r=608]={<<<<title>Webserver Environm...Safari/537.36</td></tr>>>>/79.0.394...gue. Pr}
[DEBUG] write(array HeapByteBuffer@6e209d6a[p=0,l=1,c=512,r=1]={<<<\n>>>tr><th>Us...\x00\x00\x00\x00\x00\x00\x00})
[DEBUG] write(array) s=OPEN,api=BLOCKING,sc=false,e=null aggregated !flush DirectByteBuffer@1667663f[p=0,l=609,c=32768,r=609]={<<<<title>Webserver Environm...afari/537.36</td></tr>\n>>>79.0.3945...gue. Pr}
[DEBUG] write(array HeapByteBuffer@3ebc0a44[p=0,l=47,c=512,r=47]={<<<<tr><th>Connection</th><td>keep-alive</td></tr>>>>sh; Intel...\x00\x00\x00\x00\x00\x00\x00})
[DEBUG] write(array) s=OPEN,api=BLOCKING,sc=false,e=null aggregated !flush DirectByteBuffer@1667663f[p=0,l=656,c=32768,r=656]={<<<<title>Webserver Environm...td>keep-alive</td></tr>>>>onnection...gue. Pr}
[DEBUG] write(array HeapByteBuffer@36d0f7c6[p=0,l=1,c=512,r=1]={<<<\n>>>tr><th>Co...\x00\x00\x00\x00\x00\x00\x00})
[DEBUG] write(array) s=OPEN,api=BLOCKING,sc=false,e=null aggregated !flush DirectByteBuffer@1667663f[p=0,l=657,c=32768,r=657]={<<<<title>Webserver Environm...d>keep-alive</td></tr>\n>>>nnection<...gue. Pr}
[DEBUG] write(array HeapByteBuffer@114c4edd[p=0,l=46,c=512,r=46]={<<<<tr><th>Host</th><td>localhost:38858</td></tr>>>>>sh; Inte...\x00\x00\x00\x00\x00\x00\x00})
[DEBUG] write(array) s=OPEN,api=BLOCKING,sc=false,e=null aggregated !flush DirectByteBuffer@1667663f[p=0,l=703,c=32768,r=703]={<<<<title>Webserver Environm...calhost:38858</td></tr>>>>Host</th>...gue. Pr}
[DEBUG] write(array HeapByteBuffer@7bed4a53[p=0,l=1,c=512,r=1]={<<<\n>>>tr><th>Ho...\x00\x00\x00\x00\x00\x00\x00})
[DEBUG] write(array) s=OPEN,api=BLOCKING,sc=false,e=null aggregated !flush DirectByteBuffer@1667663f[p=0,l=704,c=32768,r=704]={<<<<title>Webserver Environm...alhost:38858</td></tr>\n>>>ost</th><...gue. Pr}
[DEBUG] write(array HeapByteBuffer@25dd8140[p=0,l=46,c=512,r=46]={<<<<tr><th>Accept-Encoding</th><td>gzip</td></tr>>>>>sh; Inte...\x00\x00\x00\x00\x00\x00\x00})
[DEBUG] write(array) s=OPEN,api=BLOCKING,sc=false,e=null aggregated !flush DirectByteBuffer@1667663f[p=0,l=750,c=32768,r=750]={<<<<title>Webserver Environm...</th><td>gzip</td></tr>>>>Accept-En...gue. Pr}
[DEBUG] write(array HeapByteBuffer@14023cfa[p=0,l=1,c=512,r=1]={<<<\n>>>tr><th>Ac...\x00\x00\x00\x00\x00\x00\x00})
[DEBUG] write(array) s=OPEN,api=BLOCKING,sc=false,e=null aggregated !flush DirectByteBuffer@1667663f[p=0,l=751,c=32768,r=751]={<<<<title>Webserver Environm.../th><td>gzip</td></tr>\n>>>ccept-Enc...gue. Pr}
[DEBUG] write(array HeapByteBuffer@674ba201[p=0,l=43,c=512,r=43]={<<<<tr><th>Content-Length</th><td>11</td></tr>>>>tr>>sh; I...\x00\x00\x00\x00\x00\x00\x00})
[DEBUG] write(array) s=OPEN,api=BLOCKING,sc=false,e=null aggregated !flush DirectByteBuffer@1667663f[p=0,l=794,c=32768,r=794]={<<<<title>Webserver Environm...th</th><td>11</td></tr>>>>th>Conten...gue. Pr}
[DEBUG] write(array HeapByteBuffer@76e5c369[p=0,l=1,c=512,r=1]={<<<\n>>>tr><th>Co...\x00\x00\x00\x00\x00\x00\x00})
[DEBUG] write(array) s=OPEN,api=BLOCKING,sc=false,e=null aggregated !flush DirectByteBuffer@1667663f[p=0,l=795,c=32768,r=795]={<<<<title>Webserver Environm...h</th><td>11</td></tr>\n>>>h>Content...gue. Pr}
[DEBUG] write(array HeapByteBuffer@3f7b9b74[p=0,l=55,c=512,r=55]={<<<<tr><th>Content-Type</th>...lication/json</td></tr>>>>l Mac OS ...\x00\x00\x00\x00\x00\x00\x00})
[DEBUG] write(array) s=OPEN,api=BLOCKING,sc=false,e=null aggregated !flush DirectByteBuffer@1667663f[p=0,l=850,c=32768,r=850]={<<<<title>Webserver Environm...lication/json</td></tr>>>>ype</th><...gue. Pr}
[DEBUG] write(array HeapByteBuffer@3a9b958d[p=0,l=1,c=512,r=1]={<<<\n>>>tr><th>Co...\x00\x00\x00\x00\x00\x00\x00})
[DEBUG] write(array) s=OPEN,api=BLOCKING,sc=false,e=null aggregated !flush DirectByteBuffer@1667663f[p=0,l=851,c=32768,r=851]={<<<<title>Webserver Environm...ication/json</td></tr>\n>>>pe</th><t...gue. Pr}
[DEBUG] HttpConnection@3be4ecda::SocketChannelEndPoint@122254ce{l=/127.0.0.1:38858,r=/127.0.0.1:42942,OPEN,fill=-,flush=-,to=14/30000}{io=0/0,kio=0,kro=1}->HttpConnection@3be4ecda[p=HttpParser{s=CONTENT,0 of 11},g=HttpGenerator@af7230{s=START}]=>HttpChannelOverHttp@f268a5a{s=HttpChannelState@2e8f904b{s=HANDLING rs=BLOCKING os=OPEN is=IDLE awp=false se=false i=true al=0},r=11,c=false/false,a=HANDLING,uri=//localhost:38858/EchoServlet,age=8} parse HeapByteBuffer@78a30358[p=349,l=360,c=8192,r=11]={POST /Ech... 11\r\n\r\n<<<{key:value}>>> keep-ali...\x00\x00\x00\x00\x00\x00\x00} {}
[DEBUG] parseNext s=CONTENT HeapByteBuffer@78a30358[p=349,l=360,c=8192,r=11]={POST /Ech... 11\r\n\r\n<<<{key:value}>>> keep-ali...\x00\x00\x00\x00\x00\x00\x00}
[DEBUG] onContent HttpChannelOverHttp@f268a5a{s=HttpChannelState@2e8f904b{s=HANDLING rs=BLOCKING os=OPEN is=IDLE awp=false se=false i=true al=0},r=11,c=false/false,a=HANDLING,uri=//localhost:38858/EchoServlet,age=8} Content@fa6375{HeapByteBufferR@585c1688[p=349,l=360,c=8192,r=11]={POST /Ech... 11\r\n\r\n<<<{key:value}>>> keep-ali...\x00\x00\x00\x00\x00\x00\x00}}
[DEBUG] HttpInputOverHTTP@5e34fa8b[c=0,q=0,[0]=null,s=STREAM] addContent Content@fa6375{HeapByteBufferR@585c1688[p=349,l=360,c=8192,r=11]={POST /Ech... 11\r\n\r\n<<<{key:value}>>> keep-ali...\x00\x00\x00\x00\x00\x00\x00}}
[DEBUG] CONTENT --> CONTENT_END
[DEBUG] onContentComplete HttpChannelOverHttp@f268a5a{s=HttpChannelState@2e8f904b{s=HANDLING rs=BLOCKING os=OPEN is=IDLE awp=false se=false i=true al=0},r=11,c=false/false,a=HANDLING,uri=//localhost:38858/EchoServlet,age=8}
[DEBUG] CONTENT_END --> END
[DEBUG] onRequestComplete HttpChannelOverHttp@f268a5a{s=HttpChannelState@2e8f904b{s=HANDLING rs=BLOCKING os=OPEN is=IDLE awp=false se=false i=true al=0},r=11,c=false/false,a=HANDLING,uri=//localhost:38858/EchoServlet,age=8}
[DEBUG] HttpInputOverHTTP@5e34fa8b[c=0,q=1,[0]=EOF,s=STREAM] addContent EOF
[DEBUG] HttpConnection@3be4ecda::SocketChannelEndPoint@122254ce{l=/127.0.0.1:38858,r=/127.0.0.1:42942,OPEN,fill=-,flush=-,to=14/30000}{io=0/0,kio=0,kro=1}->HttpConnection@3be4ecda[p=HttpParser{s=END,11 of 11},g=HttpGenerator@af7230{s=START}]=>HttpChannelOverHttp@f268a5a{s=HttpChannelState@2e8f904b{s=HANDLING rs=BLOCKING os=OPEN is=IDLE awp=false se=false i=true al=0},r=11,c=false/false,a=HANDLING,uri=//localhost:38858/EchoServlet,age=8} parsed false HttpParser{s=END,11 of 11}
[DEBUG] HttpInputOverHTTP@5e34fa8b[c=11,q=1,[0]=EOF,s=STREAM] read 11 from Content@fa6375{HeapByteBufferR@585c1688[p=360,l=360,c=8192,r=0]={POST /Ech...:value}<<<>>> keep-ali...\x00\x00\x00\x00\x00\x00\x00}}
[DEBUG] releaseRequestBuffer HttpConnection@3be4ecda::SocketChannelEndPoint@122254ce{l=/127.0.0.1:38858,r=/127.0.0.1:42942,OPEN,fill=-,flush=-,to=14/30000}{io=0/0,kio=0,kro=1}->HttpConnection@3be4ecda[p=HttpParser{s=END,11 of 11},g=HttpGenerator@af7230{s=START}]=>HttpChannelOverHttp@f268a5a{s=HttpChannelState@2e8f904b{s=HANDLING rs=BLOCKING os=OPEN is=IDLE awp=false se=false i=true al=0},r=11,c=false/false,a=HANDLING,uri=//localhost:38858/EchoServlet,age=8}
[DEBUG] onEof HttpChannelState@2e8f904b{s=HANDLING rs=BLOCKING os=OPEN is=IDLE awp=false se=false i=true al=0}
[DEBUG] write(array HeapByteBuffer@3b1f86cc[p=0,l=47,c=512,r=47]={<<<<tr><th>Post Data</th><td>{key:value}</td></tr>>>>td></tr>l...\x00\x00\x00\x00\x00\x00\x00})
[DEBUG] write(array) s=OPEN,api=BLOCKING,sc=false,e=null aggregated !flush DirectByteBuffer@1667663f[p=0,l=898,c=32768,r=898]={<<<<title>Webserver Environm...d>{key:value}</td></tr>>>>harset=UT...gue. Pr}
[DEBUG] write(array HeapByteBuffer@5dce5bdf[p=0,l=1,c=512,r=1]={<<<\n>>>tr><th>Po...\x00\x00\x00\x00\x00\x00\x00})
[DEBUG] write(array) s=OPEN,api=BLOCKING,sc=false,e=null aggregated !flush DirectByteBuffer@1667663f[p=0,l=899,c=32768,r=899]={<<<<title>Webserver Environm...>{key:value}</td></tr>\n>>>arset=UTF...gue. Pr}
[DEBUG] write(array HeapByteBuffer@efc7ad8[p=0,l=8,c=512,r=8]={<<<</table>>>>Post Data...\x00\x00\x00\x00\x00\x00\x00})
[DEBUG] write(array) s=OPEN,api=BLOCKING,sc=false,e=null aggregated !flush DirectByteBuffer@1667663f[p=0,l=907,c=32768,r=907]={<<<<title>Webserver Environm...lue}</td></tr>\n</table>>>>F-8</td><...gue. Pr}
[DEBUG] write(array HeapByteBuffer@36acd5d9[p=0,l=1,c=512,r=1]={<<<\n>>>/table>Po...\x00\x00\x00\x00\x00\x00\x00})
[DEBUG] write(array) s=OPEN,api=BLOCKING,sc=false,e=null aggregated !flush DirectByteBuffer@1667663f[p=0,l=908,c=32768,r=908]={<<<<title>Webserver Environm...ue}</td></tr>\n</table>\n>>>-8</td></...gue. Pr}
[DEBUG] handled=true async=false committed=false on HttpChannelOverHttp@f268a5a{s=HttpChannelState@2e8f904b{s=HANDLING rs=BLOCKING os=OPEN is=READY awp=false se=false i=true al=0},r=11,c=false/false,a=HANDLING,uri=//localhost:38858/EchoServlet,age=9}
[DEBUG] unhandle HttpChannelState@2e8f904b{s=HANDLING rs=BLOCKING os=OPEN is=READY awp=false se=false i=true al=0}
[DEBUG] nextAction(false) COMPLETE HttpChannelState@2e8f904b{s=HANDLING rs=COMPLETING os=OPEN is=READY awp=false se=false i=false al=0}
[DEBUG] action COMPLETE HttpChannelOverHttp@f268a5a{s=HttpChannelState@2e8f904b{s=HANDLING rs=COMPLETING os=OPEN is=READY awp=false se=false i=false al=0},r=11,c=false/false,a=HANDLING,uri=//localhost:38858/EchoServlet,age=9}
[DEBUG] complete(org.eclipse.jetty.util.Callback$3@71c21c26) s=CLOSING,api=BLOCKED,sc=false,e=null s=false e=null, c=DirectByteBuffer@1667663f[p=0,l=908,c=32768,r=908]={<<<<title>Webserver Environm...ue}</td></tr>\n</table>\n>>>-8</td></...gue. Pr}
[DEBUG] sendResponse info=null content=DirectByteBuffer@1667663f[p=0,l=908,c=32768,r=908]={<<<<title>Webserver Environm...ue}</td></tr>\n</table>\n>>>-8</td></...gue. Pr} complete=true committing=true callback=org.eclipse.jetty.server.HttpOutput$WriteCompleteCB@5efda162
[DEBUG] COMMIT for /EchoServlet on HttpChannelOverHttp@f268a5a{s=HttpChannelState@2e8f904b{s=HANDLING rs=COMPLETING os=COMMITTED is=READY awp=false se=false i=false al=0},r=11,c=false/false,a=HANDLING,uri=//localhost:38858/EchoServlet,age=9}
200 null HTTP/1.1
Date: Mon, 20 Sep 2021 19:30:12 GMT
Content-Type: text/html;charset=utf-8
Cache-Control: no-cache
Cache-Control: no-store


[DEBUG] generate: NEED_HEADER for SendCallback@2c1836a[PROCESSING][i=HTTP/1.1{s=200,h=4,cl=-1},cb=org.eclipse.jetty.server.HttpChannel$SendCallback@33ba3adf] (null,[p=0,l=908,c=32768,r=908],true)@START
[DEBUG] generateHeaders HTTP/1.1{s=200,h=4,cl=-1} last=true content=DirectByteBuffer@1667663f[p=0,l=908,c=32768,r=908]={<<<<title>Webserver Environm...ue}</td></tr>\n</table>\n>>>-8</td></...gue. Pr}
[DEBUG] Date: Mon, 20 Sep 2021 19:30:12 GMT
Content-Type: text/html;charset=utf-8
Cache-Control: no-cache
Cache-Control: no-store


[DEBUG] CONTENT_LENGTH
[DEBUG] generate: FLUSH for SendCallback@2c1836a[PROCESSING][i=HTTP/1.1{s=200,h=4,cl=-1},cb=org.eclipse.jetty.server.HttpChannel$SendCallback@33ba3adf] ([p=0,l=199,c=8192,r=199],[p=0,l=908,c=32768,r=908],true)@COMPLETING
[DEBUG] write: WriteFlusher@653abf25{IDLE}->null [HeapByteBuffer@41e05b38[p=0,l=199,c=8192,r=199]={<<<HTTP/1.1 200 OK\r\nDate: Mo...y(9.4.43.v20210629)\r\n\r\n>>>\nHost: lo...\x00\x00\x00\x00\x00\x00\x00},DirectByteBuffer@1667663f[p=0,l=908,c=32768,r=908]={<<<<title>Webserver Environm...ue}</td></tr>\n</table>\n>>>-8</td></...gue. Pr}]
[DEBUG] update WriteFlusher@653abf25{WRITING}->null:IDLE-->WRITING
]]></system-out>
  </testcase>
  <testcase name="combinesSameHeadersWithComma" classname="org.jsoup.integration.ConnectTest" time="0.019">
    <system-out><![CDATA[[DEBUG] flushed 1107 SocketChannelEndPoint@122254ce{l=/127.0.0.1:38858,r=/127.0.0.1:42942,OPEN,fill=-,flush=W,to=32/30000}{io=0/0,kio=0,kro=1}->HttpConnection@3be4ecda[p=HttpParser{s=END,11 of 11},g=HttpGenerator@af7230{s=COMPLETING}]=>HttpChannelOverHttp@f268a5a{s=HttpChannelState@2e8f904b{s=HANDLING rs=COMPLETING os=COMMITTED is=READY awp=false se=false i=false al=0},r=11,c=false/false,a=HANDLING,uri=//localhost:38858/EchoServlet,age=27}
[DEBUG] Flushed=true written=1107 remaining=0 WriteFlusher@653abf25{WRITING}->null
[DEBUG] update WriteFlusher@653abf25{IDLE}->null:WRITING-->IDLE
[DEBUG] generate: DONE for SendCallback@2c1836a[PROCESSING][i=HTTP/1.1{s=200,h=4,cl=-1},cb=org.eclipse.jetty.server.HttpChannel$SendCallback@33ba3adf] ([p=199,l=199,c=8192,r=0],[p=908,l=908,c=32768,r=0],true)@END
[DEBUG] onWriteComplete(true,null) s=CLOSING,api=BLOCKED,sc=false,e=null->s=CLOSED,api=BLOCKING,sc=false,e=null c=null cb=org.eclipse.jetty.util.Callback$3@71c21c26 w=false
[DEBUG] completed HttpChannelState@2e8f904b{s=HANDLING rs=COMPLETING os=COMPLETED is=READY awp=false se=false i=false al=0}
[DEBUG] unhandle HttpChannelState@2e8f904b{s=HANDLING rs=COMPLETED os=COMPLETED is=READY awp=false se=false i=false al=0}
[DEBUG] nextAction(false) TERMINATED HttpChannelState@2e8f904b{s=IDLE rs=COMPLETED os=COMPLETED is=READY awp=false se=false i=false al=0}
[DEBUG] action TERMINATED HttpChannelOverHttp@f268a5a{s=HttpChannelState@2e8f904b{s=IDLE rs=COMPLETED os=COMPLETED is=READY awp=false se=false i=false al=0},r=11,c=true/true,a=IDLE,uri=//localhost:38858/EchoServlet,age=27}
[DEBUG] onCompleted for /EchoServlet written=908
[DEBUG] recycle HttpChannelState@2e8f904b{s=IDLE rs=COMPLETED os=COMPLETED is=READY awp=false se=false i=false al=0}
[DEBUG] reset HttpParser{s=END,11 of 11}
[DEBUG] END --> START
[DEBUG] !handle TERMINATED HttpChannelOverHttp@f268a5a{s=HttpChannelState@2e8f904b{s=IDLE rs=BLOCKING os=OPEN is=IDLE awp=false se=false i=true al=0},r=11,c=false/false,a=IDLE,uri=null,age=0}
[DEBUG] filled 290 HeapByteBuffer@22b9b50d[p=0,l=290,c=8192,r=290]={<<<GET /EchoServlet HTTP/1.1...nection: keep-alive\r\n\r\n>>>ction: ke...\x86&h\xA0{\xC1\xC2}
[DEBUG] HttpConnection@3be4ecda::SocketChannelEndPoint@122254ce{l=/127.0.0.1:38858,r=/127.0.0.1:42942,OPEN,fill=-,flush=-,to=0/30000}{io=0/0,kio=0,kro=1}->HttpConnection@3be4ecda[p=HttpParser{s=START,0 of -1},g=HttpGenerator@af7230{s=START}]=>HttpChannelOverHttp@f268a5a{s=HttpChannelState@2e8f904b{s=IDLE rs=BLOCKING os=OPEN is=IDLE awp=false se=false i=true al=0},r=11,c=false/false,a=IDLE,uri=null,age=0} filled 290 HeapByteBuffer@22b9b50d[p=0,l=290,c=8192,r=290]={<<<GET /EchoServlet HTTP/1.1...nection: keep-alive\r\n\r\n>>>ction: ke...\x86&h\xA0{\xC1\xC2}
[DEBUG] HttpConnection@3be4ecda::SocketChannelEndPoint@122254ce{l=/127.0.0.1:38858,r=/127.0.0.1:42942,OPEN,fill=-,flush=-,to=0/30000}{io=0/0,kio=0,kro=1}->HttpConnection@3be4ecda[p=HttpParser{s=START,0 of -1},g=HttpGenerator@af7230{s=START}]=>HttpChannelOverHttp@f268a5a{s=HttpChannelState@2e8f904b{s=IDLE rs=BLOCKING os=OPEN is=IDLE awp=false se=false i=true al=0},r=11,c=false/false,a=IDLE,uri=null,age=0} parse HeapByteBuffer@22b9b50d[p=0,l=290,c=8192,r=290]={<<<GET /EchoServlet HTTP/1.1...nection: keep-alive\r\n\r\n>>>ction: ke...\x86&h\xA0{\xC1\xC2} {}
[DEBUG] parseNext s=START HeapByteBuffer@22b9b50d[p=0,l=290,c=8192,r=290]={<<<GET /EchoServlet HTTP/1.1...nection: keep-alive\r\n\r\n>>>ction: ke...\x86&h\xA0{\xC1\xC2}
[DEBUG] START --> SPACE1
[DEBUG] SPACE1 --> URI
[DEBUG] URI --> SPACE2
[DEBUG] SPACE2 --> REQUEST_VERSION
[DEBUG] REQUEST_VERSION --> HEADER
[DEBUG] HEADER:Accept-Encoding: gzip --> IN_VALUE
[DEBUG] HEADER:Accept-Encoding: gzip --> FIELD
[DEBUG] HEADER:User-Agent: Mozilla/5.0 (Windows NT 10.0; Win64; x64) AppleWebKit/537.36 (KHTML, like Gecko) Chrome/79.0.3945.130 Safari/537.36 --> IN_VALUE
[DEBUG] HEADER:User-Agent: Mozilla/5.0 (Windows NT 10.0; Win64; x64) AppleWebKit/537.36 (KHTML, like Gecko) Chrome/79.0.3945.130 Safari/537.36 --> FIELD
[DEBUG] HEADER:Host: localhost:38858 --> IN_VALUE
[DEBUG] HEADER:Host: localhost:38858 --> FIELD
[DEBUG] HEADER:Accept: text/html, image/gif, image/jpeg, *; q=.2, */*; q=.2 --> IN_VALUE
[DEBUG] HEADER:Accept: text/html, image/gif, image/jpeg, *; q=.2, */*; q=.2 --> FIELD
[DEBUG] HEADER:Connection: keep-alive --> IN_VALUE
[DEBUG] HEADER:Connection: keep-alive --> FIELD
[DEBUG] HEADER --> CONTENT
[DEBUG] REQUEST for //localhost:38858/EchoServlet on HttpChannelOverHttp@f268a5a{s=HttpChannelState@2e8f904b{s=IDLE rs=BLOCKING os=OPEN is=IDLE awp=false se=false i=true al=0},r=12,c=false/false,a=IDLE,uri=//localhost:38858/EchoServlet,age=0}
GET //localhost:38858/EchoServlet HTTP/1.1
Accept-Encoding: gzip
User-Agent: Mozilla/5.0 (Windows NT 10.0; Win64; x64) AppleWebKit/537.36 (KHTML, like Gecko) Chrome/79.0.3945.130 Safari/537.36
Host: localhost:38858
Accept: text/html, image/gif, image/jpeg, *; q=.2, */*; q=.2
Connection: keep-alive


[DEBUG] HttpConnection@3be4ecda::SocketChannelEndPoint@122254ce{l=/127.0.0.1:38858,r=/127.0.0.1:42942,OPEN,fill=-,flush=-,to=0/30000}{io=0/0,kio=0,kro=1}->HttpConnection@3be4ecda[p=HttpParser{s=CONTENT,0 of -1},g=HttpGenerator@af7230{s=START}]=>HttpChannelOverHttp@f268a5a{s=HttpChannelState@2e8f904b{s=IDLE rs=BLOCKING os=OPEN is=IDLE awp=false se=false i=true al=0},r=12,c=false/false,a=IDLE,uri=//localhost:38858/EchoServlet,age=0} parsed true HttpParser{s=CONTENT,0 of -1}
[DEBUG] releaseRequestBuffer HttpConnection@3be4ecda::SocketChannelEndPoint@122254ce{l=/127.0.0.1:38858,r=/127.0.0.1:42942,OPEN,fill=-,flush=-,to=0/30000}{io=0/0,kio=0,kro=1}->HttpConnection@3be4ecda[p=HttpParser{s=CONTENT,0 of -1},g=HttpGenerator@af7230{s=START}]=>HttpChannelOverHttp@f268a5a{s=HttpChannelState@2e8f904b{s=IDLE rs=BLOCKING os=OPEN is=IDLE awp=false se=false i=true al=0},r=12,c=false/false,a=IDLE,uri=//localhost:38858/EchoServlet,age=0}
[DEBUG] handle //localhost:38858/EchoServlet HttpChannelOverHttp@f268a5a{s=HttpChannelState@2e8f904b{s=IDLE rs=BLOCKING os=OPEN is=IDLE awp=false se=false i=true al=0},r=12,c=false/false,a=IDLE,uri=//localhost:38858/EchoServlet,age=0} 
[DEBUG] handling HttpChannelState@2e8f904b{s=IDLE rs=BLOCKING os=OPEN is=IDLE awp=false se=false i=true al=0}
[DEBUG] action DISPATCH HttpChannelOverHttp@f268a5a{s=HttpChannelState@2e8f904b{s=HANDLING rs=BLOCKING os=OPEN is=IDLE awp=false se=false i=true al=0},r=12,c=false/false,a=HANDLING,uri=//localhost:38858/EchoServlet,age=0}
[DEBUG] REQUEST GET /EchoServlet on HttpChannelOverHttp@f268a5a{s=HttpChannelState@2e8f904b{s=HANDLING rs=BLOCKING os=OPEN is=IDLE awp=false se=false i=true al=0},r=12,c=false/false,a=HANDLING,uri=//localhost:38858/EchoServlet,age=0}
[DEBUG] servlet null|/EchoServlet|null -> org.jsoup.integration.servlets.EchoServlet-422c3c7a==org.jsoup.integration.servlets.EchoServlet@66e2fba5{jsp=null,order=-1,inst=true,async=true,src=EMBEDDED:null,STARTED}
[DEBUG] chain=null
[DEBUG] write(array HeapByteBuffer@63e8236c[p=0,l=235,c=512,r=235]={<<<<title>Webserver Environm...\n    <table border="0">>>>\x00\x00\x00\x00\x00\x00\x00\x00\x00...\x00\x00\x00\x00\x00\x00\x00})
[DEBUG] write(array) s=OPEN,api=BLOCKING,sc=false,e=null aggregated !flush DirectByteBuffer@577d71b2[p=0,l=235,c=32768,r=235]={<<<<title>Webserver Environm...\n    <table border="0">>>>\n\x11\x01\xFf\xC4\x00\x1f\x00\x00...gue. Pr}
[DEBUG] write(array HeapByteBuffer@2aa201b[p=0,l=36,c=512,r=36]={<<<<tr><th>Method</th><td>GET</td></tr>>>>es</title...\x00\x00\x00\x00\x00\x00\x00})
[DEBUG] write(array) s=OPEN,api=BLOCKING,sc=false,e=null aggregated !flush DirectByteBuffer@577d71b2[p=0,l=271,c=32768,r=271]={<<<<title>Webserver Environm...d</th><td>GET</td></tr>>>>\xFf\xC4\x00\xB5\x10\x00\x02\x01\x03...gue. Pr}
[DEBUG] write(array HeapByteBuffer@31ef679d[p=0,l=1,c=512,r=1]={<<<\n>>>tr><th>Me...\x00\x00\x00\x00\x00\x00\x00})
[DEBUG] write(array) s=OPEN,api=BLOCKING,sc=false,e=null aggregated !flush DirectByteBuffer@577d71b2[p=0,l=272,c=32768,r=272]={<<<<title>Webserver Environm...</th><td>GET</td></tr>\n>>>\xC4\x00\xB5\x10\x00\x02\x01\x03\x03...gue. Pr}
[DEBUG] write(array HeapByteBuffer@5361dfbd[p=0,l=50,c=512,r=50]={<<<<tr><th>Request URI</th><...>/EchoServlet</td></tr>>>> <style t...\x00\x00\x00\x00\x00\x00\x00})
[DEBUG] write(array) s=OPEN,api=BLOCKING,sc=false,e=null aggregated !flush DirectByteBuffer@577d71b2[p=0,l=322,c=32768,r=322]={<<<<title>Webserver Environm...>/EchoServlet</td></tr>>>>\xD1\xF0$3br\x82\t\n...gue. Pr}
[DEBUG] write(array HeapByteBuffer@71b065fe[p=0,l=1,c=512,r=1]={<<<\n>>>tr><th>Re...\x00\x00\x00\x00\x00\x00\x00})
[DEBUG] write(array) s=OPEN,api=BLOCKING,sc=false,e=null aggregated !flush DirectByteBuffer@577d71b2[p=0,l=323,c=32768,r=323]={<<<<title>Webserver Environm.../EchoServlet</td></tr>\n>>>\xF0$3br\x82\t\n\x16...gue. Pr}
[DEBUG] write(array HeapByteBuffer@2249392b[p=0,l=39,c=512,r=39]={<<<<tr><th>Query String</th><td></td></tr>>>>t</td></t...\x00\x00\x00\x00\x00\x00\x00})
[DEBUG] write(array) s=OPEN,api=BLOCKING,sc=false,e=null aggregated !flush DirectByteBuffer@577d71b2[p=0,l=362,c=32768,r=362]={<<<<title>Webserver Environm...ring</th><td></td></tr>>>>XYZcdefgh...gue. Pr}
[DEBUG] write(array HeapByteBuffer@68506170[p=0,l=1,c=512,r=1]={<<<\n>>>tr><th>Qu...\x00\x00\x00\x00\x00\x00\x00})
[DEBUG] write(array) s=OPEN,api=BLOCKING,sc=false,e=null aggregated !flush DirectByteBuffer@577d71b2[p=0,l=363,c=32768,r=363]={<<<<title>Webserver Environm...ing</th><td></td></tr>\n>>>YZcdefghi...gue. Pr}
[DEBUG] write(array HeapByteBuffer@3591d7f0[p=0,l=85,c=512,r=85]={<<<<tr><th>Accept</th><td>te....2, */*; q=.2</td></tr>>>>, td, th ...\x00\x00\x00\x00\x00\x00\x00})
[DEBUG] write(array) s=OPEN,api=BLOCKING,sc=false,e=null aggregated !flush DirectByteBuffer@577d71b2[p=0,l=448,c=32768,r=448]={<<<<title>Webserver Environm....2, */*; q=.2</td></tr>>>>\xF5\xF6\xF7\xF8\xF9\xFa\xFf\xC4\x00...gue. Pr}
[DEBUG] write(array HeapByteBuffer@47fccb29[p=0,l=1,c=512,r=1]={<<<\n>>>tr><th>Ac...\x00\x00\x00\x00\x00\x00\x00})
[DEBUG] write(array) s=OPEN,api=BLOCKING,sc=false,e=null aggregated !flush DirectByteBuffer@577d71b2[p=0,l=449,c=32768,r=449]={<<<<title>Webserver Environm...2, */*; q=.2</td></tr>\n>>>\xF6\xF7\xF8\xF9\xFa\xFf\xC4\x00\x1f...gue. Pr}
[DEBUG] write(array HeapByteBuffer@2c17229c[p=0,l=152,c=512,r=152]={<<<<tr><th>User-Agent</th><t...Safari/537.36</td></tr>>>>      th ...\x00\x00\x00\x00\x00\x00\x00})
[DEBUG] write(array) s=OPEN,api=BLOCKING,sc=false,e=null aggregated !flush DirectByteBuffer@577d71b2[p=0,l=601,c=32768,r=601]={<<<<title>Webserver Environm...Safari/537.36</td></tr>>>>\x85\x86\x87\x88\x89\x8a\x92\x93\x94...gue. Pr}
[DEBUG] write(array HeapByteBuffer@47279d8f[p=0,l=1,c=512,r=1]={<<<\n>>>tr><th>Us...\x00\x00\x00\x00\x00\x00\x00})
[DEBUG] write(array) s=OPEN,api=BLOCKING,sc=false,e=null aggregated !flush DirectByteBuffer@577d71b2[p=0,l=602,c=32768,r=602]={<<<<title>Webserver Environm...afari/537.36</td></tr>\n>>>\x86\x87\x88\x89\x8a\x92\x93\x94\x95...gue. Pr}
[DEBUG] write(array HeapByteBuffer@7c32eccc[p=0,l=47,c=512,r=47]={<<<<tr><th>Connection</th><td>keep-alive</td></tr>>>> NT 10.0;...\x00\x00\x00\x00\x00\x00\x00})
[DEBUG] write(array) s=OPEN,api=BLOCKING,sc=false,e=null aggregated !flush DirectByteBuffer@577d71b2[p=0,l=649,c=32768,r=649]={<<<<title>Webserver Environm...td>keep-alive</td></tr>>>>\xD8\xD9\xDa\xE2\xE3\xE4\xE5\xE6\xE7...gue. Pr}
[DEBUG] write(array HeapByteBuffer@5d36c5e0[p=0,l=1,c=512,r=1]={<<<\n>>>tr><th>Co...\x00\x00\x00\x00\x00\x00\x00})
[DEBUG] write(array) s=OPEN,api=BLOCKING,sc=false,e=null aggregated !flush DirectByteBuffer@577d71b2[p=0,l=650,c=32768,r=650]={<<<<title>Webserver Environm...d>keep-alive</td></tr>\n>>>\xD9\xDa\xE2\xE3\xE4\xE5\xE6\xE7\xE8...gue. Pr}
[DEBUG] write(array HeapByteBuffer@48a01f18[p=0,l=46,c=512,r=46]={<<<<tr><th>Host</th><td>localhost:38858</td></tr>>>>> NT 10.0...\x00\x00\x00\x00\x00\x00\x00})
[DEBUG] write(array) s=OPEN,api=BLOCKING,sc=false,e=null aggregated !flush DirectByteBuffer@577d71b2[p=0,l=696,c=32768,r=696]={<<<<title>Webserver Environm...calhost:38858</td></tr>>>>\xC9\xE2\x88|)\xA55\xC3[...gue. Pr}
[DEBUG] write(array HeapByteBuffer@33103866[p=0,l=1,c=512,r=1]={<<<\n>>>tr><th>Ho...\x00\x00\x00\x00\x00\x00\x00})
[DEBUG] write(array) s=OPEN,api=BLOCKING,sc=false,e=null aggregated !flush DirectByteBuffer@577d71b2[p=0,l=697,c=32768,r=697]={<<<<title>Webserver Environm...alhost:38858</td></tr>\n>>>\xE2\x88|)\xA55\xC3[G...gue. Pr}
[DEBUG] write(array HeapByteBuffer@58afe644[p=0,l=46,c=512,r=46]={<<<<tr><th>Accept-Encoding</th><td>gzip</td></tr>>>>> NT 10.0...\x00\x00\x00\x00\x00\x00\x00})
[DEBUG] write(array) s=OPEN,api=BLOCKING,sc=false,e=null aggregated !flush DirectByteBuffer@577d71b2[p=0,l=743,c=32768,r=743]={<<<<title>Webserver Environm...</th><td>gzip</td></tr>>>>-o'6\xF1\xC2\xEa\x1a\xDe...gue. Pr}
[DEBUG] write(array HeapByteBuffer@33dd2174[p=0,l=1,c=512,r=1]={<<<\n>>>tr><th>Ac...\x00\x00\x00\x00\x00\x00\x00})
[DEBUG] write(array) s=OPEN,api=BLOCKING,sc=false,e=null aggregated !flush DirectByteBuffer@577d71b2[p=0,l=744,c=32768,r=744]={<<<<title>Webserver Environm.../th><td>gzip</td></tr>\n>>>o'6\xF1\xC2\xEa\x1a\xDe\x13...gue. Pr}
[DEBUG] filled 0 HeapByteBuffer@78a30358[p=0,l=0,c=8192,r=0]={<<<>>>POST /Ech...\x00\x00\x00\x00\x00\x00\x00}
[DEBUG] filled 0 HeapByteBuffer@78a30358[p=0,l=0,c=8192,r=0]={<<<>>>POST /Ech...\x00\x00\x00\x00\x00\x00\x00}
[DEBUG] HttpConnection@3be4ecda::SocketChannelEndPoint@122254ce{l=/127.0.0.1:38858,r=/127.0.0.1:42942,OPEN,fill=-,flush=-,to=3/30000}{io=0/0,kio=0,kro=1}->HttpConnection@3be4ecda[p=HttpParser{s=CONTENT,0 of -1},g=HttpGenerator@af7230{s=START}]=>HttpChannelOverHttp@f268a5a{s=HttpChannelState@2e8f904b{s=HANDLING rs=BLOCKING os=OPEN is=IDLE awp=false se=false i=true al=0},r=12,c=false/false,a=HANDLING,uri=//localhost:38858/EchoServlet,age=3} filled 0 HeapByteBuffer@78a30358[p=0,l=0,c=8192,r=0]={<<<>>>POST /Ech...\x00\x00\x00\x00\x00\x00\x00}
[DEBUG] HttpConnection@3be4ecda::SocketChannelEndPoint@122254ce{l=/127.0.0.1:38858,r=/127.0.0.1:42942,OPEN,fill=-,flush=-,to=3/30000}{io=0/0,kio=0,kro=1}->HttpConnection@3be4ecda[p=HttpParser{s=CONTENT,0 of -1},g=HttpGenerator@af7230{s=START}]=>HttpChannelOverHttp@f268a5a{s=HttpChannelState@2e8f904b{s=HANDLING rs=BLOCKING os=OPEN is=IDLE awp=false se=false i=true al=0},r=12,c=false/false,a=HANDLING,uri=//localhost:38858/EchoServlet,age=3} parse HeapByteBuffer@78a30358[p=0,l=0,c=8192,r=0]={<<<>>>POST /Ech...\x00\x00\x00\x00\x00\x00\x00} {}
[DEBUG] parseNext s=CONTENT HeapByteBuffer@78a30358[p=0,l=0,c=8192,r=0]={<<<>>>POST /Ech...\x00\x00\x00\x00\x00\x00\x00}
[DEBUG] CONTENT --> CONTENT_END
[DEBUG] onContentComplete HttpChannelOverHttp@f268a5a{s=HttpChannelState@2e8f904b{s=HANDLING rs=BLOCKING os=OPEN is=IDLE awp=false se=false i=true al=0},r=12,c=false/false,a=HANDLING,uri=//localhost:38858/EchoServlet,age=3}
[DEBUG] CONTENT_END --> END
[DEBUG] onRequestComplete HttpChannelOverHttp@f268a5a{s=HttpChannelState@2e8f904b{s=HANDLING rs=BLOCKING os=OPEN is=IDLE awp=false se=false i=true al=0},r=12,c=false/false,a=HANDLING,uri=//localhost:38858/EchoServlet,age=3}
[DEBUG] HttpInputOverHTTP@5e34fa8b[c=0,q=0,[0]=null,s=STREAM] addContent EOF
[DEBUG] HttpConnection@3be4ecda::SocketChannelEndPoint@122254ce{l=/127.0.0.1:38858,r=/127.0.0.1:42942,OPEN,fill=-,flush=-,to=3/30000}{io=0/0,kio=0,kro=1}->HttpConnection@3be4ecda[p=HttpParser{s=END,0 of -1},g=HttpGenerator@af7230{s=START}]=>HttpChannelOverHttp@f268a5a{s=HttpChannelState@2e8f904b{s=HANDLING rs=BLOCKING os=OPEN is=IDLE awp=false se=false i=true al=0},r=12,c=false/false,a=HANDLING,uri=//localhost:38858/EchoServlet,age=3} parsed false HttpParser{s=END,0 of -1}
[DEBUG] releaseRequestBuffer HttpConnection@3be4ecda::SocketChannelEndPoint@122254ce{l=/127.0.0.1:38858,r=/127.0.0.1:42942,OPEN,fill=-,flush=-,to=3/30000}{io=0/0,kio=0,kro=1}->HttpConnection@3be4ecda[p=HttpParser{s=END,0 of -1},g=HttpGenerator@af7230{s=START}]=>HttpChannelOverHttp@f268a5a{s=HttpChannelState@2e8f904b{s=HANDLING rs=BLOCKING os=OPEN is=IDLE awp=false se=false i=true al=0},r=12,c=false/false,a=HANDLING,uri=//localhost:38858/EchoServlet,age=3}
[DEBUG] onEof HttpChannelState@2e8f904b{s=HANDLING rs=BLOCKING os=OPEN is=IDLE awp=false se=false i=true al=0}
[DEBUG] write(array HeapByteBuffer@7bcdb0c8[p=0,l=8,c=512,r=8]={<<<</table>>>>Accept-En...\x00\x00\x00\x00\x00\x00\x00})
[DEBUG] write(array) s=OPEN,api=BLOCKING,sc=false,e=null aggregated !flush DirectByteBuffer@577d71b2[p=0,l=752,c=32768,r=752]={<<<<title>Webserver Environm...gzip</td></tr>\n</table>>>>\x137\x99\x19S\xD4\x12\xA46...gue. Pr}
[DEBUG] write(array HeapByteBuffer@49ac74df[p=0,l=1,c=512,r=1]={<<<\n>>>/table>Ac...\x00\x00\x00\x00\x00\x00\x00})
[DEBUG] write(array) s=OPEN,api=BLOCKING,sc=false,e=null aggregated !flush DirectByteBuffer@577d71b2[p=0,l=753,c=32768,r=753]={<<<<title>Webserver Environm...zip</td></tr>\n</table>\n>>>7\x99\x19S\xD4\x12\xA462...gue. Pr}
[DEBUG] handled=true async=false committed=false on HttpChannelOverHttp@f268a5a{s=HttpChannelState@2e8f904b{s=HANDLING rs=BLOCKING os=OPEN is=READY awp=false se=false i=true al=0},r=12,c=false/false,a=HANDLING,uri=//localhost:38858/EchoServlet,age=3}
[DEBUG] unhandle HttpChannelState@2e8f904b{s=HANDLING rs=BLOCKING os=OPEN is=READY awp=false se=false i=true al=0}
[DEBUG] nextAction(false) COMPLETE HttpChannelState@2e8f904b{s=HANDLING rs=COMPLETING os=OPEN is=READY awp=false se=false i=false al=0}
[DEBUG] action COMPLETE HttpChannelOverHttp@f268a5a{s=HttpChannelState@2e8f904b{s=HANDLING rs=COMPLETING os=OPEN is=READY awp=false se=false i=false al=0},r=12,c=false/false,a=HANDLING,uri=//localhost:38858/EchoServlet,age=4}
[DEBUG] complete(org.eclipse.jetty.util.Callback$3@6e962668) s=CLOSING,api=BLOCKED,sc=false,e=null s=false e=null, c=DirectByteBuffer@577d71b2[p=0,l=753,c=32768,r=753]={<<<<title>Webserver Environm...zip</td></tr>\n</table>\n>>>7\x99\x19S\xD4\x12\xA462...gue. Pr}
[DEBUG] sendResponse info=null content=DirectByteBuffer@577d71b2[p=0,l=753,c=32768,r=753]={<<<<title>Webserver Environm...zip</td></tr>\n</table>\n>>>7\x99\x19S\xD4\x12\xA462...gue. Pr} complete=true committing=true callback=org.eclipse.jetty.server.HttpOutput$WriteCompleteCB@341a6c4f
[DEBUG] COMMIT for /EchoServlet on HttpChannelOverHttp@f268a5a{s=HttpChannelState@2e8f904b{s=HANDLING rs=COMPLETING os=COMMITTED is=READY awp=false se=false i=false al=0},r=12,c=false/false,a=HANDLING,uri=//localhost:38858/EchoServlet,age=4}
200 null HTTP/1.1
Date: Mon, 20 Sep 2021 19:30:12 GMT
Content-Type: text/html;charset=utf-8
Cache-Control: no-cache
Cache-Control: no-store


[DEBUG] generate: NEED_HEADER for SendCallback@2c1836a[PROCESSING][i=HTTP/1.1{s=200,h=4,cl=-1},cb=org.eclipse.jetty.server.HttpChannel$SendCallback@22c7c1f4] (null,[p=0,l=753,c=32768,r=753],true)@START
[DEBUG] generateHeaders HTTP/1.1{s=200,h=4,cl=-1} last=true content=DirectByteBuffer@577d71b2[p=0,l=753,c=32768,r=753]={<<<<title>Webserver Environm...zip</td></tr>\n</table>\n>>>7\x99\x19S\xD4\x12\xA462...gue. Pr}
[DEBUG] Date: Mon, 20 Sep 2021 19:30:12 GMT
Content-Type: text/html;charset=utf-8
Cache-Control: no-cache
Cache-Control: no-store


[DEBUG] CONTENT_LENGTH
[DEBUG] generate: FLUSH for SendCallback@2c1836a[PROCESSING][i=HTTP/1.1{s=200,h=4,cl=-1},cb=org.eclipse.jetty.server.HttpChannel$SendCallback@22c7c1f4] ([p=0,l=199,c=8192,r=199],[p=0,l=753,c=32768,r=753],true)@COMPLETING
[DEBUG] write: WriteFlusher@653abf25{IDLE}->null [HeapByteBuffer@41e05b38[p=0,l=199,c=8192,r=199]={<<<HTTP/1.1 200 OK\r\nDate: Mo...y(9.4.43.v20210629)\r\n\r\n>>>\nHost: lo...\x00\x00\x00\x00\x00\x00\x00},DirectByteBuffer@577d71b2[p=0,l=753,c=32768,r=753]={<<<<title>Webserver Environm...zip</td></tr>\n</table>\n>>>7\x99\x19S\xD4\x12\xA462...gue. Pr}]
[DEBUG] update WriteFlusher@653abf25{WRITING}->null:IDLE-->WRITING
]]></system-out>
  </testcase>
  <testcase name="sendsRequestBodyJsonWithData" classname="org.jsoup.integration.ConnectTest" time="0.035">
    <system-out><![CDATA[[DEBUG] flushed 952 SocketChannelEndPoint@122254ce{l=/127.0.0.1:38858,r=/127.0.0.1:42942,OPEN,fill=-,flush=W,to=22/30000}{io=0/0,kio=0,kro=1}->HttpConnection@3be4ecda[p=HttpParser{s=END,0 of -1},g=HttpGenerator@af7230{s=COMPLETING}]=>HttpChannelOverHttp@f268a5a{s=HttpChannelState@2e8f904b{s=HANDLING rs=COMPLETING os=COMMITTED is=READY awp=false se=false i=false al=0},r=12,c=false/false,a=HANDLING,uri=//localhost:38858/EchoServlet,age=22}
[DEBUG] Flushed=true written=952 remaining=0 WriteFlusher@653abf25{WRITING}->null
[DEBUG] update WriteFlusher@653abf25{IDLE}->null:WRITING-->IDLE
[DEBUG] generate: DONE for SendCallback@2c1836a[PROCESSING][i=HTTP/1.1{s=200,h=4,cl=-1},cb=org.eclipse.jetty.server.HttpChannel$SendCallback@22c7c1f4] ([p=199,l=199,c=8192,r=0],[p=753,l=753,c=32768,r=0],true)@END
[DEBUG] onWriteComplete(true,null) s=CLOSING,api=BLOCKED,sc=false,e=null->s=CLOSED,api=BLOCKING,sc=false,e=null c=null cb=org.eclipse.jetty.util.Callback$3@6e962668 w=false
[DEBUG] completed HttpChannelState@2e8f904b{s=HANDLING rs=COMPLETING os=COMPLETED is=READY awp=false se=false i=false al=0}
[DEBUG] unhandle HttpChannelState@2e8f904b{s=HANDLING rs=COMPLETED os=COMPLETED is=READY awp=false se=false i=false al=0}
[DEBUG] nextAction(false) TERMINATED HttpChannelState@2e8f904b{s=IDLE rs=COMPLETED os=COMPLETED is=READY awp=false se=false i=false al=0}
[DEBUG] action TERMINATED HttpChannelOverHttp@f268a5a{s=HttpChannelState@2e8f904b{s=IDLE rs=COMPLETED os=COMPLETED is=READY awp=false se=false i=false al=0},r=12,c=true/true,a=IDLE,uri=//localhost:38858/EchoServlet,age=22}
[DEBUG] onCompleted for /EchoServlet written=753
[DEBUG] recycle HttpChannelState@2e8f904b{s=IDLE rs=COMPLETED os=COMPLETED is=READY awp=false se=false i=false al=0}
[DEBUG] reset HttpParser{s=END,0 of -1}
[DEBUG] END --> START
[DEBUG] !handle TERMINATED HttpChannelOverHttp@f268a5a{s=HttpChannelState@2e8f904b{s=IDLE rs=BLOCKING os=OPEN is=IDLE awp=false se=false i=true al=0},r=12,c=false/false,a=IDLE,uri=null,age=0}
[DEBUG] filled 369 HeapByteBuffer@22b9b50d[p=0,l=369,c=8192,r=369]={<<<POST /EchoServlet?foo=tru...ngth: 11\r\n\r\n{key:value}>>>ve\r\nConte...\x86&h\xA0{\xC1\xC2}
[DEBUG] HttpConnection@3be4ecda::SocketChannelEndPoint@122254ce{l=/127.0.0.1:38858,r=/127.0.0.1:42942,OPEN,fill=-,flush=-,to=0/30000}{io=0/0,kio=0,kro=1}->HttpConnection@3be4ecda[p=HttpParser{s=START,0 of -1},g=HttpGenerator@af7230{s=START}]=>HttpChannelOverHttp@f268a5a{s=HttpChannelState@2e8f904b{s=IDLE rs=BLOCKING os=OPEN is=IDLE awp=false se=false i=true al=0},r=12,c=false/false,a=IDLE,uri=null,age=0} filled 369 HeapByteBuffer@22b9b50d[p=0,l=369,c=8192,r=369]={<<<POST /EchoServlet?foo=tru...ngth: 11\r\n\r\n{key:value}>>>ve\r\nConte...\x86&h\xA0{\xC1\xC2}
[DEBUG] HttpConnection@3be4ecda::SocketChannelEndPoint@122254ce{l=/127.0.0.1:38858,r=/127.0.0.1:42942,OPEN,fill=-,flush=-,to=0/30000}{io=0/0,kio=0,kro=1}->HttpConnection@3be4ecda[p=HttpParser{s=START,0 of -1},g=HttpGenerator@af7230{s=START}]=>HttpChannelOverHttp@f268a5a{s=HttpChannelState@2e8f904b{s=IDLE rs=BLOCKING os=OPEN is=IDLE awp=false se=false i=true al=0},r=12,c=false/false,a=IDLE,uri=null,age=0} parse HeapByteBuffer@22b9b50d[p=0,l=369,c=8192,r=369]={<<<POST /EchoServlet?foo=tru...ngth: 11\r\n\r\n{key:value}>>>ve\r\nConte...\x86&h\xA0{\xC1\xC2} {}
[DEBUG] parseNext s=START HeapByteBuffer@22b9b50d[p=0,l=369,c=8192,r=369]={<<<POST /EchoServlet?foo=tru...ngth: 11\r\n\r\n{key:value}>>>ve\r\nConte...\x86&h\xA0{\xC1\xC2}
[DEBUG] START --> SPACE1
[DEBUG] SPACE1 --> URI
[DEBUG] URI --> SPACE2
[DEBUG] SPACE2 --> REQUEST_VERSION
[DEBUG] REQUEST_VERSION --> HEADER
[DEBUG] HEADER:Accept-Encoding: gzip --> IN_VALUE
[DEBUG] HEADER:Accept-Encoding: gzip --> FIELD
[DEBUG] HEADER:Content-Type: application/json --> IN_VALUE
[DEBUG] HEADER:Content-Type: application/json --> FIELD
[DEBUG] HEADER:User-Agent: Mozilla/5.0 (Macintosh; Intel Mac OS X 10_11_4) AppleWebKit/537.36 (KHTML, like Gecko) Chrome/49.0.2623.112 Safari/537.36 --> IN_VALUE
[DEBUG] HEADER:User-Agent: Mozilla/5.0 (Macintosh; Intel Mac OS X 10_11_4) AppleWebKit/537.36 (KHTML, like Gecko) Chrome/49.0.2623.112 Safari/537.36 --> FIELD
[DEBUG] HEADER:Host: localhost:38858 --> IN_VALUE
[DEBUG] HEADER:Host: localhost:38858 --> FIELD
[DEBUG] HEADER:Accept: text/html, image/gif, image/jpeg, *; q=.2, */*; q=.2 --> IN_VALUE
[DEBUG] HEADER:Accept: text/html, image/gif, image/jpeg, *; q=.2, */*; q=.2 --> FIELD
[DEBUG] HEADER:Connection: keep-alive --> IN_VALUE
[DEBUG] HEADER:Connection: keep-alive --> FIELD
[DEBUG] HEADER:Content-Length --> VALUE
[DEBUG] HEADER:Content-Length --> IN_VALUE
[DEBUG] HEADER:Content-Length --> FIELD
[DEBUG] HEADER --> CONTENT
[DEBUG] REQUEST for //localhost:38858/EchoServlet?foo=true on HttpChannelOverHttp@f268a5a{s=HttpChannelState@2e8f904b{s=IDLE rs=BLOCKING os=OPEN is=IDLE awp=false se=false i=true al=0},r=13,c=false/false,a=IDLE,uri=//localhost:38858/EchoServlet?foo=true,age=0}
POST //localhost:38858/EchoServlet?foo=true HTTP/1.1
Accept-Encoding: gzip
Content-Type: application/json
User-Agent: Mozilla/5.0 (Macintosh; Intel Mac OS X 10_11_4) AppleWebKit/537.36 (KHTML, like Gecko) Chrome/49.0.2623.112 Safari/537.36
Host: localhost:38858
Accept: text/html, image/gif, image/jpeg, *; q=.2, */*; q=.2
Connection: keep-alive
Content-Length: 11


[DEBUG] HttpConnection@3be4ecda::SocketChannelEndPoint@122254ce{l=/127.0.0.1:38858,r=/127.0.0.1:42942,OPEN,fill=-,flush=-,to=10/30000}{io=0/0,kio=0,kro=1}->HttpConnection@3be4ecda[p=HttpParser{s=CONTENT,0 of 11},g=HttpGenerator@af7230{s=START}]=>HttpChannelOverHttp@f268a5a{s=HttpChannelState@2e8f904b{s=IDLE rs=BLOCKING os=OPEN is=IDLE awp=false se=false i=true al=0},r=13,c=false/false,a=IDLE,uri=//localhost:38858/EchoServlet?foo=true,age=0} parsed true HttpParser{s=CONTENT,0 of 11}
[DEBUG] handle //localhost:38858/EchoServlet?foo=true HttpChannelOverHttp@f268a5a{s=HttpChannelState@2e8f904b{s=IDLE rs=BLOCKING os=OPEN is=IDLE awp=false se=false i=true al=0},r=13,c=false/false,a=IDLE,uri=//localhost:38858/EchoServlet?foo=true,age=0} 
[DEBUG] handling HttpChannelState@2e8f904b{s=IDLE rs=BLOCKING os=OPEN is=IDLE awp=false se=false i=true al=0}
[DEBUG] action DISPATCH HttpChannelOverHttp@f268a5a{s=HttpChannelState@2e8f904b{s=HANDLING rs=BLOCKING os=OPEN is=IDLE awp=false se=false i=true al=0},r=13,c=false/false,a=HANDLING,uri=//localhost:38858/EchoServlet?foo=true,age=0}
[DEBUG] REQUEST POST /EchoServlet on HttpChannelOverHttp@f268a5a{s=HttpChannelState@2e8f904b{s=HANDLING rs=BLOCKING os=OPEN is=IDLE awp=false se=false i=true al=0},r=13,c=false/false,a=HANDLING,uri=//localhost:38858/EchoServlet?foo=true,age=0}
[DEBUG] servlet null|/EchoServlet|null -> org.jsoup.integration.servlets.EchoServlet-422c3c7a==org.jsoup.integration.servlets.EchoServlet@66e2fba5{jsp=null,order=-1,inst=true,async=true,src=EMBEDDED:null,STARTED}
[DEBUG] chain=null
[DEBUG] write(array HeapByteBuffer@8e743ff[p=0,l=235,c=512,r=235]={<<<<title>Webserver Environm...\n    <table border="0">>>>\x00\x00\x00\x00\x00\x00\x00\x00\x00...\x00\x00\x00\x00\x00\x00\x00})
[DEBUG] write(array) s=OPEN,api=BLOCKING,sc=false,e=null aggregated !flush DirectByteBuffer@1c19d748[p=0,l=235,c=32768,r=235]={<<<<title>Webserver Environm...\n    <table border="0">>>><tr><th>M...gue. Pr}
[DEBUG] write(array HeapByteBuffer@571d81ed[p=0,l=37,c=512,r=37]={<<<<tr><th>Method</th><td>POST</td></tr>>>>s</title>...\x00\x00\x00\x00\x00\x00\x00})
[DEBUG] write(array) s=OPEN,api=BLOCKING,sc=false,e=null aggregated !flush DirectByteBuffer@1c19d748[p=0,l=272,c=32768,r=272]={<<<<title>Webserver Environm...</th><td>POST</td></tr>>>>\n<tr><th>...gue. Pr}
[DEBUG] write(array HeapByteBuffer@3002e755[p=0,l=1,c=512,r=1]={<<<\n>>>tr><th>Me...\x00\x00\x00\x00\x00\x00\x00})
[DEBUG] write(array) s=OPEN,api=BLOCKING,sc=false,e=null aggregated !flush DirectByteBuffer@1c19d748[p=0,l=273,c=32768,r=273]={<<<<title>Webserver Environm.../th><td>POST</td></tr>\n>>><tr><th>R...gue. Pr}
[DEBUG] write(array HeapByteBuffer@2cd648c0[p=0,l=50,c=512,r=50]={<<<<tr><th>Request URI</th><...>/EchoServlet</td></tr>>>> <style t...\x00\x00\x00\x00\x00\x00\x00})
[DEBUG] write(array) s=OPEN,api=BLOCKING,sc=false,e=null aggregated !flush DirectByteBuffer@1c19d748[p=0,l=323,c=32768,r=323]={<<<<title>Webserver Environm...>/EchoServlet</td></tr>>>>\n<tr><th>...gue. Pr}
[DEBUG] write(array HeapByteBuffer@1e1c0e1e[p=0,l=1,c=512,r=1]={<<<\n>>>tr><th>Re...\x00\x00\x00\x00\x00\x00\x00})
[DEBUG] write(array) s=OPEN,api=BLOCKING,sc=false,e=null aggregated !flush DirectByteBuffer@1c19d748[p=0,l=324,c=32768,r=324]={<<<<title>Webserver Environm.../EchoServlet</td></tr>\n>>><tr><th>Q...gue. Pr}
[DEBUG] write(array HeapByteBuffer@25b5f6d9[p=0,l=47,c=512,r=47]={<<<<tr><th>Query String</th><td>foo=true</td></tr>>>>tr> <styl...\x00\x00\x00\x00\x00\x00\x00})
[DEBUG] write(array) s=OPEN,api=BLOCKING,sc=false,e=null aggregated !flush DirectByteBuffer@1c19d748[p=0,l=371,c=32768,r=371]={<<<<title>Webserver Environm...><td>foo=true</td></tr>>>>>Accept</...gue. Pr}
[DEBUG] write(array HeapByteBuffer@2aa9575[p=0,l=1,c=512,r=1]={<<<\n>>>tr><th>Qu...\x00\x00\x00\x00\x00\x00\x00})
[DEBUG] write(array) s=OPEN,api=BLOCKING,sc=false,e=null aggregated !flush DirectByteBuffer@1c19d748[p=0,l=372,c=32768,r=372]={<<<<title>Webserver Environm...<td>foo=true</td></tr>\n>>>Accept</t...gue. Pr}
[DEBUG] write(array HeapByteBuffer@1ca45da8[p=0,l=85,c=512,r=85]={<<<<tr><th>Accept</th><td>te....2, */*; q=.2</td></tr>>>>, td, th ...\x00\x00\x00\x00\x00\x00\x00})
[DEBUG] write(array) s=OPEN,api=BLOCKING,sc=false,e=null aggregated !flush DirectByteBuffer@1c19d748[p=0,l=457,c=32768,r=457]={<<<<title>Webserver Environm....2, */*; q=.2</td></tr>>>>>User-Age...gue. Pr}
[DEBUG] write(array HeapByteBuffer@6236ccdc[p=0,l=1,c=512,r=1]={<<<\n>>>tr><th>Ac...\x00\x00\x00\x00\x00\x00\x00})
[DEBUG] write(array) s=OPEN,api=BLOCKING,sc=false,e=null aggregated !flush DirectByteBuffer@1c19d748[p=0,l=458,c=32768,r=458]={<<<<title>Webserver Environm...2, */*; q=.2</td></tr>\n>>>User-Agen...gue. Pr}
[DEBUG] write(array HeapByteBuffer@683fed7d[p=0,l=158,c=512,r=158]={<<<<tr><th>User-Agent</th><t...Safari/537.36</td></tr>>>>th {font-...\x00\x00\x00\x00\x00\x00\x00})
[DEBUG] write(array) s=OPEN,api=BLOCKING,sc=false,e=null aggregated !flush DirectByteBuffer@1c19d748[p=0,l=616,c=32768,r=616]={<<<<title>Webserver Environm...Safari/537.36</td></tr>>>>>Connecti...gue. Pr}
[DEBUG] write(array HeapByteBuffer@3ee8cc32[p=0,l=1,c=512,r=1]={<<<\n>>>tr><th>Us...\x00\x00\x00\x00\x00\x00\x00})
[DEBUG] write(array) s=OPEN,api=BLOCKING,sc=false,e=null aggregated !flush DirectByteBuffer@1c19d748[p=0,l=617,c=32768,r=617]={<<<<title>Webserver Environm...afari/537.36</td></tr>\n>>>Connectio...gue. Pr}
[DEBUG] write(array HeapByteBuffer@9f9f5a[p=0,l=47,c=512,r=47]={<<<<tr><th>Connection</th><td>keep-alive</td></tr>>>>sh; Intel...\x00\x00\x00\x00\x00\x00\x00})
[DEBUG] write(array) s=OPEN,api=BLOCKING,sc=false,e=null aggregated !flush DirectByteBuffer@1c19d748[p=0,l=664,c=32768,r=664]={<<<<title>Webserver Environm...td>keep-alive</td></tr>>>>>Host</th...gue. Pr}
[DEBUG] write(array HeapByteBuffer@549be3b9[p=0,l=1,c=512,r=1]={<<<\n>>>tr><th>Co...\x00\x00\x00\x00\x00\x00\x00})
[DEBUG] write(array) s=OPEN,api=BLOCKING,sc=false,e=null aggregated !flush DirectByteBuffer@1c19d748[p=0,l=665,c=32768,r=665]={<<<<title>Webserver Environm...d>keep-alive</td></tr>\n>>>Host</th>...gue. Pr}
[DEBUG] write(array HeapByteBuffer@43d8b852[p=0,l=46,c=512,r=46]={<<<<tr><th>Host</th><td>localhost:38858</td></tr>>>>>sh; Inte...\x00\x00\x00\x00\x00\x00\x00})
[DEBUG] write(array) s=OPEN,api=BLOCKING,sc=false,e=null aggregated !flush DirectByteBuffer@1c19d748[p=0,l=711,c=32768,r=711]={<<<<title>Webserver Environm...calhost:38858</td></tr>>>>>Accept-E...gue. Pr}
[DEBUG] write(array HeapByteBuffer@3b296547[p=0,l=1,c=512,r=1]={<<<\n>>>tr><th>Ho...\x00\x00\x00\x00\x00\x00\x00})
[DEBUG] write(array) s=OPEN,api=BLOCKING,sc=false,e=null aggregated !flush DirectByteBuffer@1c19d748[p=0,l=712,c=32768,r=712]={<<<<title>Webserver Environm...alhost:38858</td></tr>\n>>>Accept-En...gue. Pr}
[DEBUG] write(array HeapByteBuffer@47b04837[p=0,l=46,c=512,r=46]={<<<<tr><th>Accept-Encoding</th><td>gzip</td></tr>>>>>sh; Inte...\x00\x00\x00\x00\x00\x00\x00})
[DEBUG] write(array) s=OPEN,api=BLOCKING,sc=false,e=null aggregated !flush DirectByteBuffer@1c19d748[p=0,l=758,c=32768,r=758]={<<<<title>Webserver Environm...</th><td>gzip</td></tr>>>>>Content-...gue. Pr}
[DEBUG] write(array HeapByteBuffer@4cbdfd53[p=0,l=1,c=512,r=1]={<<<\n>>>tr><th>Ac...\x00\x00\x00\x00\x00\x00\x00})
[DEBUG] write(array) s=OPEN,api=BLOCKING,sc=false,e=null aggregated !flush DirectByteBuffer@1c19d748[p=0,l=759,c=32768,r=759]={<<<<title>Webserver Environm.../th><td>gzip</td></tr>\n>>>Content-L...gue. Pr}
[DEBUG] write(array HeapByteBuffer@4a21c6be[p=0,l=43,c=512,r=43]={<<<<tr><th>Content-Length</th><td>11</td></tr>>>>tr>>sh; I...\x00\x00\x00\x00\x00\x00\x00})
[DEBUG] write(array) s=OPEN,api=BLOCKING,sc=false,e=null aggregated !flush DirectByteBuffer@1c19d748[p=0,l=802,c=32768,r=802]={<<<<title>Webserver Environm...th</th><td>11</td></tr>>>>>Content-...gue. Pr}
[DEBUG] write(array HeapByteBuffer@3a5281e0[p=0,l=1,c=512,r=1]={<<<\n>>>tr><th>Co...\x00\x00\x00\x00\x00\x00\x00})
[DEBUG] write(array) s=OPEN,api=BLOCKING,sc=false,e=null aggregated !flush DirectByteBuffer@1c19d748[p=0,l=803,c=32768,r=803]={<<<<title>Webserver Environm...h</th><td>11</td></tr>\n>>>Content-T...gue. Pr}
[DEBUG] write(array HeapByteBuffer@7fe6976d[p=0,l=55,c=512,r=55]={<<<<tr><th>Content-Type</th>...lication/json</td></tr>>>>l Mac OS ...\x00\x00\x00\x00\x00\x00\x00})
[DEBUG] write(array) s=OPEN,api=BLOCKING,sc=false,e=null aggregated !flush DirectByteBuffer@1c19d748[p=0,l=858,c=32768,r=858]={<<<<title>Webserver Environm...lication/json</td></tr>>>>Data</th>...gue. Pr}
[DEBUG] write(array HeapByteBuffer@5c12baa7[p=0,l=1,c=512,r=1]={<<<\n>>>tr><th>Co...\x00\x00\x00\x00\x00\x00\x00})
[DEBUG] write(array) s=OPEN,api=BLOCKING,sc=false,e=null aggregated !flush DirectByteBuffer@1c19d748[p=0,l=859,c=32768,r=859]={<<<<title>Webserver Environm...ication/json</td></tr>\n>>>ata</th><...gue. Pr}
[DEBUG] write(array HeapByteBuffer@18c293ad[p=0,l=34,c=512,r=34]={<<<<tr><th>foo</th><td>true</td></tr>>>>cation/js...\x00\x00\x00\x00\x00\x00\x00})
[DEBUG] write(array) s=OPEN,api=BLOCKING,sc=false,e=null aggregated !flush DirectByteBuffer@1c19d748[p=0,l=893,c=32768,r=893]={<<<<title>Webserver Environm...</th><td>true</td></tr>>>></table>\n...gue. Pr}
[DEBUG] write(array HeapByteBuffer@36b15cd4[p=0,l=1,c=512,r=1]={<<<\n>>>tr><th>fo...\x00\x00\x00\x00\x00\x00\x00})
[DEBUG] write(array) s=OPEN,api=BLOCKING,sc=false,e=null aggregated !flush DirectByteBuffer@1c19d748[p=0,l=894,c=32768,r=894]={<<<<title>Webserver Environm.../th><td>true</td></tr>\n>>>/table>\nl...gue. Pr}
[DEBUG] HttpConnection@3be4ecda::SocketChannelEndPoint@122254ce{l=/127.0.0.1:38858,r=/127.0.0.1:42942,OPEN,fill=-,flush=-,to=12/30000}{io=0/0,kio=0,kro=1}->HttpConnection@3be4ecda[p=HttpParser{s=CONTENT,0 of 11},g=HttpGenerator@af7230{s=START}]=>HttpChannelOverHttp@f268a5a{s=HttpChannelState@2e8f904b{s=HANDLING rs=BLOCKING os=OPEN is=IDLE awp=false se=false i=true al=0},r=13,c=false/false,a=HANDLING,uri=//localhost:38858/EchoServlet?foo=true,age=3} parse HeapByteBuffer@22b9b50d[p=358,l=369,c=8192,r=11]={POST /Ech... 11\r\n\r\n<<<{key:value}>>>ve\r\nConte...\x86&h\xA0{\xC1\xC2} {}
[DEBUG] parseNext s=CONTENT HeapByteBuffer@22b9b50d[p=358,l=369,c=8192,r=11]={POST /Ech... 11\r\n\r\n<<<{key:value}>>>ve\r\nConte...\x86&h\xA0{\xC1\xC2}
[DEBUG] onContent HttpChannelOverHttp@f268a5a{s=HttpChannelState@2e8f904b{s=HANDLING rs=BLOCKING os=OPEN is=IDLE awp=false se=false i=true al=0},r=13,c=false/false,a=HANDLING,uri=//localhost:38858/EchoServlet?foo=true,age=3} Content@7d27e890{HeapByteBufferR@3429a211[p=358,l=369,c=8192,r=11]={POST /Ech... 11\r\n\r\n<<<{key:value}>>>ve\r\nConte...\x86&h\xA0{\xC1\xC2}}
[DEBUG] HttpInputOverHTTP@5e34fa8b[c=0,q=0,[0]=null,s=STREAM] addContent Content@7d27e890{HeapByteBufferR@3429a211[p=358,l=369,c=8192,r=11]={POST /Ech... 11\r\n\r\n<<<{key:value}>>>ve\r\nConte...\x86&h\xA0{\xC1\xC2}}
[DEBUG] CONTENT --> CONTENT_END
[DEBUG] onContentComplete HttpChannelOverHttp@f268a5a{s=HttpChannelState@2e8f904b{s=HANDLING rs=BLOCKING os=OPEN is=IDLE awp=false se=false i=true al=0},r=13,c=false/false,a=HANDLING,uri=//localhost:38858/EchoServlet?foo=true,age=3}
[DEBUG] CONTENT_END --> END
[DEBUG] onRequestComplete HttpChannelOverHttp@f268a5a{s=HttpChannelState@2e8f904b{s=HANDLING rs=BLOCKING os=OPEN is=IDLE awp=false se=false i=true al=0},r=13,c=false/false,a=HANDLING,uri=//localhost:38858/EchoServlet?foo=true,age=3}
[DEBUG] HttpInputOverHTTP@5e34fa8b[c=0,q=1,[0]=EOF,s=STREAM] addContent EOF
[DEBUG] HttpConnection@3be4ecda::SocketChannelEndPoint@122254ce{l=/127.0.0.1:38858,r=/127.0.0.1:42942,OPEN,fill=-,flush=-,to=14/30000}{io=0/0,kio=0,kro=1}->HttpConnection@3be4ecda[p=HttpParser{s=END,11 of 11},g=HttpGenerator@af7230{s=START}]=>HttpChannelOverHttp@f268a5a{s=HttpChannelState@2e8f904b{s=HANDLING rs=BLOCKING os=OPEN is=IDLE awp=false se=false i=true al=0},r=13,c=false/false,a=HANDLING,uri=//localhost:38858/EchoServlet?foo=true,age=4} parsed false HttpParser{s=END,11 of 11}
[DEBUG] HttpInputOverHTTP@5e34fa8b[c=11,q=1,[0]=EOF,s=STREAM] read 11 from Content@7d27e890{HeapByteBufferR@3429a211[p=369,l=369,c=8192,r=0]={POST /Ech...:value}<<<>>>ve\r\nConte...\x86&h\xA0{\xC1\xC2}}
[DEBUG] releaseRequestBuffer HttpConnection@3be4ecda::SocketChannelEndPoint@122254ce{l=/127.0.0.1:38858,r=/127.0.0.1:42942,OPEN,fill=-,flush=-,to=14/30000}{io=0/0,kio=0,kro=1}->HttpConnection@3be4ecda[p=HttpParser{s=END,11 of 11},g=HttpGenerator@af7230{s=START}]=>HttpChannelOverHttp@f268a5a{s=HttpChannelState@2e8f904b{s=HANDLING rs=BLOCKING os=OPEN is=IDLE awp=false se=false i=true al=0},r=13,c=false/false,a=HANDLING,uri=//localhost:38858/EchoServlet?foo=true,age=4}
[DEBUG] onEof HttpChannelState@2e8f904b{s=HANDLING rs=BLOCKING os=OPEN is=IDLE awp=false se=false i=true al=0}
[DEBUG] write(array HeapByteBuffer@38fa10c2[p=0,l=47,c=512,r=47]={<<<<tr><th>Post Data</th><td>{key:value}</td></tr>>>>td></tr>l...\x00\x00\x00\x00\x00\x00\x00})
[DEBUG] write(array) s=OPEN,api=BLOCKING,sc=false,e=null aggregated !flush DirectByteBuffer@1c19d748[p=0,l=941,c=32768,r=941]={<<<<title>Webserver Environm...d>{key:value}</td></tr>>>>oup, Jona...gue. Pr}
[DEBUG] write(array HeapByteBuffer@491bcf5[p=0,l=1,c=512,r=1]={<<<\n>>>tr><th>Po...\x00\x00\x00\x00\x00\x00\x00})
[DEBUG] write(array) s=OPEN,api=BLOCKING,sc=false,e=null aggregated !flush DirectByteBuffer@1c19d748[p=0,l=942,c=32768,r=942]={<<<<title>Webserver Environm...>{key:value}</td></tr>\n>>>up, Jonat...gue. Pr}
[DEBUG] write(array HeapByteBuffer@46b0b79f[p=0,l=8,c=512,r=8]={<<<</table>>>>Post Data...\x00\x00\x00\x00\x00\x00\x00})
[DEBUG] write(array) s=OPEN,api=BLOCKING,sc=false,e=null aggregated !flush DirectByteBuffer@1c19d748[p=0,l=950,c=32768,r=950]={<<<<title>Webserver Environm...lue}</td></tr>\n</table>>>>than</td>...gue. Pr}
[DEBUG] write(array HeapByteBuffer@3f70ac72[p=0,l=1,c=512,r=1]={<<<\n>>>/table>Po...\x00\x00\x00\x00\x00\x00\x00})
[DEBUG] write(array) s=OPEN,api=BLOCKING,sc=false,e=null aggregated !flush DirectByteBuffer@1c19d748[p=0,l=951,c=32768,r=951]={<<<<title>Webserver Environm...ue}</td></tr>\n</table>\n>>>han</td><...gue. Pr}
[DEBUG] handled=true async=false committed=false on HttpChannelOverHttp@f268a5a{s=HttpChannelState@2e8f904b{s=HANDLING rs=BLOCKING os=OPEN is=READY awp=false se=false i=true al=0},r=13,c=false/false,a=HANDLING,uri=//localhost:38858/EchoServlet?foo=true,age=4}
[DEBUG] unhandle HttpChannelState@2e8f904b{s=HANDLING rs=BLOCKING os=OPEN is=READY awp=false se=false i=true al=0}
[DEBUG] nextAction(false) COMPLETE HttpChannelState@2e8f904b{s=HANDLING rs=COMPLETING os=OPEN is=READY awp=false se=false i=false al=0}
[DEBUG] action COMPLETE HttpChannelOverHttp@f268a5a{s=HttpChannelState@2e8f904b{s=HANDLING rs=COMPLETING os=OPEN is=READY awp=false se=false i=false al=0},r=13,c=false/false,a=HANDLING,uri=//localhost:38858/EchoServlet?foo=true,age=4}
[DEBUG] complete(org.eclipse.jetty.util.Callback$3@57e4c75e) s=CLOSING,api=BLOCKED,sc=false,e=null s=false e=null, c=DirectByteBuffer@1c19d748[p=0,l=951,c=32768,r=951]={<<<<title>Webserver Environm...ue}</td></tr>\n</table>\n>>>han</td><...gue. Pr}
[DEBUG] sendResponse info=null content=DirectByteBuffer@1c19d748[p=0,l=951,c=32768,r=951]={<<<<title>Webserver Environm...ue}</td></tr>\n</table>\n>>>han</td><...gue. Pr} complete=true committing=true callback=org.eclipse.jetty.server.HttpOutput$WriteCompleteCB@5e1baf43
[DEBUG] COMMIT for /EchoServlet on HttpChannelOverHttp@f268a5a{s=HttpChannelState@2e8f904b{s=HANDLING rs=COMPLETING os=COMMITTED is=READY awp=false se=false i=false al=0},r=13,c=false/false,a=HANDLING,uri=//localhost:38858/EchoServlet?foo=true,age=4}
200 null HTTP/1.1
Date: Mon, 20 Sep 2021 19:30:12 GMT
Content-Type: text/html;charset=utf-8
Cache-Control: no-cache
Cache-Control: no-store


[DEBUG] generate: NEED_HEADER for SendCallback@2c1836a[PROCESSING][i=HTTP/1.1{s=200,h=4,cl=-1},cb=org.eclipse.jetty.server.HttpChannel$SendCallback@1dd4f750] (null,[p=0,l=951,c=32768,r=951],true)@START
[DEBUG] generateHeaders HTTP/1.1{s=200,h=4,cl=-1} last=true content=DirectByteBuffer@1c19d748[p=0,l=951,c=32768,r=951]={<<<<title>Webserver Environm...ue}</td></tr>\n</table>\n>>>han</td><...gue. Pr}
[DEBUG] Date: Mon, 20 Sep 2021 19:30:12 GMT
Content-Type: text/html;charset=utf-8
Cache-Control: no-cache
Cache-Control: no-store


[DEBUG] CONTENT_LENGTH
[DEBUG] generate: FLUSH for SendCallback@2c1836a[PROCESSING][i=HTTP/1.1{s=200,h=4,cl=-1},cb=org.eclipse.jetty.server.HttpChannel$SendCallback@1dd4f750] ([p=0,l=199,c=8192,r=199],[p=0,l=951,c=32768,r=951],true)@COMPLETING
[DEBUG] write: WriteFlusher@653abf25{IDLE}->null [HeapByteBuffer@78a30358[p=0,l=199,c=8192,r=199]={<<<HTTP/1.1 200 OK\r\nDate: Mo...y(9.4.43.v20210629)\r\n\r\n>>>112 Safar...\x00\x00\x00\x00\x00\x00\x00},DirectByteBuffer@1c19d748[p=0,l=951,c=32768,r=951]={<<<<title>Webserver Environm...ue}</td></tr>\n</table>\n>>>han</td><...gue. Pr}]
[DEBUG] update WriteFlusher@653abf25{WRITING}->null:IDLE-->WRITING
]]></system-out>
  </testcase>
  <testcase name="doesPostFor307" classname="org.jsoup.integration.ConnectTest" time="0.058">
    <system-out><![CDATA[[DEBUG] flushed 1150 SocketChannelEndPoint@122254ce{l=/127.0.0.1:38858,r=/127.0.0.1:42942,OPEN,fill=-,flush=W,to=29/30000}{io=0/0,kio=0,kro=1}->HttpConnection@3be4ecda[p=HttpParser{s=END,11 of 11},g=HttpGenerator@af7230{s=COMPLETING}]=>HttpChannelOverHttp@f268a5a{s=HttpChannelState@2e8f904b{s=HANDLING rs=COMPLETING os=COMMITTED is=READY awp=false se=false i=false al=0},r=13,c=false/false,a=HANDLING,uri=//localhost:38858/EchoServlet?foo=true,age=19}
[DEBUG] Flushed=true written=1150 remaining=0 WriteFlusher@653abf25{WRITING}->null
[DEBUG] update WriteFlusher@653abf25{IDLE}->null:WRITING-->IDLE
[DEBUG] generate: DONE for SendCallback@2c1836a[PROCESSING][i=HTTP/1.1{s=200,h=4,cl=-1},cb=org.eclipse.jetty.server.HttpChannel$SendCallback@1dd4f750] ([p=199,l=199,c=8192,r=0],[p=951,l=951,c=32768,r=0],true)@END
[DEBUG] onWriteComplete(true,null) s=CLOSING,api=BLOCKED,sc=false,e=null->s=CLOSED,api=BLOCKING,sc=false,e=null c=null cb=org.eclipse.jetty.util.Callback$3@57e4c75e w=false
[DEBUG] completed HttpChannelState@2e8f904b{s=HANDLING rs=COMPLETING os=COMPLETED is=READY awp=false se=false i=false al=0}
[DEBUG] unhandle HttpChannelState@2e8f904b{s=HANDLING rs=COMPLETED os=COMPLETED is=READY awp=false se=false i=false al=0}
[DEBUG] nextAction(false) TERMINATED HttpChannelState@2e8f904b{s=IDLE rs=COMPLETED os=COMPLETED is=READY awp=false se=false i=false al=0}
[DEBUG] action TERMINATED HttpChannelOverHttp@f268a5a{s=HttpChannelState@2e8f904b{s=IDLE rs=COMPLETED os=COMPLETED is=READY awp=false se=false i=false al=0},r=13,c=true/true,a=IDLE,uri=//localhost:38858/EchoServlet?foo=true,age=20}
[DEBUG] onCompleted for /EchoServlet written=951
[DEBUG] recycle HttpChannelState@2e8f904b{s=IDLE rs=COMPLETED os=COMPLETED is=READY awp=false se=false i=false al=0}
[DEBUG] reset HttpParser{s=END,11 of 11}
[DEBUG] END --> START
[DEBUG] !handle TERMINATED HttpChannelOverHttp@f268a5a{s=HttpChannelState@2e8f904b{s=IDLE rs=BLOCKING os=OPEN is=IDLE awp=false se=false i=true al=0},r=13,c=false/false,a=IDLE,uri=null,age=0}
[DEBUG] filled 448 HeapByteBuffer@41e05b38[p=0,l=448,c=8192,r=448]={<<<POST /RedirectServlet HTT...%2FEchoServlet&code=307>>>\x00\x00\x00\x00\x00\x00\x00\x00\x00...\x00\x00\x00\x00\x00\x00\x00}
[DEBUG] HttpConnection@3be4ecda::SocketChannelEndPoint@122254ce{l=/127.0.0.1:38858,r=/127.0.0.1:42942,OPEN,fill=-,flush=-,to=0/30000}{io=0/0,kio=0,kro=1}->HttpConnection@3be4ecda[p=HttpParser{s=START,0 of -1},g=HttpGenerator@af7230{s=START}]=>HttpChannelOverHttp@f268a5a{s=HttpChannelState@2e8f904b{s=IDLE rs=BLOCKING os=OPEN is=IDLE awp=false se=false i=true al=0},r=13,c=false/false,a=IDLE,uri=null,age=0} filled 448 HeapByteBuffer@41e05b38[p=0,l=448,c=8192,r=448]={<<<POST /RedirectServlet HTT...%2FEchoServlet&code=307>>>\x00\x00\x00\x00\x00\x00\x00\x00\x00...\x00\x00\x00\x00\x00\x00\x00}
[DEBUG] HttpConnection@3be4ecda::SocketChannelEndPoint@122254ce{l=/127.0.0.1:38858,r=/127.0.0.1:42942,OPEN,fill=-,flush=-,to=0/30000}{io=0/0,kio=0,kro=1}->HttpConnection@3be4ecda[p=HttpParser{s=START,0 of -1},g=HttpGenerator@af7230{s=START}]=>HttpChannelOverHttp@f268a5a{s=HttpChannelState@2e8f904b{s=IDLE rs=BLOCKING os=OPEN is=IDLE awp=false se=false i=true al=0},r=13,c=false/false,a=IDLE,uri=null,age=0} parse HeapByteBuffer@41e05b38[p=0,l=448,c=8192,r=448]={<<<POST /RedirectServlet HTT...%2FEchoServlet&code=307>>>\x00\x00\x00\x00\x00\x00\x00\x00\x00...\x00\x00\x00\x00\x00\x00\x00} {}
[DEBUG] parseNext s=START HeapByteBuffer@41e05b38[p=0,l=448,c=8192,r=448]={<<<POST /RedirectServlet HTT...%2FEchoServlet&code=307>>>\x00\x00\x00\x00\x00\x00\x00\x00\x00...\x00\x00\x00\x00\x00\x00\x00}
[DEBUG] START --> SPACE1
[DEBUG] SPACE1 --> URI
[DEBUG] URI --> SPACE2
[DEBUG] SPACE2 --> REQUEST_VERSION
[DEBUG] REQUEST_VERSION --> HEADER
[DEBUG] HEADER:Accept-Encoding: gzip --> IN_VALUE
[DEBUG] HEADER:Accept-Encoding: gzip --> FIELD
[DEBUG] HEADER:User-Agent: Mozilla/5.0 (Windows NT 10.0; Win64; x64) AppleWebKit/537.36 (KHTML, like Gecko) Chrome/79.0.3945.130 Safari/537.36 --> IN_VALUE
[DEBUG] HEADER:User-Agent: Mozilla/5.0 (Windows NT 10.0; Win64; x64) AppleWebKit/537.36 (KHTML, like Gecko) Chrome/79.0.3945.130 Safari/537.36 --> FIELD
[DEBUG] HEADER:Content-Type: application/x-www-form-urlencoded; charset=UTF-8 --> IN_VALUE
[DEBUG] HEADER:Content-Type: application/x-www-form-urlencoded; charset=UTF-8 --> FIELD
[DEBUG] HEADER:Host: localhost:38858 --> IN_VALUE
[DEBUG] HEADER:Host: localhost:38858 --> FIELD
[DEBUG] HEADER:Accept: text/html, image/gif, image/jpeg, *; q=.2, */*; q=.2 --> IN_VALUE
[DEBUG] HEADER:Accept: text/html, image/gif, image/jpeg, *; q=.2, */*; q=.2 --> FIELD
[DEBUG] HEADER:Connection: keep-alive --> IN_VALUE
[DEBUG] HEADER:Connection: keep-alive --> FIELD
[DEBUG] HEADER:Content-Length --> VALUE
[DEBUG] HEADER:Content-Length --> IN_VALUE
[DEBUG] HEADER:Content-Length --> FIELD
[DEBUG] HEADER --> CONTENT
[DEBUG] REQUEST for //localhost:38858/RedirectServlet on HttpChannelOverHttp@f268a5a{s=HttpChannelState@2e8f904b{s=IDLE rs=BLOCKING os=OPEN is=IDLE awp=false se=false i=true al=0},r=14,c=false/false,a=IDLE,uri=//localhost:38858/RedirectServlet,age=0}
POST //localhost:38858/RedirectServlet HTTP/1.1
Accept-Encoding: gzip
User-Agent: Mozilla/5.0 (Windows NT 10.0; Win64; x64) AppleWebKit/537.36 (KHTML, like Gecko) Chrome/79.0.3945.130 Safari/537.36
Content-Type: application/x-www-form-urlencoded; charset=UTF-8
Host: localhost:38858
Accept: text/html, image/gif, image/jpeg, *; q=.2, */*; q=.2
Connection: keep-alive
Content-Length: 69


[DEBUG] HttpConnection@3be4ecda::SocketChannelEndPoint@122254ce{l=/127.0.0.1:38858,r=/127.0.0.1:42942,OPEN,fill=-,flush=-,to=0/30000}{io=0/0,kio=0,kro=1}->HttpConnection@3be4ecda[p=HttpParser{s=CONTENT,0 of 69},g=HttpGenerator@af7230{s=START}]=>HttpChannelOverHttp@f268a5a{s=HttpChannelState@2e8f904b{s=IDLE rs=BLOCKING os=OPEN is=IDLE awp=false se=false i=true al=0},r=14,c=false/false,a=IDLE,uri=//localhost:38858/RedirectServlet,age=0} parsed true HttpParser{s=CONTENT,0 of 69}
[DEBUG] handle //localhost:38858/RedirectServlet HttpChannelOverHttp@f268a5a{s=HttpChannelState@2e8f904b{s=IDLE rs=BLOCKING os=OPEN is=IDLE awp=false se=false i=true al=0},r=14,c=false/false,a=IDLE,uri=//localhost:38858/RedirectServlet,age=0} 
[DEBUG] handling HttpChannelState@2e8f904b{s=IDLE rs=BLOCKING os=OPEN is=IDLE awp=false se=false i=true al=0}
[DEBUG] action DISPATCH HttpChannelOverHttp@f268a5a{s=HttpChannelState@2e8f904b{s=HANDLING rs=BLOCKING os=OPEN is=IDLE awp=false se=false i=true al=0},r=14,c=false/false,a=HANDLING,uri=//localhost:38858/RedirectServlet,age=0}
[DEBUG] REQUEST POST /RedirectServlet on HttpChannelOverHttp@f268a5a{s=HttpChannelState@2e8f904b{s=HANDLING rs=BLOCKING os=OPEN is=IDLE awp=false se=false i=true al=0},r=14,c=false/false,a=HANDLING,uri=//localhost:38858/RedirectServlet,age=1}
[DEBUG] servlet null|/RedirectServlet|null -> org.jsoup.integration.servlets.RedirectServlet-56febdc==org.jsoup.integration.servlets.RedirectServlet@decc268e{jsp=null,order=-1,inst=true,async=true,src=EMBEDDED:null,STARTED}
[DEBUG] chain=null
[DEBUG] HttpConnection@3be4ecda::SocketChannelEndPoint@122254ce{l=/127.0.0.1:38858,r=/127.0.0.1:42942,OPEN,fill=-,flush=-,to=1/30000}{io=0/0,kio=0,kro=1}->HttpConnection@3be4ecda[p=HttpParser{s=CONTENT,0 of 69},g=HttpGenerator@af7230{s=START}]=>HttpChannelOverHttp@f268a5a{s=HttpChannelState@2e8f904b{s=HANDLING rs=BLOCKING os=OPEN is=IDLE awp=false se=false i=true al=0},r=14,c=false/false,a=HANDLING,uri=//localhost:38858/RedirectServlet,age=1} parse HeapByteBuffer@41e05b38[p=379,l=448,c=8192,r=69]={POST /Red... 69\r\n\r\n<<<Hello=there&loc=http%3A%2...%2FEchoServlet&code=307>>>\x00\x00\x00\x00\x00\x00\x00\x00\x00...\x00\x00\x00\x00\x00\x00\x00} {}
[DEBUG] parseNext s=CONTENT HeapByteBuffer@41e05b38[p=379,l=448,c=8192,r=69]={POST /Red... 69\r\n\r\n<<<Hello=there&loc=http%3A%2...%2FEchoServlet&code=307>>>\x00\x00\x00\x00\x00\x00\x00\x00\x00...\x00\x00\x00\x00\x00\x00\x00}
[DEBUG] onContent HttpChannelOverHttp@f268a5a{s=HttpChannelState@2e8f904b{s=HANDLING rs=BLOCKING os=OPEN is=IDLE awp=false se=false i=true al=0},r=14,c=false/false,a=HANDLING,uri=//localhost:38858/RedirectServlet,age=1} Content@27fddba4{HeapByteBufferR@56523632[p=379,l=448,c=8192,r=69]={POST /Red... 69\r\n\r\n<<<Hello=there&loc=http%3A%2...%2FEchoServlet&code=307>>>\x00\x00\x00\x00\x00\x00\x00\x00\x00...\x00\x00\x00\x00\x00\x00\x00}}
[DEBUG] HttpInputOverHTTP@5e34fa8b[c=0,q=0,[0]=null,s=STREAM] addContent Content@27fddba4{HeapByteBufferR@56523632[p=379,l=448,c=8192,r=69]={POST /Red... 69\r\n\r\n<<<Hello=there&loc=http%3A%2...%2FEchoServlet&code=307>>>\x00\x00\x00\x00\x00\x00\x00\x00\x00...\x00\x00\x00\x00\x00\x00\x00}}
[DEBUG] CONTENT --> CONTENT_END
[DEBUG] onContentComplete HttpChannelOverHttp@f268a5a{s=HttpChannelState@2e8f904b{s=HANDLING rs=BLOCKING os=OPEN is=IDLE awp=false se=false i=true al=0},r=14,c=false/false,a=HANDLING,uri=//localhost:38858/RedirectServlet,age=1}
[DEBUG] CONTENT_END --> END
[DEBUG] onRequestComplete HttpChannelOverHttp@f268a5a{s=HttpChannelState@2e8f904b{s=HANDLING rs=BLOCKING os=OPEN is=IDLE awp=false se=false i=true al=0},r=14,c=false/false,a=HANDLING,uri=//localhost:38858/RedirectServlet,age=1}
[DEBUG] HttpInputOverHTTP@5e34fa8b[c=0,q=1,[0]=EOF,s=STREAM] addContent EOF
[DEBUG] HttpConnection@3be4ecda::SocketChannelEndPoint@122254ce{l=/127.0.0.1:38858,r=/127.0.0.1:42942,OPEN,fill=-,flush=-,to=1/30000}{io=0/0,kio=0,kro=1}->HttpConnection@3be4ecda[p=HttpParser{s=END,69 of 69},g=HttpGenerator@af7230{s=START}]=>HttpChannelOverHttp@f268a5a{s=HttpChannelState@2e8f904b{s=HANDLING rs=BLOCKING os=OPEN is=IDLE awp=false se=false i=true al=0},r=14,c=false/false,a=HANDLING,uri=//localhost:38858/RedirectServlet,age=1} parsed false HttpParser{s=END,69 of 69}
[DEBUG] HttpInputOverHTTP@5e34fa8b[c=1,q=1,[0]=EOF,s=STREAM] read 1 from Content@27fddba4{HeapByteBufferR@56523632[p=380,l=448,c=8192,r=68]={POST /Red...69\r\n\r\nH<<<ello=there&loc=http%3A%2F...%2FEchoServlet&code=307>>>\x00\x00\x00\x00\x00\x00\x00\x00\x00...\x00\x00\x00\x00\x00\x00\x00}}
[DEBUG] HttpInputOverHTTP@5e34fa8b[c=2,q=1,[0]=EOF,s=STREAM] read 1 from Content@27fddba4{HeapByteBufferR@56523632[p=381,l=448,c=8192,r=67]={POST /Red...9\r\n\r\nHe<<<llo=there&loc=http%3A%2F%...%2FEchoServlet&code=307>>>\x00\x00\x00\x00\x00\x00\x00\x00\x00...\x00\x00\x00\x00\x00\x00\x00}}
[DEBUG] HttpInputOverHTTP@5e34fa8b[c=3,q=1,[0]=EOF,s=STREAM] read 1 from Content@27fddba4{HeapByteBufferR@56523632[p=382,l=448,c=8192,r=66]={POST /Red...\r\n\r\nHel<<<lo=there&loc=http%3A%2F%2...%2FEchoServlet&code=307>>>\x00\x00\x00\x00\x00\x00\x00\x00\x00...\x00\x00\x00\x00\x00\x00\x00}}
[DEBUG] HttpInputOverHTTP@5e34fa8b[c=4,q=1,[0]=EOF,s=STREAM] read 1 from Content@27fddba4{HeapByteBufferR@56523632[p=383,l=448,c=8192,r=65]={POST /Red...\n\r\nHell<<<o=there&loc=http%3A%2F%2F...%2FEchoServlet&code=307>>>\x00\x00\x00\x00\x00\x00\x00\x00\x00...\x00\x00\x00\x00\x00\x00\x00}}
[DEBUG] HttpInputOverHTTP@5e34fa8b[c=5,q=1,[0]=EOF,s=STREAM] read 1 from Content@27fddba4{HeapByteBufferR@56523632[p=384,l=448,c=8192,r=64]={POST /Red...\r\nHello<<<=there&loc=http%3A%2F%2Fl...%2FEchoServlet&code=307>>>\x00\x00\x00\x00\x00\x00\x00\x00\x00...\x00\x00\x00\x00\x00\x00\x00}}
[DEBUG] HttpInputOverHTTP@5e34fa8b[c=6,q=1,[0]=EOF,s=STREAM] read 1 from Content@27fddba4{HeapByteBufferR@56523632[p=385,l=448,c=8192,r=63]={POST /Red...\nHello=<<<there&loc=http%3A%2F%2Flo...%2FEchoServlet&code=307>>>\x00\x00\x00\x00\x00\x00\x00\x00\x00...\x00\x00\x00\x00\x00\x00\x00}}
[DEBUG] HttpInputOverHTTP@5e34fa8b[c=7,q=1,[0]=EOF,s=STREAM] read 1 from Content@27fddba4{HeapByteBufferR@56523632[p=386,l=448,c=8192,r=62]={POST /Red...Hello=t<<<here&loc=http%3A%2F%2Floc...%2FEchoServlet&code=307>>>\x00\x00\x00\x00\x00\x00\x00\x00\x00...\x00\x00\x00\x00\x00\x00\x00}}
[DEBUG] HttpInputOverHTTP@5e34fa8b[c=8,q=1,[0]=EOF,s=STREAM] read 1 from Content@27fddba4{HeapByteBufferR@56523632[p=387,l=448,c=8192,r=61]={POST /Red...ello=th<<<ere&loc=http%3A%2F%2Floca...%2FEchoServlet&code=307>>>\x00\x00\x00\x00\x00\x00\x00\x00\x00...\x00\x00\x00\x00\x00\x00\x00}}
[DEBUG] HttpInputOverHTTP@5e34fa8b[c=9,q=1,[0]=EOF,s=STREAM] read 1 from Content@27fddba4{HeapByteBufferR@56523632[p=388,l=448,c=8192,r=60]={POST /Red...llo=the<<<re&loc=http%3A%2F%2Flocal...%2FEchoServlet&code=307>>>\x00\x00\x00\x00\x00\x00\x00\x00\x00...\x00\x00\x00\x00\x00\x00\x00}}
[DEBUG] HttpInputOverHTTP@5e34fa8b[c=10,q=1,[0]=EOF,s=STREAM] read 1 from Content@27fddba4{HeapByteBufferR@56523632[p=389,l=448,c=8192,r=59]={POST /Red...lo=ther<<<e&loc=http%3A%2F%2Flocalh...%2FEchoServlet&code=307>>>\x00\x00\x00\x00\x00\x00\x00\x00\x00...\x00\x00\x00\x00\x00\x00\x00}}
[DEBUG] HttpInputOverHTTP@5e34fa8b[c=11,q=1,[0]=EOF,s=STREAM] read 1 from Content@27fddba4{HeapByteBufferR@56523632[p=390,l=448,c=8192,r=58]={POST /Red...o=there<<<&loc=http%3A%2F%2Flocalho...%2FEchoServlet&code=307>>>\x00\x00\x00\x00\x00\x00\x00\x00\x00...\x00\x00\x00\x00\x00\x00\x00}}
[DEBUG] HttpInputOverHTTP@5e34fa8b[c=12,q=1,[0]=EOF,s=STREAM] read 1 from Content@27fddba4{HeapByteBufferR@56523632[p=391,l=448,c=8192,r=57]={POST /Red...=there&<<<loc=http%3A%2F%2Flocalhos...%2FEchoServlet&code=307>>>\x00\x00\x00\x00\x00\x00\x00\x00\x00...\x00\x00\x00\x00\x00\x00\x00}}
[DEBUG] HttpInputOverHTTP@5e34fa8b[c=13,q=1,[0]=EOF,s=STREAM] read 1 from Content@27fddba4{HeapByteBufferR@56523632[p=392,l=448,c=8192,r=56]={POST /Red...there&l<<<oc=http%3A%2F%2Flocalhost...%2FEchoServlet&code=307>>>\x00\x00\x00\x00\x00\x00\x00\x00\x00...\x00\x00\x00\x00\x00\x00\x00}}
[DEBUG] HttpInputOverHTTP@5e34fa8b[c=14,q=1,[0]=EOF,s=STREAM] read 1 from Content@27fddba4{HeapByteBufferR@56523632[p=393,l=448,c=8192,r=55]={POST /Red...here&lo<<<c=http%3A%2F%2Flocalhost%...%2FEchoServlet&code=307>>>\x00\x00\x00\x00\x00\x00\x00\x00\x00...\x00\x00\x00\x00\x00\x00\x00}}
[DEBUG] HttpInputOverHTTP@5e34fa8b[c=15,q=1,[0]=EOF,s=STREAM] read 1 from Content@27fddba4{HeapByteBufferR@56523632[p=394,l=448,c=8192,r=54]={POST /Red...ere&loc<<<=http%3A%2F%2Flocalhost%3...%2FEchoServlet&code=307>>>\x00\x00\x00\x00\x00\x00\x00\x00\x00...\x00\x00\x00\x00\x00\x00\x00}}
[DEBUG] HttpInputOverHTTP@5e34fa8b[c=16,q=1,[0]=EOF,s=STREAM] read 1 from Content@27fddba4{HeapByteBufferR@56523632[p=395,l=448,c=8192,r=53]={POST /Red...re&loc=<<<http%3A%2F%2Flocalhost%3A...%2FEchoServlet&code=307>>>\x00\x00\x00\x00\x00\x00\x00\x00\x00...\x00\x00\x00\x00\x00\x00\x00}}
[DEBUG] HttpInputOverHTTP@5e34fa8b[c=17,q=1,[0]=EOF,s=STREAM] read 1 from Content@27fddba4{HeapByteBufferR@56523632[p=396,l=448,c=8192,r=52]={POST /Red...e&loc=h<<<ttp%3A%2F%2Flocalhost%3A3...%2FEchoServlet&code=307>>>\x00\x00\x00\x00\x00\x00\x00\x00\x00...\x00\x00\x00\x00\x00\x00\x00}}
[DEBUG] HttpInputOverHTTP@5e34fa8b[c=18,q=1,[0]=EOF,s=STREAM] read 1 from Content@27fddba4{HeapByteBufferR@56523632[p=397,l=448,c=8192,r=51]={POST /Red...&loc=ht<<<tp%3A%2F%2Flocalhost%3A38...%2FEchoServlet&code=307>>>\x00\x00\x00\x00\x00\x00\x00\x00\x00...\x00\x00\x00\x00\x00\x00\x00}}
[DEBUG] HttpInputOverHTTP@5e34fa8b[c=19,q=1,[0]=EOF,s=STREAM] read 1 from Content@27fddba4{HeapByteBufferR@56523632[p=398,l=448,c=8192,r=50]={POST /Red...loc=htt<<<p%3A%2F%2Flocalhost%3A388...%2FEchoServlet&code=307>>>\x00\x00\x00\x00\x00\x00\x00\x00\x00...\x00\x00\x00\x00\x00\x00\x00}}
[DEBUG] HttpInputOverHTTP@5e34fa8b[c=20,q=1,[0]=EOF,s=STREAM] read 1 from Content@27fddba4{HeapByteBufferR@56523632[p=399,l=448,c=8192,r=49]={POST /Red...oc=http<<<%3A%2F%2Flocalhost%3A3885...%2FEchoServlet&code=307>>>\x00\x00\x00\x00\x00\x00\x00\x00\x00...\x00\x00\x00\x00\x00\x00\x00}}
[DEBUG] HttpInputOverHTTP@5e34fa8b[c=21,q=1,[0]=EOF,s=STREAM] read 1 from Content@27fddba4{HeapByteBufferR@56523632[p=400,l=448,c=8192,r=48]={POST /Red...c=http%<<<3A%2F%2Flocalhost%3A38858%2FEchoServlet&code=307>>>\x00\x00\x00\x00\x00\x00\x00\x00\x00...\x00\x00\x00\x00\x00\x00\x00}}
[DEBUG] HttpInputOverHTTP@5e34fa8b[c=22,q=1,[0]=EOF,s=STREAM] read 1 from Content@27fddba4{HeapByteBufferR@56523632[p=401,l=448,c=8192,r=47]={POST /Red...=http%3<<<A%2F%2Flocalhost%3A38858%2FEchoServlet&code=307>>>\x00\x00\x00\x00\x00\x00\x00\x00\x00...\x00\x00\x00\x00\x00\x00\x00}}
[DEBUG] HttpInputOverHTTP@5e34fa8b[c=23,q=1,[0]=EOF,s=STREAM] read 1 from Content@27fddba4{HeapByteBufferR@56523632[p=402,l=448,c=8192,r=46]={POST /Red...http%3A<<<%2F%2Flocalhost%3A38858%2FEchoServlet&code=307>>>\x00\x00\x00\x00\x00\x00\x00\x00\x00...\x00\x00\x00\x00\x00\x00\x00}}
[DEBUG] HttpInputOverHTTP@5e34fa8b[c=24,q=1,[0]=EOF,s=STREAM] read 1 from Content@27fddba4{HeapByteBufferR@56523632[p=403,l=448,c=8192,r=45]={POST /Red...ttp%3A%<<<2F%2Flocalhost%3A38858%2FEchoServlet&code=307>>>\x00\x00\x00\x00\x00\x00\x00\x00\x00...\x00\x00\x00\x00\x00\x00\x00}}
[DEBUG] HttpInputOverHTTP@5e34fa8b[c=25,q=1,[0]=EOF,s=STREAM] read 1 from Content@27fddba4{HeapByteBufferR@56523632[p=404,l=448,c=8192,r=44]={POST /Red...tp%3A%2<<<F%2Flocalhost%3A38858%2FEchoServlet&code=307>>>\x00\x00\x00\x00\x00\x00\x00\x00\x00...\x00\x00\x00\x00\x00\x00\x00}}
[DEBUG] HttpInputOverHTTP@5e34fa8b[c=26,q=1,[0]=EOF,s=STREAM] read 1 from Content@27fddba4{HeapByteBufferR@56523632[p=405,l=448,c=8192,r=43]={POST /Red...p%3A%2F<<<%2Flocalhost%3A38858%2FEchoServlet&code=307>>>\x00\x00\x00\x00\x00\x00\x00\x00\x00...\x00\x00\x00\x00\x00\x00\x00}}
[DEBUG] HttpInputOverHTTP@5e34fa8b[c=27,q=1,[0]=EOF,s=STREAM] read 1 from Content@27fddba4{HeapByteBufferR@56523632[p=406,l=448,c=8192,r=42]={POST /Red...%3A%2F%<<<2Flocalhost%3A38858%2FEchoServlet&code=307>>>\x00\x00\x00\x00\x00\x00\x00\x00\x00...\x00\x00\x00\x00\x00\x00\x00}}
[DEBUG] HttpInputOverHTTP@5e34fa8b[c=28,q=1,[0]=EOF,s=STREAM] read 1 from Content@27fddba4{HeapByteBufferR@56523632[p=407,l=448,c=8192,r=41]={POST /Red...3A%2F%2<<<Flocalhost%3A38858%2FEchoServlet&code=307>>>\x00\x00\x00\x00\x00\x00\x00\x00\x00...\x00\x00\x00\x00\x00\x00\x00}}
[DEBUG] HttpInputOverHTTP@5e34fa8b[c=29,q=1,[0]=EOF,s=STREAM] read 1 from Content@27fddba4{HeapByteBufferR@56523632[p=408,l=448,c=8192,r=40]={POST /Red...A%2F%2F<<<localhost%3A38858%2FEchoServlet&code=307>>>\x00\x00\x00\x00\x00\x00\x00\x00\x00...\x00\x00\x00\x00\x00\x00\x00}}
[DEBUG] HttpInputOverHTTP@5e34fa8b[c=30,q=1,[0]=EOF,s=STREAM] read 1 from Content@27fddba4{HeapByteBufferR@56523632[p=409,l=448,c=8192,r=39]={POST /Red...%2F%2Fl<<<ocalhost%3A38858%2FEchoServlet&code=307>>>\x00\x00\x00\x00\x00\x00\x00\x00\x00...\x00\x00\x00\x00\x00\x00\x00}}
[DEBUG] HttpInputOverHTTP@5e34fa8b[c=31,q=1,[0]=EOF,s=STREAM] read 1 from Content@27fddba4{HeapByteBufferR@56523632[p=410,l=448,c=8192,r=38]={POST /Red...2F%2Flo<<<calhost%3A38858%2FEchoServlet&code=307>>>\x00\x00\x00\x00\x00\x00\x00\x00\x00...\x00\x00\x00\x00\x00\x00\x00}}
[DEBUG] HttpInputOverHTTP@5e34fa8b[c=32,q=1,[0]=EOF,s=STREAM] read 1 from Content@27fddba4{HeapByteBufferR@56523632[p=411,l=448,c=8192,r=37]={POST /Red...F%2Floc<<<alhost%3A38858%2FEchoServlet&code=307>>>\x00\x00\x00\x00\x00\x00\x00\x00\x00...\x00\x00\x00\x00\x00\x00\x00}}
[DEBUG] HttpInputOverHTTP@5e34fa8b[c=33,q=1,[0]=EOF,s=STREAM] read 1 from Content@27fddba4{HeapByteBufferR@56523632[p=412,l=448,c=8192,r=36]={POST /Red...%2Floca<<<lhost%3A38858%2FEchoServlet&code=307>>>\x00\x00\x00\x00\x00\x00\x00\x00\x00...\x00\x00\x00\x00\x00\x00\x00}}
[DEBUG] HttpInputOverHTTP@5e34fa8b[c=34,q=1,[0]=EOF,s=STREAM] read 1 from Content@27fddba4{HeapByteBufferR@56523632[p=413,l=448,c=8192,r=35]={POST /Red...2Flocal<<<host%3A38858%2FEchoServlet&code=307>>>\x00\x00\x00\x00\x00\x00\x00\x00\x00...\x00\x00\x00\x00\x00\x00\x00}}
[DEBUG] HttpInputOverHTTP@5e34fa8b[c=35,q=1,[0]=EOF,s=STREAM] read 1 from Content@27fddba4{HeapByteBufferR@56523632[p=414,l=448,c=8192,r=34]={POST /Red...Flocalh<<<ost%3A38858%2FEchoServlet&code=307>>>\x00\x00\x00\x00\x00\x00\x00\x00\x00...\x00\x00\x00\x00\x00\x00\x00}}
[DEBUG] HttpInputOverHTTP@5e34fa8b[c=36,q=1,[0]=EOF,s=STREAM] read 1 from Content@27fddba4{HeapByteBufferR@56523632[p=415,l=448,c=8192,r=33]={POST /Red...localho<<<st%3A38858%2FEchoServlet&code=307>>>\x00\x00\x00\x00\x00\x00\x00\x00\x00...\x00\x00\x00\x00\x00\x00\x00}}
[DEBUG] HttpInputOverHTTP@5e34fa8b[c=37,q=1,[0]=EOF,s=STREAM] read 1 from Content@27fddba4{HeapByteBufferR@56523632[p=416,l=448,c=8192,r=32]={POST /Red...ocalhos<<<t%3A38858%2FEchoServlet&code=307>>>\x00\x00\x00\x00\x00\x00\x00\x00\x00...\x00\x00\x00\x00\x00\x00\x00}}
[DEBUG] HttpInputOverHTTP@5e34fa8b[c=38,q=1,[0]=EOF,s=STREAM] read 1 from Content@27fddba4{HeapByteBufferR@56523632[p=417,l=448,c=8192,r=31]={POST /Red...calhost<<<%3A38858%2FEchoServlet&code=307>>>\x00\x00\x00\x00\x00\x00\x00\x00\x00...\x00\x00\x00\x00\x00\x00\x00}}
[DEBUG] HttpInputOverHTTP@5e34fa8b[c=39,q=1,[0]=EOF,s=STREAM] read 1 from Content@27fddba4{HeapByteBufferR@56523632[p=418,l=448,c=8192,r=30]={POST /Red...alhost%<<<3A38858%2FEchoServlet&code=307>>>\x00\x00\x00\x00\x00\x00\x00\x00\x00...\x00\x00\x00\x00\x00\x00\x00}}
[DEBUG] HttpInputOverHTTP@5e34fa8b[c=40,q=1,[0]=EOF,s=STREAM] read 1 from Content@27fddba4{HeapByteBufferR@56523632[p=419,l=448,c=8192,r=29]={POST /Red...lhost%3<<<A38858%2FEchoServlet&code=307>>>\x00\x00\x00\x00\x00\x00\x00\x00\x00...\x00\x00\x00\x00\x00\x00\x00}}
[DEBUG] HttpInputOverHTTP@5e34fa8b[c=41,q=1,[0]=EOF,s=STREAM] read 1 from Content@27fddba4{HeapByteBufferR@56523632[p=420,l=448,c=8192,r=28]={POST /Red...host%3A<<<38858%2FEchoServlet&code=307>>>\x00\x00\x00\x00\x00\x00\x00\x00\x00...\x00\x00\x00\x00\x00\x00\x00}}
[DEBUG] HttpInputOverHTTP@5e34fa8b[c=42,q=1,[0]=EOF,s=STREAM] read 1 from Content@27fddba4{HeapByteBufferR@56523632[p=421,l=448,c=8192,r=27]={POST /Red...ost%3A3<<<8858%2FEchoServlet&code=307>>>\x00\x00\x00\x00\x00\x00\x00\x00\x00...\x00\x00\x00\x00\x00\x00\x00}}
[DEBUG] HttpInputOverHTTP@5e34fa8b[c=43,q=1,[0]=EOF,s=STREAM] read 1 from Content@27fddba4{HeapByteBufferR@56523632[p=422,l=448,c=8192,r=26]={POST /Red...st%3A38<<<858%2FEchoServlet&code=307>>>\x00\x00\x00\x00\x00\x00\x00\x00\x00...\x00\x00\x00\x00\x00\x00\x00}}
[DEBUG] HttpInputOverHTTP@5e34fa8b[c=44,q=1,[0]=EOF,s=STREAM] read 1 from Content@27fddba4{HeapByteBufferR@56523632[p=423,l=448,c=8192,r=25]={POST /Red...t%3A388<<<58%2FEchoServlet&code=307>>>\x00\x00\x00\x00\x00\x00\x00\x00\x00...\x00\x00\x00\x00\x00\x00\x00}}
[DEBUG] HttpInputOverHTTP@5e34fa8b[c=45,q=1,[0]=EOF,s=STREAM] read 1 from Content@27fddba4{HeapByteBufferR@56523632[p=424,l=448,c=8192,r=24]={POST /Red...%3A3885<<<8%2FEchoServlet&code=307>>>\x00\x00\x00\x00\x00\x00\x00\x00\x00...\x00\x00\x00\x00\x00\x00\x00}}
[DEBUG] HttpInputOverHTTP@5e34fa8b[c=46,q=1,[0]=EOF,s=STREAM] read 1 from Content@27fddba4{HeapByteBufferR@56523632[p=425,l=448,c=8192,r=23]={POST /Red...3A38858<<<%2FEchoServlet&code=307>>>\x00\x00\x00\x00\x00\x00\x00\x00\x00...\x00\x00\x00\x00\x00\x00\x00}}
[DEBUG] HttpInputOverHTTP@5e34fa8b[c=47,q=1,[0]=EOF,s=STREAM] read 1 from Content@27fddba4{HeapByteBufferR@56523632[p=426,l=448,c=8192,r=22]={POST /Red...A38858%<<<2FEchoServlet&code=307>>>\x00\x00\x00\x00\x00\x00\x00\x00\x00...\x00\x00\x00\x00\x00\x00\x00}}
[DEBUG] HttpInputOverHTTP@5e34fa8b[c=48,q=1,[0]=EOF,s=STREAM] read 1 from Content@27fddba4{HeapByteBufferR@56523632[p=427,l=448,c=8192,r=21]={POST /Red...38858%2<<<FEchoServlet&code=307>>>\x00\x00\x00\x00\x00\x00\x00\x00\x00...\x00\x00\x00\x00\x00\x00\x00}}
[DEBUG] HttpInputOverHTTP@5e34fa8b[c=49,q=1,[0]=EOF,s=STREAM] read 1 from Content@27fddba4{HeapByteBufferR@56523632[p=428,l=448,c=8192,r=20]={POST /Red...8858%2F<<<EchoServlet&code=307>>>\x00\x00\x00\x00\x00\x00\x00\x00\x00...\x00\x00\x00\x00\x00\x00\x00}}
[DEBUG] HttpInputOverHTTP@5e34fa8b[c=50,q=1,[0]=EOF,s=STREAM] read 1 from Content@27fddba4{HeapByteBufferR@56523632[p=429,l=448,c=8192,r=19]={POST /Red...858%2FE<<<choServlet&code=307>>>\x00\x00\x00\x00\x00\x00\x00\x00\x00...\x00\x00\x00\x00\x00\x00\x00}}
[DEBUG] HttpInputOverHTTP@5e34fa8b[c=51,q=1,[0]=EOF,s=STREAM] read 1 from Content@27fddba4{HeapByteBufferR@56523632[p=430,l=448,c=8192,r=18]={POST /Red...58%2FEc<<<hoServlet&code=307>>>\x00\x00\x00\x00\x00\x00\x00\x00\x00...\x00\x00\x00\x00\x00\x00\x00}}
[DEBUG] HttpInputOverHTTP@5e34fa8b[c=52,q=1,[0]=EOF,s=STREAM] read 1 from Content@27fddba4{HeapByteBufferR@56523632[p=431,l=448,c=8192,r=17]={POST /Red...8%2FEch<<<oServlet&code=307>>>\x00\x00\x00\x00\x00\x00\x00\x00\x00...\x00\x00\x00\x00\x00\x00\x00}}
[DEBUG] HttpInputOverHTTP@5e34fa8b[c=53,q=1,[0]=EOF,s=STREAM] read 1 from Content@27fddba4{HeapByteBufferR@56523632[p=432,l=448,c=8192,r=16]={POST /Red...%2FEcho<<<Servlet&code=307>>>\x00\x00\x00\x00\x00\x00\x00\x00\x00...\x00\x00\x00\x00\x00\x00\x00}}
[DEBUG] HttpInputOverHTTP@5e34fa8b[c=54,q=1,[0]=EOF,s=STREAM] read 1 from Content@27fddba4{HeapByteBufferR@56523632[p=433,l=448,c=8192,r=15]={POST /Red...2FEchoS<<<ervlet&code=307>>>\x00\x00\x00\x00\x00\x00\x00\x00\x00...\x00\x00\x00\x00\x00\x00\x00}}
[DEBUG] HttpInputOverHTTP@5e34fa8b[c=55,q=1,[0]=EOF,s=STREAM] read 1 from Content@27fddba4{HeapByteBufferR@56523632[p=434,l=448,c=8192,r=14]={POST /Red...FEchoSe<<<rvlet&code=307>>>\x00\x00\x00\x00\x00\x00\x00\x00\x00...\x00\x00\x00\x00\x00\x00\x00}}
[DEBUG] HttpInputOverHTTP@5e34fa8b[c=56,q=1,[0]=EOF,s=STREAM] read 1 from Content@27fddba4{HeapByteBufferR@56523632[p=435,l=448,c=8192,r=13]={POST /Red...EchoSer<<<vlet&code=307>>>\x00\x00\x00\x00\x00\x00\x00\x00\x00...\x00\x00\x00\x00\x00\x00\x00}}
[DEBUG] HttpInputOverHTTP@5e34fa8b[c=57,q=1,[0]=EOF,s=STREAM] read 1 from Content@27fddba4{HeapByteBufferR@56523632[p=436,l=448,c=8192,r=12]={POST /Red...choServ<<<let&code=307>>>\x00\x00\x00\x00\x00\x00\x00\x00\x00...\x00\x00\x00\x00\x00\x00\x00}}
[DEBUG] HttpInputOverHTTP@5e34fa8b[c=58,q=1,[0]=EOF,s=STREAM] read 1 from Content@27fddba4{HeapByteBufferR@56523632[p=437,l=448,c=8192,r=11]={POST /Red...hoServl<<<et&code=307>>>\x00\x00\x00\x00\x00\x00\x00\x00\x00...\x00\x00\x00\x00\x00\x00\x00}}
[DEBUG] HttpInputOverHTTP@5e34fa8b[c=59,q=1,[0]=EOF,s=STREAM] read 1 from Content@27fddba4{HeapByteBufferR@56523632[p=438,l=448,c=8192,r=10]={POST /Red...oServle<<<t&code=307>>>\x00\x00\x00\x00\x00\x00\x00\x00\x00...\x00\x00\x00\x00\x00\x00\x00}}
[DEBUG] HttpInputOverHTTP@5e34fa8b[c=60,q=1,[0]=EOF,s=STREAM] read 1 from Content@27fddba4{HeapByteBufferR@56523632[p=439,l=448,c=8192,r=9]={POST /Red...Servlet<<<&code=307>>>\x00\x00\x00\x00\x00\x00\x00\x00\x00...\x00\x00\x00\x00\x00\x00\x00}}
[DEBUG] HttpInputOverHTTP@5e34fa8b[c=61,q=1,[0]=EOF,s=STREAM] read 1 from Content@27fddba4{HeapByteBufferR@56523632[p=440,l=448,c=8192,r=8]={POST /Red...ervlet&<<<code=307>>>\x00\x00\x00\x00\x00\x00\x00\x00\x00...\x00\x00\x00\x00\x00\x00\x00}}
[DEBUG] HttpInputOverHTTP@5e34fa8b[c=62,q=1,[0]=EOF,s=STREAM] read 1 from Content@27fddba4{HeapByteBufferR@56523632[p=441,l=448,c=8192,r=7]={POST /Red...rvlet&c<<<ode=307>>>\x00\x00\x00\x00\x00\x00\x00\x00\x00...\x00\x00\x00\x00\x00\x00\x00}}
[DEBUG] HttpInputOverHTTP@5e34fa8b[c=63,q=1,[0]=EOF,s=STREAM] read 1 from Content@27fddba4{HeapByteBufferR@56523632[p=442,l=448,c=8192,r=6]={POST /Red...vlet&co<<<de=307>>>\x00\x00\x00\x00\x00\x00\x00\x00\x00...\x00\x00\x00\x00\x00\x00\x00}}
[DEBUG] HttpInputOverHTTP@5e34fa8b[c=64,q=1,[0]=EOF,s=STREAM] read 1 from Content@27fddba4{HeapByteBufferR@56523632[p=443,l=448,c=8192,r=5]={POST /Red...let&cod<<<e=307>>>\x00\x00\x00\x00\x00\x00\x00\x00\x00...\x00\x00\x00\x00\x00\x00\x00}}
[DEBUG] HttpInputOverHTTP@5e34fa8b[c=65,q=1,[0]=EOF,s=STREAM] read 1 from Content@27fddba4{HeapByteBufferR@56523632[p=444,l=448,c=8192,r=4]={POST /Red...et&code<<<=307>>>\x00\x00\x00\x00\x00\x00\x00\x00\x00...\x00\x00\x00\x00\x00\x00\x00}}
[DEBUG] HttpInputOverHTTP@5e34fa8b[c=66,q=1,[0]=EOF,s=STREAM] read 1 from Content@27fddba4{HeapByteBufferR@56523632[p=445,l=448,c=8192,r=3]={POST /Red...t&code=<<<307>>>\x00\x00\x00\x00\x00\x00\x00\x00\x00...\x00\x00\x00\x00\x00\x00\x00}}
[DEBUG] HttpInputOverHTTP@5e34fa8b[c=67,q=1,[0]=EOF,s=STREAM] read 1 from Content@27fddba4{HeapByteBufferR@56523632[p=446,l=448,c=8192,r=2]={POST /Red...&code=3<<<07>>>\x00\x00\x00\x00\x00\x00\x00\x00\x00...\x00\x00\x00\x00\x00\x00\x00}}
[DEBUG] HttpInputOverHTTP@5e34fa8b[c=68,q=1,[0]=EOF,s=STREAM] read 1 from Content@27fddba4{HeapByteBufferR@56523632[p=447,l=448,c=8192,r=1]={POST /Red...code=30<<<7>>>\x00\x00\x00\x00\x00\x00\x00\x00\x00...\x00\x00\x00\x00\x00\x00\x00}}
[DEBUG] HttpInputOverHTTP@5e34fa8b[c=69,q=1,[0]=EOF,s=STREAM] read 1 from Content@27fddba4{HeapByteBufferR@56523632[p=448,l=448,c=8192,r=0]={POST /Red...ode=307<<<>>>\x00\x00\x00\x00\x00\x00\x00\x00\x00...\x00\x00\x00\x00\x00\x00\x00}}
[DEBUG] releaseRequestBuffer HttpConnection@3be4ecda::SocketChannelEndPoint@122254ce{l=/127.0.0.1:38858,r=/127.0.0.1:42942,OPEN,fill=-,flush=-,to=12/30000}{io=0/0,kio=0,kro=1}->HttpConnection@3be4ecda[p=HttpParser{s=END,69 of 69},g=HttpGenerator@af7230{s=START}]=>HttpChannelOverHttp@f268a5a{s=HttpChannelState@2e8f904b{s=HANDLING rs=BLOCKING os=OPEN is=IDLE awp=false se=false i=true al=0},r=14,c=false/false,a=HANDLING,uri=//localhost:38858/RedirectServlet,age=12}
[DEBUG] onEof HttpChannelState@2e8f904b{s=HANDLING rs=BLOCKING os=OPEN is=IDLE awp=false se=false i=true al=0}
[DEBUG] handled=true async=false committed=false on HttpChannelOverHttp@f268a5a{s=HttpChannelState@2e8f904b{s=HANDLING rs=BLOCKING os=OPEN is=READY awp=false se=false i=true al=0},r=14,c=false/false,a=HANDLING,uri=//localhost:38858/RedirectServlet,age=13}
[DEBUG] unhandle HttpChannelState@2e8f904b{s=HANDLING rs=BLOCKING os=OPEN is=READY awp=false se=false i=true al=0}
[DEBUG] nextAction(false) COMPLETE HttpChannelState@2e8f904b{s=HANDLING rs=COMPLETING os=OPEN is=READY awp=false se=false i=false al=0}
[DEBUG] action COMPLETE HttpChannelOverHttp@f268a5a{s=HttpChannelState@2e8f904b{s=HANDLING rs=COMPLETING os=OPEN is=READY awp=false se=false i=false al=0},r=14,c=false/false,a=HANDLING,uri=//localhost:38858/RedirectServlet,age=13}
[DEBUG] complete(org.eclipse.jetty.util.Callback$3@5530ea0c) s=CLOSING,api=BLOCKED,sc=false,e=null s=false e=null, c=HeapByteBuffer@11848662[p=0,l=0,c=0,r=0]={<<<>>>}
[DEBUG] sendResponse info=null content=HeapByteBuffer@11848662[p=0,l=0,c=0,r=0]={<<<>>>} complete=true committing=true callback=org.eclipse.jetty.server.HttpOutput$WriteCompleteCB@6fe4f98d
[DEBUG] COMMIT for /RedirectServlet on HttpChannelOverHttp@f268a5a{s=HttpChannelState@2e8f904b{s=HANDLING rs=COMPLETING os=COMMITTED is=READY awp=false se=false i=false al=0},r=14,c=false/false,a=HANDLING,uri=//localhost:38858/RedirectServlet,age=13}
307 null HTTP/1.1
Date: Mon, 20 Sep 2021 19:30:13 GMT
Location: http://localhost:38858/EchoServlet


[DEBUG] generate: NEED_HEADER for SendCallback@2c1836a[PROCESSING][i=HTTP/1.1{s=307,h=2,cl=-1},cb=org.eclipse.jetty.server.HttpChannel$SendCallback@260d3f2e] (null,[p=0,l=0,c=0,r=0],true)@START
[DEBUG] generateHeaders HTTP/1.1{s=307,h=2,cl=-1} last=true content=HeapByteBuffer@11848662[p=0,l=0,c=0,r=0]={<<<>>>}
[DEBUG] Date: Mon, 20 Sep 2021 19:30:13 GMT
Location: http://localhost:38858/EchoServlet


[DEBUG] CONTENT_LENGTH
[DEBUG] generate: FLUSH for SendCallback@2c1836a[PROCESSING][i=HTTP/1.1{s=307,h=2,cl=-1},cb=org.eclipse.jetty.server.HttpChannel$SendCallback@260d3f2e] ([p=0,l=170,c=8192,r=170],[p=0,l=0,c=0,r=0],true)@COMPLETING
[DEBUG] write: WriteFlusher@653abf25{IDLE}->null [HeapByteBuffer@22b9b50d[p=0,l=170,c=8192,r=170]={<<<HTTP/1.1 307 Temporary Re...y(9.4.43.v20210629)\r\n\r\n>>> (KHTML, ...\x86&h\xA0{\xC1\xC2}]
[DEBUG] update WriteFlusher@653abf25{WRITING}->null:IDLE-->WRITING
[DEBUG] flushed 170 SocketChannelEndPoint@122254ce{l=/127.0.0.1:38858,r=/127.0.0.1:42942,OPEN,fill=-,flush=W,to=21/30000}{io=0/0,kio=0,kro=1}->HttpConnection@3be4ecda[p=HttpParser{s=END,69 of 69},g=HttpGenerator@af7230{s=COMPLETING}]=>HttpChannelOverHttp@f268a5a{s=HttpChannelState@2e8f904b{s=HANDLING rs=COMPLETING os=COMMITTED is=READY awp=false se=false i=false al=0},r=14,c=false/false,a=HANDLING,uri=//localhost:38858/RedirectServlet,age=22}
[DEBUG] Flushed=true written=170 remaining=0 WriteFlusher@653abf25{WRITING}->null
[DEBUG] update WriteFlusher@653abf25{IDLE}->null:WRITING-->IDLE
[DEBUG] generate: DONE for SendCallback@2c1836a[PROCESSING][i=HTTP/1.1{s=307,h=2,cl=-1},cb=org.eclipse.jetty.server.HttpChannel$SendCallback@260d3f2e] ([p=170,l=170,c=8192,r=0],[p=0,l=0,c=0,r=0],true)@END
[DEBUG] onWriteComplete(true,null) s=CLOSING,api=BLOCKED,sc=false,e=null->s=CLOSED,api=BLOCKING,sc=false,e=null c=null cb=org.eclipse.jetty.util.Callback$3@5530ea0c w=false
[DEBUG] completed HttpChannelState@2e8f904b{s=HANDLING rs=COMPLETING os=COMPLETED is=READY awp=false se=false i=false al=0}
[DEBUG] unhandle HttpChannelState@2e8f904b{s=HANDLING rs=COMPLETED os=COMPLETED is=READY awp=false se=false i=false al=0}
[DEBUG] nextAction(false) TERMINATED HttpChannelState@2e8f904b{s=IDLE rs=COMPLETED os=COMPLETED is=READY awp=false se=false i=false al=0}
[DEBUG] action TERMINATED HttpChannelOverHttp@f268a5a{s=HttpChannelState@2e8f904b{s=IDLE rs=COMPLETED os=COMPLETED is=READY awp=false se=false i=false al=0},r=14,c=true/true,a=IDLE,uri=//localhost:38858/RedirectServlet,age=22}
[DEBUG] onCompleted for /RedirectServlet written=0
[DEBUG] recycle HttpChannelState@2e8f904b{s=IDLE rs=COMPLETED os=COMPLETED is=READY awp=false se=false i=false al=0}
[DEBUG] reset HttpParser{s=END,69 of 69}
[DEBUG] END --> START
[DEBUG] !handle TERMINATED HttpChannelOverHttp@f268a5a{s=HttpChannelState@2e8f904b{s=IDLE rs=BLOCKING os=OPEN is=IDLE awp=false se=false i=true al=0},r=14,c=false/false,a=IDLE,uri=null,age=0}
[DEBUG] filled 444 HeapByteBuffer@78a30358[p=0,l=444,c=8192,r=444]={<<<POST /EchoServlet HTTP/1....%2FEchoServlet&code=307>>>\xEa]u\x94\xD0R\xFc\xE3\xF1...\x00\x00\x00\x00\x00\x00\x00}
[DEBUG] HttpConnection@3be4ecda::SocketChannelEndPoint@122254ce{l=/127.0.0.1:38858,r=/127.0.0.1:42942,OPEN,fill=-,flush=-,to=0/30000}{io=0/0,kio=0,kro=1}->HttpConnection@3be4ecda[p=HttpParser{s=START,0 of -1},g=HttpGenerator@af7230{s=START}]=>HttpChannelOverHttp@f268a5a{s=HttpChannelState@2e8f904b{s=IDLE rs=BLOCKING os=OPEN is=IDLE awp=false se=false i=true al=0},r=14,c=false/false,a=IDLE,uri=null,age=0} filled 444 HeapByteBuffer@78a30358[p=0,l=444,c=8192,r=444]={<<<POST /EchoServlet HTTP/1....%2FEchoServlet&code=307>>>\xEa]u\x94\xD0R\xFc\xE3\xF1...\x00\x00\x00\x00\x00\x00\x00}
[DEBUG] HttpConnection@3be4ecda::SocketChannelEndPoint@122254ce{l=/127.0.0.1:38858,r=/127.0.0.1:42942,OPEN,fill=-,flush=-,to=0/30000}{io=0/0,kio=0,kro=1}->HttpConnection@3be4ecda[p=HttpParser{s=START,0 of -1},g=HttpGenerator@af7230{s=START}]=>HttpChannelOverHttp@f268a5a{s=HttpChannelState@2e8f904b{s=IDLE rs=BLOCKING os=OPEN is=IDLE awp=false se=false i=true al=0},r=14,c=false/false,a=IDLE,uri=null,age=0} parse HeapByteBuffer@78a30358[p=0,l=444,c=8192,r=444]={<<<POST /EchoServlet HTTP/1....%2FEchoServlet&code=307>>>\xEa]u\x94\xD0R\xFc\xE3\xF1...\x00\x00\x00\x00\x00\x00\x00} {}
[DEBUG] parseNext s=START HeapByteBuffer@78a30358[p=0,l=444,c=8192,r=444]={<<<POST /EchoServlet HTTP/1....%2FEchoServlet&code=307>>>\xEa]u\x94\xD0R\xFc\xE3\xF1...\x00\x00\x00\x00\x00\x00\x00}
[DEBUG] START --> SPACE1
[DEBUG] SPACE1 --> URI
[DEBUG] URI --> SPACE2
[DEBUG] SPACE2 --> REQUEST_VERSION
[DEBUG] REQUEST_VERSION --> HEADER
[DEBUG] HEADER:Accept-Encoding: gzip --> IN_VALUE
[DEBUG] HEADER:Accept-Encoding: gzip --> FIELD
[DEBUG] HEADER:User-Agent: Mozilla/5.0 (Windows NT 10.0; Win64; x64) AppleWebKit/537.36 (KHTML, like Gecko) Chrome/79.0.3945.130 Safari/537.36 --> IN_VALUE
[DEBUG] HEADER:User-Agent: Mozilla/5.0 (Windows NT 10.0; Win64; x64) AppleWebKit/537.36 (KHTML, like Gecko) Chrome/79.0.3945.130 Safari/537.36 --> FIELD
[DEBUG] HEADER:Content-Type: application/x-www-form-urlencoded; charset=UTF-8 --> IN_VALUE
[DEBUG] HEADER:Content-Type: application/x-www-form-urlencoded; charset=UTF-8 --> FIELD
[DEBUG] HEADER:Host: localhost:38858 --> IN_VALUE
[DEBUG] HEADER:Host: localhost:38858 --> FIELD
[DEBUG] HEADER:Accept: text/html, image/gif, image/jpeg, *; q=.2, */*; q=.2 --> IN_VALUE
[DEBUG] HEADER:Accept: text/html, image/gif, image/jpeg, *; q=.2, */*; q=.2 --> FIELD
[DEBUG] HEADER:Connection: keep-alive --> IN_VALUE
[DEBUG] HEADER:Connection: keep-alive --> FIELD
[DEBUG] HEADER:Content-Length --> VALUE
[DEBUG] HEADER:Content-Length --> IN_VALUE
[DEBUG] HEADER:Content-Length --> FIELD
[DEBUG] HEADER --> CONTENT
[DEBUG] REQUEST for //localhost:38858/EchoServlet on HttpChannelOverHttp@f268a5a{s=HttpChannelState@2e8f904b{s=IDLE rs=BLOCKING os=OPEN is=IDLE awp=false se=false i=true al=0},r=15,c=false/false,a=IDLE,uri=//localhost:38858/EchoServlet,age=0}
POST //localhost:38858/EchoServlet HTTP/1.1
Accept-Encoding: gzip
User-Agent: Mozilla/5.0 (Windows NT 10.0; Win64; x64) AppleWebKit/537.36 (KHTML, like Gecko) Chrome/79.0.3945.130 Safari/537.36
Content-Type: application/x-www-form-urlencoded; charset=UTF-8
Host: localhost:38858
Accept: text/html, image/gif, image/jpeg, *; q=.2, */*; q=.2
Connection: keep-alive
Content-Length: 69


[DEBUG] HttpConnection@3be4ecda::SocketChannelEndPoint@122254ce{l=/127.0.0.1:38858,r=/127.0.0.1:42942,OPEN,fill=-,flush=-,to=6/30000}{io=0/0,kio=0,kro=1}->HttpConnection@3be4ecda[p=HttpParser{s=CONTENT,0 of 69},g=HttpGenerator@af7230{s=START}]=>HttpChannelOverHttp@f268a5a{s=HttpChannelState@2e8f904b{s=IDLE rs=BLOCKING os=OPEN is=IDLE awp=false se=false i=true al=0},r=15,c=false/false,a=IDLE,uri=//localhost:38858/EchoServlet,age=1} parsed true HttpParser{s=CONTENT,0 of 69}
[DEBUG] handle //localhost:38858/EchoServlet HttpChannelOverHttp@f268a5a{s=HttpChannelState@2e8f904b{s=IDLE rs=BLOCKING os=OPEN is=IDLE awp=false se=false i=true al=0},r=15,c=false/false,a=IDLE,uri=//localhost:38858/EchoServlet,age=1} 
[DEBUG] handling HttpChannelState@2e8f904b{s=IDLE rs=BLOCKING os=OPEN is=IDLE awp=false se=false i=true al=0}
[DEBUG] action DISPATCH HttpChannelOverHttp@f268a5a{s=HttpChannelState@2e8f904b{s=HANDLING rs=BLOCKING os=OPEN is=IDLE awp=false se=false i=true al=0},r=15,c=false/false,a=HANDLING,uri=//localhost:38858/EchoServlet,age=1}
[DEBUG] REQUEST POST /EchoServlet on HttpChannelOverHttp@f268a5a{s=HttpChannelState@2e8f904b{s=HANDLING rs=BLOCKING os=OPEN is=IDLE awp=false se=false i=true al=0},r=15,c=false/false,a=HANDLING,uri=//localhost:38858/EchoServlet,age=1}
[DEBUG] servlet null|/EchoServlet|null -> org.jsoup.integration.servlets.EchoServlet-422c3c7a==org.jsoup.integration.servlets.EchoServlet@66e2fba5{jsp=null,order=-1,inst=true,async=true,src=EMBEDDED:null,STARTED}
[DEBUG] chain=null
[DEBUG] write(array HeapByteBuffer@61297e7b[p=0,l=235,c=512,r=235]={<<<<title>Webserver Environm...\n    <table border="0">>>>\x00\x00\x00\x00\x00\x00\x00\x00\x00...\x00\x00\x00\x00\x00\x00\x00})
[DEBUG] write(array) s=OPEN,api=BLOCKING,sc=false,e=null aggregated !flush DirectByteBuffer@58caaa66[p=0,l=235,c=32768,r=235]={<<<<title>Webserver Environm...\n    <table border="0">>>>et eget, ...gue. Pr}
[DEBUG] write(array HeapByteBuffer@339b88d8[p=0,l=37,c=512,r=37]={<<<<tr><th>Method</th><td>POST</td></tr>>>>s</title>...\x00\x00\x00\x00\x00\x00\x00})
[DEBUG] write(array) s=OPEN,api=BLOCKING,sc=false,e=null aggregated !flush DirectByteBuffer@58caaa66[p=0,l=272,c=32768,r=272]={<<<<title>Webserver Environm...</th><td>POST</td></tr>>>>rci. <b>I...gue. Pr}
[DEBUG] write(array HeapByteBuffer@7b7b37b7[p=0,l=1,c=512,r=1]={<<<\n>>>tr><th>Me...\x00\x00\x00\x00\x00\x00\x00})
[DEBUG] write(array) s=OPEN,api=BLOCKING,sc=false,e=null aggregated !flush DirectByteBuffer@58caaa66[p=0,l=273,c=32768,r=273]={<<<<title>Webserver Environm.../th><td>POST</td></tr>\n>>>ci. <b>In...gue. Pr}
[DEBUG] write(array HeapByteBuffer@34c093b9[p=0,l=50,c=512,r=50]={<<<<tr><th>Request URI</th><...>/EchoServlet</td></tr>>>> <style t...\x00\x00\x00\x00\x00\x00\x00})
[DEBUG] write(array) s=OPEN,api=BLOCKING,sc=false,e=null aggregated !flush DirectByteBuffer@58caaa66[p=0,l=323,c=32768,r=323]={<<<<title>Webserver Environm...>/EchoServlet</td></tr>>>>cipit sod...gue. Pr}
[DEBUG] write(array HeapByteBuffer@1eb0f9fc[p=0,l=1,c=512,r=1]={<<<\n>>>tr><th>Re...\x00\x00\x00\x00\x00\x00\x00})
[DEBUG] write(array) s=OPEN,api=BLOCKING,sc=false,e=null aggregated !flush DirectByteBuffer@58caaa66[p=0,l=324,c=32768,r=324]={<<<<title>Webserver Environm.../EchoServlet</td></tr>\n>>>ipit soda...gue. Pr}
[DEBUG] write(array HeapByteBuffer@71826fba[p=0,l=39,c=512,r=39]={<<<<tr><th>Query String</th><td></td></tr>>>>t</td></t...\x00\x00\x00\x00\x00\x00\x00})
[DEBUG] write(array) s=OPEN,api=BLOCKING,sc=false,e=null aggregated !flush DirectByteBuffer@58caaa66[p=0,l=363,c=32768,r=363]={<<<<title>Webserver Environm...ring</th><td></td></tr>>>>t pede fa...gue. Pr}
[DEBUG] write(array HeapByteBuffer@536638b2[p=0,l=1,c=512,r=1]={<<<\n>>>tr><th>Qu...\x00\x00\x00\x00\x00\x00\x00})
[DEBUG] write(array) s=OPEN,api=BLOCKING,sc=false,e=null aggregated !flush DirectByteBuffer@58caaa66[p=0,l=364,c=32768,r=364]={<<<<title>Webserver Environm...ing</th><td></td></tr>\n>>> pede fac...gue. Pr}
[DEBUG] write(array HeapByteBuffer@638b243c[p=0,l=85,c=512,r=85]={<<<<tr><th>Accept</th><td>te....2, */*; q=.2</td></tr>>>>, td, th ...\x00\x00\x00\x00\x00\x00\x00})
[DEBUG] write(array) s=OPEN,api=BLOCKING,sc=false,e=null aggregated !flush DirectByteBuffer@58caaa66[p=0,l=449,c=32768,r=449]={<<<<title>Webserver Environm....2, */*; q=.2</td></tr>>>>s at, neq...gue. Pr}
[DEBUG] write(array HeapByteBuffer@7a6d4ea8[p=0,l=1,c=512,r=1]={<<<\n>>>tr><th>Ac...\x00\x00\x00\x00\x00\x00\x00})
[DEBUG] write(array) s=OPEN,api=BLOCKING,sc=false,e=null aggregated !flush DirectByteBuffer@58caaa66[p=0,l=450,c=32768,r=450]={<<<<title>Webserver Environm...2, */*; q=.2</td></tr>\n>>> at, nequ...gue. Pr}
[DEBUG] write(array HeapByteBuffer@187011e0[p=0,l=152,c=512,r=152]={<<<<tr><th>User-Agent</th><t...Safari/537.36</td></tr>>>>      th ...\x00\x00\x00\x00\x00\x00\x00})
[DEBUG] write(array) s=OPEN,api=BLOCKING,sc=false,e=null aggregated !flush DirectByteBuffer@58caaa66[p=0,l=602,c=32768,r=602]={<<<<title>Webserver Environm...Safari/537.36</td></tr>>>>. Vivamus...gue. Pr}
[DEBUG] write(array HeapByteBuffer@7a3119f4[p=0,l=1,c=512,r=1]={<<<\n>>>tr><th>Us...\x00\x00\x00\x00\x00\x00\x00})
[DEBUG] write(array) s=OPEN,api=BLOCKING,sc=false,e=null aggregated !flush DirectByteBuffer@58caaa66[p=0,l=603,c=32768,r=603]={<<<<title>Webserver Environm...afari/537.36</td></tr>\n>>> Vivamus ...gue. Pr}
[DEBUG] write(array HeapByteBuffer@40a1684a[p=0,l=47,c=512,r=47]={<<<<tr><th>Connection</th><td>keep-alive</td></tr>>>> NT 10.0;...\x00\x00\x00\x00\x00\x00\x00})
[DEBUG] write(array) s=OPEN,api=BLOCKING,sc=false,e=null aggregated !flush DirectByteBuffer@58caaa66[p=0,l=650,c=32768,r=650]={<<<<title>Webserver Environm...td>keep-alive</td></tr>>>>>Lorem ip...gue. Pr}
[DEBUG] write(array HeapByteBuffer@502966f8[p=0,l=1,c=512,r=1]={<<<\n>>>tr><th>Co...\x00\x00\x00\x00\x00\x00\x00})
[DEBUG] write(array) s=OPEN,api=BLOCKING,sc=false,e=null aggregated !flush DirectByteBuffer@58caaa66[p=0,l=651,c=32768,r=651]={<<<<title>Webserver Environm...d>keep-alive</td></tr>\n>>>Lorem ips...gue. Pr}
[DEBUG] write(array HeapByteBuffer@484e820c[p=0,l=46,c=512,r=46]={<<<<tr><th>Host</th><td>localhost:38858</td></tr>>>>> NT 10.0...\x00\x00\x00\x00\x00\x00\x00})
[DEBUG] write(array) s=OPEN,api=BLOCKING,sc=false,e=null aggregated !flush DirectByteBuffer@58caaa66[p=0,l=697,c=32768,r=697]={<<<<title>Webserver Environm...calhost:38858</td></tr>>>>cing elit...gue. Pr}
[DEBUG] write(array HeapByteBuffer@3ac2dc48[p=0,l=1,c=512,r=1]={<<<\n>>>tr><th>Ho...\x00\x00\x00\x00\x00\x00\x00})
[DEBUG] write(array) s=OPEN,api=BLOCKING,sc=false,e=null aggregated !flush DirectByteBuffer@58caaa66[p=0,l=698,c=32768,r=698]={<<<<title>Webserver Environm...alhost:38858</td></tr>\n>>>ing elit....gue. Pr}
[DEBUG] write(array HeapByteBuffer@71ea1062[p=0,l=46,c=512,r=46]={<<<<tr><th>Accept-Encoding</th><td>gzip</td></tr>>>>> NT 10.0...\x00\x00\x00\x00\x00\x00\x00})
[DEBUG] write(array) s=OPEN,api=BLOCKING,sc=false,e=null aggregated !flush DirectByteBuffer@58caaa66[p=0,l=744,c=32768,r=744]={<<<<title>Webserver Environm...</th><td>gzip</td></tr>>>>i>Integer...gue. Pr}
[DEBUG] write(array HeapByteBuffer@6aefa601[p=0,l=1,c=512,r=1]={<<<\n>>>tr><th>Ac...\x00\x00\x00\x00\x00\x00\x00})
[DEBUG] write(array) s=OPEN,api=BLOCKING,sc=false,e=null aggregated !flush DirectByteBuffer@58caaa66[p=0,l=745,c=32768,r=745]={<<<<title>Webserver Environm.../th><td>gzip</td></tr>\n>>>>Integer ...gue. Pr}
[DEBUG] write(array HeapByteBuffer@560d17b2[p=0,l=43,c=512,r=43]={<<<<tr><th>Content-Length</th><td>69</td></tr>>>>tr>> NT 1...\x00\x00\x00\x00\x00\x00\x00})
[DEBUG] write(array) s=OPEN,api=BLOCKING,sc=false,e=null aggregated !flush DirectByteBuffer@58caaa66[p=0,l=788,c=32768,r=788]={<<<<title>Webserver Environm...th</th><td>69</td></tr>>>>us diam. ...gue. Pr}
[DEBUG] write(array HeapByteBuffer@7a81b1a7[p=0,l=1,c=512,r=1]={<<<\n>>>tr><th>Co...\x00\x00\x00\x00\x00\x00\x00})
[DEBUG] write(array) s=OPEN,api=BLOCKING,sc=false,e=null aggregated !flush DirectByteBuffer@58caaa66[p=0,l=789,c=32768,r=789]={<<<<title>Webserver Environm...h</th><td>69</td></tr>\n>>>s diam. S...gue. Pr}
[DEBUG] write(array HeapByteBuffer@5bc9d795[p=0,l=87,c=512,r=87]={<<<<tr><th>Content-Type</th>...charset=UTF-8</td></tr>>>> (KHTML, ...\x00\x00\x00\x00\x00\x00\x00})
[DEBUG] write(array) s=OPEN,api=BLOCKING,sc=false,e=null aggregated !flush DirectByteBuffer@58caaa66[p=0,l=876,c=32768,r=876]={<<<<title>Webserver Environm...charset=UTF-8</td></tr>>>>sent maur...gue. Pr}
[DEBUG] write(array HeapByteBuffer@4c01ad43[p=0,l=1,c=512,r=1]={<<<\n>>>tr><th>Co...\x00\x00\x00\x00\x00\x00\x00})
[DEBUG] write(array) s=OPEN,api=BLOCKING,sc=false,e=null aggregated !flush DirectByteBuffer@58caaa66[p=0,l=877,c=32768,r=877]={<<<<title>Webserver Environm...harset=UTF-8</td></tr>\n>>>ent mauri...gue. Pr}
[DEBUG] HttpConnection@3be4ecda::SocketChannelEndPoint@122254ce{l=/127.0.0.1:38858,r=/127.0.0.1:42942,OPEN,fill=-,flush=-,to=22/30000}{io=0/0,kio=0,kro=1}->HttpConnection@3be4ecda[p=HttpParser{s=CONTENT,0 of 69},g=HttpGenerator@af7230{s=START}]=>HttpChannelOverHttp@f268a5a{s=HttpChannelState@2e8f904b{s=HANDLING rs=BLOCKING os=OPEN is=IDLE awp=false se=false i=true al=0},r=15,c=false/false,a=HANDLING,uri=//localhost:38858/EchoServlet,age=17} parse HeapByteBuffer@78a30358[p=375,l=444,c=8192,r=69]={POST /Ech... 69\r\n\r\n<<<Hello=there&loc=http%3A%2...%2FEchoServlet&code=307>>>\xEa]u\x94\xD0R\xFc\xE3\xF1...\x00\x00\x00\x00\x00\x00\x00} {}
[DEBUG] parseNext s=CONTENT HeapByteBuffer@78a30358[p=375,l=444,c=8192,r=69]={POST /Ech... 69\r\n\r\n<<<Hello=there&loc=http%3A%2...%2FEchoServlet&code=307>>>\xEa]u\x94\xD0R\xFc\xE3\xF1...\x00\x00\x00\x00\x00\x00\x00}
[DEBUG] onContent HttpChannelOverHttp@f268a5a{s=HttpChannelState@2e8f904b{s=HANDLING rs=BLOCKING os=OPEN is=IDLE awp=false se=false i=true al=0},r=15,c=false/false,a=HANDLING,uri=//localhost:38858/EchoServlet,age=17} Content@720f93f6{HeapByteBufferR@5740899[p=375,l=444,c=8192,r=69]={POST /Ech... 69\r\n\r\n<<<Hello=there&loc=http%3A%2...%2FEchoServlet&code=307>>>\xEa]u\x94\xD0R\xFc\xE3\xF1...\x00\x00\x00\x00\x00\x00\x00}}
[DEBUG] HttpInputOverHTTP@5e34fa8b[c=0,q=0,[0]=null,s=STREAM] addContent Content@720f93f6{HeapByteBufferR@5740899[p=375,l=444,c=8192,r=69]={POST /Ech... 69\r\n\r\n<<<Hello=there&loc=http%3A%2...%2FEchoServlet&code=307>>>\xEa]u\x94\xD0R\xFc\xE3\xF1...\x00\x00\x00\x00\x00\x00\x00}}
[DEBUG] CONTENT --> CONTENT_END
[DEBUG] onContentComplete HttpChannelOverHttp@f268a5a{s=HttpChannelState@2e8f904b{s=HANDLING rs=BLOCKING os=OPEN is=IDLE awp=false se=false i=true al=0},r=15,c=false/false,a=HANDLING,uri=//localhost:38858/EchoServlet,age=17}
[DEBUG] CONTENT_END --> END
[DEBUG] onRequestComplete HttpChannelOverHttp@f268a5a{s=HttpChannelState@2e8f904b{s=HANDLING rs=BLOCKING os=OPEN is=IDLE awp=false se=false i=true al=0},r=15,c=false/false,a=HANDLING,uri=//localhost:38858/EchoServlet,age=17}
[DEBUG] HttpInputOverHTTP@5e34fa8b[c=0,q=1,[0]=EOF,s=STREAM] addContent EOF
[DEBUG] HttpConnection@3be4ecda::SocketChannelEndPoint@122254ce{l=/127.0.0.1:38858,r=/127.0.0.1:42942,OPEN,fill=-,flush=-,to=23/30000}{io=0/0,kio=0,kro=1}->HttpConnection@3be4ecda[p=HttpParser{s=END,69 of 69},g=HttpGenerator@af7230{s=START}]=>HttpChannelOverHttp@f268a5a{s=HttpChannelState@2e8f904b{s=HANDLING rs=BLOCKING os=OPEN is=IDLE awp=false se=false i=true al=0},r=15,c=false/false,a=HANDLING,uri=//localhost:38858/EchoServlet,age=17} parsed false HttpParser{s=END,69 of 69}
[DEBUG] HttpInputOverHTTP@5e34fa8b[c=1,q=1,[0]=EOF,s=STREAM] read 1 from Content@720f93f6{HeapByteBufferR@5740899[p=376,l=444,c=8192,r=68]={POST /Ech...69\r\n\r\nH<<<ello=there&loc=http%3A%2F...%2FEchoServlet&code=307>>>\xEa]u\x94\xD0R\xFc\xE3\xF1...\x00\x00\x00\x00\x00\x00\x00}}
[DEBUG] HttpInputOverHTTP@5e34fa8b[c=2,q=1,[0]=EOF,s=STREAM] read 1 from Content@720f93f6{HeapByteBufferR@5740899[p=377,l=444,c=8192,r=67]={POST /Ech...9\r\n\r\nHe<<<llo=there&loc=http%3A%2F%...%2FEchoServlet&code=307>>>\xEa]u\x94\xD0R\xFc\xE3\xF1...\x00\x00\x00\x00\x00\x00\x00}}
[DEBUG] HttpInputOverHTTP@5e34fa8b[c=3,q=1,[0]=EOF,s=STREAM] read 1 from Content@720f93f6{HeapByteBufferR@5740899[p=378,l=444,c=8192,r=66]={POST /Ech...\r\n\r\nHel<<<lo=there&loc=http%3A%2F%2...%2FEchoServlet&code=307>>>\xEa]u\x94\xD0R\xFc\xE3\xF1...\x00\x00\x00\x00\x00\x00\x00}}
[DEBUG] HttpInputOverHTTP@5e34fa8b[c=4,q=1,[0]=EOF,s=STREAM] read 1 from Content@720f93f6{HeapByteBufferR@5740899[p=379,l=444,c=8192,r=65]={POST /Ech...\n\r\nHell<<<o=there&loc=http%3A%2F%2F...%2FEchoServlet&code=307>>>\xEa]u\x94\xD0R\xFc\xE3\xF1...\x00\x00\x00\x00\x00\x00\x00}}
[DEBUG] HttpInputOverHTTP@5e34fa8b[c=5,q=1,[0]=EOF,s=STREAM] read 1 from Content@720f93f6{HeapByteBufferR@5740899[p=380,l=444,c=8192,r=64]={POST /Ech...\r\nHello<<<=there&loc=http%3A%2F%2Fl...%2FEchoServlet&code=307>>>\xEa]u\x94\xD0R\xFc\xE3\xF1...\x00\x00\x00\x00\x00\x00\x00}}
[DEBUG] HttpInputOverHTTP@5e34fa8b[c=6,q=1,[0]=EOF,s=STREAM] read 1 from Content@720f93f6{HeapByteBufferR@5740899[p=381,l=444,c=8192,r=63]={POST /Ech...\nHello=<<<there&loc=http%3A%2F%2Flo...%2FEchoServlet&code=307>>>\xEa]u\x94\xD0R\xFc\xE3\xF1...\x00\x00\x00\x00\x00\x00\x00}}
[DEBUG] HttpInputOverHTTP@5e34fa8b[c=7,q=1,[0]=EOF,s=STREAM] read 1 from Content@720f93f6{HeapByteBufferR@5740899[p=382,l=444,c=8192,r=62]={POST /Ech...Hello=t<<<here&loc=http%3A%2F%2Floc...%2FEchoServlet&code=307>>>\xEa]u\x94\xD0R\xFc\xE3\xF1...\x00\x00\x00\x00\x00\x00\x00}}
[DEBUG] HttpInputOverHTTP@5e34fa8b[c=8,q=1,[0]=EOF,s=STREAM] read 1 from Content@720f93f6{HeapByteBufferR@5740899[p=383,l=444,c=8192,r=61]={POST /Ech...ello=th<<<ere&loc=http%3A%2F%2Floca...%2FEchoServlet&code=307>>>\xEa]u\x94\xD0R\xFc\xE3\xF1...\x00\x00\x00\x00\x00\x00\x00}}
[DEBUG] HttpInputOverHTTP@5e34fa8b[c=9,q=1,[0]=EOF,s=STREAM] read 1 from Content@720f93f6{HeapByteBufferR@5740899[p=384,l=444,c=8192,r=60]={POST /Ech...llo=the<<<re&loc=http%3A%2F%2Flocal...%2FEchoServlet&code=307>>>\xEa]u\x94\xD0R\xFc\xE3\xF1...\x00\x00\x00\x00\x00\x00\x00}}
[DEBUG] HttpInputOverHTTP@5e34fa8b[c=10,q=1,[0]=EOF,s=STREAM] read 1 from Content@720f93f6{HeapByteBufferR@5740899[p=385,l=444,c=8192,r=59]={POST /Ech...lo=ther<<<e&loc=http%3A%2F%2Flocalh...%2FEchoServlet&code=307>>>\xEa]u\x94\xD0R\xFc\xE3\xF1...\x00\x00\x00\x00\x00\x00\x00}}
[DEBUG] HttpInputOverHTTP@5e34fa8b[c=11,q=1,[0]=EOF,s=STREAM] read 1 from Content@720f93f6{HeapByteBufferR@5740899[p=386,l=444,c=8192,r=58]={POST /Ech...o=there<<<&loc=http%3A%2F%2Flocalho...%2FEchoServlet&code=307>>>\xEa]u\x94\xD0R\xFc\xE3\xF1...\x00\x00\x00\x00\x00\x00\x00}}
[DEBUG] HttpInputOverHTTP@5e34fa8b[c=12,q=1,[0]=EOF,s=STREAM] read 1 from Content@720f93f6{HeapByteBufferR@5740899[p=387,l=444,c=8192,r=57]={POST /Ech...=there&<<<loc=http%3A%2F%2Flocalhos...%2FEchoServlet&code=307>>>\xEa]u\x94\xD0R\xFc\xE3\xF1...\x00\x00\x00\x00\x00\x00\x00}}
[DEBUG] HttpInputOverHTTP@5e34fa8b[c=13,q=1,[0]=EOF,s=STREAM] read 1 from Content@720f93f6{HeapByteBufferR@5740899[p=388,l=444,c=8192,r=56]={POST /Ech...there&l<<<oc=http%3A%2F%2Flocalhost...%2FEchoServlet&code=307>>>\xEa]u\x94\xD0R\xFc\xE3\xF1...\x00\x00\x00\x00\x00\x00\x00}}
[DEBUG] HttpInputOverHTTP@5e34fa8b[c=14,q=1,[0]=EOF,s=STREAM] read 1 from Content@720f93f6{HeapByteBufferR@5740899[p=389,l=444,c=8192,r=55]={POST /Ech...here&lo<<<c=http%3A%2F%2Flocalhost%...%2FEchoServlet&code=307>>>\xEa]u\x94\xD0R\xFc\xE3\xF1...\x00\x00\x00\x00\x00\x00\x00}}
[DEBUG] HttpInputOverHTTP@5e34fa8b[c=15,q=1,[0]=EOF,s=STREAM] read 1 from Content@720f93f6{HeapByteBufferR@5740899[p=390,l=444,c=8192,r=54]={POST /Ech...ere&loc<<<=http%3A%2F%2Flocalhost%3...%2FEchoServlet&code=307>>>\xEa]u\x94\xD0R\xFc\xE3\xF1...\x00\x00\x00\x00\x00\x00\x00}}
[DEBUG] HttpInputOverHTTP@5e34fa8b[c=16,q=1,[0]=EOF,s=STREAM] read 1 from Content@720f93f6{HeapByteBufferR@5740899[p=391,l=444,c=8192,r=53]={POST /Ech...re&loc=<<<http%3A%2F%2Flocalhost%3A...%2FEchoServlet&code=307>>>\xEa]u\x94\xD0R\xFc\xE3\xF1...\x00\x00\x00\x00\x00\x00\x00}}
[DEBUG] HttpInputOverHTTP@5e34fa8b[c=17,q=1,[0]=EOF,s=STREAM] read 1 from Content@720f93f6{HeapByteBufferR@5740899[p=392,l=444,c=8192,r=52]={POST /Ech...e&loc=h<<<ttp%3A%2F%2Flocalhost%3A3...%2FEchoServlet&code=307>>>\xEa]u\x94\xD0R\xFc\xE3\xF1...\x00\x00\x00\x00\x00\x00\x00}}
[DEBUG] HttpInputOverHTTP@5e34fa8b[c=18,q=1,[0]=EOF,s=STREAM] read 1 from Content@720f93f6{HeapByteBufferR@5740899[p=393,l=444,c=8192,r=51]={POST /Ech...&loc=ht<<<tp%3A%2F%2Flocalhost%3A38...%2FEchoServlet&code=307>>>\xEa]u\x94\xD0R\xFc\xE3\xF1...\x00\x00\x00\x00\x00\x00\x00}}
[DEBUG] HttpInputOverHTTP@5e34fa8b[c=19,q=1,[0]=EOF,s=STREAM] read 1 from Content@720f93f6{HeapByteBufferR@5740899[p=394,l=444,c=8192,r=50]={POST /Ech...loc=htt<<<p%3A%2F%2Flocalhost%3A388...%2FEchoServlet&code=307>>>\xEa]u\x94\xD0R\xFc\xE3\xF1...\x00\x00\x00\x00\x00\x00\x00}}
[DEBUG] HttpInputOverHTTP@5e34fa8b[c=20,q=1,[0]=EOF,s=STREAM] read 1 from Content@720f93f6{HeapByteBufferR@5740899[p=395,l=444,c=8192,r=49]={POST /Ech...oc=http<<<%3A%2F%2Flocalhost%3A3885...%2FEchoServlet&code=307>>>\xEa]u\x94\xD0R\xFc\xE3\xF1...\x00\x00\x00\x00\x00\x00\x00}}
[DEBUG] HttpInputOverHTTP@5e34fa8b[c=21,q=1,[0]=EOF,s=STREAM] read 1 from Content@720f93f6{HeapByteBufferR@5740899[p=396,l=444,c=8192,r=48]={POST /Ech...c=http%<<<3A%2F%2Flocalhost%3A38858%2FEchoServlet&code=307>>>\xEa]u\x94\xD0R\xFc\xE3\xF1...\x00\x00\x00\x00\x00\x00\x00}}
[DEBUG] HttpInputOverHTTP@5e34fa8b[c=22,q=1,[0]=EOF,s=STREAM] read 1 from Content@720f93f6{HeapByteBufferR@5740899[p=397,l=444,c=8192,r=47]={POST /Ech...=http%3<<<A%2F%2Flocalhost%3A38858%2FEchoServlet&code=307>>>\xEa]u\x94\xD0R\xFc\xE3\xF1...\x00\x00\x00\x00\x00\x00\x00}}
[DEBUG] HttpInputOverHTTP@5e34fa8b[c=23,q=1,[0]=EOF,s=STREAM] read 1 from Content@720f93f6{HeapByteBufferR@5740899[p=398,l=444,c=8192,r=46]={POST /Ech...http%3A<<<%2F%2Flocalhost%3A38858%2FEchoServlet&code=307>>>\xEa]u\x94\xD0R\xFc\xE3\xF1...\x00\x00\x00\x00\x00\x00\x00}}
[DEBUG] HttpInputOverHTTP@5e34fa8b[c=24,q=1,[0]=EOF,s=STREAM] read 1 from Content@720f93f6{HeapByteBufferR@5740899[p=399,l=444,c=8192,r=45]={POST /Ech...ttp%3A%<<<2F%2Flocalhost%3A38858%2FEchoServlet&code=307>>>\xEa]u\x94\xD0R\xFc\xE3\xF1...\x00\x00\x00\x00\x00\x00\x00}}
[DEBUG] HttpInputOverHTTP@5e34fa8b[c=25,q=1,[0]=EOF,s=STREAM] read 1 from Content@720f93f6{HeapByteBufferR@5740899[p=400,l=444,c=8192,r=44]={POST /Ech...tp%3A%2<<<F%2Flocalhost%3A38858%2FEchoServlet&code=307>>>\xEa]u\x94\xD0R\xFc\xE3\xF1...\x00\x00\x00\x00\x00\x00\x00}}
[DEBUG] HttpInputOverHTTP@5e34fa8b[c=26,q=1,[0]=EOF,s=STREAM] read 1 from Content@720f93f6{HeapByteBufferR@5740899[p=401,l=444,c=8192,r=43]={POST /Ech...p%3A%2F<<<%2Flocalhost%3A38858%2FEchoServlet&code=307>>>\xEa]u\x94\xD0R\xFc\xE3\xF1...\x00\x00\x00\x00\x00\x00\x00}}
[DEBUG] HttpInputOverHTTP@5e34fa8b[c=27,q=1,[0]=EOF,s=STREAM] read 1 from Content@720f93f6{HeapByteBufferR@5740899[p=402,l=444,c=8192,r=42]={POST /Ech...%3A%2F%<<<2Flocalhost%3A38858%2FEchoServlet&code=307>>>\xEa]u\x94\xD0R\xFc\xE3\xF1...\x00\x00\x00\x00\x00\x00\x00}}
[DEBUG] HttpInputOverHTTP@5e34fa8b[c=28,q=1,[0]=EOF,s=STREAM] read 1 from Content@720f93f6{HeapByteBufferR@5740899[p=403,l=444,c=8192,r=41]={POST /Ech...3A%2F%2<<<Flocalhost%3A38858%2FEchoServlet&code=307>>>\xEa]u\x94\xD0R\xFc\xE3\xF1...\x00\x00\x00\x00\x00\x00\x00}}
[DEBUG] HttpInputOverHTTP@5e34fa8b[c=29,q=1,[0]=EOF,s=STREAM] read 1 from Content@720f93f6{HeapByteBufferR@5740899[p=404,l=444,c=8192,r=40]={POST /Ech...A%2F%2F<<<localhost%3A38858%2FEchoServlet&code=307>>>\xEa]u\x94\xD0R\xFc\xE3\xF1...\x00\x00\x00\x00\x00\x00\x00}}
[DEBUG] HttpInputOverHTTP@5e34fa8b[c=30,q=1,[0]=EOF,s=STREAM] read 1 from Content@720f93f6{HeapByteBufferR@5740899[p=405,l=444,c=8192,r=39]={POST /Ech...%2F%2Fl<<<ocalhost%3A38858%2FEchoServlet&code=307>>>\xEa]u\x94\xD0R\xFc\xE3\xF1...\x00\x00\x00\x00\x00\x00\x00}}
[DEBUG] HttpInputOverHTTP@5e34fa8b[c=31,q=1,[0]=EOF,s=STREAM] read 1 from Content@720f93f6{HeapByteBufferR@5740899[p=406,l=444,c=8192,r=38]={POST /Ech...2F%2Flo<<<calhost%3A38858%2FEchoServlet&code=307>>>\xEa]u\x94\xD0R\xFc\xE3\xF1...\x00\x00\x00\x00\x00\x00\x00}}
[DEBUG] HttpInputOverHTTP@5e34fa8b[c=32,q=1,[0]=EOF,s=STREAM] read 1 from Content@720f93f6{HeapByteBufferR@5740899[p=407,l=444,c=8192,r=37]={POST /Ech...F%2Floc<<<alhost%3A38858%2FEchoServlet&code=307>>>\xEa]u\x94\xD0R\xFc\xE3\xF1...\x00\x00\x00\x00\x00\x00\x00}}
[DEBUG] HttpInputOverHTTP@5e34fa8b[c=33,q=1,[0]=EOF,s=STREAM] read 1 from Content@720f93f6{HeapByteBufferR@5740899[p=408,l=444,c=8192,r=36]={POST /Ech...%2Floca<<<lhost%3A38858%2FEchoServlet&code=307>>>\xEa]u\x94\xD0R\xFc\xE3\xF1...\x00\x00\x00\x00\x00\x00\x00}}
[DEBUG] HttpInputOverHTTP@5e34fa8b[c=34,q=1,[0]=EOF,s=STREAM] read 1 from Content@720f93f6{HeapByteBufferR@5740899[p=409,l=444,c=8192,r=35]={POST /Ech...2Flocal<<<host%3A38858%2FEchoServlet&code=307>>>\xEa]u\x94\xD0R\xFc\xE3\xF1...\x00\x00\x00\x00\x00\x00\x00}}
[DEBUG] HttpInputOverHTTP@5e34fa8b[c=35,q=1,[0]=EOF,s=STREAM] read 1 from Content@720f93f6{HeapByteBufferR@5740899[p=410,l=444,c=8192,r=34]={POST /Ech...Flocalh<<<ost%3A38858%2FEchoServlet&code=307>>>\xEa]u\x94\xD0R\xFc\xE3\xF1...\x00\x00\x00\x00\x00\x00\x00}}
[DEBUG] HttpInputOverHTTP@5e34fa8b[c=36,q=1,[0]=EOF,s=STREAM] read 1 from Content@720f93f6{HeapByteBufferR@5740899[p=411,l=444,c=8192,r=33]={POST /Ech...localho<<<st%3A38858%2FEchoServlet&code=307>>>\xEa]u\x94\xD0R\xFc\xE3\xF1...\x00\x00\x00\x00\x00\x00\x00}}
[DEBUG] HttpInputOverHTTP@5e34fa8b[c=37,q=1,[0]=EOF,s=STREAM] read 1 from Content@720f93f6{HeapByteBufferR@5740899[p=412,l=444,c=8192,r=32]={POST /Ech...ocalhos<<<t%3A38858%2FEchoServlet&code=307>>>\xEa]u\x94\xD0R\xFc\xE3\xF1...\x00\x00\x00\x00\x00\x00\x00}}
[DEBUG] HttpInputOverHTTP@5e34fa8b[c=38,q=1,[0]=EOF,s=STREAM] read 1 from Content@720f93f6{HeapByteBufferR@5740899[p=413,l=444,c=8192,r=31]={POST /Ech...calhost<<<%3A38858%2FEchoServlet&code=307>>>\xEa]u\x94\xD0R\xFc\xE3\xF1...\x00\x00\x00\x00\x00\x00\x00}}
[DEBUG] HttpInputOverHTTP@5e34fa8b[c=39,q=1,[0]=EOF,s=STREAM] read 1 from Content@720f93f6{HeapByteBufferR@5740899[p=414,l=444,c=8192,r=30]={POST /Ech...alhost%<<<3A38858%2FEchoServlet&code=307>>>\xEa]u\x94\xD0R\xFc\xE3\xF1...\x00\x00\x00\x00\x00\x00\x00}}
[DEBUG] HttpInputOverHTTP@5e34fa8b[c=40,q=1,[0]=EOF,s=STREAM] read 1 from Content@720f93f6{HeapByteBufferR@5740899[p=415,l=444,c=8192,r=29]={POST /Ech...lhost%3<<<A38858%2FEchoServlet&code=307>>>\xEa]u\x94\xD0R\xFc\xE3\xF1...\x00\x00\x00\x00\x00\x00\x00}}
[DEBUG] HttpInputOverHTTP@5e34fa8b[c=41,q=1,[0]=EOF,s=STREAM] read 1 from Content@720f93f6{HeapByteBufferR@5740899[p=416,l=444,c=8192,r=28]={POST /Ech...host%3A<<<38858%2FEchoServlet&code=307>>>\xEa]u\x94\xD0R\xFc\xE3\xF1...\x00\x00\x00\x00\x00\x00\x00}}
[DEBUG] HttpInputOverHTTP@5e34fa8b[c=42,q=1,[0]=EOF,s=STREAM] read 1 from Content@720f93f6{HeapByteBufferR@5740899[p=417,l=444,c=8192,r=27]={POST /Ech...ost%3A3<<<8858%2FEchoServlet&code=307>>>\xEa]u\x94\xD0R\xFc\xE3\xF1...\x00\x00\x00\x00\x00\x00\x00}}
[DEBUG] HttpInputOverHTTP@5e34fa8b[c=43,q=1,[0]=EOF,s=STREAM] read 1 from Content@720f93f6{HeapByteBufferR@5740899[p=418,l=444,c=8192,r=26]={POST /Ech...st%3A38<<<858%2FEchoServlet&code=307>>>\xEa]u\x94\xD0R\xFc\xE3\xF1...\x00\x00\x00\x00\x00\x00\x00}}
[DEBUG] HttpInputOverHTTP@5e34fa8b[c=44,q=1,[0]=EOF,s=STREAM] read 1 from Content@720f93f6{HeapByteBufferR@5740899[p=419,l=444,c=8192,r=25]={POST /Ech...t%3A388<<<58%2FEchoServlet&code=307>>>\xEa]u\x94\xD0R\xFc\xE3\xF1...\x00\x00\x00\x00\x00\x00\x00}}
[DEBUG] HttpInputOverHTTP@5e34fa8b[c=45,q=1,[0]=EOF,s=STREAM] read 1 from Content@720f93f6{HeapByteBufferR@5740899[p=420,l=444,c=8192,r=24]={POST /Ech...%3A3885<<<8%2FEchoServlet&code=307>>>\xEa]u\x94\xD0R\xFc\xE3\xF1...\x00\x00\x00\x00\x00\x00\x00}}
[DEBUG] HttpInputOverHTTP@5e34fa8b[c=46,q=1,[0]=EOF,s=STREAM] read 1 from Content@720f93f6{HeapByteBufferR@5740899[p=421,l=444,c=8192,r=23]={POST /Ech...3A38858<<<%2FEchoServlet&code=307>>>\xEa]u\x94\xD0R\xFc\xE3\xF1...\x00\x00\x00\x00\x00\x00\x00}}
[DEBUG] HttpInputOverHTTP@5e34fa8b[c=47,q=1,[0]=EOF,s=STREAM] read 1 from Content@720f93f6{HeapByteBufferR@5740899[p=422,l=444,c=8192,r=22]={POST /Ech...A38858%<<<2FEchoServlet&code=307>>>\xEa]u\x94\xD0R\xFc\xE3\xF1...\x00\x00\x00\x00\x00\x00\x00}}
[DEBUG] HttpInputOverHTTP@5e34fa8b[c=48,q=1,[0]=EOF,s=STREAM] read 1 from Content@720f93f6{HeapByteBufferR@5740899[p=423,l=444,c=8192,r=21]={POST /Ech...38858%2<<<FEchoServlet&code=307>>>\xEa]u\x94\xD0R\xFc\xE3\xF1...\x00\x00\x00\x00\x00\x00\x00}}
[DEBUG] HttpInputOverHTTP@5e34fa8b[c=49,q=1,[0]=EOF,s=STREAM] read 1 from Content@720f93f6{HeapByteBufferR@5740899[p=424,l=444,c=8192,r=20]={POST /Ech...8858%2F<<<EchoServlet&code=307>>>\xEa]u\x94\xD0R\xFc\xE3\xF1...\x00\x00\x00\x00\x00\x00\x00}}
[DEBUG] HttpInputOverHTTP@5e34fa8b[c=50,q=1,[0]=EOF,s=STREAM] read 1 from Content@720f93f6{HeapByteBufferR@5740899[p=425,l=444,c=8192,r=19]={POST /Ech...858%2FE<<<choServlet&code=307>>>\xEa]u\x94\xD0R\xFc\xE3\xF1...\x00\x00\x00\x00\x00\x00\x00}}
[DEBUG] HttpInputOverHTTP@5e34fa8b[c=51,q=1,[0]=EOF,s=STREAM] read 1 from Content@720f93f6{HeapByteBufferR@5740899[p=426,l=444,c=8192,r=18]={POST /Ech...58%2FEc<<<hoServlet&code=307>>>\xEa]u\x94\xD0R\xFc\xE3\xF1...\x00\x00\x00\x00\x00\x00\x00}}
[DEBUG] HttpInputOverHTTP@5e34fa8b[c=52,q=1,[0]=EOF,s=STREAM] read 1 from Content@720f93f6{HeapByteBufferR@5740899[p=427,l=444,c=8192,r=17]={POST /Ech...8%2FEch<<<oServlet&code=307>>>\xEa]u\x94\xD0R\xFc\xE3\xF1...\x00\x00\x00\x00\x00\x00\x00}}
[DEBUG] HttpInputOverHTTP@5e34fa8b[c=53,q=1,[0]=EOF,s=STREAM] read 1 from Content@720f93f6{HeapByteBufferR@5740899[p=428,l=444,c=8192,r=16]={POST /Ech...%2FEcho<<<Servlet&code=307>>>\xEa]u\x94\xD0R\xFc\xE3\xF1...\x00\x00\x00\x00\x00\x00\x00}}
[DEBUG] HttpInputOverHTTP@5e34fa8b[c=54,q=1,[0]=EOF,s=STREAM] read 1 from Content@720f93f6{HeapByteBufferR@5740899[p=429,l=444,c=8192,r=15]={POST /Ech...2FEchoS<<<ervlet&code=307>>>\xEa]u\x94\xD0R\xFc\xE3\xF1...\x00\x00\x00\x00\x00\x00\x00}}
[DEBUG] HttpInputOverHTTP@5e34fa8b[c=55,q=1,[0]=EOF,s=STREAM] read 1 from Content@720f93f6{HeapByteBufferR@5740899[p=430,l=444,c=8192,r=14]={POST /Ech...FEchoSe<<<rvlet&code=307>>>\xEa]u\x94\xD0R\xFc\xE3\xF1...\x00\x00\x00\x00\x00\x00\x00}}
[DEBUG] HttpInputOverHTTP@5e34fa8b[c=56,q=1,[0]=EOF,s=STREAM] read 1 from Content@720f93f6{HeapByteBufferR@5740899[p=431,l=444,c=8192,r=13]={POST /Ech...EchoSer<<<vlet&code=307>>>\xEa]u\x94\xD0R\xFc\xE3\xF1...\x00\x00\x00\x00\x00\x00\x00}}
[DEBUG] HttpInputOverHTTP@5e34fa8b[c=57,q=1,[0]=EOF,s=STREAM] read 1 from Content@720f93f6{HeapByteBufferR@5740899[p=432,l=444,c=8192,r=12]={POST /Ech...choServ<<<let&code=307>>>\xEa]u\x94\xD0R\xFc\xE3\xF1...\x00\x00\x00\x00\x00\x00\x00}}
[DEBUG] HttpInputOverHTTP@5e34fa8b[c=58,q=1,[0]=EOF,s=STREAM] read 1 from Content@720f93f6{HeapByteBufferR@5740899[p=433,l=444,c=8192,r=11]={POST /Ech...hoServl<<<et&code=307>>>\xEa]u\x94\xD0R\xFc\xE3\xF1...\x00\x00\x00\x00\x00\x00\x00}}
[DEBUG] HttpInputOverHTTP@5e34fa8b[c=59,q=1,[0]=EOF,s=STREAM] read 1 from Content@720f93f6{HeapByteBufferR@5740899[p=434,l=444,c=8192,r=10]={POST /Ech...oServle<<<t&code=307>>>\xEa]u\x94\xD0R\xFc\xE3\xF1...\x00\x00\x00\x00\x00\x00\x00}}
[DEBUG] HttpInputOverHTTP@5e34fa8b[c=60,q=1,[0]=EOF,s=STREAM] read 1 from Content@720f93f6{HeapByteBufferR@5740899[p=435,l=444,c=8192,r=9]={POST /Ech...Servlet<<<&code=307>>>\xEa]u\x94\xD0R\xFc\xE3\xF1...\x00\x00\x00\x00\x00\x00\x00}}
[DEBUG] HttpInputOverHTTP@5e34fa8b[c=61,q=1,[0]=EOF,s=STREAM] read 1 from Content@720f93f6{HeapByteBufferR@5740899[p=436,l=444,c=8192,r=8]={POST /Ech...ervlet&<<<code=307>>>\xEa]u\x94\xD0R\xFc\xE3\xF1...\x00\x00\x00\x00\x00\x00\x00}}
[DEBUG] HttpInputOverHTTP@5e34fa8b[c=62,q=1,[0]=EOF,s=STREAM] read 1 from Content@720f93f6{HeapByteBufferR@5740899[p=437,l=444,c=8192,r=7]={POST /Ech...rvlet&c<<<ode=307>>>\xEa]u\x94\xD0R\xFc\xE3\xF1...\x00\x00\x00\x00\x00\x00\x00}}
[DEBUG] HttpInputOverHTTP@5e34fa8b[c=63,q=1,[0]=EOF,s=STREAM] read 1 from Content@720f93f6{HeapByteBufferR@5740899[p=438,l=444,c=8192,r=6]={POST /Ech...vlet&co<<<de=307>>>\xEa]u\x94\xD0R\xFc\xE3\xF1...\x00\x00\x00\x00\x00\x00\x00}}
[DEBUG] HttpInputOverHTTP@5e34fa8b[c=64,q=1,[0]=EOF,s=STREAM] read 1 from Content@720f93f6{HeapByteBufferR@5740899[p=439,l=444,c=8192,r=5]={POST /Ech...let&cod<<<e=307>>>\xEa]u\x94\xD0R\xFc\xE3\xF1...\x00\x00\x00\x00\x00\x00\x00}}
[DEBUG] HttpInputOverHTTP@5e34fa8b[c=65,q=1,[0]=EOF,s=STREAM] read 1 from Content@720f93f6{HeapByteBufferR@5740899[p=440,l=444,c=8192,r=4]={POST /Ech...et&code<<<=307>>>\xEa]u\x94\xD0R\xFc\xE3\xF1...\x00\x00\x00\x00\x00\x00\x00}}
[DEBUG] HttpInputOverHTTP@5e34fa8b[c=66,q=1,[0]=EOF,s=STREAM] read 1 from Content@720f93f6{HeapByteBufferR@5740899[p=441,l=444,c=8192,r=3]={POST /Ech...t&code=<<<307>>>\xEa]u\x94\xD0R\xFc\xE3\xF1...\x00\x00\x00\x00\x00\x00\x00}}
[DEBUG] HttpInputOverHTTP@5e34fa8b[c=67,q=1,[0]=EOF,s=STREAM] read 1 from Content@720f93f6{HeapByteBufferR@5740899[p=442,l=444,c=8192,r=2]={POST /Ech...&code=3<<<07>>>\xEa]u\x94\xD0R\xFc\xE3\xF1...\x00\x00\x00\x00\x00\x00\x00}}
[DEBUG] HttpInputOverHTTP@5e34fa8b[c=68,q=1,[0]=EOF,s=STREAM] read 1 from Content@720f93f6{HeapByteBufferR@5740899[p=443,l=444,c=8192,r=1]={POST /Ech...code=30<<<7>>>\xEa]u\x94\xD0R\xFc\xE3\xF1...\x00\x00\x00\x00\x00\x00\x00}}
[DEBUG] HttpInputOverHTTP@5e34fa8b[c=69,q=1,[0]=EOF,s=STREAM] read 1 from Content@720f93f6{HeapByteBufferR@5740899[p=444,l=444,c=8192,r=0]={POST /Ech...ode=307<<<>>>\xEa]u\x94\xD0R\xFc\xE3\xF1...\x00\x00\x00\x00\x00\x00\x00}}
[DEBUG] releaseRequestBuffer HttpConnection@3be4ecda::SocketChannelEndPoint@122254ce{l=/127.0.0.1:38858,r=/127.0.0.1:42942,OPEN,fill=-,flush=-,to=25/30000}{io=0/0,kio=0,kro=1}->HttpConnection@3be4ecda[p=HttpParser{s=END,69 of 69},g=HttpGenerator@af7230{s=START}]=>HttpChannelOverHttp@f268a5a{s=HttpChannelState@2e8f904b{s=HANDLING rs=BLOCKING os=OPEN is=IDLE awp=false se=false i=true al=0},r=15,c=false/false,a=HANDLING,uri=//localhost:38858/EchoServlet,age=20}
[DEBUG] onEof HttpChannelState@2e8f904b{s=HANDLING rs=BLOCKING os=OPEN is=IDLE awp=false se=false i=true al=0}
[DEBUG] write(array HeapByteBuffer@101412dd[p=0,l=64,c=512,r=64]={<<<<tr><th>loc</th><td>http:...8/EchoServlet</td></tr>>>>charset=U...\x00\x00\x00\x00\x00\x00\x00})
[DEBUG] write(array) s=OPEN,api=BLOCKING,sc=false,e=null aggregated !flush DirectByteBuffer@58caaa66[p=0,l=941,c=32768,r=941]={<<<<title>Webserver Environm...8/EchoServlet</td></tr>>>>a. Vestib...gue. Pr}
[DEBUG] write(array HeapByteBuffer@513ede29[p=0,l=1,c=512,r=1]={<<<\n>>>tr><th>lo...\x00\x00\x00\x00\x00\x00\x00})
[DEBUG] write(array) s=OPEN,api=BLOCKING,sc=false,e=null aggregated !flush DirectByteBuffer@58caaa66[p=0,l=942,c=32768,r=942]={<<<<title>Webserver Environm.../EchoServlet</td></tr>\n>>>. Vestibu...gue. Pr}
[DEBUG] write(array HeapByteBuffer@5f2077db[p=0,l=34,c=512,r=34]={<<<<tr><th>code</th><td>307</td></tr>>>>st:38858/...\x00\x00\x00\x00\x00\x00\x00})
[DEBUG] write(array) s=OPEN,api=BLOCKING,sc=false,e=null aggregated !flush DirectByteBuffer@58caaa66[p=0,l=976,c=32768,r=976]={<<<<title>Webserver Environm...e</th><td>307</td></tr>>>>la. Class...gue. Pr}
[DEBUG] write(array HeapByteBuffer@7a358c66[p=0,l=1,c=512,r=1]={<<<\n>>>tr><th>co...\x00\x00\x00\x00\x00\x00\x00})
[DEBUG] write(array) s=OPEN,api=BLOCKING,sc=false,e=null aggregated !flush DirectByteBuffer@58caaa66[p=0,l=977,c=32768,r=977]={<<<<title>Webserver Environm...</th><td>307</td></tr>\n>>>a. Class ...gue. Pr}
[DEBUG] write(array HeapByteBuffer@4a87fb07[p=0,l=37,c=512,r=37]={<<<<tr><th>Hello</th><td>there</td></tr>>>>38858/Ech...\x00\x00\x00\x00\x00\x00\x00})
[DEBUG] write(array) s=OPEN,api=BLOCKING,sc=false,e=null aggregated !flush DirectByteBuffer@58caaa66[p=0,l=1014,c=32768,r=1014]={<<<<title>Webserver Environm.../th><td>there</td></tr>>>>tora torq...gue. Pr}
[DEBUG] write(array HeapByteBuffer@6d6fabe8[p=0,l=1,c=512,r=1]={<<<\n>>>tr><th>He...\x00\x00\x00\x00\x00\x00\x00})
[DEBUG] write(array) s=OPEN,api=BLOCKING,sc=false,e=null aggregated !flush DirectByteBuffer@58caaa66[p=0,l=1015,c=32768,r=1015]={<<<<title>Webserver Environm...th><td>there</td></tr>\n>>>ora torqu...gue. Pr}
[DEBUG] onEof HttpChannelState@2e8f904b{s=HANDLING rs=BLOCKING os=OPEN is=READY awp=false se=false i=true al=0}
[DEBUG] write(array HeapByteBuffer@31ad9731[p=0,l=8,c=512,r=8]={<<<</table>>>>Hello</th...\x00\x00\x00\x00\x00\x00\x00})
[DEBUG] write(array) s=OPEN,api=BLOCKING,sc=false,e=null aggregated !flush DirectByteBuffer@58caaa66[p=0,l=1023,c=32768,r=1023]={<<<<title>Webserver Environm...here</td></tr>\n</table>>>>uent per ...gue. Pr}
[DEBUG] write(array HeapByteBuffer@672d7bde[p=0,l=1,c=512,r=1]={<<<\n>>>/table>He...\x00\x00\x00\x00\x00\x00\x00})
[DEBUG] write(array) s=OPEN,api=BLOCKING,sc=false,e=null aggregated !flush DirectByteBuffer@58caaa66[p=0,l=1024,c=32768,r=1024]={<<<<title>Webserver Environm...ere</td></tr>\n</table>\n>>>ent per c...gue. Pr}
[DEBUG] handled=true async=false committed=false on HttpChannelOverHttp@f268a5a{s=HttpChannelState@2e8f904b{s=HANDLING rs=BLOCKING os=OPEN is=READY awp=false se=false i=true al=0},r=15,c=false/false,a=HANDLING,uri=//localhost:38858/EchoServlet,age=20}
[DEBUG] unhandle HttpChannelState@2e8f904b{s=HANDLING rs=BLOCKING os=OPEN is=READY awp=false se=false i=true al=0}
[DEBUG] nextAction(false) COMPLETE HttpChannelState@2e8f904b{s=HANDLING rs=COMPLETING os=OPEN is=READY awp=false se=false i=false al=0}
[DEBUG] action COMPLETE HttpChannelOverHttp@f268a5a{s=HttpChannelState@2e8f904b{s=HANDLING rs=COMPLETING os=OPEN is=READY awp=false se=false i=false al=0},r=15,c=false/false,a=HANDLING,uri=//localhost:38858/EchoServlet,age=20}
[DEBUG] complete(org.eclipse.jetty.util.Callback$3@1207fbff) s=CLOSING,api=BLOCKED,sc=false,e=null s=false e=null, c=DirectByteBuffer@58caaa66[p=0,l=1024,c=32768,r=1024]={<<<<title>Webserver Environm...ere</td></tr>\n</table>\n>>>ent per c...gue. Pr}
[DEBUG] sendResponse info=null content=DirectByteBuffer@58caaa66[p=0,l=1024,c=32768,r=1024]={<<<<title>Webserver Environm...ere</td></tr>\n</table>\n>>>ent per c...gue. Pr} complete=true committing=true callback=org.eclipse.jetty.server.HttpOutput$WriteCompleteCB@22732bc
[DEBUG] COMMIT for /EchoServlet on HttpChannelOverHttp@f268a5a{s=HttpChannelState@2e8f904b{s=HANDLING rs=COMPLETING os=COMMITTED is=READY awp=false se=false i=false al=0},r=15,c=false/false,a=HANDLING,uri=//localhost:38858/EchoServlet,age=21}
200 null HTTP/1.1
Date: Mon, 20 Sep 2021 19:30:13 GMT
Content-Type: text/html;charset=utf-8
Cache-Control: no-cache
Cache-Control: no-store


[DEBUG] generate: NEED_HEADER for SendCallback@2c1836a[PROCESSING][i=HTTP/1.1{s=200,h=4,cl=-1},cb=org.eclipse.jetty.server.HttpChannel$SendCallback@5f6e29d6] (null,[p=0,l=1024,c=32768,r=1024],true)@START
[DEBUG] generateHeaders HTTP/1.1{s=200,h=4,cl=-1} last=true content=DirectByteBuffer@58caaa66[p=0,l=1024,c=32768,r=1024]={<<<<title>Webserver Environm...ere</td></tr>\n</table>\n>>>ent per c...gue. Pr}
[DEBUG] Date: Mon, 20 Sep 2021 19:30:13 GMT
Content-Type: text/html;charset=utf-8
Cache-Control: no-cache
Cache-Control: no-store


[DEBUG] CONTENT_LENGTH
[DEBUG] generate: FLUSH for SendCallback@2c1836a[PROCESSING][i=HTTP/1.1{s=200,h=4,cl=-1},cb=org.eclipse.jetty.server.HttpChannel$SendCallback@5f6e29d6] ([p=0,l=200,c=8192,r=200],[p=0,l=1024,c=32768,r=1024],true)@COMPLETING
[DEBUG] write: WriteFlusher@653abf25{IDLE}->null [HeapByteBuffer@41e05b38[p=0,l=200,c=8192,r=200]={<<<HTTP/1.1 200 OK\r\nDate: Mo...y(9.4.43.v20210629)\r\n\r\n>>>plication...\x00\x00\x00\x00\x00\x00\x00},DirectByteBuffer@58caaa66[p=0,l=1024,c=32768,r=1024]={<<<<title>Webserver Environm...ere</td></tr>\n</table>\n>>>ent per c...gue. Pr}]
[DEBUG] update WriteFlusher@653abf25{WRITING}->null:IDLE-->WRITING
]]></system-out>
  </testcase>
  <testcase name="baseHrefCorrectAfterHttpEquiv" classname="org.jsoup.integration.ConnectTest" time="0.042">
    <system-out><![CDATA[[DEBUG] flushed 1224 SocketChannelEndPoint@122254ce{l=/127.0.0.1:38858,r=/127.0.0.1:42942,OPEN,fill=-,flush=W,to=55/30000}{io=0/0,kio=0,kro=1}->HttpConnection@3be4ecda[p=HttpParser{s=END,69 of 69},g=HttpGenerator@af7230{s=COMPLETING}]=>HttpChannelOverHttp@f268a5a{s=HttpChannelState@2e8f904b{s=HANDLING rs=COMPLETING os=COMMITTED is=READY awp=false se=false i=false al=0},r=15,c=false/false,a=HANDLING,uri=//localhost:38858/EchoServlet,age=50}
[DEBUG] Flushed=true written=1224 remaining=0 WriteFlusher@653abf25{WRITING}->null
[DEBUG] update WriteFlusher@653abf25{IDLE}->null:WRITING-->IDLE
[DEBUG] generate: DONE for SendCallback@2c1836a[PROCESSING][i=HTTP/1.1{s=200,h=4,cl=-1},cb=org.eclipse.jetty.server.HttpChannel$SendCallback@5f6e29d6] ([p=200,l=200,c=8192,r=0],[p=1024,l=1024,c=32768,r=0],true)@END
[DEBUG] onWriteComplete(true,null) s=CLOSING,api=BLOCKED,sc=false,e=null->s=CLOSED,api=BLOCKING,sc=false,e=null c=null cb=org.eclipse.jetty.util.Callback$3@1207fbff w=false
[DEBUG] completed HttpChannelState@2e8f904b{s=HANDLING rs=COMPLETING os=COMPLETED is=READY awp=false se=false i=false al=0}
[DEBUG] unhandle HttpChannelState@2e8f904b{s=HANDLING rs=COMPLETED os=COMPLETED is=READY awp=false se=false i=false al=0}
[DEBUG] nextAction(false) TERMINATED HttpChannelState@2e8f904b{s=IDLE rs=COMPLETED os=COMPLETED is=READY awp=false se=false i=false al=0}
[DEBUG] action TERMINATED HttpChannelOverHttp@f268a5a{s=HttpChannelState@2e8f904b{s=IDLE rs=COMPLETED os=COMPLETED is=READY awp=false se=false i=false al=0},r=15,c=true/true,a=IDLE,uri=//localhost:38858/EchoServlet,age=50}
[DEBUG] onCompleted for /EchoServlet written=1024
[DEBUG] recycle HttpChannelState@2e8f904b{s=IDLE rs=COMPLETED os=COMPLETED is=READY awp=false se=false i=false al=0}
[DEBUG] reset HttpParser{s=END,69 of 69}
[DEBUG] END --> START
[DEBUG] !handle TERMINATED HttpChannelOverHttp@f268a5a{s=HttpChannelState@2e8f904b{s=IDLE rs=BLOCKING os=OPEN is=IDLE awp=false se=false i=true al=0},r=15,c=false/false,a=IDLE,uri=null,age=0}
[DEBUG] filled 318 HeapByteBuffer@22b9b50d[p=0,l=318,c=8192,r=318]={<<<GET /FileServlet/htmltest...nection: keep-alive\r\n\r\n>>>tion: kee...\x86&h\xA0{\xC1\xC2}
[DEBUG] HttpConnection@3be4ecda::SocketChannelEndPoint@122254ce{l=/127.0.0.1:38858,r=/127.0.0.1:42942,OPEN,fill=-,flush=-,to=0/30000}{io=0/0,kio=0,kro=1}->HttpConnection@3be4ecda[p=HttpParser{s=START,0 of -1},g=HttpGenerator@af7230{s=START}]=>HttpChannelOverHttp@f268a5a{s=HttpChannelState@2e8f904b{s=IDLE rs=BLOCKING os=OPEN is=IDLE awp=false se=false i=true al=0},r=15,c=false/false,a=IDLE,uri=null,age=0} filled 318 HeapByteBuffer@22b9b50d[p=0,l=318,c=8192,r=318]={<<<GET /FileServlet/htmltest...nection: keep-alive\r\n\r\n>>>tion: kee...\x86&h\xA0{\xC1\xC2}
[DEBUG] HttpConnection@3be4ecda::SocketChannelEndPoint@122254ce{l=/127.0.0.1:38858,r=/127.0.0.1:42942,OPEN,fill=-,flush=-,to=0/30000}{io=0/0,kio=0,kro=1}->HttpConnection@3be4ecda[p=HttpParser{s=START,0 of -1},g=HttpGenerator@af7230{s=START}]=>HttpChannelOverHttp@f268a5a{s=HttpChannelState@2e8f904b{s=IDLE rs=BLOCKING os=OPEN is=IDLE awp=false se=false i=true al=0},r=15,c=false/false,a=IDLE,uri=null,age=0} parse HeapByteBuffer@22b9b50d[p=0,l=318,c=8192,r=318]={<<<GET /FileServlet/htmltest...nection: keep-alive\r\n\r\n>>>tion: kee...\x86&h\xA0{\xC1\xC2} {}
[DEBUG] parseNext s=START HeapByteBuffer@22b9b50d[p=0,l=318,c=8192,r=318]={<<<GET /FileServlet/htmltest...nection: keep-alive\r\n\r\n>>>tion: kee...\x86&h\xA0{\xC1\xC2}
[DEBUG] START --> SPACE1
[DEBUG] SPACE1 --> URI
[DEBUG] URI --> SPACE2
[DEBUG] SPACE2 --> REQUEST_VERSION
[DEBUG] REQUEST_VERSION --> HEADER
[DEBUG] HEADER:Accept-Encoding: gzip --> IN_VALUE
[DEBUG] HEADER:Accept-Encoding: gzip --> FIELD
[DEBUG] HEADER:User-Agent: Mozilla/5.0 (Windows NT 10.0; Win64; x64) AppleWebKit/537.36 (KHTML, like Gecko) Chrome/79.0.3945.130 Safari/537.36 --> IN_VALUE
[DEBUG] HEADER:User-Agent: Mozilla/5.0 (Windows NT 10.0; Win64; x64) AppleWebKit/537.36 (KHTML, like Gecko) Chrome/79.0.3945.130 Safari/537.36 --> FIELD
[DEBUG] HEADER:Host: localhost:38858 --> IN_VALUE
[DEBUG] HEADER:Host: localhost:38858 --> FIELD
[DEBUG] HEADER:Accept: text/html, image/gif, image/jpeg, *; q=.2, */*; q=.2 --> IN_VALUE
[DEBUG] HEADER:Accept: text/html, image/gif, image/jpeg, *; q=.2, */*; q=.2 --> FIELD
[DEBUG] HEADER:Connection: keep-alive --> IN_VALUE
[DEBUG] HEADER:Connection: keep-alive --> FIELD
[DEBUG] HEADER --> CONTENT
[DEBUG] REQUEST for //localhost:38858/FileServlet/htmltests/charset-base.html on HttpChannelOverHttp@f268a5a{s=HttpChannelState@2e8f904b{s=IDLE rs=BLOCKING os=OPEN is=IDLE awp=false se=false i=true al=0},r=16,c=false/false,a=IDLE,uri=//localhost:38858/FileServlet/htmltests/charset-base.html,age=0}
GET //localhost:38858/FileServlet/htmltests/charset-base.html HTTP/1.1
Accept-Encoding: gzip
User-Agent: Mozilla/5.0 (Windows NT 10.0; Win64; x64) AppleWebKit/537.36 (KHTML, like Gecko) Chrome/79.0.3945.130 Safari/537.36
Host: localhost:38858
Accept: text/html, image/gif, image/jpeg, *; q=.2, */*; q=.2
Connection: keep-alive


[DEBUG] HttpConnection@3be4ecda::SocketChannelEndPoint@122254ce{l=/127.0.0.1:38858,r=/127.0.0.1:42942,OPEN,fill=-,flush=-,to=3/30000}{io=0/0,kio=0,kro=1}->HttpConnection@3be4ecda[p=HttpParser{s=CONTENT,0 of -1},g=HttpGenerator@af7230{s=START}]=>HttpChannelOverHttp@f268a5a{s=HttpChannelState@2e8f904b{s=IDLE rs=BLOCKING os=OPEN is=IDLE awp=false se=false i=true al=0},r=16,c=false/false,a=IDLE,uri=//localhost:38858/FileServlet/htmltests/charset-base.html,age=0} parsed true HttpParser{s=CONTENT,0 of -1}
[DEBUG] releaseRequestBuffer HttpConnection@3be4ecda::SocketChannelEndPoint@122254ce{l=/127.0.0.1:38858,r=/127.0.0.1:42942,OPEN,fill=-,flush=-,to=3/30000}{io=0/0,kio=0,kro=1}->HttpConnection@3be4ecda[p=HttpParser{s=CONTENT,0 of -1},g=HttpGenerator@af7230{s=START}]=>HttpChannelOverHttp@f268a5a{s=HttpChannelState@2e8f904b{s=IDLE rs=BLOCKING os=OPEN is=IDLE awp=false se=false i=true al=0},r=16,c=false/false,a=IDLE,uri=//localhost:38858/FileServlet/htmltests/charset-base.html,age=0}
[DEBUG] handle //localhost:38858/FileServlet/htmltests/charset-base.html HttpChannelOverHttp@f268a5a{s=HttpChannelState@2e8f904b{s=IDLE rs=BLOCKING os=OPEN is=IDLE awp=false se=false i=true al=0},r=16,c=false/false,a=IDLE,uri=//localhost:38858/FileServlet/htmltests/charset-base.html,age=8} 
[DEBUG] handling HttpChannelState@2e8f904b{s=IDLE rs=BLOCKING os=OPEN is=IDLE awp=false se=false i=true al=0}
[DEBUG] action DISPATCH HttpChannelOverHttp@f268a5a{s=HttpChannelState@2e8f904b{s=HANDLING rs=BLOCKING os=OPEN is=IDLE awp=false se=false i=true al=0},r=16,c=false/false,a=HANDLING,uri=//localhost:38858/FileServlet/htmltests/charset-base.html,age=8}
[DEBUG] REQUEST GET /FileServlet/htmltests/charset-base.html on HttpChannelOverHttp@f268a5a{s=HttpChannelState@2e8f904b{s=HANDLING rs=BLOCKING os=OPEN is=IDLE awp=false se=false i=true al=0},r=16,c=false/false,a=HANDLING,uri=//localhost:38858/FileServlet/htmltests/charset-base.html,age=8}
[DEBUG] servlet null|/FileServlet|/htmltests/charset-base.html -> org.jsoup.integration.servlets.FileServlet-3fffff43==org.jsoup.integration.servlets.FileServlet@bc0855c5{jsp=null,order=-1,inst=true,async=true,src=EMBEDDED:null,STARTED}
[DEBUG] chain=null
[DEBUG] write(array HeapByteBuffer@53114a6e[p=0,l=336,c=8192,r=336]={<<<<!DOCTYPE html PUBLIC "-/...pg" />\n</body>\n</html>\n>>>\x00\x00\x00\x00\x00\x00\x00\x00\x00...\x00\x00\x00\x00\x00\x00\x00})
[DEBUG] write(array) s=OPEN,api=BLOCKING,sc=false,e=null aggregated !flush DirectByteBuffer@1492b79c[p=0,l=336,c=32768,r=336]={<<<<!DOCTYPE html PUBLIC "-/...pg" />\n</body>\n</html>\n>>>. <i>Morb...gue. Pr}
[DEBUG] sendResponse info=null content=DirectByteBuffer@1492b79c[p=0,l=336,c=32768,r=336]={<<<<!DOCTYPE html PUBLIC "-/...pg" />\n</body>\n</html>\n>>>. <i>Morb...gue. Pr} complete=false committing=true callback=Blocker@135fca70{null}
[DEBUG] COMMIT for /FileServlet/htmltests/charset-base.html on HttpChannelOverHttp@f268a5a{s=HttpChannelState@2e8f904b{s=HANDLING rs=BLOCKING os=COMMITTED is=IDLE awp=false se=false i=true al=0},r=16,c=false/false,a=HANDLING,uri=//localhost:38858/FileServlet/htmltests/charset-base.html,age=9}
200 null HTTP/1.1
Date: Mon, 20 Sep 2021 19:30:13 GMT
Content-Type: text/html


[DEBUG] generate: NEED_HEADER for SendCallback@2c1836a[PROCESSING][i=HTTP/1.1{s=200,h=2,cl=-1},cb=org.eclipse.jetty.server.HttpChannel$SendCallback@7e649bf0] (null,[p=0,l=336,c=32768,r=336],false)@START
[DEBUG] generateHeaders HTTP/1.1{s=200,h=2,cl=-1} last=false content=DirectByteBuffer@1492b79c[p=0,l=336,c=32768,r=336]={<<<<!DOCTYPE html PUBLIC "-/...pg" />\n</body>\n</html>\n>>>. <i>Morb...gue. Pr}
[DEBUG] Date: Mon, 20 Sep 2021 19:30:13 GMT
Content-Type: text/html


[DEBUG] CHUNKED_CONTENT
[DEBUG] generate: FLUSH for SendCallback@2c1836a[PROCESSING][i=HTTP/1.1{s=200,h=2,cl=-1},cb=org.eclipse.jetty.server.HttpChannel$SendCallback@7e649bf0] ([p=0,l=147,c=8192,r=147],[p=0,l=336,c=32768,r=336],false)@COMMITTED
[DEBUG] write: WriteFlusher@653abf25{IDLE}->null [HeapByteBuffer@78a30358[p=0,l=147,c=8192,r=147]={<<<HTTP/1.1 200 OK\r\nDate: Mo....43.v20210629)\r\n\r\n150\r\n>>>ome/79.0....\x00\x00\x00\x00\x00\x00\x00},DirectByteBuffer@1492b79c[p=0,l=336,c=32768,r=336]={<<<<!DOCTYPE html PUBLIC "-/...pg" />\n</body>\n</html>\n>>>. <i>Morb...gue. Pr}]
[DEBUG] update WriteFlusher@653abf25{WRITING}->null:IDLE-->WRITING
[DEBUG] flushed 483 SocketChannelEndPoint@122254ce{l=/127.0.0.1:38858,r=/127.0.0.1:42942,OPEN,fill=-,flush=W,to=13/30000}{io=0/0,kio=0,kro=1}->HttpConnection@3be4ecda[p=HttpParser{s=CONTENT,0 of -1},g=HttpGenerator@af7230{s=COMMITTED}]=>HttpChannelOverHttp@f268a5a{s=HttpChannelState@2e8f904b{s=HANDLING rs=BLOCKING os=COMMITTED is=IDLE awp=false se=false i=true al=0},r=16,c=false/false,a=HANDLING,uri=//localhost:38858/FileServlet/htmltests/charset-base.html,age=9}
[DEBUG] Flushed=true written=483 remaining=0 WriteFlusher@653abf25{WRITING}->null
[DEBUG] update WriteFlusher@653abf25{IDLE}->null:WRITING-->IDLE
[DEBUG] generate: DONE for SendCallback@2c1836a[PROCESSING][i=HTTP/1.1{s=200,h=2,cl=-1},cb=org.eclipse.jetty.server.HttpChannel$SendCallback@7e649bf0] ([p=147,l=147,c=8192,r=0],[p=336,l=336,c=32768,r=0],false)@COMMITTED
[DEBUG] onWriteComplete(false,null) s=OPEN,api=BLOCKED,sc=false,e=null->s=OPEN,api=BLOCKING,sc=false,e=null c=null cb=null w=false
[DEBUG] handled=true async=false committed=true on HttpChannelOverHttp@f268a5a{s=HttpChannelState@2e8f904b{s=HANDLING rs=BLOCKING os=COMMITTED is=IDLE awp=false se=false i=true al=0},r=16,c=false/false,a=HANDLING,uri=//localhost:38858/FileServlet/htmltests/charset-base.html,age=9}
[DEBUG] unhandle HttpChannelState@2e8f904b{s=HANDLING rs=BLOCKING os=COMMITTED is=IDLE awp=false se=false i=true al=0}
[DEBUG] nextAction(false) COMPLETE HttpChannelState@2e8f904b{s=HANDLING rs=COMPLETING os=COMMITTED is=IDLE awp=false se=false i=false al=0}
[DEBUG] action COMPLETE HttpChannelOverHttp@f268a5a{s=HttpChannelState@2e8f904b{s=HANDLING rs=COMPLETING os=COMMITTED is=IDLE awp=false se=false i=false al=0},r=16,c=false/false,a=HANDLING,uri=//localhost:38858/FileServlet/htmltests/charset-base.html,age=10}
[DEBUG] complete(org.eclipse.jetty.util.Callback$3@456de452) s=CLOSING,api=BLOCKED,sc=false,e=null s=false e=null, c=HeapByteBuffer@11848662[p=0,l=0,c=0,r=0]={<<<>>>}
[DEBUG] sendResponse info=null content=HeapByteBuffer@11848662[p=0,l=0,c=0,r=0]={<<<>>>} complete=true committing=false callback=org.eclipse.jetty.server.HttpOutput$WriteCompleteCB@6be355b0
[DEBUG] generate: CONTINUE for SendCallback@2c1836a[PROCESSING][i=null,cb=org.eclipse.jetty.server.HttpChannel$SendCallback@32783098] (null,[p=0,l=0,c=0,r=0],true)@COMPLETING
[DEBUG] generate: NEED_CHUNK for SendCallback@2c1836a[PROCESSING][i=null,cb=org.eclipse.jetty.server.HttpChannel$SendCallback@32783098] (null,[p=0,l=0,c=0,r=0],true)@COMPLETING
[DEBUG] generate: FLUSH for SendCallback@2c1836a[PROCESSING][i=null,cb=org.eclipse.jetty.server.HttpChannel$SendCallback@32783098] (null,[p=0,l=0,c=0,r=0],true)@COMPLETING
[DEBUG] write: WriteFlusher@653abf25{IDLE}->null [HeapByteBuffer@68278da5[p=0,l=7,c=1024,r=7]={<<<\r\n0\r\n\r\n>>>\n\x00\x00\x00\x00\x00\x00\x00\x00...\x00\x00\x00\x00\x00\x00\x00}]
[DEBUG] update WriteFlusher@653abf25{WRITING}->null:IDLE-->WRITING
]]></system-out>
  </testcase>
  <testcase name="fetchHandlesXml" classname="org.jsoup.integration.ConnectTest" time="0.079">
    <system-out><![CDATA[[DEBUG] flushed 7 SocketChannelEndPoint@122254ce{l=/127.0.0.1:38858,r=/127.0.0.1:42942,OPEN,fill=-,flush=W,to=6/30000}{io=0/0,kio=0,kro=1}->HttpConnection@3be4ecda[p=HttpParser{s=CONTENT,0 of -1},g=HttpGenerator@af7230{s=COMPLETING}]=>HttpChannelOverHttp@f268a5a{s=HttpChannelState@2e8f904b{s=HANDLING rs=COMPLETING os=COMMITTED is=IDLE awp=false se=false i=false al=0},r=16,c=false/false,a=HANDLING,uri=//localhost:38858/FileServlet/htmltests/charset-base.html,age=16}
[DEBUG] Flushed=true written=7 remaining=0 WriteFlusher@653abf25{WRITING}->null
[DEBUG] update WriteFlusher@653abf25{IDLE}->null:WRITING-->IDLE
[DEBUG] generate: DONE for SendCallback@2c1836a[PROCESSING][i=null,cb=org.eclipse.jetty.server.HttpChannel$SendCallback@32783098] (null,[p=0,l=0,c=0,r=0],true)@END
[DEBUG] onWriteComplete(true,null) s=CLOSING,api=BLOCKED,sc=false,e=null->s=CLOSED,api=BLOCKING,sc=false,e=null c=null cb=org.eclipse.jetty.util.Callback$3@456de452 w=false
[DEBUG] completed HttpChannelState@2e8f904b{s=HANDLING rs=COMPLETING os=COMPLETED is=IDLE awp=false se=false i=false al=0}
[DEBUG] unhandle HttpChannelState@2e8f904b{s=HANDLING rs=COMPLETED os=COMPLETED is=IDLE awp=false se=false i=false al=0}
[DEBUG] nextAction(false) TERMINATED HttpChannelState@2e8f904b{s=IDLE rs=COMPLETED os=COMPLETED is=IDLE awp=false se=false i=false al=0}
[DEBUG] action TERMINATED HttpChannelOverHttp@f268a5a{s=HttpChannelState@2e8f904b{s=IDLE rs=COMPLETED os=COMPLETED is=IDLE awp=false se=false i=false al=0},r=16,c=true/true,a=IDLE,uri=//localhost:38858/FileServlet/htmltests/charset-base.html,age=16}
[DEBUG] onCompleted for /FileServlet/htmltests/charset-base.html written=336
[DEBUG] filled 336 HeapByteBuffer@41e05b38[p=0,l=336,c=8192,r=336]={<<<GET /FileServlet/htmltest...nection: keep-alive\r\n\r\n>>>nection: ...\x00\x00\x00\x00\x00\x00\x00}
[DEBUG] HttpConnection@3be4ecda::SocketChannelEndPoint@122254ce{l=/127.0.0.1:38858,r=/127.0.0.1:42942,OPEN,fill=-,flush=-,to=0/30000}{io=0/0,kio=0,kro=1}->HttpConnection@3be4ecda[p=HttpParser{s=CONTENT,0 of -1},g=HttpGenerator@af7230{s=END}]=>HttpChannelOverHttp@f268a5a{s=HttpChannelState@2e8f904b{s=IDLE rs=COMPLETED os=COMPLETED is=IDLE awp=false se=false i=false al=0},r=16,c=true/true,a=IDLE,uri=//localhost:38858/FileServlet/htmltests/charset-base.html,age=17} filled 336 HeapByteBuffer@41e05b38[p=0,l=336,c=8192,r=336]={<<<GET /FileServlet/htmltest...nection: keep-alive\r\n\r\n>>>nection: ...\x00\x00\x00\x00\x00\x00\x00}
[DEBUG] HttpConnection@3be4ecda::SocketChannelEndPoint@122254ce{l=/127.0.0.1:38858,r=/127.0.0.1:42942,OPEN,fill=-,flush=-,to=0/30000}{io=0/0,kio=0,kro=1}->HttpConnection@3be4ecda[p=HttpParser{s=CONTENT,0 of -1},g=HttpGenerator@af7230{s=END}]=>HttpChannelOverHttp@f268a5a{s=HttpChannelState@2e8f904b{s=IDLE rs=COMPLETED os=COMPLETED is=IDLE awp=false se=false i=false al=0},r=16,c=true/true,a=IDLE,uri=//localhost:38858/FileServlet/htmltests/charset-base.html,age=17} parse HeapByteBuffer@41e05b38[p=0,l=336,c=8192,r=336]={<<<GET /FileServlet/htmltest...nection: keep-alive\r\n\r\n>>>nection: ...\x00\x00\x00\x00\x00\x00\x00} {}
[DEBUG] parseNext s=CONTENT HeapByteBuffer@41e05b38[p=0,l=336,c=8192,r=336]={<<<GET /FileServlet/htmltest...nection: keep-alive\r\n\r\n>>>nection: ...\x00\x00\x00\x00\x00\x00\x00}
[DEBUG] CONTENT --> CONTENT_END
[DEBUG] onContentComplete HttpChannelOverHttp@f268a5a{s=HttpChannelState@2e8f904b{s=IDLE rs=COMPLETED os=COMPLETED is=IDLE awp=false se=false i=false al=0},r=16,c=true/true,a=IDLE,uri=//localhost:38858/FileServlet/htmltests/charset-base.html,age=17}
[DEBUG] CONTENT_END --> END
[DEBUG] onRequestComplete HttpChannelOverHttp@f268a5a{s=HttpChannelState@2e8f904b{s=IDLE rs=COMPLETED os=COMPLETED is=IDLE awp=false se=false i=false al=0},r=16,c=true/true,a=IDLE,uri=//localhost:38858/FileServlet/htmltests/charset-base.html,age=17}
[DEBUG] HttpInputOverHTTP@5e34fa8b[c=0,q=0,[0]=null,s=STREAM] addContent EOF
[DEBUG] HttpConnection@3be4ecda::SocketChannelEndPoint@122254ce{l=/127.0.0.1:38858,r=/127.0.0.1:42942,OPEN,fill=-,flush=-,to=0/30000}{io=0/0,kio=0,kro=1}->HttpConnection@3be4ecda[p=HttpParser{s=END,0 of -1},g=HttpGenerator@af7230{s=END}]=>HttpChannelOverHttp@f268a5a{s=HttpChannelState@2e8f904b{s=IDLE rs=COMPLETED os=COMPLETED is=IDLE awp=false se=false i=false al=0},r=16,c=true/true,a=IDLE,uri=//localhost:38858/FileServlet/htmltests/charset-base.html,age=17} parsed false HttpParser{s=END,0 of -1}
[DEBUG] recycle HttpChannelState@2e8f904b{s=IDLE rs=COMPLETED os=COMPLETED is=IDLE awp=false se=false i=false al=0}
[DEBUG] reset HttpParser{s=END,0 of -1}
[DEBUG] END --> START
[DEBUG] !handle TERMINATED HttpChannelOverHttp@f268a5a{s=HttpChannelState@2e8f904b{s=IDLE rs=BLOCKING os=OPEN is=IDLE awp=false se=false i=true al=0},r=16,c=false/false,a=IDLE,uri=null,age=0}
[DEBUG] HttpConnection@3be4ecda::SocketChannelEndPoint@122254ce{l=/127.0.0.1:38858,r=/127.0.0.1:42942,OPEN,fill=-,flush=-,to=0/30000}{io=0/0,kio=0,kro=1}->HttpConnection@3be4ecda[p=HttpParser{s=START,0 of -1},g=HttpGenerator@af7230{s=START}]=>HttpChannelOverHttp@f268a5a{s=HttpChannelState@2e8f904b{s=IDLE rs=BLOCKING os=OPEN is=IDLE awp=false se=false i=true al=0},r=16,c=false/false,a=IDLE,uri=null,age=0} parse HeapByteBuffer@41e05b38[p=0,l=336,c=8192,r=336]={<<<GET /FileServlet/htmltest...nection: keep-alive\r\n\r\n>>>nection: ...\x00\x00\x00\x00\x00\x00\x00} {}
[DEBUG] parseNext s=START HeapByteBuffer@41e05b38[p=0,l=336,c=8192,r=336]={<<<GET /FileServlet/htmltest...nection: keep-alive\r\n\r\n>>>nection: ...\x00\x00\x00\x00\x00\x00\x00}
[DEBUG] START --> SPACE1
[DEBUG] SPACE1 --> URI
[DEBUG] URI --> SPACE2
[DEBUG] SPACE2 --> REQUEST_VERSION
[DEBUG] REQUEST_VERSION --> HEADER
[DEBUG] HEADER:Accept-Encoding: gzip --> IN_VALUE
[DEBUG] HEADER:Accept-Encoding: gzip --> FIELD
[DEBUG] HEADER:User-Agent: Mozilla/5.0 (Windows NT 10.0; Win64; x64) AppleWebKit/537.36 (KHTML, like Gecko) Chrome/79.0.3945.130 Safari/537.36 --> IN_VALUE
[DEBUG] HEADER:User-Agent: Mozilla/5.0 (Windows NT 10.0; Win64; x64) AppleWebKit/537.36 (KHTML, like Gecko) Chrome/79.0.3945.130 Safari/537.36 --> FIELD
[DEBUG] HEADER:Host: localhost:38858 --> IN_VALUE
[DEBUG] HEADER:Host: localhost:38858 --> FIELD
[DEBUG] HEADER:Accept: text/html, image/gif, image/jpeg, *; q=.2, */*; q=.2 --> IN_VALUE
[DEBUG] HEADER:Accept: text/html, image/gif, image/jpeg, *; q=.2, */*; q=.2 --> FIELD
[DEBUG] HEADER:Connection: keep-alive --> IN_VALUE
[DEBUG] HEADER:Connection: keep-alive --> FIELD
[DEBUG] HEADER --> CONTENT
[DEBUG] REQUEST for //localhost:38858/FileServlet/htmltests/xml-test.xml?contentType=text%2Fxml on HttpChannelOverHttp@f268a5a{s=HttpChannelState@2e8f904b{s=IDLE rs=BLOCKING os=OPEN is=IDLE awp=false se=false i=true al=0},r=17,c=false/false,a=IDLE,uri=//localhost:38858/FileServlet/htmltests/xml-test.xml?contentType=text%2Fxml,age=1}
GET //localhost:38858/FileServlet/htmltests/xml-test.xml?contentType=text%2Fxml HTTP/1.1
Accept-Encoding: gzip
User-Agent: Mozilla/5.0 (Windows NT 10.0; Win64; x64) AppleWebKit/537.36 (KHTML, like Gecko) Chrome/79.0.3945.130 Safari/537.36
Host: localhost:38858
Accept: text/html, image/gif, image/jpeg, *; q=.2, */*; q=.2
Connection: keep-alive


[DEBUG] HttpConnection@3be4ecda::SocketChannelEndPoint@122254ce{l=/127.0.0.1:38858,r=/127.0.0.1:42942,OPEN,fill=-,flush=-,to=1/30000}{io=0/0,kio=0,kro=1}->HttpConnection@3be4ecda[p=HttpParser{s=CONTENT,0 of -1},g=HttpGenerator@af7230{s=START}]=>HttpChannelOverHttp@f268a5a{s=HttpChannelState@2e8f904b{s=IDLE rs=BLOCKING os=OPEN is=IDLE awp=false se=false i=true al=0},r=17,c=false/false,a=IDLE,uri=//localhost:38858/FileServlet/htmltests/xml-test.xml?contentType=text%2Fxml,age=1} parsed true HttpParser{s=CONTENT,0 of -1}
[DEBUG] releaseRequestBuffer HttpConnection@3be4ecda::SocketChannelEndPoint@122254ce{l=/127.0.0.1:38858,r=/127.0.0.1:42942,OPEN,fill=-,flush=-,to=1/30000}{io=0/0,kio=0,kro=1}->HttpConnection@3be4ecda[p=HttpParser{s=CONTENT,0 of -1},g=HttpGenerator@af7230{s=START}]=>HttpChannelOverHttp@f268a5a{s=HttpChannelState@2e8f904b{s=IDLE rs=BLOCKING os=OPEN is=IDLE awp=false se=false i=true al=0},r=17,c=false/false,a=IDLE,uri=//localhost:38858/FileServlet/htmltests/xml-test.xml?contentType=text%2Fxml,age=1}
[DEBUG] handle //localhost:38858/FileServlet/htmltests/xml-test.xml?contentType=text%2Fxml HttpChannelOverHttp@f268a5a{s=HttpChannelState@2e8f904b{s=IDLE rs=BLOCKING os=OPEN is=IDLE awp=false se=false i=true al=0},r=17,c=false/false,a=IDLE,uri=//localhost:38858/FileServlet/htmltests/xml-test.xml?contentType=text%2Fxml,age=3} 
[DEBUG] handling HttpChannelState@2e8f904b{s=IDLE rs=BLOCKING os=OPEN is=IDLE awp=false se=false i=true al=0}
[DEBUG] action DISPATCH HttpChannelOverHttp@f268a5a{s=HttpChannelState@2e8f904b{s=HANDLING rs=BLOCKING os=OPEN is=IDLE awp=false se=false i=true al=0},r=17,c=false/false,a=HANDLING,uri=//localhost:38858/FileServlet/htmltests/xml-test.xml?contentType=text%2Fxml,age=3}
[DEBUG] REQUEST GET /FileServlet/htmltests/xml-test.xml on HttpChannelOverHttp@f268a5a{s=HttpChannelState@2e8f904b{s=HANDLING rs=BLOCKING os=OPEN is=IDLE awp=false se=false i=true al=0},r=17,c=false/false,a=HANDLING,uri=//localhost:38858/FileServlet/htmltests/xml-test.xml?contentType=text%2Fxml,age=3}
[DEBUG] servlet null|/FileServlet|/htmltests/xml-test.xml -> org.jsoup.integration.servlets.FileServlet-3fffff43==org.jsoup.integration.servlets.FileServlet@bc0855c5{jsp=null,order=-1,inst=true,async=true,src=EMBEDDED:null,STARTED}
[DEBUG] chain=null
[DEBUG] write(array HeapByteBuffer@6819963c[p=0,l=45,c=8192,r=45]={<<<<doc><val>One<val>Two</val>Three</val></doc>\n>>>\x00\x00\x00\x00\x00\x00\x00\x00\x00...\x00\x00\x00\x00\x00\x00\x00})
[DEBUG] write(array) s=OPEN,api=BLOCKING,sc=false,e=null aggregated !flush DirectByteBuffer@1667663f[p=0,l=45,c=32768,r=45]={<<<<doc><val>One<val>Two</val>Three</val></doc>\n>>>>\n    <st...gue. Pr}
[DEBUG] sendResponse info=null content=DirectByteBuffer@1667663f[p=0,l=45,c=32768,r=45]={<<<<doc><val>One<val>Two</val>Three</val></doc>\n>>>>\n    <st...gue. Pr} complete=false committing=true callback=Blocker@135fca70{null}
[DEBUG] COMMIT for /FileServlet/htmltests/xml-test.xml on HttpChannelOverHttp@f268a5a{s=HttpChannelState@2e8f904b{s=HANDLING rs=BLOCKING os=COMMITTED is=IDLE awp=false se=false i=true al=0},r=17,c=false/false,a=HANDLING,uri=//localhost:38858/FileServlet/htmltests/xml-test.xml?contentType=text%2Fxml,age=3}
200 null HTTP/1.1
Date: Mon, 20 Sep 2021 19:30:13 GMT
Content-Type: text/xml


[DEBUG] generate: NEED_HEADER for SendCallback@2c1836a[PROCESSING][i=HTTP/1.1{s=200,h=2,cl=-1},cb=org.eclipse.jetty.server.HttpChannel$SendCallback@427cb019] (null,[p=0,l=45,c=32768,r=45],false)@START
[DEBUG] generateHeaders HTTP/1.1{s=200,h=2,cl=-1} last=false content=DirectByteBuffer@1667663f[p=0,l=45,c=32768,r=45]={<<<<doc><val>One<val>Two</val>Three</val></doc>\n>>>>\n    <st...gue. Pr}
[DEBUG] Date: Mon, 20 Sep 2021 19:30:13 GMT
Content-Type: text/xml


[DEBUG] CHUNKED_CONTENT
[DEBUG] generate: FLUSH for SendCallback@2c1836a[PROCESSING][i=HTTP/1.1{s=200,h=2,cl=-1},cb=org.eclipse.jetty.server.HttpChannel$SendCallback@427cb019] ([p=0,l=145,c=8192,r=145],[p=0,l=45,c=32768,r=45],false)@COMMITTED
[DEBUG] write: WriteFlusher@653abf25{IDLE}->null [HeapByteBuffer@22b9b50d[p=0,l=145,c=8192,r=145]={<<<HTTP/1.1 200 OK\r\nDate: Mo...4.43.v20210629)\r\n\r\n2D\r\n>>>37.36 (KH...\x86&h\xA0{\xC1\xC2},DirectByteBuffer@1667663f[p=0,l=45,c=32768,r=45]={<<<<doc><val>One<val>Two</val>Three</val></doc>\n>>>>\n    <st...gue. Pr}]
[DEBUG] update WriteFlusher@653abf25{WRITING}->null:IDLE-->WRITING
[DEBUG] flushed 190 SocketChannelEndPoint@122254ce{l=/127.0.0.1:38858,r=/127.0.0.1:42942,OPEN,fill=-,flush=W,to=8/30000}{io=0/0,kio=0,kro=1}->HttpConnection@3be4ecda[p=HttpParser{s=CONTENT,0 of -1},g=HttpGenerator@af7230{s=COMMITTED}]=>HttpChannelOverHttp@f268a5a{s=HttpChannelState@2e8f904b{s=HANDLING rs=BLOCKING os=COMMITTED is=IDLE awp=false se=false i=true al=0},r=17,c=false/false,a=HANDLING,uri=//localhost:38858/FileServlet/htmltests/xml-test.xml?contentType=text%2Fxml,age=8}
[DEBUG] Flushed=true written=190 remaining=0 WriteFlusher@653abf25{WRITING}->null
[DEBUG] update WriteFlusher@653abf25{IDLE}->null:WRITING-->IDLE
[DEBUG] generate: DONE for SendCallback@2c1836a[PROCESSING][i=HTTP/1.1{s=200,h=2,cl=-1},cb=org.eclipse.jetty.server.HttpChannel$SendCallback@427cb019] ([p=145,l=145,c=8192,r=0],[p=45,l=45,c=32768,r=0],false)@COMMITTED
[DEBUG] onWriteComplete(false,null) s=OPEN,api=BLOCKED,sc=false,e=null->s=OPEN,api=BLOCKING,sc=false,e=null c=null cb=null w=false
[DEBUG] handled=true async=false committed=true on HttpChannelOverHttp@f268a5a{s=HttpChannelState@2e8f904b{s=HANDLING rs=BLOCKING os=COMMITTED is=IDLE awp=false se=false i=true al=0},r=17,c=false/false,a=HANDLING,uri=//localhost:38858/FileServlet/htmltests/xml-test.xml?contentType=text%2Fxml,age=9}
[DEBUG] unhandle HttpChannelState@2e8f904b{s=HANDLING rs=BLOCKING os=COMMITTED is=IDLE awp=false se=false i=true al=0}
[DEBUG] nextAction(false) COMPLETE HttpChannelState@2e8f904b{s=HANDLING rs=COMPLETING os=COMMITTED is=IDLE awp=false se=false i=false al=0}
[DEBUG] action COMPLETE HttpChannelOverHttp@f268a5a{s=HttpChannelState@2e8f904b{s=HANDLING rs=COMPLETING os=COMMITTED is=IDLE awp=false se=false i=false al=0},r=17,c=false/false,a=HANDLING,uri=//localhost:38858/FileServlet/htmltests/xml-test.xml?contentType=text%2Fxml,age=9}
[DEBUG] complete(org.eclipse.jetty.util.Callback$3@33c33333) s=CLOSING,api=BLOCKED,sc=false,e=null s=false e=null, c=HeapByteBuffer@11848662[p=0,l=0,c=0,r=0]={<<<>>>}
[DEBUG] sendResponse info=null content=HeapByteBuffer@11848662[p=0,l=0,c=0,r=0]={<<<>>>} complete=true committing=false callback=org.eclipse.jetty.server.HttpOutput$WriteCompleteCB@40cc3923
[DEBUG] generate: CONTINUE for SendCallback@2c1836a[PROCESSING][i=null,cb=org.eclipse.jetty.server.HttpChannel$SendCallback@6440ff70] (null,[p=0,l=0,c=0,r=0],true)@COMPLETING
[DEBUG] generate: NEED_CHUNK for SendCallback@2c1836a[PROCESSING][i=null,cb=org.eclipse.jetty.server.HttpChannel$SendCallback@6440ff70] (null,[p=0,l=0,c=0,r=0],true)@COMPLETING
[DEBUG] generate: FLUSH for SendCallback@2c1836a[PROCESSING][i=null,cb=org.eclipse.jetty.server.HttpChannel$SendCallback@6440ff70] (null,[p=0,l=0,c=0,r=0],true)@COMPLETING
[DEBUG] write: WriteFlusher@653abf25{IDLE}->null [HeapByteBuffer@690742bb[p=0,l=7,c=1024,r=7]={<<<\r\n0\r\n\r\n>>>\n\x00\x00\x00\x00\x00\x00\x00\x00...\x00\x00\x00\x00\x00\x00\x00}]
[DEBUG] update WriteFlusher@653abf25{WRITING}->null:IDLE-->WRITING
[DEBUG] flushed 7 SocketChannelEndPoint@122254ce{l=/127.0.0.1:38858,r=/127.0.0.1:42942,OPEN,fill=-,flush=W,to=6/30000}{io=0/0,kio=0,kro=1}->HttpConnection@3be4ecda[p=HttpParser{s=CONTENT,0 of -1},g=HttpGenerator@af7230{s=COMPLETING}]=>HttpChannelOverHttp@f268a5a{s=HttpChannelState@2e8f904b{s=HANDLING rs=COMPLETING os=COMMITTED is=IDLE awp=false se=false i=false al=0},r=17,c=false/false,a=HANDLING,uri=//localhost:38858/FileServlet/htmltests/xml-test.xml?contentType=text%2Fxml,age=15}
[DEBUG] Flushed=true written=7 remaining=0 WriteFlusher@653abf25{WRITING}->null
[DEBUG] update WriteFlusher@653abf25{IDLE}->null:WRITING-->IDLE
[DEBUG] generate: DONE for SendCallback@2c1836a[PROCESSING][i=null,cb=org.eclipse.jetty.server.HttpChannel$SendCallback@6440ff70] (null,[p=0,l=0,c=0,r=0],true)@END
[DEBUG] onWriteComplete(true,null) s=CLOSING,api=BLOCKED,sc=false,e=null->s=CLOSED,api=BLOCKING,sc=false,e=null c=null cb=org.eclipse.jetty.util.Callback$3@33c33333 w=false
[DEBUG] completed HttpChannelState@2e8f904b{s=HANDLING rs=COMPLETING os=COMPLETED is=IDLE awp=false se=false i=false al=0}
[DEBUG] unhandle HttpChannelState@2e8f904b{s=HANDLING rs=COMPLETED os=COMPLETED is=IDLE awp=false se=false i=false al=0}
[DEBUG] nextAction(false) TERMINATED HttpChannelState@2e8f904b{s=IDLE rs=COMPLETED os=COMPLETED is=IDLE awp=false se=false i=false al=0}
[DEBUG] action TERMINATED HttpChannelOverHttp@f268a5a{s=HttpChannelState@2e8f904b{s=IDLE rs=COMPLETED os=COMPLETED is=IDLE awp=false se=false i=false al=0},r=17,c=true/true,a=IDLE,uri=//localhost:38858/FileServlet/htmltests/xml-test.xml?contentType=text%2Fxml,age=15}
[DEBUG] onCompleted for /FileServlet/htmltests/xml-test.xml written=45
[DEBUG] filled 343 HeapByteBuffer@78a30358[p=0,l=343,c=8192,r=343]={<<<GET /FileServlet/htmltest...nection: keep-alive\r\n\r\n>>>ep-alive\r...\x00\x00\x00\x00\x00\x00\x00}
[DEBUG] HttpConnection@3be4ecda::SocketChannelEndPoint@122254ce{l=/127.0.0.1:38858,r=/127.0.0.1:42942,OPEN,fill=-,flush=-,to=0/30000}{io=0/0,kio=0,kro=1}->HttpConnection@3be4ecda[p=HttpParser{s=CONTENT,0 of -1},g=HttpGenerator@af7230{s=END}]=>HttpChannelOverHttp@f268a5a{s=HttpChannelState@2e8f904b{s=IDLE rs=COMPLETED os=COMPLETED is=IDLE awp=false se=false i=false al=0},r=17,c=true/true,a=IDLE,uri=//localhost:38858/FileServlet/htmltests/xml-test.xml?contentType=text%2Fxml,age=16} filled 343 HeapByteBuffer@78a30358[p=0,l=343,c=8192,r=343]={<<<GET /FileServlet/htmltest...nection: keep-alive\r\n\r\n>>>ep-alive\r...\x00\x00\x00\x00\x00\x00\x00}
[DEBUG] HttpConnection@3be4ecda::SocketChannelEndPoint@122254ce{l=/127.0.0.1:38858,r=/127.0.0.1:42942,OPEN,fill=-,flush=-,to=0/30000}{io=0/0,kio=0,kro=1}->HttpConnection@3be4ecda[p=HttpParser{s=CONTENT,0 of -1},g=HttpGenerator@af7230{s=END}]=>HttpChannelOverHttp@f268a5a{s=HttpChannelState@2e8f904b{s=IDLE rs=COMPLETED os=COMPLETED is=IDLE awp=false se=false i=false al=0},r=17,c=true/true,a=IDLE,uri=//localhost:38858/FileServlet/htmltests/xml-test.xml?contentType=text%2Fxml,age=16} parse HeapByteBuffer@78a30358[p=0,l=343,c=8192,r=343]={<<<GET /FileServlet/htmltest...nection: keep-alive\r\n\r\n>>>ep-alive\r...\x00\x00\x00\x00\x00\x00\x00} {}
[DEBUG] parseNext s=CONTENT HeapByteBuffer@78a30358[p=0,l=343,c=8192,r=343]={<<<GET /FileServlet/htmltest...nection: keep-alive\r\n\r\n>>>ep-alive\r...\x00\x00\x00\x00\x00\x00\x00}
[DEBUG] CONTENT --> CONTENT_END
[DEBUG] onContentComplete HttpChannelOverHttp@f268a5a{s=HttpChannelState@2e8f904b{s=IDLE rs=COMPLETED os=COMPLETED is=IDLE awp=false se=false i=false al=0},r=17,c=true/true,a=IDLE,uri=//localhost:38858/FileServlet/htmltests/xml-test.xml?contentType=text%2Fxml,age=16}
[DEBUG] CONTENT_END --> END
[DEBUG] onRequestComplete HttpChannelOverHttp@f268a5a{s=HttpChannelState@2e8f904b{s=IDLE rs=COMPLETED os=COMPLETED is=IDLE awp=false se=false i=false al=0},r=17,c=true/true,a=IDLE,uri=//localhost:38858/FileServlet/htmltests/xml-test.xml?contentType=text%2Fxml,age=16}
[DEBUG] HttpInputOverHTTP@5e34fa8b[c=0,q=0,[0]=null,s=STREAM] addContent EOF
[DEBUG] HttpConnection@3be4ecda::SocketChannelEndPoint@122254ce{l=/127.0.0.1:38858,r=/127.0.0.1:42942,OPEN,fill=-,flush=-,to=0/30000}{io=0/0,kio=0,kro=1}->HttpConnection@3be4ecda[p=HttpParser{s=END,0 of -1},g=HttpGenerator@af7230{s=END}]=>HttpChannelOverHttp@f268a5a{s=HttpChannelState@2e8f904b{s=IDLE rs=COMPLETED os=COMPLETED is=IDLE awp=false se=false i=false al=0},r=17,c=true/true,a=IDLE,uri=//localhost:38858/FileServlet/htmltests/xml-test.xml?contentType=text%2Fxml,age=16} parsed false HttpParser{s=END,0 of -1}
[DEBUG] recycle HttpChannelState@2e8f904b{s=IDLE rs=COMPLETED os=COMPLETED is=IDLE awp=false se=false i=false al=0}
[DEBUG] reset HttpParser{s=END,0 of -1}
[DEBUG] END --> START
[DEBUG] !handle TERMINATED HttpChannelOverHttp@f268a5a{s=HttpChannelState@2e8f904b{s=IDLE rs=BLOCKING os=OPEN is=IDLE awp=false se=false i=true al=0},r=17,c=false/false,a=IDLE,uri=null,age=0}
[DEBUG] HttpConnection@3be4ecda::SocketChannelEndPoint@122254ce{l=/127.0.0.1:38858,r=/127.0.0.1:42942,OPEN,fill=-,flush=-,to=0/30000}{io=0/0,kio=0,kro=1}->HttpConnection@3be4ecda[p=HttpParser{s=START,0 of -1},g=HttpGenerator@af7230{s=START}]=>HttpChannelOverHttp@f268a5a{s=HttpChannelState@2e8f904b{s=IDLE rs=BLOCKING os=OPEN is=IDLE awp=false se=false i=true al=0},r=17,c=false/false,a=IDLE,uri=null,age=0} parse HeapByteBuffer@78a30358[p=0,l=343,c=8192,r=343]={<<<GET /FileServlet/htmltest...nection: keep-alive\r\n\r\n>>>ep-alive\r...\x00\x00\x00\x00\x00\x00\x00} {}
[DEBUG] parseNext s=START HeapByteBuffer@78a30358[p=0,l=343,c=8192,r=343]={<<<GET /FileServlet/htmltest...nection: keep-alive\r\n\r\n>>>ep-alive\r...\x00\x00\x00\x00\x00\x00\x00}
[DEBUG] START --> SPACE1
[DEBUG] SPACE1 --> URI
[DEBUG] URI --> SPACE2
[DEBUG] SPACE2 --> REQUEST_VERSION
[DEBUG] REQUEST_VERSION --> HEADER
[DEBUG] HEADER:Accept-Encoding: gzip --> IN_VALUE
[DEBUG] HEADER:Accept-Encoding: gzip --> FIELD
[DEBUG] HEADER:User-Agent: Mozilla/5.0 (Windows NT 10.0; Win64; x64) AppleWebKit/537.36 (KHTML, like Gecko) Chrome/79.0.3945.130 Safari/537.36 --> IN_VALUE
[DEBUG] HEADER:User-Agent: Mozilla/5.0 (Windows NT 10.0; Win64; x64) AppleWebKit/537.36 (KHTML, like Gecko) Chrome/79.0.3945.130 Safari/537.36 --> FIELD
[DEBUG] HEADER:Host: localhost:38858 --> IN_VALUE
[DEBUG] HEADER:Host: localhost:38858 --> FIELD
[DEBUG] HEADER:Accept: text/html, image/gif, image/jpeg, *; q=.2, */*; q=.2 --> IN_VALUE
[DEBUG] HEADER:Accept: text/html, image/gif, image/jpeg, *; q=.2, */*; q=.2 --> FIELD
[DEBUG] HEADER:Connection: keep-alive --> IN_VALUE
[DEBUG] HEADER:Connection: keep-alive --> FIELD
[DEBUG] HEADER --> CONTENT
[DEBUG] REQUEST for //localhost:38858/FileServlet/htmltests/xml-test.xml?contentType=application%2Fxml on HttpChannelOverHttp@f268a5a{s=HttpChannelState@2e8f904b{s=IDLE rs=BLOCKING os=OPEN is=IDLE awp=false se=false i=true al=0},r=18,c=false/false,a=IDLE,uri=//localhost:38858/FileServlet/htmltests/xml-test.xml?contentType=application%2Fxml,age=0}
GET //localhost:38858/FileServlet/htmltests/xml-test.xml?contentType=application%2Fxml HTTP/1.1
Accept-Encoding: gzip
User-Agent: Mozilla/5.0 (Windows NT 10.0; Win64; x64) AppleWebKit/537.36 (KHTML, like Gecko) Chrome/79.0.3945.130 Safari/537.36
Host: localhost:38858
Accept: text/html, image/gif, image/jpeg, *; q=.2, */*; q=.2
Connection: keep-alive


[DEBUG] HttpConnection@3be4ecda::SocketChannelEndPoint@122254ce{l=/127.0.0.1:38858,r=/127.0.0.1:42942,OPEN,fill=-,flush=-,to=7/30000}{io=0/0,kio=0,kro=1}->HttpConnection@3be4ecda[p=HttpParser{s=CONTENT,0 of -1},g=HttpGenerator@af7230{s=START}]=>HttpChannelOverHttp@f268a5a{s=HttpChannelState@2e8f904b{s=IDLE rs=BLOCKING os=OPEN is=IDLE awp=false se=false i=true al=0},r=18,c=false/false,a=IDLE,uri=//localhost:38858/FileServlet/htmltests/xml-test.xml?contentType=application%2Fxml,age=0} parsed true HttpParser{s=CONTENT,0 of -1}
[DEBUG] releaseRequestBuffer HttpConnection@3be4ecda::SocketChannelEndPoint@122254ce{l=/127.0.0.1:38858,r=/127.0.0.1:42942,OPEN,fill=-,flush=-,to=7/30000}{io=0/0,kio=0,kro=1}->HttpConnection@3be4ecda[p=HttpParser{s=CONTENT,0 of -1},g=HttpGenerator@af7230{s=START}]=>HttpChannelOverHttp@f268a5a{s=HttpChannelState@2e8f904b{s=IDLE rs=BLOCKING os=OPEN is=IDLE awp=false se=false i=true al=0},r=18,c=false/false,a=IDLE,uri=//localhost:38858/FileServlet/htmltests/xml-test.xml?contentType=application%2Fxml,age=0}
[DEBUG] handle //localhost:38858/FileServlet/htmltests/xml-test.xml?contentType=application%2Fxml HttpChannelOverHttp@f268a5a{s=HttpChannelState@2e8f904b{s=IDLE rs=BLOCKING os=OPEN is=IDLE awp=false se=false i=true al=0},r=18,c=false/false,a=IDLE,uri=//localhost:38858/FileServlet/htmltests/xml-test.xml?contentType=application%2Fxml,age=0} 
[DEBUG] handling HttpChannelState@2e8f904b{s=IDLE rs=BLOCKING os=OPEN is=IDLE awp=false se=false i=true al=0}
[DEBUG] action DISPATCH HttpChannelOverHttp@f268a5a{s=HttpChannelState@2e8f904b{s=HANDLING rs=BLOCKING os=OPEN is=IDLE awp=false se=false i=true al=0},r=18,c=false/false,a=HANDLING,uri=//localhost:38858/FileServlet/htmltests/xml-test.xml?contentType=application%2Fxml,age=0}
[DEBUG] REQUEST GET /FileServlet/htmltests/xml-test.xml on HttpChannelOverHttp@f268a5a{s=HttpChannelState@2e8f904b{s=HANDLING rs=BLOCKING os=OPEN is=IDLE awp=false se=false i=true al=0},r=18,c=false/false,a=HANDLING,uri=//localhost:38858/FileServlet/htmltests/xml-test.xml?contentType=application%2Fxml,age=0}
[DEBUG] servlet null|/FileServlet|/htmltests/xml-test.xml -> org.jsoup.integration.servlets.FileServlet-3fffff43==org.jsoup.integration.servlets.FileServlet@bc0855c5{jsp=null,order=-1,inst=true,async=true,src=EMBEDDED:null,STARTED}
[DEBUG] chain=null
[DEBUG] write(array HeapByteBuffer@439b6799[p=0,l=45,c=8192,r=45]={<<<<doc><val>One<val>Two</val>Three</val></doc>\n>>>\x00\x00\x00\x00\x00\x00\x00\x00\x00...\x00\x00\x00\x00\x00\x00\x00})
[DEBUG] write(array) s=OPEN,api=BLOCKING,sc=false,e=null aggregated !flush DirectByteBuffer@577d71b2[p=0,l=45,c=32768,r=45]={<<<<doc><val>One<val>Two</val>Three</val></doc>\n>>>>\n    <st...gue. Pr}
[DEBUG] sendResponse info=null content=DirectByteBuffer@577d71b2[p=0,l=45,c=32768,r=45]={<<<<doc><val>One<val>Two</val>Three</val></doc>\n>>>>\n    <st...gue. Pr} complete=false committing=true callback=Blocker@135fca70{null}
[DEBUG] COMMIT for /FileServlet/htmltests/xml-test.xml on HttpChannelOverHttp@f268a5a{s=HttpChannelState@2e8f904b{s=HANDLING rs=BLOCKING os=COMMITTED is=IDLE awp=false se=false i=true al=0},r=18,c=false/false,a=HANDLING,uri=//localhost:38858/FileServlet/htmltests/xml-test.xml?contentType=application%2Fxml,age=1}
200 null HTTP/1.1
Date: Mon, 20 Sep 2021 19:30:13 GMT
Content-Type: application/xml


[DEBUG] generate: NEED_HEADER for SendCallback@2c1836a[PROCESSING][i=HTTP/1.1{s=200,h=2,cl=-1},cb=org.eclipse.jetty.server.HttpChannel$SendCallback@69eb8e72] (null,[p=0,l=45,c=32768,r=45],false)@START
[DEBUG] generateHeaders HTTP/1.1{s=200,h=2,cl=-1} last=false content=DirectByteBuffer@577d71b2[p=0,l=45,c=32768,r=45]={<<<<doc><val>One<val>Two</val>Three</val></doc>\n>>>>\n    <st...gue. Pr}
[DEBUG] Date: Mon, 20 Sep 2021 19:30:13 GMT
Content-Type: application/xml


[DEBUG] CHUNKED_CONTENT
[DEBUG] generate: FLUSH for SendCallback@2c1836a[PROCESSING][i=HTTP/1.1{s=200,h=2,cl=-1},cb=org.eclipse.jetty.server.HttpChannel$SendCallback@69eb8e72] ([p=0,l=152,c=8192,r=152],[p=0,l=45,c=32768,r=45],false)@COMMITTED
[DEBUG] write: WriteFlusher@653abf25{IDLE}->null [HeapByteBuffer@41e05b38[p=0,l=152,c=8192,r=152]={<<<HTTP/1.1 200 OK\r\nDate: Mo...4.43.v20210629)\r\n\r\n2D\r\n>>>pleWebKit...\x00\x00\x00\x00\x00\x00\x00},DirectByteBuffer@577d71b2[p=0,l=45,c=32768,r=45]={<<<<doc><val>One<val>Two</val>Three</val></doc>\n>>>>\n    <st...gue. Pr}]
[DEBUG] update WriteFlusher@653abf25{WRITING}->null:IDLE-->WRITING
[DEBUG] flushed 197 SocketChannelEndPoint@122254ce{l=/127.0.0.1:38858,r=/127.0.0.1:42942,OPEN,fill=-,flush=W,to=9/30000}{io=0/0,kio=0,kro=1}->HttpConnection@3be4ecda[p=HttpParser{s=CONTENT,0 of -1},g=HttpGenerator@af7230{s=COMMITTED}]=>HttpChannelOverHttp@f268a5a{s=HttpChannelState@2e8f904b{s=HANDLING rs=BLOCKING os=COMMITTED is=IDLE awp=false se=false i=true al=0},r=18,c=false/false,a=HANDLING,uri=//localhost:38858/FileServlet/htmltests/xml-test.xml?contentType=application%2Fxml,age=2}
[DEBUG] Flushed=true written=197 remaining=0 WriteFlusher@653abf25{WRITING}->null
[DEBUG] update WriteFlusher@653abf25{IDLE}->null:WRITING-->IDLE
[DEBUG] generate: DONE for SendCallback@2c1836a[PROCESSING][i=HTTP/1.1{s=200,h=2,cl=-1},cb=org.eclipse.jetty.server.HttpChannel$SendCallback@69eb8e72] ([p=152,l=152,c=8192,r=0],[p=45,l=45,c=32768,r=0],false)@COMMITTED
[DEBUG] onWriteComplete(false,null) s=OPEN,api=BLOCKED,sc=false,e=null->s=OPEN,api=BLOCKING,sc=false,e=null c=null cb=null w=false
[DEBUG] handled=true async=false committed=true on HttpChannelOverHttp@f268a5a{s=HttpChannelState@2e8f904b{s=HANDLING rs=BLOCKING os=COMMITTED is=IDLE awp=false se=false i=true al=0},r=18,c=false/false,a=HANDLING,uri=//localhost:38858/FileServlet/htmltests/xml-test.xml?contentType=application%2Fxml,age=2}
[DEBUG] unhandle HttpChannelState@2e8f904b{s=HANDLING rs=BLOCKING os=COMMITTED is=IDLE awp=false se=false i=true al=0}
[DEBUG] nextAction(false) COMPLETE HttpChannelState@2e8f904b{s=HANDLING rs=COMPLETING os=COMMITTED is=IDLE awp=false se=false i=false al=0}
[DEBUG] action COMPLETE HttpChannelOverHttp@f268a5a{s=HttpChannelState@2e8f904b{s=HANDLING rs=COMPLETING os=COMMITTED is=IDLE awp=false se=false i=false al=0},r=18,c=false/false,a=HANDLING,uri=//localhost:38858/FileServlet/htmltests/xml-test.xml?contentType=application%2Fxml,age=2}
[DEBUG] complete(org.eclipse.jetty.util.Callback$3@484fb74d) s=CLOSING,api=BLOCKED,sc=false,e=null s=false e=null, c=HeapByteBuffer@11848662[p=0,l=0,c=0,r=0]={<<<>>>}
[DEBUG] sendResponse info=null content=HeapByteBuffer@11848662[p=0,l=0,c=0,r=0]={<<<>>>} complete=true committing=false callback=org.eclipse.jetty.server.HttpOutput$WriteCompleteCB@2b177a4b
[DEBUG] generate: CONTINUE for SendCallback@2c1836a[PROCESSING][i=null,cb=org.eclipse.jetty.server.HttpChannel$SendCallback@33a8671f] (null,[p=0,l=0,c=0,r=0],true)@COMPLETING
[DEBUG] generate: NEED_CHUNK for SendCallback@2c1836a[PROCESSING][i=null,cb=org.eclipse.jetty.server.HttpChannel$SendCallback@33a8671f] (null,[p=0,l=0,c=0,r=0],true)@COMPLETING
[DEBUG] generate: FLUSH for SendCallback@2c1836a[PROCESSING][i=null,cb=org.eclipse.jetty.server.HttpChannel$SendCallback@33a8671f] (null,[p=0,l=0,c=0,r=0],true)@COMPLETING
[DEBUG] write: WriteFlusher@653abf25{IDLE}->null [HeapByteBuffer@ed6005f[p=0,l=7,c=1024,r=7]={<<<\r\n0\r\n\r\n>>>\n\x00\x00\x00\x00\x00\x00\x00\x00...\x00\x00\x00\x00\x00\x00\x00}]
[DEBUG] update WriteFlusher@653abf25{WRITING}->null:IDLE-->WRITING
[DEBUG] flushed 7 SocketChannelEndPoint@122254ce{l=/127.0.0.1:38858,r=/127.0.0.1:42942,OPEN,fill=-,flush=W,to=1/30000}{io=0/0,kio=0,kro=1}->HttpConnection@3be4ecda[p=HttpParser{s=CONTENT,0 of -1},g=HttpGenerator@af7230{s=COMPLETING}]=>HttpChannelOverHttp@f268a5a{s=HttpChannelState@2e8f904b{s=HANDLING rs=COMPLETING os=COMMITTED is=IDLE awp=false se=false i=false al=0},r=18,c=false/false,a=HANDLING,uri=//localhost:38858/FileServlet/htmltests/xml-test.xml?contentType=application%2Fxml,age=3}
[DEBUG] Flushed=true written=7 remaining=0 WriteFlusher@653abf25{WRITING}->null
[DEBUG] update WriteFlusher@653abf25{IDLE}->null:WRITING-->IDLE
[DEBUG] generate: DONE for SendCallback@2c1836a[PROCESSING][i=null,cb=org.eclipse.jetty.server.HttpChannel$SendCallback@33a8671f] (null,[p=0,l=0,c=0,r=0],true)@END
[DEBUG] onWriteComplete(true,null) s=CLOSING,api=BLOCKED,sc=false,e=null->s=CLOSED,api=BLOCKING,sc=false,e=null c=null cb=org.eclipse.jetty.util.Callback$3@484fb74d w=false
[DEBUG] completed HttpChannelState@2e8f904b{s=HANDLING rs=COMPLETING os=COMPLETED is=IDLE awp=false se=false i=false al=0}
[DEBUG] unhandle HttpChannelState@2e8f904b{s=HANDLING rs=COMPLETED os=COMPLETED is=IDLE awp=false se=false i=false al=0}
[DEBUG] nextAction(false) TERMINATED HttpChannelState@2e8f904b{s=IDLE rs=COMPLETED os=COMPLETED is=IDLE awp=false se=false i=false al=0}
[DEBUG] action TERMINATED HttpChannelOverHttp@f268a5a{s=HttpChannelState@2e8f904b{s=IDLE rs=COMPLETED os=COMPLETED is=IDLE awp=false se=false i=false al=0},r=18,c=true/true,a=IDLE,uri=//localhost:38858/FileServlet/htmltests/xml-test.xml?contentType=application%2Fxml,age=8}
[DEBUG] onCompleted for /FileServlet/htmltests/xml-test.xml written=45
[DEBUG] filled 349 HeapByteBuffer@22b9b50d[p=0,l=349,c=8192,r=349]={<<<GET /FileServlet/htmltest...nection: keep-alive\r\n\r\n>>>h: 11\r\n\r\n...\x86&h\xA0{\xC1\xC2}
[DEBUG] HttpConnection@3be4ecda::SocketChannelEndPoint@122254ce{l=/127.0.0.1:38858,r=/127.0.0.1:42942,OPEN,fill=-,flush=-,to=0/30000}{io=0/0,kio=0,kro=1}->HttpConnection@3be4ecda[p=HttpParser{s=CONTENT,0 of -1},g=HttpGenerator@af7230{s=END}]=>HttpChannelOverHttp@f268a5a{s=HttpChannelState@2e8f904b{s=IDLE rs=COMPLETED os=COMPLETED is=IDLE awp=false se=false i=false al=0},r=18,c=true/true,a=IDLE,uri=//localhost:38858/FileServlet/htmltests/xml-test.xml?contentType=application%2Fxml,age=8} filled 349 HeapByteBuffer@22b9b50d[p=0,l=349,c=8192,r=349]={<<<GET /FileServlet/htmltest...nection: keep-alive\r\n\r\n>>>h: 11\r\n\r\n...\x86&h\xA0{\xC1\xC2}
[DEBUG] HttpConnection@3be4ecda::SocketChannelEndPoint@122254ce{l=/127.0.0.1:38858,r=/127.0.0.1:42942,OPEN,fill=-,flush=-,to=0/30000}{io=0/0,kio=0,kro=1}->HttpConnection@3be4ecda[p=HttpParser{s=CONTENT,0 of -1},g=HttpGenerator@af7230{s=END}]=>HttpChannelOverHttp@f268a5a{s=HttpChannelState@2e8f904b{s=IDLE rs=COMPLETED os=COMPLETED is=IDLE awp=false se=false i=false al=0},r=18,c=true/true,a=IDLE,uri=//localhost:38858/FileServlet/htmltests/xml-test.xml?contentType=application%2Fxml,age=8} parse HeapByteBuffer@22b9b50d[p=0,l=349,c=8192,r=349]={<<<GET /FileServlet/htmltest...nection: keep-alive\r\n\r\n>>>h: 11\r\n\r\n...\x86&h\xA0{\xC1\xC2} {}
[DEBUG] parseNext s=CONTENT HeapByteBuffer@22b9b50d[p=0,l=349,c=8192,r=349]={<<<GET /FileServlet/htmltest...nection: keep-alive\r\n\r\n>>>h: 11\r\n\r\n...\x86&h\xA0{\xC1\xC2}
[DEBUG] CONTENT --> CONTENT_END
[DEBUG] onContentComplete HttpChannelOverHttp@f268a5a{s=HttpChannelState@2e8f904b{s=IDLE rs=COMPLETED os=COMPLETED is=IDLE awp=false se=false i=false al=0},r=18,c=true/true,a=IDLE,uri=//localhost:38858/FileServlet/htmltests/xml-test.xml?contentType=application%2Fxml,age=8}
[DEBUG] CONTENT_END --> END
[DEBUG] onRequestComplete HttpChannelOverHttp@f268a5a{s=HttpChannelState@2e8f904b{s=IDLE rs=COMPLETED os=COMPLETED is=IDLE awp=false se=false i=false al=0},r=18,c=true/true,a=IDLE,uri=//localhost:38858/FileServlet/htmltests/xml-test.xml?contentType=application%2Fxml,age=8}
[DEBUG] HttpInputOverHTTP@5e34fa8b[c=0,q=0,[0]=null,s=STREAM] addContent EOF
[DEBUG] HttpConnection@3be4ecda::SocketChannelEndPoint@122254ce{l=/127.0.0.1:38858,r=/127.0.0.1:42942,OPEN,fill=-,flush=-,to=0/30000}{io=0/0,kio=0,kro=1}->HttpConnection@3be4ecda[p=HttpParser{s=END,0 of -1},g=HttpGenerator@af7230{s=END}]=>HttpChannelOverHttp@f268a5a{s=HttpChannelState@2e8f904b{s=IDLE rs=COMPLETED os=COMPLETED is=IDLE awp=false se=false i=false al=0},r=18,c=true/true,a=IDLE,uri=//localhost:38858/FileServlet/htmltests/xml-test.xml?contentType=application%2Fxml,age=8} parsed false HttpParser{s=END,0 of -1}
[DEBUG] recycle HttpChannelState@2e8f904b{s=IDLE rs=COMPLETED os=COMPLETED is=IDLE awp=false se=false i=false al=0}
[DEBUG] reset HttpParser{s=END,0 of -1}
[DEBUG] END --> START
[DEBUG] !handle TERMINATED HttpChannelOverHttp@f268a5a{s=HttpChannelState@2e8f904b{s=IDLE rs=BLOCKING os=OPEN is=IDLE awp=false se=false i=true al=0},r=18,c=false/false,a=IDLE,uri=null,age=0}
[DEBUG] HttpConnection@3be4ecda::SocketChannelEndPoint@122254ce{l=/127.0.0.1:38858,r=/127.0.0.1:42942,OPEN,fill=-,flush=-,to=0/30000}{io=0/0,kio=0,kro=1}->HttpConnection@3be4ecda[p=HttpParser{s=START,0 of -1},g=HttpGenerator@af7230{s=START}]=>HttpChannelOverHttp@f268a5a{s=HttpChannelState@2e8f904b{s=IDLE rs=BLOCKING os=OPEN is=IDLE awp=false se=false i=true al=0},r=18,c=false/false,a=IDLE,uri=null,age=0} parse HeapByteBuffer@22b9b50d[p=0,l=349,c=8192,r=349]={<<<GET /FileServlet/htmltest...nection: keep-alive\r\n\r\n>>>h: 11\r\n\r\n...\x86&h\xA0{\xC1\xC2} {}
[DEBUG] parseNext s=START HeapByteBuffer@22b9b50d[p=0,l=349,c=8192,r=349]={<<<GET /FileServlet/htmltest...nection: keep-alive\r\n\r\n>>>h: 11\r\n\r\n...\x86&h\xA0{\xC1\xC2}
[DEBUG] START --> SPACE1
[DEBUG] SPACE1 --> URI
[DEBUG] URI --> SPACE2
[DEBUG] SPACE2 --> REQUEST_VERSION
[DEBUG] REQUEST_VERSION --> HEADER
[DEBUG] HEADER:Accept-Encoding: gzip --> IN_VALUE
[DEBUG] HEADER:Accept-Encoding: gzip --> FIELD
[DEBUG] HEADER:User-Agent: Mozilla/5.0 (Windows NT 10.0; Win64; x64) AppleWebKit/537.36 (KHTML, like Gecko) Chrome/79.0.3945.130 Safari/537.36 --> IN_VALUE
[DEBUG] HEADER:User-Agent: Mozilla/5.0 (Windows NT 10.0; Win64; x64) AppleWebKit/537.36 (KHTML, like Gecko) Chrome/79.0.3945.130 Safari/537.36 --> FIELD
[DEBUG] HEADER:Host: localhost:38858 --> IN_VALUE
[DEBUG] HEADER:Host: localhost:38858 --> FIELD
[DEBUG] HEADER:Accept: text/html, image/gif, image/jpeg, *; q=.2, */*; q=.2 --> IN_VALUE
[DEBUG] HEADER:Accept: text/html, image/gif, image/jpeg, *; q=.2, */*; q=.2 --> FIELD
[DEBUG] HEADER:Connection: keep-alive --> IN_VALUE
[DEBUG] HEADER:Connection: keep-alive --> FIELD
[DEBUG] HEADER --> CONTENT
[DEBUG] REQUEST for //localhost:38858/FileServlet/htmltests/xml-test.xml?contentType=application%2Frss%2Bxml on HttpChannelOverHttp@f268a5a{s=HttpChannelState@2e8f904b{s=IDLE rs=BLOCKING os=OPEN is=IDLE awp=false se=false i=true al=0},r=19,c=false/false,a=IDLE,uri=//localhost:38858/FileServlet/htmltests/xml-test.xml?contentType=application%2Frss%2Bxml,age=0}
GET //localhost:38858/FileServlet/htmltests/xml-test.xml?contentType=application%2Frss%2Bxml HTTP/1.1
Accept-Encoding: gzip
User-Agent: Mozilla/5.0 (Windows NT 10.0; Win64; x64) AppleWebKit/537.36 (KHTML, like Gecko) Chrome/79.0.3945.130 Safari/537.36
Host: localhost:38858
Accept: text/html, image/gif, image/jpeg, *; q=.2, */*; q=.2
Connection: keep-alive


[DEBUG] HttpConnection@3be4ecda::SocketChannelEndPoint@122254ce{l=/127.0.0.1:38858,r=/127.0.0.1:42942,OPEN,fill=-,flush=-,to=2/30000}{io=0/0,kio=0,kro=1}->HttpConnection@3be4ecda[p=HttpParser{s=CONTENT,0 of -1},g=HttpGenerator@af7230{s=START}]=>HttpChannelOverHttp@f268a5a{s=HttpChannelState@2e8f904b{s=IDLE rs=BLOCKING os=OPEN is=IDLE awp=false se=false i=true al=0},r=19,c=false/false,a=IDLE,uri=//localhost:38858/FileServlet/htmltests/xml-test.xml?contentType=application%2Frss%2Bxml,age=0} parsed true HttpParser{s=CONTENT,0 of -1}
[DEBUG] releaseRequestBuffer HttpConnection@3be4ecda::SocketChannelEndPoint@122254ce{l=/127.0.0.1:38858,r=/127.0.0.1:42942,OPEN,fill=-,flush=-,to=3/30000}{io=0/0,kio=0,kro=1}->HttpConnection@3be4ecda[p=HttpParser{s=CONTENT,0 of -1},g=HttpGenerator@af7230{s=START}]=>HttpChannelOverHttp@f268a5a{s=HttpChannelState@2e8f904b{s=IDLE rs=BLOCKING os=OPEN is=IDLE awp=false se=false i=true al=0},r=19,c=false/false,a=IDLE,uri=//localhost:38858/FileServlet/htmltests/xml-test.xml?contentType=application%2Frss%2Bxml,age=0}
[DEBUG] handle //localhost:38858/FileServlet/htmltests/xml-test.xml?contentType=application%2Frss%2Bxml HttpChannelOverHttp@f268a5a{s=HttpChannelState@2e8f904b{s=IDLE rs=BLOCKING os=OPEN is=IDLE awp=false se=false i=true al=0},r=19,c=false/false,a=IDLE,uri=//localhost:38858/FileServlet/htmltests/xml-test.xml?contentType=application%2Frss%2Bxml,age=0} 
[DEBUG] handling HttpChannelState@2e8f904b{s=IDLE rs=BLOCKING os=OPEN is=IDLE awp=false se=false i=true al=0}
[DEBUG] action DISPATCH HttpChannelOverHttp@f268a5a{s=HttpChannelState@2e8f904b{s=HANDLING rs=BLOCKING os=OPEN is=IDLE awp=false se=false i=true al=0},r=19,c=false/false,a=HANDLING,uri=//localhost:38858/FileServlet/htmltests/xml-test.xml?contentType=application%2Frss%2Bxml,age=0}
[DEBUG] REQUEST GET /FileServlet/htmltests/xml-test.xml on HttpChannelOverHttp@f268a5a{s=HttpChannelState@2e8f904b{s=HANDLING rs=BLOCKING os=OPEN is=IDLE awp=false se=false i=true al=0},r=19,c=false/false,a=HANDLING,uri=//localhost:38858/FileServlet/htmltests/xml-test.xml?contentType=application%2Frss%2Bxml,age=0}
[DEBUG] servlet null|/FileServlet|/htmltests/xml-test.xml -> org.jsoup.integration.servlets.FileServlet-3fffff43==org.jsoup.integration.servlets.FileServlet@bc0855c5{jsp=null,order=-1,inst=true,async=true,src=EMBEDDED:null,STARTED}
[DEBUG] chain=null
[DEBUG] write(array HeapByteBuffer@685f706[p=0,l=45,c=8192,r=45]={<<<<doc><val>One<val>Two</val>Three</val></doc>\n>>>\x00\x00\x00\x00\x00\x00\x00\x00\x00...\x00\x00\x00\x00\x00\x00\x00})
[DEBUG] write(array) s=OPEN,api=BLOCKING,sc=false,e=null aggregated !flush DirectByteBuffer@1c19d748[p=0,l=45,c=32768,r=45]={<<<<doc><val>One<val>Two</val>Three</val></doc>\n>>>>\n    <st...gue. Pr}
[DEBUG] sendResponse info=null content=DirectByteBuffer@1c19d748[p=0,l=45,c=32768,r=45]={<<<<doc><val>One<val>Two</val>Three</val></doc>\n>>>>\n    <st...gue. Pr} complete=false committing=true callback=Blocker@135fca70{null}
[DEBUG] COMMIT for /FileServlet/htmltests/xml-test.xml on HttpChannelOverHttp@f268a5a{s=HttpChannelState@2e8f904b{s=HANDLING rs=BLOCKING os=COMMITTED is=IDLE awp=false se=false i=true al=0},r=19,c=false/false,a=HANDLING,uri=//localhost:38858/FileServlet/htmltests/xml-test.xml?contentType=application%2Frss%2Bxml,age=1}
200 null HTTP/1.1
Date: Mon, 20 Sep 2021 19:30:13 GMT
Content-Type: application/rss+xml


[DEBUG] generate: NEED_HEADER for SendCallback@2c1836a[PROCESSING][i=HTTP/1.1{s=200,h=2,cl=-1},cb=org.eclipse.jetty.server.HttpChannel$SendCallback@3345dd44] (null,[p=0,l=45,c=32768,r=45],false)@START
[DEBUG] generateHeaders HTTP/1.1{s=200,h=2,cl=-1} last=false content=DirectByteBuffer@1c19d748[p=0,l=45,c=32768,r=45]={<<<<doc><val>One<val>Two</val>Three</val></doc>\n>>>>\n    <st...gue. Pr}
[DEBUG] Date: Mon, 20 Sep 2021 19:30:13 GMT
Content-Type: application/rss+xml


[DEBUG] CHUNKED_CONTENT
[DEBUG] generate: FLUSH for SendCallback@2c1836a[PROCESSING][i=HTTP/1.1{s=200,h=2,cl=-1},cb=org.eclipse.jetty.server.HttpChannel$SendCallback@3345dd44] ([p=0,l=156,c=8192,r=156],[p=0,l=45,c=32768,r=45],false)@COMMITTED
[DEBUG] write: WriteFlusher@653abf25{IDLE}->null [HeapByteBuffer@78a30358[p=0,l=156,c=8192,r=156]={<<<HTTP/1.1 200 OK\r\nDate: Mo...4.43.v20210629)\r\n\r\n2D\r\n>>> AppleWeb...\x00\x00\x00\x00\x00\x00\x00},DirectByteBuffer@1c19d748[p=0,l=45,c=32768,r=45]={<<<<doc><val>One<val>Two</val>Three</val></doc>\n>>>>\n    <st...gue. Pr}]
[DEBUG] update WriteFlusher@653abf25{WRITING}->null:IDLE-->WRITING
[DEBUG] flushed 201 SocketChannelEndPoint@122254ce{l=/127.0.0.1:38858,r=/127.0.0.1:42942,OPEN,fill=-,flush=W,to=19/30000}{io=0/0,kio=0,kro=1}->HttpConnection@3be4ecda[p=HttpParser{s=CONTENT,0 of -1},g=HttpGenerator@af7230{s=COMMITTED}]=>HttpChannelOverHttp@f268a5a{s=HttpChannelState@2e8f904b{s=HANDLING rs=BLOCKING os=COMMITTED is=IDLE awp=false se=false i=true al=0},r=19,c=false/false,a=HANDLING,uri=//localhost:38858/FileServlet/htmltests/xml-test.xml?contentType=application%2Frss%2Bxml,age=16}
[DEBUG] Flushed=true written=201 remaining=0 WriteFlusher@653abf25{WRITING}->null
[DEBUG] update WriteFlusher@653abf25{IDLE}->null:WRITING-->IDLE
[DEBUG] generate: DONE for SendCallback@2c1836a[PROCESSING][i=HTTP/1.1{s=200,h=2,cl=-1},cb=org.eclipse.jetty.server.HttpChannel$SendCallback@3345dd44] ([p=156,l=156,c=8192,r=0],[p=45,l=45,c=32768,r=0],false)@COMMITTED
[DEBUG] onWriteComplete(false,null) s=OPEN,api=BLOCKED,sc=false,e=null->s=OPEN,api=BLOCKING,sc=false,e=null c=null cb=null w=false
[DEBUG] handled=true async=false committed=true on HttpChannelOverHttp@f268a5a{s=HttpChannelState@2e8f904b{s=HANDLING rs=BLOCKING os=COMMITTED is=IDLE awp=false se=false i=true al=0},r=19,c=false/false,a=HANDLING,uri=//localhost:38858/FileServlet/htmltests/xml-test.xml?contentType=application%2Frss%2Bxml,age=19}
[DEBUG] unhandle HttpChannelState@2e8f904b{s=HANDLING rs=BLOCKING os=COMMITTED is=IDLE awp=false se=false i=true al=0}
[DEBUG] nextAction(false) COMPLETE HttpChannelState@2e8f904b{s=HANDLING rs=COMPLETING os=COMMITTED is=IDLE awp=false se=false i=false al=0}
[DEBUG] action COMPLETE HttpChannelOverHttp@f268a5a{s=HttpChannelState@2e8f904b{s=HANDLING rs=COMPLETING os=COMMITTED is=IDLE awp=false se=false i=false al=0},r=19,c=false/false,a=HANDLING,uri=//localhost:38858/FileServlet/htmltests/xml-test.xml?contentType=application%2Frss%2Bxml,age=19}
[DEBUG] complete(org.eclipse.jetty.util.Callback$3@23903c45) s=CLOSING,api=BLOCKED,sc=false,e=null s=false e=null, c=HeapByteBuffer@11848662[p=0,l=0,c=0,r=0]={<<<>>>}
[DEBUG] sendResponse info=null content=HeapByteBuffer@11848662[p=0,l=0,c=0,r=0]={<<<>>>} complete=true committing=false callback=org.eclipse.jetty.server.HttpOutput$WriteCompleteCB@53f037b7
[DEBUG] generate: CONTINUE for SendCallback@2c1836a[PROCESSING][i=null,cb=org.eclipse.jetty.server.HttpChannel$SendCallback@7ae4d708] (null,[p=0,l=0,c=0,r=0],true)@COMPLETING
[DEBUG] generate: NEED_CHUNK for SendCallback@2c1836a[PROCESSING][i=null,cb=org.eclipse.jetty.server.HttpChannel$SendCallback@7ae4d708] (null,[p=0,l=0,c=0,r=0],true)@COMPLETING
[DEBUG] generate: FLUSH for SendCallback@2c1836a[PROCESSING][i=null,cb=org.eclipse.jetty.server.HttpChannel$SendCallback@7ae4d708] (null,[p=0,l=0,c=0,r=0],true)@COMPLETING
[DEBUG] write: WriteFlusher@653abf25{IDLE}->null [HeapByteBuffer@e6dab5c[p=0,l=7,c=1024,r=7]={<<<\r\n0\r\n\r\n>>>\n\x00\x00\x00\x00\x00\x00\x00\x00...\x00\x00\x00\x00\x00\x00\x00}]
[DEBUG] update WriteFlusher@653abf25{WRITING}->null:IDLE-->WRITING
[DEBUG] flushed 7 SocketChannelEndPoint@122254ce{l=/127.0.0.1:38858,r=/127.0.0.1:42942,OPEN,fill=-,flush=W,to=7/30000}{io=0/0,kio=0,kro=1}->HttpConnection@3be4ecda[p=HttpParser{s=CONTENT,0 of -1},g=HttpGenerator@af7230{s=COMPLETING}]=>HttpChannelOverHttp@f268a5a{s=HttpChannelState@2e8f904b{s=HANDLING rs=COMPLETING os=COMMITTED is=IDLE awp=false se=false i=false al=0},r=19,c=false/false,a=HANDLING,uri=//localhost:38858/FileServlet/htmltests/xml-test.xml?contentType=application%2Frss%2Bxml,age=24}
[DEBUG] Flushed=true written=7 remaining=0 WriteFlusher@653abf25{WRITING}->null
[DEBUG] update WriteFlusher@653abf25{IDLE}->null:WRITING-->IDLE
[DEBUG] generate: DONE for SendCallback@2c1836a[PROCESSING][i=null,cb=org.eclipse.jetty.server.HttpChannel$SendCallback@7ae4d708] (null,[p=0,l=0,c=0,r=0],true)@END
[DEBUG] onWriteComplete(true,null) s=CLOSING,api=BLOCKED,sc=false,e=null->s=CLOSED,api=BLOCKING,sc=false,e=null c=null cb=org.eclipse.jetty.util.Callback$3@23903c45 w=false
[DEBUG] completed HttpChannelState@2e8f904b{s=HANDLING rs=COMPLETING os=COMPLETED is=IDLE awp=false se=false i=false al=0}
[DEBUG] unhandle HttpChannelState@2e8f904b{s=HANDLING rs=COMPLETED os=COMPLETED is=IDLE awp=false se=false i=false al=0}
[DEBUG] nextAction(false) TERMINATED HttpChannelState@2e8f904b{s=IDLE rs=COMPLETED os=COMPLETED is=IDLE awp=false se=false i=false al=0}
[DEBUG] action TERMINATED HttpChannelOverHttp@f268a5a{s=HttpChannelState@2e8f904b{s=IDLE rs=COMPLETED os=COMPLETED is=IDLE awp=false se=false i=false al=0},r=19,c=true/true,a=IDLE,uri=//localhost:38858/FileServlet/htmltests/xml-test.xml?contentType=application%2Frss%2Bxml,age=25}
[DEBUG] onCompleted for /FileServlet/htmltests/xml-test.xml written=45
[DEBUG] filled 351 HeapByteBuffer@41e05b38[p=0,l=351,c=8192,r=351]={<<<GET /FileServlet/htmltest...nection: keep-alive\r\n\r\n>>>live\r\nCon...\x00\x00\x00\x00\x00\x00\x00}
[DEBUG] HttpConnection@3be4ecda::SocketChannelEndPoint@122254ce{l=/127.0.0.1:38858,r=/127.0.0.1:42942,OPEN,fill=-,flush=-,to=0/30000}{io=0/0,kio=0,kro=1}->HttpConnection@3be4ecda[p=HttpParser{s=CONTENT,0 of -1},g=HttpGenerator@af7230{s=END}]=>HttpChannelOverHttp@f268a5a{s=HttpChannelState@2e8f904b{s=IDLE rs=COMPLETED os=COMPLETED is=IDLE awp=false se=false i=false al=0},r=19,c=true/true,a=IDLE,uri=//localhost:38858/FileServlet/htmltests/xml-test.xml?contentType=application%2Frss%2Bxml,age=25} filled 351 HeapByteBuffer@41e05b38[p=0,l=351,c=8192,r=351]={<<<GET /FileServlet/htmltest...nection: keep-alive\r\n\r\n>>>live\r\nCon...\x00\x00\x00\x00\x00\x00\x00}
[DEBUG] HttpConnection@3be4ecda::SocketChannelEndPoint@122254ce{l=/127.0.0.1:38858,r=/127.0.0.1:42942,OPEN,fill=-,flush=-,to=0/30000}{io=0/0,kio=0,kro=1}->HttpConnection@3be4ecda[p=HttpParser{s=CONTENT,0 of -1},g=HttpGenerator@af7230{s=END}]=>HttpChannelOverHttp@f268a5a{s=HttpChannelState@2e8f904b{s=IDLE rs=COMPLETED os=COMPLETED is=IDLE awp=false se=false i=false al=0},r=19,c=true/true,a=IDLE,uri=//localhost:38858/FileServlet/htmltests/xml-test.xml?contentType=application%2Frss%2Bxml,age=25} parse HeapByteBuffer@41e05b38[p=0,l=351,c=8192,r=351]={<<<GET /FileServlet/htmltest...nection: keep-alive\r\n\r\n>>>live\r\nCon...\x00\x00\x00\x00\x00\x00\x00} {}
[DEBUG] parseNext s=CONTENT HeapByteBuffer@41e05b38[p=0,l=351,c=8192,r=351]={<<<GET /FileServlet/htmltest...nection: keep-alive\r\n\r\n>>>live\r\nCon...\x00\x00\x00\x00\x00\x00\x00}
[DEBUG] CONTENT --> CONTENT_END
[DEBUG] onContentComplete HttpChannelOverHttp@f268a5a{s=HttpChannelState@2e8f904b{s=IDLE rs=COMPLETED os=COMPLETED is=IDLE awp=false se=false i=false al=0},r=19,c=true/true,a=IDLE,uri=//localhost:38858/FileServlet/htmltests/xml-test.xml?contentType=application%2Frss%2Bxml,age=25}
[DEBUG] CONTENT_END --> END
[DEBUG] onRequestComplete HttpChannelOverHttp@f268a5a{s=HttpChannelState@2e8f904b{s=IDLE rs=COMPLETED os=COMPLETED is=IDLE awp=false se=false i=false al=0},r=19,c=true/true,a=IDLE,uri=//localhost:38858/FileServlet/htmltests/xml-test.xml?contentType=application%2Frss%2Bxml,age=25}
[DEBUG] HttpInputOverHTTP@5e34fa8b[c=0,q=0,[0]=null,s=STREAM] addContent EOF
[DEBUG] HttpConnection@3be4ecda::SocketChannelEndPoint@122254ce{l=/127.0.0.1:38858,r=/127.0.0.1:42942,OPEN,fill=-,flush=-,to=0/30000}{io=0/0,kio=0,kro=1}->HttpConnection@3be4ecda[p=HttpParser{s=END,0 of -1},g=HttpGenerator@af7230{s=END}]=>HttpChannelOverHttp@f268a5a{s=HttpChannelState@2e8f904b{s=IDLE rs=COMPLETED os=COMPLETED is=IDLE awp=false se=false i=false al=0},r=19,c=true/true,a=IDLE,uri=//localhost:38858/FileServlet/htmltests/xml-test.xml?contentType=application%2Frss%2Bxml,age=25} parsed false HttpParser{s=END,0 of -1}
[DEBUG] recycle HttpChannelState@2e8f904b{s=IDLE rs=COMPLETED os=COMPLETED is=IDLE awp=false se=false i=false al=0}
[DEBUG] reset HttpParser{s=END,0 of -1}
[DEBUG] END --> START
[DEBUG] !handle TERMINATED HttpChannelOverHttp@f268a5a{s=HttpChannelState@2e8f904b{s=IDLE rs=BLOCKING os=OPEN is=IDLE awp=false se=false i=true al=0},r=19,c=false/false,a=IDLE,uri=null,age=0}
[DEBUG] HttpConnection@3be4ecda::SocketChannelEndPoint@122254ce{l=/127.0.0.1:38858,r=/127.0.0.1:42942,OPEN,fill=-,flush=-,to=0/30000}{io=0/0,kio=0,kro=1}->HttpConnection@3be4ecda[p=HttpParser{s=START,0 of -1},g=HttpGenerator@af7230{s=START}]=>HttpChannelOverHttp@f268a5a{s=HttpChannelState@2e8f904b{s=IDLE rs=BLOCKING os=OPEN is=IDLE awp=false se=false i=true al=0},r=19,c=false/false,a=IDLE,uri=null,age=0} parse HeapByteBuffer@41e05b38[p=0,l=351,c=8192,r=351]={<<<GET /FileServlet/htmltest...nection: keep-alive\r\n\r\n>>>live\r\nCon...\x00\x00\x00\x00\x00\x00\x00} {}
[DEBUG] parseNext s=START HeapByteBuffer@41e05b38[p=0,l=351,c=8192,r=351]={<<<GET /FileServlet/htmltest...nection: keep-alive\r\n\r\n>>>live\r\nCon...\x00\x00\x00\x00\x00\x00\x00}
[DEBUG] START --> SPACE1
[DEBUG] SPACE1 --> URI
[DEBUG] URI --> SPACE2
[DEBUG] SPACE2 --> REQUEST_VERSION
[DEBUG] REQUEST_VERSION --> HEADER
[DEBUG] HEADER:Accept-Encoding: gzip --> IN_VALUE
[DEBUG] HEADER:Accept-Encoding: gzip --> FIELD
[DEBUG] HEADER:User-Agent: Mozilla/5.0 (Windows NT 10.0; Win64; x64) AppleWebKit/537.36 (KHTML, like Gecko) Chrome/79.0.3945.130 Safari/537.36 --> IN_VALUE
[DEBUG] HEADER:User-Agent: Mozilla/5.0 (Windows NT 10.0; Win64; x64) AppleWebKit/537.36 (KHTML, like Gecko) Chrome/79.0.3945.130 Safari/537.36 --> FIELD
[DEBUG] HEADER:Host: localhost:38858 --> IN_VALUE
[DEBUG] HEADER:Host: localhost:38858 --> FIELD
[DEBUG] HEADER:Accept: text/html, image/gif, image/jpeg, *; q=.2, */*; q=.2 --> IN_VALUE
[DEBUG] HEADER:Accept: text/html, image/gif, image/jpeg, *; q=.2, */*; q=.2 --> FIELD
[DEBUG] HEADER:Connection: keep-alive --> IN_VALUE
[DEBUG] HEADER:Connection: keep-alive --> FIELD
[DEBUG] HEADER --> CONTENT
[DEBUG] REQUEST for //localhost:38858/FileServlet/htmltests/xml-test.xml?contentType=application%2Fxhtml%2Bxml on HttpChannelOverHttp@f268a5a{s=HttpChannelState@2e8f904b{s=IDLE rs=BLOCKING os=OPEN is=IDLE awp=false se=false i=true al=0},r=20,c=false/false,a=IDLE,uri=//localhost:38858/FileServlet/htmltests/xml-test.xml?contentType=application%2Fxhtml%2Bxml,age=0}
GET //localhost:38858/FileServlet/htmltests/xml-test.xml?contentType=application%2Fxhtml%2Bxml HTTP/1.1
Accept-Encoding: gzip
User-Agent: Mozilla/5.0 (Windows NT 10.0; Win64; x64) AppleWebKit/537.36 (KHTML, like Gecko) Chrome/79.0.3945.130 Safari/537.36
Host: localhost:38858
Accept: text/html, image/gif, image/jpeg, *; q=.2, */*; q=.2
Connection: keep-alive


[DEBUG] HttpConnection@3be4ecda::SocketChannelEndPoint@122254ce{l=/127.0.0.1:38858,r=/127.0.0.1:42942,OPEN,fill=-,flush=-,to=0/30000}{io=0/0,kio=0,kro=1}->HttpConnection@3be4ecda[p=HttpParser{s=CONTENT,0 of -1},g=HttpGenerator@af7230{s=START}]=>HttpChannelOverHttp@f268a5a{s=HttpChannelState@2e8f904b{s=IDLE rs=BLOCKING os=OPEN is=IDLE awp=false se=false i=true al=0},r=20,c=false/false,a=IDLE,uri=//localhost:38858/FileServlet/htmltests/xml-test.xml?contentType=application%2Fxhtml%2Bxml,age=0} parsed true HttpParser{s=CONTENT,0 of -1}
[DEBUG] releaseRequestBuffer HttpConnection@3be4ecda::SocketChannelEndPoint@122254ce{l=/127.0.0.1:38858,r=/127.0.0.1:42942,OPEN,fill=-,flush=-,to=1/30000}{io=0/0,kio=0,kro=1}->HttpConnection@3be4ecda[p=HttpParser{s=CONTENT,0 of -1},g=HttpGenerator@af7230{s=START}]=>HttpChannelOverHttp@f268a5a{s=HttpChannelState@2e8f904b{s=IDLE rs=BLOCKING os=OPEN is=IDLE awp=false se=false i=true al=0},r=20,c=false/false,a=IDLE,uri=//localhost:38858/FileServlet/htmltests/xml-test.xml?contentType=application%2Fxhtml%2Bxml,age=0}
[DEBUG] handle //localhost:38858/FileServlet/htmltests/xml-test.xml?contentType=application%2Fxhtml%2Bxml HttpChannelOverHttp@f268a5a{s=HttpChannelState@2e8f904b{s=IDLE rs=BLOCKING os=OPEN is=IDLE awp=false se=false i=true al=0},r=20,c=false/false,a=IDLE,uri=//localhost:38858/FileServlet/htmltests/xml-test.xml?contentType=application%2Fxhtml%2Bxml,age=0} 
[DEBUG] handling HttpChannelState@2e8f904b{s=IDLE rs=BLOCKING os=OPEN is=IDLE awp=false se=false i=true al=0}
[DEBUG] action DISPATCH HttpChannelOverHttp@f268a5a{s=HttpChannelState@2e8f904b{s=HANDLING rs=BLOCKING os=OPEN is=IDLE awp=false se=false i=true al=0},r=20,c=false/false,a=HANDLING,uri=//localhost:38858/FileServlet/htmltests/xml-test.xml?contentType=application%2Fxhtml%2Bxml,age=0}
[DEBUG] REQUEST GET /FileServlet/htmltests/xml-test.xml on HttpChannelOverHttp@f268a5a{s=HttpChannelState@2e8f904b{s=HANDLING rs=BLOCKING os=OPEN is=IDLE awp=false se=false i=true al=0},r=20,c=false/false,a=HANDLING,uri=//localhost:38858/FileServlet/htmltests/xml-test.xml?contentType=application%2Fxhtml%2Bxml,age=0}
[DEBUG] servlet null|/FileServlet|/htmltests/xml-test.xml -> org.jsoup.integration.servlets.FileServlet-3fffff43==org.jsoup.integration.servlets.FileServlet@bc0855c5{jsp=null,order=-1,inst=true,async=true,src=EMBEDDED:null,STARTED}
[DEBUG] chain=null
[DEBUG] write(array HeapByteBuffer@67569aed[p=0,l=45,c=8192,r=45]={<<<<doc><val>One<val>Two</val>Three</val></doc>\n>>>\x00\x00\x00\x00\x00\x00\x00\x00\x00...\x00\x00\x00\x00\x00\x00\x00})
[DEBUG] write(array) s=OPEN,api=BLOCKING,sc=false,e=null aggregated !flush DirectByteBuffer@58caaa66[p=0,l=45,c=32768,r=45]={<<<<doc><val>One<val>Two</val>Three</val></doc>\n>>>>\n    <st...gue. Pr}
[DEBUG] sendResponse info=null content=DirectByteBuffer@58caaa66[p=0,l=45,c=32768,r=45]={<<<<doc><val>One<val>Two</val>Three</val></doc>\n>>>>\n    <st...gue. Pr} complete=false committing=true callback=Blocker@135fca70{null}
[DEBUG] COMMIT for /FileServlet/htmltests/xml-test.xml on HttpChannelOverHttp@f268a5a{s=HttpChannelState@2e8f904b{s=HANDLING rs=BLOCKING os=COMMITTED is=IDLE awp=false se=false i=true al=0},r=20,c=false/false,a=HANDLING,uri=//localhost:38858/FileServlet/htmltests/xml-test.xml?contentType=application%2Fxhtml%2Bxml,age=0}
200 null HTTP/1.1
Date: Mon, 20 Sep 2021 19:30:13 GMT
Content-Type: application/xhtml+xml


[DEBUG] generate: NEED_HEADER for SendCallback@2c1836a[PROCESSING][i=HTTP/1.1{s=200,h=2,cl=-1},cb=org.eclipse.jetty.server.HttpChannel$SendCallback@4586e056] (null,[p=0,l=45,c=32768,r=45],false)@START
[DEBUG] generateHeaders HTTP/1.1{s=200,h=2,cl=-1} last=false content=DirectByteBuffer@58caaa66[p=0,l=45,c=32768,r=45]={<<<<doc><val>One<val>Two</val>Three</val></doc>\n>>>>\n    <st...gue. Pr}
[DEBUG] Date: Mon, 20 Sep 2021 19:30:13 GMT
Content-Type: application/xhtml+xml


[DEBUG] CHUNKED_CONTENT
[DEBUG] generate: FLUSH for SendCallback@2c1836a[PROCESSING][i=HTTP/1.1{s=200,h=2,cl=-1},cb=org.eclipse.jetty.server.HttpChannel$SendCallback@4586e056] ([p=0,l=158,c=8192,r=158],[p=0,l=45,c=32768,r=45],false)@COMMITTED
[DEBUG] write: WriteFlusher@653abf25{IDLE}->null [HeapByteBuffer@22b9b50d[p=0,l=158,c=8192,r=158]={<<<HTTP/1.1 200 OK\r\nDate: Mo...4.43.v20210629)\r\n\r\n2D\r\n>>>x64) Appl...\x86&h\xA0{\xC1\xC2},DirectByteBuffer@58caaa66[p=0,l=45,c=32768,r=45]={<<<<doc><val>One<val>Two</val>Three</val></doc>\n>>>>\n    <st...gue. Pr}]
[DEBUG] update WriteFlusher@653abf25{WRITING}->null:IDLE-->WRITING
[DEBUG] flushed 203 SocketChannelEndPoint@122254ce{l=/127.0.0.1:38858,r=/127.0.0.1:42942,OPEN,fill=-,flush=W,to=13/30000}{io=0/0,kio=0,kro=1}->HttpConnection@3be4ecda[p=HttpParser{s=CONTENT,0 of -1},g=HttpGenerator@af7230{s=COMMITTED}]=>HttpChannelOverHttp@f268a5a{s=HttpChannelState@2e8f904b{s=HANDLING rs=BLOCKING os=COMMITTED is=IDLE awp=false se=false i=true al=0},r=20,c=false/false,a=HANDLING,uri=//localhost:38858/FileServlet/htmltests/xml-test.xml?contentType=application%2Fxhtml%2Bxml,age=12}
[DEBUG] Flushed=true written=203 remaining=0 WriteFlusher@653abf25{WRITING}->null
[DEBUG] update WriteFlusher@653abf25{IDLE}->null:WRITING-->IDLE
[DEBUG] generate: DONE for SendCallback@2c1836a[PROCESSING][i=HTTP/1.1{s=200,h=2,cl=-1},cb=org.eclipse.jetty.server.HttpChannel$SendCallback@4586e056] ([p=158,l=158,c=8192,r=0],[p=45,l=45,c=32768,r=0],false)@COMMITTED
[DEBUG] onWriteComplete(false,null) s=OPEN,api=BLOCKED,sc=false,e=null->s=OPEN,api=BLOCKING,sc=false,e=null c=null cb=null w=false
[DEBUG] handled=true async=false committed=true on HttpChannelOverHttp@f268a5a{s=HttpChannelState@2e8f904b{s=HANDLING rs=BLOCKING os=COMMITTED is=IDLE awp=false se=false i=true al=0},r=20,c=false/false,a=HANDLING,uri=//localhost:38858/FileServlet/htmltests/xml-test.xml?contentType=application%2Fxhtml%2Bxml,age=12}
[DEBUG] unhandle HttpChannelState@2e8f904b{s=HANDLING rs=BLOCKING os=COMMITTED is=IDLE awp=false se=false i=true al=0}
[DEBUG] nextAction(false) COMPLETE HttpChannelState@2e8f904b{s=HANDLING rs=COMPLETING os=COMMITTED is=IDLE awp=false se=false i=false al=0}
[DEBUG] action COMPLETE HttpChannelOverHttp@f268a5a{s=HttpChannelState@2e8f904b{s=HANDLING rs=COMPLETING os=COMMITTED is=IDLE awp=false se=false i=false al=0},r=20,c=false/false,a=HANDLING,uri=//localhost:38858/FileServlet/htmltests/xml-test.xml?contentType=application%2Fxhtml%2Bxml,age=12}
[DEBUG] complete(org.eclipse.jetty.util.Callback$3@17992ade) s=CLOSING,api=BLOCKED,sc=false,e=null s=false e=null, c=HeapByteBuffer@11848662[p=0,l=0,c=0,r=0]={<<<>>>}
[DEBUG] sendResponse info=null content=HeapByteBuffer@11848662[p=0,l=0,c=0,r=0]={<<<>>>} complete=true committing=false callback=org.eclipse.jetty.server.HttpOutput$WriteCompleteCB@4b19e3b2
[DEBUG] generate: CONTINUE for SendCallback@2c1836a[PROCESSING][i=null,cb=org.eclipse.jetty.server.HttpChannel$SendCallback@18cb89ce] (null,[p=0,l=0,c=0,r=0],true)@COMPLETING
[DEBUG] generate: NEED_CHUNK for SendCallback@2c1836a[PROCESSING][i=null,cb=org.eclipse.jetty.server.HttpChannel$SendCallback@18cb89ce] (null,[p=0,l=0,c=0,r=0],true)@COMPLETING
[DEBUG] generate: FLUSH for SendCallback@2c1836a[PROCESSING][i=null,cb=org.eclipse.jetty.server.HttpChannel$SendCallback@18cb89ce] (null,[p=0,l=0,c=0,r=0],true)@COMPLETING
[DEBUG] write: WriteFlusher@653abf25{IDLE}->null [HeapByteBuffer@68278da5[p=0,l=7,c=1024,r=7]={<<<\r\n0\r\n\r\n>>>\n\x00\x00\x00\x00\x00\x00\x00\x00...\x00\x00\x00\x00\x00\x00\x00}]
[DEBUG] update WriteFlusher@653abf25{WRITING}->null:IDLE-->WRITING
]]></system-out>
  </testcase>
  <testcase name="handlesEmptyRedirect" classname="org.jsoup.integration.ConnectTest" time="0.299">
    <system-out><![CDATA[[DEBUG] flushed 7 SocketChannelEndPoint@122254ce{l=/127.0.0.1:38858,r=/127.0.0.1:42942,OPEN,fill=-,flush=W,to=6/30000}{io=0/0,kio=0,kro=1}->HttpConnection@3be4ecda[p=HttpParser{s=CONTENT,0 of -1},g=HttpGenerator@af7230{s=COMPLETING}]=>HttpChannelOverHttp@f268a5a{s=HttpChannelState@2e8f904b{s=HANDLING rs=COMPLETING os=COMMITTED is=IDLE awp=false se=false i=false al=0},r=20,c=false/false,a=HANDLING,uri=//localhost:38858/FileServlet/htmltests/xml-test.xml?contentType=application%2Fxhtml%2Bxml,age=19}
[DEBUG] Flushed=true written=7 remaining=0 WriteFlusher@653abf25{WRITING}->null
[DEBUG] update WriteFlusher@653abf25{IDLE}->null:WRITING-->IDLE
[DEBUG] generate: DONE for SendCallback@2c1836a[PROCESSING][i=null,cb=org.eclipse.jetty.server.HttpChannel$SendCallback@18cb89ce] (null,[p=0,l=0,c=0,r=0],true)@END
[DEBUG] onWriteComplete(true,null) s=CLOSING,api=BLOCKED,sc=false,e=null->s=CLOSED,api=BLOCKING,sc=false,e=null c=null cb=org.eclipse.jetty.util.Callback$3@17992ade w=false
[DEBUG] completed HttpChannelState@2e8f904b{s=HANDLING rs=COMPLETING os=COMPLETED is=IDLE awp=false se=false i=false al=0}
[DEBUG] unhandle HttpChannelState@2e8f904b{s=HANDLING rs=COMPLETED os=COMPLETED is=IDLE awp=false se=false i=false al=0}
[DEBUG] nextAction(false) TERMINATED HttpChannelState@2e8f904b{s=IDLE rs=COMPLETED os=COMPLETED is=IDLE awp=false se=false i=false al=0}
[DEBUG] action TERMINATED HttpChannelOverHttp@f268a5a{s=HttpChannelState@2e8f904b{s=IDLE rs=COMPLETED os=COMPLETED is=IDLE awp=false se=false i=false al=0},r=20,c=true/true,a=IDLE,uri=//localhost:38858/FileServlet/htmltests/xml-test.xml?contentType=application%2Fxhtml%2Bxml,age=19}
[DEBUG] onCompleted for /FileServlet/htmltests/xml-test.xml written=45
[DEBUG] filled 294 HeapByteBuffer@78a30358[p=0,l=294,c=8192,r=294]={<<<GET /RedirectServlet HTTP...nection: keep-alive\r\n\r\n>>>g, *; q=....\x00\x00\x00\x00\x00\x00\x00}
[DEBUG] HttpConnection@3be4ecda::SocketChannelEndPoint@122254ce{l=/127.0.0.1:38858,r=/127.0.0.1:42942,OPEN,fill=-,flush=-,to=0/30000}{io=0/0,kio=0,kro=1}->HttpConnection@3be4ecda[p=HttpParser{s=CONTENT,0 of -1},g=HttpGenerator@af7230{s=END}]=>HttpChannelOverHttp@f268a5a{s=HttpChannelState@2e8f904b{s=IDLE rs=COMPLETED os=COMPLETED is=IDLE awp=false se=false i=false al=0},r=20,c=true/true,a=IDLE,uri=//localhost:38858/FileServlet/htmltests/xml-test.xml?contentType=application%2Fxhtml%2Bxml,age=19} filled 294 HeapByteBuffer@78a30358[p=0,l=294,c=8192,r=294]={<<<GET /RedirectServlet HTTP...nection: keep-alive\r\n\r\n>>>g, *; q=....\x00\x00\x00\x00\x00\x00\x00}
[DEBUG] HttpConnection@3be4ecda::SocketChannelEndPoint@122254ce{l=/127.0.0.1:38858,r=/127.0.0.1:42942,OPEN,fill=-,flush=-,to=0/30000}{io=0/0,kio=0,kro=1}->HttpConnection@3be4ecda[p=HttpParser{s=CONTENT,0 of -1},g=HttpGenerator@af7230{s=END}]=>HttpChannelOverHttp@f268a5a{s=HttpChannelState@2e8f904b{s=IDLE rs=COMPLETED os=COMPLETED is=IDLE awp=false se=false i=false al=0},r=20,c=true/true,a=IDLE,uri=//localhost:38858/FileServlet/htmltests/xml-test.xml?contentType=application%2Fxhtml%2Bxml,age=19} parse HeapByteBuffer@78a30358[p=0,l=294,c=8192,r=294]={<<<GET /RedirectServlet HTTP...nection: keep-alive\r\n\r\n>>>g, *; q=....\x00\x00\x00\x00\x00\x00\x00} {}
[DEBUG] parseNext s=CONTENT HeapByteBuffer@78a30358[p=0,l=294,c=8192,r=294]={<<<GET /RedirectServlet HTTP...nection: keep-alive\r\n\r\n>>>g, *; q=....\x00\x00\x00\x00\x00\x00\x00}
[DEBUG] CONTENT --> CONTENT_END
[DEBUG] onContentComplete HttpChannelOverHttp@f268a5a{s=HttpChannelState@2e8f904b{s=IDLE rs=COMPLETED os=COMPLETED is=IDLE awp=false se=false i=false al=0},r=20,c=true/true,a=IDLE,uri=//localhost:38858/FileServlet/htmltests/xml-test.xml?contentType=application%2Fxhtml%2Bxml,age=19}
[DEBUG] CONTENT_END --> END
[DEBUG] onRequestComplete HttpChannelOverHttp@f268a5a{s=HttpChannelState@2e8f904b{s=IDLE rs=COMPLETED os=COMPLETED is=IDLE awp=false se=false i=false al=0},r=20,c=true/true,a=IDLE,uri=//localhost:38858/FileServlet/htmltests/xml-test.xml?contentType=application%2Fxhtml%2Bxml,age=19}
[DEBUG] HttpInputOverHTTP@5e34fa8b[c=0,q=0,[0]=null,s=STREAM] addContent EOF
[DEBUG] HttpConnection@3be4ecda::SocketChannelEndPoint@122254ce{l=/127.0.0.1:38858,r=/127.0.0.1:42942,OPEN,fill=-,flush=-,to=0/30000}{io=0/0,kio=0,kro=1}->HttpConnection@3be4ecda[p=HttpParser{s=END,0 of -1},g=HttpGenerator@af7230{s=END}]=>HttpChannelOverHttp@f268a5a{s=HttpChannelState@2e8f904b{s=IDLE rs=COMPLETED os=COMPLETED is=IDLE awp=false se=false i=false al=0},r=20,c=true/true,a=IDLE,uri=//localhost:38858/FileServlet/htmltests/xml-test.xml?contentType=application%2Fxhtml%2Bxml,age=19} parsed false HttpParser{s=END,0 of -1}
[DEBUG] recycle HttpChannelState@2e8f904b{s=IDLE rs=COMPLETED os=COMPLETED is=IDLE awp=false se=false i=false al=0}
[DEBUG] reset HttpParser{s=END,0 of -1}
[DEBUG] END --> START
[DEBUG] !handle TERMINATED HttpChannelOverHttp@f268a5a{s=HttpChannelState@2e8f904b{s=IDLE rs=BLOCKING os=OPEN is=IDLE awp=false se=false i=true al=0},r=20,c=false/false,a=IDLE,uri=null,age=0}
[DEBUG] HttpConnection@3be4ecda::SocketChannelEndPoint@122254ce{l=/127.0.0.1:38858,r=/127.0.0.1:42942,OPEN,fill=-,flush=-,to=0/30000}{io=0/0,kio=0,kro=1}->HttpConnection@3be4ecda[p=HttpParser{s=START,0 of -1},g=HttpGenerator@af7230{s=START}]=>HttpChannelOverHttp@f268a5a{s=HttpChannelState@2e8f904b{s=IDLE rs=BLOCKING os=OPEN is=IDLE awp=false se=false i=true al=0},r=20,c=false/false,a=IDLE,uri=null,age=0} parse HeapByteBuffer@78a30358[p=0,l=294,c=8192,r=294]={<<<GET /RedirectServlet HTTP...nection: keep-alive\r\n\r\n>>>g, *; q=....\x00\x00\x00\x00\x00\x00\x00} {}
[DEBUG] parseNext s=START HeapByteBuffer@78a30358[p=0,l=294,c=8192,r=294]={<<<GET /RedirectServlet HTTP...nection: keep-alive\r\n\r\n>>>g, *; q=....\x00\x00\x00\x00\x00\x00\x00}
[DEBUG] START --> SPACE1
[DEBUG] SPACE1 --> URI
[DEBUG] URI --> SPACE2
[DEBUG] SPACE2 --> REQUEST_VERSION
[DEBUG] REQUEST_VERSION --> HEADER
[DEBUG] HEADER:Accept-Encoding: gzip --> IN_VALUE
[DEBUG] HEADER:Accept-Encoding: gzip --> FIELD
[DEBUG] HEADER:User-Agent: Mozilla/5.0 (Windows NT 10.0; Win64; x64) AppleWebKit/537.36 (KHTML, like Gecko) Chrome/79.0.3945.130 Safari/537.36 --> IN_VALUE
[DEBUG] HEADER:User-Agent: Mozilla/5.0 (Windows NT 10.0; Win64; x64) AppleWebKit/537.36 (KHTML, like Gecko) Chrome/79.0.3945.130 Safari/537.36 --> FIELD
[DEBUG] HEADER:Host: localhost:38858 --> IN_VALUE
[DEBUG] HEADER:Host: localhost:38858 --> FIELD
[DEBUG] HEADER:Accept: text/html, image/gif, image/jpeg, *; q=.2, */*; q=.2 --> IN_VALUE
[DEBUG] HEADER:Accept: text/html, image/gif, image/jpeg, *; q=.2, */*; q=.2 --> FIELD
[DEBUG] HEADER:Connection: keep-alive --> IN_VALUE
[DEBUG] HEADER:Connection: keep-alive --> FIELD
[DEBUG] HEADER --> CONTENT
[DEBUG] REQUEST for //localhost:38858/RedirectServlet on HttpChannelOverHttp@f268a5a{s=HttpChannelState@2e8f904b{s=IDLE rs=BLOCKING os=OPEN is=IDLE awp=false se=false i=true al=0},r=21,c=false/false,a=IDLE,uri=//localhost:38858/RedirectServlet,age=0}
GET //localhost:38858/RedirectServlet HTTP/1.1
Accept-Encoding: gzip
User-Agent: Mozilla/5.0 (Windows NT 10.0; Win64; x64) AppleWebKit/537.36 (KHTML, like Gecko) Chrome/79.0.3945.130 Safari/537.36
Host: localhost:38858
Accept: text/html, image/gif, image/jpeg, *; q=.2, */*; q=.2
Connection: keep-alive


[DEBUG] HttpConnection@3be4ecda::SocketChannelEndPoint@122254ce{l=/127.0.0.1:38858,r=/127.0.0.1:42942,OPEN,fill=-,flush=-,to=0/30000}{io=0/0,kio=0,kro=1}->HttpConnection@3be4ecda[p=HttpParser{s=CONTENT,0 of -1},g=HttpGenerator@af7230{s=START}]=>HttpChannelOverHttp@f268a5a{s=HttpChannelState@2e8f904b{s=IDLE rs=BLOCKING os=OPEN is=IDLE awp=false se=false i=true al=0},r=21,c=false/false,a=IDLE,uri=//localhost:38858/RedirectServlet,age=0} parsed true HttpParser{s=CONTENT,0 of -1}
[DEBUG] releaseRequestBuffer HttpConnection@3be4ecda::SocketChannelEndPoint@122254ce{l=/127.0.0.1:38858,r=/127.0.0.1:42942,OPEN,fill=-,flush=-,to=0/30000}{io=0/0,kio=0,kro=1}->HttpConnection@3be4ecda[p=HttpParser{s=CONTENT,0 of -1},g=HttpGenerator@af7230{s=START}]=>HttpChannelOverHttp@f268a5a{s=HttpChannelState@2e8f904b{s=IDLE rs=BLOCKING os=OPEN is=IDLE awp=false se=false i=true al=0},r=21,c=false/false,a=IDLE,uri=//localhost:38858/RedirectServlet,age=0}
[DEBUG] handle //localhost:38858/RedirectServlet HttpChannelOverHttp@f268a5a{s=HttpChannelState@2e8f904b{s=IDLE rs=BLOCKING os=OPEN is=IDLE awp=false se=false i=true al=0},r=21,c=false/false,a=IDLE,uri=//localhost:38858/RedirectServlet,age=0} 
[DEBUG] handling HttpChannelState@2e8f904b{s=IDLE rs=BLOCKING os=OPEN is=IDLE awp=false se=false i=true al=0}
[DEBUG] action DISPATCH HttpChannelOverHttp@f268a5a{s=HttpChannelState@2e8f904b{s=HANDLING rs=BLOCKING os=OPEN is=IDLE awp=false se=false i=true al=0},r=21,c=false/false,a=HANDLING,uri=//localhost:38858/RedirectServlet,age=0}
[DEBUG] REQUEST GET /RedirectServlet on HttpChannelOverHttp@f268a5a{s=HttpChannelState@2e8f904b{s=HANDLING rs=BLOCKING os=OPEN is=IDLE awp=false se=false i=true al=0},r=21,c=false/false,a=HANDLING,uri=//localhost:38858/RedirectServlet,age=0}
[DEBUG] servlet null|/RedirectServlet|null -> org.jsoup.integration.servlets.RedirectServlet-56febdc==org.jsoup.integration.servlets.RedirectServlet@decc268e{jsp=null,order=-1,inst=true,async=true,src=EMBEDDED:null,STARTED}
[DEBUG] chain=null
[DEBUG] handled=true async=false committed=false on HttpChannelOverHttp@f268a5a{s=HttpChannelState@2e8f904b{s=HANDLING rs=BLOCKING os=OPEN is=IDLE awp=false se=false i=true al=0},r=21,c=false/false,a=HANDLING,uri=//localhost:38858/RedirectServlet,age=3}
[DEBUG] unhandle HttpChannelState@2e8f904b{s=HANDLING rs=BLOCKING os=OPEN is=IDLE awp=false se=false i=true al=0}
[DEBUG] nextAction(false) COMPLETE HttpChannelState@2e8f904b{s=HANDLING rs=COMPLETING os=OPEN is=IDLE awp=false se=false i=false al=0}
[DEBUG] action COMPLETE HttpChannelOverHttp@f268a5a{s=HttpChannelState@2e8f904b{s=HANDLING rs=COMPLETING os=OPEN is=IDLE awp=false se=false i=false al=0},r=21,c=false/false,a=HANDLING,uri=//localhost:38858/RedirectServlet,age=3}
[DEBUG] filled 0 HeapByteBuffer@41e05b38[p=0,l=0,c=8192,r=0]={<<<>>>GET /File...\x00\x00\x00\x00\x00\x00\x00}
[DEBUG] filled 0 HeapByteBuffer@41e05b38[p=0,l=0,c=8192,r=0]={<<<>>>GET /File...\x00\x00\x00\x00\x00\x00\x00}
[DEBUG] HttpConnection@3be4ecda::SocketChannelEndPoint@122254ce{l=/127.0.0.1:38858,r=/127.0.0.1:42942,OPEN,fill=-,flush=-,to=4/30000}{io=0/0,kio=0,kro=1}->HttpConnection@3be4ecda[p=HttpParser{s=CONTENT,0 of -1},g=HttpGenerator@af7230{s=START}]=>HttpChannelOverHttp@f268a5a{s=HttpChannelState@2e8f904b{s=HANDLING rs=COMPLETING os=OPEN is=IDLE awp=false se=false i=false al=0},r=21,c=false/false,a=HANDLING,uri=//localhost:38858/RedirectServlet,age=3} filled 0 HeapByteBuffer@41e05b38[p=0,l=0,c=8192,r=0]={<<<>>>GET /File...\x00\x00\x00\x00\x00\x00\x00}
[DEBUG] HttpConnection@3be4ecda::SocketChannelEndPoint@122254ce{l=/127.0.0.1:38858,r=/127.0.0.1:42942,OPEN,fill=-,flush=-,to=4/30000}{io=0/0,kio=0,kro=1}->HttpConnection@3be4ecda[p=HttpParser{s=CONTENT,0 of -1},g=HttpGenerator@af7230{s=START}]=>HttpChannelOverHttp@f268a5a{s=HttpChannelState@2e8f904b{s=HANDLING rs=COMPLETING os=OPEN is=IDLE awp=false se=false i=false al=0},r=21,c=false/false,a=HANDLING,uri=//localhost:38858/RedirectServlet,age=3} parse HeapByteBuffer@41e05b38[p=0,l=0,c=8192,r=0]={<<<>>>GET /File...\x00\x00\x00\x00\x00\x00\x00} {}
[DEBUG] parseNext s=CONTENT HeapByteBuffer@41e05b38[p=0,l=0,c=8192,r=0]={<<<>>>GET /File...\x00\x00\x00\x00\x00\x00\x00}
[DEBUG] CONTENT --> CONTENT_END
[DEBUG] onContentComplete HttpChannelOverHttp@f268a5a{s=HttpChannelState@2e8f904b{s=HANDLING rs=COMPLETING os=OPEN is=IDLE awp=false se=false i=false al=0},r=21,c=false/false,a=HANDLING,uri=//localhost:38858/RedirectServlet,age=4}
[DEBUG] CONTENT_END --> END
[DEBUG] onRequestComplete HttpChannelOverHttp@f268a5a{s=HttpChannelState@2e8f904b{s=HANDLING rs=COMPLETING os=OPEN is=IDLE awp=false se=false i=false al=0},r=21,c=false/false,a=HANDLING,uri=//localhost:38858/RedirectServlet,age=4}
[DEBUG] HttpInputOverHTTP@5e34fa8b[c=0,q=0,[0]=null,s=STREAM] addContent EOF
[DEBUG] HttpConnection@3be4ecda::SocketChannelEndPoint@122254ce{l=/127.0.0.1:38858,r=/127.0.0.1:42942,OPEN,fill=-,flush=-,to=4/30000}{io=0/0,kio=0,kro=1}->HttpConnection@3be4ecda[p=HttpParser{s=END,0 of -1},g=HttpGenerator@af7230{s=START}]=>HttpChannelOverHttp@f268a5a{s=HttpChannelState@2e8f904b{s=HANDLING rs=COMPLETING os=OPEN is=IDLE awp=false se=false i=false al=0},r=21,c=false/false,a=HANDLING,uri=//localhost:38858/RedirectServlet,age=4} parsed false HttpParser{s=END,0 of -1}
[DEBUG] releaseRequestBuffer HttpConnection@3be4ecda::SocketChannelEndPoint@122254ce{l=/127.0.0.1:38858,r=/127.0.0.1:42942,OPEN,fill=-,flush=-,to=4/30000}{io=0/0,kio=0,kro=1}->HttpConnection@3be4ecda[p=HttpParser{s=END,0 of -1},g=HttpGenerator@af7230{s=START}]=>HttpChannelOverHttp@f268a5a{s=HttpChannelState@2e8f904b{s=HANDLING rs=COMPLETING os=OPEN is=IDLE awp=false se=false i=false al=0},r=21,c=false/false,a=HANDLING,uri=//localhost:38858/RedirectServlet,age=4}
[DEBUG] complete(org.eclipse.jetty.util.Callback$3@6a3d4ed1) s=CLOSING,api=BLOCKED,sc=false,e=null s=false e=null, c=HeapByteBuffer@11848662[p=0,l=0,c=0,r=0]={<<<>>>}
[DEBUG] sendResponse info=null content=HeapByteBuffer@11848662[p=0,l=0,c=0,r=0]={<<<>>>} complete=true committing=true callback=org.eclipse.jetty.server.HttpOutput$WriteCompleteCB@342c4692
[DEBUG] COMMIT for /RedirectServlet on HttpChannelOverHttp@f268a5a{s=HttpChannelState@2e8f904b{s=HANDLING rs=COMPLETING os=COMMITTED is=IDLE awp=false se=false i=false al=0},r=21,c=false/false,a=HANDLING,uri=//localhost:38858/RedirectServlet,age=7}
302 null HTTP/1.1
Date: Mon, 20 Sep 2021 19:30:13 GMT
Location: 


[DEBUG] generate: NEED_HEADER for SendCallback@2c1836a[PROCESSING][i=HTTP/1.1{s=302,h=2,cl=-1},cb=org.eclipse.jetty.server.HttpChannel$SendCallback@302c37d6] (null,[p=0,l=0,c=0,r=0],true)@START
[DEBUG] generateHeaders HTTP/1.1{s=302,h=2,cl=-1} last=true content=HeapByteBuffer@11848662[p=0,l=0,c=0,r=0]={<<<>>>}
[DEBUG] Date: Mon, 20 Sep 2021 19:30:13 GMT
Location: 


[DEBUG] CONTENT_LENGTH
[DEBUG] generate: FLUSH for SendCallback@2c1836a[PROCESSING][i=HTTP/1.1{s=302,h=2,cl=-1},cb=org.eclipse.jetty.server.HttpChannel$SendCallback@302c37d6] ([p=0,l=123,c=8192,r=123],[p=0,l=0,c=0,r=0],true)@COMPLETING
[DEBUG] write: WriteFlusher@653abf25{IDLE}->null [HeapByteBuffer@22b9b50d[p=0,l=123,c=8192,r=123]={<<<HTTP/1.1 302 Found\r\nDate:...y(9.4.43.v20210629)\r\n\r\n>>>er: Jetty...\x86&h\xA0{\xC1\xC2}]
[DEBUG] update WriteFlusher@653abf25{WRITING}->null:IDLE-->WRITING
[DEBUG] flushed 123 SocketChannelEndPoint@122254ce{l=/127.0.0.1:38858,r=/127.0.0.1:42942,OPEN,fill=-,flush=W,to=17/30000}{io=0/0,kio=0,kro=1}->HttpConnection@3be4ecda[p=HttpParser{s=END,0 of -1},g=HttpGenerator@af7230{s=COMPLETING}]=>HttpChannelOverHttp@f268a5a{s=HttpChannelState@2e8f904b{s=HANDLING rs=COMPLETING os=COMMITTED is=IDLE awp=false se=false i=false al=0},r=21,c=false/false,a=HANDLING,uri=//localhost:38858/RedirectServlet,age=17}
[DEBUG] Flushed=true written=123 remaining=0 WriteFlusher@653abf25{WRITING}->null
[DEBUG] update WriteFlusher@653abf25{IDLE}->null:WRITING-->IDLE
[DEBUG] generate: DONE for SendCallback@2c1836a[PROCESSING][i=HTTP/1.1{s=302,h=2,cl=-1},cb=org.eclipse.jetty.server.HttpChannel$SendCallback@302c37d6] ([p=123,l=123,c=8192,r=0],[p=0,l=0,c=0,r=0],true)@END
[DEBUG] onWriteComplete(true,null) s=CLOSING,api=BLOCKED,sc=false,e=null->s=CLOSED,api=BLOCKING,sc=false,e=null c=null cb=org.eclipse.jetty.util.Callback$3@6a3d4ed1 w=false
[DEBUG] completed HttpChannelState@2e8f904b{s=HANDLING rs=COMPLETING os=COMPLETED is=IDLE awp=false se=false i=false al=0}
[DEBUG] unhandle HttpChannelState@2e8f904b{s=HANDLING rs=COMPLETED os=COMPLETED is=IDLE awp=false se=false i=false al=0}
[DEBUG] nextAction(false) TERMINATED HttpChannelState@2e8f904b{s=IDLE rs=COMPLETED os=COMPLETED is=IDLE awp=false se=false i=false al=0}
[DEBUG] action TERMINATED HttpChannelOverHttp@f268a5a{s=HttpChannelState@2e8f904b{s=IDLE rs=COMPLETED os=COMPLETED is=IDLE awp=false se=false i=false al=0},r=21,c=true/true,a=IDLE,uri=//localhost:38858/RedirectServlet,age=17}
[DEBUG] onCompleted for /RedirectServlet written=0
[DEBUG] recycle HttpChannelState@2e8f904b{s=IDLE rs=COMPLETED os=COMPLETED is=IDLE awp=false se=false i=false al=0}
[DEBUG] reset HttpParser{s=END,0 of -1}
[DEBUG] END --> START
[DEBUG] !handle TERMINATED HttpChannelOverHttp@f268a5a{s=HttpChannelState@2e8f904b{s=IDLE rs=BLOCKING os=OPEN is=IDLE awp=false se=false i=true al=0},r=21,c=false/false,a=IDLE,uri=null,age=0}
[DEBUG] filled 294 HeapByteBuffer@78a30358[p=0,l=294,c=8192,r=294]={<<<GET /RedirectServlet HTTP...nection: keep-alive\r\n\r\n>>>g, *; q=....\x00\x00\x00\x00\x00\x00\x00}
[DEBUG] HttpConnection@3be4ecda::SocketChannelEndPoint@122254ce{l=/127.0.0.1:38858,r=/127.0.0.1:42942,OPEN,fill=-,flush=-,to=0/30000}{io=0/0,kio=0,kro=1}->HttpConnection@3be4ecda[p=HttpParser{s=START,0 of -1},g=HttpGenerator@af7230{s=START}]=>HttpChannelOverHttp@f268a5a{s=HttpChannelState@2e8f904b{s=IDLE rs=BLOCKING os=OPEN is=IDLE awp=false se=false i=true al=0},r=21,c=false/false,a=IDLE,uri=null,age=0} filled 294 HeapByteBuffer@78a30358[p=0,l=294,c=8192,r=294]={<<<GET /RedirectServlet HTTP...nection: keep-alive\r\n\r\n>>>g, *; q=....\x00\x00\x00\x00\x00\x00\x00}
[DEBUG] HttpConnection@3be4ecda::SocketChannelEndPoint@122254ce{l=/127.0.0.1:38858,r=/127.0.0.1:42942,OPEN,fill=-,flush=-,to=0/30000}{io=0/0,kio=0,kro=1}->HttpConnection@3be4ecda[p=HttpParser{s=START,0 of -1},g=HttpGenerator@af7230{s=START}]=>HttpChannelOverHttp@f268a5a{s=HttpChannelState@2e8f904b{s=IDLE rs=BLOCKING os=OPEN is=IDLE awp=false se=false i=true al=0},r=21,c=false/false,a=IDLE,uri=null,age=0} parse HeapByteBuffer@78a30358[p=0,l=294,c=8192,r=294]={<<<GET /RedirectServlet HTTP...nection: keep-alive\r\n\r\n>>>g, *; q=....\x00\x00\x00\x00\x00\x00\x00} {}
[DEBUG] parseNext s=START HeapByteBuffer@78a30358[p=0,l=294,c=8192,r=294]={<<<GET /RedirectServlet HTTP...nection: keep-alive\r\n\r\n>>>g, *; q=....\x00\x00\x00\x00\x00\x00\x00}
[DEBUG] START --> SPACE1
[DEBUG] SPACE1 --> URI
[DEBUG] URI --> SPACE2
[DEBUG] SPACE2 --> REQUEST_VERSION
[DEBUG] REQUEST_VERSION --> HEADER
[DEBUG] HEADER:Accept-Encoding: gzip --> IN_VALUE
[DEBUG] HEADER:Accept-Encoding: gzip --> FIELD
[DEBUG] HEADER:User-Agent: Mozilla/5.0 (Windows NT 10.0; Win64; x64) AppleWebKit/537.36 (KHTML, like Gecko) Chrome/79.0.3945.130 Safari/537.36 --> IN_VALUE
[DEBUG] HEADER:User-Agent: Mozilla/5.0 (Windows NT 10.0; Win64; x64) AppleWebKit/537.36 (KHTML, like Gecko) Chrome/79.0.3945.130 Safari/537.36 --> FIELD
[DEBUG] HEADER:Host: localhost:38858 --> IN_VALUE
[DEBUG] HEADER:Host: localhost:38858 --> FIELD
[DEBUG] HEADER:Accept: text/html, image/gif, image/jpeg, *; q=.2, */*; q=.2 --> IN_VALUE
[DEBUG] HEADER:Accept: text/html, image/gif, image/jpeg, *; q=.2, */*; q=.2 --> FIELD
[DEBUG] HEADER:Connection: keep-alive --> IN_VALUE
[DEBUG] HEADER:Connection: keep-alive --> FIELD
[DEBUG] HEADER --> CONTENT
[DEBUG] REQUEST for //localhost:38858/RedirectServlet on HttpChannelOverHttp@f268a5a{s=HttpChannelState@2e8f904b{s=IDLE rs=BLOCKING os=OPEN is=IDLE awp=false se=false i=true al=0},r=22,c=false/false,a=IDLE,uri=//localhost:38858/RedirectServlet,age=0}
GET //localhost:38858/RedirectServlet HTTP/1.1
Accept-Encoding: gzip
User-Agent: Mozilla/5.0 (Windows NT 10.0; Win64; x64) AppleWebKit/537.36 (KHTML, like Gecko) Chrome/79.0.3945.130 Safari/537.36
Host: localhost:38858
Accept: text/html, image/gif, image/jpeg, *; q=.2, */*; q=.2
Connection: keep-alive


[DEBUG] HttpConnection@3be4ecda::SocketChannelEndPoint@122254ce{l=/127.0.0.1:38858,r=/127.0.0.1:42942,OPEN,fill=-,flush=-,to=0/30000}{io=0/0,kio=0,kro=1}->HttpConnection@3be4ecda[p=HttpParser{s=CONTENT,0 of -1},g=HttpGenerator@af7230{s=START}]=>HttpChannelOverHttp@f268a5a{s=HttpChannelState@2e8f904b{s=IDLE rs=BLOCKING os=OPEN is=IDLE awp=false se=false i=true al=0},r=22,c=false/false,a=IDLE,uri=//localhost:38858/RedirectServlet,age=0} parsed true HttpParser{s=CONTENT,0 of -1}
[DEBUG] releaseRequestBuffer HttpConnection@3be4ecda::SocketChannelEndPoint@122254ce{l=/127.0.0.1:38858,r=/127.0.0.1:42942,OPEN,fill=-,flush=-,to=0/30000}{io=0/0,kio=0,kro=1}->HttpConnection@3be4ecda[p=HttpParser{s=CONTENT,0 of -1},g=HttpGenerator@af7230{s=START}]=>HttpChannelOverHttp@f268a5a{s=HttpChannelState@2e8f904b{s=IDLE rs=BLOCKING os=OPEN is=IDLE awp=false se=false i=true al=0},r=22,c=false/false,a=IDLE,uri=//localhost:38858/RedirectServlet,age=0}
[DEBUG] handle //localhost:38858/RedirectServlet HttpChannelOverHttp@f268a5a{s=HttpChannelState@2e8f904b{s=IDLE rs=BLOCKING os=OPEN is=IDLE awp=false se=false i=true al=0},r=22,c=false/false,a=IDLE,uri=//localhost:38858/RedirectServlet,age=1} 
[DEBUG] handling HttpChannelState@2e8f904b{s=IDLE rs=BLOCKING os=OPEN is=IDLE awp=false se=false i=true al=0}
[DEBUG] action DISPATCH HttpChannelOverHttp@f268a5a{s=HttpChannelState@2e8f904b{s=HANDLING rs=BLOCKING os=OPEN is=IDLE awp=false se=false i=true al=0},r=22,c=false/false,a=HANDLING,uri=//localhost:38858/RedirectServlet,age=1}
[DEBUG] REQUEST GET /RedirectServlet on HttpChannelOverHttp@f268a5a{s=HttpChannelState@2e8f904b{s=HANDLING rs=BLOCKING os=OPEN is=IDLE awp=false se=false i=true al=0},r=22,c=false/false,a=HANDLING,uri=//localhost:38858/RedirectServlet,age=1}
[DEBUG] servlet null|/RedirectServlet|null -> org.jsoup.integration.servlets.RedirectServlet-56febdc==org.jsoup.integration.servlets.RedirectServlet@decc268e{jsp=null,order=-1,inst=true,async=true,src=EMBEDDED:null,STARTED}
[DEBUG] chain=null
[DEBUG] handled=true async=false committed=false on HttpChannelOverHttp@f268a5a{s=HttpChannelState@2e8f904b{s=HANDLING rs=BLOCKING os=OPEN is=IDLE awp=false se=false i=true al=0},r=22,c=false/false,a=HANDLING,uri=//localhost:38858/RedirectServlet,age=1}
[DEBUG] unhandle HttpChannelState@2e8f904b{s=HANDLING rs=BLOCKING os=OPEN is=IDLE awp=false se=false i=true al=0}
[DEBUG] nextAction(false) COMPLETE HttpChannelState@2e8f904b{s=HANDLING rs=COMPLETING os=OPEN is=IDLE awp=false se=false i=false al=0}
[DEBUG] action COMPLETE HttpChannelOverHttp@f268a5a{s=HttpChannelState@2e8f904b{s=HANDLING rs=COMPLETING os=OPEN is=IDLE awp=false se=false i=false al=0},r=22,c=false/false,a=HANDLING,uri=//localhost:38858/RedirectServlet,age=1}
[DEBUG] filled 0 HeapByteBuffer@41e05b38[p=0,l=0,c=8192,r=0]={<<<>>>GET /File...\x00\x00\x00\x00\x00\x00\x00}
[DEBUG] filled 0 HeapByteBuffer@41e05b38[p=0,l=0,c=8192,r=0]={<<<>>>GET /File...\x00\x00\x00\x00\x00\x00\x00}
[DEBUG] HttpConnection@3be4ecda::SocketChannelEndPoint@122254ce{l=/127.0.0.1:38858,r=/127.0.0.1:42942,OPEN,fill=-,flush=-,to=1/30000}{io=0/0,kio=0,kro=1}->HttpConnection@3be4ecda[p=HttpParser{s=CONTENT,0 of -1},g=HttpGenerator@af7230{s=START}]=>HttpChannelOverHttp@f268a5a{s=HttpChannelState@2e8f904b{s=HANDLING rs=COMPLETING os=OPEN is=IDLE awp=false se=false i=false al=0},r=22,c=false/false,a=HANDLING,uri=//localhost:38858/RedirectServlet,age=1} filled 0 HeapByteBuffer@41e05b38[p=0,l=0,c=8192,r=0]={<<<>>>GET /File...\x00\x00\x00\x00\x00\x00\x00}
[DEBUG] HttpConnection@3be4ecda::SocketChannelEndPoint@122254ce{l=/127.0.0.1:38858,r=/127.0.0.1:42942,OPEN,fill=-,flush=-,to=2/30000}{io=0/0,kio=0,kro=1}->HttpConnection@3be4ecda[p=HttpParser{s=CONTENT,0 of -1},g=HttpGenerator@af7230{s=START}]=>HttpChannelOverHttp@f268a5a{s=HttpChannelState@2e8f904b{s=HANDLING rs=COMPLETING os=OPEN is=IDLE awp=false se=false i=false al=0},r=22,c=false/false,a=HANDLING,uri=//localhost:38858/RedirectServlet,age=1} parse HeapByteBuffer@41e05b38[p=0,l=0,c=8192,r=0]={<<<>>>GET /File...\x00\x00\x00\x00\x00\x00\x00} {}
[DEBUG] parseNext s=CONTENT HeapByteBuffer@41e05b38[p=0,l=0,c=8192,r=0]={<<<>>>GET /File...\x00\x00\x00\x00\x00\x00\x00}
[DEBUG] CONTENT --> CONTENT_END
[DEBUG] onContentComplete HttpChannelOverHttp@f268a5a{s=HttpChannelState@2e8f904b{s=HANDLING rs=COMPLETING os=OPEN is=IDLE awp=false se=false i=false al=0},r=22,c=false/false,a=HANDLING,uri=//localhost:38858/RedirectServlet,age=1}
[DEBUG] CONTENT_END --> END
[DEBUG] onRequestComplete HttpChannelOverHttp@f268a5a{s=HttpChannelState@2e8f904b{s=HANDLING rs=COMPLETING os=OPEN is=IDLE awp=false se=false i=false al=0},r=22,c=false/false,a=HANDLING,uri=//localhost:38858/RedirectServlet,age=1}
[DEBUG] HttpInputOverHTTP@5e34fa8b[c=0,q=0,[0]=null,s=STREAM] addContent EOF
[DEBUG] HttpConnection@3be4ecda::SocketChannelEndPoint@122254ce{l=/127.0.0.1:38858,r=/127.0.0.1:42942,OPEN,fill=-,flush=-,to=2/30000}{io=0/0,kio=0,kro=1}->HttpConnection@3be4ecda[p=HttpParser{s=END,0 of -1},g=HttpGenerator@af7230{s=START}]=>HttpChannelOverHttp@f268a5a{s=HttpChannelState@2e8f904b{s=HANDLING rs=COMPLETING os=OPEN is=IDLE awp=false se=false i=false al=0},r=22,c=false/false,a=HANDLING,uri=//localhost:38858/RedirectServlet,age=1} parsed false HttpParser{s=END,0 of -1}
[DEBUG] releaseRequestBuffer HttpConnection@3be4ecda::SocketChannelEndPoint@122254ce{l=/127.0.0.1:38858,r=/127.0.0.1:42942,OPEN,fill=-,flush=-,to=2/30000}{io=0/0,kio=0,kro=1}->HttpConnection@3be4ecda[p=HttpParser{s=END,0 of -1},g=HttpGenerator@af7230{s=START}]=>HttpChannelOverHttp@f268a5a{s=HttpChannelState@2e8f904b{s=HANDLING rs=COMPLETING os=OPEN is=IDLE awp=false se=false i=false al=0},r=22,c=false/false,a=HANDLING,uri=//localhost:38858/RedirectServlet,age=1}
[DEBUG] complete(org.eclipse.jetty.util.Callback$3@746d4de4) s=CLOSING,api=BLOCKED,sc=false,e=null s=false e=null, c=HeapByteBuffer@11848662[p=0,l=0,c=0,r=0]={<<<>>>}
[DEBUG] sendResponse info=null content=HeapByteBuffer@11848662[p=0,l=0,c=0,r=0]={<<<>>>} complete=true committing=true callback=org.eclipse.jetty.server.HttpOutput$WriteCompleteCB@7426de7e
[DEBUG] COMMIT for /RedirectServlet on HttpChannelOverHttp@f268a5a{s=HttpChannelState@2e8f904b{s=HANDLING rs=COMPLETING os=COMMITTED is=IDLE awp=false se=false i=false al=0},r=22,c=false/false,a=HANDLING,uri=//localhost:38858/RedirectServlet,age=2}
302 null HTTP/1.1
Date: Mon, 20 Sep 2021 19:30:13 GMT
Location: 


[DEBUG] generate: NEED_HEADER for SendCallback@2c1836a[PROCESSING][i=HTTP/1.1{s=302,h=2,cl=-1},cb=org.eclipse.jetty.server.HttpChannel$SendCallback@22680ebe] (null,[p=0,l=0,c=0,r=0],true)@START
[DEBUG] generateHeaders HTTP/1.1{s=302,h=2,cl=-1} last=true content=HeapByteBuffer@11848662[p=0,l=0,c=0,r=0]={<<<>>>}
[DEBUG] Date: Mon, 20 Sep 2021 19:30:13 GMT
Location: 


[DEBUG] CONTENT_LENGTH
[DEBUG] generate: FLUSH for SendCallback@2c1836a[PROCESSING][i=HTTP/1.1{s=302,h=2,cl=-1},cb=org.eclipse.jetty.server.HttpChannel$SendCallback@22680ebe] ([p=0,l=123,c=8192,r=123],[p=0,l=0,c=0,r=0],true)@COMPLETING
[DEBUG] write: WriteFlusher@653abf25{IDLE}->null [HeapByteBuffer@22b9b50d[p=0,l=123,c=8192,r=123]={<<<HTTP/1.1 302 Found\r\nDate:...y(9.4.43.v20210629)\r\n\r\n>>>er: Jetty...\x86&h\xA0{\xC1\xC2}]
[DEBUG] update WriteFlusher@653abf25{WRITING}->null:IDLE-->WRITING
[DEBUG] flushed 123 SocketChannelEndPoint@122254ce{l=/127.0.0.1:38858,r=/127.0.0.1:42942,OPEN,fill=-,flush=W,to=8/30000}{io=0/0,kio=0,kro=1}->HttpConnection@3be4ecda[p=HttpParser{s=END,0 of -1},g=HttpGenerator@af7230{s=COMPLETING}]=>HttpChannelOverHttp@f268a5a{s=HttpChannelState@2e8f904b{s=HANDLING rs=COMPLETING os=COMMITTED is=IDLE awp=false se=false i=false al=0},r=22,c=false/false,a=HANDLING,uri=//localhost:38858/RedirectServlet,age=8}
[DEBUG] Flushed=true written=123 remaining=0 WriteFlusher@653abf25{WRITING}->null
[DEBUG] update WriteFlusher@653abf25{IDLE}->null:WRITING-->IDLE
[DEBUG] generate: DONE for SendCallback@2c1836a[PROCESSING][i=HTTP/1.1{s=302,h=2,cl=-1},cb=org.eclipse.jetty.server.HttpChannel$SendCallback@22680ebe] ([p=123,l=123,c=8192,r=0],[p=0,l=0,c=0,r=0],true)@END
[DEBUG] onWriteComplete(true,null) s=CLOSING,api=BLOCKED,sc=false,e=null->s=CLOSED,api=BLOCKING,sc=false,e=null c=null cb=org.eclipse.jetty.util.Callback$3@746d4de4 w=false
[DEBUG] completed HttpChannelState@2e8f904b{s=HANDLING rs=COMPLETING os=COMPLETED is=IDLE awp=false se=false i=false al=0}
[DEBUG] unhandle HttpChannelState@2e8f904b{s=HANDLING rs=COMPLETED os=COMPLETED is=IDLE awp=false se=false i=false al=0}
[DEBUG] nextAction(false) TERMINATED HttpChannelState@2e8f904b{s=IDLE rs=COMPLETED os=COMPLETED is=IDLE awp=false se=false i=false al=0}
[DEBUG] action TERMINATED HttpChannelOverHttp@f268a5a{s=HttpChannelState@2e8f904b{s=IDLE rs=COMPLETED os=COMPLETED is=IDLE awp=false se=false i=false al=0},r=22,c=true/true,a=IDLE,uri=//localhost:38858/RedirectServlet,age=8}
[DEBUG] onCompleted for /RedirectServlet written=0
[DEBUG] recycle HttpChannelState@2e8f904b{s=IDLE rs=COMPLETED os=COMPLETED is=IDLE awp=false se=false i=false al=0}
[DEBUG] reset HttpParser{s=END,0 of -1}
[DEBUG] END --> START
[DEBUG] !handle TERMINATED HttpChannelOverHttp@f268a5a{s=HttpChannelState@2e8f904b{s=IDLE rs=BLOCKING os=OPEN is=IDLE awp=false se=false i=true al=0},r=22,c=false/false,a=IDLE,uri=null,age=0}
[DEBUG] filled 294 HeapByteBuffer@78a30358[p=0,l=294,c=8192,r=294]={<<<GET /RedirectServlet HTTP...nection: keep-alive\r\n\r\n>>>g, *; q=....\x00\x00\x00\x00\x00\x00\x00}
[DEBUG] HttpConnection@3be4ecda::SocketChannelEndPoint@122254ce{l=/127.0.0.1:38858,r=/127.0.0.1:42942,OPEN,fill=-,flush=-,to=0/30000}{io=0/0,kio=0,kro=1}->HttpConnection@3be4ecda[p=HttpParser{s=START,0 of -1},g=HttpGenerator@af7230{s=START}]=>HttpChannelOverHttp@f268a5a{s=HttpChannelState@2e8f904b{s=IDLE rs=BLOCKING os=OPEN is=IDLE awp=false se=false i=true al=0},r=22,c=false/false,a=IDLE,uri=null,age=0} filled 294 HeapByteBuffer@78a30358[p=0,l=294,c=8192,r=294]={<<<GET /RedirectServlet HTTP...nection: keep-alive\r\n\r\n>>>g, *; q=....\x00\x00\x00\x00\x00\x00\x00}
[DEBUG] HttpConnection@3be4ecda::SocketChannelEndPoint@122254ce{l=/127.0.0.1:38858,r=/127.0.0.1:42942,OPEN,fill=-,flush=-,to=0/30000}{io=0/0,kio=0,kro=1}->HttpConnection@3be4ecda[p=HttpParser{s=START,0 of -1},g=HttpGenerator@af7230{s=START}]=>HttpChannelOverHttp@f268a5a{s=HttpChannelState@2e8f904b{s=IDLE rs=BLOCKING os=OPEN is=IDLE awp=false se=false i=true al=0},r=22,c=false/false,a=IDLE,uri=null,age=0} parse HeapByteBuffer@78a30358[p=0,l=294,c=8192,r=294]={<<<GET /RedirectServlet HTTP...nection: keep-alive\r\n\r\n>>>g, *; q=....\x00\x00\x00\x00\x00\x00\x00} {}
[DEBUG] parseNext s=START HeapByteBuffer@78a30358[p=0,l=294,c=8192,r=294]={<<<GET /RedirectServlet HTTP...nection: keep-alive\r\n\r\n>>>g, *; q=....\x00\x00\x00\x00\x00\x00\x00}
[DEBUG] START --> SPACE1
[DEBUG] SPACE1 --> URI
[DEBUG] URI --> SPACE2
[DEBUG] SPACE2 --> REQUEST_VERSION
[DEBUG] REQUEST_VERSION --> HEADER
[DEBUG] HEADER:Accept-Encoding: gzip --> IN_VALUE
[DEBUG] HEADER:Accept-Encoding: gzip --> FIELD
[DEBUG] HEADER:User-Agent: Mozilla/5.0 (Windows NT 10.0; Win64; x64) AppleWebKit/537.36 (KHTML, like Gecko) Chrome/79.0.3945.130 Safari/537.36 --> IN_VALUE
[DEBUG] HEADER:User-Agent: Mozilla/5.0 (Windows NT 10.0; Win64; x64) AppleWebKit/537.36 (KHTML, like Gecko) Chrome/79.0.3945.130 Safari/537.36 --> FIELD
[DEBUG] HEADER:Host: localhost:38858 --> IN_VALUE
[DEBUG] HEADER:Host: localhost:38858 --> FIELD
[DEBUG] HEADER:Accept: text/html, image/gif, image/jpeg, *; q=.2, */*; q=.2 --> IN_VALUE
[DEBUG] HEADER:Accept: text/html, image/gif, image/jpeg, *; q=.2, */*; q=.2 --> FIELD
[DEBUG] HEADER:Connection: keep-alive --> IN_VALUE
[DEBUG] HEADER:Connection: keep-alive --> FIELD
[DEBUG] HEADER --> CONTENT
[DEBUG] REQUEST for //localhost:38858/RedirectServlet on HttpChannelOverHttp@f268a5a{s=HttpChannelState@2e8f904b{s=IDLE rs=BLOCKING os=OPEN is=IDLE awp=false se=false i=true al=0},r=23,c=false/false,a=IDLE,uri=//localhost:38858/RedirectServlet,age=0}
GET //localhost:38858/RedirectServlet HTTP/1.1
Accept-Encoding: gzip
User-Agent: Mozilla/5.0 (Windows NT 10.0; Win64; x64) AppleWebKit/537.36 (KHTML, like Gecko) Chrome/79.0.3945.130 Safari/537.36
Host: localhost:38858
Accept: text/html, image/gif, image/jpeg, *; q=.2, */*; q=.2
Connection: keep-alive


[DEBUG] HttpConnection@3be4ecda::SocketChannelEndPoint@122254ce{l=/127.0.0.1:38858,r=/127.0.0.1:42942,OPEN,fill=-,flush=-,to=0/30000}{io=0/0,kio=0,kro=1}->HttpConnection@3be4ecda[p=HttpParser{s=CONTENT,0 of -1},g=HttpGenerator@af7230{s=START}]=>HttpChannelOverHttp@f268a5a{s=HttpChannelState@2e8f904b{s=IDLE rs=BLOCKING os=OPEN is=IDLE awp=false se=false i=true al=0},r=23,c=false/false,a=IDLE,uri=//localhost:38858/RedirectServlet,age=0} parsed true HttpParser{s=CONTENT,0 of -1}
[DEBUG] releaseRequestBuffer HttpConnection@3be4ecda::SocketChannelEndPoint@122254ce{l=/127.0.0.1:38858,r=/127.0.0.1:42942,OPEN,fill=-,flush=-,to=0/30000}{io=0/0,kio=0,kro=1}->HttpConnection@3be4ecda[p=HttpParser{s=CONTENT,0 of -1},g=HttpGenerator@af7230{s=START}]=>HttpChannelOverHttp@f268a5a{s=HttpChannelState@2e8f904b{s=IDLE rs=BLOCKING os=OPEN is=IDLE awp=false se=false i=true al=0},r=23,c=false/false,a=IDLE,uri=//localhost:38858/RedirectServlet,age=0}
[DEBUG] handle //localhost:38858/RedirectServlet HttpChannelOverHttp@f268a5a{s=HttpChannelState@2e8f904b{s=IDLE rs=BLOCKING os=OPEN is=IDLE awp=false se=false i=true al=0},r=23,c=false/false,a=IDLE,uri=//localhost:38858/RedirectServlet,age=0} 
[DEBUG] handling HttpChannelState@2e8f904b{s=IDLE rs=BLOCKING os=OPEN is=IDLE awp=false se=false i=true al=0}
[DEBUG] action DISPATCH HttpChannelOverHttp@f268a5a{s=HttpChannelState@2e8f904b{s=HANDLING rs=BLOCKING os=OPEN is=IDLE awp=false se=false i=true al=0},r=23,c=false/false,a=HANDLING,uri=//localhost:38858/RedirectServlet,age=0}
[DEBUG] REQUEST GET /RedirectServlet on HttpChannelOverHttp@f268a5a{s=HttpChannelState@2e8f904b{s=HANDLING rs=BLOCKING os=OPEN is=IDLE awp=false se=false i=true al=0},r=23,c=false/false,a=HANDLING,uri=//localhost:38858/RedirectServlet,age=0}
[DEBUG] servlet null|/RedirectServlet|null -> org.jsoup.integration.servlets.RedirectServlet-56febdc==org.jsoup.integration.servlets.RedirectServlet@decc268e{jsp=null,order=-1,inst=true,async=true,src=EMBEDDED:null,STARTED}
[DEBUG] chain=null
[DEBUG] handled=true async=false committed=false on HttpChannelOverHttp@f268a5a{s=HttpChannelState@2e8f904b{s=HANDLING rs=BLOCKING os=OPEN is=IDLE awp=false se=false i=true al=0},r=23,c=false/false,a=HANDLING,uri=//localhost:38858/RedirectServlet,age=0}
[DEBUG] unhandle HttpChannelState@2e8f904b{s=HANDLING rs=BLOCKING os=OPEN is=IDLE awp=false se=false i=true al=0}
[DEBUG] nextAction(false) COMPLETE HttpChannelState@2e8f904b{s=HANDLING rs=COMPLETING os=OPEN is=IDLE awp=false se=false i=false al=0}
[DEBUG] action COMPLETE HttpChannelOverHttp@f268a5a{s=HttpChannelState@2e8f904b{s=HANDLING rs=COMPLETING os=OPEN is=IDLE awp=false se=false i=false al=0},r=23,c=false/false,a=HANDLING,uri=//localhost:38858/RedirectServlet,age=0}
[DEBUG] filled 0 HeapByteBuffer@41e05b38[p=0,l=0,c=8192,r=0]={<<<>>>GET /File...\x00\x00\x00\x00\x00\x00\x00}
[DEBUG] filled 0 HeapByteBuffer@41e05b38[p=0,l=0,c=8192,r=0]={<<<>>>GET /File...\x00\x00\x00\x00\x00\x00\x00}
[DEBUG] HttpConnection@3be4ecda::SocketChannelEndPoint@122254ce{l=/127.0.0.1:38858,r=/127.0.0.1:42942,OPEN,fill=-,flush=-,to=1/30000}{io=0/0,kio=0,kro=1}->HttpConnection@3be4ecda[p=HttpParser{s=CONTENT,0 of -1},g=HttpGenerator@af7230{s=START}]=>HttpChannelOverHttp@f268a5a{s=HttpChannelState@2e8f904b{s=HANDLING rs=COMPLETING os=OPEN is=IDLE awp=false se=false i=false al=0},r=23,c=false/false,a=HANDLING,uri=//localhost:38858/RedirectServlet,age=1} filled 0 HeapByteBuffer@41e05b38[p=0,l=0,c=8192,r=0]={<<<>>>GET /File...\x00\x00\x00\x00\x00\x00\x00}
[DEBUG] HttpConnection@3be4ecda::SocketChannelEndPoint@122254ce{l=/127.0.0.1:38858,r=/127.0.0.1:42942,OPEN,fill=-,flush=-,to=1/30000}{io=0/0,kio=0,kro=1}->HttpConnection@3be4ecda[p=HttpParser{s=CONTENT,0 of -1},g=HttpGenerator@af7230{s=START}]=>HttpChannelOverHttp@f268a5a{s=HttpChannelState@2e8f904b{s=HANDLING rs=COMPLETING os=OPEN is=IDLE awp=false se=false i=false al=0},r=23,c=false/false,a=HANDLING,uri=//localhost:38858/RedirectServlet,age=1} parse HeapByteBuffer@41e05b38[p=0,l=0,c=8192,r=0]={<<<>>>GET /File...\x00\x00\x00\x00\x00\x00\x00} {}
[DEBUG] parseNext s=CONTENT HeapByteBuffer@41e05b38[p=0,l=0,c=8192,r=0]={<<<>>>GET /File...\x00\x00\x00\x00\x00\x00\x00}
[DEBUG] CONTENT --> CONTENT_END
[DEBUG] onContentComplete HttpChannelOverHttp@f268a5a{s=HttpChannelState@2e8f904b{s=HANDLING rs=COMPLETING os=OPEN is=IDLE awp=false se=false i=false al=0},r=23,c=false/false,a=HANDLING,uri=//localhost:38858/RedirectServlet,age=1}
[DEBUG] CONTENT_END --> END
[DEBUG] onRequestComplete HttpChannelOverHttp@f268a5a{s=HttpChannelState@2e8f904b{s=HANDLING rs=COMPLETING os=OPEN is=IDLE awp=false se=false i=false al=0},r=23,c=false/false,a=HANDLING,uri=//localhost:38858/RedirectServlet,age=1}
[DEBUG] HttpInputOverHTTP@5e34fa8b[c=0,q=0,[0]=null,s=STREAM] addContent EOF
[DEBUG] HttpConnection@3be4ecda::SocketChannelEndPoint@122254ce{l=/127.0.0.1:38858,r=/127.0.0.1:42942,OPEN,fill=-,flush=-,to=1/30000}{io=0/0,kio=0,kro=1}->HttpConnection@3be4ecda[p=HttpParser{s=END,0 of -1},g=HttpGenerator@af7230{s=START}]=>HttpChannelOverHttp@f268a5a{s=HttpChannelState@2e8f904b{s=HANDLING rs=COMPLETING os=OPEN is=IDLE awp=false se=false i=false al=0},r=23,c=false/false,a=HANDLING,uri=//localhost:38858/RedirectServlet,age=1} parsed false HttpParser{s=END,0 of -1}
[DEBUG] releaseRequestBuffer HttpConnection@3be4ecda::SocketChannelEndPoint@122254ce{l=/127.0.0.1:38858,r=/127.0.0.1:42942,OPEN,fill=-,flush=-,to=1/30000}{io=0/0,kio=0,kro=1}->HttpConnection@3be4ecda[p=HttpParser{s=END,0 of -1},g=HttpGenerator@af7230{s=START}]=>HttpChannelOverHttp@f268a5a{s=HttpChannelState@2e8f904b{s=HANDLING rs=COMPLETING os=OPEN is=IDLE awp=false se=false i=false al=0},r=23,c=false/false,a=HANDLING,uri=//localhost:38858/RedirectServlet,age=1}
[DEBUG] complete(org.eclipse.jetty.util.Callback$3@73ab0fa2) s=CLOSING,api=BLOCKED,sc=false,e=null s=false e=null, c=HeapByteBuffer@11848662[p=0,l=0,c=0,r=0]={<<<>>>}
[DEBUG] sendResponse info=null content=HeapByteBuffer@11848662[p=0,l=0,c=0,r=0]={<<<>>>} complete=true committing=true callback=org.eclipse.jetty.server.HttpOutput$WriteCompleteCB@6d377e5e
[DEBUG] COMMIT for /RedirectServlet on HttpChannelOverHttp@f268a5a{s=HttpChannelState@2e8f904b{s=HANDLING rs=COMPLETING os=COMMITTED is=IDLE awp=false se=false i=false al=0},r=23,c=false/false,a=HANDLING,uri=//localhost:38858/RedirectServlet,age=1}
302 null HTTP/1.1
Date: Mon, 20 Sep 2021 19:30:13 GMT
Location: 


[DEBUG] generate: NEED_HEADER for SendCallback@2c1836a[PROCESSING][i=HTTP/1.1{s=302,h=2,cl=-1},cb=org.eclipse.jetty.server.HttpChannel$SendCallback@2f2088a8] (null,[p=0,l=0,c=0,r=0],true)@START
[DEBUG] generateHeaders HTTP/1.1{s=302,h=2,cl=-1} last=true content=HeapByteBuffer@11848662[p=0,l=0,c=0,r=0]={<<<>>>}
[DEBUG] Date: Mon, 20 Sep 2021 19:30:13 GMT
Location: 


[DEBUG] CONTENT_LENGTH
[DEBUG] generate: FLUSH for SendCallback@2c1836a[PROCESSING][i=HTTP/1.1{s=302,h=2,cl=-1},cb=org.eclipse.jetty.server.HttpChannel$SendCallback@2f2088a8] ([p=0,l=123,c=8192,r=123],[p=0,l=0,c=0,r=0],true)@COMPLETING
[DEBUG] write: WriteFlusher@653abf25{IDLE}->null [HeapByteBuffer@22b9b50d[p=0,l=123,c=8192,r=123]={<<<HTTP/1.1 302 Found\r\nDate:...y(9.4.43.v20210629)\r\n\r\n>>>er: Jetty...\x86&h\xA0{\xC1\xC2}]
[DEBUG] update WriteFlusher@653abf25{WRITING}->null:IDLE-->WRITING
[DEBUG] flushed 123 SocketChannelEndPoint@122254ce{l=/127.0.0.1:38858,r=/127.0.0.1:42942,OPEN,fill=-,flush=W,to=7/30000}{io=0/0,kio=0,kro=1}->HttpConnection@3be4ecda[p=HttpParser{s=END,0 of -1},g=HttpGenerator@af7230{s=COMPLETING}]=>HttpChannelOverHttp@f268a5a{s=HttpChannelState@2e8f904b{s=HANDLING rs=COMPLETING os=COMMITTED is=IDLE awp=false se=false i=false al=0},r=23,c=false/false,a=HANDLING,uri=//localhost:38858/RedirectServlet,age=7}
[DEBUG] Flushed=true written=123 remaining=0 WriteFlusher@653abf25{WRITING}->null
[DEBUG] update WriteFlusher@653abf25{IDLE}->null:WRITING-->IDLE
[DEBUG] generate: DONE for SendCallback@2c1836a[PROCESSING][i=HTTP/1.1{s=302,h=2,cl=-1},cb=org.eclipse.jetty.server.HttpChannel$SendCallback@2f2088a8] ([p=123,l=123,c=8192,r=0],[p=0,l=0,c=0,r=0],true)@END
[DEBUG] onWriteComplete(true,null) s=CLOSING,api=BLOCKED,sc=false,e=null->s=CLOSED,api=BLOCKING,sc=false,e=null c=null cb=org.eclipse.jetty.util.Callback$3@73ab0fa2 w=false
[DEBUG] completed HttpChannelState@2e8f904b{s=HANDLING rs=COMPLETING os=COMPLETED is=IDLE awp=false se=false i=false al=0}
[DEBUG] unhandle HttpChannelState@2e8f904b{s=HANDLING rs=COMPLETED os=COMPLETED is=IDLE awp=false se=false i=false al=0}
[DEBUG] nextAction(false) TERMINATED HttpChannelState@2e8f904b{s=IDLE rs=COMPLETED os=COMPLETED is=IDLE awp=false se=false i=false al=0}
[DEBUG] action TERMINATED HttpChannelOverHttp@f268a5a{s=HttpChannelState@2e8f904b{s=IDLE rs=COMPLETED os=COMPLETED is=IDLE awp=false se=false i=false al=0},r=23,c=true/true,a=IDLE,uri=//localhost:38858/RedirectServlet,age=18}
[DEBUG] onCompleted for /RedirectServlet written=0
[DEBUG] recycle HttpChannelState@2e8f904b{s=IDLE rs=COMPLETED os=COMPLETED is=IDLE awp=false se=false i=false al=0}
[DEBUG] reset HttpParser{s=END,0 of -1}
[DEBUG] END --> START
[DEBUG] !handle TERMINATED HttpChannelOverHttp@f268a5a{s=HttpChannelState@2e8f904b{s=IDLE rs=BLOCKING os=OPEN is=IDLE awp=false se=false i=true al=0},r=23,c=false/false,a=IDLE,uri=null,age=0}
[DEBUG] filled 294 HeapByteBuffer@78a30358[p=0,l=294,c=8192,r=294]={<<<GET /RedirectServlet HTTP...nection: keep-alive\r\n\r\n>>>g, *; q=....\x00\x00\x00\x00\x00\x00\x00}
[DEBUG] HttpConnection@3be4ecda::SocketChannelEndPoint@122254ce{l=/127.0.0.1:38858,r=/127.0.0.1:42942,OPEN,fill=-,flush=-,to=0/30000}{io=0/0,kio=0,kro=1}->HttpConnection@3be4ecda[p=HttpParser{s=START,0 of -1},g=HttpGenerator@af7230{s=START}]=>HttpChannelOverHttp@f268a5a{s=HttpChannelState@2e8f904b{s=IDLE rs=BLOCKING os=OPEN is=IDLE awp=false se=false i=true al=0},r=23,c=false/false,a=IDLE,uri=null,age=0} filled 294 HeapByteBuffer@78a30358[p=0,l=294,c=8192,r=294]={<<<GET /RedirectServlet HTTP...nection: keep-alive\r\n\r\n>>>g, *; q=....\x00\x00\x00\x00\x00\x00\x00}
[DEBUG] HttpConnection@3be4ecda::SocketChannelEndPoint@122254ce{l=/127.0.0.1:38858,r=/127.0.0.1:42942,OPEN,fill=-,flush=-,to=0/30000}{io=0/0,kio=0,kro=1}->HttpConnection@3be4ecda[p=HttpParser{s=START,0 of -1},g=HttpGenerator@af7230{s=START}]=>HttpChannelOverHttp@f268a5a{s=HttpChannelState@2e8f904b{s=IDLE rs=BLOCKING os=OPEN is=IDLE awp=false se=false i=true al=0},r=23,c=false/false,a=IDLE,uri=null,age=0} parse HeapByteBuffer@78a30358[p=0,l=294,c=8192,r=294]={<<<GET /RedirectServlet HTTP...nection: keep-alive\r\n\r\n>>>g, *; q=....\x00\x00\x00\x00\x00\x00\x00} {}
[DEBUG] parseNext s=START HeapByteBuffer@78a30358[p=0,l=294,c=8192,r=294]={<<<GET /RedirectServlet HTTP...nection: keep-alive\r\n\r\n>>>g, *; q=....\x00\x00\x00\x00\x00\x00\x00}
[DEBUG] START --> SPACE1
[DEBUG] SPACE1 --> URI
[DEBUG] URI --> SPACE2
[DEBUG] SPACE2 --> REQUEST_VERSION
[DEBUG] REQUEST_VERSION --> HEADER
[DEBUG] HEADER:Accept-Encoding: gzip --> IN_VALUE
[DEBUG] HEADER:Accept-Encoding: gzip --> FIELD
[DEBUG] HEADER:User-Agent: Mozilla/5.0 (Windows NT 10.0; Win64; x64) AppleWebKit/537.36 (KHTML, like Gecko) Chrome/79.0.3945.130 Safari/537.36 --> IN_VALUE
[DEBUG] HEADER:User-Agent: Mozilla/5.0 (Windows NT 10.0; Win64; x64) AppleWebKit/537.36 (KHTML, like Gecko) Chrome/79.0.3945.130 Safari/537.36 --> FIELD
[DEBUG] HEADER:Host: localhost:38858 --> IN_VALUE
[DEBUG] HEADER:Host: localhost:38858 --> FIELD
[DEBUG] HEADER:Accept: text/html, image/gif, image/jpeg, *; q=.2, */*; q=.2 --> IN_VALUE
[DEBUG] HEADER:Accept: text/html, image/gif, image/jpeg, *; q=.2, */*; q=.2 --> FIELD
[DEBUG] HEADER:Connection: keep-alive --> IN_VALUE
[DEBUG] HEADER:Connection: keep-alive --> FIELD
[DEBUG] HEADER --> CONTENT
[DEBUG] REQUEST for //localhost:38858/RedirectServlet on HttpChannelOverHttp@f268a5a{s=HttpChannelState@2e8f904b{s=IDLE rs=BLOCKING os=OPEN is=IDLE awp=false se=false i=true al=0},r=24,c=false/false,a=IDLE,uri=//localhost:38858/RedirectServlet,age=0}
GET //localhost:38858/RedirectServlet HTTP/1.1
Accept-Encoding: gzip
User-Agent: Mozilla/5.0 (Windows NT 10.0; Win64; x64) AppleWebKit/537.36 (KHTML, like Gecko) Chrome/79.0.3945.130 Safari/537.36
Host: localhost:38858
Accept: text/html, image/gif, image/jpeg, *; q=.2, */*; q=.2
Connection: keep-alive


[DEBUG] HttpConnection@3be4ecda::SocketChannelEndPoint@122254ce{l=/127.0.0.1:38858,r=/127.0.0.1:42942,OPEN,fill=-,flush=-,to=0/30000}{io=0/0,kio=0,kro=1}->HttpConnection@3be4ecda[p=HttpParser{s=CONTENT,0 of -1},g=HttpGenerator@af7230{s=START}]=>HttpChannelOverHttp@f268a5a{s=HttpChannelState@2e8f904b{s=IDLE rs=BLOCKING os=OPEN is=IDLE awp=false se=false i=true al=0},r=24,c=false/false,a=IDLE,uri=//localhost:38858/RedirectServlet,age=0} parsed true HttpParser{s=CONTENT,0 of -1}
[DEBUG] releaseRequestBuffer HttpConnection@3be4ecda::SocketChannelEndPoint@122254ce{l=/127.0.0.1:38858,r=/127.0.0.1:42942,OPEN,fill=-,flush=-,to=0/30000}{io=0/0,kio=0,kro=1}->HttpConnection@3be4ecda[p=HttpParser{s=CONTENT,0 of -1},g=HttpGenerator@af7230{s=START}]=>HttpChannelOverHttp@f268a5a{s=HttpChannelState@2e8f904b{s=IDLE rs=BLOCKING os=OPEN is=IDLE awp=false se=false i=true al=0},r=24,c=false/false,a=IDLE,uri=//localhost:38858/RedirectServlet,age=0}
[DEBUG] handle //localhost:38858/RedirectServlet HttpChannelOverHttp@f268a5a{s=HttpChannelState@2e8f904b{s=IDLE rs=BLOCKING os=OPEN is=IDLE awp=false se=false i=true al=0},r=24,c=false/false,a=IDLE,uri=//localhost:38858/RedirectServlet,age=0} 
[DEBUG] handling HttpChannelState@2e8f904b{s=IDLE rs=BLOCKING os=OPEN is=IDLE awp=false se=false i=true al=0}
[DEBUG] action DISPATCH HttpChannelOverHttp@f268a5a{s=HttpChannelState@2e8f904b{s=HANDLING rs=BLOCKING os=OPEN is=IDLE awp=false se=false i=true al=0},r=24,c=false/false,a=HANDLING,uri=//localhost:38858/RedirectServlet,age=0}
[DEBUG] REQUEST GET /RedirectServlet on HttpChannelOverHttp@f268a5a{s=HttpChannelState@2e8f904b{s=HANDLING rs=BLOCKING os=OPEN is=IDLE awp=false se=false i=true al=0},r=24,c=false/false,a=HANDLING,uri=//localhost:38858/RedirectServlet,age=0}
[DEBUG] servlet null|/RedirectServlet|null -> org.jsoup.integration.servlets.RedirectServlet-56febdc==org.jsoup.integration.servlets.RedirectServlet@decc268e{jsp=null,order=-1,inst=true,async=true,src=EMBEDDED:null,STARTED}
[DEBUG] chain=null
[DEBUG] handled=true async=false committed=false on HttpChannelOverHttp@f268a5a{s=HttpChannelState@2e8f904b{s=HANDLING rs=BLOCKING os=OPEN is=IDLE awp=false se=false i=true al=0},r=24,c=false/false,a=HANDLING,uri=//localhost:38858/RedirectServlet,age=0}
[DEBUG] unhandle HttpChannelState@2e8f904b{s=HANDLING rs=BLOCKING os=OPEN is=IDLE awp=false se=false i=true al=0}
[DEBUG] nextAction(false) COMPLETE HttpChannelState@2e8f904b{s=HANDLING rs=COMPLETING os=OPEN is=IDLE awp=false se=false i=false al=0}
[DEBUG] action COMPLETE HttpChannelOverHttp@f268a5a{s=HttpChannelState@2e8f904b{s=HANDLING rs=COMPLETING os=OPEN is=IDLE awp=false se=false i=false al=0},r=24,c=false/false,a=HANDLING,uri=//localhost:38858/RedirectServlet,age=1}
[DEBUG] filled 0 HeapByteBuffer@41e05b38[p=0,l=0,c=8192,r=0]={<<<>>>GET /File...\x00\x00\x00\x00\x00\x00\x00}
[DEBUG] filled 0 HeapByteBuffer@41e05b38[p=0,l=0,c=8192,r=0]={<<<>>>GET /File...\x00\x00\x00\x00\x00\x00\x00}
[DEBUG] HttpConnection@3be4ecda::SocketChannelEndPoint@122254ce{l=/127.0.0.1:38858,r=/127.0.0.1:42942,OPEN,fill=-,flush=-,to=1/30000}{io=0/0,kio=0,kro=1}->HttpConnection@3be4ecda[p=HttpParser{s=CONTENT,0 of -1},g=HttpGenerator@af7230{s=START}]=>HttpChannelOverHttp@f268a5a{s=HttpChannelState@2e8f904b{s=HANDLING rs=COMPLETING os=OPEN is=IDLE awp=false se=false i=false al=0},r=24,c=false/false,a=HANDLING,uri=//localhost:38858/RedirectServlet,age=1} filled 0 HeapByteBuffer@41e05b38[p=0,l=0,c=8192,r=0]={<<<>>>GET /File...\x00\x00\x00\x00\x00\x00\x00}
[DEBUG] HttpConnection@3be4ecda::SocketChannelEndPoint@122254ce{l=/127.0.0.1:38858,r=/127.0.0.1:42942,OPEN,fill=-,flush=-,to=1/30000}{io=0/0,kio=0,kro=1}->HttpConnection@3be4ecda[p=HttpParser{s=CONTENT,0 of -1},g=HttpGenerator@af7230{s=START}]=>HttpChannelOverHttp@f268a5a{s=HttpChannelState@2e8f904b{s=HANDLING rs=COMPLETING os=OPEN is=IDLE awp=false se=false i=false al=0},r=24,c=false/false,a=HANDLING,uri=//localhost:38858/RedirectServlet,age=1} parse HeapByteBuffer@41e05b38[p=0,l=0,c=8192,r=0]={<<<>>>GET /File...\x00\x00\x00\x00\x00\x00\x00} {}
[DEBUG] parseNext s=CONTENT HeapByteBuffer@41e05b38[p=0,l=0,c=8192,r=0]={<<<>>>GET /File...\x00\x00\x00\x00\x00\x00\x00}
[DEBUG] CONTENT --> CONTENT_END
[DEBUG] onContentComplete HttpChannelOverHttp@f268a5a{s=HttpChannelState@2e8f904b{s=HANDLING rs=COMPLETING os=OPEN is=IDLE awp=false se=false i=false al=0},r=24,c=false/false,a=HANDLING,uri=//localhost:38858/RedirectServlet,age=1}
[DEBUG] CONTENT_END --> END
[DEBUG] onRequestComplete HttpChannelOverHttp@f268a5a{s=HttpChannelState@2e8f904b{s=HANDLING rs=COMPLETING os=OPEN is=IDLE awp=false se=false i=false al=0},r=24,c=false/false,a=HANDLING,uri=//localhost:38858/RedirectServlet,age=1}
[DEBUG] HttpInputOverHTTP@5e34fa8b[c=0,q=0,[0]=null,s=STREAM] addContent EOF
[DEBUG] HttpConnection@3be4ecda::SocketChannelEndPoint@122254ce{l=/127.0.0.1:38858,r=/127.0.0.1:42942,OPEN,fill=-,flush=-,to=1/30000}{io=0/0,kio=0,kro=1}->HttpConnection@3be4ecda[p=HttpParser{s=END,0 of -1},g=HttpGenerator@af7230{s=START}]=>HttpChannelOverHttp@f268a5a{s=HttpChannelState@2e8f904b{s=HANDLING rs=COMPLETING os=OPEN is=IDLE awp=false se=false i=false al=0},r=24,c=false/false,a=HANDLING,uri=//localhost:38858/RedirectServlet,age=1} parsed false HttpParser{s=END,0 of -1}
[DEBUG] releaseRequestBuffer HttpConnection@3be4ecda::SocketChannelEndPoint@122254ce{l=/127.0.0.1:38858,r=/127.0.0.1:42942,OPEN,fill=-,flush=-,to=1/30000}{io=0/0,kio=0,kro=1}->HttpConnection@3be4ecda[p=HttpParser{s=END,0 of -1},g=HttpGenerator@af7230{s=START}]=>HttpChannelOverHttp@f268a5a{s=HttpChannelState@2e8f904b{s=HANDLING rs=COMPLETING os=OPEN is=IDLE awp=false se=false i=false al=0},r=24,c=false/false,a=HANDLING,uri=//localhost:38858/RedirectServlet,age=1}
[DEBUG] complete(org.eclipse.jetty.util.Callback$3@4ddf7e0c) s=CLOSING,api=BLOCKED,sc=false,e=null s=false e=null, c=HeapByteBuffer@11848662[p=0,l=0,c=0,r=0]={<<<>>>}
[DEBUG] sendResponse info=null content=HeapByteBuffer@11848662[p=0,l=0,c=0,r=0]={<<<>>>} complete=true committing=true callback=org.eclipse.jetty.server.HttpOutput$WriteCompleteCB@66a2be0a
[DEBUG] COMMIT for /RedirectServlet on HttpChannelOverHttp@f268a5a{s=HttpChannelState@2e8f904b{s=HANDLING rs=COMPLETING os=COMMITTED is=IDLE awp=false se=false i=false al=0},r=24,c=false/false,a=HANDLING,uri=//localhost:38858/RedirectServlet,age=1}
302 null HTTP/1.1
Date: Mon, 20 Sep 2021 19:30:13 GMT
Location: 


[DEBUG] generate: NEED_HEADER for SendCallback@2c1836a[PROCESSING][i=HTTP/1.1{s=302,h=2,cl=-1},cb=org.eclipse.jetty.server.HttpChannel$SendCallback@30b1e90e] (null,[p=0,l=0,c=0,r=0],true)@START
[DEBUG] generateHeaders HTTP/1.1{s=302,h=2,cl=-1} last=true content=HeapByteBuffer@11848662[p=0,l=0,c=0,r=0]={<<<>>>}
[DEBUG] Date: Mon, 20 Sep 2021 19:30:13 GMT
Location: 


[DEBUG] CONTENT_LENGTH
[DEBUG] generate: FLUSH for SendCallback@2c1836a[PROCESSING][i=HTTP/1.1{s=302,h=2,cl=-1},cb=org.eclipse.jetty.server.HttpChannel$SendCallback@30b1e90e] ([p=0,l=123,c=8192,r=123],[p=0,l=0,c=0,r=0],true)@COMPLETING
[DEBUG] write: WriteFlusher@653abf25{IDLE}->null [HeapByteBuffer@22b9b50d[p=0,l=123,c=8192,r=123]={<<<HTTP/1.1 302 Found\r\nDate:...y(9.4.43.v20210629)\r\n\r\n>>>er: Jetty...\x86&h\xA0{\xC1\xC2}]
[DEBUG] update WriteFlusher@653abf25{WRITING}->null:IDLE-->WRITING
[DEBUG] flushed 123 SocketChannelEndPoint@122254ce{l=/127.0.0.1:38858,r=/127.0.0.1:42942,OPEN,fill=-,flush=W,to=11/30000}{io=0/0,kio=0,kro=1}->HttpConnection@3be4ecda[p=HttpParser{s=END,0 of -1},g=HttpGenerator@af7230{s=COMPLETING}]=>HttpChannelOverHttp@f268a5a{s=HttpChannelState@2e8f904b{s=HANDLING rs=COMPLETING os=COMMITTED is=IDLE awp=false se=false i=false al=0},r=24,c=false/false,a=HANDLING,uri=//localhost:38858/RedirectServlet,age=11}
[DEBUG] Flushed=true written=123 remaining=0 WriteFlusher@653abf25{WRITING}->null
[DEBUG] update WriteFlusher@653abf25{IDLE}->null:WRITING-->IDLE
[DEBUG] generate: DONE for SendCallback@2c1836a[PROCESSING][i=HTTP/1.1{s=302,h=2,cl=-1},cb=org.eclipse.jetty.server.HttpChannel$SendCallback@30b1e90e] ([p=123,l=123,c=8192,r=0],[p=0,l=0,c=0,r=0],true)@END
[DEBUG] onWriteComplete(true,null) s=CLOSING,api=BLOCKED,sc=false,e=null->s=CLOSED,api=BLOCKING,sc=false,e=null c=null cb=org.eclipse.jetty.util.Callback$3@4ddf7e0c w=false
[DEBUG] completed HttpChannelState@2e8f904b{s=HANDLING rs=COMPLETING os=COMPLETED is=IDLE awp=false se=false i=false al=0}
[DEBUG] unhandle HttpChannelState@2e8f904b{s=HANDLING rs=COMPLETED os=COMPLETED is=IDLE awp=false se=false i=false al=0}
[DEBUG] nextAction(false) TERMINATED HttpChannelState@2e8f904b{s=IDLE rs=COMPLETED os=COMPLETED is=IDLE awp=false se=false i=false al=0}
[DEBUG] action TERMINATED HttpChannelOverHttp@f268a5a{s=HttpChannelState@2e8f904b{s=IDLE rs=COMPLETED os=COMPLETED is=IDLE awp=false se=false i=false al=0},r=24,c=true/true,a=IDLE,uri=//localhost:38858/RedirectServlet,age=12}
[DEBUG] onCompleted for /RedirectServlet written=0
[DEBUG] recycle HttpChannelState@2e8f904b{s=IDLE rs=COMPLETED os=COMPLETED is=IDLE awp=false se=false i=false al=0}
[DEBUG] reset HttpParser{s=END,0 of -1}
[DEBUG] END --> START
[DEBUG] !handle TERMINATED HttpChannelOverHttp@f268a5a{s=HttpChannelState@2e8f904b{s=IDLE rs=BLOCKING os=OPEN is=IDLE awp=false se=false i=true al=0},r=24,c=false/false,a=IDLE,uri=null,age=0}
[DEBUG] filled 294 HeapByteBuffer@78a30358[p=0,l=294,c=8192,r=294]={<<<GET /RedirectServlet HTTP...nection: keep-alive\r\n\r\n>>>g, *; q=....\x00\x00\x00\x00\x00\x00\x00}
[DEBUG] HttpConnection@3be4ecda::SocketChannelEndPoint@122254ce{l=/127.0.0.1:38858,r=/127.0.0.1:42942,OPEN,fill=-,flush=-,to=0/30000}{io=0/0,kio=0,kro=1}->HttpConnection@3be4ecda[p=HttpParser{s=START,0 of -1},g=HttpGenerator@af7230{s=START}]=>HttpChannelOverHttp@f268a5a{s=HttpChannelState@2e8f904b{s=IDLE rs=BLOCKING os=OPEN is=IDLE awp=false se=false i=true al=0},r=24,c=false/false,a=IDLE,uri=null,age=0} filled 294 HeapByteBuffer@78a30358[p=0,l=294,c=8192,r=294]={<<<GET /RedirectServlet HTTP...nection: keep-alive\r\n\r\n>>>g, *; q=....\x00\x00\x00\x00\x00\x00\x00}
[DEBUG] HttpConnection@3be4ecda::SocketChannelEndPoint@122254ce{l=/127.0.0.1:38858,r=/127.0.0.1:42942,OPEN,fill=-,flush=-,to=0/30000}{io=0/0,kio=0,kro=1}->HttpConnection@3be4ecda[p=HttpParser{s=START,0 of -1},g=HttpGenerator@af7230{s=START}]=>HttpChannelOverHttp@f268a5a{s=HttpChannelState@2e8f904b{s=IDLE rs=BLOCKING os=OPEN is=IDLE awp=false se=false i=true al=0},r=24,c=false/false,a=IDLE,uri=null,age=0} parse HeapByteBuffer@78a30358[p=0,l=294,c=8192,r=294]={<<<GET /RedirectServlet HTTP...nection: keep-alive\r\n\r\n>>>g, *; q=....\x00\x00\x00\x00\x00\x00\x00} {}
[DEBUG] parseNext s=START HeapByteBuffer@78a30358[p=0,l=294,c=8192,r=294]={<<<GET /RedirectServlet HTTP...nection: keep-alive\r\n\r\n>>>g, *; q=....\x00\x00\x00\x00\x00\x00\x00}
[DEBUG] START --> SPACE1
[DEBUG] SPACE1 --> URI
[DEBUG] URI --> SPACE2
[DEBUG] SPACE2 --> REQUEST_VERSION
[DEBUG] REQUEST_VERSION --> HEADER
[DEBUG] HEADER:Accept-Encoding: gzip --> IN_VALUE
[DEBUG] HEADER:Accept-Encoding: gzip --> FIELD
[DEBUG] HEADER:User-Agent: Mozilla/5.0 (Windows NT 10.0; Win64; x64) AppleWebKit/537.36 (KHTML, like Gecko) Chrome/79.0.3945.130 Safari/537.36 --> IN_VALUE
[DEBUG] HEADER:User-Agent: Mozilla/5.0 (Windows NT 10.0; Win64; x64) AppleWebKit/537.36 (KHTML, like Gecko) Chrome/79.0.3945.130 Safari/537.36 --> FIELD
[DEBUG] HEADER:Host: localhost:38858 --> IN_VALUE
[DEBUG] HEADER:Host: localhost:38858 --> FIELD
[DEBUG] HEADER:Accept: text/html, image/gif, image/jpeg, *; q=.2, */*; q=.2 --> IN_VALUE
[DEBUG] HEADER:Accept: text/html, image/gif, image/jpeg, *; q=.2, */*; q=.2 --> FIELD
[DEBUG] HEADER:Connection: keep-alive --> IN_VALUE
[DEBUG] HEADER:Connection: keep-alive --> FIELD
[DEBUG] HEADER --> CONTENT
[DEBUG] REQUEST for //localhost:38858/RedirectServlet on HttpChannelOverHttp@f268a5a{s=HttpChannelState@2e8f904b{s=IDLE rs=BLOCKING os=OPEN is=IDLE awp=false se=false i=true al=0},r=25,c=false/false,a=IDLE,uri=//localhost:38858/RedirectServlet,age=0}
GET //localhost:38858/RedirectServlet HTTP/1.1
Accept-Encoding: gzip
User-Agent: Mozilla/5.0 (Windows NT 10.0; Win64; x64) AppleWebKit/537.36 (KHTML, like Gecko) Chrome/79.0.3945.130 Safari/537.36
Host: localhost:38858
Accept: text/html, image/gif, image/jpeg, *; q=.2, */*; q=.2
Connection: keep-alive


[DEBUG] HttpConnection@3be4ecda::SocketChannelEndPoint@122254ce{l=/127.0.0.1:38858,r=/127.0.0.1:42942,OPEN,fill=-,flush=-,to=0/30000}{io=0/0,kio=0,kro=1}->HttpConnection@3be4ecda[p=HttpParser{s=CONTENT,0 of -1},g=HttpGenerator@af7230{s=START}]=>HttpChannelOverHttp@f268a5a{s=HttpChannelState@2e8f904b{s=IDLE rs=BLOCKING os=OPEN is=IDLE awp=false se=false i=true al=0},r=25,c=false/false,a=IDLE,uri=//localhost:38858/RedirectServlet,age=1} parsed true HttpParser{s=CONTENT,0 of -1}
[DEBUG] releaseRequestBuffer HttpConnection@3be4ecda::SocketChannelEndPoint@122254ce{l=/127.0.0.1:38858,r=/127.0.0.1:42942,OPEN,fill=-,flush=-,to=0/30000}{io=0/0,kio=0,kro=1}->HttpConnection@3be4ecda[p=HttpParser{s=CONTENT,0 of -1},g=HttpGenerator@af7230{s=START}]=>HttpChannelOverHttp@f268a5a{s=HttpChannelState@2e8f904b{s=IDLE rs=BLOCKING os=OPEN is=IDLE awp=false se=false i=true al=0},r=25,c=false/false,a=IDLE,uri=//localhost:38858/RedirectServlet,age=1}
[DEBUG] handle //localhost:38858/RedirectServlet HttpChannelOverHttp@f268a5a{s=HttpChannelState@2e8f904b{s=IDLE rs=BLOCKING os=OPEN is=IDLE awp=false se=false i=true al=0},r=25,c=false/false,a=IDLE,uri=//localhost:38858/RedirectServlet,age=1} 
[DEBUG] handling HttpChannelState@2e8f904b{s=IDLE rs=BLOCKING os=OPEN is=IDLE awp=false se=false i=true al=0}
[DEBUG] action DISPATCH HttpChannelOverHttp@f268a5a{s=HttpChannelState@2e8f904b{s=HANDLING rs=BLOCKING os=OPEN is=IDLE awp=false se=false i=true al=0},r=25,c=false/false,a=HANDLING,uri=//localhost:38858/RedirectServlet,age=1}
[DEBUG] REQUEST GET /RedirectServlet on HttpChannelOverHttp@f268a5a{s=HttpChannelState@2e8f904b{s=HANDLING rs=BLOCKING os=OPEN is=IDLE awp=false se=false i=true al=0},r=25,c=false/false,a=HANDLING,uri=//localhost:38858/RedirectServlet,age=1}
[DEBUG] servlet null|/RedirectServlet|null -> org.jsoup.integration.servlets.RedirectServlet-56febdc==org.jsoup.integration.servlets.RedirectServlet@decc268e{jsp=null,order=-1,inst=true,async=true,src=EMBEDDED:null,STARTED}
[DEBUG] chain=null
[DEBUG] handled=true async=false committed=false on HttpChannelOverHttp@f268a5a{s=HttpChannelState@2e8f904b{s=HANDLING rs=BLOCKING os=OPEN is=IDLE awp=false se=false i=true al=0},r=25,c=false/false,a=HANDLING,uri=//localhost:38858/RedirectServlet,age=1}
[DEBUG] unhandle HttpChannelState@2e8f904b{s=HANDLING rs=BLOCKING os=OPEN is=IDLE awp=false se=false i=true al=0}
[DEBUG] nextAction(false) COMPLETE HttpChannelState@2e8f904b{s=HANDLING rs=COMPLETING os=OPEN is=IDLE awp=false se=false i=false al=0}
[DEBUG] action COMPLETE HttpChannelOverHttp@f268a5a{s=HttpChannelState@2e8f904b{s=HANDLING rs=COMPLETING os=OPEN is=IDLE awp=false se=false i=false al=0},r=25,c=false/false,a=HANDLING,uri=//localhost:38858/RedirectServlet,age=1}
[DEBUG] filled 0 HeapByteBuffer@41e05b38[p=0,l=0,c=8192,r=0]={<<<>>>GET /File...\x00\x00\x00\x00\x00\x00\x00}
[DEBUG] filled 0 HeapByteBuffer@41e05b38[p=0,l=0,c=8192,r=0]={<<<>>>GET /File...\x00\x00\x00\x00\x00\x00\x00}
[DEBUG] HttpConnection@3be4ecda::SocketChannelEndPoint@122254ce{l=/127.0.0.1:38858,r=/127.0.0.1:42942,OPEN,fill=-,flush=-,to=1/30000}{io=0/0,kio=0,kro=1}->HttpConnection@3be4ecda[p=HttpParser{s=CONTENT,0 of -1},g=HttpGenerator@af7230{s=START}]=>HttpChannelOverHttp@f268a5a{s=HttpChannelState@2e8f904b{s=HANDLING rs=COMPLETING os=OPEN is=IDLE awp=false se=false i=false al=0},r=25,c=false/false,a=HANDLING,uri=//localhost:38858/RedirectServlet,age=1} filled 0 HeapByteBuffer@41e05b38[p=0,l=0,c=8192,r=0]={<<<>>>GET /File...\x00\x00\x00\x00\x00\x00\x00}
[DEBUG] HttpConnection@3be4ecda::SocketChannelEndPoint@122254ce{l=/127.0.0.1:38858,r=/127.0.0.1:42942,OPEN,fill=-,flush=-,to=1/30000}{io=0/0,kio=0,kro=1}->HttpConnection@3be4ecda[p=HttpParser{s=CONTENT,0 of -1},g=HttpGenerator@af7230{s=START}]=>HttpChannelOverHttp@f268a5a{s=HttpChannelState@2e8f904b{s=HANDLING rs=COMPLETING os=OPEN is=IDLE awp=false se=false i=false al=0},r=25,c=false/false,a=HANDLING,uri=//localhost:38858/RedirectServlet,age=1} parse HeapByteBuffer@41e05b38[p=0,l=0,c=8192,r=0]={<<<>>>GET /File...\x00\x00\x00\x00\x00\x00\x00} {}
[DEBUG] parseNext s=CONTENT HeapByteBuffer@41e05b38[p=0,l=0,c=8192,r=0]={<<<>>>GET /File...\x00\x00\x00\x00\x00\x00\x00}
[DEBUG] CONTENT --> CONTENT_END
[DEBUG] onContentComplete HttpChannelOverHttp@f268a5a{s=HttpChannelState@2e8f904b{s=HANDLING rs=COMPLETING os=OPEN is=IDLE awp=false se=false i=false al=0},r=25,c=false/false,a=HANDLING,uri=//localhost:38858/RedirectServlet,age=1}
[DEBUG] CONTENT_END --> END
[DEBUG] onRequestComplete HttpChannelOverHttp@f268a5a{s=HttpChannelState@2e8f904b{s=HANDLING rs=COMPLETING os=OPEN is=IDLE awp=false se=false i=false al=0},r=25,c=false/false,a=HANDLING,uri=//localhost:38858/RedirectServlet,age=1}
[DEBUG] HttpInputOverHTTP@5e34fa8b[c=0,q=0,[0]=null,s=STREAM] addContent EOF
[DEBUG] HttpConnection@3be4ecda::SocketChannelEndPoint@122254ce{l=/127.0.0.1:38858,r=/127.0.0.1:42942,OPEN,fill=-,flush=-,to=1/30000}{io=0/0,kio=0,kro=1}->HttpConnection@3be4ecda[p=HttpParser{s=END,0 of -1},g=HttpGenerator@af7230{s=START}]=>HttpChannelOverHttp@f268a5a{s=HttpChannelState@2e8f904b{s=HANDLING rs=COMPLETING os=OPEN is=IDLE awp=false se=false i=false al=0},r=25,c=false/false,a=HANDLING,uri=//localhost:38858/RedirectServlet,age=1} parsed false HttpParser{s=END,0 of -1}
[DEBUG] releaseRequestBuffer HttpConnection@3be4ecda::SocketChannelEndPoint@122254ce{l=/127.0.0.1:38858,r=/127.0.0.1:42942,OPEN,fill=-,flush=-,to=1/30000}{io=0/0,kio=0,kro=1}->HttpConnection@3be4ecda[p=HttpParser{s=END,0 of -1},g=HttpGenerator@af7230{s=START}]=>HttpChannelOverHttp@f268a5a{s=HttpChannelState@2e8f904b{s=HANDLING rs=COMPLETING os=OPEN is=IDLE awp=false se=false i=false al=0},r=25,c=false/false,a=HANDLING,uri=//localhost:38858/RedirectServlet,age=2}
[DEBUG] complete(org.eclipse.jetty.util.Callback$3@1b7f4278) s=CLOSING,api=BLOCKED,sc=false,e=null s=false e=null, c=HeapByteBuffer@11848662[p=0,l=0,c=0,r=0]={<<<>>>}
[DEBUG] sendResponse info=null content=HeapByteBuffer@11848662[p=0,l=0,c=0,r=0]={<<<>>>} complete=true committing=true callback=org.eclipse.jetty.server.HttpOutput$WriteCompleteCB@2de66005
[DEBUG] COMMIT for /RedirectServlet on HttpChannelOverHttp@f268a5a{s=HttpChannelState@2e8f904b{s=HANDLING rs=COMPLETING os=COMMITTED is=IDLE awp=false se=false i=false al=0},r=25,c=false/false,a=HANDLING,uri=//localhost:38858/RedirectServlet,age=2}
302 null HTTP/1.1
Date: Mon, 20 Sep 2021 19:30:13 GMT
Location: 


[DEBUG] generate: NEED_HEADER for SendCallback@2c1836a[PROCESSING][i=HTTP/1.1{s=302,h=2,cl=-1},cb=org.eclipse.jetty.server.HttpChannel$SendCallback@5e47d95d] (null,[p=0,l=0,c=0,r=0],true)@START
[DEBUG] generateHeaders HTTP/1.1{s=302,h=2,cl=-1} last=true content=HeapByteBuffer@11848662[p=0,l=0,c=0,r=0]={<<<>>>}
[DEBUG] Date: Mon, 20 Sep 2021 19:30:13 GMT
Location: 


[DEBUG] CONTENT_LENGTH
[DEBUG] generate: FLUSH for SendCallback@2c1836a[PROCESSING][i=HTTP/1.1{s=302,h=2,cl=-1},cb=org.eclipse.jetty.server.HttpChannel$SendCallback@5e47d95d] ([p=0,l=123,c=8192,r=123],[p=0,l=0,c=0,r=0],true)@COMPLETING
[DEBUG] write: WriteFlusher@653abf25{IDLE}->null [HeapByteBuffer@22b9b50d[p=0,l=123,c=8192,r=123]={<<<HTTP/1.1 302 Found\r\nDate:...y(9.4.43.v20210629)\r\n\r\n>>>er: Jetty...\x86&h\xA0{\xC1\xC2}]
[DEBUG] update WriteFlusher@653abf25{WRITING}->null:IDLE-->WRITING
[DEBUG] flushed 123 SocketChannelEndPoint@122254ce{l=/127.0.0.1:38858,r=/127.0.0.1:42942,OPEN,fill=-,flush=W,to=10/30000}{io=0/0,kio=0,kro=1}->HttpConnection@3be4ecda[p=HttpParser{s=END,0 of -1},g=HttpGenerator@af7230{s=COMPLETING}]=>HttpChannelOverHttp@f268a5a{s=HttpChannelState@2e8f904b{s=HANDLING rs=COMPLETING os=COMMITTED is=IDLE awp=false se=false i=false al=0},r=25,c=false/false,a=HANDLING,uri=//localhost:38858/RedirectServlet,age=11}
[DEBUG] Flushed=true written=123 remaining=0 WriteFlusher@653abf25{WRITING}->null
[DEBUG] update WriteFlusher@653abf25{IDLE}->null:WRITING-->IDLE
[DEBUG] generate: DONE for SendCallback@2c1836a[PROCESSING][i=HTTP/1.1{s=302,h=2,cl=-1},cb=org.eclipse.jetty.server.HttpChannel$SendCallback@5e47d95d] ([p=123,l=123,c=8192,r=0],[p=0,l=0,c=0,r=0],true)@END
[DEBUG] onWriteComplete(true,null) s=CLOSING,api=BLOCKED,sc=false,e=null->s=CLOSED,api=BLOCKING,sc=false,e=null c=null cb=org.eclipse.jetty.util.Callback$3@1b7f4278 w=false
[DEBUG] completed HttpChannelState@2e8f904b{s=HANDLING rs=COMPLETING os=COMPLETED is=IDLE awp=false se=false i=false al=0}
[DEBUG] unhandle HttpChannelState@2e8f904b{s=HANDLING rs=COMPLETED os=COMPLETED is=IDLE awp=false se=false i=false al=0}
[DEBUG] nextAction(false) TERMINATED HttpChannelState@2e8f904b{s=IDLE rs=COMPLETED os=COMPLETED is=IDLE awp=false se=false i=false al=0}
[DEBUG] action TERMINATED HttpChannelOverHttp@f268a5a{s=HttpChannelState@2e8f904b{s=IDLE rs=COMPLETED os=COMPLETED is=IDLE awp=false se=false i=false al=0},r=25,c=true/true,a=IDLE,uri=//localhost:38858/RedirectServlet,age=11}
[DEBUG] onCompleted for /RedirectServlet written=0
[DEBUG] recycle HttpChannelState@2e8f904b{s=IDLE rs=COMPLETED os=COMPLETED is=IDLE awp=false se=false i=false al=0}
[DEBUG] reset HttpParser{s=END,0 of -1}
[DEBUG] END --> START
[DEBUG] !handle TERMINATED HttpChannelOverHttp@f268a5a{s=HttpChannelState@2e8f904b{s=IDLE rs=BLOCKING os=OPEN is=IDLE awp=false se=false i=true al=0},r=25,c=false/false,a=IDLE,uri=null,age=0}
[DEBUG] filled 294 HeapByteBuffer@78a30358[p=0,l=294,c=8192,r=294]={<<<GET /RedirectServlet HTTP...nection: keep-alive\r\n\r\n>>>g, *; q=....\x00\x00\x00\x00\x00\x00\x00}
[DEBUG] HttpConnection@3be4ecda::SocketChannelEndPoint@122254ce{l=/127.0.0.1:38858,r=/127.0.0.1:42942,OPEN,fill=-,flush=-,to=0/30000}{io=0/0,kio=0,kro=1}->HttpConnection@3be4ecda[p=HttpParser{s=START,0 of -1},g=HttpGenerator@af7230{s=START}]=>HttpChannelOverHttp@f268a5a{s=HttpChannelState@2e8f904b{s=IDLE rs=BLOCKING os=OPEN is=IDLE awp=false se=false i=true al=0},r=25,c=false/false,a=IDLE,uri=null,age=0} filled 294 HeapByteBuffer@78a30358[p=0,l=294,c=8192,r=294]={<<<GET /RedirectServlet HTTP...nection: keep-alive\r\n\r\n>>>g, *; q=....\x00\x00\x00\x00\x00\x00\x00}
[DEBUG] HttpConnection@3be4ecda::SocketChannelEndPoint@122254ce{l=/127.0.0.1:38858,r=/127.0.0.1:42942,OPEN,fill=-,flush=-,to=0/30000}{io=0/0,kio=0,kro=1}->HttpConnection@3be4ecda[p=HttpParser{s=START,0 of -1},g=HttpGenerator@af7230{s=START}]=>HttpChannelOverHttp@f268a5a{s=HttpChannelState@2e8f904b{s=IDLE rs=BLOCKING os=OPEN is=IDLE awp=false se=false i=true al=0},r=25,c=false/false,a=IDLE,uri=null,age=0} parse HeapByteBuffer@78a30358[p=0,l=294,c=8192,r=294]={<<<GET /RedirectServlet HTTP...nection: keep-alive\r\n\r\n>>>g, *; q=....\x00\x00\x00\x00\x00\x00\x00} {}
[DEBUG] parseNext s=START HeapByteBuffer@78a30358[p=0,l=294,c=8192,r=294]={<<<GET /RedirectServlet HTTP...nection: keep-alive\r\n\r\n>>>g, *; q=....\x00\x00\x00\x00\x00\x00\x00}
[DEBUG] START --> SPACE1
[DEBUG] SPACE1 --> URI
[DEBUG] URI --> SPACE2
[DEBUG] SPACE2 --> REQUEST_VERSION
[DEBUG] REQUEST_VERSION --> HEADER
[DEBUG] HEADER:Accept-Encoding: gzip --> IN_VALUE
[DEBUG] HEADER:Accept-Encoding: gzip --> FIELD
[DEBUG] HEADER:User-Agent: Mozilla/5.0 (Windows NT 10.0; Win64; x64) AppleWebKit/537.36 (KHTML, like Gecko) Chrome/79.0.3945.130 Safari/537.36 --> IN_VALUE
[DEBUG] HEADER:User-Agent: Mozilla/5.0 (Windows NT 10.0; Win64; x64) AppleWebKit/537.36 (KHTML, like Gecko) Chrome/79.0.3945.130 Safari/537.36 --> FIELD
[DEBUG] HEADER:Host: localhost:38858 --> IN_VALUE
[DEBUG] HEADER:Host: localhost:38858 --> FIELD
[DEBUG] HEADER:Accept: text/html, image/gif, image/jpeg, *; q=.2, */*; q=.2 --> IN_VALUE
[DEBUG] HEADER:Accept: text/html, image/gif, image/jpeg, *; q=.2, */*; q=.2 --> FIELD
[DEBUG] HEADER:Connection: keep-alive --> IN_VALUE
[DEBUG] HEADER:Connection: keep-alive --> FIELD
[DEBUG] HEADER --> CONTENT
[DEBUG] REQUEST for //localhost:38858/RedirectServlet on HttpChannelOverHttp@f268a5a{s=HttpChannelState@2e8f904b{s=IDLE rs=BLOCKING os=OPEN is=IDLE awp=false se=false i=true al=0},r=26,c=false/false,a=IDLE,uri=//localhost:38858/RedirectServlet,age=0}
GET //localhost:38858/RedirectServlet HTTP/1.1
Accept-Encoding: gzip
User-Agent: Mozilla/5.0 (Windows NT 10.0; Win64; x64) AppleWebKit/537.36 (KHTML, like Gecko) Chrome/79.0.3945.130 Safari/537.36
Host: localhost:38858
Accept: text/html, image/gif, image/jpeg, *; q=.2, */*; q=.2
Connection: keep-alive


[DEBUG] HttpConnection@3be4ecda::SocketChannelEndPoint@122254ce{l=/127.0.0.1:38858,r=/127.0.0.1:42942,OPEN,fill=-,flush=-,to=0/30000}{io=0/0,kio=0,kro=1}->HttpConnection@3be4ecda[p=HttpParser{s=CONTENT,0 of -1},g=HttpGenerator@af7230{s=START}]=>HttpChannelOverHttp@f268a5a{s=HttpChannelState@2e8f904b{s=IDLE rs=BLOCKING os=OPEN is=IDLE awp=false se=false i=true al=0},r=26,c=false/false,a=IDLE,uri=//localhost:38858/RedirectServlet,age=1} parsed true HttpParser{s=CONTENT,0 of -1}
[DEBUG] releaseRequestBuffer HttpConnection@3be4ecda::SocketChannelEndPoint@122254ce{l=/127.0.0.1:38858,r=/127.0.0.1:42942,OPEN,fill=-,flush=-,to=0/30000}{io=0/0,kio=0,kro=1}->HttpConnection@3be4ecda[p=HttpParser{s=CONTENT,0 of -1},g=HttpGenerator@af7230{s=START}]=>HttpChannelOverHttp@f268a5a{s=HttpChannelState@2e8f904b{s=IDLE rs=BLOCKING os=OPEN is=IDLE awp=false se=false i=true al=0},r=26,c=false/false,a=IDLE,uri=//localhost:38858/RedirectServlet,age=1}
[DEBUG] handle //localhost:38858/RedirectServlet HttpChannelOverHttp@f268a5a{s=HttpChannelState@2e8f904b{s=IDLE rs=BLOCKING os=OPEN is=IDLE awp=false se=false i=true al=0},r=26,c=false/false,a=IDLE,uri=//localhost:38858/RedirectServlet,age=1} 
[DEBUG] handling HttpChannelState@2e8f904b{s=IDLE rs=BLOCKING os=OPEN is=IDLE awp=false se=false i=true al=0}
[DEBUG] action DISPATCH HttpChannelOverHttp@f268a5a{s=HttpChannelState@2e8f904b{s=HANDLING rs=BLOCKING os=OPEN is=IDLE awp=false se=false i=true al=0},r=26,c=false/false,a=HANDLING,uri=//localhost:38858/RedirectServlet,age=1}
[DEBUG] REQUEST GET /RedirectServlet on HttpChannelOverHttp@f268a5a{s=HttpChannelState@2e8f904b{s=HANDLING rs=BLOCKING os=OPEN is=IDLE awp=false se=false i=true al=0},r=26,c=false/false,a=HANDLING,uri=//localhost:38858/RedirectServlet,age=1}
[DEBUG] servlet null|/RedirectServlet|null -> org.jsoup.integration.servlets.RedirectServlet-56febdc==org.jsoup.integration.servlets.RedirectServlet@decc268e{jsp=null,order=-1,inst=true,async=true,src=EMBEDDED:null,STARTED}
[DEBUG] chain=null
[DEBUG] handled=true async=false committed=false on HttpChannelOverHttp@f268a5a{s=HttpChannelState@2e8f904b{s=HANDLING rs=BLOCKING os=OPEN is=IDLE awp=false se=false i=true al=0},r=26,c=false/false,a=HANDLING,uri=//localhost:38858/RedirectServlet,age=1}
[DEBUG] unhandle HttpChannelState@2e8f904b{s=HANDLING rs=BLOCKING os=OPEN is=IDLE awp=false se=false i=true al=0}
[DEBUG] nextAction(false) COMPLETE HttpChannelState@2e8f904b{s=HANDLING rs=COMPLETING os=OPEN is=IDLE awp=false se=false i=false al=0}
[DEBUG] action COMPLETE HttpChannelOverHttp@f268a5a{s=HttpChannelState@2e8f904b{s=HANDLING rs=COMPLETING os=OPEN is=IDLE awp=false se=false i=false al=0},r=26,c=false/false,a=HANDLING,uri=//localhost:38858/RedirectServlet,age=1}
[DEBUG] filled 0 HeapByteBuffer@41e05b38[p=0,l=0,c=8192,r=0]={<<<>>>GET /File...\x00\x00\x00\x00\x00\x00\x00}
[DEBUG] filled 0 HeapByteBuffer@41e05b38[p=0,l=0,c=8192,r=0]={<<<>>>GET /File...\x00\x00\x00\x00\x00\x00\x00}
[DEBUG] HttpConnection@3be4ecda::SocketChannelEndPoint@122254ce{l=/127.0.0.1:38858,r=/127.0.0.1:42942,OPEN,fill=-,flush=-,to=1/30000}{io=0/0,kio=0,kro=1}->HttpConnection@3be4ecda[p=HttpParser{s=CONTENT,0 of -1},g=HttpGenerator@af7230{s=START}]=>HttpChannelOverHttp@f268a5a{s=HttpChannelState@2e8f904b{s=HANDLING rs=COMPLETING os=OPEN is=IDLE awp=false se=false i=false al=0},r=26,c=false/false,a=HANDLING,uri=//localhost:38858/RedirectServlet,age=1} filled 0 HeapByteBuffer@41e05b38[p=0,l=0,c=8192,r=0]={<<<>>>GET /File...\x00\x00\x00\x00\x00\x00\x00}
[DEBUG] HttpConnection@3be4ecda::SocketChannelEndPoint@122254ce{l=/127.0.0.1:38858,r=/127.0.0.1:42942,OPEN,fill=-,flush=-,to=1/30000}{io=0/0,kio=0,kro=1}->HttpConnection@3be4ecda[p=HttpParser{s=CONTENT,0 of -1},g=HttpGenerator@af7230{s=START}]=>HttpChannelOverHttp@f268a5a{s=HttpChannelState@2e8f904b{s=HANDLING rs=COMPLETING os=OPEN is=IDLE awp=false se=false i=false al=0},r=26,c=false/false,a=HANDLING,uri=//localhost:38858/RedirectServlet,age=1} parse HeapByteBuffer@41e05b38[p=0,l=0,c=8192,r=0]={<<<>>>GET /File...\x00\x00\x00\x00\x00\x00\x00} {}
[DEBUG] parseNext s=CONTENT HeapByteBuffer@41e05b38[p=0,l=0,c=8192,r=0]={<<<>>>GET /File...\x00\x00\x00\x00\x00\x00\x00}
[DEBUG] CONTENT --> CONTENT_END
[DEBUG] onContentComplete HttpChannelOverHttp@f268a5a{s=HttpChannelState@2e8f904b{s=HANDLING rs=COMPLETING os=OPEN is=IDLE awp=false se=false i=false al=0},r=26,c=false/false,a=HANDLING,uri=//localhost:38858/RedirectServlet,age=1}
[DEBUG] CONTENT_END --> END
[DEBUG] onRequestComplete HttpChannelOverHttp@f268a5a{s=HttpChannelState@2e8f904b{s=HANDLING rs=COMPLETING os=OPEN is=IDLE awp=false se=false i=false al=0},r=26,c=false/false,a=HANDLING,uri=//localhost:38858/RedirectServlet,age=1}
[DEBUG] HttpInputOverHTTP@5e34fa8b[c=0,q=0,[0]=null,s=STREAM] addContent EOF
[DEBUG] HttpConnection@3be4ecda::SocketChannelEndPoint@122254ce{l=/127.0.0.1:38858,r=/127.0.0.1:42942,OPEN,fill=-,flush=-,to=1/30000}{io=0/0,kio=0,kro=1}->HttpConnection@3be4ecda[p=HttpParser{s=END,0 of -1},g=HttpGenerator@af7230{s=START}]=>HttpChannelOverHttp@f268a5a{s=HttpChannelState@2e8f904b{s=HANDLING rs=COMPLETING os=OPEN is=IDLE awp=false se=false i=false al=0},r=26,c=false/false,a=HANDLING,uri=//localhost:38858/RedirectServlet,age=1} parsed false HttpParser{s=END,0 of -1}
[DEBUG] releaseRequestBuffer HttpConnection@3be4ecda::SocketChannelEndPoint@122254ce{l=/127.0.0.1:38858,r=/127.0.0.1:42942,OPEN,fill=-,flush=-,to=1/30000}{io=0/0,kio=0,kro=1}->HttpConnection@3be4ecda[p=HttpParser{s=END,0 of -1},g=HttpGenerator@af7230{s=START}]=>HttpChannelOverHttp@f268a5a{s=HttpChannelState@2e8f904b{s=HANDLING rs=COMPLETING os=OPEN is=IDLE awp=false se=false i=false al=0},r=26,c=false/false,a=HANDLING,uri=//localhost:38858/RedirectServlet,age=1}
[DEBUG] complete(org.eclipse.jetty.util.Callback$3@6101a202) s=CLOSING,api=BLOCKED,sc=false,e=null s=false e=null, c=HeapByteBuffer@11848662[p=0,l=0,c=0,r=0]={<<<>>>}
[DEBUG] sendResponse info=null content=HeapByteBuffer@11848662[p=0,l=0,c=0,r=0]={<<<>>>} complete=true committing=true callback=org.eclipse.jetty.server.HttpOutput$WriteCompleteCB@c40d8
[DEBUG] COMMIT for /RedirectServlet on HttpChannelOverHttp@f268a5a{s=HttpChannelState@2e8f904b{s=HANDLING rs=COMPLETING os=COMMITTED is=IDLE awp=false se=false i=false al=0},r=26,c=false/false,a=HANDLING,uri=//localhost:38858/RedirectServlet,age=2}
302 null HTTP/1.1
Date: Mon, 20 Sep 2021 19:30:13 GMT
Location: 


[DEBUG] generate: NEED_HEADER for SendCallback@2c1836a[PROCESSING][i=HTTP/1.1{s=302,h=2,cl=-1},cb=org.eclipse.jetty.server.HttpChannel$SendCallback@1ef4ee94] (null,[p=0,l=0,c=0,r=0],true)@START
[DEBUG] generateHeaders HTTP/1.1{s=302,h=2,cl=-1} last=true content=HeapByteBuffer@11848662[p=0,l=0,c=0,r=0]={<<<>>>}
[DEBUG] Date: Mon, 20 Sep 2021 19:30:13 GMT
Location: 


[DEBUG] CONTENT_LENGTH
[DEBUG] generate: FLUSH for SendCallback@2c1836a[PROCESSING][i=HTTP/1.1{s=302,h=2,cl=-1},cb=org.eclipse.jetty.server.HttpChannel$SendCallback@1ef4ee94] ([p=0,l=123,c=8192,r=123],[p=0,l=0,c=0,r=0],true)@COMPLETING
[DEBUG] write: WriteFlusher@653abf25{IDLE}->null [HeapByteBuffer@22b9b50d[p=0,l=123,c=8192,r=123]={<<<HTTP/1.1 302 Found\r\nDate:...y(9.4.43.v20210629)\r\n\r\n>>>er: Jetty...\x86&h\xA0{\xC1\xC2}]
[DEBUG] update WriteFlusher@653abf25{WRITING}->null:IDLE-->WRITING
[DEBUG] flushed 123 SocketChannelEndPoint@122254ce{l=/127.0.0.1:38858,r=/127.0.0.1:42942,OPEN,fill=-,flush=W,to=8/30000}{io=0/0,kio=0,kro=1}->HttpConnection@3be4ecda[p=HttpParser{s=END,0 of -1},g=HttpGenerator@af7230{s=COMPLETING}]=>HttpChannelOverHttp@f268a5a{s=HttpChannelState@2e8f904b{s=HANDLING rs=COMPLETING os=COMMITTED is=IDLE awp=false se=false i=false al=0},r=26,c=false/false,a=HANDLING,uri=//localhost:38858/RedirectServlet,age=9}
[DEBUG] Flushed=true written=123 remaining=0 WriteFlusher@653abf25{WRITING}->null
[DEBUG] update WriteFlusher@653abf25{IDLE}->null:WRITING-->IDLE
[DEBUG] generate: DONE for SendCallback@2c1836a[PROCESSING][i=HTTP/1.1{s=302,h=2,cl=-1},cb=org.eclipse.jetty.server.HttpChannel$SendCallback@1ef4ee94] ([p=123,l=123,c=8192,r=0],[p=0,l=0,c=0,r=0],true)@END
[DEBUG] onWriteComplete(true,null) s=CLOSING,api=BLOCKED,sc=false,e=null->s=CLOSED,api=BLOCKING,sc=false,e=null c=null cb=org.eclipse.jetty.util.Callback$3@6101a202 w=false
[DEBUG] completed HttpChannelState@2e8f904b{s=HANDLING rs=COMPLETING os=COMPLETED is=IDLE awp=false se=false i=false al=0}
[DEBUG] unhandle HttpChannelState@2e8f904b{s=HANDLING rs=COMPLETED os=COMPLETED is=IDLE awp=false se=false i=false al=0}
[DEBUG] nextAction(false) TERMINATED HttpChannelState@2e8f904b{s=IDLE rs=COMPLETED os=COMPLETED is=IDLE awp=false se=false i=false al=0}
[DEBUG] action TERMINATED HttpChannelOverHttp@f268a5a{s=HttpChannelState@2e8f904b{s=IDLE rs=COMPLETED os=COMPLETED is=IDLE awp=false se=false i=false al=0},r=26,c=true/true,a=IDLE,uri=//localhost:38858/RedirectServlet,age=9}
[DEBUG] onCompleted for /RedirectServlet written=0
[DEBUG] recycle HttpChannelState@2e8f904b{s=IDLE rs=COMPLETED os=COMPLETED is=IDLE awp=false se=false i=false al=0}
[DEBUG] reset HttpParser{s=END,0 of -1}
[DEBUG] END --> START
[DEBUG] !handle TERMINATED HttpChannelOverHttp@f268a5a{s=HttpChannelState@2e8f904b{s=IDLE rs=BLOCKING os=OPEN is=IDLE awp=false se=false i=true al=0},r=26,c=false/false,a=IDLE,uri=null,age=0}
[DEBUG] filled 294 HeapByteBuffer@78a30358[p=0,l=294,c=8192,r=294]={<<<GET /RedirectServlet HTTP...nection: keep-alive\r\n\r\n>>>g, *; q=....\x00\x00\x00\x00\x00\x00\x00}
[DEBUG] HttpConnection@3be4ecda::SocketChannelEndPoint@122254ce{l=/127.0.0.1:38858,r=/127.0.0.1:42942,OPEN,fill=-,flush=-,to=0/30000}{io=0/0,kio=0,kro=1}->HttpConnection@3be4ecda[p=HttpParser{s=START,0 of -1},g=HttpGenerator@af7230{s=START}]=>HttpChannelOverHttp@f268a5a{s=HttpChannelState@2e8f904b{s=IDLE rs=BLOCKING os=OPEN is=IDLE awp=false se=false i=true al=0},r=26,c=false/false,a=IDLE,uri=null,age=0} filled 294 HeapByteBuffer@78a30358[p=0,l=294,c=8192,r=294]={<<<GET /RedirectServlet HTTP...nection: keep-alive\r\n\r\n>>>g, *; q=....\x00\x00\x00\x00\x00\x00\x00}
[DEBUG] HttpConnection@3be4ecda::SocketChannelEndPoint@122254ce{l=/127.0.0.1:38858,r=/127.0.0.1:42942,OPEN,fill=-,flush=-,to=0/30000}{io=0/0,kio=0,kro=1}->HttpConnection@3be4ecda[p=HttpParser{s=START,0 of -1},g=HttpGenerator@af7230{s=START}]=>HttpChannelOverHttp@f268a5a{s=HttpChannelState@2e8f904b{s=IDLE rs=BLOCKING os=OPEN is=IDLE awp=false se=false i=true al=0},r=26,c=false/false,a=IDLE,uri=null,age=0} parse HeapByteBuffer@78a30358[p=0,l=294,c=8192,r=294]={<<<GET /RedirectServlet HTTP...nection: keep-alive\r\n\r\n>>>g, *; q=....\x00\x00\x00\x00\x00\x00\x00} {}
[DEBUG] parseNext s=START HeapByteBuffer@78a30358[p=0,l=294,c=8192,r=294]={<<<GET /RedirectServlet HTTP...nection: keep-alive\r\n\r\n>>>g, *; q=....\x00\x00\x00\x00\x00\x00\x00}
[DEBUG] START --> SPACE1
[DEBUG] SPACE1 --> URI
[DEBUG] URI --> SPACE2
[DEBUG] SPACE2 --> REQUEST_VERSION
[DEBUG] REQUEST_VERSION --> HEADER
[DEBUG] HEADER:Accept-Encoding: gzip --> IN_VALUE
[DEBUG] HEADER:Accept-Encoding: gzip --> FIELD
[DEBUG] HEADER:User-Agent: Mozilla/5.0 (Windows NT 10.0; Win64; x64) AppleWebKit/537.36 (KHTML, like Gecko) Chrome/79.0.3945.130 Safari/537.36 --> IN_VALUE
[DEBUG] HEADER:User-Agent: Mozilla/5.0 (Windows NT 10.0; Win64; x64) AppleWebKit/537.36 (KHTML, like Gecko) Chrome/79.0.3945.130 Safari/537.36 --> FIELD
[DEBUG] HEADER:Host: localhost:38858 --> IN_VALUE
[DEBUG] HEADER:Host: localhost:38858 --> FIELD
[DEBUG] HEADER:Accept: text/html, image/gif, image/jpeg, *; q=.2, */*; q=.2 --> IN_VALUE
[DEBUG] HEADER:Accept: text/html, image/gif, image/jpeg, *; q=.2, */*; q=.2 --> FIELD
[DEBUG] HEADER:Connection: keep-alive --> IN_VALUE
[DEBUG] HEADER:Connection: keep-alive --> FIELD
[DEBUG] HEADER --> CONTENT
[DEBUG] REQUEST for //localhost:38858/RedirectServlet on HttpChannelOverHttp@f268a5a{s=HttpChannelState@2e8f904b{s=IDLE rs=BLOCKING os=OPEN is=IDLE awp=false se=false i=true al=0},r=27,c=false/false,a=IDLE,uri=//localhost:38858/RedirectServlet,age=0}
GET //localhost:38858/RedirectServlet HTTP/1.1
Accept-Encoding: gzip
User-Agent: Mozilla/5.0 (Windows NT 10.0; Win64; x64) AppleWebKit/537.36 (KHTML, like Gecko) Chrome/79.0.3945.130 Safari/537.36
Host: localhost:38858
Accept: text/html, image/gif, image/jpeg, *; q=.2, */*; q=.2
Connection: keep-alive


[DEBUG] HttpConnection@3be4ecda::SocketChannelEndPoint@122254ce{l=/127.0.0.1:38858,r=/127.0.0.1:42942,OPEN,fill=-,flush=-,to=11/30000}{io=0/0,kio=0,kro=1}->HttpConnection@3be4ecda[p=HttpParser{s=CONTENT,0 of -1},g=HttpGenerator@af7230{s=START}]=>HttpChannelOverHttp@f268a5a{s=HttpChannelState@2e8f904b{s=IDLE rs=BLOCKING os=OPEN is=IDLE awp=false se=false i=true al=0},r=27,c=false/false,a=IDLE,uri=//localhost:38858/RedirectServlet,age=1} parsed true HttpParser{s=CONTENT,0 of -1}
[DEBUG] releaseRequestBuffer HttpConnection@3be4ecda::SocketChannelEndPoint@122254ce{l=/127.0.0.1:38858,r=/127.0.0.1:42942,OPEN,fill=-,flush=-,to=11/30000}{io=0/0,kio=0,kro=1}->HttpConnection@3be4ecda[p=HttpParser{s=CONTENT,0 of -1},g=HttpGenerator@af7230{s=START}]=>HttpChannelOverHttp@f268a5a{s=HttpChannelState@2e8f904b{s=IDLE rs=BLOCKING os=OPEN is=IDLE awp=false se=false i=true al=0},r=27,c=false/false,a=IDLE,uri=//localhost:38858/RedirectServlet,age=1}
[DEBUG] handle //localhost:38858/RedirectServlet HttpChannelOverHttp@f268a5a{s=HttpChannelState@2e8f904b{s=IDLE rs=BLOCKING os=OPEN is=IDLE awp=false se=false i=true al=0},r=27,c=false/false,a=IDLE,uri=//localhost:38858/RedirectServlet,age=1} 
[DEBUG] handling HttpChannelState@2e8f904b{s=IDLE rs=BLOCKING os=OPEN is=IDLE awp=false se=false i=true al=0}
[DEBUG] action DISPATCH HttpChannelOverHttp@f268a5a{s=HttpChannelState@2e8f904b{s=HANDLING rs=BLOCKING os=OPEN is=IDLE awp=false se=false i=true al=0},r=27,c=false/false,a=HANDLING,uri=//localhost:38858/RedirectServlet,age=1}
[DEBUG] REQUEST GET /RedirectServlet on HttpChannelOverHttp@f268a5a{s=HttpChannelState@2e8f904b{s=HANDLING rs=BLOCKING os=OPEN is=IDLE awp=false se=false i=true al=0},r=27,c=false/false,a=HANDLING,uri=//localhost:38858/RedirectServlet,age=1}
[DEBUG] servlet null|/RedirectServlet|null -> org.jsoup.integration.servlets.RedirectServlet-56febdc==org.jsoup.integration.servlets.RedirectServlet@decc268e{jsp=null,order=-1,inst=true,async=true,src=EMBEDDED:null,STARTED}
[DEBUG] chain=null
[DEBUG] handled=true async=false committed=false on HttpChannelOverHttp@f268a5a{s=HttpChannelState@2e8f904b{s=HANDLING rs=BLOCKING os=OPEN is=IDLE awp=false se=false i=true al=0},r=27,c=false/false,a=HANDLING,uri=//localhost:38858/RedirectServlet,age=1}
[DEBUG] unhandle HttpChannelState@2e8f904b{s=HANDLING rs=BLOCKING os=OPEN is=IDLE awp=false se=false i=true al=0}
[DEBUG] nextAction(false) COMPLETE HttpChannelState@2e8f904b{s=HANDLING rs=COMPLETING os=OPEN is=IDLE awp=false se=false i=false al=0}
[DEBUG] action COMPLETE HttpChannelOverHttp@f268a5a{s=HttpChannelState@2e8f904b{s=HANDLING rs=COMPLETING os=OPEN is=IDLE awp=false se=false i=false al=0},r=27,c=false/false,a=HANDLING,uri=//localhost:38858/RedirectServlet,age=1}
[DEBUG] filled 0 HeapByteBuffer@41e05b38[p=0,l=0,c=8192,r=0]={<<<>>>GET /File...\x00\x00\x00\x00\x00\x00\x00}
[DEBUG] filled 0 HeapByteBuffer@41e05b38[p=0,l=0,c=8192,r=0]={<<<>>>GET /File...\x00\x00\x00\x00\x00\x00\x00}
[DEBUG] HttpConnection@3be4ecda::SocketChannelEndPoint@122254ce{l=/127.0.0.1:38858,r=/127.0.0.1:42942,OPEN,fill=-,flush=-,to=12/30000}{io=0/0,kio=0,kro=1}->HttpConnection@3be4ecda[p=HttpParser{s=CONTENT,0 of -1},g=HttpGenerator@af7230{s=START}]=>HttpChannelOverHttp@f268a5a{s=HttpChannelState@2e8f904b{s=HANDLING rs=COMPLETING os=OPEN is=IDLE awp=false se=false i=false al=0},r=27,c=false/false,a=HANDLING,uri=//localhost:38858/RedirectServlet,age=1} filled 0 HeapByteBuffer@41e05b38[p=0,l=0,c=8192,r=0]={<<<>>>GET /File...\x00\x00\x00\x00\x00\x00\x00}
[DEBUG] HttpConnection@3be4ecda::SocketChannelEndPoint@122254ce{l=/127.0.0.1:38858,r=/127.0.0.1:42942,OPEN,fill=-,flush=-,to=12/30000}{io=0/0,kio=0,kro=1}->HttpConnection@3be4ecda[p=HttpParser{s=CONTENT,0 of -1},g=HttpGenerator@af7230{s=START}]=>HttpChannelOverHttp@f268a5a{s=HttpChannelState@2e8f904b{s=HANDLING rs=COMPLETING os=OPEN is=IDLE awp=false se=false i=false al=0},r=27,c=false/false,a=HANDLING,uri=//localhost:38858/RedirectServlet,age=1} parse HeapByteBuffer@41e05b38[p=0,l=0,c=8192,r=0]={<<<>>>GET /File...\x00\x00\x00\x00\x00\x00\x00} {}
[DEBUG] parseNext s=CONTENT HeapByteBuffer@41e05b38[p=0,l=0,c=8192,r=0]={<<<>>>GET /File...\x00\x00\x00\x00\x00\x00\x00}
[DEBUG] CONTENT --> CONTENT_END
[DEBUG] onContentComplete HttpChannelOverHttp@f268a5a{s=HttpChannelState@2e8f904b{s=HANDLING rs=COMPLETING os=OPEN is=IDLE awp=false se=false i=false al=0},r=27,c=false/false,a=HANDLING,uri=//localhost:38858/RedirectServlet,age=9}
[DEBUG] CONTENT_END --> END
[DEBUG] onRequestComplete HttpChannelOverHttp@f268a5a{s=HttpChannelState@2e8f904b{s=HANDLING rs=COMPLETING os=OPEN is=IDLE awp=false se=false i=false al=0},r=27,c=false/false,a=HANDLING,uri=//localhost:38858/RedirectServlet,age=9}
[DEBUG] HttpInputOverHTTP@5e34fa8b[c=0,q=0,[0]=null,s=STREAM] addContent EOF
[DEBUG] HttpConnection@3be4ecda::SocketChannelEndPoint@122254ce{l=/127.0.0.1:38858,r=/127.0.0.1:42942,OPEN,fill=-,flush=-,to=20/30000}{io=0/0,kio=0,kro=1}->HttpConnection@3be4ecda[p=HttpParser{s=END,0 of -1},g=HttpGenerator@af7230{s=START}]=>HttpChannelOverHttp@f268a5a{s=HttpChannelState@2e8f904b{s=HANDLING rs=COMPLETING os=OPEN is=IDLE awp=false se=false i=false al=0},r=27,c=false/false,a=HANDLING,uri=//localhost:38858/RedirectServlet,age=9} parsed false HttpParser{s=END,0 of -1}
[DEBUG] releaseRequestBuffer HttpConnection@3be4ecda::SocketChannelEndPoint@122254ce{l=/127.0.0.1:38858,r=/127.0.0.1:42942,OPEN,fill=-,flush=-,to=20/30000}{io=0/0,kio=0,kro=1}->HttpConnection@3be4ecda[p=HttpParser{s=END,0 of -1},g=HttpGenerator@af7230{s=START}]=>HttpChannelOverHttp@f268a5a{s=HttpChannelState@2e8f904b{s=HANDLING rs=COMPLETING os=OPEN is=IDLE awp=false se=false i=false al=0},r=27,c=false/false,a=HANDLING,uri=//localhost:38858/RedirectServlet,age=9}
[DEBUG] complete(org.eclipse.jetty.util.Callback$3@7e995126) s=CLOSING,api=BLOCKED,sc=false,e=null s=false e=null, c=HeapByteBuffer@11848662[p=0,l=0,c=0,r=0]={<<<>>>}
[DEBUG] sendResponse info=null content=HeapByteBuffer@11848662[p=0,l=0,c=0,r=0]={<<<>>>} complete=true committing=true callback=org.eclipse.jetty.server.HttpOutput$WriteCompleteCB@12e4ed45
[DEBUG] COMMIT for /RedirectServlet on HttpChannelOverHttp@f268a5a{s=HttpChannelState@2e8f904b{s=HANDLING rs=COMPLETING os=COMMITTED is=IDLE awp=false se=false i=false al=0},r=27,c=false/false,a=HANDLING,uri=//localhost:38858/RedirectServlet,age=10}
302 null HTTP/1.1
Date: Mon, 20 Sep 2021 19:30:13 GMT
Location: 


[DEBUG] generate: NEED_HEADER for SendCallback@2c1836a[PROCESSING][i=HTTP/1.1{s=302,h=2,cl=-1},cb=org.eclipse.jetty.server.HttpChannel$SendCallback@708c7541] (null,[p=0,l=0,c=0,r=0],true)@START
[DEBUG] generateHeaders HTTP/1.1{s=302,h=2,cl=-1} last=true content=HeapByteBuffer@11848662[p=0,l=0,c=0,r=0]={<<<>>>}
[DEBUG] Date: Mon, 20 Sep 2021 19:30:13 GMT
Location: 


[DEBUG] CONTENT_LENGTH
[DEBUG] generate: FLUSH for SendCallback@2c1836a[PROCESSING][i=HTTP/1.1{s=302,h=2,cl=-1},cb=org.eclipse.jetty.server.HttpChannel$SendCallback@708c7541] ([p=0,l=123,c=8192,r=123],[p=0,l=0,c=0,r=0],true)@COMPLETING
[DEBUG] write: WriteFlusher@653abf25{IDLE}->null [HeapByteBuffer@22b9b50d[p=0,l=123,c=8192,r=123]={<<<HTTP/1.1 302 Found\r\nDate:...y(9.4.43.v20210629)\r\n\r\n>>>er: Jetty...\x86&h\xA0{\xC1\xC2}]
[DEBUG] update WriteFlusher@653abf25{WRITING}->null:IDLE-->WRITING
[DEBUG] flushed 123 SocketChannelEndPoint@122254ce{l=/127.0.0.1:38858,r=/127.0.0.1:42942,OPEN,fill=-,flush=W,to=21/30000}{io=0/0,kio=0,kro=1}->HttpConnection@3be4ecda[p=HttpParser{s=END,0 of -1},g=HttpGenerator@af7230{s=COMPLETING}]=>HttpChannelOverHttp@f268a5a{s=HttpChannelState@2e8f904b{s=HANDLING rs=COMPLETING os=COMMITTED is=IDLE awp=false se=false i=false al=0},r=27,c=false/false,a=HANDLING,uri=//localhost:38858/RedirectServlet,age=11}
[DEBUG] Flushed=true written=123 remaining=0 WriteFlusher@653abf25{WRITING}->null
[DEBUG] update WriteFlusher@653abf25{IDLE}->null:WRITING-->IDLE
[DEBUG] generate: DONE for SendCallback@2c1836a[PROCESSING][i=HTTP/1.1{s=302,h=2,cl=-1},cb=org.eclipse.jetty.server.HttpChannel$SendCallback@708c7541] ([p=123,l=123,c=8192,r=0],[p=0,l=0,c=0,r=0],true)@END
[DEBUG] onWriteComplete(true,null) s=CLOSING,api=BLOCKED,sc=false,e=null->s=CLOSED,api=BLOCKING,sc=false,e=null c=null cb=org.eclipse.jetty.util.Callback$3@7e995126 w=false
[DEBUG] completed HttpChannelState@2e8f904b{s=HANDLING rs=COMPLETING os=COMPLETED is=IDLE awp=false se=false i=false al=0}
[DEBUG] unhandle HttpChannelState@2e8f904b{s=HANDLING rs=COMPLETED os=COMPLETED is=IDLE awp=false se=false i=false al=0}
[DEBUG] nextAction(false) TERMINATED HttpChannelState@2e8f904b{s=IDLE rs=COMPLETED os=COMPLETED is=IDLE awp=false se=false i=false al=0}
[DEBUG] action TERMINATED HttpChannelOverHttp@f268a5a{s=HttpChannelState@2e8f904b{s=IDLE rs=COMPLETED os=COMPLETED is=IDLE awp=false se=false i=false al=0},r=27,c=true/true,a=IDLE,uri=//localhost:38858/RedirectServlet,age=11}
[DEBUG] onCompleted for /RedirectServlet written=0
[DEBUG] recycle HttpChannelState@2e8f904b{s=IDLE rs=COMPLETED os=COMPLETED is=IDLE awp=false se=false i=false al=0}
[DEBUG] reset HttpParser{s=END,0 of -1}
[DEBUG] END --> START
[DEBUG] !handle TERMINATED HttpChannelOverHttp@f268a5a{s=HttpChannelState@2e8f904b{s=IDLE rs=BLOCKING os=OPEN is=IDLE awp=false se=false i=true al=0},r=27,c=false/false,a=IDLE,uri=null,age=0}
[DEBUG] filled 294 HeapByteBuffer@78a30358[p=0,l=294,c=8192,r=294]={<<<GET /RedirectServlet HTTP...nection: keep-alive\r\n\r\n>>>g, *; q=....\x00\x00\x00\x00\x00\x00\x00}
[DEBUG] HttpConnection@3be4ecda::SocketChannelEndPoint@122254ce{l=/127.0.0.1:38858,r=/127.0.0.1:42942,OPEN,fill=-,flush=-,to=0/30000}{io=0/0,kio=0,kro=1}->HttpConnection@3be4ecda[p=HttpParser{s=START,0 of -1},g=HttpGenerator@af7230{s=START}]=>HttpChannelOverHttp@f268a5a{s=HttpChannelState@2e8f904b{s=IDLE rs=BLOCKING os=OPEN is=IDLE awp=false se=false i=true al=0},r=27,c=false/false,a=IDLE,uri=null,age=0} filled 294 HeapByteBuffer@78a30358[p=0,l=294,c=8192,r=294]={<<<GET /RedirectServlet HTTP...nection: keep-alive\r\n\r\n>>>g, *; q=....\x00\x00\x00\x00\x00\x00\x00}
[DEBUG] HttpConnection@3be4ecda::SocketChannelEndPoint@122254ce{l=/127.0.0.1:38858,r=/127.0.0.1:42942,OPEN,fill=-,flush=-,to=0/30000}{io=0/0,kio=0,kro=1}->HttpConnection@3be4ecda[p=HttpParser{s=START,0 of -1},g=HttpGenerator@af7230{s=START}]=>HttpChannelOverHttp@f268a5a{s=HttpChannelState@2e8f904b{s=IDLE rs=BLOCKING os=OPEN is=IDLE awp=false se=false i=true al=0},r=27,c=false/false,a=IDLE,uri=null,age=0} parse HeapByteBuffer@78a30358[p=0,l=294,c=8192,r=294]={<<<GET /RedirectServlet HTTP...nection: keep-alive\r\n\r\n>>>g, *; q=....\x00\x00\x00\x00\x00\x00\x00} {}
[DEBUG] parseNext s=START HeapByteBuffer@78a30358[p=0,l=294,c=8192,r=294]={<<<GET /RedirectServlet HTTP...nection: keep-alive\r\n\r\n>>>g, *; q=....\x00\x00\x00\x00\x00\x00\x00}
[DEBUG] START --> SPACE1
[DEBUG] SPACE1 --> URI
[DEBUG] URI --> SPACE2
[DEBUG] SPACE2 --> REQUEST_VERSION
[DEBUG] REQUEST_VERSION --> HEADER
[DEBUG] HEADER:Accept-Encoding: gzip --> IN_VALUE
[DEBUG] HEADER:Accept-Encoding: gzip --> FIELD
[DEBUG] HEADER:User-Agent: Mozilla/5.0 (Windows NT 10.0; Win64; x64) AppleWebKit/537.36 (KHTML, like Gecko) Chrome/79.0.3945.130 Safari/537.36 --> IN_VALUE
[DEBUG] HEADER:User-Agent: Mozilla/5.0 (Windows NT 10.0; Win64; x64) AppleWebKit/537.36 (KHTML, like Gecko) Chrome/79.0.3945.130 Safari/537.36 --> FIELD
[DEBUG] HEADER:Host: localhost:38858 --> IN_VALUE
[DEBUG] HEADER:Host: localhost:38858 --> FIELD
[DEBUG] HEADER:Accept: text/html, image/gif, image/jpeg, *; q=.2, */*; q=.2 --> IN_VALUE
[DEBUG] HEADER:Accept: text/html, image/gif, image/jpeg, *; q=.2, */*; q=.2 --> FIELD
[DEBUG] HEADER:Connection: keep-alive --> IN_VALUE
[DEBUG] HEADER:Connection: keep-alive --> FIELD
[DEBUG] HEADER --> CONTENT
[DEBUG] REQUEST for //localhost:38858/RedirectServlet on HttpChannelOverHttp@f268a5a{s=HttpChannelState@2e8f904b{s=IDLE rs=BLOCKING os=OPEN is=IDLE awp=false se=false i=true al=0},r=28,c=false/false,a=IDLE,uri=//localhost:38858/RedirectServlet,age=0}
GET //localhost:38858/RedirectServlet HTTP/1.1
Accept-Encoding: gzip
User-Agent: Mozilla/5.0 (Windows NT 10.0; Win64; x64) AppleWebKit/537.36 (KHTML, like Gecko) Chrome/79.0.3945.130 Safari/537.36
Host: localhost:38858
Accept: text/html, image/gif, image/jpeg, *; q=.2, */*; q=.2
Connection: keep-alive


[DEBUG] HttpConnection@3be4ecda::SocketChannelEndPoint@122254ce{l=/127.0.0.1:38858,r=/127.0.0.1:42942,OPEN,fill=-,flush=-,to=0/30000}{io=0/0,kio=0,kro=1}->HttpConnection@3be4ecda[p=HttpParser{s=CONTENT,0 of -1},g=HttpGenerator@af7230{s=START}]=>HttpChannelOverHttp@f268a5a{s=HttpChannelState@2e8f904b{s=IDLE rs=BLOCKING os=OPEN is=IDLE awp=false se=false i=true al=0},r=28,c=false/false,a=IDLE,uri=//localhost:38858/RedirectServlet,age=0} parsed true HttpParser{s=CONTENT,0 of -1}
[DEBUG] releaseRequestBuffer HttpConnection@3be4ecda::SocketChannelEndPoint@122254ce{l=/127.0.0.1:38858,r=/127.0.0.1:42942,OPEN,fill=-,flush=-,to=0/30000}{io=0/0,kio=0,kro=1}->HttpConnection@3be4ecda[p=HttpParser{s=CONTENT,0 of -1},g=HttpGenerator@af7230{s=START}]=>HttpChannelOverHttp@f268a5a{s=HttpChannelState@2e8f904b{s=IDLE rs=BLOCKING os=OPEN is=IDLE awp=false se=false i=true al=0},r=28,c=false/false,a=IDLE,uri=//localhost:38858/RedirectServlet,age=0}
[DEBUG] handle //localhost:38858/RedirectServlet HttpChannelOverHttp@f268a5a{s=HttpChannelState@2e8f904b{s=IDLE rs=BLOCKING os=OPEN is=IDLE awp=false se=false i=true al=0},r=28,c=false/false,a=IDLE,uri=//localhost:38858/RedirectServlet,age=0} 
[DEBUG] handling HttpChannelState@2e8f904b{s=IDLE rs=BLOCKING os=OPEN is=IDLE awp=false se=false i=true al=0}
[DEBUG] action DISPATCH HttpChannelOverHttp@f268a5a{s=HttpChannelState@2e8f904b{s=HANDLING rs=BLOCKING os=OPEN is=IDLE awp=false se=false i=true al=0},r=28,c=false/false,a=HANDLING,uri=//localhost:38858/RedirectServlet,age=0}
[DEBUG] REQUEST GET /RedirectServlet on HttpChannelOverHttp@f268a5a{s=HttpChannelState@2e8f904b{s=HANDLING rs=BLOCKING os=OPEN is=IDLE awp=false se=false i=true al=0},r=28,c=false/false,a=HANDLING,uri=//localhost:38858/RedirectServlet,age=0}
[DEBUG] servlet null|/RedirectServlet|null -> org.jsoup.integration.servlets.RedirectServlet-56febdc==org.jsoup.integration.servlets.RedirectServlet@decc268e{jsp=null,order=-1,inst=true,async=true,src=EMBEDDED:null,STARTED}
[DEBUG] chain=null
[DEBUG] handled=true async=false committed=false on HttpChannelOverHttp@f268a5a{s=HttpChannelState@2e8f904b{s=HANDLING rs=BLOCKING os=OPEN is=IDLE awp=false se=false i=true al=0},r=28,c=false/false,a=HANDLING,uri=//localhost:38858/RedirectServlet,age=0}
[DEBUG] unhandle HttpChannelState@2e8f904b{s=HANDLING rs=BLOCKING os=OPEN is=IDLE awp=false se=false i=true al=0}
[DEBUG] nextAction(false) COMPLETE HttpChannelState@2e8f904b{s=HANDLING rs=COMPLETING os=OPEN is=IDLE awp=false se=false i=false al=0}
[DEBUG] action COMPLETE HttpChannelOverHttp@f268a5a{s=HttpChannelState@2e8f904b{s=HANDLING rs=COMPLETING os=OPEN is=IDLE awp=false se=false i=false al=0},r=28,c=false/false,a=HANDLING,uri=//localhost:38858/RedirectServlet,age=0}
[DEBUG] filled 0 HeapByteBuffer@41e05b38[p=0,l=0,c=8192,r=0]={<<<>>>GET /File...\x00\x00\x00\x00\x00\x00\x00}
[DEBUG] filled 0 HeapByteBuffer@41e05b38[p=0,l=0,c=8192,r=0]={<<<>>>GET /File...\x00\x00\x00\x00\x00\x00\x00}
[DEBUG] HttpConnection@3be4ecda::SocketChannelEndPoint@122254ce{l=/127.0.0.1:38858,r=/127.0.0.1:42942,OPEN,fill=-,flush=-,to=1/30000}{io=0/0,kio=0,kro=1}->HttpConnection@3be4ecda[p=HttpParser{s=CONTENT,0 of -1},g=HttpGenerator@af7230{s=START}]=>HttpChannelOverHttp@f268a5a{s=HttpChannelState@2e8f904b{s=HANDLING rs=COMPLETING os=OPEN is=IDLE awp=false se=false i=false al=0},r=28,c=false/false,a=HANDLING,uri=//localhost:38858/RedirectServlet,age=0} filled 0 HeapByteBuffer@41e05b38[p=0,l=0,c=8192,r=0]={<<<>>>GET /File...\x00\x00\x00\x00\x00\x00\x00}
[DEBUG] HttpConnection@3be4ecda::SocketChannelEndPoint@122254ce{l=/127.0.0.1:38858,r=/127.0.0.1:42942,OPEN,fill=-,flush=-,to=1/30000}{io=0/0,kio=0,kro=1}->HttpConnection@3be4ecda[p=HttpParser{s=CONTENT,0 of -1},g=HttpGenerator@af7230{s=START}]=>HttpChannelOverHttp@f268a5a{s=HttpChannelState@2e8f904b{s=HANDLING rs=COMPLETING os=OPEN is=IDLE awp=false se=false i=false al=0},r=28,c=false/false,a=HANDLING,uri=//localhost:38858/RedirectServlet,age=0} parse HeapByteBuffer@41e05b38[p=0,l=0,c=8192,r=0]={<<<>>>GET /File...\x00\x00\x00\x00\x00\x00\x00} {}
[DEBUG] parseNext s=CONTENT HeapByteBuffer@41e05b38[p=0,l=0,c=8192,r=0]={<<<>>>GET /File...\x00\x00\x00\x00\x00\x00\x00}
[DEBUG] CONTENT --> CONTENT_END
[DEBUG] onContentComplete HttpChannelOverHttp@f268a5a{s=HttpChannelState@2e8f904b{s=HANDLING rs=COMPLETING os=OPEN is=IDLE awp=false se=false i=false al=0},r=28,c=false/false,a=HANDLING,uri=//localhost:38858/RedirectServlet,age=1}
[DEBUG] CONTENT_END --> END
[DEBUG] onRequestComplete HttpChannelOverHttp@f268a5a{s=HttpChannelState@2e8f904b{s=HANDLING rs=COMPLETING os=OPEN is=IDLE awp=false se=false i=false al=0},r=28,c=false/false,a=HANDLING,uri=//localhost:38858/RedirectServlet,age=1}
[DEBUG] HttpInputOverHTTP@5e34fa8b[c=0,q=0,[0]=null,s=STREAM] addContent EOF
[DEBUG] HttpConnection@3be4ecda::SocketChannelEndPoint@122254ce{l=/127.0.0.1:38858,r=/127.0.0.1:42942,OPEN,fill=-,flush=-,to=2/30000}{io=0/0,kio=0,kro=1}->HttpConnection@3be4ecda[p=HttpParser{s=END,0 of -1},g=HttpGenerator@af7230{s=START}]=>HttpChannelOverHttp@f268a5a{s=HttpChannelState@2e8f904b{s=HANDLING rs=COMPLETING os=OPEN is=IDLE awp=false se=false i=false al=0},r=28,c=false/false,a=HANDLING,uri=//localhost:38858/RedirectServlet,age=2} parsed false HttpParser{s=END,0 of -1}
[DEBUG] releaseRequestBuffer HttpConnection@3be4ecda::SocketChannelEndPoint@122254ce{l=/127.0.0.1:38858,r=/127.0.0.1:42942,OPEN,fill=-,flush=-,to=2/30000}{io=0/0,kio=0,kro=1}->HttpConnection@3be4ecda[p=HttpParser{s=END,0 of -1},g=HttpGenerator@af7230{s=START}]=>HttpChannelOverHttp@f268a5a{s=HttpChannelState@2e8f904b{s=HANDLING rs=COMPLETING os=OPEN is=IDLE awp=false se=false i=false al=0},r=28,c=false/false,a=HANDLING,uri=//localhost:38858/RedirectServlet,age=2}
[DEBUG] complete(org.eclipse.jetty.util.Callback$3@49b5a58a) s=CLOSING,api=BLOCKED,sc=false,e=null s=false e=null, c=HeapByteBuffer@11848662[p=0,l=0,c=0,r=0]={<<<>>>}
[DEBUG] sendResponse info=null content=HeapByteBuffer@11848662[p=0,l=0,c=0,r=0]={<<<>>>} complete=true committing=true callback=org.eclipse.jetty.server.HttpOutput$WriteCompleteCB@7d91ddfb
[DEBUG] COMMIT for /RedirectServlet on HttpChannelOverHttp@f268a5a{s=HttpChannelState@2e8f904b{s=HANDLING rs=COMPLETING os=COMMITTED is=IDLE awp=false se=false i=false al=0},r=28,c=false/false,a=HANDLING,uri=//localhost:38858/RedirectServlet,age=2}
302 null HTTP/1.1
Date: Mon, 20 Sep 2021 19:30:13 GMT
Location: 


[DEBUG] generate: NEED_HEADER for SendCallback@2c1836a[PROCESSING][i=HTTP/1.1{s=302,h=2,cl=-1},cb=org.eclipse.jetty.server.HttpChannel$SendCallback@48aa99c9] (null,[p=0,l=0,c=0,r=0],true)@START
[DEBUG] generateHeaders HTTP/1.1{s=302,h=2,cl=-1} last=true content=HeapByteBuffer@11848662[p=0,l=0,c=0,r=0]={<<<>>>}
[DEBUG] Date: Mon, 20 Sep 2021 19:30:13 GMT
Location: 


[DEBUG] CONTENT_LENGTH
[DEBUG] generate: FLUSH for SendCallback@2c1836a[PROCESSING][i=HTTP/1.1{s=302,h=2,cl=-1},cb=org.eclipse.jetty.server.HttpChannel$SendCallback@48aa99c9] ([p=0,l=123,c=8192,r=123],[p=0,l=0,c=0,r=0],true)@COMPLETING
[DEBUG] write: WriteFlusher@653abf25{IDLE}->null [HeapByteBuffer@22b9b50d[p=0,l=123,c=8192,r=123]={<<<HTTP/1.1 302 Found\r\nDate:...y(9.4.43.v20210629)\r\n\r\n>>>er: Jetty...\x86&h\xA0{\xC1\xC2}]
[DEBUG] update WriteFlusher@653abf25{WRITING}->null:IDLE-->WRITING
[DEBUG] flushed 123 SocketChannelEndPoint@122254ce{l=/127.0.0.1:38858,r=/127.0.0.1:42942,OPEN,fill=-,flush=W,to=11/30000}{io=0/0,kio=0,kro=1}->HttpConnection@3be4ecda[p=HttpParser{s=END,0 of -1},g=HttpGenerator@af7230{s=COMPLETING}]=>HttpChannelOverHttp@f268a5a{s=HttpChannelState@2e8f904b{s=HANDLING rs=COMPLETING os=COMMITTED is=IDLE awp=false se=false i=false al=0},r=28,c=false/false,a=HANDLING,uri=//localhost:38858/RedirectServlet,age=11}
[DEBUG] Flushed=true written=123 remaining=0 WriteFlusher@653abf25{WRITING}->null
[DEBUG] update WriteFlusher@653abf25{IDLE}->null:WRITING-->IDLE
[DEBUG] generate: DONE for SendCallback@2c1836a[PROCESSING][i=HTTP/1.1{s=302,h=2,cl=-1},cb=org.eclipse.jetty.server.HttpChannel$SendCallback@48aa99c9] ([p=123,l=123,c=8192,r=0],[p=0,l=0,c=0,r=0],true)@END
[DEBUG] onWriteComplete(true,null) s=CLOSING,api=BLOCKED,sc=false,e=null->s=CLOSED,api=BLOCKING,sc=false,e=null c=null cb=org.eclipse.jetty.util.Callback$3@49b5a58a w=false
[DEBUG] completed HttpChannelState@2e8f904b{s=HANDLING rs=COMPLETING os=COMPLETED is=IDLE awp=false se=false i=false al=0}
[DEBUG] unhandle HttpChannelState@2e8f904b{s=HANDLING rs=COMPLETED os=COMPLETED is=IDLE awp=false se=false i=false al=0}
[DEBUG] nextAction(false) TERMINATED HttpChannelState@2e8f904b{s=IDLE rs=COMPLETED os=COMPLETED is=IDLE awp=false se=false i=false al=0}
[DEBUG] action TERMINATED HttpChannelOverHttp@f268a5a{s=HttpChannelState@2e8f904b{s=IDLE rs=COMPLETED os=COMPLETED is=IDLE awp=false se=false i=false al=0},r=28,c=true/true,a=IDLE,uri=//localhost:38858/RedirectServlet,age=11}
[DEBUG] onCompleted for /RedirectServlet written=0
[DEBUG] recycle HttpChannelState@2e8f904b{s=IDLE rs=COMPLETED os=COMPLETED is=IDLE awp=false se=false i=false al=0}
[DEBUG] reset HttpParser{s=END,0 of -1}
[DEBUG] END --> START
[DEBUG] !handle TERMINATED HttpChannelOverHttp@f268a5a{s=HttpChannelState@2e8f904b{s=IDLE rs=BLOCKING os=OPEN is=IDLE awp=false se=false i=true al=0},r=28,c=false/false,a=IDLE,uri=null,age=0}
[DEBUG] filled 294 HeapByteBuffer@78a30358[p=0,l=294,c=8192,r=294]={<<<GET /RedirectServlet HTTP...nection: keep-alive\r\n\r\n>>>g, *; q=....\x00\x00\x00\x00\x00\x00\x00}
[DEBUG] HttpConnection@3be4ecda::SocketChannelEndPoint@122254ce{l=/127.0.0.1:38858,r=/127.0.0.1:42942,OPEN,fill=-,flush=-,to=0/30000}{io=0/0,kio=0,kro=1}->HttpConnection@3be4ecda[p=HttpParser{s=START,0 of -1},g=HttpGenerator@af7230{s=START}]=>HttpChannelOverHttp@f268a5a{s=HttpChannelState@2e8f904b{s=IDLE rs=BLOCKING os=OPEN is=IDLE awp=false se=false i=true al=0},r=28,c=false/false,a=IDLE,uri=null,age=0} filled 294 HeapByteBuffer@78a30358[p=0,l=294,c=8192,r=294]={<<<GET /RedirectServlet HTTP...nection: keep-alive\r\n\r\n>>>g, *; q=....\x00\x00\x00\x00\x00\x00\x00}
[DEBUG] HttpConnection@3be4ecda::SocketChannelEndPoint@122254ce{l=/127.0.0.1:38858,r=/127.0.0.1:42942,OPEN,fill=-,flush=-,to=0/30000}{io=0/0,kio=0,kro=1}->HttpConnection@3be4ecda[p=HttpParser{s=START,0 of -1},g=HttpGenerator@af7230{s=START}]=>HttpChannelOverHttp@f268a5a{s=HttpChannelState@2e8f904b{s=IDLE rs=BLOCKING os=OPEN is=IDLE awp=false se=false i=true al=0},r=28,c=false/false,a=IDLE,uri=null,age=0} parse HeapByteBuffer@78a30358[p=0,l=294,c=8192,r=294]={<<<GET /RedirectServlet HTTP...nection: keep-alive\r\n\r\n>>>g, *; q=....\x00\x00\x00\x00\x00\x00\x00} {}
[DEBUG] parseNext s=START HeapByteBuffer@78a30358[p=0,l=294,c=8192,r=294]={<<<GET /RedirectServlet HTTP...nection: keep-alive\r\n\r\n>>>g, *; q=....\x00\x00\x00\x00\x00\x00\x00}
[DEBUG] START --> SPACE1
[DEBUG] SPACE1 --> URI
[DEBUG] URI --> SPACE2
[DEBUG] SPACE2 --> REQUEST_VERSION
[DEBUG] REQUEST_VERSION --> HEADER
[DEBUG] HEADER:Accept-Encoding: gzip --> IN_VALUE
[DEBUG] HEADER:Accept-Encoding: gzip --> FIELD
[DEBUG] HEADER:User-Agent: Mozilla/5.0 (Windows NT 10.0; Win64; x64) AppleWebKit/537.36 (KHTML, like Gecko) Chrome/79.0.3945.130 Safari/537.36 --> IN_VALUE
[DEBUG] HEADER:User-Agent: Mozilla/5.0 (Windows NT 10.0; Win64; x64) AppleWebKit/537.36 (KHTML, like Gecko) Chrome/79.0.3945.130 Safari/537.36 --> FIELD
[DEBUG] HEADER:Host: localhost:38858 --> IN_VALUE
[DEBUG] HEADER:Host: localhost:38858 --> FIELD
[DEBUG] HEADER:Accept: text/html, image/gif, image/jpeg, *; q=.2, */*; q=.2 --> IN_VALUE
[DEBUG] HEADER:Accept: text/html, image/gif, image/jpeg, *; q=.2, */*; q=.2 --> FIELD
[DEBUG] HEADER:Connection: keep-alive --> IN_VALUE
[DEBUG] HEADER:Connection: keep-alive --> FIELD
[DEBUG] HEADER --> CONTENT
[DEBUG] REQUEST for //localhost:38858/RedirectServlet on HttpChannelOverHttp@f268a5a{s=HttpChannelState@2e8f904b{s=IDLE rs=BLOCKING os=OPEN is=IDLE awp=false se=false i=true al=0},r=29,c=false/false,a=IDLE,uri=//localhost:38858/RedirectServlet,age=0}
GET //localhost:38858/RedirectServlet HTTP/1.1
Accept-Encoding: gzip
User-Agent: Mozilla/5.0 (Windows NT 10.0; Win64; x64) AppleWebKit/537.36 (KHTML, like Gecko) Chrome/79.0.3945.130 Safari/537.36
Host: localhost:38858
Accept: text/html, image/gif, image/jpeg, *; q=.2, */*; q=.2
Connection: keep-alive


[DEBUG] HttpConnection@3be4ecda::SocketChannelEndPoint@122254ce{l=/127.0.0.1:38858,r=/127.0.0.1:42942,OPEN,fill=-,flush=-,to=0/30000}{io=0/0,kio=0,kro=1}->HttpConnection@3be4ecda[p=HttpParser{s=CONTENT,0 of -1},g=HttpGenerator@af7230{s=START}]=>HttpChannelOverHttp@f268a5a{s=HttpChannelState@2e8f904b{s=IDLE rs=BLOCKING os=OPEN is=IDLE awp=false se=false i=true al=0},r=29,c=false/false,a=IDLE,uri=//localhost:38858/RedirectServlet,age=1} parsed true HttpParser{s=CONTENT,0 of -1}
[DEBUG] releaseRequestBuffer HttpConnection@3be4ecda::SocketChannelEndPoint@122254ce{l=/127.0.0.1:38858,r=/127.0.0.1:42942,OPEN,fill=-,flush=-,to=0/30000}{io=0/0,kio=0,kro=1}->HttpConnection@3be4ecda[p=HttpParser{s=CONTENT,0 of -1},g=HttpGenerator@af7230{s=START}]=>HttpChannelOverHttp@f268a5a{s=HttpChannelState@2e8f904b{s=IDLE rs=BLOCKING os=OPEN is=IDLE awp=false se=false i=true al=0},r=29,c=false/false,a=IDLE,uri=//localhost:38858/RedirectServlet,age=1}
[DEBUG] handle //localhost:38858/RedirectServlet HttpChannelOverHttp@f268a5a{s=HttpChannelState@2e8f904b{s=IDLE rs=BLOCKING os=OPEN is=IDLE awp=false se=false i=true al=0},r=29,c=false/false,a=IDLE,uri=//localhost:38858/RedirectServlet,age=1} 
[DEBUG] handling HttpChannelState@2e8f904b{s=IDLE rs=BLOCKING os=OPEN is=IDLE awp=false se=false i=true al=0}
[DEBUG] action DISPATCH HttpChannelOverHttp@f268a5a{s=HttpChannelState@2e8f904b{s=HANDLING rs=BLOCKING os=OPEN is=IDLE awp=false se=false i=true al=0},r=29,c=false/false,a=HANDLING,uri=//localhost:38858/RedirectServlet,age=1}
[DEBUG] REQUEST GET /RedirectServlet on HttpChannelOverHttp@f268a5a{s=HttpChannelState@2e8f904b{s=HANDLING rs=BLOCKING os=OPEN is=IDLE awp=false se=false i=true al=0},r=29,c=false/false,a=HANDLING,uri=//localhost:38858/RedirectServlet,age=1}
[DEBUG] servlet null|/RedirectServlet|null -> org.jsoup.integration.servlets.RedirectServlet-56febdc==org.jsoup.integration.servlets.RedirectServlet@decc268e{jsp=null,order=-1,inst=true,async=true,src=EMBEDDED:null,STARTED}
[DEBUG] chain=null
[DEBUG] handled=true async=false committed=false on HttpChannelOverHttp@f268a5a{s=HttpChannelState@2e8f904b{s=HANDLING rs=BLOCKING os=OPEN is=IDLE awp=false se=false i=true al=0},r=29,c=false/false,a=HANDLING,uri=//localhost:38858/RedirectServlet,age=1}
[DEBUG] unhandle HttpChannelState@2e8f904b{s=HANDLING rs=BLOCKING os=OPEN is=IDLE awp=false se=false i=true al=0}
[DEBUG] nextAction(false) COMPLETE HttpChannelState@2e8f904b{s=HANDLING rs=COMPLETING os=OPEN is=IDLE awp=false se=false i=false al=0}
[DEBUG] action COMPLETE HttpChannelOverHttp@f268a5a{s=HttpChannelState@2e8f904b{s=HANDLING rs=COMPLETING os=OPEN is=IDLE awp=false se=false i=false al=0},r=29,c=false/false,a=HANDLING,uri=//localhost:38858/RedirectServlet,age=1}
[DEBUG] filled 0 HeapByteBuffer@41e05b38[p=0,l=0,c=8192,r=0]={<<<>>>GET /File...\x00\x00\x00\x00\x00\x00\x00}
[DEBUG] filled 0 HeapByteBuffer@41e05b38[p=0,l=0,c=8192,r=0]={<<<>>>GET /File...\x00\x00\x00\x00\x00\x00\x00}
[DEBUG] HttpConnection@3be4ecda::SocketChannelEndPoint@122254ce{l=/127.0.0.1:38858,r=/127.0.0.1:42942,OPEN,fill=-,flush=-,to=1/30000}{io=0/0,kio=0,kro=1}->HttpConnection@3be4ecda[p=HttpParser{s=CONTENT,0 of -1},g=HttpGenerator@af7230{s=START}]=>HttpChannelOverHttp@f268a5a{s=HttpChannelState@2e8f904b{s=HANDLING rs=COMPLETING os=OPEN is=IDLE awp=false se=false i=false al=0},r=29,c=false/false,a=HANDLING,uri=//localhost:38858/RedirectServlet,age=1} filled 0 HeapByteBuffer@41e05b38[p=0,l=0,c=8192,r=0]={<<<>>>GET /File...\x00\x00\x00\x00\x00\x00\x00}
[DEBUG] HttpConnection@3be4ecda::SocketChannelEndPoint@122254ce{l=/127.0.0.1:38858,r=/127.0.0.1:42942,OPEN,fill=-,flush=-,to=1/30000}{io=0/0,kio=0,kro=1}->HttpConnection@3be4ecda[p=HttpParser{s=CONTENT,0 of -1},g=HttpGenerator@af7230{s=START}]=>HttpChannelOverHttp@f268a5a{s=HttpChannelState@2e8f904b{s=HANDLING rs=COMPLETING os=OPEN is=IDLE awp=false se=false i=false al=0},r=29,c=false/false,a=HANDLING,uri=//localhost:38858/RedirectServlet,age=1} parse HeapByteBuffer@41e05b38[p=0,l=0,c=8192,r=0]={<<<>>>GET /File...\x00\x00\x00\x00\x00\x00\x00} {}
[DEBUG] parseNext s=CONTENT HeapByteBuffer@41e05b38[p=0,l=0,c=8192,r=0]={<<<>>>GET /File...\x00\x00\x00\x00\x00\x00\x00}
[DEBUG] CONTENT --> CONTENT_END
[DEBUG] onContentComplete HttpChannelOverHttp@f268a5a{s=HttpChannelState@2e8f904b{s=HANDLING rs=COMPLETING os=OPEN is=IDLE awp=false se=false i=false al=0},r=29,c=false/false,a=HANDLING,uri=//localhost:38858/RedirectServlet,age=1}
[DEBUG] CONTENT_END --> END
[DEBUG] onRequestComplete HttpChannelOverHttp@f268a5a{s=HttpChannelState@2e8f904b{s=HANDLING rs=COMPLETING os=OPEN is=IDLE awp=false se=false i=false al=0},r=29,c=false/false,a=HANDLING,uri=//localhost:38858/RedirectServlet,age=1}
[DEBUG] HttpInputOverHTTP@5e34fa8b[c=0,q=0,[0]=null,s=STREAM] addContent EOF
[DEBUG] HttpConnection@3be4ecda::SocketChannelEndPoint@122254ce{l=/127.0.0.1:38858,r=/127.0.0.1:42942,OPEN,fill=-,flush=-,to=1/30000}{io=0/0,kio=0,kro=1}->HttpConnection@3be4ecda[p=HttpParser{s=END,0 of -1},g=HttpGenerator@af7230{s=START}]=>HttpChannelOverHttp@f268a5a{s=HttpChannelState@2e8f904b{s=HANDLING rs=COMPLETING os=OPEN is=IDLE awp=false se=false i=false al=0},r=29,c=false/false,a=HANDLING,uri=//localhost:38858/RedirectServlet,age=1} parsed false HttpParser{s=END,0 of -1}
[DEBUG] releaseRequestBuffer HttpConnection@3be4ecda::SocketChannelEndPoint@122254ce{l=/127.0.0.1:38858,r=/127.0.0.1:42942,OPEN,fill=-,flush=-,to=1/30000}{io=0/0,kio=0,kro=1}->HttpConnection@3be4ecda[p=HttpParser{s=END,0 of -1},g=HttpGenerator@af7230{s=START}]=>HttpChannelOverHttp@f268a5a{s=HttpChannelState@2e8f904b{s=HANDLING rs=COMPLETING os=OPEN is=IDLE awp=false se=false i=false al=0},r=29,c=false/false,a=HANDLING,uri=//localhost:38858/RedirectServlet,age=1}
[DEBUG] complete(org.eclipse.jetty.util.Callback$3@5b1fdbe0) s=CLOSING,api=BLOCKED,sc=false,e=null s=false e=null, c=HeapByteBuffer@11848662[p=0,l=0,c=0,r=0]={<<<>>>}
[DEBUG] sendResponse info=null content=HeapByteBuffer@11848662[p=0,l=0,c=0,r=0]={<<<>>>} complete=true committing=true callback=org.eclipse.jetty.server.HttpOutput$WriteCompleteCB@3f62bcfc
[DEBUG] COMMIT for /RedirectServlet on HttpChannelOverHttp@f268a5a{s=HttpChannelState@2e8f904b{s=HANDLING rs=COMPLETING os=COMMITTED is=IDLE awp=false se=false i=false al=0},r=29,c=false/false,a=HANDLING,uri=//localhost:38858/RedirectServlet,age=2}
302 null HTTP/1.1
Date: Mon, 20 Sep 2021 19:30:13 GMT
Location: 


[DEBUG] generate: NEED_HEADER for SendCallback@2c1836a[PROCESSING][i=HTTP/1.1{s=302,h=2,cl=-1},cb=org.eclipse.jetty.server.HttpChannel$SendCallback@4cefd0ee] (null,[p=0,l=0,c=0,r=0],true)@START
[DEBUG] generateHeaders HTTP/1.1{s=302,h=2,cl=-1} last=true content=HeapByteBuffer@11848662[p=0,l=0,c=0,r=0]={<<<>>>}
[DEBUG] Date: Mon, 20 Sep 2021 19:30:13 GMT
Location: 


[DEBUG] CONTENT_LENGTH
[DEBUG] generate: FLUSH for SendCallback@2c1836a[PROCESSING][i=HTTP/1.1{s=302,h=2,cl=-1},cb=org.eclipse.jetty.server.HttpChannel$SendCallback@4cefd0ee] ([p=0,l=123,c=8192,r=123],[p=0,l=0,c=0,r=0],true)@COMPLETING
[DEBUG] write: WriteFlusher@653abf25{IDLE}->null [HeapByteBuffer@22b9b50d[p=0,l=123,c=8192,r=123]={<<<HTTP/1.1 302 Found\r\nDate:...y(9.4.43.v20210629)\r\n\r\n>>>er: Jetty...\x86&h\xA0{\xC1\xC2}]
[DEBUG] update WriteFlusher@653abf25{WRITING}->null:IDLE-->WRITING
[DEBUG] flushed 123 SocketChannelEndPoint@122254ce{l=/127.0.0.1:38858,r=/127.0.0.1:42942,OPEN,fill=-,flush=W,to=5/30000}{io=0/0,kio=0,kro=1}->HttpConnection@3be4ecda[p=HttpParser{s=END,0 of -1},g=HttpGenerator@af7230{s=COMPLETING}]=>HttpChannelOverHttp@f268a5a{s=HttpChannelState@2e8f904b{s=HANDLING rs=COMPLETING os=COMMITTED is=IDLE awp=false se=false i=false al=0},r=29,c=false/false,a=HANDLING,uri=//localhost:38858/RedirectServlet,age=6}
[DEBUG] Flushed=true written=123 remaining=0 WriteFlusher@653abf25{WRITING}->null
[DEBUG] update WriteFlusher@653abf25{IDLE}->null:WRITING-->IDLE
[DEBUG] generate: DONE for SendCallback@2c1836a[PROCESSING][i=HTTP/1.1{s=302,h=2,cl=-1},cb=org.eclipse.jetty.server.HttpChannel$SendCallback@4cefd0ee] ([p=123,l=123,c=8192,r=0],[p=0,l=0,c=0,r=0],true)@END
[DEBUG] onWriteComplete(true,null) s=CLOSING,api=BLOCKED,sc=false,e=null->s=CLOSED,api=BLOCKING,sc=false,e=null c=null cb=org.eclipse.jetty.util.Callback$3@5b1fdbe0 w=false
[DEBUG] completed HttpChannelState@2e8f904b{s=HANDLING rs=COMPLETING os=COMPLETED is=IDLE awp=false se=false i=false al=0}
[DEBUG] unhandle HttpChannelState@2e8f904b{s=HANDLING rs=COMPLETED os=COMPLETED is=IDLE awp=false se=false i=false al=0}
[DEBUG] nextAction(false) TERMINATED HttpChannelState@2e8f904b{s=IDLE rs=COMPLETED os=COMPLETED is=IDLE awp=false se=false i=false al=0}
[DEBUG] action TERMINATED HttpChannelOverHttp@f268a5a{s=HttpChannelState@2e8f904b{s=IDLE rs=COMPLETED os=COMPLETED is=IDLE awp=false se=false i=false al=0},r=29,c=true/true,a=IDLE,uri=//localhost:38858/RedirectServlet,age=6}
[DEBUG] onCompleted for /RedirectServlet written=0
[DEBUG] recycle HttpChannelState@2e8f904b{s=IDLE rs=COMPLETED os=COMPLETED is=IDLE awp=false se=false i=false al=0}
[DEBUG] reset HttpParser{s=END,0 of -1}
[DEBUG] END --> START
[DEBUG] !handle TERMINATED HttpChannelOverHttp@f268a5a{s=HttpChannelState@2e8f904b{s=IDLE rs=BLOCKING os=OPEN is=IDLE awp=false se=false i=true al=0},r=29,c=false/false,a=IDLE,uri=null,age=0}
[DEBUG] filled 294 HeapByteBuffer@78a30358[p=0,l=294,c=8192,r=294]={<<<GET /RedirectServlet HTTP...nection: keep-alive\r\n\r\n>>>g, *; q=....\x00\x00\x00\x00\x00\x00\x00}
[DEBUG] HttpConnection@3be4ecda::SocketChannelEndPoint@122254ce{l=/127.0.0.1:38858,r=/127.0.0.1:42942,OPEN,fill=-,flush=-,to=0/30000}{io=0/0,kio=0,kro=1}->HttpConnection@3be4ecda[p=HttpParser{s=START,0 of -1},g=HttpGenerator@af7230{s=START}]=>HttpChannelOverHttp@f268a5a{s=HttpChannelState@2e8f904b{s=IDLE rs=BLOCKING os=OPEN is=IDLE awp=false se=false i=true al=0},r=29,c=false/false,a=IDLE,uri=null,age=0} filled 294 HeapByteBuffer@78a30358[p=0,l=294,c=8192,r=294]={<<<GET /RedirectServlet HTTP...nection: keep-alive\r\n\r\n>>>g, *; q=....\x00\x00\x00\x00\x00\x00\x00}
[DEBUG] HttpConnection@3be4ecda::SocketChannelEndPoint@122254ce{l=/127.0.0.1:38858,r=/127.0.0.1:42942,OPEN,fill=-,flush=-,to=0/30000}{io=0/0,kio=0,kro=1}->HttpConnection@3be4ecda[p=HttpParser{s=START,0 of -1},g=HttpGenerator@af7230{s=START}]=>HttpChannelOverHttp@f268a5a{s=HttpChannelState@2e8f904b{s=IDLE rs=BLOCKING os=OPEN is=IDLE awp=false se=false i=true al=0},r=29,c=false/false,a=IDLE,uri=null,age=0} parse HeapByteBuffer@78a30358[p=0,l=294,c=8192,r=294]={<<<GET /RedirectServlet HTTP...nection: keep-alive\r\n\r\n>>>g, *; q=....\x00\x00\x00\x00\x00\x00\x00} {}
[DEBUG] parseNext s=START HeapByteBuffer@78a30358[p=0,l=294,c=8192,r=294]={<<<GET /RedirectServlet HTTP...nection: keep-alive\r\n\r\n>>>g, *; q=....\x00\x00\x00\x00\x00\x00\x00}
[DEBUG] START --> SPACE1
[DEBUG] SPACE1 --> URI
[DEBUG] URI --> SPACE2
[DEBUG] SPACE2 --> REQUEST_VERSION
[DEBUG] REQUEST_VERSION --> HEADER
[DEBUG] HEADER:Accept-Encoding: gzip --> IN_VALUE
[DEBUG] HEADER:Accept-Encoding: gzip --> FIELD
[DEBUG] HEADER:User-Agent: Mozilla/5.0 (Windows NT 10.0; Win64; x64) AppleWebKit/537.36 (KHTML, like Gecko) Chrome/79.0.3945.130 Safari/537.36 --> IN_VALUE
[DEBUG] HEADER:User-Agent: Mozilla/5.0 (Windows NT 10.0; Win64; x64) AppleWebKit/537.36 (KHTML, like Gecko) Chrome/79.0.3945.130 Safari/537.36 --> FIELD
[DEBUG] HEADER:Host: localhost:38858 --> IN_VALUE
[DEBUG] HEADER:Host: localhost:38858 --> FIELD
[DEBUG] HEADER:Accept: text/html, image/gif, image/jpeg, *; q=.2, */*; q=.2 --> IN_VALUE
[DEBUG] HEADER:Accept: text/html, image/gif, image/jpeg, *; q=.2, */*; q=.2 --> FIELD
[DEBUG] HEADER:Connection: keep-alive --> IN_VALUE
[DEBUG] HEADER:Connection: keep-alive --> FIELD
[DEBUG] HEADER --> CONTENT
[DEBUG] REQUEST for //localhost:38858/RedirectServlet on HttpChannelOverHttp@f268a5a{s=HttpChannelState@2e8f904b{s=IDLE rs=BLOCKING os=OPEN is=IDLE awp=false se=false i=true al=0},r=30,c=false/false,a=IDLE,uri=//localhost:38858/RedirectServlet,age=0}
GET //localhost:38858/RedirectServlet HTTP/1.1
Accept-Encoding: gzip
User-Agent: Mozilla/5.0 (Windows NT 10.0; Win64; x64) AppleWebKit/537.36 (KHTML, like Gecko) Chrome/79.0.3945.130 Safari/537.36
Host: localhost:38858
Accept: text/html, image/gif, image/jpeg, *; q=.2, */*; q=.2
Connection: keep-alive


[DEBUG] HttpConnection@3be4ecda::SocketChannelEndPoint@122254ce{l=/127.0.0.1:38858,r=/127.0.0.1:42942,OPEN,fill=-,flush=-,to=0/30000}{io=0/0,kio=0,kro=1}->HttpConnection@3be4ecda[p=HttpParser{s=CONTENT,0 of -1},g=HttpGenerator@af7230{s=START}]=>HttpChannelOverHttp@f268a5a{s=HttpChannelState@2e8f904b{s=IDLE rs=BLOCKING os=OPEN is=IDLE awp=false se=false i=true al=0},r=30,c=false/false,a=IDLE,uri=//localhost:38858/RedirectServlet,age=0} parsed true HttpParser{s=CONTENT,0 of -1}
[DEBUG] releaseRequestBuffer HttpConnection@3be4ecda::SocketChannelEndPoint@122254ce{l=/127.0.0.1:38858,r=/127.0.0.1:42942,OPEN,fill=-,flush=-,to=0/30000}{io=0/0,kio=0,kro=1}->HttpConnection@3be4ecda[p=HttpParser{s=CONTENT,0 of -1},g=HttpGenerator@af7230{s=START}]=>HttpChannelOverHttp@f268a5a{s=HttpChannelState@2e8f904b{s=IDLE rs=BLOCKING os=OPEN is=IDLE awp=false se=false i=true al=0},r=30,c=false/false,a=IDLE,uri=//localhost:38858/RedirectServlet,age=1}
[DEBUG] handle //localhost:38858/RedirectServlet HttpChannelOverHttp@f268a5a{s=HttpChannelState@2e8f904b{s=IDLE rs=BLOCKING os=OPEN is=IDLE awp=false se=false i=true al=0},r=30,c=false/false,a=IDLE,uri=//localhost:38858/RedirectServlet,age=12} 
[DEBUG] handling HttpChannelState@2e8f904b{s=IDLE rs=BLOCKING os=OPEN is=IDLE awp=false se=false i=true al=0}
[DEBUG] action DISPATCH HttpChannelOverHttp@f268a5a{s=HttpChannelState@2e8f904b{s=HANDLING rs=BLOCKING os=OPEN is=IDLE awp=false se=false i=true al=0},r=30,c=false/false,a=HANDLING,uri=//localhost:38858/RedirectServlet,age=12}
[DEBUG] REQUEST GET /RedirectServlet on HttpChannelOverHttp@f268a5a{s=HttpChannelState@2e8f904b{s=HANDLING rs=BLOCKING os=OPEN is=IDLE awp=false se=false i=true al=0},r=30,c=false/false,a=HANDLING,uri=//localhost:38858/RedirectServlet,age=12}
[DEBUG] servlet null|/RedirectServlet|null -> org.jsoup.integration.servlets.RedirectServlet-56febdc==org.jsoup.integration.servlets.RedirectServlet@decc268e{jsp=null,order=-1,inst=true,async=true,src=EMBEDDED:null,STARTED}
[DEBUG] chain=null
[DEBUG] handled=true async=false committed=false on HttpChannelOverHttp@f268a5a{s=HttpChannelState@2e8f904b{s=HANDLING rs=BLOCKING os=OPEN is=IDLE awp=false se=false i=true al=0},r=30,c=false/false,a=HANDLING,uri=//localhost:38858/RedirectServlet,age=12}
[DEBUG] unhandle HttpChannelState@2e8f904b{s=HANDLING rs=BLOCKING os=OPEN is=IDLE awp=false se=false i=true al=0}
[DEBUG] nextAction(false) COMPLETE HttpChannelState@2e8f904b{s=HANDLING rs=COMPLETING os=OPEN is=IDLE awp=false se=false i=false al=0}
[DEBUG] action COMPLETE HttpChannelOverHttp@f268a5a{s=HttpChannelState@2e8f904b{s=HANDLING rs=COMPLETING os=OPEN is=IDLE awp=false se=false i=false al=0},r=30,c=false/false,a=HANDLING,uri=//localhost:38858/RedirectServlet,age=12}
[DEBUG] filled 0 HeapByteBuffer@41e05b38[p=0,l=0,c=8192,r=0]={<<<>>>GET /File...\x00\x00\x00\x00\x00\x00\x00}
[DEBUG] filled 0 HeapByteBuffer@41e05b38[p=0,l=0,c=8192,r=0]={<<<>>>GET /File...\x00\x00\x00\x00\x00\x00\x00}
[DEBUG] HttpConnection@3be4ecda::SocketChannelEndPoint@122254ce{l=/127.0.0.1:38858,r=/127.0.0.1:42942,OPEN,fill=-,flush=-,to=12/30000}{io=0/0,kio=0,kro=1}->HttpConnection@3be4ecda[p=HttpParser{s=CONTENT,0 of -1},g=HttpGenerator@af7230{s=START}]=>HttpChannelOverHttp@f268a5a{s=HttpChannelState@2e8f904b{s=HANDLING rs=COMPLETING os=OPEN is=IDLE awp=false se=false i=false al=0},r=30,c=false/false,a=HANDLING,uri=//localhost:38858/RedirectServlet,age=12} filled 0 HeapByteBuffer@41e05b38[p=0,l=0,c=8192,r=0]={<<<>>>GET /File...\x00\x00\x00\x00\x00\x00\x00}
[DEBUG] HttpConnection@3be4ecda::SocketChannelEndPoint@122254ce{l=/127.0.0.1:38858,r=/127.0.0.1:42942,OPEN,fill=-,flush=-,to=12/30000}{io=0/0,kio=0,kro=1}->HttpConnection@3be4ecda[p=HttpParser{s=CONTENT,0 of -1},g=HttpGenerator@af7230{s=START}]=>HttpChannelOverHttp@f268a5a{s=HttpChannelState@2e8f904b{s=HANDLING rs=COMPLETING os=OPEN is=IDLE awp=false se=false i=false al=0},r=30,c=false/false,a=HANDLING,uri=//localhost:38858/RedirectServlet,age=12} parse HeapByteBuffer@41e05b38[p=0,l=0,c=8192,r=0]={<<<>>>GET /File...\x00\x00\x00\x00\x00\x00\x00} {}
[DEBUG] parseNext s=CONTENT HeapByteBuffer@41e05b38[p=0,l=0,c=8192,r=0]={<<<>>>GET /File...\x00\x00\x00\x00\x00\x00\x00}
[DEBUG] CONTENT --> CONTENT_END
[DEBUG] onContentComplete HttpChannelOverHttp@f268a5a{s=HttpChannelState@2e8f904b{s=HANDLING rs=COMPLETING os=OPEN is=IDLE awp=false se=false i=false al=0},r=30,c=false/false,a=HANDLING,uri=//localhost:38858/RedirectServlet,age=13}
[DEBUG] CONTENT_END --> END
[DEBUG] onRequestComplete HttpChannelOverHttp@f268a5a{s=HttpChannelState@2e8f904b{s=HANDLING rs=COMPLETING os=OPEN is=IDLE awp=false se=false i=false al=0},r=30,c=false/false,a=HANDLING,uri=//localhost:38858/RedirectServlet,age=13}
[DEBUG] HttpInputOverHTTP@5e34fa8b[c=0,q=0,[0]=null,s=STREAM] addContent EOF
[DEBUG] HttpConnection@3be4ecda::SocketChannelEndPoint@122254ce{l=/127.0.0.1:38858,r=/127.0.0.1:42942,OPEN,fill=-,flush=-,to=12/30000}{io=0/0,kio=0,kro=1}->HttpConnection@3be4ecda[p=HttpParser{s=END,0 of -1},g=HttpGenerator@af7230{s=START}]=>HttpChannelOverHttp@f268a5a{s=HttpChannelState@2e8f904b{s=HANDLING rs=COMPLETING os=OPEN is=IDLE awp=false se=false i=false al=0},r=30,c=false/false,a=HANDLING,uri=//localhost:38858/RedirectServlet,age=13} parsed false HttpParser{s=END,0 of -1}
[DEBUG] releaseRequestBuffer HttpConnection@3be4ecda::SocketChannelEndPoint@122254ce{l=/127.0.0.1:38858,r=/127.0.0.1:42942,OPEN,fill=-,flush=-,to=12/30000}{io=0/0,kio=0,kro=1}->HttpConnection@3be4ecda[p=HttpParser{s=END,0 of -1},g=HttpGenerator@af7230{s=START}]=>HttpChannelOverHttp@f268a5a{s=HttpChannelState@2e8f904b{s=HANDLING rs=COMPLETING os=OPEN is=IDLE awp=false se=false i=false al=0},r=30,c=false/false,a=HANDLING,uri=//localhost:38858/RedirectServlet,age=13}
[DEBUG] complete(org.eclipse.jetty.util.Callback$3@50176c6b) s=CLOSING,api=BLOCKED,sc=false,e=null s=false e=null, c=HeapByteBuffer@11848662[p=0,l=0,c=0,r=0]={<<<>>>}
[DEBUG] sendResponse info=null content=HeapByteBuffer@11848662[p=0,l=0,c=0,r=0]={<<<>>>} complete=true committing=true callback=org.eclipse.jetty.server.HttpOutput$WriteCompleteCB@75726d52
[DEBUG] COMMIT for /RedirectServlet on HttpChannelOverHttp@f268a5a{s=HttpChannelState@2e8f904b{s=HANDLING rs=COMPLETING os=COMMITTED is=IDLE awp=false se=false i=false al=0},r=30,c=false/false,a=HANDLING,uri=//localhost:38858/RedirectServlet,age=13}
302 null HTTP/1.1
Date: Mon, 20 Sep 2021 19:30:13 GMT
Location: 


[DEBUG] generate: NEED_HEADER for SendCallback@2c1836a[PROCESSING][i=HTTP/1.1{s=302,h=2,cl=-1},cb=org.eclipse.jetty.server.HttpChannel$SendCallback@5f5dba5c] (null,[p=0,l=0,c=0,r=0],true)@START
[DEBUG] generateHeaders HTTP/1.1{s=302,h=2,cl=-1} last=true content=HeapByteBuffer@11848662[p=0,l=0,c=0,r=0]={<<<>>>}
[DEBUG] Date: Mon, 20 Sep 2021 19:30:13 GMT
Location: 


[DEBUG] CONTENT_LENGTH
[DEBUG] generate: FLUSH for SendCallback@2c1836a[PROCESSING][i=HTTP/1.1{s=302,h=2,cl=-1},cb=org.eclipse.jetty.server.HttpChannel$SendCallback@5f5dba5c] ([p=0,l=123,c=8192,r=123],[p=0,l=0,c=0,r=0],true)@COMPLETING
[DEBUG] write: WriteFlusher@653abf25{IDLE}->null [HeapByteBuffer@22b9b50d[p=0,l=123,c=8192,r=123]={<<<HTTP/1.1 302 Found\r\nDate:...y(9.4.43.v20210629)\r\n\r\n>>>er: Jetty...\x86&h\xA0{\xC1\xC2}]
[DEBUG] update WriteFlusher@653abf25{WRITING}->null:IDLE-->WRITING
[DEBUG] flushed 123 SocketChannelEndPoint@122254ce{l=/127.0.0.1:38858,r=/127.0.0.1:42942,OPEN,fill=-,flush=W,to=24/30000}{io=0/0,kio=0,kro=1}->HttpConnection@3be4ecda[p=HttpParser{s=END,0 of -1},g=HttpGenerator@af7230{s=COMPLETING}]=>HttpChannelOverHttp@f268a5a{s=HttpChannelState@2e8f904b{s=HANDLING rs=COMPLETING os=COMMITTED is=IDLE awp=false se=false i=false al=0},r=30,c=false/false,a=HANDLING,uri=//localhost:38858/RedirectServlet,age=25}
[DEBUG] Flushed=true written=123 remaining=0 WriteFlusher@653abf25{WRITING}->null
[DEBUG] update WriteFlusher@653abf25{IDLE}->null:WRITING-->IDLE
[DEBUG] generate: DONE for SendCallback@2c1836a[PROCESSING][i=HTTP/1.1{s=302,h=2,cl=-1},cb=org.eclipse.jetty.server.HttpChannel$SendCallback@5f5dba5c] ([p=123,l=123,c=8192,r=0],[p=0,l=0,c=0,r=0],true)@END
[DEBUG] onWriteComplete(true,null) s=CLOSING,api=BLOCKED,sc=false,e=null->s=CLOSED,api=BLOCKING,sc=false,e=null c=null cb=org.eclipse.jetty.util.Callback$3@50176c6b w=false
[DEBUG] completed HttpChannelState@2e8f904b{s=HANDLING rs=COMPLETING os=COMPLETED is=IDLE awp=false se=false i=false al=0}
[DEBUG] unhandle HttpChannelState@2e8f904b{s=HANDLING rs=COMPLETED os=COMPLETED is=IDLE awp=false se=false i=false al=0}
[DEBUG] nextAction(false) TERMINATED HttpChannelState@2e8f904b{s=IDLE rs=COMPLETED os=COMPLETED is=IDLE awp=false se=false i=false al=0}
[DEBUG] action TERMINATED HttpChannelOverHttp@f268a5a{s=HttpChannelState@2e8f904b{s=IDLE rs=COMPLETED os=COMPLETED is=IDLE awp=false se=false i=false al=0},r=30,c=true/true,a=IDLE,uri=//localhost:38858/RedirectServlet,age=25}
[DEBUG] onCompleted for /RedirectServlet written=0
[DEBUG] recycle HttpChannelState@2e8f904b{s=IDLE rs=COMPLETED os=COMPLETED is=IDLE awp=false se=false i=false al=0}
[DEBUG] reset HttpParser{s=END,0 of -1}
[DEBUG] END --> START
[DEBUG] !handle TERMINATED HttpChannelOverHttp@f268a5a{s=HttpChannelState@2e8f904b{s=IDLE rs=BLOCKING os=OPEN is=IDLE awp=false se=false i=true al=0},r=30,c=false/false,a=IDLE,uri=null,age=0}
[DEBUG] filled 294 HeapByteBuffer@78a30358[p=0,l=294,c=8192,r=294]={<<<GET /RedirectServlet HTTP...nection: keep-alive\r\n\r\n>>>g, *; q=....\x00\x00\x00\x00\x00\x00\x00}
[DEBUG] HttpConnection@3be4ecda::SocketChannelEndPoint@122254ce{l=/127.0.0.1:38858,r=/127.0.0.1:42942,OPEN,fill=-,flush=-,to=0/30000}{io=0/0,kio=0,kro=1}->HttpConnection@3be4ecda[p=HttpParser{s=START,0 of -1},g=HttpGenerator@af7230{s=START}]=>HttpChannelOverHttp@f268a5a{s=HttpChannelState@2e8f904b{s=IDLE rs=BLOCKING os=OPEN is=IDLE awp=false se=false i=true al=0},r=30,c=false/false,a=IDLE,uri=null,age=0} filled 294 HeapByteBuffer@78a30358[p=0,l=294,c=8192,r=294]={<<<GET /RedirectServlet HTTP...nection: keep-alive\r\n\r\n>>>g, *; q=....\x00\x00\x00\x00\x00\x00\x00}
[DEBUG] HttpConnection@3be4ecda::SocketChannelEndPoint@122254ce{l=/127.0.0.1:38858,r=/127.0.0.1:42942,OPEN,fill=-,flush=-,to=0/30000}{io=0/0,kio=0,kro=1}->HttpConnection@3be4ecda[p=HttpParser{s=START,0 of -1},g=HttpGenerator@af7230{s=START}]=>HttpChannelOverHttp@f268a5a{s=HttpChannelState@2e8f904b{s=IDLE rs=BLOCKING os=OPEN is=IDLE awp=false se=false i=true al=0},r=30,c=false/false,a=IDLE,uri=null,age=0} parse HeapByteBuffer@78a30358[p=0,l=294,c=8192,r=294]={<<<GET /RedirectServlet HTTP...nection: keep-alive\r\n\r\n>>>g, *; q=....\x00\x00\x00\x00\x00\x00\x00} {}
[DEBUG] parseNext s=START HeapByteBuffer@78a30358[p=0,l=294,c=8192,r=294]={<<<GET /RedirectServlet HTTP...nection: keep-alive\r\n\r\n>>>g, *; q=....\x00\x00\x00\x00\x00\x00\x00}
[DEBUG] START --> SPACE1
[DEBUG] SPACE1 --> URI
[DEBUG] URI --> SPACE2
[DEBUG] SPACE2 --> REQUEST_VERSION
[DEBUG] REQUEST_VERSION --> HEADER
[DEBUG] HEADER:Accept-Encoding: gzip --> IN_VALUE
[DEBUG] HEADER:Accept-Encoding: gzip --> FIELD
[DEBUG] HEADER:User-Agent: Mozilla/5.0 (Windows NT 10.0; Win64; x64) AppleWebKit/537.36 (KHTML, like Gecko) Chrome/79.0.3945.130 Safari/537.36 --> IN_VALUE
[DEBUG] HEADER:User-Agent: Mozilla/5.0 (Windows NT 10.0; Win64; x64) AppleWebKit/537.36 (KHTML, like Gecko) Chrome/79.0.3945.130 Safari/537.36 --> FIELD
[DEBUG] HEADER:Host: localhost:38858 --> IN_VALUE
[DEBUG] HEADER:Host: localhost:38858 --> FIELD
[DEBUG] HEADER:Accept: text/html, image/gif, image/jpeg, *; q=.2, */*; q=.2 --> IN_VALUE
[DEBUG] HEADER:Accept: text/html, image/gif, image/jpeg, *; q=.2, */*; q=.2 --> FIELD
[DEBUG] HEADER:Connection: keep-alive --> IN_VALUE
[DEBUG] HEADER:Connection: keep-alive --> FIELD
[DEBUG] HEADER --> CONTENT
[DEBUG] REQUEST for //localhost:38858/RedirectServlet on HttpChannelOverHttp@f268a5a{s=HttpChannelState@2e8f904b{s=IDLE rs=BLOCKING os=OPEN is=IDLE awp=false se=false i=true al=0},r=31,c=false/false,a=IDLE,uri=//localhost:38858/RedirectServlet,age=0}
GET //localhost:38858/RedirectServlet HTTP/1.1
Accept-Encoding: gzip
User-Agent: Mozilla/5.0 (Windows NT 10.0; Win64; x64) AppleWebKit/537.36 (KHTML, like Gecko) Chrome/79.0.3945.130 Safari/537.36
Host: localhost:38858
Accept: text/html, image/gif, image/jpeg, *; q=.2, */*; q=.2
Connection: keep-alive


[DEBUG] HttpConnection@3be4ecda::SocketChannelEndPoint@122254ce{l=/127.0.0.1:38858,r=/127.0.0.1:42942,OPEN,fill=-,flush=-,to=0/30000}{io=0/0,kio=0,kro=1}->HttpConnection@3be4ecda[p=HttpParser{s=CONTENT,0 of -1},g=HttpGenerator@af7230{s=START}]=>HttpChannelOverHttp@f268a5a{s=HttpChannelState@2e8f904b{s=IDLE rs=BLOCKING os=OPEN is=IDLE awp=false se=false i=true al=0},r=31,c=false/false,a=IDLE,uri=//localhost:38858/RedirectServlet,age=0} parsed true HttpParser{s=CONTENT,0 of -1}
[DEBUG] releaseRequestBuffer HttpConnection@3be4ecda::SocketChannelEndPoint@122254ce{l=/127.0.0.1:38858,r=/127.0.0.1:42942,OPEN,fill=-,flush=-,to=0/30000}{io=0/0,kio=0,kro=1}->HttpConnection@3be4ecda[p=HttpParser{s=CONTENT,0 of -1},g=HttpGenerator@af7230{s=START}]=>HttpChannelOverHttp@f268a5a{s=HttpChannelState@2e8f904b{s=IDLE rs=BLOCKING os=OPEN is=IDLE awp=false se=false i=true al=0},r=31,c=false/false,a=IDLE,uri=//localhost:38858/RedirectServlet,age=0}
[DEBUG] handle //localhost:38858/RedirectServlet HttpChannelOverHttp@f268a5a{s=HttpChannelState@2e8f904b{s=IDLE rs=BLOCKING os=OPEN is=IDLE awp=false se=false i=true al=0},r=31,c=false/false,a=IDLE,uri=//localhost:38858/RedirectServlet,age=0} 
[DEBUG] handling HttpChannelState@2e8f904b{s=IDLE rs=BLOCKING os=OPEN is=IDLE awp=false se=false i=true al=0}
[DEBUG] action DISPATCH HttpChannelOverHttp@f268a5a{s=HttpChannelState@2e8f904b{s=HANDLING rs=BLOCKING os=OPEN is=IDLE awp=false se=false i=true al=0},r=31,c=false/false,a=HANDLING,uri=//localhost:38858/RedirectServlet,age=0}
[DEBUG] REQUEST GET /RedirectServlet on HttpChannelOverHttp@f268a5a{s=HttpChannelState@2e8f904b{s=HANDLING rs=BLOCKING os=OPEN is=IDLE awp=false se=false i=true al=0},r=31,c=false/false,a=HANDLING,uri=//localhost:38858/RedirectServlet,age=0}
[DEBUG] servlet null|/RedirectServlet|null -> org.jsoup.integration.servlets.RedirectServlet-56febdc==org.jsoup.integration.servlets.RedirectServlet@decc268e{jsp=null,order=-1,inst=true,async=true,src=EMBEDDED:null,STARTED}
[DEBUG] chain=null
[DEBUG] handled=true async=false committed=false on HttpChannelOverHttp@f268a5a{s=HttpChannelState@2e8f904b{s=HANDLING rs=BLOCKING os=OPEN is=IDLE awp=false se=false i=true al=0},r=31,c=false/false,a=HANDLING,uri=//localhost:38858/RedirectServlet,age=0}
[DEBUG] unhandle HttpChannelState@2e8f904b{s=HANDLING rs=BLOCKING os=OPEN is=IDLE awp=false se=false i=true al=0}
[DEBUG] nextAction(false) COMPLETE HttpChannelState@2e8f904b{s=HANDLING rs=COMPLETING os=OPEN is=IDLE awp=false se=false i=false al=0}
[DEBUG] action COMPLETE HttpChannelOverHttp@f268a5a{s=HttpChannelState@2e8f904b{s=HANDLING rs=COMPLETING os=OPEN is=IDLE awp=false se=false i=false al=0},r=31,c=false/false,a=HANDLING,uri=//localhost:38858/RedirectServlet,age=0}
[DEBUG] filled 0 HeapByteBuffer@41e05b38[p=0,l=0,c=8192,r=0]={<<<>>>GET /File...\x00\x00\x00\x00\x00\x00\x00}
[DEBUG] filled 0 HeapByteBuffer@41e05b38[p=0,l=0,c=8192,r=0]={<<<>>>GET /File...\x00\x00\x00\x00\x00\x00\x00}
[DEBUG] HttpConnection@3be4ecda::SocketChannelEndPoint@122254ce{l=/127.0.0.1:38858,r=/127.0.0.1:42942,OPEN,fill=-,flush=-,to=1/30000}{io=0/0,kio=0,kro=1}->HttpConnection@3be4ecda[p=HttpParser{s=CONTENT,0 of -1},g=HttpGenerator@af7230{s=START}]=>HttpChannelOverHttp@f268a5a{s=HttpChannelState@2e8f904b{s=HANDLING rs=COMPLETING os=OPEN is=IDLE awp=false se=false i=false al=0},r=31,c=false/false,a=HANDLING,uri=//localhost:38858/RedirectServlet,age=0} filled 0 HeapByteBuffer@41e05b38[p=0,l=0,c=8192,r=0]={<<<>>>GET /File...\x00\x00\x00\x00\x00\x00\x00}
[DEBUG] HttpConnection@3be4ecda::SocketChannelEndPoint@122254ce{l=/127.0.0.1:38858,r=/127.0.0.1:42942,OPEN,fill=-,flush=-,to=1/30000}{io=0/0,kio=0,kro=1}->HttpConnection@3be4ecda[p=HttpParser{s=CONTENT,0 of -1},g=HttpGenerator@af7230{s=START}]=>HttpChannelOverHttp@f268a5a{s=HttpChannelState@2e8f904b{s=HANDLING rs=COMPLETING os=OPEN is=IDLE awp=false se=false i=false al=0},r=31,c=false/false,a=HANDLING,uri=//localhost:38858/RedirectServlet,age=1} parse HeapByteBuffer@41e05b38[p=0,l=0,c=8192,r=0]={<<<>>>GET /File...\x00\x00\x00\x00\x00\x00\x00} {}
[DEBUG] parseNext s=CONTENT HeapByteBuffer@41e05b38[p=0,l=0,c=8192,r=0]={<<<>>>GET /File...\x00\x00\x00\x00\x00\x00\x00}
[DEBUG] CONTENT --> CONTENT_END
[DEBUG] onContentComplete HttpChannelOverHttp@f268a5a{s=HttpChannelState@2e8f904b{s=HANDLING rs=COMPLETING os=OPEN is=IDLE awp=false se=false i=false al=0},r=31,c=false/false,a=HANDLING,uri=//localhost:38858/RedirectServlet,age=1}
[DEBUG] CONTENT_END --> END
[DEBUG] onRequestComplete HttpChannelOverHttp@f268a5a{s=HttpChannelState@2e8f904b{s=HANDLING rs=COMPLETING os=OPEN is=IDLE awp=false se=false i=false al=0},r=31,c=false/false,a=HANDLING,uri=//localhost:38858/RedirectServlet,age=1}
[DEBUG] HttpInputOverHTTP@5e34fa8b[c=0,q=0,[0]=null,s=STREAM] addContent EOF
[DEBUG] HttpConnection@3be4ecda::SocketChannelEndPoint@122254ce{l=/127.0.0.1:38858,r=/127.0.0.1:42942,OPEN,fill=-,flush=-,to=1/30000}{io=0/0,kio=0,kro=1}->HttpConnection@3be4ecda[p=HttpParser{s=END,0 of -1},g=HttpGenerator@af7230{s=START}]=>HttpChannelOverHttp@f268a5a{s=HttpChannelState@2e8f904b{s=HANDLING rs=COMPLETING os=OPEN is=IDLE awp=false se=false i=false al=0},r=31,c=false/false,a=HANDLING,uri=//localhost:38858/RedirectServlet,age=1} parsed false HttpParser{s=END,0 of -1}
[DEBUG] releaseRequestBuffer HttpConnection@3be4ecda::SocketChannelEndPoint@122254ce{l=/127.0.0.1:38858,r=/127.0.0.1:42942,OPEN,fill=-,flush=-,to=1/30000}{io=0/0,kio=0,kro=1}->HttpConnection@3be4ecda[p=HttpParser{s=END,0 of -1},g=HttpGenerator@af7230{s=START}]=>HttpChannelOverHttp@f268a5a{s=HttpChannelState@2e8f904b{s=HANDLING rs=COMPLETING os=OPEN is=IDLE awp=false se=false i=false al=0},r=31,c=false/false,a=HANDLING,uri=//localhost:38858/RedirectServlet,age=1}
[DEBUG] complete(org.eclipse.jetty.util.Callback$3@6d0769f9) s=CLOSING,api=BLOCKED,sc=false,e=null s=false e=null, c=HeapByteBuffer@11848662[p=0,l=0,c=0,r=0]={<<<>>>}
[DEBUG] sendResponse info=null content=HeapByteBuffer@11848662[p=0,l=0,c=0,r=0]={<<<>>>} complete=true committing=true callback=org.eclipse.jetty.server.HttpOutput$WriteCompleteCB@6183406
[DEBUG] COMMIT for /RedirectServlet on HttpChannelOverHttp@f268a5a{s=HttpChannelState@2e8f904b{s=HANDLING rs=COMPLETING os=COMMITTED is=IDLE awp=false se=false i=false al=0},r=31,c=false/false,a=HANDLING,uri=//localhost:38858/RedirectServlet,age=1}
302 null HTTP/1.1
Date: Mon, 20 Sep 2021 19:30:13 GMT
Location: 


[DEBUG] generate: NEED_HEADER for SendCallback@2c1836a[PROCESSING][i=HTTP/1.1{s=302,h=2,cl=-1},cb=org.eclipse.jetty.server.HttpChannel$SendCallback@60e6c16a] (null,[p=0,l=0,c=0,r=0],true)@START
[DEBUG] generateHeaders HTTP/1.1{s=302,h=2,cl=-1} last=true content=HeapByteBuffer@11848662[p=0,l=0,c=0,r=0]={<<<>>>}
[DEBUG] Date: Mon, 20 Sep 2021 19:30:13 GMT
Location: 


[DEBUG] CONTENT_LENGTH
[DEBUG] generate: FLUSH for SendCallback@2c1836a[PROCESSING][i=HTTP/1.1{s=302,h=2,cl=-1},cb=org.eclipse.jetty.server.HttpChannel$SendCallback@60e6c16a] ([p=0,l=123,c=8192,r=123],[p=0,l=0,c=0,r=0],true)@COMPLETING
[DEBUG] write: WriteFlusher@653abf25{IDLE}->null [HeapByteBuffer@22b9b50d[p=0,l=123,c=8192,r=123]={<<<HTTP/1.1 302 Found\r\nDate:...y(9.4.43.v20210629)\r\n\r\n>>>er: Jetty...\x86&h\xA0{\xC1\xC2}]
[DEBUG] update WriteFlusher@653abf25{WRITING}->null:IDLE-->WRITING
[DEBUG] flushed 123 SocketChannelEndPoint@122254ce{l=/127.0.0.1:38858,r=/127.0.0.1:42942,OPEN,fill=-,flush=W,to=6/30000}{io=0/0,kio=0,kro=1}->HttpConnection@3be4ecda[p=HttpParser{s=END,0 of -1},g=HttpGenerator@af7230{s=COMPLETING}]=>HttpChannelOverHttp@f268a5a{s=HttpChannelState@2e8f904b{s=HANDLING rs=COMPLETING os=COMMITTED is=IDLE awp=false se=false i=false al=0},r=31,c=false/false,a=HANDLING,uri=//localhost:38858/RedirectServlet,age=6}
[DEBUG] Flushed=true written=123 remaining=0 WriteFlusher@653abf25{WRITING}->null
[DEBUG] update WriteFlusher@653abf25{IDLE}->null:WRITING-->IDLE
[DEBUG] generate: DONE for SendCallback@2c1836a[PROCESSING][i=HTTP/1.1{s=302,h=2,cl=-1},cb=org.eclipse.jetty.server.HttpChannel$SendCallback@60e6c16a] ([p=123,l=123,c=8192,r=0],[p=0,l=0,c=0,r=0],true)@END
[DEBUG] onWriteComplete(true,null) s=CLOSING,api=BLOCKED,sc=false,e=null->s=CLOSED,api=BLOCKING,sc=false,e=null c=null cb=org.eclipse.jetty.util.Callback$3@6d0769f9 w=false
[DEBUG] completed HttpChannelState@2e8f904b{s=HANDLING rs=COMPLETING os=COMPLETED is=IDLE awp=false se=false i=false al=0}
[DEBUG] unhandle HttpChannelState@2e8f904b{s=HANDLING rs=COMPLETED os=COMPLETED is=IDLE awp=false se=false i=false al=0}
[DEBUG] nextAction(false) TERMINATED HttpChannelState@2e8f904b{s=IDLE rs=COMPLETED os=COMPLETED is=IDLE awp=false se=false i=false al=0}
[DEBUG] action TERMINATED HttpChannelOverHttp@f268a5a{s=HttpChannelState@2e8f904b{s=IDLE rs=COMPLETED os=COMPLETED is=IDLE awp=false se=false i=false al=0},r=31,c=true/true,a=IDLE,uri=//localhost:38858/RedirectServlet,age=6}
[DEBUG] onCompleted for /RedirectServlet written=0
[DEBUG] recycle HttpChannelState@2e8f904b{s=IDLE rs=COMPLETED os=COMPLETED is=IDLE awp=false se=false i=false al=0}
[DEBUG] reset HttpParser{s=END,0 of -1}
[DEBUG] END --> START
[DEBUG] !handle TERMINATED HttpChannelOverHttp@f268a5a{s=HttpChannelState@2e8f904b{s=IDLE rs=BLOCKING os=OPEN is=IDLE awp=false se=false i=true al=0},r=31,c=false/false,a=IDLE,uri=null,age=0}
[DEBUG] filled 294 HeapByteBuffer@78a30358[p=0,l=294,c=8192,r=294]={<<<GET /RedirectServlet HTTP...nection: keep-alive\r\n\r\n>>>g, *; q=....\x00\x00\x00\x00\x00\x00\x00}
[DEBUG] HttpConnection@3be4ecda::SocketChannelEndPoint@122254ce{l=/127.0.0.1:38858,r=/127.0.0.1:42942,OPEN,fill=-,flush=-,to=0/30000}{io=0/0,kio=0,kro=1}->HttpConnection@3be4ecda[p=HttpParser{s=START,0 of -1},g=HttpGenerator@af7230{s=START}]=>HttpChannelOverHttp@f268a5a{s=HttpChannelState@2e8f904b{s=IDLE rs=BLOCKING os=OPEN is=IDLE awp=false se=false i=true al=0},r=31,c=false/false,a=IDLE,uri=null,age=0} filled 294 HeapByteBuffer@78a30358[p=0,l=294,c=8192,r=294]={<<<GET /RedirectServlet HTTP...nection: keep-alive\r\n\r\n>>>g, *; q=....\x00\x00\x00\x00\x00\x00\x00}
[DEBUG] HttpConnection@3be4ecda::SocketChannelEndPoint@122254ce{l=/127.0.0.1:38858,r=/127.0.0.1:42942,OPEN,fill=-,flush=-,to=0/30000}{io=0/0,kio=0,kro=1}->HttpConnection@3be4ecda[p=HttpParser{s=START,0 of -1},g=HttpGenerator@af7230{s=START}]=>HttpChannelOverHttp@f268a5a{s=HttpChannelState@2e8f904b{s=IDLE rs=BLOCKING os=OPEN is=IDLE awp=false se=false i=true al=0},r=31,c=false/false,a=IDLE,uri=null,age=0} parse HeapByteBuffer@78a30358[p=0,l=294,c=8192,r=294]={<<<GET /RedirectServlet HTTP...nection: keep-alive\r\n\r\n>>>g, *; q=....\x00\x00\x00\x00\x00\x00\x00} {}
[DEBUG] parseNext s=START HeapByteBuffer@78a30358[p=0,l=294,c=8192,r=294]={<<<GET /RedirectServlet HTTP...nection: keep-alive\r\n\r\n>>>g, *; q=....\x00\x00\x00\x00\x00\x00\x00}
[DEBUG] START --> SPACE1
[DEBUG] SPACE1 --> URI
[DEBUG] URI --> SPACE2
[DEBUG] SPACE2 --> REQUEST_VERSION
[DEBUG] REQUEST_VERSION --> HEADER
[DEBUG] HEADER:Accept-Encoding: gzip --> IN_VALUE
[DEBUG] HEADER:Accept-Encoding: gzip --> FIELD
[DEBUG] HEADER:User-Agent: Mozilla/5.0 (Windows NT 10.0; Win64; x64) AppleWebKit/537.36 (KHTML, like Gecko) Chrome/79.0.3945.130 Safari/537.36 --> IN_VALUE
[DEBUG] HEADER:User-Agent: Mozilla/5.0 (Windows NT 10.0; Win64; x64) AppleWebKit/537.36 (KHTML, like Gecko) Chrome/79.0.3945.130 Safari/537.36 --> FIELD
[DEBUG] HEADER:Host: localhost:38858 --> IN_VALUE
[DEBUG] HEADER:Host: localhost:38858 --> FIELD
[DEBUG] HEADER:Accept: text/html, image/gif, image/jpeg, *; q=.2, */*; q=.2 --> IN_VALUE
[DEBUG] HEADER:Accept: text/html, image/gif, image/jpeg, *; q=.2, */*; q=.2 --> FIELD
[DEBUG] HEADER:Connection: keep-alive --> IN_VALUE
[DEBUG] HEADER:Connection: keep-alive --> FIELD
[DEBUG] HEADER --> CONTENT
[DEBUG] REQUEST for //localhost:38858/RedirectServlet on HttpChannelOverHttp@f268a5a{s=HttpChannelState@2e8f904b{s=IDLE rs=BLOCKING os=OPEN is=IDLE awp=false se=false i=true al=0},r=32,c=false/false,a=IDLE,uri=//localhost:38858/RedirectServlet,age=0}
GET //localhost:38858/RedirectServlet HTTP/1.1
Accept-Encoding: gzip
User-Agent: Mozilla/5.0 (Windows NT 10.0; Win64; x64) AppleWebKit/537.36 (KHTML, like Gecko) Chrome/79.0.3945.130 Safari/537.36
Host: localhost:38858
Accept: text/html, image/gif, image/jpeg, *; q=.2, */*; q=.2
Connection: keep-alive


[DEBUG] HttpConnection@3be4ecda::SocketChannelEndPoint@122254ce{l=/127.0.0.1:38858,r=/127.0.0.1:42942,OPEN,fill=-,flush=-,to=0/30000}{io=0/0,kio=0,kro=1}->HttpConnection@3be4ecda[p=HttpParser{s=CONTENT,0 of -1},g=HttpGenerator@af7230{s=START}]=>HttpChannelOverHttp@f268a5a{s=HttpChannelState@2e8f904b{s=IDLE rs=BLOCKING os=OPEN is=IDLE awp=false se=false i=true al=0},r=32,c=false/false,a=IDLE,uri=//localhost:38858/RedirectServlet,age=0} parsed true HttpParser{s=CONTENT,0 of -1}
[DEBUG] releaseRequestBuffer HttpConnection@3be4ecda::SocketChannelEndPoint@122254ce{l=/127.0.0.1:38858,r=/127.0.0.1:42942,OPEN,fill=-,flush=-,to=0/30000}{io=0/0,kio=0,kro=1}->HttpConnection@3be4ecda[p=HttpParser{s=CONTENT,0 of -1},g=HttpGenerator@af7230{s=START}]=>HttpChannelOverHttp@f268a5a{s=HttpChannelState@2e8f904b{s=IDLE rs=BLOCKING os=OPEN is=IDLE awp=false se=false i=true al=0},r=32,c=false/false,a=IDLE,uri=//localhost:38858/RedirectServlet,age=0}
[DEBUG] handle //localhost:38858/RedirectServlet HttpChannelOverHttp@f268a5a{s=HttpChannelState@2e8f904b{s=IDLE rs=BLOCKING os=OPEN is=IDLE awp=false se=false i=true al=0},r=32,c=false/false,a=IDLE,uri=//localhost:38858/RedirectServlet,age=1} 
[DEBUG] handling HttpChannelState@2e8f904b{s=IDLE rs=BLOCKING os=OPEN is=IDLE awp=false se=false i=true al=0}
[DEBUG] action DISPATCH HttpChannelOverHttp@f268a5a{s=HttpChannelState@2e8f904b{s=HANDLING rs=BLOCKING os=OPEN is=IDLE awp=false se=false i=true al=0},r=32,c=false/false,a=HANDLING,uri=//localhost:38858/RedirectServlet,age=1}
[DEBUG] REQUEST GET /RedirectServlet on HttpChannelOverHttp@f268a5a{s=HttpChannelState@2e8f904b{s=HANDLING rs=BLOCKING os=OPEN is=IDLE awp=false se=false i=true al=0},r=32,c=false/false,a=HANDLING,uri=//localhost:38858/RedirectServlet,age=1}
[DEBUG] servlet null|/RedirectServlet|null -> org.jsoup.integration.servlets.RedirectServlet-56febdc==org.jsoup.integration.servlets.RedirectServlet@decc268e{jsp=null,order=-1,inst=true,async=true,src=EMBEDDED:null,STARTED}
[DEBUG] chain=null
[DEBUG] handled=true async=false committed=false on HttpChannelOverHttp@f268a5a{s=HttpChannelState@2e8f904b{s=HANDLING rs=BLOCKING os=OPEN is=IDLE awp=false se=false i=true al=0},r=32,c=false/false,a=HANDLING,uri=//localhost:38858/RedirectServlet,age=1}
[DEBUG] unhandle HttpChannelState@2e8f904b{s=HANDLING rs=BLOCKING os=OPEN is=IDLE awp=false se=false i=true al=0}
[DEBUG] nextAction(false) COMPLETE HttpChannelState@2e8f904b{s=HANDLING rs=COMPLETING os=OPEN is=IDLE awp=false se=false i=false al=0}
[DEBUG] action COMPLETE HttpChannelOverHttp@f268a5a{s=HttpChannelState@2e8f904b{s=HANDLING rs=COMPLETING os=OPEN is=IDLE awp=false se=false i=false al=0},r=32,c=false/false,a=HANDLING,uri=//localhost:38858/RedirectServlet,age=1}
[DEBUG] filled 0 HeapByteBuffer@41e05b38[p=0,l=0,c=8192,r=0]={<<<>>>GET /File...\x00\x00\x00\x00\x00\x00\x00}
[DEBUG] filled 0 HeapByteBuffer@41e05b38[p=0,l=0,c=8192,r=0]={<<<>>>GET /File...\x00\x00\x00\x00\x00\x00\x00}
[DEBUG] HttpConnection@3be4ecda::SocketChannelEndPoint@122254ce{l=/127.0.0.1:38858,r=/127.0.0.1:42942,OPEN,fill=-,flush=-,to=0/30000}{io=0/0,kio=0,kro=1}->HttpConnection@3be4ecda[p=HttpParser{s=CONTENT,0 of -1},g=HttpGenerator@af7230{s=START}]=>HttpChannelOverHttp@f268a5a{s=HttpChannelState@2e8f904b{s=HANDLING rs=COMPLETING os=OPEN is=IDLE awp=false se=false i=false al=0},r=32,c=false/false,a=HANDLING,uri=//localhost:38858/RedirectServlet,age=1} filled 0 HeapByteBuffer@41e05b38[p=0,l=0,c=8192,r=0]={<<<>>>GET /File...\x00\x00\x00\x00\x00\x00\x00}
[DEBUG] HttpConnection@3be4ecda::SocketChannelEndPoint@122254ce{l=/127.0.0.1:38858,r=/127.0.0.1:42942,OPEN,fill=-,flush=-,to=1/30000}{io=0/0,kio=0,kro=1}->HttpConnection@3be4ecda[p=HttpParser{s=CONTENT,0 of -1},g=HttpGenerator@af7230{s=START}]=>HttpChannelOverHttp@f268a5a{s=HttpChannelState@2e8f904b{s=HANDLING rs=COMPLETING os=OPEN is=IDLE awp=false se=false i=false al=0},r=32,c=false/false,a=HANDLING,uri=//localhost:38858/RedirectServlet,age=1} parse HeapByteBuffer@41e05b38[p=0,l=0,c=8192,r=0]={<<<>>>GET /File...\x00\x00\x00\x00\x00\x00\x00} {}
[DEBUG] parseNext s=CONTENT HeapByteBuffer@41e05b38[p=0,l=0,c=8192,r=0]={<<<>>>GET /File...\x00\x00\x00\x00\x00\x00\x00}
[DEBUG] CONTENT --> CONTENT_END
[DEBUG] onContentComplete HttpChannelOverHttp@f268a5a{s=HttpChannelState@2e8f904b{s=HANDLING rs=COMPLETING os=OPEN is=IDLE awp=false se=false i=false al=0},r=32,c=false/false,a=HANDLING,uri=//localhost:38858/RedirectServlet,age=6}
[DEBUG] CONTENT_END --> END
[DEBUG] onRequestComplete HttpChannelOverHttp@f268a5a{s=HttpChannelState@2e8f904b{s=HANDLING rs=COMPLETING os=OPEN is=IDLE awp=false se=false i=false al=0},r=32,c=false/false,a=HANDLING,uri=//localhost:38858/RedirectServlet,age=6}
[DEBUG] HttpInputOverHTTP@5e34fa8b[c=0,q=0,[0]=null,s=STREAM] addContent EOF
[DEBUG] HttpConnection@3be4ecda::SocketChannelEndPoint@122254ce{l=/127.0.0.1:38858,r=/127.0.0.1:42942,OPEN,fill=-,flush=-,to=6/30000}{io=0/0,kio=0,kro=1}->HttpConnection@3be4ecda[p=HttpParser{s=END,0 of -1},g=HttpGenerator@af7230{s=START}]=>HttpChannelOverHttp@f268a5a{s=HttpChannelState@2e8f904b{s=HANDLING rs=COMPLETING os=OPEN is=IDLE awp=false se=false i=false al=0},r=32,c=false/false,a=HANDLING,uri=//localhost:38858/RedirectServlet,age=6} parsed false HttpParser{s=END,0 of -1}
[DEBUG] releaseRequestBuffer HttpConnection@3be4ecda::SocketChannelEndPoint@122254ce{l=/127.0.0.1:38858,r=/127.0.0.1:42942,OPEN,fill=-,flush=-,to=6/30000}{io=0/0,kio=0,kro=1}->HttpConnection@3be4ecda[p=HttpParser{s=END,0 of -1},g=HttpGenerator@af7230{s=START}]=>HttpChannelOverHttp@f268a5a{s=HttpChannelState@2e8f904b{s=HANDLING rs=COMPLETING os=OPEN is=IDLE awp=false se=false i=false al=0},r=32,c=false/false,a=HANDLING,uri=//localhost:38858/RedirectServlet,age=7}
[DEBUG] complete(org.eclipse.jetty.util.Callback$3@525b1870) s=CLOSING,api=BLOCKED,sc=false,e=null s=false e=null, c=HeapByteBuffer@11848662[p=0,l=0,c=0,r=0]={<<<>>>}
[DEBUG] sendResponse info=null content=HeapByteBuffer@11848662[p=0,l=0,c=0,r=0]={<<<>>>} complete=true committing=true callback=org.eclipse.jetty.server.HttpOutput$WriteCompleteCB@4c5fb63
[DEBUG] COMMIT for /RedirectServlet on HttpChannelOverHttp@f268a5a{s=HttpChannelState@2e8f904b{s=HANDLING rs=COMPLETING os=COMMITTED is=IDLE awp=false se=false i=false al=0},r=32,c=false/false,a=HANDLING,uri=//localhost:38858/RedirectServlet,age=7}
302 null HTTP/1.1
Date: Mon, 20 Sep 2021 19:30:13 GMT
Location: 


[DEBUG] generate: NEED_HEADER for SendCallback@2c1836a[PROCESSING][i=HTTP/1.1{s=302,h=2,cl=-1},cb=org.eclipse.jetty.server.HttpChannel$SendCallback@433a57f9] (null,[p=0,l=0,c=0,r=0],true)@START
[DEBUG] generateHeaders HTTP/1.1{s=302,h=2,cl=-1} last=true content=HeapByteBuffer@11848662[p=0,l=0,c=0,r=0]={<<<>>>}
[DEBUG] Date: Mon, 20 Sep 2021 19:30:13 GMT
Location: 


[DEBUG] CONTENT_LENGTH
[DEBUG] generate: FLUSH for SendCallback@2c1836a[PROCESSING][i=HTTP/1.1{s=302,h=2,cl=-1},cb=org.eclipse.jetty.server.HttpChannel$SendCallback@433a57f9] ([p=0,l=123,c=8192,r=123],[p=0,l=0,c=0,r=0],true)@COMPLETING
[DEBUG] write: WriteFlusher@653abf25{IDLE}->null [HeapByteBuffer@22b9b50d[p=0,l=123,c=8192,r=123]={<<<HTTP/1.1 302 Found\r\nDate:...y(9.4.43.v20210629)\r\n\r\n>>>er: Jetty...\x86&h\xA0{\xC1\xC2}]
[DEBUG] update WriteFlusher@653abf25{WRITING}->null:IDLE-->WRITING
[DEBUG] flushed 123 SocketChannelEndPoint@122254ce{l=/127.0.0.1:38858,r=/127.0.0.1:42942,OPEN,fill=-,flush=W,to=11/30000}{io=0/0,kio=0,kro=1}->HttpConnection@3be4ecda[p=HttpParser{s=END,0 of -1},g=HttpGenerator@af7230{s=COMPLETING}]=>HttpChannelOverHttp@f268a5a{s=HttpChannelState@2e8f904b{s=HANDLING rs=COMPLETING os=COMMITTED is=IDLE awp=false se=false i=false al=0},r=32,c=false/false,a=HANDLING,uri=//localhost:38858/RedirectServlet,age=12}
[DEBUG] Flushed=true written=123 remaining=0 WriteFlusher@653abf25{WRITING}->null
[DEBUG] update WriteFlusher@653abf25{IDLE}->null:WRITING-->IDLE
[DEBUG] generate: DONE for SendCallback@2c1836a[PROCESSING][i=HTTP/1.1{s=302,h=2,cl=-1},cb=org.eclipse.jetty.server.HttpChannel$SendCallback@433a57f9] ([p=123,l=123,c=8192,r=0],[p=0,l=0,c=0,r=0],true)@END
[DEBUG] onWriteComplete(true,null) s=CLOSING,api=BLOCKED,sc=false,e=null->s=CLOSED,api=BLOCKING,sc=false,e=null c=null cb=org.eclipse.jetty.util.Callback$3@525b1870 w=false
[DEBUG] completed HttpChannelState@2e8f904b{s=HANDLING rs=COMPLETING os=COMPLETED is=IDLE awp=false se=false i=false al=0}
[DEBUG] unhandle HttpChannelState@2e8f904b{s=HANDLING rs=COMPLETED os=COMPLETED is=IDLE awp=false se=false i=false al=0}
[DEBUG] nextAction(false) TERMINATED HttpChannelState@2e8f904b{s=IDLE rs=COMPLETED os=COMPLETED is=IDLE awp=false se=false i=false al=0}
[DEBUG] action TERMINATED HttpChannelOverHttp@f268a5a{s=HttpChannelState@2e8f904b{s=IDLE rs=COMPLETED os=COMPLETED is=IDLE awp=false se=false i=false al=0},r=32,c=true/true,a=IDLE,uri=//localhost:38858/RedirectServlet,age=12}
[DEBUG] onCompleted for /RedirectServlet written=0
[DEBUG] recycle HttpChannelState@2e8f904b{s=IDLE rs=COMPLETED os=COMPLETED is=IDLE awp=false se=false i=false al=0}
[DEBUG] reset HttpParser{s=END,0 of -1}
[DEBUG] END --> START
[DEBUG] !handle TERMINATED HttpChannelOverHttp@f268a5a{s=HttpChannelState@2e8f904b{s=IDLE rs=BLOCKING os=OPEN is=IDLE awp=false se=false i=true al=0},r=32,c=false/false,a=IDLE,uri=null,age=0}
[DEBUG] filled 294 HeapByteBuffer@78a30358[p=0,l=294,c=8192,r=294]={<<<GET /RedirectServlet HTTP...nection: keep-alive\r\n\r\n>>>g, *; q=....\x00\x00\x00\x00\x00\x00\x00}
[DEBUG] HttpConnection@3be4ecda::SocketChannelEndPoint@122254ce{l=/127.0.0.1:38858,r=/127.0.0.1:42942,OPEN,fill=-,flush=-,to=0/30000}{io=0/0,kio=0,kro=1}->HttpConnection@3be4ecda[p=HttpParser{s=START,0 of -1},g=HttpGenerator@af7230{s=START}]=>HttpChannelOverHttp@f268a5a{s=HttpChannelState@2e8f904b{s=IDLE rs=BLOCKING os=OPEN is=IDLE awp=false se=false i=true al=0},r=32,c=false/false,a=IDLE,uri=null,age=0} filled 294 HeapByteBuffer@78a30358[p=0,l=294,c=8192,r=294]={<<<GET /RedirectServlet HTTP...nection: keep-alive\r\n\r\n>>>g, *; q=....\x00\x00\x00\x00\x00\x00\x00}
[DEBUG] HttpConnection@3be4ecda::SocketChannelEndPoint@122254ce{l=/127.0.0.1:38858,r=/127.0.0.1:42942,OPEN,fill=-,flush=-,to=0/30000}{io=0/0,kio=0,kro=1}->HttpConnection@3be4ecda[p=HttpParser{s=START,0 of -1},g=HttpGenerator@af7230{s=START}]=>HttpChannelOverHttp@f268a5a{s=HttpChannelState@2e8f904b{s=IDLE rs=BLOCKING os=OPEN is=IDLE awp=false se=false i=true al=0},r=32,c=false/false,a=IDLE,uri=null,age=0} parse HeapByteBuffer@78a30358[p=0,l=294,c=8192,r=294]={<<<GET /RedirectServlet HTTP...nection: keep-alive\r\n\r\n>>>g, *; q=....\x00\x00\x00\x00\x00\x00\x00} {}
[DEBUG] parseNext s=START HeapByteBuffer@78a30358[p=0,l=294,c=8192,r=294]={<<<GET /RedirectServlet HTTP...nection: keep-alive\r\n\r\n>>>g, *; q=....\x00\x00\x00\x00\x00\x00\x00}
[DEBUG] START --> SPACE1
[DEBUG] SPACE1 --> URI
[DEBUG] URI --> SPACE2
[DEBUG] SPACE2 --> REQUEST_VERSION
[DEBUG] REQUEST_VERSION --> HEADER
[DEBUG] HEADER:Accept-Encoding: gzip --> IN_VALUE
[DEBUG] HEADER:Accept-Encoding: gzip --> FIELD
[DEBUG] HEADER:User-Agent: Mozilla/5.0 (Windows NT 10.0; Win64; x64) AppleWebKit/537.36 (KHTML, like Gecko) Chrome/79.0.3945.130 Safari/537.36 --> IN_VALUE
[DEBUG] HEADER:User-Agent: Mozilla/5.0 (Windows NT 10.0; Win64; x64) AppleWebKit/537.36 (KHTML, like Gecko) Chrome/79.0.3945.130 Safari/537.36 --> FIELD
[DEBUG] HEADER:Host: localhost:38858 --> IN_VALUE
[DEBUG] HEADER:Host: localhost:38858 --> FIELD
[DEBUG] HEADER:Accept: text/html, image/gif, image/jpeg, *; q=.2, */*; q=.2 --> IN_VALUE
[DEBUG] HEADER:Accept: text/html, image/gif, image/jpeg, *; q=.2, */*; q=.2 --> FIELD
[DEBUG] HEADER:Connection: keep-alive --> IN_VALUE
[DEBUG] HEADER:Connection: keep-alive --> FIELD
[DEBUG] HEADER --> CONTENT
[DEBUG] REQUEST for //localhost:38858/RedirectServlet on HttpChannelOverHttp@f268a5a{s=HttpChannelState@2e8f904b{s=IDLE rs=BLOCKING os=OPEN is=IDLE awp=false se=false i=true al=0},r=33,c=false/false,a=IDLE,uri=//localhost:38858/RedirectServlet,age=0}
GET //localhost:38858/RedirectServlet HTTP/1.1
Accept-Encoding: gzip
User-Agent: Mozilla/5.0 (Windows NT 10.0; Win64; x64) AppleWebKit/537.36 (KHTML, like Gecko) Chrome/79.0.3945.130 Safari/537.36
Host: localhost:38858
Accept: text/html, image/gif, image/jpeg, *; q=.2, */*; q=.2
Connection: keep-alive


[DEBUG] HttpConnection@3be4ecda::SocketChannelEndPoint@122254ce{l=/127.0.0.1:38858,r=/127.0.0.1:42942,OPEN,fill=-,flush=-,to=0/30000}{io=0/0,kio=0,kro=1}->HttpConnection@3be4ecda[p=HttpParser{s=CONTENT,0 of -1},g=HttpGenerator@af7230{s=START}]=>HttpChannelOverHttp@f268a5a{s=HttpChannelState@2e8f904b{s=IDLE rs=BLOCKING os=OPEN is=IDLE awp=false se=false i=true al=0},r=33,c=false/false,a=IDLE,uri=//localhost:38858/RedirectServlet,age=0} parsed true HttpParser{s=CONTENT,0 of -1}
[DEBUG] releaseRequestBuffer HttpConnection@3be4ecda::SocketChannelEndPoint@122254ce{l=/127.0.0.1:38858,r=/127.0.0.1:42942,OPEN,fill=-,flush=-,to=0/30000}{io=0/0,kio=0,kro=1}->HttpConnection@3be4ecda[p=HttpParser{s=CONTENT,0 of -1},g=HttpGenerator@af7230{s=START}]=>HttpChannelOverHttp@f268a5a{s=HttpChannelState@2e8f904b{s=IDLE rs=BLOCKING os=OPEN is=IDLE awp=false se=false i=true al=0},r=33,c=false/false,a=IDLE,uri=//localhost:38858/RedirectServlet,age=1}
[DEBUG] handle //localhost:38858/RedirectServlet HttpChannelOverHttp@f268a5a{s=HttpChannelState@2e8f904b{s=IDLE rs=BLOCKING os=OPEN is=IDLE awp=false se=false i=true al=0},r=33,c=false/false,a=IDLE,uri=//localhost:38858/RedirectServlet,age=1} 
[DEBUG] handling HttpChannelState@2e8f904b{s=IDLE rs=BLOCKING os=OPEN is=IDLE awp=false se=false i=true al=0}
[DEBUG] action DISPATCH HttpChannelOverHttp@f268a5a{s=HttpChannelState@2e8f904b{s=HANDLING rs=BLOCKING os=OPEN is=IDLE awp=false se=false i=true al=0},r=33,c=false/false,a=HANDLING,uri=//localhost:38858/RedirectServlet,age=1}
[DEBUG] REQUEST GET /RedirectServlet on HttpChannelOverHttp@f268a5a{s=HttpChannelState@2e8f904b{s=HANDLING rs=BLOCKING os=OPEN is=IDLE awp=false se=false i=true al=0},r=33,c=false/false,a=HANDLING,uri=//localhost:38858/RedirectServlet,age=1}
[DEBUG] servlet null|/RedirectServlet|null -> org.jsoup.integration.servlets.RedirectServlet-56febdc==org.jsoup.integration.servlets.RedirectServlet@decc268e{jsp=null,order=-1,inst=true,async=true,src=EMBEDDED:null,STARTED}
[DEBUG] chain=null
[DEBUG] handled=true async=false committed=false on HttpChannelOverHttp@f268a5a{s=HttpChannelState@2e8f904b{s=HANDLING rs=BLOCKING os=OPEN is=IDLE awp=false se=false i=true al=0},r=33,c=false/false,a=HANDLING,uri=//localhost:38858/RedirectServlet,age=1}
[DEBUG] unhandle HttpChannelState@2e8f904b{s=HANDLING rs=BLOCKING os=OPEN is=IDLE awp=false se=false i=true al=0}
[DEBUG] nextAction(false) COMPLETE HttpChannelState@2e8f904b{s=HANDLING rs=COMPLETING os=OPEN is=IDLE awp=false se=false i=false al=0}
[DEBUG] action COMPLETE HttpChannelOverHttp@f268a5a{s=HttpChannelState@2e8f904b{s=HANDLING rs=COMPLETING os=OPEN is=IDLE awp=false se=false i=false al=0},r=33,c=false/false,a=HANDLING,uri=//localhost:38858/RedirectServlet,age=1}
[DEBUG] filled 0 HeapByteBuffer@41e05b38[p=0,l=0,c=8192,r=0]={<<<>>>GET /File...\x00\x00\x00\x00\x00\x00\x00}
[DEBUG] filled 0 HeapByteBuffer@41e05b38[p=0,l=0,c=8192,r=0]={<<<>>>GET /File...\x00\x00\x00\x00\x00\x00\x00}
[DEBUG] HttpConnection@3be4ecda::SocketChannelEndPoint@122254ce{l=/127.0.0.1:38858,r=/127.0.0.1:42942,OPEN,fill=-,flush=-,to=1/30000}{io=0/0,kio=0,kro=1}->HttpConnection@3be4ecda[p=HttpParser{s=CONTENT,0 of -1},g=HttpGenerator@af7230{s=START}]=>HttpChannelOverHttp@f268a5a{s=HttpChannelState@2e8f904b{s=HANDLING rs=COMPLETING os=OPEN is=IDLE awp=false se=false i=false al=0},r=33,c=false/false,a=HANDLING,uri=//localhost:38858/RedirectServlet,age=1} filled 0 HeapByteBuffer@41e05b38[p=0,l=0,c=8192,r=0]={<<<>>>GET /File...\x00\x00\x00\x00\x00\x00\x00}
[DEBUG] HttpConnection@3be4ecda::SocketChannelEndPoint@122254ce{l=/127.0.0.1:38858,r=/127.0.0.1:42942,OPEN,fill=-,flush=-,to=17/30000}{io=0/0,kio=0,kro=1}->HttpConnection@3be4ecda[p=HttpParser{s=CONTENT,0 of -1},g=HttpGenerator@af7230{s=START}]=>HttpChannelOverHttp@f268a5a{s=HttpChannelState@2e8f904b{s=HANDLING rs=COMPLETING os=OPEN is=IDLE awp=false se=false i=false al=0},r=33,c=false/false,a=HANDLING,uri=//localhost:38858/RedirectServlet,age=18} parse HeapByteBuffer@41e05b38[p=0,l=0,c=8192,r=0]={<<<>>>GET /File...\x00\x00\x00\x00\x00\x00\x00} {}
[DEBUG] parseNext s=CONTENT HeapByteBuffer@41e05b38[p=0,l=0,c=8192,r=0]={<<<>>>GET /File...\x00\x00\x00\x00\x00\x00\x00}
[DEBUG] CONTENT --> CONTENT_END
[DEBUG] onContentComplete HttpChannelOverHttp@f268a5a{s=HttpChannelState@2e8f904b{s=HANDLING rs=COMPLETING os=OPEN is=IDLE awp=false se=false i=false al=0},r=33,c=false/false,a=HANDLING,uri=//localhost:38858/RedirectServlet,age=18}
[DEBUG] CONTENT_END --> END
[DEBUG] onRequestComplete HttpChannelOverHttp@f268a5a{s=HttpChannelState@2e8f904b{s=HANDLING rs=COMPLETING os=OPEN is=IDLE awp=false se=false i=false al=0},r=33,c=false/false,a=HANDLING,uri=//localhost:38858/RedirectServlet,age=18}
[DEBUG] HttpInputOverHTTP@5e34fa8b[c=0,q=0,[0]=null,s=STREAM] addContent EOF
[DEBUG] HttpConnection@3be4ecda::SocketChannelEndPoint@122254ce{l=/127.0.0.1:38858,r=/127.0.0.1:42942,OPEN,fill=-,flush=-,to=18/30000}{io=0/0,kio=0,kro=1}->HttpConnection@3be4ecda[p=HttpParser{s=END,0 of -1},g=HttpGenerator@af7230{s=START}]=>HttpChannelOverHttp@f268a5a{s=HttpChannelState@2e8f904b{s=HANDLING rs=COMPLETING os=OPEN is=IDLE awp=false se=false i=false al=0},r=33,c=false/false,a=HANDLING,uri=//localhost:38858/RedirectServlet,age=18} parsed false HttpParser{s=END,0 of -1}
[DEBUG] releaseRequestBuffer HttpConnection@3be4ecda::SocketChannelEndPoint@122254ce{l=/127.0.0.1:38858,r=/127.0.0.1:42942,OPEN,fill=-,flush=-,to=18/30000}{io=0/0,kio=0,kro=1}->HttpConnection@3be4ecda[p=HttpParser{s=END,0 of -1},g=HttpGenerator@af7230{s=START}]=>HttpChannelOverHttp@f268a5a{s=HttpChannelState@2e8f904b{s=HANDLING rs=COMPLETING os=OPEN is=IDLE awp=false se=false i=false al=0},r=33,c=false/false,a=HANDLING,uri=//localhost:38858/RedirectServlet,age=18}
[DEBUG] complete(org.eclipse.jetty.util.Callback$3@15813365) s=CLOSING,api=BLOCKED,sc=false,e=null s=false e=null, c=HeapByteBuffer@11848662[p=0,l=0,c=0,r=0]={<<<>>>}
[DEBUG] sendResponse info=null content=HeapByteBuffer@11848662[p=0,l=0,c=0,r=0]={<<<>>>} complete=true committing=true callback=org.eclipse.jetty.server.HttpOutput$WriteCompleteCB@1f93213d
[DEBUG] COMMIT for /RedirectServlet on HttpChannelOverHttp@f268a5a{s=HttpChannelState@2e8f904b{s=HANDLING rs=COMPLETING os=COMMITTED is=IDLE awp=false se=false i=false al=0},r=33,c=false/false,a=HANDLING,uri=//localhost:38858/RedirectServlet,age=18}
302 null HTTP/1.1
Date: Mon, 20 Sep 2021 19:30:13 GMT
Location: 


[DEBUG] generate: NEED_HEADER for SendCallback@2c1836a[PROCESSING][i=HTTP/1.1{s=302,h=2,cl=-1},cb=org.eclipse.jetty.server.HttpChannel$SendCallback@3426df4f] (null,[p=0,l=0,c=0,r=0],true)@START
[DEBUG] generateHeaders HTTP/1.1{s=302,h=2,cl=-1} last=true content=HeapByteBuffer@11848662[p=0,l=0,c=0,r=0]={<<<>>>}
[DEBUG] Date: Mon, 20 Sep 2021 19:30:13 GMT
Location: 


[DEBUG] CONTENT_LENGTH
[DEBUG] generate: FLUSH for SendCallback@2c1836a[PROCESSING][i=HTTP/1.1{s=302,h=2,cl=-1},cb=org.eclipse.jetty.server.HttpChannel$SendCallback@3426df4f] ([p=0,l=123,c=8192,r=123],[p=0,l=0,c=0,r=0],true)@COMPLETING
[DEBUG] write: WriteFlusher@653abf25{IDLE}->null [HeapByteBuffer@22b9b50d[p=0,l=123,c=8192,r=123]={<<<HTTP/1.1 302 Found\r\nDate:...y(9.4.43.v20210629)\r\n\r\n>>>er: Jetty...\x86&h\xA0{\xC1\xC2}]
[DEBUG] update WriteFlusher@653abf25{WRITING}->null:IDLE-->WRITING
[DEBUG] flushed 123 SocketChannelEndPoint@122254ce{l=/127.0.0.1:38858,r=/127.0.0.1:42942,OPEN,fill=-,flush=W,to=22/30000}{io=0/0,kio=0,kro=1}->HttpConnection@3be4ecda[p=HttpParser{s=END,0 of -1},g=HttpGenerator@af7230{s=COMPLETING}]=>HttpChannelOverHttp@f268a5a{s=HttpChannelState@2e8f904b{s=HANDLING rs=COMPLETING os=COMMITTED is=IDLE awp=false se=false i=false al=0},r=33,c=false/false,a=HANDLING,uri=//localhost:38858/RedirectServlet,age=23}
[DEBUG] Flushed=true written=123 remaining=0 WriteFlusher@653abf25{WRITING}->null
[DEBUG] update WriteFlusher@653abf25{IDLE}->null:WRITING-->IDLE
[DEBUG] generate: DONE for SendCallback@2c1836a[PROCESSING][i=HTTP/1.1{s=302,h=2,cl=-1},cb=org.eclipse.jetty.server.HttpChannel$SendCallback@3426df4f] ([p=123,l=123,c=8192,r=0],[p=0,l=0,c=0,r=0],true)@END
[DEBUG] onWriteComplete(true,null) s=CLOSING,api=BLOCKED,sc=false,e=null->s=CLOSED,api=BLOCKING,sc=false,e=null c=null cb=org.eclipse.jetty.util.Callback$3@15813365 w=false
[DEBUG] completed HttpChannelState@2e8f904b{s=HANDLING rs=COMPLETING os=COMPLETED is=IDLE awp=false se=false i=false al=0}
[DEBUG] unhandle HttpChannelState@2e8f904b{s=HANDLING rs=COMPLETED os=COMPLETED is=IDLE awp=false se=false i=false al=0}
[DEBUG] nextAction(false) TERMINATED HttpChannelState@2e8f904b{s=IDLE rs=COMPLETED os=COMPLETED is=IDLE awp=false se=false i=false al=0}
[DEBUG] action TERMINATED HttpChannelOverHttp@f268a5a{s=HttpChannelState@2e8f904b{s=IDLE rs=COMPLETED os=COMPLETED is=IDLE awp=false se=false i=false al=0},r=33,c=true/true,a=IDLE,uri=//localhost:38858/RedirectServlet,age=23}
[DEBUG] onCompleted for /RedirectServlet written=0
[DEBUG] recycle HttpChannelState@2e8f904b{s=IDLE rs=COMPLETED os=COMPLETED is=IDLE awp=false se=false i=false al=0}
[DEBUG] reset HttpParser{s=END,0 of -1}
[DEBUG] END --> START
[DEBUG] !handle TERMINATED HttpChannelOverHttp@f268a5a{s=HttpChannelState@2e8f904b{s=IDLE rs=BLOCKING os=OPEN is=IDLE awp=false se=false i=true al=0},r=33,c=false/false,a=IDLE,uri=null,age=0}
[DEBUG] filled 294 HeapByteBuffer@78a30358[p=0,l=294,c=8192,r=294]={<<<GET /RedirectServlet HTTP...nection: keep-alive\r\n\r\n>>>g, *; q=....\x00\x00\x00\x00\x00\x00\x00}
[DEBUG] HttpConnection@3be4ecda::SocketChannelEndPoint@122254ce{l=/127.0.0.1:38858,r=/127.0.0.1:42942,OPEN,fill=-,flush=-,to=0/30000}{io=0/0,kio=0,kro=1}->HttpConnection@3be4ecda[p=HttpParser{s=START,0 of -1},g=HttpGenerator@af7230{s=START}]=>HttpChannelOverHttp@f268a5a{s=HttpChannelState@2e8f904b{s=IDLE rs=BLOCKING os=OPEN is=IDLE awp=false se=false i=true al=0},r=33,c=false/false,a=IDLE,uri=null,age=0} filled 294 HeapByteBuffer@78a30358[p=0,l=294,c=8192,r=294]={<<<GET /RedirectServlet HTTP...nection: keep-alive\r\n\r\n>>>g, *; q=....\x00\x00\x00\x00\x00\x00\x00}
[DEBUG] HttpConnection@3be4ecda::SocketChannelEndPoint@122254ce{l=/127.0.0.1:38858,r=/127.0.0.1:42942,OPEN,fill=-,flush=-,to=4/30000}{io=0/0,kio=0,kro=1}->HttpConnection@3be4ecda[p=HttpParser{s=START,0 of -1},g=HttpGenerator@af7230{s=START}]=>HttpChannelOverHttp@f268a5a{s=HttpChannelState@2e8f904b{s=IDLE rs=BLOCKING os=OPEN is=IDLE awp=false se=false i=true al=0},r=33,c=false/false,a=IDLE,uri=null,age=0} parse HeapByteBuffer@78a30358[p=0,l=294,c=8192,r=294]={<<<GET /RedirectServlet HTTP...nection: keep-alive\r\n\r\n>>>g, *; q=....\x00\x00\x00\x00\x00\x00\x00} {}
[DEBUG] parseNext s=START HeapByteBuffer@78a30358[p=0,l=294,c=8192,r=294]={<<<GET /RedirectServlet HTTP...nection: keep-alive\r\n\r\n>>>g, *; q=....\x00\x00\x00\x00\x00\x00\x00}
[DEBUG] START --> SPACE1
[DEBUG] SPACE1 --> URI
[DEBUG] URI --> SPACE2
[DEBUG] SPACE2 --> REQUEST_VERSION
[DEBUG] REQUEST_VERSION --> HEADER
[DEBUG] HEADER:Accept-Encoding: gzip --> IN_VALUE
[DEBUG] HEADER:Accept-Encoding: gzip --> FIELD
[DEBUG] HEADER:User-Agent: Mozilla/5.0 (Windows NT 10.0; Win64; x64) AppleWebKit/537.36 (KHTML, like Gecko) Chrome/79.0.3945.130 Safari/537.36 --> IN_VALUE
[DEBUG] HEADER:User-Agent: Mozilla/5.0 (Windows NT 10.0; Win64; x64) AppleWebKit/537.36 (KHTML, like Gecko) Chrome/79.0.3945.130 Safari/537.36 --> FIELD
[DEBUG] HEADER:Host: localhost:38858 --> IN_VALUE
[DEBUG] HEADER:Host: localhost:38858 --> FIELD
[DEBUG] HEADER:Accept: text/html, image/gif, image/jpeg, *; q=.2, */*; q=.2 --> IN_VALUE
[DEBUG] HEADER:Accept: text/html, image/gif, image/jpeg, *; q=.2, */*; q=.2 --> FIELD
[DEBUG] HEADER:Connection: keep-alive --> IN_VALUE
[DEBUG] HEADER:Connection: keep-alive --> FIELD
[DEBUG] HEADER --> CONTENT
[DEBUG] REQUEST for //localhost:38858/RedirectServlet on HttpChannelOverHttp@f268a5a{s=HttpChannelState@2e8f904b{s=IDLE rs=BLOCKING os=OPEN is=IDLE awp=false se=false i=true al=0},r=34,c=false/false,a=IDLE,uri=//localhost:38858/RedirectServlet,age=0}
GET //localhost:38858/RedirectServlet HTTP/1.1
Accept-Encoding: gzip
User-Agent: Mozilla/5.0 (Windows NT 10.0; Win64; x64) AppleWebKit/537.36 (KHTML, like Gecko) Chrome/79.0.3945.130 Safari/537.36
Host: localhost:38858
Accept: text/html, image/gif, image/jpeg, *; q=.2, */*; q=.2
Connection: keep-alive


[DEBUG] HttpConnection@3be4ecda::SocketChannelEndPoint@122254ce{l=/127.0.0.1:38858,r=/127.0.0.1:42942,OPEN,fill=-,flush=-,to=4/30000}{io=0/0,kio=0,kro=1}->HttpConnection@3be4ecda[p=HttpParser{s=CONTENT,0 of -1},g=HttpGenerator@af7230{s=START}]=>HttpChannelOverHttp@f268a5a{s=HttpChannelState@2e8f904b{s=IDLE rs=BLOCKING os=OPEN is=IDLE awp=false se=false i=true al=0},r=34,c=false/false,a=IDLE,uri=//localhost:38858/RedirectServlet,age=0} parsed true HttpParser{s=CONTENT,0 of -1}
[DEBUG] releaseRequestBuffer HttpConnection@3be4ecda::SocketChannelEndPoint@122254ce{l=/127.0.0.1:38858,r=/127.0.0.1:42942,OPEN,fill=-,flush=-,to=4/30000}{io=0/0,kio=0,kro=1}->HttpConnection@3be4ecda[p=HttpParser{s=CONTENT,0 of -1},g=HttpGenerator@af7230{s=START}]=>HttpChannelOverHttp@f268a5a{s=HttpChannelState@2e8f904b{s=IDLE rs=BLOCKING os=OPEN is=IDLE awp=false se=false i=true al=0},r=34,c=false/false,a=IDLE,uri=//localhost:38858/RedirectServlet,age=0}
[DEBUG] handle //localhost:38858/RedirectServlet HttpChannelOverHttp@f268a5a{s=HttpChannelState@2e8f904b{s=IDLE rs=BLOCKING os=OPEN is=IDLE awp=false se=false i=true al=0},r=34,c=false/false,a=IDLE,uri=//localhost:38858/RedirectServlet,age=0} 
[DEBUG] handling HttpChannelState@2e8f904b{s=IDLE rs=BLOCKING os=OPEN is=IDLE awp=false se=false i=true al=0}
[DEBUG] action DISPATCH HttpChannelOverHttp@f268a5a{s=HttpChannelState@2e8f904b{s=HANDLING rs=BLOCKING os=OPEN is=IDLE awp=false se=false i=true al=0},r=34,c=false/false,a=HANDLING,uri=//localhost:38858/RedirectServlet,age=0}
[DEBUG] REQUEST GET /RedirectServlet on HttpChannelOverHttp@f268a5a{s=HttpChannelState@2e8f904b{s=HANDLING rs=BLOCKING os=OPEN is=IDLE awp=false se=false i=true al=0},r=34,c=false/false,a=HANDLING,uri=//localhost:38858/RedirectServlet,age=0}
[DEBUG] servlet null|/RedirectServlet|null -> org.jsoup.integration.servlets.RedirectServlet-56febdc==org.jsoup.integration.servlets.RedirectServlet@decc268e{jsp=null,order=-1,inst=true,async=true,src=EMBEDDED:null,STARTED}
[DEBUG] chain=null
[DEBUG] handled=true async=false committed=false on HttpChannelOverHttp@f268a5a{s=HttpChannelState@2e8f904b{s=HANDLING rs=BLOCKING os=OPEN is=IDLE awp=false se=false i=true al=0},r=34,c=false/false,a=HANDLING,uri=//localhost:38858/RedirectServlet,age=0}
[DEBUG] unhandle HttpChannelState@2e8f904b{s=HANDLING rs=BLOCKING os=OPEN is=IDLE awp=false se=false i=true al=0}
[DEBUG] nextAction(false) COMPLETE HttpChannelState@2e8f904b{s=HANDLING rs=COMPLETING os=OPEN is=IDLE awp=false se=false i=false al=0}
[DEBUG] action COMPLETE HttpChannelOverHttp@f268a5a{s=HttpChannelState@2e8f904b{s=HANDLING rs=COMPLETING os=OPEN is=IDLE awp=false se=false i=false al=0},r=34,c=false/false,a=HANDLING,uri=//localhost:38858/RedirectServlet,age=0}
[DEBUG] filled 0 HeapByteBuffer@41e05b38[p=0,l=0,c=8192,r=0]={<<<>>>GET /File...\x00\x00\x00\x00\x00\x00\x00}
[DEBUG] filled 0 HeapByteBuffer@41e05b38[p=0,l=0,c=8192,r=0]={<<<>>>GET /File...\x00\x00\x00\x00\x00\x00\x00}
[DEBUG] HttpConnection@3be4ecda::SocketChannelEndPoint@122254ce{l=/127.0.0.1:38858,r=/127.0.0.1:42942,OPEN,fill=-,flush=-,to=5/30000}{io=0/0,kio=0,kro=1}->HttpConnection@3be4ecda[p=HttpParser{s=CONTENT,0 of -1},g=HttpGenerator@af7230{s=START}]=>HttpChannelOverHttp@f268a5a{s=HttpChannelState@2e8f904b{s=HANDLING rs=COMPLETING os=OPEN is=IDLE awp=false se=false i=false al=0},r=34,c=false/false,a=HANDLING,uri=//localhost:38858/RedirectServlet,age=1} filled 0 HeapByteBuffer@41e05b38[p=0,l=0,c=8192,r=0]={<<<>>>GET /File...\x00\x00\x00\x00\x00\x00\x00}
[DEBUG] HttpConnection@3be4ecda::SocketChannelEndPoint@122254ce{l=/127.0.0.1:38858,r=/127.0.0.1:42942,OPEN,fill=-,flush=-,to=5/30000}{io=0/0,kio=0,kro=1}->HttpConnection@3be4ecda[p=HttpParser{s=CONTENT,0 of -1},g=HttpGenerator@af7230{s=START}]=>HttpChannelOverHttp@f268a5a{s=HttpChannelState@2e8f904b{s=HANDLING rs=COMPLETING os=OPEN is=IDLE awp=false se=false i=false al=0},r=34,c=false/false,a=HANDLING,uri=//localhost:38858/RedirectServlet,age=1} parse HeapByteBuffer@41e05b38[p=0,l=0,c=8192,r=0]={<<<>>>GET /File...\x00\x00\x00\x00\x00\x00\x00} {}
[DEBUG] parseNext s=CONTENT HeapByteBuffer@41e05b38[p=0,l=0,c=8192,r=0]={<<<>>>GET /File...\x00\x00\x00\x00\x00\x00\x00}
[DEBUG] CONTENT --> CONTENT_END
[DEBUG] onContentComplete HttpChannelOverHttp@f268a5a{s=HttpChannelState@2e8f904b{s=HANDLING rs=COMPLETING os=OPEN is=IDLE awp=false se=false i=false al=0},r=34,c=false/false,a=HANDLING,uri=//localhost:38858/RedirectServlet,age=1}
[DEBUG] CONTENT_END --> END
[DEBUG] onRequestComplete HttpChannelOverHttp@f268a5a{s=HttpChannelState@2e8f904b{s=HANDLING rs=COMPLETING os=OPEN is=IDLE awp=false se=false i=false al=0},r=34,c=false/false,a=HANDLING,uri=//localhost:38858/RedirectServlet,age=1}
[DEBUG] HttpInputOverHTTP@5e34fa8b[c=0,q=0,[0]=null,s=STREAM] addContent EOF
[DEBUG] HttpConnection@3be4ecda::SocketChannelEndPoint@122254ce{l=/127.0.0.1:38858,r=/127.0.0.1:42942,OPEN,fill=-,flush=-,to=5/30000}{io=0/0,kio=0,kro=1}->HttpConnection@3be4ecda[p=HttpParser{s=END,0 of -1},g=HttpGenerator@af7230{s=START}]=>HttpChannelOverHttp@f268a5a{s=HttpChannelState@2e8f904b{s=HANDLING rs=COMPLETING os=OPEN is=IDLE awp=false se=false i=false al=0},r=34,c=false/false,a=HANDLING,uri=//localhost:38858/RedirectServlet,age=1} parsed false HttpParser{s=END,0 of -1}
[DEBUG] releaseRequestBuffer HttpConnection@3be4ecda::SocketChannelEndPoint@122254ce{l=/127.0.0.1:38858,r=/127.0.0.1:42942,OPEN,fill=-,flush=-,to=5/30000}{io=0/0,kio=0,kro=1}->HttpConnection@3be4ecda[p=HttpParser{s=END,0 of -1},g=HttpGenerator@af7230{s=START}]=>HttpChannelOverHttp@f268a5a{s=HttpChannelState@2e8f904b{s=HANDLING rs=COMPLETING os=OPEN is=IDLE awp=false se=false i=false al=0},r=34,c=false/false,a=HANDLING,uri=//localhost:38858/RedirectServlet,age=1}
[DEBUG] complete(org.eclipse.jetty.util.Callback$3@25b2d3ad) s=CLOSING,api=BLOCKED,sc=false,e=null s=false e=null, c=HeapByteBuffer@11848662[p=0,l=0,c=0,r=0]={<<<>>>}
[DEBUG] sendResponse info=null content=HeapByteBuffer@11848662[p=0,l=0,c=0,r=0]={<<<>>>} complete=true committing=true callback=org.eclipse.jetty.server.HttpOutput$WriteCompleteCB@3934c665
[DEBUG] COMMIT for /RedirectServlet on HttpChannelOverHttp@f268a5a{s=HttpChannelState@2e8f904b{s=HANDLING rs=COMPLETING os=COMMITTED is=IDLE awp=false se=false i=false al=0},r=34,c=false/false,a=HANDLING,uri=//localhost:38858/RedirectServlet,age=8}
302 null HTTP/1.1
Date: Mon, 20 Sep 2021 19:30:13 GMT
Location: 


[DEBUG] generate: NEED_HEADER for SendCallback@2c1836a[PROCESSING][i=HTTP/1.1{s=302,h=2,cl=-1},cb=org.eclipse.jetty.server.HttpChannel$SendCallback@3f2892b7] (null,[p=0,l=0,c=0,r=0],true)@START
[DEBUG] generateHeaders HTTP/1.1{s=302,h=2,cl=-1} last=true content=HeapByteBuffer@11848662[p=0,l=0,c=0,r=0]={<<<>>>}
[DEBUG] Date: Mon, 20 Sep 2021 19:30:13 GMT
Location: 


[DEBUG] CONTENT_LENGTH
[DEBUG] generate: FLUSH for SendCallback@2c1836a[PROCESSING][i=HTTP/1.1{s=302,h=2,cl=-1},cb=org.eclipse.jetty.server.HttpChannel$SendCallback@3f2892b7] ([p=0,l=123,c=8192,r=123],[p=0,l=0,c=0,r=0],true)@COMPLETING
[DEBUG] write: WriteFlusher@653abf25{IDLE}->null [HeapByteBuffer@22b9b50d[p=0,l=123,c=8192,r=123]={<<<HTTP/1.1 302 Found\r\nDate:...y(9.4.43.v20210629)\r\n\r\n>>>er: Jetty...\x86&h\xA0{\xC1\xC2}]
[DEBUG] update WriteFlusher@653abf25{WRITING}->null:IDLE-->WRITING
[DEBUG] flushed 123 SocketChannelEndPoint@122254ce{l=/127.0.0.1:38858,r=/127.0.0.1:42942,OPEN,fill=-,flush=W,to=17/30000}{io=0/0,kio=0,kro=1}->HttpConnection@3be4ecda[p=HttpParser{s=END,0 of -1},g=HttpGenerator@af7230{s=COMPLETING}]=>HttpChannelOverHttp@f268a5a{s=HttpChannelState@2e8f904b{s=HANDLING rs=COMPLETING os=COMMITTED is=IDLE awp=false se=false i=false al=0},r=34,c=false/false,a=HANDLING,uri=//localhost:38858/RedirectServlet,age=13}
[DEBUG] Flushed=true written=123 remaining=0 WriteFlusher@653abf25{WRITING}->null
[DEBUG] update WriteFlusher@653abf25{IDLE}->null:WRITING-->IDLE
[DEBUG] generate: DONE for SendCallback@2c1836a[PROCESSING][i=HTTP/1.1{s=302,h=2,cl=-1},cb=org.eclipse.jetty.server.HttpChannel$SendCallback@3f2892b7] ([p=123,l=123,c=8192,r=0],[p=0,l=0,c=0,r=0],true)@END
[DEBUG] onWriteComplete(true,null) s=CLOSING,api=BLOCKED,sc=false,e=null->s=CLOSED,api=BLOCKING,sc=false,e=null c=null cb=org.eclipse.jetty.util.Callback$3@25b2d3ad w=false
[DEBUG] completed HttpChannelState@2e8f904b{s=HANDLING rs=COMPLETING os=COMPLETED is=IDLE awp=false se=false i=false al=0}
[DEBUG] unhandle HttpChannelState@2e8f904b{s=HANDLING rs=COMPLETED os=COMPLETED is=IDLE awp=false se=false i=false al=0}
[DEBUG] nextAction(false) TERMINATED HttpChannelState@2e8f904b{s=IDLE rs=COMPLETED os=COMPLETED is=IDLE awp=false se=false i=false al=0}
[DEBUG] action TERMINATED HttpChannelOverHttp@f268a5a{s=HttpChannelState@2e8f904b{s=IDLE rs=COMPLETED os=COMPLETED is=IDLE awp=false se=false i=false al=0},r=34,c=true/true,a=IDLE,uri=//localhost:38858/RedirectServlet,age=13}
[DEBUG] onCompleted for /RedirectServlet written=0
[DEBUG] recycle HttpChannelState@2e8f904b{s=IDLE rs=COMPLETED os=COMPLETED is=IDLE awp=false se=false i=false al=0}
[DEBUG] reset HttpParser{s=END,0 of -1}
[DEBUG] END --> START
[DEBUG] !handle TERMINATED HttpChannelOverHttp@f268a5a{s=HttpChannelState@2e8f904b{s=IDLE rs=BLOCKING os=OPEN is=IDLE awp=false se=false i=true al=0},r=34,c=false/false,a=IDLE,uri=null,age=0}
[DEBUG] filled 294 HeapByteBuffer@78a30358[p=0,l=294,c=8192,r=294]={<<<GET /RedirectServlet HTTP...nection: keep-alive\r\n\r\n>>>g, *; q=....\x00\x00\x00\x00\x00\x00\x00}
[DEBUG] HttpConnection@3be4ecda::SocketChannelEndPoint@122254ce{l=/127.0.0.1:38858,r=/127.0.0.1:42942,OPEN,fill=-,flush=-,to=0/30000}{io=0/0,kio=0,kro=1}->HttpConnection@3be4ecda[p=HttpParser{s=START,0 of -1},g=HttpGenerator@af7230{s=START}]=>HttpChannelOverHttp@f268a5a{s=HttpChannelState@2e8f904b{s=IDLE rs=BLOCKING os=OPEN is=IDLE awp=false se=false i=true al=0},r=34,c=false/false,a=IDLE,uri=null,age=0} filled 294 HeapByteBuffer@78a30358[p=0,l=294,c=8192,r=294]={<<<GET /RedirectServlet HTTP...nection: keep-alive\r\n\r\n>>>g, *; q=....\x00\x00\x00\x00\x00\x00\x00}
[DEBUG] HttpConnection@3be4ecda::SocketChannelEndPoint@122254ce{l=/127.0.0.1:38858,r=/127.0.0.1:42942,OPEN,fill=-,flush=-,to=0/30000}{io=0/0,kio=0,kro=1}->HttpConnection@3be4ecda[p=HttpParser{s=START,0 of -1},g=HttpGenerator@af7230{s=START}]=>HttpChannelOverHttp@f268a5a{s=HttpChannelState@2e8f904b{s=IDLE rs=BLOCKING os=OPEN is=IDLE awp=false se=false i=true al=0},r=34,c=false/false,a=IDLE,uri=null,age=0} parse HeapByteBuffer@78a30358[p=0,l=294,c=8192,r=294]={<<<GET /RedirectServlet HTTP...nection: keep-alive\r\n\r\n>>>g, *; q=....\x00\x00\x00\x00\x00\x00\x00} {}
[DEBUG] parseNext s=START HeapByteBuffer@78a30358[p=0,l=294,c=8192,r=294]={<<<GET /RedirectServlet HTTP...nection: keep-alive\r\n\r\n>>>g, *; q=....\x00\x00\x00\x00\x00\x00\x00}
[DEBUG] START --> SPACE1
[DEBUG] SPACE1 --> URI
[DEBUG] URI --> SPACE2
[DEBUG] SPACE2 --> REQUEST_VERSION
[DEBUG] REQUEST_VERSION --> HEADER
[DEBUG] HEADER:Accept-Encoding: gzip --> IN_VALUE
[DEBUG] HEADER:Accept-Encoding: gzip --> FIELD
[DEBUG] HEADER:User-Agent: Mozilla/5.0 (Windows NT 10.0; Win64; x64) AppleWebKit/537.36 (KHTML, like Gecko) Chrome/79.0.3945.130 Safari/537.36 --> IN_VALUE
[DEBUG] HEADER:User-Agent: Mozilla/5.0 (Windows NT 10.0; Win64; x64) AppleWebKit/537.36 (KHTML, like Gecko) Chrome/79.0.3945.130 Safari/537.36 --> FIELD
[DEBUG] HEADER:Host: localhost:38858 --> IN_VALUE
[DEBUG] HEADER:Host: localhost:38858 --> FIELD
[DEBUG] HEADER:Accept: text/html, image/gif, image/jpeg, *; q=.2, */*; q=.2 --> IN_VALUE
[DEBUG] HEADER:Accept: text/html, image/gif, image/jpeg, *; q=.2, */*; q=.2 --> FIELD
[DEBUG] HEADER:Connection: keep-alive --> IN_VALUE
[DEBUG] HEADER:Connection: keep-alive --> FIELD
[DEBUG] HEADER --> CONTENT
[DEBUG] REQUEST for //localhost:38858/RedirectServlet on HttpChannelOverHttp@f268a5a{s=HttpChannelState@2e8f904b{s=IDLE rs=BLOCKING os=OPEN is=IDLE awp=false se=false i=true al=0},r=35,c=false/false,a=IDLE,uri=//localhost:38858/RedirectServlet,age=0}
GET //localhost:38858/RedirectServlet HTTP/1.1
Accept-Encoding: gzip
User-Agent: Mozilla/5.0 (Windows NT 10.0; Win64; x64) AppleWebKit/537.36 (KHTML, like Gecko) Chrome/79.0.3945.130 Safari/537.36
Host: localhost:38858
Accept: text/html, image/gif, image/jpeg, *; q=.2, */*; q=.2
Connection: keep-alive


[DEBUG] HttpConnection@3be4ecda::SocketChannelEndPoint@122254ce{l=/127.0.0.1:38858,r=/127.0.0.1:42942,OPEN,fill=-,flush=-,to=0/30000}{io=0/0,kio=0,kro=1}->HttpConnection@3be4ecda[p=HttpParser{s=CONTENT,0 of -1},g=HttpGenerator@af7230{s=START}]=>HttpChannelOverHttp@f268a5a{s=HttpChannelState@2e8f904b{s=IDLE rs=BLOCKING os=OPEN is=IDLE awp=false se=false i=true al=0},r=35,c=false/false,a=IDLE,uri=//localhost:38858/RedirectServlet,age=0} parsed true HttpParser{s=CONTENT,0 of -1}
[DEBUG] releaseRequestBuffer HttpConnection@3be4ecda::SocketChannelEndPoint@122254ce{l=/127.0.0.1:38858,r=/127.0.0.1:42942,OPEN,fill=-,flush=-,to=0/30000}{io=0/0,kio=0,kro=1}->HttpConnection@3be4ecda[p=HttpParser{s=CONTENT,0 of -1},g=HttpGenerator@af7230{s=START}]=>HttpChannelOverHttp@f268a5a{s=HttpChannelState@2e8f904b{s=IDLE rs=BLOCKING os=OPEN is=IDLE awp=false se=false i=true al=0},r=35,c=false/false,a=IDLE,uri=//localhost:38858/RedirectServlet,age=0}
[DEBUG] handle //localhost:38858/RedirectServlet HttpChannelOverHttp@f268a5a{s=HttpChannelState@2e8f904b{s=IDLE rs=BLOCKING os=OPEN is=IDLE awp=false se=false i=true al=0},r=35,c=false/false,a=IDLE,uri=//localhost:38858/RedirectServlet,age=0} 
[DEBUG] handling HttpChannelState@2e8f904b{s=IDLE rs=BLOCKING os=OPEN is=IDLE awp=false se=false i=true al=0}
[DEBUG] action DISPATCH HttpChannelOverHttp@f268a5a{s=HttpChannelState@2e8f904b{s=HANDLING rs=BLOCKING os=OPEN is=IDLE awp=false se=false i=true al=0},r=35,c=false/false,a=HANDLING,uri=//localhost:38858/RedirectServlet,age=0}
[DEBUG] REQUEST GET /RedirectServlet on HttpChannelOverHttp@f268a5a{s=HttpChannelState@2e8f904b{s=HANDLING rs=BLOCKING os=OPEN is=IDLE awp=false se=false i=true al=0},r=35,c=false/false,a=HANDLING,uri=//localhost:38858/RedirectServlet,age=0}
[DEBUG] servlet null|/RedirectServlet|null -> org.jsoup.integration.servlets.RedirectServlet-56febdc==org.jsoup.integration.servlets.RedirectServlet@decc268e{jsp=null,order=-1,inst=true,async=true,src=EMBEDDED:null,STARTED}
[DEBUG] chain=null
[DEBUG] handled=true async=false committed=false on HttpChannelOverHttp@f268a5a{s=HttpChannelState@2e8f904b{s=HANDLING rs=BLOCKING os=OPEN is=IDLE awp=false se=false i=true al=0},r=35,c=false/false,a=HANDLING,uri=//localhost:38858/RedirectServlet,age=0}
[DEBUG] unhandle HttpChannelState@2e8f904b{s=HANDLING rs=BLOCKING os=OPEN is=IDLE awp=false se=false i=true al=0}
[DEBUG] nextAction(false) COMPLETE HttpChannelState@2e8f904b{s=HANDLING rs=COMPLETING os=OPEN is=IDLE awp=false se=false i=false al=0}
[DEBUG] action COMPLETE HttpChannelOverHttp@f268a5a{s=HttpChannelState@2e8f904b{s=HANDLING rs=COMPLETING os=OPEN is=IDLE awp=false se=false i=false al=0},r=35,c=false/false,a=HANDLING,uri=//localhost:38858/RedirectServlet,age=0}
[DEBUG] filled 0 HeapByteBuffer@41e05b38[p=0,l=0,c=8192,r=0]={<<<>>>GET /File...\x00\x00\x00\x00\x00\x00\x00}
[DEBUG] filled 0 HeapByteBuffer@41e05b38[p=0,l=0,c=8192,r=0]={<<<>>>GET /File...\x00\x00\x00\x00\x00\x00\x00}
[DEBUG] HttpConnection@3be4ecda::SocketChannelEndPoint@122254ce{l=/127.0.0.1:38858,r=/127.0.0.1:42942,OPEN,fill=-,flush=-,to=1/30000}{io=0/0,kio=0,kro=1}->HttpConnection@3be4ecda[p=HttpParser{s=CONTENT,0 of -1},g=HttpGenerator@af7230{s=START}]=>HttpChannelOverHttp@f268a5a{s=HttpChannelState@2e8f904b{s=HANDLING rs=COMPLETING os=OPEN is=IDLE awp=false se=false i=false al=0},r=35,c=false/false,a=HANDLING,uri=//localhost:38858/RedirectServlet,age=0} filled 0 HeapByteBuffer@41e05b38[p=0,l=0,c=8192,r=0]={<<<>>>GET /File...\x00\x00\x00\x00\x00\x00\x00}
[DEBUG] HttpConnection@3be4ecda::SocketChannelEndPoint@122254ce{l=/127.0.0.1:38858,r=/127.0.0.1:42942,OPEN,fill=-,flush=-,to=1/30000}{io=0/0,kio=0,kro=1}->HttpConnection@3be4ecda[p=HttpParser{s=CONTENT,0 of -1},g=HttpGenerator@af7230{s=START}]=>HttpChannelOverHttp@f268a5a{s=HttpChannelState@2e8f904b{s=HANDLING rs=COMPLETING os=OPEN is=IDLE awp=false se=false i=false al=0},r=35,c=false/false,a=HANDLING,uri=//localhost:38858/RedirectServlet,age=0} parse HeapByteBuffer@41e05b38[p=0,l=0,c=8192,r=0]={<<<>>>GET /File...\x00\x00\x00\x00\x00\x00\x00} {}
[DEBUG] parseNext s=CONTENT HeapByteBuffer@41e05b38[p=0,l=0,c=8192,r=0]={<<<>>>GET /File...\x00\x00\x00\x00\x00\x00\x00}
[DEBUG] CONTENT --> CONTENT_END
[DEBUG] onContentComplete HttpChannelOverHttp@f268a5a{s=HttpChannelState@2e8f904b{s=HANDLING rs=COMPLETING os=OPEN is=IDLE awp=false se=false i=false al=0},r=35,c=false/false,a=HANDLING,uri=//localhost:38858/RedirectServlet,age=0}
[DEBUG] CONTENT_END --> END
[DEBUG] onRequestComplete HttpChannelOverHttp@f268a5a{s=HttpChannelState@2e8f904b{s=HANDLING rs=COMPLETING os=OPEN is=IDLE awp=false se=false i=false al=0},r=35,c=false/false,a=HANDLING,uri=//localhost:38858/RedirectServlet,age=0}
[DEBUG] HttpInputOverHTTP@5e34fa8b[c=0,q=0,[0]=null,s=STREAM] addContent EOF
[DEBUG] HttpConnection@3be4ecda::SocketChannelEndPoint@122254ce{l=/127.0.0.1:38858,r=/127.0.0.1:42942,OPEN,fill=-,flush=-,to=1/30000}{io=0/0,kio=0,kro=1}->HttpConnection@3be4ecda[p=HttpParser{s=END,0 of -1},g=HttpGenerator@af7230{s=START}]=>HttpChannelOverHttp@f268a5a{s=HttpChannelState@2e8f904b{s=HANDLING rs=COMPLETING os=OPEN is=IDLE awp=false se=false i=false al=0},r=35,c=false/false,a=HANDLING,uri=//localhost:38858/RedirectServlet,age=1} parsed false HttpParser{s=END,0 of -1}
[DEBUG] releaseRequestBuffer HttpConnection@3be4ecda::SocketChannelEndPoint@122254ce{l=/127.0.0.1:38858,r=/127.0.0.1:42942,OPEN,fill=-,flush=-,to=1/30000}{io=0/0,kio=0,kro=1}->HttpConnection@3be4ecda[p=HttpParser{s=END,0 of -1},g=HttpGenerator@af7230{s=START}]=>HttpChannelOverHttp@f268a5a{s=HttpChannelState@2e8f904b{s=HANDLING rs=COMPLETING os=OPEN is=IDLE awp=false se=false i=false al=0},r=35,c=false/false,a=HANDLING,uri=//localhost:38858/RedirectServlet,age=1}
[DEBUG] complete(org.eclipse.jetty.util.Callback$3@3d76feba) s=CLOSING,api=BLOCKED,sc=false,e=null s=false e=null, c=HeapByteBuffer@11848662[p=0,l=0,c=0,r=0]={<<<>>>}
[DEBUG] sendResponse info=null content=HeapByteBuffer@11848662[p=0,l=0,c=0,r=0]={<<<>>>} complete=true committing=true callback=org.eclipse.jetty.server.HttpOutput$WriteCompleteCB@e6a6d02
[DEBUG] COMMIT for /RedirectServlet on HttpChannelOverHttp@f268a5a{s=HttpChannelState@2e8f904b{s=HANDLING rs=COMPLETING os=COMMITTED is=IDLE awp=false se=false i=false al=0},r=35,c=false/false,a=HANDLING,uri=//localhost:38858/RedirectServlet,age=1}
302 null HTTP/1.1
Date: Mon, 20 Sep 2021 19:30:13 GMT
Location: 


[DEBUG] generate: NEED_HEADER for SendCallback@2c1836a[PROCESSING][i=HTTP/1.1{s=302,h=2,cl=-1},cb=org.eclipse.jetty.server.HttpChannel$SendCallback@11f28544] (null,[p=0,l=0,c=0,r=0],true)@START
[DEBUG] generateHeaders HTTP/1.1{s=302,h=2,cl=-1} last=true content=HeapByteBuffer@11848662[p=0,l=0,c=0,r=0]={<<<>>>}
[DEBUG] Date: Mon, 20 Sep 2021 19:30:13 GMT
Location: 


[DEBUG] CONTENT_LENGTH
[DEBUG] generate: FLUSH for SendCallback@2c1836a[PROCESSING][i=HTTP/1.1{s=302,h=2,cl=-1},cb=org.eclipse.jetty.server.HttpChannel$SendCallback@11f28544] ([p=0,l=123,c=8192,r=123],[p=0,l=0,c=0,r=0],true)@COMPLETING
[DEBUG] write: WriteFlusher@653abf25{IDLE}->null [HeapByteBuffer@22b9b50d[p=0,l=123,c=8192,r=123]={<<<HTTP/1.1 302 Found\r\nDate:...y(9.4.43.v20210629)\r\n\r\n>>>er: Jetty...\x86&h\xA0{\xC1\xC2}]
[DEBUG] update WriteFlusher@653abf25{WRITING}->null:IDLE-->WRITING
[DEBUG] flushed 123 SocketChannelEndPoint@122254ce{l=/127.0.0.1:38858,r=/127.0.0.1:42942,OPEN,fill=-,flush=W,to=6/30000}{io=0/0,kio=0,kro=1}->HttpConnection@3be4ecda[p=HttpParser{s=END,0 of -1},g=HttpGenerator@af7230{s=COMPLETING}]=>HttpChannelOverHttp@f268a5a{s=HttpChannelState@2e8f904b{s=HANDLING rs=COMPLETING os=COMMITTED is=IDLE awp=false se=false i=false al=0},r=35,c=false/false,a=HANDLING,uri=//localhost:38858/RedirectServlet,age=6}
[DEBUG] Flushed=true written=123 remaining=0 WriteFlusher@653abf25{WRITING}->null
[DEBUG] update WriteFlusher@653abf25{IDLE}->null:WRITING-->IDLE
[DEBUG] generate: DONE for SendCallback@2c1836a[PROCESSING][i=HTTP/1.1{s=302,h=2,cl=-1},cb=org.eclipse.jetty.server.HttpChannel$SendCallback@11f28544] ([p=123,l=123,c=8192,r=0],[p=0,l=0,c=0,r=0],true)@END
[DEBUG] onWriteComplete(true,null) s=CLOSING,api=BLOCKED,sc=false,e=null->s=CLOSED,api=BLOCKING,sc=false,e=null c=null cb=org.eclipse.jetty.util.Callback$3@3d76feba w=false
[DEBUG] completed HttpChannelState@2e8f904b{s=HANDLING rs=COMPLETING os=COMPLETED is=IDLE awp=false se=false i=false al=0}
[DEBUG] unhandle HttpChannelState@2e8f904b{s=HANDLING rs=COMPLETED os=COMPLETED is=IDLE awp=false se=false i=false al=0}
[DEBUG] nextAction(false) TERMINATED HttpChannelState@2e8f904b{s=IDLE rs=COMPLETED os=COMPLETED is=IDLE awp=false se=false i=false al=0}
[DEBUG] action TERMINATED HttpChannelOverHttp@f268a5a{s=HttpChannelState@2e8f904b{s=IDLE rs=COMPLETED os=COMPLETED is=IDLE awp=false se=false i=false al=0},r=35,c=true/true,a=IDLE,uri=//localhost:38858/RedirectServlet,age=10}
[DEBUG] onCompleted for /RedirectServlet written=0
[DEBUG] recycle HttpChannelState@2e8f904b{s=IDLE rs=COMPLETED os=COMPLETED is=IDLE awp=false se=false i=false al=0}
[DEBUG] reset HttpParser{s=END,0 of -1}
[DEBUG] END --> START
[DEBUG] !handle TERMINATED HttpChannelOverHttp@f268a5a{s=HttpChannelState@2e8f904b{s=IDLE rs=BLOCKING os=OPEN is=IDLE awp=false se=false i=true al=0},r=35,c=false/false,a=IDLE,uri=null,age=0}
[DEBUG] filled 294 HeapByteBuffer@78a30358[p=0,l=294,c=8192,r=294]={<<<GET /RedirectServlet HTTP...nection: keep-alive\r\n\r\n>>>g, *; q=....\x00\x00\x00\x00\x00\x00\x00}
[DEBUG] HttpConnection@3be4ecda::SocketChannelEndPoint@122254ce{l=/127.0.0.1:38858,r=/127.0.0.1:42942,OPEN,fill=-,flush=-,to=0/30000}{io=0/0,kio=0,kro=1}->HttpConnection@3be4ecda[p=HttpParser{s=START,0 of -1},g=HttpGenerator@af7230{s=START}]=>HttpChannelOverHttp@f268a5a{s=HttpChannelState@2e8f904b{s=IDLE rs=BLOCKING os=OPEN is=IDLE awp=false se=false i=true al=0},r=35,c=false/false,a=IDLE,uri=null,age=0} filled 294 HeapByteBuffer@78a30358[p=0,l=294,c=8192,r=294]={<<<GET /RedirectServlet HTTP...nection: keep-alive\r\n\r\n>>>g, *; q=....\x00\x00\x00\x00\x00\x00\x00}
[DEBUG] HttpConnection@3be4ecda::SocketChannelEndPoint@122254ce{l=/127.0.0.1:38858,r=/127.0.0.1:42942,OPEN,fill=-,flush=-,to=0/30000}{io=0/0,kio=0,kro=1}->HttpConnection@3be4ecda[p=HttpParser{s=START,0 of -1},g=HttpGenerator@af7230{s=START}]=>HttpChannelOverHttp@f268a5a{s=HttpChannelState@2e8f904b{s=IDLE rs=BLOCKING os=OPEN is=IDLE awp=false se=false i=true al=0},r=35,c=false/false,a=IDLE,uri=null,age=0} parse HeapByteBuffer@78a30358[p=0,l=294,c=8192,r=294]={<<<GET /RedirectServlet HTTP...nection: keep-alive\r\n\r\n>>>g, *; q=....\x00\x00\x00\x00\x00\x00\x00} {}
[DEBUG] parseNext s=START HeapByteBuffer@78a30358[p=0,l=294,c=8192,r=294]={<<<GET /RedirectServlet HTTP...nection: keep-alive\r\n\r\n>>>g, *; q=....\x00\x00\x00\x00\x00\x00\x00}
[DEBUG] START --> SPACE1
[DEBUG] SPACE1 --> URI
[DEBUG] URI --> SPACE2
[DEBUG] SPACE2 --> REQUEST_VERSION
[DEBUG] REQUEST_VERSION --> HEADER
[DEBUG] HEADER:Accept-Encoding: gzip --> IN_VALUE
[DEBUG] HEADER:Accept-Encoding: gzip --> FIELD
[DEBUG] HEADER:User-Agent: Mozilla/5.0 (Windows NT 10.0; Win64; x64) AppleWebKit/537.36 (KHTML, like Gecko) Chrome/79.0.3945.130 Safari/537.36 --> IN_VALUE
[DEBUG] HEADER:User-Agent: Mozilla/5.0 (Windows NT 10.0; Win64; x64) AppleWebKit/537.36 (KHTML, like Gecko) Chrome/79.0.3945.130 Safari/537.36 --> FIELD
[DEBUG] HEADER:Host: localhost:38858 --> IN_VALUE
[DEBUG] HEADER:Host: localhost:38858 --> FIELD
[DEBUG] HEADER:Accept: text/html, image/gif, image/jpeg, *; q=.2, */*; q=.2 --> IN_VALUE
[DEBUG] HEADER:Accept: text/html, image/gif, image/jpeg, *; q=.2, */*; q=.2 --> FIELD
[DEBUG] HEADER:Connection: keep-alive --> IN_VALUE
[DEBUG] HEADER:Connection: keep-alive --> FIELD
[DEBUG] HEADER --> CONTENT
[DEBUG] REQUEST for //localhost:38858/RedirectServlet on HttpChannelOverHttp@f268a5a{s=HttpChannelState@2e8f904b{s=IDLE rs=BLOCKING os=OPEN is=IDLE awp=false se=false i=true al=0},r=36,c=false/false,a=IDLE,uri=//localhost:38858/RedirectServlet,age=0}
GET //localhost:38858/RedirectServlet HTTP/1.1
Accept-Encoding: gzip
User-Agent: Mozilla/5.0 (Windows NT 10.0; Win64; x64) AppleWebKit/537.36 (KHTML, like Gecko) Chrome/79.0.3945.130 Safari/537.36
Host: localhost:38858
Accept: text/html, image/gif, image/jpeg, *; q=.2, */*; q=.2
Connection: keep-alive


[DEBUG] HttpConnection@3be4ecda::SocketChannelEndPoint@122254ce{l=/127.0.0.1:38858,r=/127.0.0.1:42942,OPEN,fill=-,flush=-,to=0/30000}{io=0/0,kio=0,kro=1}->HttpConnection@3be4ecda[p=HttpParser{s=CONTENT,0 of -1},g=HttpGenerator@af7230{s=START}]=>HttpChannelOverHttp@f268a5a{s=HttpChannelState@2e8f904b{s=IDLE rs=BLOCKING os=OPEN is=IDLE awp=false se=false i=true al=0},r=36,c=false/false,a=IDLE,uri=//localhost:38858/RedirectServlet,age=0} parsed true HttpParser{s=CONTENT,0 of -1}
[DEBUG] releaseRequestBuffer HttpConnection@3be4ecda::SocketChannelEndPoint@122254ce{l=/127.0.0.1:38858,r=/127.0.0.1:42942,OPEN,fill=-,flush=-,to=0/30000}{io=0/0,kio=0,kro=1}->HttpConnection@3be4ecda[p=HttpParser{s=CONTENT,0 of -1},g=HttpGenerator@af7230{s=START}]=>HttpChannelOverHttp@f268a5a{s=HttpChannelState@2e8f904b{s=IDLE rs=BLOCKING os=OPEN is=IDLE awp=false se=false i=true al=0},r=36,c=false/false,a=IDLE,uri=//localhost:38858/RedirectServlet,age=1}
[DEBUG] handle //localhost:38858/RedirectServlet HttpChannelOverHttp@f268a5a{s=HttpChannelState@2e8f904b{s=IDLE rs=BLOCKING os=OPEN is=IDLE awp=false se=false i=true al=0},r=36,c=false/false,a=IDLE,uri=//localhost:38858/RedirectServlet,age=1} 
[DEBUG] handling HttpChannelState@2e8f904b{s=IDLE rs=BLOCKING os=OPEN is=IDLE awp=false se=false i=true al=0}
[DEBUG] action DISPATCH HttpChannelOverHttp@f268a5a{s=HttpChannelState@2e8f904b{s=HANDLING rs=BLOCKING os=OPEN is=IDLE awp=false se=false i=true al=0},r=36,c=false/false,a=HANDLING,uri=//localhost:38858/RedirectServlet,age=1}
[DEBUG] REQUEST GET /RedirectServlet on HttpChannelOverHttp@f268a5a{s=HttpChannelState@2e8f904b{s=HANDLING rs=BLOCKING os=OPEN is=IDLE awp=false se=false i=true al=0},r=36,c=false/false,a=HANDLING,uri=//localhost:38858/RedirectServlet,age=1}
[DEBUG] servlet null|/RedirectServlet|null -> org.jsoup.integration.servlets.RedirectServlet-56febdc==org.jsoup.integration.servlets.RedirectServlet@decc268e{jsp=null,order=-1,inst=true,async=true,src=EMBEDDED:null,STARTED}
[DEBUG] chain=null
[DEBUG] handled=true async=false committed=false on HttpChannelOverHttp@f268a5a{s=HttpChannelState@2e8f904b{s=HANDLING rs=BLOCKING os=OPEN is=IDLE awp=false se=false i=true al=0},r=36,c=false/false,a=HANDLING,uri=//localhost:38858/RedirectServlet,age=4}
[DEBUG] unhandle HttpChannelState@2e8f904b{s=HANDLING rs=BLOCKING os=OPEN is=IDLE awp=false se=false i=true al=0}
[DEBUG] nextAction(false) COMPLETE HttpChannelState@2e8f904b{s=HANDLING rs=COMPLETING os=OPEN is=IDLE awp=false se=false i=false al=0}
[DEBUG] action COMPLETE HttpChannelOverHttp@f268a5a{s=HttpChannelState@2e8f904b{s=HANDLING rs=COMPLETING os=OPEN is=IDLE awp=false se=false i=false al=0},r=36,c=false/false,a=HANDLING,uri=//localhost:38858/RedirectServlet,age=4}
[DEBUG] filled 0 HeapByteBuffer@41e05b38[p=0,l=0,c=8192,r=0]={<<<>>>GET /File...\x00\x00\x00\x00\x00\x00\x00}
[DEBUG] filled 0 HeapByteBuffer@41e05b38[p=0,l=0,c=8192,r=0]={<<<>>>GET /File...\x00\x00\x00\x00\x00\x00\x00}
[DEBUG] HttpConnection@3be4ecda::SocketChannelEndPoint@122254ce{l=/127.0.0.1:38858,r=/127.0.0.1:42942,OPEN,fill=-,flush=-,to=4/30000}{io=0/0,kio=0,kro=1}->HttpConnection@3be4ecda[p=HttpParser{s=CONTENT,0 of -1},g=HttpGenerator@af7230{s=START}]=>HttpChannelOverHttp@f268a5a{s=HttpChannelState@2e8f904b{s=HANDLING rs=COMPLETING os=OPEN is=IDLE awp=false se=false i=false al=0},r=36,c=false/false,a=HANDLING,uri=//localhost:38858/RedirectServlet,age=4} filled 0 HeapByteBuffer@41e05b38[p=0,l=0,c=8192,r=0]={<<<>>>GET /File...\x00\x00\x00\x00\x00\x00\x00}
[DEBUG] HttpConnection@3be4ecda::SocketChannelEndPoint@122254ce{l=/127.0.0.1:38858,r=/127.0.0.1:42942,OPEN,fill=-,flush=-,to=4/30000}{io=0/0,kio=0,kro=1}->HttpConnection@3be4ecda[p=HttpParser{s=CONTENT,0 of -1},g=HttpGenerator@af7230{s=START}]=>HttpChannelOverHttp@f268a5a{s=HttpChannelState@2e8f904b{s=HANDLING rs=COMPLETING os=OPEN is=IDLE awp=false se=false i=false al=0},r=36,c=false/false,a=HANDLING,uri=//localhost:38858/RedirectServlet,age=4} parse HeapByteBuffer@41e05b38[p=0,l=0,c=8192,r=0]={<<<>>>GET /File...\x00\x00\x00\x00\x00\x00\x00} {}
[DEBUG] parseNext s=CONTENT HeapByteBuffer@41e05b38[p=0,l=0,c=8192,r=0]={<<<>>>GET /File...\x00\x00\x00\x00\x00\x00\x00}
[DEBUG] CONTENT --> CONTENT_END
[DEBUG] onContentComplete HttpChannelOverHttp@f268a5a{s=HttpChannelState@2e8f904b{s=HANDLING rs=COMPLETING os=OPEN is=IDLE awp=false se=false i=false al=0},r=36,c=false/false,a=HANDLING,uri=//localhost:38858/RedirectServlet,age=4}
[DEBUG] CONTENT_END --> END
[DEBUG] onRequestComplete HttpChannelOverHttp@f268a5a{s=HttpChannelState@2e8f904b{s=HANDLING rs=COMPLETING os=OPEN is=IDLE awp=false se=false i=false al=0},r=36,c=false/false,a=HANDLING,uri=//localhost:38858/RedirectServlet,age=4}
[DEBUG] HttpInputOverHTTP@5e34fa8b[c=0,q=0,[0]=null,s=STREAM] addContent EOF
[DEBUG] HttpConnection@3be4ecda::SocketChannelEndPoint@122254ce{l=/127.0.0.1:38858,r=/127.0.0.1:42942,OPEN,fill=-,flush=-,to=4/30000}{io=0/0,kio=0,kro=1}->HttpConnection@3be4ecda[p=HttpParser{s=END,0 of -1},g=HttpGenerator@af7230{s=START}]=>HttpChannelOverHttp@f268a5a{s=HttpChannelState@2e8f904b{s=HANDLING rs=COMPLETING os=OPEN is=IDLE awp=false se=false i=false al=0},r=36,c=false/false,a=HANDLING,uri=//localhost:38858/RedirectServlet,age=4} parsed false HttpParser{s=END,0 of -1}
[DEBUG] releaseRequestBuffer HttpConnection@3be4ecda::SocketChannelEndPoint@122254ce{l=/127.0.0.1:38858,r=/127.0.0.1:42942,OPEN,fill=-,flush=-,to=4/30000}{io=0/0,kio=0,kro=1}->HttpConnection@3be4ecda[p=HttpParser{s=END,0 of -1},g=HttpGenerator@af7230{s=START}]=>HttpChannelOverHttp@f268a5a{s=HttpChannelState@2e8f904b{s=HANDLING rs=COMPLETING os=OPEN is=IDLE awp=false se=false i=false al=0},r=36,c=false/false,a=HANDLING,uri=//localhost:38858/RedirectServlet,age=5}
[DEBUG] complete(org.eclipse.jetty.util.Callback$3@6ab400e7) s=CLOSING,api=BLOCKED,sc=false,e=null s=false e=null, c=HeapByteBuffer@11848662[p=0,l=0,c=0,r=0]={<<<>>>}
[DEBUG] sendResponse info=null content=HeapByteBuffer@11848662[p=0,l=0,c=0,r=0]={<<<>>>} complete=true committing=true callback=org.eclipse.jetty.server.HttpOutput$WriteCompleteCB@60bda025
[DEBUG] COMMIT for /RedirectServlet on HttpChannelOverHttp@f268a5a{s=HttpChannelState@2e8f904b{s=HANDLING rs=COMPLETING os=COMMITTED is=IDLE awp=false se=false i=false al=0},r=36,c=false/false,a=HANDLING,uri=//localhost:38858/RedirectServlet,age=15}
302 null HTTP/1.1
Date: Mon, 20 Sep 2021 19:30:13 GMT
Location: 


[DEBUG] generate: NEED_HEADER for SendCallback@2c1836a[PROCESSING][i=HTTP/1.1{s=302,h=2,cl=-1},cb=org.eclipse.jetty.server.HttpChannel$SendCallback@3de2c34d] (null,[p=0,l=0,c=0,r=0],true)@START
[DEBUG] generateHeaders HTTP/1.1{s=302,h=2,cl=-1} last=true content=HeapByteBuffer@11848662[p=0,l=0,c=0,r=0]={<<<>>>}
[DEBUG] Date: Mon, 20 Sep 2021 19:30:13 GMT
Location: 


[DEBUG] CONTENT_LENGTH
[DEBUG] generate: FLUSH for SendCallback@2c1836a[PROCESSING][i=HTTP/1.1{s=302,h=2,cl=-1},cb=org.eclipse.jetty.server.HttpChannel$SendCallback@3de2c34d] ([p=0,l=123,c=8192,r=123],[p=0,l=0,c=0,r=0],true)@COMPLETING
[DEBUG] write: WriteFlusher@653abf25{IDLE}->null [HeapByteBuffer@22b9b50d[p=0,l=123,c=8192,r=123]={<<<HTTP/1.1 302 Found\r\nDate:...y(9.4.43.v20210629)\r\n\r\n>>>er: Jetty...\x86&h\xA0{\xC1\xC2}]
[DEBUG] update WriteFlusher@653abf25{WRITING}->null:IDLE-->WRITING
[DEBUG] flushed 123 SocketChannelEndPoint@122254ce{l=/127.0.0.1:38858,r=/127.0.0.1:42942,OPEN,fill=-,flush=W,to=17/30000}{io=0/0,kio=0,kro=1}->HttpConnection@3be4ecda[p=HttpParser{s=END,0 of -1},g=HttpGenerator@af7230{s=COMPLETING}]=>HttpChannelOverHttp@f268a5a{s=HttpChannelState@2e8f904b{s=HANDLING rs=COMPLETING os=COMMITTED is=IDLE awp=false se=false i=false al=0},r=36,c=false/false,a=HANDLING,uri=//localhost:38858/RedirectServlet,age=17}
[DEBUG] Flushed=true written=123 remaining=0 WriteFlusher@653abf25{WRITING}->null
[DEBUG] update WriteFlusher@653abf25{IDLE}->null:WRITING-->IDLE
[DEBUG] generate: DONE for SendCallback@2c1836a[PROCESSING][i=HTTP/1.1{s=302,h=2,cl=-1},cb=org.eclipse.jetty.server.HttpChannel$SendCallback@3de2c34d] ([p=123,l=123,c=8192,r=0],[p=0,l=0,c=0,r=0],true)@END
[DEBUG] onWriteComplete(true,null) s=CLOSING,api=BLOCKED,sc=false,e=null->s=CLOSED,api=BLOCKING,sc=false,e=null c=null cb=org.eclipse.jetty.util.Callback$3@6ab400e7 w=false
[DEBUG] completed HttpChannelState@2e8f904b{s=HANDLING rs=COMPLETING os=COMPLETED is=IDLE awp=false se=false i=false al=0}
[DEBUG] unhandle HttpChannelState@2e8f904b{s=HANDLING rs=COMPLETED os=COMPLETED is=IDLE awp=false se=false i=false al=0}
[DEBUG] nextAction(false) TERMINATED HttpChannelState@2e8f904b{s=IDLE rs=COMPLETED os=COMPLETED is=IDLE awp=false se=false i=false al=0}
[DEBUG] action TERMINATED HttpChannelOverHttp@f268a5a{s=HttpChannelState@2e8f904b{s=IDLE rs=COMPLETED os=COMPLETED is=IDLE awp=false se=false i=false al=0},r=36,c=true/true,a=IDLE,uri=//localhost:38858/RedirectServlet,age=17}
[DEBUG] onCompleted for /RedirectServlet written=0
[DEBUG] recycle HttpChannelState@2e8f904b{s=IDLE rs=COMPLETED os=COMPLETED is=IDLE awp=false se=false i=false al=0}
[DEBUG] reset HttpParser{s=END,0 of -1}
[DEBUG] END --> START
[DEBUG] !handle TERMINATED HttpChannelOverHttp@f268a5a{s=HttpChannelState@2e8f904b{s=IDLE rs=BLOCKING os=OPEN is=IDLE awp=false se=false i=true al=0},r=36,c=false/false,a=IDLE,uri=null,age=0}
[DEBUG] filled 294 HeapByteBuffer@78a30358[p=0,l=294,c=8192,r=294]={<<<GET /RedirectServlet HTTP...nection: keep-alive\r\n\r\n>>>g, *; q=....\x00\x00\x00\x00\x00\x00\x00}
[DEBUG] HttpConnection@3be4ecda::SocketChannelEndPoint@122254ce{l=/127.0.0.1:38858,r=/127.0.0.1:42942,OPEN,fill=-,flush=-,to=0/30000}{io=0/0,kio=0,kro=1}->HttpConnection@3be4ecda[p=HttpParser{s=START,0 of -1},g=HttpGenerator@af7230{s=START}]=>HttpChannelOverHttp@f268a5a{s=HttpChannelState@2e8f904b{s=IDLE rs=BLOCKING os=OPEN is=IDLE awp=false se=false i=true al=0},r=36,c=false/false,a=IDLE,uri=null,age=0} filled 294 HeapByteBuffer@78a30358[p=0,l=294,c=8192,r=294]={<<<GET /RedirectServlet HTTP...nection: keep-alive\r\n\r\n>>>g, *; q=....\x00\x00\x00\x00\x00\x00\x00}
[DEBUG] HttpConnection@3be4ecda::SocketChannelEndPoint@122254ce{l=/127.0.0.1:38858,r=/127.0.0.1:42942,OPEN,fill=-,flush=-,to=0/30000}{io=0/0,kio=0,kro=1}->HttpConnection@3be4ecda[p=HttpParser{s=START,0 of -1},g=HttpGenerator@af7230{s=START}]=>HttpChannelOverHttp@f268a5a{s=HttpChannelState@2e8f904b{s=IDLE rs=BLOCKING os=OPEN is=IDLE awp=false se=false i=true al=0},r=36,c=false/false,a=IDLE,uri=null,age=0} parse HeapByteBuffer@78a30358[p=0,l=294,c=8192,r=294]={<<<GET /RedirectServlet HTTP...nection: keep-alive\r\n\r\n>>>g, *; q=....\x00\x00\x00\x00\x00\x00\x00} {}
[DEBUG] parseNext s=START HeapByteBuffer@78a30358[p=0,l=294,c=8192,r=294]={<<<GET /RedirectServlet HTTP...nection: keep-alive\r\n\r\n>>>g, *; q=....\x00\x00\x00\x00\x00\x00\x00}
[DEBUG] START --> SPACE1
[DEBUG] SPACE1 --> URI
[DEBUG] URI --> SPACE2
[DEBUG] SPACE2 --> REQUEST_VERSION
[DEBUG] REQUEST_VERSION --> HEADER
[DEBUG] HEADER:Accept-Encoding: gzip --> IN_VALUE
[DEBUG] HEADER:Accept-Encoding: gzip --> FIELD
[DEBUG] HEADER:User-Agent: Mozilla/5.0 (Windows NT 10.0; Win64; x64) AppleWebKit/537.36 (KHTML, like Gecko) Chrome/79.0.3945.130 Safari/537.36 --> IN_VALUE
[DEBUG] HEADER:User-Agent: Mozilla/5.0 (Windows NT 10.0; Win64; x64) AppleWebKit/537.36 (KHTML, like Gecko) Chrome/79.0.3945.130 Safari/537.36 --> FIELD
[DEBUG] HEADER:Host: localhost:38858 --> IN_VALUE
[DEBUG] HEADER:Host: localhost:38858 --> FIELD
[DEBUG] HEADER:Accept: text/html, image/gif, image/jpeg, *; q=.2, */*; q=.2 --> IN_VALUE
[DEBUG] HEADER:Accept: text/html, image/gif, image/jpeg, *; q=.2, */*; q=.2 --> FIELD
[DEBUG] HEADER:Connection: keep-alive --> IN_VALUE
[DEBUG] HEADER:Connection: keep-alive --> FIELD
[DEBUG] HEADER --> CONTENT
[DEBUG] REQUEST for //localhost:38858/RedirectServlet on HttpChannelOverHttp@f268a5a{s=HttpChannelState@2e8f904b{s=IDLE rs=BLOCKING os=OPEN is=IDLE awp=false se=false i=true al=0},r=37,c=false/false,a=IDLE,uri=//localhost:38858/RedirectServlet,age=0}
GET //localhost:38858/RedirectServlet HTTP/1.1
Accept-Encoding: gzip
User-Agent: Mozilla/5.0 (Windows NT 10.0; Win64; x64) AppleWebKit/537.36 (KHTML, like Gecko) Chrome/79.0.3945.130 Safari/537.36
Host: localhost:38858
Accept: text/html, image/gif, image/jpeg, *; q=.2, */*; q=.2
Connection: keep-alive


[DEBUG] HttpConnection@3be4ecda::SocketChannelEndPoint@122254ce{l=/127.0.0.1:38858,r=/127.0.0.1:42942,OPEN,fill=-,flush=-,to=0/30000}{io=0/0,kio=0,kro=1}->HttpConnection@3be4ecda[p=HttpParser{s=CONTENT,0 of -1},g=HttpGenerator@af7230{s=START}]=>HttpChannelOverHttp@f268a5a{s=HttpChannelState@2e8f904b{s=IDLE rs=BLOCKING os=OPEN is=IDLE awp=false se=false i=true al=0},r=37,c=false/false,a=IDLE,uri=//localhost:38858/RedirectServlet,age=0} parsed true HttpParser{s=CONTENT,0 of -1}
[DEBUG] releaseRequestBuffer HttpConnection@3be4ecda::SocketChannelEndPoint@122254ce{l=/127.0.0.1:38858,r=/127.0.0.1:42942,OPEN,fill=-,flush=-,to=0/30000}{io=0/0,kio=0,kro=1}->HttpConnection@3be4ecda[p=HttpParser{s=CONTENT,0 of -1},g=HttpGenerator@af7230{s=START}]=>HttpChannelOverHttp@f268a5a{s=HttpChannelState@2e8f904b{s=IDLE rs=BLOCKING os=OPEN is=IDLE awp=false se=false i=true al=0},r=37,c=false/false,a=IDLE,uri=//localhost:38858/RedirectServlet,age=0}
[DEBUG] handle //localhost:38858/RedirectServlet HttpChannelOverHttp@f268a5a{s=HttpChannelState@2e8f904b{s=IDLE rs=BLOCKING os=OPEN is=IDLE awp=false se=false i=true al=0},r=37,c=false/false,a=IDLE,uri=//localhost:38858/RedirectServlet,age=0} 
[DEBUG] handling HttpChannelState@2e8f904b{s=IDLE rs=BLOCKING os=OPEN is=IDLE awp=false se=false i=true al=0}
[DEBUG] action DISPATCH HttpChannelOverHttp@f268a5a{s=HttpChannelState@2e8f904b{s=HANDLING rs=BLOCKING os=OPEN is=IDLE awp=false se=false i=true al=0},r=37,c=false/false,a=HANDLING,uri=//localhost:38858/RedirectServlet,age=0}
[DEBUG] REQUEST GET /RedirectServlet on HttpChannelOverHttp@f268a5a{s=HttpChannelState@2e8f904b{s=HANDLING rs=BLOCKING os=OPEN is=IDLE awp=false se=false i=true al=0},r=37,c=false/false,a=HANDLING,uri=//localhost:38858/RedirectServlet,age=0}
[DEBUG] servlet null|/RedirectServlet|null -> org.jsoup.integration.servlets.RedirectServlet-56febdc==org.jsoup.integration.servlets.RedirectServlet@decc268e{jsp=null,order=-1,inst=true,async=true,src=EMBEDDED:null,STARTED}
[DEBUG] chain=null
[DEBUG] handled=true async=false committed=false on HttpChannelOverHttp@f268a5a{s=HttpChannelState@2e8f904b{s=HANDLING rs=BLOCKING os=OPEN is=IDLE awp=false se=false i=true al=0},r=37,c=false/false,a=HANDLING,uri=//localhost:38858/RedirectServlet,age=10}
[DEBUG] unhandle HttpChannelState@2e8f904b{s=HANDLING rs=BLOCKING os=OPEN is=IDLE awp=false se=false i=true al=0}
[DEBUG] nextAction(false) COMPLETE HttpChannelState@2e8f904b{s=HANDLING rs=COMPLETING os=OPEN is=IDLE awp=false se=false i=false al=0}
[DEBUG] action COMPLETE HttpChannelOverHttp@f268a5a{s=HttpChannelState@2e8f904b{s=HANDLING rs=COMPLETING os=OPEN is=IDLE awp=false se=false i=false al=0},r=37,c=false/false,a=HANDLING,uri=//localhost:38858/RedirectServlet,age=10}
[DEBUG] filled 0 HeapByteBuffer@41e05b38[p=0,l=0,c=8192,r=0]={<<<>>>GET /File...\x00\x00\x00\x00\x00\x00\x00}
[DEBUG] filled 0 HeapByteBuffer@41e05b38[p=0,l=0,c=8192,r=0]={<<<>>>GET /File...\x00\x00\x00\x00\x00\x00\x00}
[DEBUG] HttpConnection@3be4ecda::SocketChannelEndPoint@122254ce{l=/127.0.0.1:38858,r=/127.0.0.1:42942,OPEN,fill=-,flush=-,to=11/30000}{io=0/0,kio=0,kro=1}->HttpConnection@3be4ecda[p=HttpParser{s=CONTENT,0 of -1},g=HttpGenerator@af7230{s=START}]=>HttpChannelOverHttp@f268a5a{s=HttpChannelState@2e8f904b{s=HANDLING rs=COMPLETING os=OPEN is=IDLE awp=false se=false i=false al=0},r=37,c=false/false,a=HANDLING,uri=//localhost:38858/RedirectServlet,age=11} filled 0 HeapByteBuffer@41e05b38[p=0,l=0,c=8192,r=0]={<<<>>>GET /File...\x00\x00\x00\x00\x00\x00\x00}
[DEBUG] HttpConnection@3be4ecda::SocketChannelEndPoint@122254ce{l=/127.0.0.1:38858,r=/127.0.0.1:42942,OPEN,fill=-,flush=-,to=11/30000}{io=0/0,kio=0,kro=1}->HttpConnection@3be4ecda[p=HttpParser{s=CONTENT,0 of -1},g=HttpGenerator@af7230{s=START}]=>HttpChannelOverHttp@f268a5a{s=HttpChannelState@2e8f904b{s=HANDLING rs=COMPLETING os=OPEN is=IDLE awp=false se=false i=false al=0},r=37,c=false/false,a=HANDLING,uri=//localhost:38858/RedirectServlet,age=11} parse HeapByteBuffer@41e05b38[p=0,l=0,c=8192,r=0]={<<<>>>GET /File...\x00\x00\x00\x00\x00\x00\x00} {}
[DEBUG] parseNext s=CONTENT HeapByteBuffer@41e05b38[p=0,l=0,c=8192,r=0]={<<<>>>GET /File...\x00\x00\x00\x00\x00\x00\x00}
[DEBUG] CONTENT --> CONTENT_END
[DEBUG] onContentComplete HttpChannelOverHttp@f268a5a{s=HttpChannelState@2e8f904b{s=HANDLING rs=COMPLETING os=OPEN is=IDLE awp=false se=false i=false al=0},r=37,c=false/false,a=HANDLING,uri=//localhost:38858/RedirectServlet,age=11}
[DEBUG] CONTENT_END --> END
[DEBUG] onRequestComplete HttpChannelOverHttp@f268a5a{s=HttpChannelState@2e8f904b{s=HANDLING rs=COMPLETING os=OPEN is=IDLE awp=false se=false i=false al=0},r=37,c=false/false,a=HANDLING,uri=//localhost:38858/RedirectServlet,age=11}
[DEBUG] HttpInputOverHTTP@5e34fa8b[c=0,q=0,[0]=null,s=STREAM] addContent EOF
[DEBUG] HttpConnection@3be4ecda::SocketChannelEndPoint@122254ce{l=/127.0.0.1:38858,r=/127.0.0.1:42942,OPEN,fill=-,flush=-,to=11/30000}{io=0/0,kio=0,kro=1}->HttpConnection@3be4ecda[p=HttpParser{s=END,0 of -1},g=HttpGenerator@af7230{s=START}]=>HttpChannelOverHttp@f268a5a{s=HttpChannelState@2e8f904b{s=HANDLING rs=COMPLETING os=OPEN is=IDLE awp=false se=false i=false al=0},r=37,c=false/false,a=HANDLING,uri=//localhost:38858/RedirectServlet,age=11} parsed false HttpParser{s=END,0 of -1}
[DEBUG] releaseRequestBuffer HttpConnection@3be4ecda::SocketChannelEndPoint@122254ce{l=/127.0.0.1:38858,r=/127.0.0.1:42942,OPEN,fill=-,flush=-,to=11/30000}{io=0/0,kio=0,kro=1}->HttpConnection@3be4ecda[p=HttpParser{s=END,0 of -1},g=HttpGenerator@af7230{s=START}]=>HttpChannelOverHttp@f268a5a{s=HttpChannelState@2e8f904b{s=HANDLING rs=COMPLETING os=OPEN is=IDLE awp=false se=false i=false al=0},r=37,c=false/false,a=HANDLING,uri=//localhost:38858/RedirectServlet,age=11}
[DEBUG] complete(org.eclipse.jetty.util.Callback$3@383fa910) s=CLOSING,api=BLOCKED,sc=false,e=null s=false e=null, c=HeapByteBuffer@11848662[p=0,l=0,c=0,r=0]={<<<>>>}
[DEBUG] sendResponse info=null content=HeapByteBuffer@11848662[p=0,l=0,c=0,r=0]={<<<>>>} complete=true committing=true callback=org.eclipse.jetty.server.HttpOutput$WriteCompleteCB@724635c8
[DEBUG] COMMIT for /RedirectServlet on HttpChannelOverHttp@f268a5a{s=HttpChannelState@2e8f904b{s=HANDLING rs=COMPLETING os=COMMITTED is=IDLE awp=false se=false i=false al=0},r=37,c=false/false,a=HANDLING,uri=//localhost:38858/RedirectServlet,age=13}
302 null HTTP/1.1
Date: Mon, 20 Sep 2021 19:30:13 GMT
Location: 


[DEBUG] generate: NEED_HEADER for SendCallback@2c1836a[PROCESSING][i=HTTP/1.1{s=302,h=2,cl=-1},cb=org.eclipse.jetty.server.HttpChannel$SendCallback@7ff70f2d] (null,[p=0,l=0,c=0,r=0],true)@START
[DEBUG] generateHeaders HTTP/1.1{s=302,h=2,cl=-1} last=true content=HeapByteBuffer@11848662[p=0,l=0,c=0,r=0]={<<<>>>}
[DEBUG] Date: Mon, 20 Sep 2021 19:30:13 GMT
Location: 


[DEBUG] CONTENT_LENGTH
[DEBUG] generate: FLUSH for SendCallback@2c1836a[PROCESSING][i=HTTP/1.1{s=302,h=2,cl=-1},cb=org.eclipse.jetty.server.HttpChannel$SendCallback@7ff70f2d] ([p=0,l=123,c=8192,r=123],[p=0,l=0,c=0,r=0],true)@COMPLETING
[DEBUG] write: WriteFlusher@653abf25{IDLE}->null [HeapByteBuffer@22b9b50d[p=0,l=123,c=8192,r=123]={<<<HTTP/1.1 302 Found\r\nDate:...y(9.4.43.v20210629)\r\n\r\n>>>er: Jetty...\x86&h\xA0{\xC1\xC2}]
[DEBUG] update WriteFlusher@653abf25{WRITING}->null:IDLE-->WRITING
[DEBUG] flushed 123 SocketChannelEndPoint@122254ce{l=/127.0.0.1:38858,r=/127.0.0.1:42942,OPEN,fill=-,flush=W,to=14/30000}{io=0/0,kio=0,kro=1}->HttpConnection@3be4ecda[p=HttpParser{s=END,0 of -1},g=HttpGenerator@af7230{s=COMPLETING}]=>HttpChannelOverHttp@f268a5a{s=HttpChannelState@2e8f904b{s=HANDLING rs=COMPLETING os=COMMITTED is=IDLE awp=false se=false i=false al=0},r=37,c=false/false,a=HANDLING,uri=//localhost:38858/RedirectServlet,age=14}
[DEBUG] Flushed=true written=123 remaining=0 WriteFlusher@653abf25{WRITING}->null
[DEBUG] update WriteFlusher@653abf25{IDLE}->null:WRITING-->IDLE
[DEBUG] generate: DONE for SendCallback@2c1836a[PROCESSING][i=HTTP/1.1{s=302,h=2,cl=-1},cb=org.eclipse.jetty.server.HttpChannel$SendCallback@7ff70f2d] ([p=123,l=123,c=8192,r=0],[p=0,l=0,c=0,r=0],true)@END
[DEBUG] onWriteComplete(true,null) s=CLOSING,api=BLOCKED,sc=false,e=null->s=CLOSED,api=BLOCKING,sc=false,e=null c=null cb=org.eclipse.jetty.util.Callback$3@383fa910 w=false
[DEBUG] completed HttpChannelState@2e8f904b{s=HANDLING rs=COMPLETING os=COMPLETED is=IDLE awp=false se=false i=false al=0}
[DEBUG] unhandle HttpChannelState@2e8f904b{s=HANDLING rs=COMPLETED os=COMPLETED is=IDLE awp=false se=false i=false al=0}
[DEBUG] nextAction(false) TERMINATED HttpChannelState@2e8f904b{s=IDLE rs=COMPLETED os=COMPLETED is=IDLE awp=false se=false i=false al=0}
[DEBUG] action TERMINATED HttpChannelOverHttp@f268a5a{s=HttpChannelState@2e8f904b{s=IDLE rs=COMPLETED os=COMPLETED is=IDLE awp=false se=false i=false al=0},r=37,c=true/true,a=IDLE,uri=//localhost:38858/RedirectServlet,age=15}
[DEBUG] onCompleted for /RedirectServlet written=0
[DEBUG] recycle HttpChannelState@2e8f904b{s=IDLE rs=COMPLETED os=COMPLETED is=IDLE awp=false se=false i=false al=0}
[DEBUG] reset HttpParser{s=END,0 of -1}
[DEBUG] END --> START
[DEBUG] !handle TERMINATED HttpChannelOverHttp@f268a5a{s=HttpChannelState@2e8f904b{s=IDLE rs=BLOCKING os=OPEN is=IDLE awp=false se=false i=true al=0},r=37,c=false/false,a=IDLE,uri=null,age=0}
[DEBUG] filled 294 HeapByteBuffer@78a30358[p=0,l=294,c=8192,r=294]={<<<GET /RedirectServlet HTTP...nection: keep-alive\r\n\r\n>>>g, *; q=....\x00\x00\x00\x00\x00\x00\x00}
[DEBUG] HttpConnection@3be4ecda::SocketChannelEndPoint@122254ce{l=/127.0.0.1:38858,r=/127.0.0.1:42942,OPEN,fill=-,flush=-,to=0/30000}{io=0/0,kio=0,kro=1}->HttpConnection@3be4ecda[p=HttpParser{s=START,0 of -1},g=HttpGenerator@af7230{s=START}]=>HttpChannelOverHttp@f268a5a{s=HttpChannelState@2e8f904b{s=IDLE rs=BLOCKING os=OPEN is=IDLE awp=false se=false i=true al=0},r=37,c=false/false,a=IDLE,uri=null,age=0} filled 294 HeapByteBuffer@78a30358[p=0,l=294,c=8192,r=294]={<<<GET /RedirectServlet HTTP...nection: keep-alive\r\n\r\n>>>g, *; q=....\x00\x00\x00\x00\x00\x00\x00}
[DEBUG] HttpConnection@3be4ecda::SocketChannelEndPoint@122254ce{l=/127.0.0.1:38858,r=/127.0.0.1:42942,OPEN,fill=-,flush=-,to=0/30000}{io=0/0,kio=0,kro=1}->HttpConnection@3be4ecda[p=HttpParser{s=START,0 of -1},g=HttpGenerator@af7230{s=START}]=>HttpChannelOverHttp@f268a5a{s=HttpChannelState@2e8f904b{s=IDLE rs=BLOCKING os=OPEN is=IDLE awp=false se=false i=true al=0},r=37,c=false/false,a=IDLE,uri=null,age=0} parse HeapByteBuffer@78a30358[p=0,l=294,c=8192,r=294]={<<<GET /RedirectServlet HTTP...nection: keep-alive\r\n\r\n>>>g, *; q=....\x00\x00\x00\x00\x00\x00\x00} {}
[DEBUG] parseNext s=START HeapByteBuffer@78a30358[p=0,l=294,c=8192,r=294]={<<<GET /RedirectServlet HTTP...nection: keep-alive\r\n\r\n>>>g, *; q=....\x00\x00\x00\x00\x00\x00\x00}
[DEBUG] START --> SPACE1
[DEBUG] SPACE1 --> URI
[DEBUG] URI --> SPACE2
[DEBUG] SPACE2 --> REQUEST_VERSION
[DEBUG] REQUEST_VERSION --> HEADER
[DEBUG] HEADER:Accept-Encoding: gzip --> IN_VALUE
[DEBUG] HEADER:Accept-Encoding: gzip --> FIELD
[DEBUG] HEADER:User-Agent: Mozilla/5.0 (Windows NT 10.0; Win64; x64) AppleWebKit/537.36 (KHTML, like Gecko) Chrome/79.0.3945.130 Safari/537.36 --> IN_VALUE
[DEBUG] HEADER:User-Agent: Mozilla/5.0 (Windows NT 10.0; Win64; x64) AppleWebKit/537.36 (KHTML, like Gecko) Chrome/79.0.3945.130 Safari/537.36 --> FIELD
[DEBUG] HEADER:Host: localhost:38858 --> IN_VALUE
[DEBUG] HEADER:Host: localhost:38858 --> FIELD
[DEBUG] HEADER:Accept: text/html, image/gif, image/jpeg, *; q=.2, */*; q=.2 --> IN_VALUE
[DEBUG] HEADER:Accept: text/html, image/gif, image/jpeg, *; q=.2, */*; q=.2 --> FIELD
[DEBUG] HEADER:Connection: keep-alive --> IN_VALUE
[DEBUG] HEADER:Connection: keep-alive --> FIELD
[DEBUG] HEADER --> CONTENT
[DEBUG] REQUEST for //localhost:38858/RedirectServlet on HttpChannelOverHttp@f268a5a{s=HttpChannelState@2e8f904b{s=IDLE rs=BLOCKING os=OPEN is=IDLE awp=false se=false i=true al=0},r=38,c=false/false,a=IDLE,uri=//localhost:38858/RedirectServlet,age=0}
GET //localhost:38858/RedirectServlet HTTP/1.1
Accept-Encoding: gzip
User-Agent: Mozilla/5.0 (Windows NT 10.0; Win64; x64) AppleWebKit/537.36 (KHTML, like Gecko) Chrome/79.0.3945.130 Safari/537.36
Host: localhost:38858
Accept: text/html, image/gif, image/jpeg, *; q=.2, */*; q=.2
Connection: keep-alive


[DEBUG] HttpConnection@3be4ecda::SocketChannelEndPoint@122254ce{l=/127.0.0.1:38858,r=/127.0.0.1:42942,OPEN,fill=-,flush=-,to=0/30000}{io=0/0,kio=0,kro=1}->HttpConnection@3be4ecda[p=HttpParser{s=CONTENT,0 of -1},g=HttpGenerator@af7230{s=START}]=>HttpChannelOverHttp@f268a5a{s=HttpChannelState@2e8f904b{s=IDLE rs=BLOCKING os=OPEN is=IDLE awp=false se=false i=true al=0},r=38,c=false/false,a=IDLE,uri=//localhost:38858/RedirectServlet,age=0} parsed true HttpParser{s=CONTENT,0 of -1}
[DEBUG] releaseRequestBuffer HttpConnection@3be4ecda::SocketChannelEndPoint@122254ce{l=/127.0.0.1:38858,r=/127.0.0.1:42942,OPEN,fill=-,flush=-,to=0/30000}{io=0/0,kio=0,kro=1}->HttpConnection@3be4ecda[p=HttpParser{s=CONTENT,0 of -1},g=HttpGenerator@af7230{s=START}]=>HttpChannelOverHttp@f268a5a{s=HttpChannelState@2e8f904b{s=IDLE rs=BLOCKING os=OPEN is=IDLE awp=false se=false i=true al=0},r=38,c=false/false,a=IDLE,uri=//localhost:38858/RedirectServlet,age=0}
[DEBUG] handle //localhost:38858/RedirectServlet HttpChannelOverHttp@f268a5a{s=HttpChannelState@2e8f904b{s=IDLE rs=BLOCKING os=OPEN is=IDLE awp=false se=false i=true al=0},r=38,c=false/false,a=IDLE,uri=//localhost:38858/RedirectServlet,age=0} 
[DEBUG] handling HttpChannelState@2e8f904b{s=IDLE rs=BLOCKING os=OPEN is=IDLE awp=false se=false i=true al=0}
[DEBUG] action DISPATCH HttpChannelOverHttp@f268a5a{s=HttpChannelState@2e8f904b{s=HANDLING rs=BLOCKING os=OPEN is=IDLE awp=false se=false i=true al=0},r=38,c=false/false,a=HANDLING,uri=//localhost:38858/RedirectServlet,age=0}
[DEBUG] REQUEST GET /RedirectServlet on HttpChannelOverHttp@f268a5a{s=HttpChannelState@2e8f904b{s=HANDLING rs=BLOCKING os=OPEN is=IDLE awp=false se=false i=true al=0},r=38,c=false/false,a=HANDLING,uri=//localhost:38858/RedirectServlet,age=0}
[DEBUG] servlet null|/RedirectServlet|null -> org.jsoup.integration.servlets.RedirectServlet-56febdc==org.jsoup.integration.servlets.RedirectServlet@decc268e{jsp=null,order=-1,inst=true,async=true,src=EMBEDDED:null,STARTED}
[DEBUG] chain=null
[DEBUG] handled=true async=false committed=false on HttpChannelOverHttp@f268a5a{s=HttpChannelState@2e8f904b{s=HANDLING rs=BLOCKING os=OPEN is=IDLE awp=false se=false i=true al=0},r=38,c=false/false,a=HANDLING,uri=//localhost:38858/RedirectServlet,age=0}
[DEBUG] unhandle HttpChannelState@2e8f904b{s=HANDLING rs=BLOCKING os=OPEN is=IDLE awp=false se=false i=true al=0}
[DEBUG] nextAction(false) COMPLETE HttpChannelState@2e8f904b{s=HANDLING rs=COMPLETING os=OPEN is=IDLE awp=false se=false i=false al=0}
[DEBUG] action COMPLETE HttpChannelOverHttp@f268a5a{s=HttpChannelState@2e8f904b{s=HANDLING rs=COMPLETING os=OPEN is=IDLE awp=false se=false i=false al=0},r=38,c=false/false,a=HANDLING,uri=//localhost:38858/RedirectServlet,age=0}
[DEBUG] filled 0 HeapByteBuffer@41e05b38[p=0,l=0,c=8192,r=0]={<<<>>>GET /File...\x00\x00\x00\x00\x00\x00\x00}
[DEBUG] filled 0 HeapByteBuffer@41e05b38[p=0,l=0,c=8192,r=0]={<<<>>>GET /File...\x00\x00\x00\x00\x00\x00\x00}
[DEBUG] HttpConnection@3be4ecda::SocketChannelEndPoint@122254ce{l=/127.0.0.1:38858,r=/127.0.0.1:42942,OPEN,fill=-,flush=-,to=1/30000}{io=0/0,kio=0,kro=1}->HttpConnection@3be4ecda[p=HttpParser{s=CONTENT,0 of -1},g=HttpGenerator@af7230{s=START}]=>HttpChannelOverHttp@f268a5a{s=HttpChannelState@2e8f904b{s=HANDLING rs=COMPLETING os=OPEN is=IDLE awp=false se=false i=false al=0},r=38,c=false/false,a=HANDLING,uri=//localhost:38858/RedirectServlet,age=0} filled 0 HeapByteBuffer@41e05b38[p=0,l=0,c=8192,r=0]={<<<>>>GET /File...\x00\x00\x00\x00\x00\x00\x00}
[DEBUG] HttpConnection@3be4ecda::SocketChannelEndPoint@122254ce{l=/127.0.0.1:38858,r=/127.0.0.1:42942,OPEN,fill=-,flush=-,to=1/30000}{io=0/0,kio=0,kro=1}->HttpConnection@3be4ecda[p=HttpParser{s=CONTENT,0 of -1},g=HttpGenerator@af7230{s=START}]=>HttpChannelOverHttp@f268a5a{s=HttpChannelState@2e8f904b{s=HANDLING rs=COMPLETING os=OPEN is=IDLE awp=false se=false i=false al=0},r=38,c=false/false,a=HANDLING,uri=//localhost:38858/RedirectServlet,age=0} parse HeapByteBuffer@41e05b38[p=0,l=0,c=8192,r=0]={<<<>>>GET /File...\x00\x00\x00\x00\x00\x00\x00} {}
[DEBUG] parseNext s=CONTENT HeapByteBuffer@41e05b38[p=0,l=0,c=8192,r=0]={<<<>>>GET /File...\x00\x00\x00\x00\x00\x00\x00}
[DEBUG] CONTENT --> CONTENT_END
[DEBUG] onContentComplete HttpChannelOverHttp@f268a5a{s=HttpChannelState@2e8f904b{s=HANDLING rs=COMPLETING os=OPEN is=IDLE awp=false se=false i=false al=0},r=38,c=false/false,a=HANDLING,uri=//localhost:38858/RedirectServlet,age=1}
[DEBUG] CONTENT_END --> END
[DEBUG] onRequestComplete HttpChannelOverHttp@f268a5a{s=HttpChannelState@2e8f904b{s=HANDLING rs=COMPLETING os=OPEN is=IDLE awp=false se=false i=false al=0},r=38,c=false/false,a=HANDLING,uri=//localhost:38858/RedirectServlet,age=1}
[DEBUG] HttpInputOverHTTP@5e34fa8b[c=0,q=0,[0]=null,s=STREAM] addContent EOF
[DEBUG] HttpConnection@3be4ecda::SocketChannelEndPoint@122254ce{l=/127.0.0.1:38858,r=/127.0.0.1:42942,OPEN,fill=-,flush=-,to=1/30000}{io=0/0,kio=0,kro=1}->HttpConnection@3be4ecda[p=HttpParser{s=END,0 of -1},g=HttpGenerator@af7230{s=START}]=>HttpChannelOverHttp@f268a5a{s=HttpChannelState@2e8f904b{s=HANDLING rs=COMPLETING os=OPEN is=IDLE awp=false se=false i=false al=0},r=38,c=false/false,a=HANDLING,uri=//localhost:38858/RedirectServlet,age=1} parsed false HttpParser{s=END,0 of -1}
[DEBUG] releaseRequestBuffer HttpConnection@3be4ecda::SocketChannelEndPoint@122254ce{l=/127.0.0.1:38858,r=/127.0.0.1:42942,OPEN,fill=-,flush=-,to=1/30000}{io=0/0,kio=0,kro=1}->HttpConnection@3be4ecda[p=HttpParser{s=END,0 of -1},g=HttpGenerator@af7230{s=START}]=>HttpChannelOverHttp@f268a5a{s=HttpChannelState@2e8f904b{s=HANDLING rs=COMPLETING os=OPEN is=IDLE awp=false se=false i=false al=0},r=38,c=false/false,a=HANDLING,uri=//localhost:38858/RedirectServlet,age=1}
[DEBUG] complete(org.eclipse.jetty.util.Callback$3@54a45335) s=CLOSING,api=BLOCKED,sc=false,e=null s=false e=null, c=HeapByteBuffer@11848662[p=0,l=0,c=0,r=0]={<<<>>>}
[DEBUG] sendResponse info=null content=HeapByteBuffer@11848662[p=0,l=0,c=0,r=0]={<<<>>>} complete=true committing=true callback=org.eclipse.jetty.server.HttpOutput$WriteCompleteCB@11961798
[DEBUG] COMMIT for /RedirectServlet on HttpChannelOverHttp@f268a5a{s=HttpChannelState@2e8f904b{s=HANDLING rs=COMPLETING os=COMMITTED is=IDLE awp=false se=false i=false al=0},r=38,c=false/false,a=HANDLING,uri=//localhost:38858/RedirectServlet,age=1}
302 null HTTP/1.1
Date: Mon, 20 Sep 2021 19:30:13 GMT
Location: 


[DEBUG] generate: NEED_HEADER for SendCallback@2c1836a[PROCESSING][i=HTTP/1.1{s=302,h=2,cl=-1},cb=org.eclipse.jetty.server.HttpChannel$SendCallback@523d9817] (null,[p=0,l=0,c=0,r=0],true)@START
[DEBUG] generateHeaders HTTP/1.1{s=302,h=2,cl=-1} last=true content=HeapByteBuffer@11848662[p=0,l=0,c=0,r=0]={<<<>>>}
[DEBUG] Date: Mon, 20 Sep 2021 19:30:13 GMT
Location: 


[DEBUG] CONTENT_LENGTH
[DEBUG] generate: FLUSH for SendCallback@2c1836a[PROCESSING][i=HTTP/1.1{s=302,h=2,cl=-1},cb=org.eclipse.jetty.server.HttpChannel$SendCallback@523d9817] ([p=0,l=123,c=8192,r=123],[p=0,l=0,c=0,r=0],true)@COMPLETING
[DEBUG] write: WriteFlusher@653abf25{IDLE}->null [HeapByteBuffer@22b9b50d[p=0,l=123,c=8192,r=123]={<<<HTTP/1.1 302 Found\r\nDate:...y(9.4.43.v20210629)\r\n\r\n>>>er: Jetty...\x86&h\xA0{\xC1\xC2}]
[DEBUG] update WriteFlusher@653abf25{WRITING}->null:IDLE-->WRITING
[DEBUG] flushed 123 SocketChannelEndPoint@122254ce{l=/127.0.0.1:38858,r=/127.0.0.1:42942,OPEN,fill=-,flush=W,to=10/30000}{io=0/0,kio=0,kro=1}->HttpConnection@3be4ecda[p=HttpParser{s=END,0 of -1},g=HttpGenerator@af7230{s=COMPLETING}]=>HttpChannelOverHttp@f268a5a{s=HttpChannelState@2e8f904b{s=HANDLING rs=COMPLETING os=COMMITTED is=IDLE awp=false se=false i=false al=0},r=38,c=false/false,a=HANDLING,uri=//localhost:38858/RedirectServlet,age=10}
[DEBUG] Flushed=true written=123 remaining=0 WriteFlusher@653abf25{WRITING}->null
[DEBUG] update WriteFlusher@653abf25{IDLE}->null:WRITING-->IDLE
[DEBUG] generate: DONE for SendCallback@2c1836a[PROCESSING][i=HTTP/1.1{s=302,h=2,cl=-1},cb=org.eclipse.jetty.server.HttpChannel$SendCallback@523d9817] ([p=123,l=123,c=8192,r=0],[p=0,l=0,c=0,r=0],true)@END
[DEBUG] onWriteComplete(true,null) s=CLOSING,api=BLOCKED,sc=false,e=null->s=CLOSED,api=BLOCKING,sc=false,e=null c=null cb=org.eclipse.jetty.util.Callback$3@54a45335 w=false
[DEBUG] completed HttpChannelState@2e8f904b{s=HANDLING rs=COMPLETING os=COMPLETED is=IDLE awp=false se=false i=false al=0}
[DEBUG] unhandle HttpChannelState@2e8f904b{s=HANDLING rs=COMPLETED os=COMPLETED is=IDLE awp=false se=false i=false al=0}
[DEBUG] nextAction(false) TERMINATED HttpChannelState@2e8f904b{s=IDLE rs=COMPLETED os=COMPLETED is=IDLE awp=false se=false i=false al=0}
[DEBUG] action TERMINATED HttpChannelOverHttp@f268a5a{s=HttpChannelState@2e8f904b{s=IDLE rs=COMPLETED os=COMPLETED is=IDLE awp=false se=false i=false al=0},r=38,c=true/true,a=IDLE,uri=//localhost:38858/RedirectServlet,age=10}
[DEBUG] onCompleted for /RedirectServlet written=0
[DEBUG] recycle HttpChannelState@2e8f904b{s=IDLE rs=COMPLETED os=COMPLETED is=IDLE awp=false se=false i=false al=0}
[DEBUG] reset HttpParser{s=END,0 of -1}
[DEBUG] END --> START
[DEBUG] !handle TERMINATED HttpChannelOverHttp@f268a5a{s=HttpChannelState@2e8f904b{s=IDLE rs=BLOCKING os=OPEN is=IDLE awp=false se=false i=true al=0},r=38,c=false/false,a=IDLE,uri=null,age=0}
[DEBUG] filled 294 HeapByteBuffer@78a30358[p=0,l=294,c=8192,r=294]={<<<GET /RedirectServlet HTTP...nection: keep-alive\r\n\r\n>>>g, *; q=....\x00\x00\x00\x00\x00\x00\x00}
[DEBUG] HttpConnection@3be4ecda::SocketChannelEndPoint@122254ce{l=/127.0.0.1:38858,r=/127.0.0.1:42942,OPEN,fill=-,flush=-,to=0/30000}{io=0/0,kio=0,kro=1}->HttpConnection@3be4ecda[p=HttpParser{s=START,0 of -1},g=HttpGenerator@af7230{s=START}]=>HttpChannelOverHttp@f268a5a{s=HttpChannelState@2e8f904b{s=IDLE rs=BLOCKING os=OPEN is=IDLE awp=false se=false i=true al=0},r=38,c=false/false,a=IDLE,uri=null,age=0} filled 294 HeapByteBuffer@78a30358[p=0,l=294,c=8192,r=294]={<<<GET /RedirectServlet HTTP...nection: keep-alive\r\n\r\n>>>g, *; q=....\x00\x00\x00\x00\x00\x00\x00}
[DEBUG] HttpConnection@3be4ecda::SocketChannelEndPoint@122254ce{l=/127.0.0.1:38858,r=/127.0.0.1:42942,OPEN,fill=-,flush=-,to=0/30000}{io=0/0,kio=0,kro=1}->HttpConnection@3be4ecda[p=HttpParser{s=START,0 of -1},g=HttpGenerator@af7230{s=START}]=>HttpChannelOverHttp@f268a5a{s=HttpChannelState@2e8f904b{s=IDLE rs=BLOCKING os=OPEN is=IDLE awp=false se=false i=true al=0},r=38,c=false/false,a=IDLE,uri=null,age=0} parse HeapByteBuffer@78a30358[p=0,l=294,c=8192,r=294]={<<<GET /RedirectServlet HTTP...nection: keep-alive\r\n\r\n>>>g, *; q=....\x00\x00\x00\x00\x00\x00\x00} {}
[DEBUG] parseNext s=START HeapByteBuffer@78a30358[p=0,l=294,c=8192,r=294]={<<<GET /RedirectServlet HTTP...nection: keep-alive\r\n\r\n>>>g, *; q=....\x00\x00\x00\x00\x00\x00\x00}
[DEBUG] START --> SPACE1
[DEBUG] SPACE1 --> URI
[DEBUG] URI --> SPACE2
[DEBUG] SPACE2 --> REQUEST_VERSION
[DEBUG] REQUEST_VERSION --> HEADER
[DEBUG] HEADER:Accept-Encoding: gzip --> IN_VALUE
[DEBUG] HEADER:Accept-Encoding: gzip --> FIELD
[DEBUG] HEADER:User-Agent: Mozilla/5.0 (Windows NT 10.0; Win64; x64) AppleWebKit/537.36 (KHTML, like Gecko) Chrome/79.0.3945.130 Safari/537.36 --> IN_VALUE
[DEBUG] HEADER:User-Agent: Mozilla/5.0 (Windows NT 10.0; Win64; x64) AppleWebKit/537.36 (KHTML, like Gecko) Chrome/79.0.3945.130 Safari/537.36 --> FIELD
[DEBUG] HEADER:Host: localhost:38858 --> IN_VALUE
[DEBUG] HEADER:Host: localhost:38858 --> FIELD
[DEBUG] HEADER:Accept: text/html, image/gif, image/jpeg, *; q=.2, */*; q=.2 --> IN_VALUE
[DEBUG] HEADER:Accept: text/html, image/gif, image/jpeg, *; q=.2, */*; q=.2 --> FIELD
[DEBUG] HEADER:Connection: keep-alive --> IN_VALUE
[DEBUG] HEADER:Connection: keep-alive --> FIELD
[DEBUG] HEADER --> CONTENT
[DEBUG] REQUEST for //localhost:38858/RedirectServlet on HttpChannelOverHttp@f268a5a{s=HttpChannelState@2e8f904b{s=IDLE rs=BLOCKING os=OPEN is=IDLE awp=false se=false i=true al=0},r=39,c=false/false,a=IDLE,uri=//localhost:38858/RedirectServlet,age=0}
GET //localhost:38858/RedirectServlet HTTP/1.1
Accept-Encoding: gzip
User-Agent: Mozilla/5.0 (Windows NT 10.0; Win64; x64) AppleWebKit/537.36 (KHTML, like Gecko) Chrome/79.0.3945.130 Safari/537.36
Host: localhost:38858
Accept: text/html, image/gif, image/jpeg, *; q=.2, */*; q=.2
Connection: keep-alive


[DEBUG] HttpConnection@3be4ecda::SocketChannelEndPoint@122254ce{l=/127.0.0.1:38858,r=/127.0.0.1:42942,OPEN,fill=-,flush=-,to=0/30000}{io=0/0,kio=0,kro=1}->HttpConnection@3be4ecda[p=HttpParser{s=CONTENT,0 of -1},g=HttpGenerator@af7230{s=START}]=>HttpChannelOverHttp@f268a5a{s=HttpChannelState@2e8f904b{s=IDLE rs=BLOCKING os=OPEN is=IDLE awp=false se=false i=true al=0},r=39,c=false/false,a=IDLE,uri=//localhost:38858/RedirectServlet,age=1} parsed true HttpParser{s=CONTENT,0 of -1}
[DEBUG] releaseRequestBuffer HttpConnection@3be4ecda::SocketChannelEndPoint@122254ce{l=/127.0.0.1:38858,r=/127.0.0.1:42942,OPEN,fill=-,flush=-,to=0/30000}{io=0/0,kio=0,kro=1}->HttpConnection@3be4ecda[p=HttpParser{s=CONTENT,0 of -1},g=HttpGenerator@af7230{s=START}]=>HttpChannelOverHttp@f268a5a{s=HttpChannelState@2e8f904b{s=IDLE rs=BLOCKING os=OPEN is=IDLE awp=false se=false i=true al=0},r=39,c=false/false,a=IDLE,uri=//localhost:38858/RedirectServlet,age=1}
[DEBUG] handle //localhost:38858/RedirectServlet HttpChannelOverHttp@f268a5a{s=HttpChannelState@2e8f904b{s=IDLE rs=BLOCKING os=OPEN is=IDLE awp=false se=false i=true al=0},r=39,c=false/false,a=IDLE,uri=//localhost:38858/RedirectServlet,age=1} 
[DEBUG] handling HttpChannelState@2e8f904b{s=IDLE rs=BLOCKING os=OPEN is=IDLE awp=false se=false i=true al=0}
[DEBUG] action DISPATCH HttpChannelOverHttp@f268a5a{s=HttpChannelState@2e8f904b{s=HANDLING rs=BLOCKING os=OPEN is=IDLE awp=false se=false i=true al=0},r=39,c=false/false,a=HANDLING,uri=//localhost:38858/RedirectServlet,age=1}
[DEBUG] REQUEST GET /RedirectServlet on HttpChannelOverHttp@f268a5a{s=HttpChannelState@2e8f904b{s=HANDLING rs=BLOCKING os=OPEN is=IDLE awp=false se=false i=true al=0},r=39,c=false/false,a=HANDLING,uri=//localhost:38858/RedirectServlet,age=1}
[DEBUG] servlet null|/RedirectServlet|null -> org.jsoup.integration.servlets.RedirectServlet-56febdc==org.jsoup.integration.servlets.RedirectServlet@decc268e{jsp=null,order=-1,inst=true,async=true,src=EMBEDDED:null,STARTED}
[DEBUG] chain=null
[DEBUG] handled=true async=false committed=false on HttpChannelOverHttp@f268a5a{s=HttpChannelState@2e8f904b{s=HANDLING rs=BLOCKING os=OPEN is=IDLE awp=false se=false i=true al=0},r=39,c=false/false,a=HANDLING,uri=//localhost:38858/RedirectServlet,age=1}
[DEBUG] unhandle HttpChannelState@2e8f904b{s=HANDLING rs=BLOCKING os=OPEN is=IDLE awp=false se=false i=true al=0}
[DEBUG] nextAction(false) COMPLETE HttpChannelState@2e8f904b{s=HANDLING rs=COMPLETING os=OPEN is=IDLE awp=false se=false i=false al=0}
[DEBUG] action COMPLETE HttpChannelOverHttp@f268a5a{s=HttpChannelState@2e8f904b{s=HANDLING rs=COMPLETING os=OPEN is=IDLE awp=false se=false i=false al=0},r=39,c=false/false,a=HANDLING,uri=//localhost:38858/RedirectServlet,age=2}
[DEBUG] filled 0 HeapByteBuffer@41e05b38[p=0,l=0,c=8192,r=0]={<<<>>>GET /File...\x00\x00\x00\x00\x00\x00\x00}
[DEBUG] filled 0 HeapByteBuffer@41e05b38[p=0,l=0,c=8192,r=0]={<<<>>>GET /File...\x00\x00\x00\x00\x00\x00\x00}
[DEBUG] HttpConnection@3be4ecda::SocketChannelEndPoint@122254ce{l=/127.0.0.1:38858,r=/127.0.0.1:42942,OPEN,fill=-,flush=-,to=1/30000}{io=0/0,kio=0,kro=1}->HttpConnection@3be4ecda[p=HttpParser{s=CONTENT,0 of -1},g=HttpGenerator@af7230{s=START}]=>HttpChannelOverHttp@f268a5a{s=HttpChannelState@2e8f904b{s=HANDLING rs=COMPLETING os=OPEN is=IDLE awp=false se=false i=false al=0},r=39,c=false/false,a=HANDLING,uri=//localhost:38858/RedirectServlet,age=2} filled 0 HeapByteBuffer@41e05b38[p=0,l=0,c=8192,r=0]={<<<>>>GET /File...\x00\x00\x00\x00\x00\x00\x00}
[DEBUG] HttpConnection@3be4ecda::SocketChannelEndPoint@122254ce{l=/127.0.0.1:38858,r=/127.0.0.1:42942,OPEN,fill=-,flush=-,to=1/30000}{io=0/0,kio=0,kro=1}->HttpConnection@3be4ecda[p=HttpParser{s=CONTENT,0 of -1},g=HttpGenerator@af7230{s=START}]=>HttpChannelOverHttp@f268a5a{s=HttpChannelState@2e8f904b{s=HANDLING rs=COMPLETING os=OPEN is=IDLE awp=false se=false i=false al=0},r=39,c=false/false,a=HANDLING,uri=//localhost:38858/RedirectServlet,age=2} parse HeapByteBuffer@41e05b38[p=0,l=0,c=8192,r=0]={<<<>>>GET /File...\x00\x00\x00\x00\x00\x00\x00} {}
[DEBUG] parseNext s=CONTENT HeapByteBuffer@41e05b38[p=0,l=0,c=8192,r=0]={<<<>>>GET /File...\x00\x00\x00\x00\x00\x00\x00}
[DEBUG] CONTENT --> CONTENT_END
[DEBUG] onContentComplete HttpChannelOverHttp@f268a5a{s=HttpChannelState@2e8f904b{s=HANDLING rs=COMPLETING os=OPEN is=IDLE awp=false se=false i=false al=0},r=39,c=false/false,a=HANDLING,uri=//localhost:38858/RedirectServlet,age=2}
[DEBUG] CONTENT_END --> END
[DEBUG] onRequestComplete HttpChannelOverHttp@f268a5a{s=HttpChannelState@2e8f904b{s=HANDLING rs=COMPLETING os=OPEN is=IDLE awp=false se=false i=false al=0},r=39,c=false/false,a=HANDLING,uri=//localhost:38858/RedirectServlet,age=2}
[DEBUG] HttpInputOverHTTP@5e34fa8b[c=0,q=0,[0]=null,s=STREAM] addContent EOF
[DEBUG] HttpConnection@3be4ecda::SocketChannelEndPoint@122254ce{l=/127.0.0.1:38858,r=/127.0.0.1:42942,OPEN,fill=-,flush=-,to=1/30000}{io=0/0,kio=0,kro=1}->HttpConnection@3be4ecda[p=HttpParser{s=END,0 of -1},g=HttpGenerator@af7230{s=START}]=>HttpChannelOverHttp@f268a5a{s=HttpChannelState@2e8f904b{s=HANDLING rs=COMPLETING os=OPEN is=IDLE awp=false se=false i=false al=0},r=39,c=false/false,a=HANDLING,uri=//localhost:38858/RedirectServlet,age=2} parsed false HttpParser{s=END,0 of -1}
[DEBUG] releaseRequestBuffer HttpConnection@3be4ecda::SocketChannelEndPoint@122254ce{l=/127.0.0.1:38858,r=/127.0.0.1:42942,OPEN,fill=-,flush=-,to=1/30000}{io=0/0,kio=0,kro=1}->HttpConnection@3be4ecda[p=HttpParser{s=END,0 of -1},g=HttpGenerator@af7230{s=START}]=>HttpChannelOverHttp@f268a5a{s=HttpChannelState@2e8f904b{s=HANDLING rs=COMPLETING os=OPEN is=IDLE awp=false se=false i=false al=0},r=39,c=false/false,a=HANDLING,uri=//localhost:38858/RedirectServlet,age=2}
[DEBUG] complete(org.eclipse.jetty.util.Callback$3@15746b1a) s=CLOSING,api=BLOCKED,sc=false,e=null s=false e=null, c=HeapByteBuffer@11848662[p=0,l=0,c=0,r=0]={<<<>>>}
[DEBUG] sendResponse info=null content=HeapByteBuffer@11848662[p=0,l=0,c=0,r=0]={<<<>>>} complete=true committing=true callback=org.eclipse.jetty.server.HttpOutput$WriteCompleteCB@63bfaf7a
[DEBUG] COMMIT for /RedirectServlet on HttpChannelOverHttp@f268a5a{s=HttpChannelState@2e8f904b{s=HANDLING rs=COMPLETING os=COMMITTED is=IDLE awp=false se=false i=false al=0},r=39,c=false/false,a=HANDLING,uri=//localhost:38858/RedirectServlet,age=2}
302 null HTTP/1.1
Date: Mon, 20 Sep 2021 19:30:13 GMT
Location: 


[DEBUG] generate: NEED_HEADER for SendCallback@2c1836a[PROCESSING][i=HTTP/1.1{s=302,h=2,cl=-1},cb=org.eclipse.jetty.server.HttpChannel$SendCallback@42b44e42] (null,[p=0,l=0,c=0,r=0],true)@START
[DEBUG] generateHeaders HTTP/1.1{s=302,h=2,cl=-1} last=true content=HeapByteBuffer@11848662[p=0,l=0,c=0,r=0]={<<<>>>}
[DEBUG] Date: Mon, 20 Sep 2021 19:30:13 GMT
Location: 


[DEBUG] CONTENT_LENGTH
[DEBUG] generate: FLUSH for SendCallback@2c1836a[PROCESSING][i=HTTP/1.1{s=302,h=2,cl=-1},cb=org.eclipse.jetty.server.HttpChannel$SendCallback@42b44e42] ([p=0,l=123,c=8192,r=123],[p=0,l=0,c=0,r=0],true)@COMPLETING
[DEBUG] write: WriteFlusher@653abf25{IDLE}->null [HeapByteBuffer@22b9b50d[p=0,l=123,c=8192,r=123]={<<<HTTP/1.1 302 Found\r\nDate:...y(9.4.43.v20210629)\r\n\r\n>>>er: Jetty...\x86&h\xA0{\xC1\xC2}]
[DEBUG] update WriteFlusher@653abf25{WRITING}->null:IDLE-->WRITING
[DEBUG] flushed 123 SocketChannelEndPoint@122254ce{l=/127.0.0.1:38858,r=/127.0.0.1:42942,OPEN,fill=-,flush=W,to=3/30000}{io=0/0,kio=0,kro=1}->HttpConnection@3be4ecda[p=HttpParser{s=END,0 of -1},g=HttpGenerator@af7230{s=COMPLETING}]=>HttpChannelOverHttp@f268a5a{s=HttpChannelState@2e8f904b{s=HANDLING rs=COMPLETING os=COMMITTED is=IDLE awp=false se=false i=false al=0},r=39,c=false/false,a=HANDLING,uri=//localhost:38858/RedirectServlet,age=4}
[DEBUG] Flushed=true written=123 remaining=0 WriteFlusher@653abf25{WRITING}->null
[DEBUG] update WriteFlusher@653abf25{IDLE}->null:WRITING-->IDLE
[DEBUG] generate: DONE for SendCallback@2c1836a[PROCESSING][i=HTTP/1.1{s=302,h=2,cl=-1},cb=org.eclipse.jetty.server.HttpChannel$SendCallback@42b44e42] ([p=123,l=123,c=8192,r=0],[p=0,l=0,c=0,r=0],true)@END
[DEBUG] onWriteComplete(true,null) s=CLOSING,api=BLOCKED,sc=false,e=null->s=CLOSED,api=BLOCKING,sc=false,e=null c=null cb=org.eclipse.jetty.util.Callback$3@15746b1a w=false
[DEBUG] completed HttpChannelState@2e8f904b{s=HANDLING rs=COMPLETING os=COMPLETED is=IDLE awp=false se=false i=false al=0}
[DEBUG] unhandle HttpChannelState@2e8f904b{s=HANDLING rs=COMPLETED os=COMPLETED is=IDLE awp=false se=false i=false al=0}
[DEBUG] nextAction(false) TERMINATED HttpChannelState@2e8f904b{s=IDLE rs=COMPLETED os=COMPLETED is=IDLE awp=false se=false i=false al=0}
[DEBUG] action TERMINATED HttpChannelOverHttp@f268a5a{s=HttpChannelState@2e8f904b{s=IDLE rs=COMPLETED os=COMPLETED is=IDLE awp=false se=false i=false al=0},r=39,c=true/true,a=IDLE,uri=//localhost:38858/RedirectServlet,age=17}
[DEBUG] onCompleted for /RedirectServlet written=0
[DEBUG] recycle HttpChannelState@2e8f904b{s=IDLE rs=COMPLETED os=COMPLETED is=IDLE awp=false se=false i=false al=0}
[DEBUG] reset HttpParser{s=END,0 of -1}
[DEBUG] END --> START
[DEBUG] !handle TERMINATED HttpChannelOverHttp@f268a5a{s=HttpChannelState@2e8f904b{s=IDLE rs=BLOCKING os=OPEN is=IDLE awp=false se=false i=true al=0},r=39,c=false/false,a=IDLE,uri=null,age=0}
[DEBUG] filled 294 HeapByteBuffer@78a30358[p=0,l=294,c=8192,r=294]={<<<GET /RedirectServlet HTTP...nection: keep-alive\r\n\r\n>>>g, *; q=....\x00\x00\x00\x00\x00\x00\x00}
[DEBUG] HttpConnection@3be4ecda::SocketChannelEndPoint@122254ce{l=/127.0.0.1:38858,r=/127.0.0.1:42942,OPEN,fill=-,flush=-,to=0/30000}{io=0/0,kio=0,kro=1}->HttpConnection@3be4ecda[p=HttpParser{s=START,0 of -1},g=HttpGenerator@af7230{s=START}]=>HttpChannelOverHttp@f268a5a{s=HttpChannelState@2e8f904b{s=IDLE rs=BLOCKING os=OPEN is=IDLE awp=false se=false i=true al=0},r=39,c=false/false,a=IDLE,uri=null,age=0} filled 294 HeapByteBuffer@78a30358[p=0,l=294,c=8192,r=294]={<<<GET /RedirectServlet HTTP...nection: keep-alive\r\n\r\n>>>g, *; q=....\x00\x00\x00\x00\x00\x00\x00}
[DEBUG] HttpConnection@3be4ecda::SocketChannelEndPoint@122254ce{l=/127.0.0.1:38858,r=/127.0.0.1:42942,OPEN,fill=-,flush=-,to=0/30000}{io=0/0,kio=0,kro=1}->HttpConnection@3be4ecda[p=HttpParser{s=START,0 of -1},g=HttpGenerator@af7230{s=START}]=>HttpChannelOverHttp@f268a5a{s=HttpChannelState@2e8f904b{s=IDLE rs=BLOCKING os=OPEN is=IDLE awp=false se=false i=true al=0},r=39,c=false/false,a=IDLE,uri=null,age=0} parse HeapByteBuffer@78a30358[p=0,l=294,c=8192,r=294]={<<<GET /RedirectServlet HTTP...nection: keep-alive\r\n\r\n>>>g, *; q=....\x00\x00\x00\x00\x00\x00\x00} {}
[DEBUG] parseNext s=START HeapByteBuffer@78a30358[p=0,l=294,c=8192,r=294]={<<<GET /RedirectServlet HTTP...nection: keep-alive\r\n\r\n>>>g, *; q=....\x00\x00\x00\x00\x00\x00\x00}
[DEBUG] START --> SPACE1
[DEBUG] SPACE1 --> URI
[DEBUG] URI --> SPACE2
[DEBUG] SPACE2 --> REQUEST_VERSION
[DEBUG] REQUEST_VERSION --> HEADER
[DEBUG] HEADER:Accept-Encoding: gzip --> IN_VALUE
[DEBUG] HEADER:Accept-Encoding: gzip --> FIELD
[DEBUG] HEADER:User-Agent: Mozilla/5.0 (Windows NT 10.0; Win64; x64) AppleWebKit/537.36 (KHTML, like Gecko) Chrome/79.0.3945.130 Safari/537.36 --> IN_VALUE
[DEBUG] HEADER:User-Agent: Mozilla/5.0 (Windows NT 10.0; Win64; x64) AppleWebKit/537.36 (KHTML, like Gecko) Chrome/79.0.3945.130 Safari/537.36 --> FIELD
[DEBUG] HEADER:Host: localhost:38858 --> IN_VALUE
[DEBUG] HEADER:Host: localhost:38858 --> FIELD
[DEBUG] HEADER:Accept: text/html, image/gif, image/jpeg, *; q=.2, */*; q=.2 --> IN_VALUE
[DEBUG] HEADER:Accept: text/html, image/gif, image/jpeg, *; q=.2, */*; q=.2 --> FIELD
[DEBUG] HEADER:Connection: keep-alive --> IN_VALUE
[DEBUG] HEADER:Connection: keep-alive --> FIELD
[DEBUG] HEADER --> CONTENT
[DEBUG] REQUEST for //localhost:38858/RedirectServlet on HttpChannelOverHttp@f268a5a{s=HttpChannelState@2e8f904b{s=IDLE rs=BLOCKING os=OPEN is=IDLE awp=false se=false i=true al=0},r=40,c=false/false,a=IDLE,uri=//localhost:38858/RedirectServlet,age=0}
GET //localhost:38858/RedirectServlet HTTP/1.1
Accept-Encoding: gzip
User-Agent: Mozilla/5.0 (Windows NT 10.0; Win64; x64) AppleWebKit/537.36 (KHTML, like Gecko) Chrome/79.0.3945.130 Safari/537.36
Host: localhost:38858
Accept: text/html, image/gif, image/jpeg, *; q=.2, */*; q=.2
Connection: keep-alive


[DEBUG] HttpConnection@3be4ecda::SocketChannelEndPoint@122254ce{l=/127.0.0.1:38858,r=/127.0.0.1:42942,OPEN,fill=-,flush=-,to=0/30000}{io=0/0,kio=0,kro=1}->HttpConnection@3be4ecda[p=HttpParser{s=CONTENT,0 of -1},g=HttpGenerator@af7230{s=START}]=>HttpChannelOverHttp@f268a5a{s=HttpChannelState@2e8f904b{s=IDLE rs=BLOCKING os=OPEN is=IDLE awp=false se=false i=true al=0},r=40,c=false/false,a=IDLE,uri=//localhost:38858/RedirectServlet,age=0} parsed true HttpParser{s=CONTENT,0 of -1}
[DEBUG] releaseRequestBuffer HttpConnection@3be4ecda::SocketChannelEndPoint@122254ce{l=/127.0.0.1:38858,r=/127.0.0.1:42942,OPEN,fill=-,flush=-,to=0/30000}{io=0/0,kio=0,kro=1}->HttpConnection@3be4ecda[p=HttpParser{s=CONTENT,0 of -1},g=HttpGenerator@af7230{s=START}]=>HttpChannelOverHttp@f268a5a{s=HttpChannelState@2e8f904b{s=IDLE rs=BLOCKING os=OPEN is=IDLE awp=false se=false i=true al=0},r=40,c=false/false,a=IDLE,uri=//localhost:38858/RedirectServlet,age=0}
[DEBUG] handle //localhost:38858/RedirectServlet HttpChannelOverHttp@f268a5a{s=HttpChannelState@2e8f904b{s=IDLE rs=BLOCKING os=OPEN is=IDLE awp=false se=false i=true al=0},r=40,c=false/false,a=IDLE,uri=//localhost:38858/RedirectServlet,age=0} 
[DEBUG] handling HttpChannelState@2e8f904b{s=IDLE rs=BLOCKING os=OPEN is=IDLE awp=false se=false i=true al=0}
[DEBUG] action DISPATCH HttpChannelOverHttp@f268a5a{s=HttpChannelState@2e8f904b{s=HANDLING rs=BLOCKING os=OPEN is=IDLE awp=false se=false i=true al=0},r=40,c=false/false,a=HANDLING,uri=//localhost:38858/RedirectServlet,age=0}
[DEBUG] REQUEST GET /RedirectServlet on HttpChannelOverHttp@f268a5a{s=HttpChannelState@2e8f904b{s=HANDLING rs=BLOCKING os=OPEN is=IDLE awp=false se=false i=true al=0},r=40,c=false/false,a=HANDLING,uri=//localhost:38858/RedirectServlet,age=0}
[DEBUG] servlet null|/RedirectServlet|null -> org.jsoup.integration.servlets.RedirectServlet-56febdc==org.jsoup.integration.servlets.RedirectServlet@decc268e{jsp=null,order=-1,inst=true,async=true,src=EMBEDDED:null,STARTED}
[DEBUG] chain=null
[DEBUG] handled=true async=false committed=false on HttpChannelOverHttp@f268a5a{s=HttpChannelState@2e8f904b{s=HANDLING rs=BLOCKING os=OPEN is=IDLE awp=false se=false i=true al=0},r=40,c=false/false,a=HANDLING,uri=//localhost:38858/RedirectServlet,age=0}
[DEBUG] unhandle HttpChannelState@2e8f904b{s=HANDLING rs=BLOCKING os=OPEN is=IDLE awp=false se=false i=true al=0}
[DEBUG] nextAction(false) COMPLETE HttpChannelState@2e8f904b{s=HANDLING rs=COMPLETING os=OPEN is=IDLE awp=false se=false i=false al=0}
[DEBUG] action COMPLETE HttpChannelOverHttp@f268a5a{s=HttpChannelState@2e8f904b{s=HANDLING rs=COMPLETING os=OPEN is=IDLE awp=false se=false i=false al=0},r=40,c=false/false,a=HANDLING,uri=//localhost:38858/RedirectServlet,age=0}
[DEBUG] filled 0 HeapByteBuffer@41e05b38[p=0,l=0,c=8192,r=0]={<<<>>>GET /File...\x00\x00\x00\x00\x00\x00\x00}
[DEBUG] filled 0 HeapByteBuffer@41e05b38[p=0,l=0,c=8192,r=0]={<<<>>>GET /File...\x00\x00\x00\x00\x00\x00\x00}
[DEBUG] HttpConnection@3be4ecda::SocketChannelEndPoint@122254ce{l=/127.0.0.1:38858,r=/127.0.0.1:42942,OPEN,fill=-,flush=-,to=6/30000}{io=0/0,kio=0,kro=1}->HttpConnection@3be4ecda[p=HttpParser{s=CONTENT,0 of -1},g=HttpGenerator@af7230{s=START}]=>HttpChannelOverHttp@f268a5a{s=HttpChannelState@2e8f904b{s=HANDLING rs=COMPLETING os=OPEN is=IDLE awp=false se=false i=false al=0},r=40,c=false/false,a=HANDLING,uri=//localhost:38858/RedirectServlet,age=6} filled 0 HeapByteBuffer@41e05b38[p=0,l=0,c=8192,r=0]={<<<>>>GET /File...\x00\x00\x00\x00\x00\x00\x00}
[DEBUG] HttpConnection@3be4ecda::SocketChannelEndPoint@122254ce{l=/127.0.0.1:38858,r=/127.0.0.1:42942,OPEN,fill=-,flush=-,to=6/30000}{io=0/0,kio=0,kro=1}->HttpConnection@3be4ecda[p=HttpParser{s=CONTENT,0 of -1},g=HttpGenerator@af7230{s=START}]=>HttpChannelOverHttp@f268a5a{s=HttpChannelState@2e8f904b{s=HANDLING rs=COMPLETING os=OPEN is=IDLE awp=false se=false i=false al=0},r=40,c=false/false,a=HANDLING,uri=//localhost:38858/RedirectServlet,age=6} parse HeapByteBuffer@41e05b38[p=0,l=0,c=8192,r=0]={<<<>>>GET /File...\x00\x00\x00\x00\x00\x00\x00} {}
[DEBUG] parseNext s=CONTENT HeapByteBuffer@41e05b38[p=0,l=0,c=8192,r=0]={<<<>>>GET /File...\x00\x00\x00\x00\x00\x00\x00}
[DEBUG] CONTENT --> CONTENT_END
[DEBUG] onContentComplete HttpChannelOverHttp@f268a5a{s=HttpChannelState@2e8f904b{s=HANDLING rs=COMPLETING os=OPEN is=IDLE awp=false se=false i=false al=0},r=40,c=false/false,a=HANDLING,uri=//localhost:38858/RedirectServlet,age=6}
[DEBUG] CONTENT_END --> END
[DEBUG] onRequestComplete HttpChannelOverHttp@f268a5a{s=HttpChannelState@2e8f904b{s=HANDLING rs=COMPLETING os=OPEN is=IDLE awp=false se=false i=false al=0},r=40,c=false/false,a=HANDLING,uri=//localhost:38858/RedirectServlet,age=6}
[DEBUG] HttpInputOverHTTP@5e34fa8b[c=0,q=0,[0]=null,s=STREAM] addContent EOF
[DEBUG] HttpConnection@3be4ecda::SocketChannelEndPoint@122254ce{l=/127.0.0.1:38858,r=/127.0.0.1:42942,OPEN,fill=-,flush=-,to=6/30000}{io=0/0,kio=0,kro=1}->HttpConnection@3be4ecda[p=HttpParser{s=END,0 of -1},g=HttpGenerator@af7230{s=START}]=>HttpChannelOverHttp@f268a5a{s=HttpChannelState@2e8f904b{s=HANDLING rs=COMPLETING os=OPEN is=IDLE awp=false se=false i=false al=0},r=40,c=false/false,a=HANDLING,uri=//localhost:38858/RedirectServlet,age=6} parsed false HttpParser{s=END,0 of -1}
[DEBUG] releaseRequestBuffer HttpConnection@3be4ecda::SocketChannelEndPoint@122254ce{l=/127.0.0.1:38858,r=/127.0.0.1:42942,OPEN,fill=-,flush=-,to=6/30000}{io=0/0,kio=0,kro=1}->HttpConnection@3be4ecda[p=HttpParser{s=END,0 of -1},g=HttpGenerator@af7230{s=START}]=>HttpChannelOverHttp@f268a5a{s=HttpChannelState@2e8f904b{s=HANDLING rs=COMPLETING os=OPEN is=IDLE awp=false se=false i=false al=0},r=40,c=false/false,a=HANDLING,uri=//localhost:38858/RedirectServlet,age=6}
[DEBUG] complete(org.eclipse.jetty.util.Callback$3@7c778b23) s=CLOSING,api=BLOCKED,sc=false,e=null s=false e=null, c=HeapByteBuffer@11848662[p=0,l=0,c=0,r=0]={<<<>>>}
[DEBUG] sendResponse info=null content=HeapByteBuffer@11848662[p=0,l=0,c=0,r=0]={<<<>>>} complete=true committing=true callback=org.eclipse.jetty.server.HttpOutput$WriteCompleteCB@4aed030c
[DEBUG] COMMIT for /RedirectServlet on HttpChannelOverHttp@f268a5a{s=HttpChannelState@2e8f904b{s=HANDLING rs=COMPLETING os=COMMITTED is=IDLE awp=false se=false i=false al=0},r=40,c=false/false,a=HANDLING,uri=//localhost:38858/RedirectServlet,age=6}
302 null HTTP/1.1
Date: Mon, 20 Sep 2021 19:30:13 GMT
Location: 


[DEBUG] generate: NEED_HEADER for SendCallback@2c1836a[PROCESSING][i=HTTP/1.1{s=302,h=2,cl=-1},cb=org.eclipse.jetty.server.HttpChannel$SendCallback@5437b154] (null,[p=0,l=0,c=0,r=0],true)@START
[DEBUG] generateHeaders HTTP/1.1{s=302,h=2,cl=-1} last=true content=HeapByteBuffer@11848662[p=0,l=0,c=0,r=0]={<<<>>>}
[DEBUG] Date: Mon, 20 Sep 2021 19:30:13 GMT
Location: 


[DEBUG] CONTENT_LENGTH
[DEBUG] generate: FLUSH for SendCallback@2c1836a[PROCESSING][i=HTTP/1.1{s=302,h=2,cl=-1},cb=org.eclipse.jetty.server.HttpChannel$SendCallback@5437b154] ([p=0,l=123,c=8192,r=123],[p=0,l=0,c=0,r=0],true)@COMPLETING
[DEBUG] write: WriteFlusher@653abf25{IDLE}->null [HeapByteBuffer@22b9b50d[p=0,l=123,c=8192,r=123]={<<<HTTP/1.1 302 Found\r\nDate:...y(9.4.43.v20210629)\r\n\r\n>>>er: Jetty...\x86&h\xA0{\xC1\xC2}]
[DEBUG] update WriteFlusher@653abf25{WRITING}->null:IDLE-->WRITING
[DEBUG] flushed 123 SocketChannelEndPoint@122254ce{l=/127.0.0.1:38858,r=/127.0.0.1:42942,OPEN,fill=-,flush=W,to=8/30000}{io=0/0,kio=0,kro=1}->HttpConnection@3be4ecda[p=HttpParser{s=END,0 of -1},g=HttpGenerator@af7230{s=COMPLETING}]=>HttpChannelOverHttp@f268a5a{s=HttpChannelState@2e8f904b{s=HANDLING rs=COMPLETING os=COMMITTED is=IDLE awp=false se=false i=false al=0},r=40,c=false/false,a=HANDLING,uri=//localhost:38858/RedirectServlet,age=8}
[DEBUG] Flushed=true written=123 remaining=0 WriteFlusher@653abf25{WRITING}->null
[DEBUG] update WriteFlusher@653abf25{IDLE}->null:WRITING-->IDLE
[DEBUG] generate: DONE for SendCallback@2c1836a[PROCESSING][i=HTTP/1.1{s=302,h=2,cl=-1},cb=org.eclipse.jetty.server.HttpChannel$SendCallback@5437b154] ([p=123,l=123,c=8192,r=0],[p=0,l=0,c=0,r=0],true)@END
[DEBUG] onWriteComplete(true,null) s=CLOSING,api=BLOCKED,sc=false,e=null->s=CLOSED,api=BLOCKING,sc=false,e=null c=null cb=org.eclipse.jetty.util.Callback$3@7c778b23 w=false
[DEBUG] completed HttpChannelState@2e8f904b{s=HANDLING rs=COMPLETING os=COMPLETED is=IDLE awp=false se=false i=false al=0}
[DEBUG] unhandle HttpChannelState@2e8f904b{s=HANDLING rs=COMPLETED os=COMPLETED is=IDLE awp=false se=false i=false al=0}
[DEBUG] nextAction(false) TERMINATED HttpChannelState@2e8f904b{s=IDLE rs=COMPLETED os=COMPLETED is=IDLE awp=false se=false i=false al=0}
[DEBUG] action TERMINATED HttpChannelOverHttp@f268a5a{s=HttpChannelState@2e8f904b{s=IDLE rs=COMPLETED os=COMPLETED is=IDLE awp=false se=false i=false al=0},r=40,c=true/true,a=IDLE,uri=//localhost:38858/RedirectServlet,age=9}
[DEBUG] onCompleted for /RedirectServlet written=0
[DEBUG] recycle HttpChannelState@2e8f904b{s=IDLE rs=COMPLETED os=COMPLETED is=IDLE awp=false se=false i=false al=0}
[DEBUG] reset HttpParser{s=END,0 of -1}
[DEBUG] END --> START
[DEBUG] !handle TERMINATED HttpChannelOverHttp@f268a5a{s=HttpChannelState@2e8f904b{s=IDLE rs=BLOCKING os=OPEN is=IDLE awp=false se=false i=true al=0},r=40,c=false/false,a=IDLE,uri=null,age=0}
[DEBUG] filled 294 HeapByteBuffer@78a30358[p=0,l=294,c=8192,r=294]={<<<GET /RedirectServlet HTTP...nection: keep-alive\r\n\r\n>>>g, *; q=....\x00\x00\x00\x00\x00\x00\x00}
[DEBUG] HttpConnection@3be4ecda::SocketChannelEndPoint@122254ce{l=/127.0.0.1:38858,r=/127.0.0.1:42942,OPEN,fill=-,flush=-,to=2/30000}{io=0/0,kio=0,kro=1}->HttpConnection@3be4ecda[p=HttpParser{s=START,0 of -1},g=HttpGenerator@af7230{s=START}]=>HttpChannelOverHttp@f268a5a{s=HttpChannelState@2e8f904b{s=IDLE rs=BLOCKING os=OPEN is=IDLE awp=false se=false i=true al=0},r=40,c=false/false,a=IDLE,uri=null,age=0} filled 294 HeapByteBuffer@78a30358[p=0,l=294,c=8192,r=294]={<<<GET /RedirectServlet HTTP...nection: keep-alive\r\n\r\n>>>g, *; q=....\x00\x00\x00\x00\x00\x00\x00}
[DEBUG] HttpConnection@3be4ecda::SocketChannelEndPoint@122254ce{l=/127.0.0.1:38858,r=/127.0.0.1:42942,OPEN,fill=-,flush=-,to=2/30000}{io=0/0,kio=0,kro=1}->HttpConnection@3be4ecda[p=HttpParser{s=START,0 of -1},g=HttpGenerator@af7230{s=START}]=>HttpChannelOverHttp@f268a5a{s=HttpChannelState@2e8f904b{s=IDLE rs=BLOCKING os=OPEN is=IDLE awp=false se=false i=true al=0},r=40,c=false/false,a=IDLE,uri=null,age=0} parse HeapByteBuffer@78a30358[p=0,l=294,c=8192,r=294]={<<<GET /RedirectServlet HTTP...nection: keep-alive\r\n\r\n>>>g, *; q=....\x00\x00\x00\x00\x00\x00\x00} {}
[DEBUG] parseNext s=START HeapByteBuffer@78a30358[p=0,l=294,c=8192,r=294]={<<<GET /RedirectServlet HTTP...nection: keep-alive\r\n\r\n>>>g, *; q=....\x00\x00\x00\x00\x00\x00\x00}
[DEBUG] START --> SPACE1
[DEBUG] SPACE1 --> URI
[DEBUG] URI --> SPACE2
[DEBUG] SPACE2 --> REQUEST_VERSION
[DEBUG] REQUEST_VERSION --> HEADER
[DEBUG] HEADER:Accept-Encoding: gzip --> IN_VALUE
[DEBUG] HEADER:Accept-Encoding: gzip --> FIELD
[DEBUG] HEADER:User-Agent: Mozilla/5.0 (Windows NT 10.0; Win64; x64) AppleWebKit/537.36 (KHTML, like Gecko) Chrome/79.0.3945.130 Safari/537.36 --> IN_VALUE
[DEBUG] HEADER:User-Agent: Mozilla/5.0 (Windows NT 10.0; Win64; x64) AppleWebKit/537.36 (KHTML, like Gecko) Chrome/79.0.3945.130 Safari/537.36 --> FIELD
[DEBUG] HEADER:Host: localhost:38858 --> IN_VALUE
[DEBUG] HEADER:Host: localhost:38858 --> FIELD
[DEBUG] HEADER:Accept: text/html, image/gif, image/jpeg, *; q=.2, */*; q=.2 --> IN_VALUE
[DEBUG] HEADER:Accept: text/html, image/gif, image/jpeg, *; q=.2, */*; q=.2 --> FIELD
[DEBUG] HEADER:Connection: keep-alive --> IN_VALUE
[DEBUG] HEADER:Connection: keep-alive --> FIELD
[DEBUG] HEADER --> CONTENT
[DEBUG] REQUEST for //localhost:38858/RedirectServlet on HttpChannelOverHttp@f268a5a{s=HttpChannelState@2e8f904b{s=IDLE rs=BLOCKING os=OPEN is=IDLE awp=false se=false i=true al=0},r=41,c=false/false,a=IDLE,uri=//localhost:38858/RedirectServlet,age=0}
GET //localhost:38858/RedirectServlet HTTP/1.1
Accept-Encoding: gzip
User-Agent: Mozilla/5.0 (Windows NT 10.0; Win64; x64) AppleWebKit/537.36 (KHTML, like Gecko) Chrome/79.0.3945.130 Safari/537.36
Host: localhost:38858
Accept: text/html, image/gif, image/jpeg, *; q=.2, */*; q=.2
Connection: keep-alive


[DEBUG] HttpConnection@3be4ecda::SocketChannelEndPoint@122254ce{l=/127.0.0.1:38858,r=/127.0.0.1:42942,OPEN,fill=-,flush=-,to=3/30000}{io=0/0,kio=0,kro=1}->HttpConnection@3be4ecda[p=HttpParser{s=CONTENT,0 of -1},g=HttpGenerator@af7230{s=START}]=>HttpChannelOverHttp@f268a5a{s=HttpChannelState@2e8f904b{s=IDLE rs=BLOCKING os=OPEN is=IDLE awp=false se=false i=true al=0},r=41,c=false/false,a=IDLE,uri=//localhost:38858/RedirectServlet,age=0} parsed true HttpParser{s=CONTENT,0 of -1}
[DEBUG] releaseRequestBuffer HttpConnection@3be4ecda::SocketChannelEndPoint@122254ce{l=/127.0.0.1:38858,r=/127.0.0.1:42942,OPEN,fill=-,flush=-,to=3/30000}{io=0/0,kio=0,kro=1}->HttpConnection@3be4ecda[p=HttpParser{s=CONTENT,0 of -1},g=HttpGenerator@af7230{s=START}]=>HttpChannelOverHttp@f268a5a{s=HttpChannelState@2e8f904b{s=IDLE rs=BLOCKING os=OPEN is=IDLE awp=false se=false i=true al=0},r=41,c=false/false,a=IDLE,uri=//localhost:38858/RedirectServlet,age=0}
[DEBUG] handle //localhost:38858/RedirectServlet HttpChannelOverHttp@f268a5a{s=HttpChannelState@2e8f904b{s=IDLE rs=BLOCKING os=OPEN is=IDLE awp=false se=false i=true al=0},r=41,c=false/false,a=IDLE,uri=//localhost:38858/RedirectServlet,age=0} 
[DEBUG] handling HttpChannelState@2e8f904b{s=IDLE rs=BLOCKING os=OPEN is=IDLE awp=false se=false i=true al=0}
[DEBUG] action DISPATCH HttpChannelOverHttp@f268a5a{s=HttpChannelState@2e8f904b{s=HANDLING rs=BLOCKING os=OPEN is=IDLE awp=false se=false i=true al=0},r=41,c=false/false,a=HANDLING,uri=//localhost:38858/RedirectServlet,age=0}
[DEBUG] REQUEST GET /RedirectServlet on HttpChannelOverHttp@f268a5a{s=HttpChannelState@2e8f904b{s=HANDLING rs=BLOCKING os=OPEN is=IDLE awp=false se=false i=true al=0},r=41,c=false/false,a=HANDLING,uri=//localhost:38858/RedirectServlet,age=0}
[DEBUG] servlet null|/RedirectServlet|null -> org.jsoup.integration.servlets.RedirectServlet-56febdc==org.jsoup.integration.servlets.RedirectServlet@decc268e{jsp=null,order=-1,inst=true,async=true,src=EMBEDDED:null,STARTED}
[DEBUG] chain=null
[DEBUG] handled=true async=false committed=false on HttpChannelOverHttp@f268a5a{s=HttpChannelState@2e8f904b{s=HANDLING rs=BLOCKING os=OPEN is=IDLE awp=false se=false i=true al=0},r=41,c=false/false,a=HANDLING,uri=//localhost:38858/RedirectServlet,age=1}
[DEBUG] unhandle HttpChannelState@2e8f904b{s=HANDLING rs=BLOCKING os=OPEN is=IDLE awp=false se=false i=true al=0}
[DEBUG] nextAction(false) COMPLETE HttpChannelState@2e8f904b{s=HANDLING rs=COMPLETING os=OPEN is=IDLE awp=false se=false i=false al=0}
[DEBUG] action COMPLETE HttpChannelOverHttp@f268a5a{s=HttpChannelState@2e8f904b{s=HANDLING rs=COMPLETING os=OPEN is=IDLE awp=false se=false i=false al=0},r=41,c=false/false,a=HANDLING,uri=//localhost:38858/RedirectServlet,age=1}
[DEBUG] filled 0 HeapByteBuffer@41e05b38[p=0,l=0,c=8192,r=0]={<<<>>>GET /File...\x00\x00\x00\x00\x00\x00\x00}
[DEBUG] filled 0 HeapByteBuffer@41e05b38[p=0,l=0,c=8192,r=0]={<<<>>>GET /File...\x00\x00\x00\x00\x00\x00\x00}
[DEBUG] HttpConnection@3be4ecda::SocketChannelEndPoint@122254ce{l=/127.0.0.1:38858,r=/127.0.0.1:42942,OPEN,fill=-,flush=-,to=4/30000}{io=0/0,kio=0,kro=1}->HttpConnection@3be4ecda[p=HttpParser{s=CONTENT,0 of -1},g=HttpGenerator@af7230{s=START}]=>HttpChannelOverHttp@f268a5a{s=HttpChannelState@2e8f904b{s=HANDLING rs=COMPLETING os=OPEN is=IDLE awp=false se=false i=false al=0},r=41,c=false/false,a=HANDLING,uri=//localhost:38858/RedirectServlet,age=1} filled 0 HeapByteBuffer@41e05b38[p=0,l=0,c=8192,r=0]={<<<>>>GET /File...\x00\x00\x00\x00\x00\x00\x00}
[DEBUG] HttpConnection@3be4ecda::SocketChannelEndPoint@122254ce{l=/127.0.0.1:38858,r=/127.0.0.1:42942,OPEN,fill=-,flush=-,to=4/30000}{io=0/0,kio=0,kro=1}->HttpConnection@3be4ecda[p=HttpParser{s=CONTENT,0 of -1},g=HttpGenerator@af7230{s=START}]=>HttpChannelOverHttp@f268a5a{s=HttpChannelState@2e8f904b{s=HANDLING rs=COMPLETING os=OPEN is=IDLE awp=false se=false i=false al=0},r=41,c=false/false,a=HANDLING,uri=//localhost:38858/RedirectServlet,age=1} parse HeapByteBuffer@41e05b38[p=0,l=0,c=8192,r=0]={<<<>>>GET /File...\x00\x00\x00\x00\x00\x00\x00} {}
[DEBUG] parseNext s=CONTENT HeapByteBuffer@41e05b38[p=0,l=0,c=8192,r=0]={<<<>>>GET /File...\x00\x00\x00\x00\x00\x00\x00}
[DEBUG] CONTENT --> CONTENT_END
[DEBUG] onContentComplete HttpChannelOverHttp@f268a5a{s=HttpChannelState@2e8f904b{s=HANDLING rs=COMPLETING os=OPEN is=IDLE awp=false se=false i=false al=0},r=41,c=false/false,a=HANDLING,uri=//localhost:38858/RedirectServlet,age=1}
[DEBUG] CONTENT_END --> END
[DEBUG] onRequestComplete HttpChannelOverHttp@f268a5a{s=HttpChannelState@2e8f904b{s=HANDLING rs=COMPLETING os=OPEN is=IDLE awp=false se=false i=false al=0},r=41,c=false/false,a=HANDLING,uri=//localhost:38858/RedirectServlet,age=2}
[DEBUG] HttpInputOverHTTP@5e34fa8b[c=0,q=0,[0]=null,s=STREAM] addContent EOF
[DEBUG] HttpConnection@3be4ecda::SocketChannelEndPoint@122254ce{l=/127.0.0.1:38858,r=/127.0.0.1:42942,OPEN,fill=-,flush=-,to=5/30000}{io=0/0,kio=0,kro=1}->HttpConnection@3be4ecda[p=HttpParser{s=END,0 of -1},g=HttpGenerator@af7230{s=START}]=>HttpChannelOverHttp@f268a5a{s=HttpChannelState@2e8f904b{s=HANDLING rs=COMPLETING os=OPEN is=IDLE awp=false se=false i=false al=0},r=41,c=false/false,a=HANDLING,uri=//localhost:38858/RedirectServlet,age=2} parsed false HttpParser{s=END,0 of -1}
[DEBUG] releaseRequestBuffer HttpConnection@3be4ecda::SocketChannelEndPoint@122254ce{l=/127.0.0.1:38858,r=/127.0.0.1:42942,OPEN,fill=-,flush=-,to=5/30000}{io=0/0,kio=0,kro=1}->HttpConnection@3be4ecda[p=HttpParser{s=END,0 of -1},g=HttpGenerator@af7230{s=START}]=>HttpChannelOverHttp@f268a5a{s=HttpChannelState@2e8f904b{s=HANDLING rs=COMPLETING os=OPEN is=IDLE awp=false se=false i=false al=0},r=41,c=false/false,a=HANDLING,uri=//localhost:38858/RedirectServlet,age=2}
[DEBUG] complete(org.eclipse.jetty.util.Callback$3@349123ce) s=CLOSING,api=BLOCKED,sc=false,e=null s=false e=null, c=HeapByteBuffer@11848662[p=0,l=0,c=0,r=0]={<<<>>>}
[DEBUG] sendResponse info=null content=HeapByteBuffer@11848662[p=0,l=0,c=0,r=0]={<<<>>>} complete=true committing=true callback=org.eclipse.jetty.server.HttpOutput$WriteCompleteCB@74ff98ec
[DEBUG] COMMIT for /RedirectServlet on HttpChannelOverHttp@f268a5a{s=HttpChannelState@2e8f904b{s=HANDLING rs=COMPLETING os=COMMITTED is=IDLE awp=false se=false i=false al=0},r=41,c=false/false,a=HANDLING,uri=//localhost:38858/RedirectServlet,age=3}
302 null HTTP/1.1
Date: Mon, 20 Sep 2021 19:30:13 GMT
Location: 


[DEBUG] generate: NEED_HEADER for SendCallback@2c1836a[PROCESSING][i=HTTP/1.1{s=302,h=2,cl=-1},cb=org.eclipse.jetty.server.HttpChannel$SendCallback@5628001c] (null,[p=0,l=0,c=0,r=0],true)@START
[DEBUG] generateHeaders HTTP/1.1{s=302,h=2,cl=-1} last=true content=HeapByteBuffer@11848662[p=0,l=0,c=0,r=0]={<<<>>>}
[DEBUG] Date: Mon, 20 Sep 2021 19:30:13 GMT
Location: 


[DEBUG] CONTENT_LENGTH
[DEBUG] generate: FLUSH for SendCallback@2c1836a[PROCESSING][i=HTTP/1.1{s=302,h=2,cl=-1},cb=org.eclipse.jetty.server.HttpChannel$SendCallback@5628001c] ([p=0,l=123,c=8192,r=123],[p=0,l=0,c=0,r=0],true)@COMPLETING
[DEBUG] write: WriteFlusher@653abf25{IDLE}->null [HeapByteBuffer@22b9b50d[p=0,l=123,c=8192,r=123]={<<<HTTP/1.1 302 Found\r\nDate:...y(9.4.43.v20210629)\r\n\r\n>>>er: Jetty...\x86&h\xA0{\xC1\xC2}]
[DEBUG] update WriteFlusher@653abf25{WRITING}->null:IDLE-->WRITING
]]></system-out>
  </testcase>
  <testcase name="canConnectToLocalServer" classname="org.jsoup.integration.ConnectTest" time="0.012">
    <system-out><![CDATA[[DEBUG] flushed 123 SocketChannelEndPoint@122254ce{l=/127.0.0.1:38858,r=/127.0.0.1:42942,OPEN,fill=-,flush=W,to=11/30000}{io=0/0,kio=0,kro=1}->HttpConnection@3be4ecda[p=HttpParser{s=END,0 of -1},g=HttpGenerator@af7230{s=COMPLETING}]=>HttpChannelOverHttp@f268a5a{s=HttpChannelState@2e8f904b{s=HANDLING rs=COMPLETING os=COMMITTED is=IDLE awp=false se=false i=false al=0},r=41,c=false/false,a=HANDLING,uri=//localhost:38858/RedirectServlet,age=8}
[DEBUG] Flushed=true written=123 remaining=0 WriteFlusher@653abf25{WRITING}->null
[DEBUG] update WriteFlusher@653abf25{IDLE}->null:WRITING-->IDLE
[DEBUG] generate: DONE for SendCallback@2c1836a[PROCESSING][i=HTTP/1.1{s=302,h=2,cl=-1},cb=org.eclipse.jetty.server.HttpChannel$SendCallback@5628001c] ([p=123,l=123,c=8192,r=0],[p=0,l=0,c=0,r=0],true)@END
[DEBUG] onWriteComplete(true,null) s=CLOSING,api=BLOCKED,sc=false,e=null->s=CLOSED,api=BLOCKING,sc=false,e=null c=null cb=org.eclipse.jetty.util.Callback$3@349123ce w=false
[DEBUG] completed HttpChannelState@2e8f904b{s=HANDLING rs=COMPLETING os=COMPLETED is=IDLE awp=false se=false i=false al=0}
[DEBUG] unhandle HttpChannelState@2e8f904b{s=HANDLING rs=COMPLETED os=COMPLETED is=IDLE awp=false se=false i=false al=0}
[DEBUG] nextAction(false) TERMINATED HttpChannelState@2e8f904b{s=IDLE rs=COMPLETED os=COMPLETED is=IDLE awp=false se=false i=false al=0}
[DEBUG] action TERMINATED HttpChannelOverHttp@f268a5a{s=HttpChannelState@2e8f904b{s=IDLE rs=COMPLETED os=COMPLETED is=IDLE awp=false se=false i=false al=0},r=41,c=true/true,a=IDLE,uri=//localhost:38858/RedirectServlet,age=8}
[DEBUG] onCompleted for /RedirectServlet written=0
[DEBUG] recycle HttpChannelState@2e8f904b{s=IDLE rs=COMPLETED os=COMPLETED is=IDLE awp=false se=false i=false al=0}
[DEBUG] reset HttpParser{s=END,0 of -1}
[DEBUG] END --> START
[DEBUG] !handle TERMINATED HttpChannelOverHttp@f268a5a{s=HttpChannelState@2e8f904b{s=IDLE rs=BLOCKING os=OPEN is=IDLE awp=false se=false i=true al=0},r=41,c=false/false,a=IDLE,uri=null,age=0}
[DEBUG] filled 291 HeapByteBuffer@78a30358[p=0,l=291,c=8192,r=291]={<<<GET /HelloServlet HTTP/1....nection: keep-alive\r\n\r\n>>>\n\r\ng, *; ...\x00\x00\x00\x00\x00\x00\x00}
[DEBUG] HttpConnection@3be4ecda::SocketChannelEndPoint@122254ce{l=/127.0.0.1:38858,r=/127.0.0.1:42942,OPEN,fill=-,flush=-,to=0/30000}{io=0/0,kio=0,kro=1}->HttpConnection@3be4ecda[p=HttpParser{s=START,0 of -1},g=HttpGenerator@af7230{s=START}]=>HttpChannelOverHttp@f268a5a{s=HttpChannelState@2e8f904b{s=IDLE rs=BLOCKING os=OPEN is=IDLE awp=false se=false i=true al=0},r=41,c=false/false,a=IDLE,uri=null,age=0} filled 291 HeapByteBuffer@78a30358[p=0,l=291,c=8192,r=291]={<<<GET /HelloServlet HTTP/1....nection: keep-alive\r\n\r\n>>>\n\r\ng, *; ...\x00\x00\x00\x00\x00\x00\x00}
[DEBUG] HttpConnection@3be4ecda::SocketChannelEndPoint@122254ce{l=/127.0.0.1:38858,r=/127.0.0.1:42942,OPEN,fill=-,flush=-,to=0/30000}{io=0/0,kio=0,kro=1}->HttpConnection@3be4ecda[p=HttpParser{s=START,0 of -1},g=HttpGenerator@af7230{s=START}]=>HttpChannelOverHttp@f268a5a{s=HttpChannelState@2e8f904b{s=IDLE rs=BLOCKING os=OPEN is=IDLE awp=false se=false i=true al=0},r=41,c=false/false,a=IDLE,uri=null,age=0} parse HeapByteBuffer@78a30358[p=0,l=291,c=8192,r=291]={<<<GET /HelloServlet HTTP/1....nection: keep-alive\r\n\r\n>>>\n\r\ng, *; ...\x00\x00\x00\x00\x00\x00\x00} {}
[DEBUG] parseNext s=START HeapByteBuffer@78a30358[p=0,l=291,c=8192,r=291]={<<<GET /HelloServlet HTTP/1....nection: keep-alive\r\n\r\n>>>\n\r\ng, *; ...\x00\x00\x00\x00\x00\x00\x00}
[DEBUG] START --> SPACE1
[DEBUG] SPACE1 --> URI
[DEBUG] URI --> SPACE2
[DEBUG] SPACE2 --> REQUEST_VERSION
[DEBUG] REQUEST_VERSION --> HEADER
[DEBUG] HEADER:Accept-Encoding: gzip --> IN_VALUE
[DEBUG] HEADER:Accept-Encoding: gzip --> FIELD
[DEBUG] HEADER:User-Agent: Mozilla/5.0 (Windows NT 10.0; Win64; x64) AppleWebKit/537.36 (KHTML, like Gecko) Chrome/79.0.3945.130 Safari/537.36 --> IN_VALUE
[DEBUG] HEADER:User-Agent: Mozilla/5.0 (Windows NT 10.0; Win64; x64) AppleWebKit/537.36 (KHTML, like Gecko) Chrome/79.0.3945.130 Safari/537.36 --> FIELD
[DEBUG] HEADER:Host: localhost:38858 --> IN_VALUE
[DEBUG] HEADER:Host: localhost:38858 --> FIELD
[DEBUG] HEADER:Accept: text/html, image/gif, image/jpeg, *; q=.2, */*; q=.2 --> IN_VALUE
[DEBUG] HEADER:Accept: text/html, image/gif, image/jpeg, *; q=.2, */*; q=.2 --> FIELD
[DEBUG] HEADER:Connection: keep-alive --> IN_VALUE
[DEBUG] HEADER:Connection: keep-alive --> FIELD
[DEBUG] HEADER --> CONTENT
[DEBUG] REQUEST for //localhost:38858/HelloServlet on HttpChannelOverHttp@f268a5a{s=HttpChannelState@2e8f904b{s=IDLE rs=BLOCKING os=OPEN is=IDLE awp=false se=false i=true al=0},r=42,c=false/false,a=IDLE,uri=//localhost:38858/HelloServlet,age=0}
GET //localhost:38858/HelloServlet HTTP/1.1
Accept-Encoding: gzip
User-Agent: Mozilla/5.0 (Windows NT 10.0; Win64; x64) AppleWebKit/537.36 (KHTML, like Gecko) Chrome/79.0.3945.130 Safari/537.36
Host: localhost:38858
Accept: text/html, image/gif, image/jpeg, *; q=.2, */*; q=.2
Connection: keep-alive


[DEBUG] HttpConnection@3be4ecda::SocketChannelEndPoint@122254ce{l=/127.0.0.1:38858,r=/127.0.0.1:42942,OPEN,fill=-,flush=-,to=5/30000}{io=0/0,kio=0,kro=1}->HttpConnection@3be4ecda[p=HttpParser{s=CONTENT,0 of -1},g=HttpGenerator@af7230{s=START}]=>HttpChannelOverHttp@f268a5a{s=HttpChannelState@2e8f904b{s=IDLE rs=BLOCKING os=OPEN is=IDLE awp=false se=false i=true al=0},r=42,c=false/false,a=IDLE,uri=//localhost:38858/HelloServlet,age=5} parsed true HttpParser{s=CONTENT,0 of -1}
[DEBUG] releaseRequestBuffer HttpConnection@3be4ecda::SocketChannelEndPoint@122254ce{l=/127.0.0.1:38858,r=/127.0.0.1:42942,OPEN,fill=-,flush=-,to=5/30000}{io=0/0,kio=0,kro=1}->HttpConnection@3be4ecda[p=HttpParser{s=CONTENT,0 of -1},g=HttpGenerator@af7230{s=START}]=>HttpChannelOverHttp@f268a5a{s=HttpChannelState@2e8f904b{s=IDLE rs=BLOCKING os=OPEN is=IDLE awp=false se=false i=true al=0},r=42,c=false/false,a=IDLE,uri=//localhost:38858/HelloServlet,age=5}
[DEBUG] handle //localhost:38858/HelloServlet HttpChannelOverHttp@f268a5a{s=HttpChannelState@2e8f904b{s=IDLE rs=BLOCKING os=OPEN is=IDLE awp=false se=false i=true al=0},r=42,c=false/false,a=IDLE,uri=//localhost:38858/HelloServlet,age=5} 
[DEBUG] handling HttpChannelState@2e8f904b{s=IDLE rs=BLOCKING os=OPEN is=IDLE awp=false se=false i=true al=0}
[DEBUG] action DISPATCH HttpChannelOverHttp@f268a5a{s=HttpChannelState@2e8f904b{s=HANDLING rs=BLOCKING os=OPEN is=IDLE awp=false se=false i=true al=0},r=42,c=false/false,a=HANDLING,uri=//localhost:38858/HelloServlet,age=5}
[DEBUG] REQUEST GET /HelloServlet on HttpChannelOverHttp@f268a5a{s=HttpChannelState@2e8f904b{s=HANDLING rs=BLOCKING os=OPEN is=IDLE awp=false se=false i=true al=0},r=42,c=false/false,a=HANDLING,uri=//localhost:38858/HelloServlet,age=5}
[DEBUG] servlet null|/HelloServlet|null -> org.jsoup.integration.servlets.HelloServlet-13a37e2a==org.jsoup.integration.servlets.HelloServlet@7bd0b19c{jsp=null,order=-1,inst=true,async=true,src=EMBEDDED:null,STARTED}
[DEBUG] chain=null
[DEBUG] write(array HeapByteBuffer@3f7ca69c[p=0,l=16,c=512,r=16]={<<<<p>Hello, World!>>>h><td>the...\x00\x00\x00\x00\x00\x00\x00})
[DEBUG] write(array) s=OPEN,api=BLOCKING,sc=false,e=null aggregated !flush DirectByteBuffer@1492b79c[p=0,l=16,c=32768,r=16]={<<<<p>Hello, World!>>>UBLIC "-/...gue. Pr}
[DEBUG] handled=true async=false committed=false on HttpChannelOverHttp@f268a5a{s=HttpChannelState@2e8f904b{s=HANDLING rs=BLOCKING os=OPEN is=IDLE awp=false se=false i=true al=0},r=42,c=false/false,a=HANDLING,uri=//localhost:38858/HelloServlet,age=5}
[DEBUG] unhandle HttpChannelState@2e8f904b{s=HANDLING rs=BLOCKING os=OPEN is=IDLE awp=false se=false i=true al=0}
[DEBUG] nextAction(false) COMPLETE HttpChannelState@2e8f904b{s=HANDLING rs=COMPLETING os=OPEN is=IDLE awp=false se=false i=false al=0}
[DEBUG] action COMPLETE HttpChannelOverHttp@f268a5a{s=HttpChannelState@2e8f904b{s=HANDLING rs=COMPLETING os=OPEN is=IDLE awp=false se=false i=false al=0},r=42,c=false/false,a=HANDLING,uri=//localhost:38858/HelloServlet,age=5}
[DEBUG] filled 0 HeapByteBuffer@41e05b38[p=0,l=0,c=8192,r=0]={<<<>>>GET /File...\x00\x00\x00\x00\x00\x00\x00}
[DEBUG] filled 0 HeapByteBuffer@41e05b38[p=0,l=0,c=8192,r=0]={<<<>>>GET /File...\x00\x00\x00\x00\x00\x00\x00}
[DEBUG] HttpConnection@3be4ecda::SocketChannelEndPoint@122254ce{l=/127.0.0.1:38858,r=/127.0.0.1:42942,OPEN,fill=-,flush=-,to=5/30000}{io=0/0,kio=0,kro=1}->HttpConnection@3be4ecda[p=HttpParser{s=CONTENT,0 of -1},g=HttpGenerator@af7230{s=START}]=>HttpChannelOverHttp@f268a5a{s=HttpChannelState@2e8f904b{s=HANDLING rs=COMPLETING os=OPEN is=IDLE awp=false se=false i=false al=0},r=42,c=false/false,a=HANDLING,uri=//localhost:38858/HelloServlet,age=5} filled 0 HeapByteBuffer@41e05b38[p=0,l=0,c=8192,r=0]={<<<>>>GET /File...\x00\x00\x00\x00\x00\x00\x00}
[DEBUG] HttpConnection@3be4ecda::SocketChannelEndPoint@122254ce{l=/127.0.0.1:38858,r=/127.0.0.1:42942,OPEN,fill=-,flush=-,to=6/30000}{io=0/0,kio=0,kro=1}->HttpConnection@3be4ecda[p=HttpParser{s=CONTENT,0 of -1},g=HttpGenerator@af7230{s=START}]=>HttpChannelOverHttp@f268a5a{s=HttpChannelState@2e8f904b{s=HANDLING rs=COMPLETING os=OPEN is=IDLE awp=false se=false i=false al=0},r=42,c=false/false,a=HANDLING,uri=//localhost:38858/HelloServlet,age=5} parse HeapByteBuffer@41e05b38[p=0,l=0,c=8192,r=0]={<<<>>>GET /File...\x00\x00\x00\x00\x00\x00\x00} {}
[DEBUG] parseNext s=CONTENT HeapByteBuffer@41e05b38[p=0,l=0,c=8192,r=0]={<<<>>>GET /File...\x00\x00\x00\x00\x00\x00\x00}
[DEBUG] CONTENT --> CONTENT_END
[DEBUG] onContentComplete HttpChannelOverHttp@f268a5a{s=HttpChannelState@2e8f904b{s=HANDLING rs=COMPLETING os=OPEN is=IDLE awp=false se=false i=false al=0},r=42,c=false/false,a=HANDLING,uri=//localhost:38858/HelloServlet,age=5}
[DEBUG] CONTENT_END --> END
[DEBUG] onRequestComplete HttpChannelOverHttp@f268a5a{s=HttpChannelState@2e8f904b{s=HANDLING rs=COMPLETING os=OPEN is=IDLE awp=false se=false i=false al=0},r=42,c=false/false,a=HANDLING,uri=//localhost:38858/HelloServlet,age=6}
[DEBUG] HttpInputOverHTTP@5e34fa8b[c=0,q=0,[0]=null,s=STREAM] addContent EOF
[DEBUG] HttpConnection@3be4ecda::SocketChannelEndPoint@122254ce{l=/127.0.0.1:38858,r=/127.0.0.1:42942,OPEN,fill=-,flush=-,to=6/30000}{io=0/0,kio=0,kro=1}->HttpConnection@3be4ecda[p=HttpParser{s=END,0 of -1},g=HttpGenerator@af7230{s=START}]=>HttpChannelOverHttp@f268a5a{s=HttpChannelState@2e8f904b{s=HANDLING rs=COMPLETING os=OPEN is=IDLE awp=false se=false i=false al=0},r=42,c=false/false,a=HANDLING,uri=//localhost:38858/HelloServlet,age=6} parsed false HttpParser{s=END,0 of -1}
[DEBUG] releaseRequestBuffer HttpConnection@3be4ecda::SocketChannelEndPoint@122254ce{l=/127.0.0.1:38858,r=/127.0.0.1:42942,OPEN,fill=-,flush=-,to=7/30000}{io=0/0,kio=0,kro=1}->HttpConnection@3be4ecda[p=HttpParser{s=END,0 of -1},g=HttpGenerator@af7230{s=START}]=>HttpChannelOverHttp@f268a5a{s=HttpChannelState@2e8f904b{s=HANDLING rs=COMPLETING os=OPEN is=IDLE awp=false se=false i=false al=0},r=42,c=false/false,a=HANDLING,uri=//localhost:38858/HelloServlet,age=6}
[DEBUG] complete(org.eclipse.jetty.util.Callback$3@24e6dee) s=CLOSING,api=BLOCKED,sc=false,e=null s=false e=null, c=DirectByteBuffer@1492b79c[p=0,l=16,c=32768,r=16]={<<<<p>Hello, World!>>>UBLIC "-/...gue. Pr}
[DEBUG] sendResponse info=null content=DirectByteBuffer@1492b79c[p=0,l=16,c=32768,r=16]={<<<<p>Hello, World!>>>UBLIC "-/...gue. Pr} complete=true committing=true callback=org.eclipse.jetty.server.HttpOutput$WriteCompleteCB@afeadb3
[DEBUG] COMMIT for /HelloServlet on HttpChannelOverHttp@f268a5a{s=HttpChannelState@2e8f904b{s=HANDLING rs=COMPLETING os=COMMITTED is=IDLE awp=false se=false i=false al=0},r=42,c=false/false,a=HANDLING,uri=//localhost:38858/HelloServlet,age=7}
200 null HTTP/1.1
Date: Mon, 20 Sep 2021 19:30:13 GMT
Content-Type: text/html;charset=utf-8


[DEBUG] generate: NEED_HEADER for SendCallback@2c1836a[PROCESSING][i=HTTP/1.1{s=200,h=2,cl=-1},cb=org.eclipse.jetty.server.HttpChannel$SendCallback@1cc07410] (null,[p=0,l=16,c=32768,r=16],true)@START
[DEBUG] generateHeaders HTTP/1.1{s=200,h=2,cl=-1} last=true content=DirectByteBuffer@1492b79c[p=0,l=16,c=32768,r=16]={<<<<p>Hello, World!>>>UBLIC "-/...gue. Pr}
[DEBUG] Date: Mon, 20 Sep 2021 19:30:13 GMT
Content-Type: text/html;charset=utf-8


[DEBUG] CONTENT_LENGTH
[DEBUG] generate: FLUSH for SendCallback@2c1836a[PROCESSING][i=HTTP/1.1{s=200,h=2,cl=-1},cb=org.eclipse.jetty.server.HttpChannel$SendCallback@1cc07410] ([p=0,l=148,c=8192,r=148],[p=0,l=16,c=32768,r=16],true)@COMPLETING
[DEBUG] write: WriteFlusher@653abf25{IDLE}->null [HeapByteBuffer@22b9b50d[p=0,l=148,c=8192,r=148]={<<<HTTP/1.1 200 OK\r\nDate: Mo...y(9.4.43.v20210629)\r\n\r\n>>>9)\r\n\r\n2D\r...\x86&h\xA0{\xC1\xC2},DirectByteBuffer@1492b79c[p=0,l=16,c=32768,r=16]={<<<<p>Hello, World!>>>UBLIC "-/...gue. Pr}]
[DEBUG] update WriteFlusher@653abf25{WRITING}->null:IDLE-->WRITING
]]></system-out>
  </testcase>
  <testcase name="ignoresExceptionIfSoConfigured" classname="org.jsoup.integration.ConnectTest" time="0.005">
    <system-out><![CDATA[[DEBUG] flushed 164 SocketChannelEndPoint@122254ce{l=/127.0.0.1:38858,r=/127.0.0.1:42942,OPEN,fill=-,flush=W,to=9/30000}{io=0/0,kio=0,kro=1}->HttpConnection@3be4ecda[p=HttpParser{s=END,0 of -1},g=HttpGenerator@af7230{s=COMPLETING}]=>HttpChannelOverHttp@f268a5a{s=HttpChannelState@2e8f904b{s=HANDLING rs=COMPLETING os=COMMITTED is=IDLE awp=false se=false i=false al=0},r=42,c=false/false,a=HANDLING,uri=//localhost:38858/HelloServlet,age=9}
[DEBUG] Flushed=true written=164 remaining=0 WriteFlusher@653abf25{WRITING}->null
[DEBUG] update WriteFlusher@653abf25{IDLE}->null:WRITING-->IDLE
[DEBUG] generate: DONE for SendCallback@2c1836a[PROCESSING][i=HTTP/1.1{s=200,h=2,cl=-1},cb=org.eclipse.jetty.server.HttpChannel$SendCallback@1cc07410] ([p=148,l=148,c=8192,r=0],[p=16,l=16,c=32768,r=0],true)@END
[DEBUG] onWriteComplete(true,null) s=CLOSING,api=BLOCKED,sc=false,e=null->s=CLOSED,api=BLOCKING,sc=false,e=null c=null cb=org.eclipse.jetty.util.Callback$3@24e6dee w=false
[DEBUG] completed HttpChannelState@2e8f904b{s=HANDLING rs=COMPLETING os=COMPLETED is=IDLE awp=false se=false i=false al=0}
[DEBUG] unhandle HttpChannelState@2e8f904b{s=HANDLING rs=COMPLETED os=COMPLETED is=IDLE awp=false se=false i=false al=0}
[DEBUG] nextAction(false) TERMINATED HttpChannelState@2e8f904b{s=IDLE rs=COMPLETED os=COMPLETED is=IDLE awp=false se=false i=false al=0}
[DEBUG] action TERMINATED HttpChannelOverHttp@f268a5a{s=HttpChannelState@2e8f904b{s=IDLE rs=COMPLETED os=COMPLETED is=IDLE awp=false se=false i=false al=0},r=42,c=true/true,a=IDLE,uri=//localhost:38858/HelloServlet,age=9}
[DEBUG] onCompleted for /HelloServlet written=16
[DEBUG] recycle HttpChannelState@2e8f904b{s=IDLE rs=COMPLETED os=COMPLETED is=IDLE awp=false se=false i=false al=0}
[DEBUG] reset HttpParser{s=END,0 of -1}
[DEBUG] END --> START
[DEBUG] !handle TERMINATED HttpChannelOverHttp@f268a5a{s=HttpChannelState@2e8f904b{s=IDLE rs=BLOCKING os=OPEN is=IDLE awp=false se=false i=true al=0},r=42,c=false/false,a=IDLE,uri=null,age=0}
[DEBUG] filled 301 HeapByteBuffer@78a30358[p=0,l=301,c=8192,r=301]={<<<GET /EchoServlet HTTP/1.1...nection: keep-alive\r\n\r\n>>>=.2, */*;...\x00\x00\x00\x00\x00\x00\x00}
[DEBUG] HttpConnection@3be4ecda::SocketChannelEndPoint@122254ce{l=/127.0.0.1:38858,r=/127.0.0.1:42942,OPEN,fill=-,flush=-,to=0/30000}{io=0/0,kio=0,kro=1}->HttpConnection@3be4ecda[p=HttpParser{s=START,0 of -1},g=HttpGenerator@af7230{s=START}]=>HttpChannelOverHttp@f268a5a{s=HttpChannelState@2e8f904b{s=IDLE rs=BLOCKING os=OPEN is=IDLE awp=false se=false i=true al=0},r=42,c=false/false,a=IDLE,uri=null,age=0} filled 301 HeapByteBuffer@78a30358[p=0,l=301,c=8192,r=301]={<<<GET /EchoServlet HTTP/1.1...nection: keep-alive\r\n\r\n>>>=.2, */*;...\x00\x00\x00\x00\x00\x00\x00}
[DEBUG] HttpConnection@3be4ecda::SocketChannelEndPoint@122254ce{l=/127.0.0.1:38858,r=/127.0.0.1:42942,OPEN,fill=-,flush=-,to=0/30000}{io=0/0,kio=0,kro=1}->HttpConnection@3be4ecda[p=HttpParser{s=START,0 of -1},g=HttpGenerator@af7230{s=START}]=>HttpChannelOverHttp@f268a5a{s=HttpChannelState@2e8f904b{s=IDLE rs=BLOCKING os=OPEN is=IDLE awp=false se=false i=true al=0},r=42,c=false/false,a=IDLE,uri=null,age=0} parse HeapByteBuffer@78a30358[p=0,l=301,c=8192,r=301]={<<<GET /EchoServlet HTTP/1.1...nection: keep-alive\r\n\r\n>>>=.2, */*;...\x00\x00\x00\x00\x00\x00\x00} {}
[DEBUG] parseNext s=START HeapByteBuffer@78a30358[p=0,l=301,c=8192,r=301]={<<<GET /EchoServlet HTTP/1.1...nection: keep-alive\r\n\r\n>>>=.2, */*;...\x00\x00\x00\x00\x00\x00\x00}
[DEBUG] START --> SPACE1
[DEBUG] SPACE1 --> URI
[DEBUG] URI --> SPACE2
[DEBUG] SPACE2 --> REQUEST_VERSION
[DEBUG] REQUEST_VERSION --> HEADER
[DEBUG] HEADER:Accept-Encoding: gzip --> IN_VALUE
[DEBUG] HEADER:Accept-Encoding: gzip --> FIELD
[DEBUG] HEADER:User-Agent: Mozilla/5.0 (Windows NT 10.0; Win64; x64) AppleWebKit/537.36 (KHTML, like Gecko) Chrome/79.0.3945.130 Safari/537.36 --> IN_VALUE
[DEBUG] HEADER:User-Agent: Mozilla/5.0 (Windows NT 10.0; Win64; x64) AppleWebKit/537.36 (KHTML, like Gecko) Chrome/79.0.3945.130 Safari/537.36 --> FIELD
[DEBUG] HEADER: --> IN_NAME
[DEBUG] HEADER:code --> VALUE
[DEBUG] HEADER:code --> IN_VALUE
[DEBUG] HEADER:code --> FIELD
[DEBUG] HEADER:Host: localhost:38858 --> IN_VALUE
[DEBUG] HEADER:Host: localhost:38858 --> FIELD
[DEBUG] HEADER:Accept: text/html, image/gif, image/jpeg, *; q=.2, */*; q=.2 --> IN_VALUE
[DEBUG] HEADER:Accept: text/html, image/gif, image/jpeg, *; q=.2, */*; q=.2 --> FIELD
[DEBUG] HEADER:Connection: keep-alive --> IN_VALUE
[DEBUG] HEADER:Connection: keep-alive --> FIELD
[DEBUG] HEADER --> CONTENT
[DEBUG] REQUEST for //localhost:38858/EchoServlet on HttpChannelOverHttp@f268a5a{s=HttpChannelState@2e8f904b{s=IDLE rs=BLOCKING os=OPEN is=IDLE awp=false se=false i=true al=0},r=43,c=false/false,a=IDLE,uri=//localhost:38858/EchoServlet,age=0}
GET //localhost:38858/EchoServlet HTTP/1.1
Accept-Encoding: gzip
User-Agent: Mozilla/5.0 (Windows NT 10.0; Win64; x64) AppleWebKit/537.36 (KHTML, like Gecko) Chrome/79.0.3945.130 Safari/537.36
code: 404
Host: localhost:38858
Accept: text/html, image/gif, image/jpeg, *; q=.2, */*; q=.2
Connection: keep-alive


[DEBUG] HttpConnection@3be4ecda::SocketChannelEndPoint@122254ce{l=/127.0.0.1:38858,r=/127.0.0.1:42942,OPEN,fill=-,flush=-,to=0/30000}{io=0/0,kio=0,kro=1}->HttpConnection@3be4ecda[p=HttpParser{s=CONTENT,0 of -1},g=HttpGenerator@af7230{s=START}]=>HttpChannelOverHttp@f268a5a{s=HttpChannelState@2e8f904b{s=IDLE rs=BLOCKING os=OPEN is=IDLE awp=false se=false i=true al=0},r=43,c=false/false,a=IDLE,uri=//localhost:38858/EchoServlet,age=0} parsed true HttpParser{s=CONTENT,0 of -1}
[DEBUG] releaseRequestBuffer HttpConnection@3be4ecda::SocketChannelEndPoint@122254ce{l=/127.0.0.1:38858,r=/127.0.0.1:42942,OPEN,fill=-,flush=-,to=0/30000}{io=0/0,kio=0,kro=1}->HttpConnection@3be4ecda[p=HttpParser{s=CONTENT,0 of -1},g=HttpGenerator@af7230{s=START}]=>HttpChannelOverHttp@f268a5a{s=HttpChannelState@2e8f904b{s=IDLE rs=BLOCKING os=OPEN is=IDLE awp=false se=false i=true al=0},r=43,c=false/false,a=IDLE,uri=//localhost:38858/EchoServlet,age=0}
[DEBUG] handle //localhost:38858/EchoServlet HttpChannelOverHttp@f268a5a{s=HttpChannelState@2e8f904b{s=IDLE rs=BLOCKING os=OPEN is=IDLE awp=false se=false i=true al=0},r=43,c=false/false,a=IDLE,uri=//localhost:38858/EchoServlet,age=0} 
[DEBUG] handling HttpChannelState@2e8f904b{s=IDLE rs=BLOCKING os=OPEN is=IDLE awp=false se=false i=true al=0}
[DEBUG] action DISPATCH HttpChannelOverHttp@f268a5a{s=HttpChannelState@2e8f904b{s=HANDLING rs=BLOCKING os=OPEN is=IDLE awp=false se=false i=true al=0},r=43,c=false/false,a=HANDLING,uri=//localhost:38858/EchoServlet,age=0}
[DEBUG] REQUEST GET /EchoServlet on HttpChannelOverHttp@f268a5a{s=HttpChannelState@2e8f904b{s=HANDLING rs=BLOCKING os=OPEN is=IDLE awp=false se=false i=true al=0},r=43,c=false/false,a=HANDLING,uri=//localhost:38858/EchoServlet,age=0}
[DEBUG] servlet null|/EchoServlet|null -> org.jsoup.integration.servlets.EchoServlet-422c3c7a==org.jsoup.integration.servlets.EchoServlet@66e2fba5{jsp=null,order=-1,inst=true,async=true,src=EMBEDDED:null,STARTED}
[DEBUG] chain=null
[DEBUG] write(array HeapByteBuffer@46d26952[p=0,l=235,c=512,r=235]={<<<<title>Webserver Environm...\n    <table border="0">>>>\x00\x00\x00\x00\x00\x00\x00\x00\x00...\x00\x00\x00\x00\x00\x00\x00})
[DEBUG] write(array) s=OPEN,api=BLOCKING,sc=false,e=null aggregated !flush DirectByteBuffer@1667663f[p=0,l=235,c=32768,r=235]={<<<<title>Webserver Environm...\n    <table border="0">>>><tr><th>M...gue. Pr}
[DEBUG] write(array HeapByteBuffer@37824d7b[p=0,l=36,c=512,r=36]={<<<<tr><th>Method</th><td>GET</td></tr>>>>es</title...\x00\x00\x00\x00\x00\x00\x00})
[DEBUG] write(array) s=OPEN,api=BLOCKING,sc=false,e=null aggregated !flush DirectByteBuffer@1667663f[p=0,l=271,c=32768,r=271]={<<<<title>Webserver Environm...d</th><td>GET</td></tr>>>>>\n<tr><th...gue. Pr}
[DEBUG] write(array HeapByteBuffer@486efd0d[p=0,l=1,c=512,r=1]={<<<\n>>>tr><th>Me...\x00\x00\x00\x00\x00\x00\x00})
[DEBUG] write(array) s=OPEN,api=BLOCKING,sc=false,e=null aggregated !flush DirectByteBuffer@1667663f[p=0,l=272,c=32768,r=272]={<<<<title>Webserver Environm...</th><td>GET</td></tr>\n>>>\n<tr><th>...gue. Pr}
[DEBUG] write(array HeapByteBuffer@579170e4[p=0,l=50,c=512,r=50]={<<<<tr><th>Request URI</th><...>/EchoServlet</td></tr>>>> <style t...\x00\x00\x00\x00\x00\x00\x00})
[DEBUG] write(array) s=OPEN,api=BLOCKING,sc=false,e=null aggregated !flush DirectByteBuffer@1667663f[p=0,l=322,c=32768,r=322]={<<<<title>Webserver Environm...>/EchoServlet</td></tr>>>>>\n<tr><th...gue. Pr}
[DEBUG] write(array HeapByteBuffer@25c1bbd[p=0,l=1,c=512,r=1]={<<<\n>>>tr><th>Re...\x00\x00\x00\x00\x00\x00\x00})
[DEBUG] write(array) s=OPEN,api=BLOCKING,sc=false,e=null aggregated !flush DirectByteBuffer@1667663f[p=0,l=323,c=32768,r=323]={<<<<title>Webserver Environm.../EchoServlet</td></tr>\n>>>\n<tr><th>...gue. Pr}
[DEBUG] write(array HeapByteBuffer@27106718[p=0,l=39,c=512,r=39]={<<<<tr><th>Query String</th><td></td></tr>>>>t</td></t...\x00\x00\x00\x00\x00\x00\x00})
[DEBUG] write(array) s=OPEN,api=BLOCKING,sc=false,e=null aggregated !flush DirectByteBuffer@1667663f[p=0,l=362,c=32768,r=362]={<<<<title>Webserver Environm...ring</th><td></td></tr>>>>>\n<tr><th...gue. Pr}
[DEBUG] write(array HeapByteBuffer@18296062[p=0,l=1,c=512,r=1]={<<<\n>>>tr><th>Qu...\x00\x00\x00\x00\x00\x00\x00})
[DEBUG] write(array) s=OPEN,api=BLOCKING,sc=false,e=null aggregated !flush DirectByteBuffer@1667663f[p=0,l=363,c=32768,r=363]={<<<<title>Webserver Environm...ing</th><td></td></tr>\n>>>\n<tr><th>...gue. Pr}
[DEBUG] write(array HeapByteBuffer@44e325d3[p=0,l=34,c=512,r=34]={<<<<tr><th>code</th><td>404</td></tr>>>></tr>t</t...\x00\x00\x00\x00\x00\x00\x00})
[DEBUG] write(array) s=OPEN,api=BLOCKING,sc=false,e=null aggregated !flush DirectByteBuffer@1667663f[p=0,l=397,c=32768,r=397]={<<<<title>Webserver Environm...e</th><td>404</td></tr>>>> image/gi...gue. Pr}
[DEBUG] write(array HeapByteBuffer@26804f01[p=0,l=1,c=512,r=1]={<<<\n>>>tr><th>co...\x00\x00\x00\x00\x00\x00\x00})
[DEBUG] write(array) s=OPEN,api=BLOCKING,sc=false,e=null aggregated !flush DirectByteBuffer@1667663f[p=0,l=398,c=32768,r=398]={<<<<title>Webserver Environm...</th><td>404</td></tr>\n>>>image/gif...gue. Pr}
[DEBUG] write(array HeapByteBuffer@28cc46e[p=0,l=85,c=512,r=85]={<<<<tr><th>Accept</th><td>te....2, */*; q=.2</td></tr>>>>, td, th ...\x00\x00\x00\x00\x00\x00\x00})
[DEBUG] write(array) s=OPEN,api=BLOCKING,sc=false,e=null aggregated !flush DirectByteBuffer@1667663f[p=0,l=483,c=32768,r=483]={<<<<title>Webserver Environm....2, */*; q=.2</td></tr>>>>a/5.0 (Ma...gue. Pr}
[DEBUG] write(array HeapByteBuffer@51f59e2d[p=0,l=1,c=512,r=1]={<<<\n>>>tr><th>Ac...\x00\x00\x00\x00\x00\x00\x00})
[DEBUG] write(array) s=OPEN,api=BLOCKING,sc=false,e=null aggregated !flush DirectByteBuffer@1667663f[p=0,l=484,c=32768,r=484]={<<<<title>Webserver Environm...2, */*; q=.2</td></tr>\n>>>/5.0 (Mac...gue. Pr}
[DEBUG] write(array HeapByteBuffer@ce5e47d[p=0,l=152,c=512,r=152]={<<<<tr><th>User-Agent</th><t...Safari/537.36</td></tr>>>>      th ...\x00\x00\x00\x00\x00\x00\x00})
[DEBUG] write(array) s=OPEN,api=BLOCKING,sc=false,e=null aggregated !flush DirectByteBuffer@1667663f[p=0,l=636,c=32768,r=636]={<<<<title>Webserver Environm...Safari/537.36</td></tr>>>>keep-aliv...gue. Pr}
[DEBUG] write(array HeapByteBuffer@28394aa7[p=0,l=1,c=512,r=1]={<<<\n>>>tr><th>Us...\x00\x00\x00\x00\x00\x00\x00})
[DEBUG] write(array) s=OPEN,api=BLOCKING,sc=false,e=null aggregated !flush DirectByteBuffer@1667663f[p=0,l=637,c=32768,r=637]={<<<<title>Webserver Environm...afari/537.36</td></tr>\n>>>eep-alive...gue. Pr}
[DEBUG] write(array HeapByteBuffer@4cf2447a[p=0,l=47,c=512,r=47]={<<<<tr><th>Connection</th><td>keep-alive</td></tr>>>> NT 10.0;...\x00\x00\x00\x00\x00\x00\x00})
[DEBUG] write(array) s=OPEN,api=BLOCKING,sc=false,e=null aggregated !flush DirectByteBuffer@1667663f[p=0,l=684,c=32768,r=684]={<<<<title>Webserver Environm...td>keep-alive</td></tr>>>>ost:38858...gue. Pr}
[DEBUG] write(array HeapByteBuffer@310baf3f[p=0,l=1,c=512,r=1]={<<<\n>>>tr><th>Co...\x00\x00\x00\x00\x00\x00\x00})
[DEBUG] write(array) s=OPEN,api=BLOCKING,sc=false,e=null aggregated !flush DirectByteBuffer@1667663f[p=0,l=685,c=32768,r=685]={<<<<title>Webserver Environm...d>keep-alive</td></tr>\n>>>st:38858<...gue. Pr}
[DEBUG] write(array HeapByteBuffer@126e636f[p=0,l=46,c=512,r=46]={<<<<tr><th>Host</th><td>localhost:38858</td></tr>>>>> NT 10.0...\x00\x00\x00\x00\x00\x00\x00})
[DEBUG] write(array) s=OPEN,api=BLOCKING,sc=false,e=null aggregated !flush DirectByteBuffer@1667663f[p=0,l=731,c=32768,r=731]={<<<<title>Webserver Environm...calhost:38858</td></tr>>>>><td>gzip...gue. Pr}
[DEBUG] write(array HeapByteBuffer@70606ff7[p=0,l=1,c=512,r=1]={<<<\n>>>tr><th>Ho...\x00\x00\x00\x00\x00\x00\x00})
[DEBUG] write(array) s=OPEN,api=BLOCKING,sc=false,e=null aggregated !flush DirectByteBuffer@1667663f[p=0,l=732,c=32768,r=732]={<<<<title>Webserver Environm...alhost:38858</td></tr>\n>>><td>gzip<...gue. Pr}
[DEBUG] write(array HeapByteBuffer@2eef3415[p=0,l=46,c=512,r=46]={<<<<tr><th>Accept-Encoding</th><td>gzip</td></tr>>>>> NT 10.0...\x00\x00\x00\x00\x00\x00\x00})
[DEBUG] write(array) s=OPEN,api=BLOCKING,sc=false,e=null aggregated !flush DirectByteBuffer@1667663f[p=0,l=778,c=32768,r=778]={<<<<title>Webserver Environm...</th><td>gzip</td></tr>>>><td>11</t...gue. Pr}
[DEBUG] write(array HeapByteBuffer@42f104a0[p=0,l=1,c=512,r=1]={<<<\n>>>tr><th>Ac...\x00\x00\x00\x00\x00\x00\x00})
[DEBUG] write(array) s=OPEN,api=BLOCKING,sc=false,e=null aggregated !flush DirectByteBuffer@1667663f[p=0,l=779,c=32768,r=779]={<<<<title>Webserver Environm.../th><td>gzip</td></tr>\n>>>td>11</td...gue. Pr}
[DEBUG] filled 0 HeapByteBuffer@41e05b38[p=0,l=0,c=8192,r=0]={<<<>>>GET /File...\x00\x00\x00\x00\x00\x00\x00}
[DEBUG] filled 0 HeapByteBuffer@41e05b38[p=0,l=0,c=8192,r=0]={<<<>>>GET /File...\x00\x00\x00\x00\x00\x00\x00}
[DEBUG] HttpConnection@3be4ecda::SocketChannelEndPoint@122254ce{l=/127.0.0.1:38858,r=/127.0.0.1:42942,OPEN,fill=-,flush=-,to=1/30000}{io=0/0,kio=0,kro=1}->HttpConnection@3be4ecda[p=HttpParser{s=CONTENT,0 of -1},g=HttpGenerator@af7230{s=START}]=>HttpChannelOverHttp@f268a5a{s=HttpChannelState@2e8f904b{s=HANDLING rs=BLOCKING os=OPEN is=IDLE awp=false se=false i=true al=0},r=43,c=false/false,a=HANDLING,uri=//localhost:38858/EchoServlet,age=1} filled 0 HeapByteBuffer@41e05b38[p=0,l=0,c=8192,r=0]={<<<>>>GET /File...\x00\x00\x00\x00\x00\x00\x00}
[DEBUG] HttpConnection@3be4ecda::SocketChannelEndPoint@122254ce{l=/127.0.0.1:38858,r=/127.0.0.1:42942,OPEN,fill=-,flush=-,to=1/30000}{io=0/0,kio=0,kro=1}->HttpConnection@3be4ecda[p=HttpParser{s=CONTENT,0 of -1},g=HttpGenerator@af7230{s=START}]=>HttpChannelOverHttp@f268a5a{s=HttpChannelState@2e8f904b{s=HANDLING rs=BLOCKING os=OPEN is=IDLE awp=false se=false i=true al=0},r=43,c=false/false,a=HANDLING,uri=//localhost:38858/EchoServlet,age=1} parse HeapByteBuffer@41e05b38[p=0,l=0,c=8192,r=0]={<<<>>>GET /File...\x00\x00\x00\x00\x00\x00\x00} {}
[DEBUG] parseNext s=CONTENT HeapByteBuffer@41e05b38[p=0,l=0,c=8192,r=0]={<<<>>>GET /File...\x00\x00\x00\x00\x00\x00\x00}
[DEBUG] CONTENT --> CONTENT_END
[DEBUG] onContentComplete HttpChannelOverHttp@f268a5a{s=HttpChannelState@2e8f904b{s=HANDLING rs=BLOCKING os=OPEN is=IDLE awp=false se=false i=true al=0},r=43,c=false/false,a=HANDLING,uri=//localhost:38858/EchoServlet,age=1}
[DEBUG] CONTENT_END --> END
[DEBUG] onRequestComplete HttpChannelOverHttp@f268a5a{s=HttpChannelState@2e8f904b{s=HANDLING rs=BLOCKING os=OPEN is=IDLE awp=false se=false i=true al=0},r=43,c=false/false,a=HANDLING,uri=//localhost:38858/EchoServlet,age=1}
[DEBUG] HttpInputOverHTTP@5e34fa8b[c=0,q=0,[0]=null,s=STREAM] addContent EOF
[DEBUG] HttpConnection@3be4ecda::SocketChannelEndPoint@122254ce{l=/127.0.0.1:38858,r=/127.0.0.1:42942,OPEN,fill=-,flush=-,to=1/30000}{io=0/0,kio=0,kro=1}->HttpConnection@3be4ecda[p=HttpParser{s=END,0 of -1},g=HttpGenerator@af7230{s=START}]=>HttpChannelOverHttp@f268a5a{s=HttpChannelState@2e8f904b{s=HANDLING rs=BLOCKING os=OPEN is=IDLE awp=false se=false i=true al=0},r=43,c=false/false,a=HANDLING,uri=//localhost:38858/EchoServlet,age=2} parsed false HttpParser{s=END,0 of -1}
[DEBUG] releaseRequestBuffer HttpConnection@3be4ecda::SocketChannelEndPoint@122254ce{l=/127.0.0.1:38858,r=/127.0.0.1:42942,OPEN,fill=-,flush=-,to=2/30000}{io=0/0,kio=0,kro=1}->HttpConnection@3be4ecda[p=HttpParser{s=END,0 of -1},g=HttpGenerator@af7230{s=START}]=>HttpChannelOverHttp@f268a5a{s=HttpChannelState@2e8f904b{s=HANDLING rs=BLOCKING os=OPEN is=IDLE awp=false se=false i=true al=0},r=43,c=false/false,a=HANDLING,uri=//localhost:38858/EchoServlet,age=2}
[DEBUG] onEof HttpChannelState@2e8f904b{s=HANDLING rs=BLOCKING os=OPEN is=IDLE awp=false se=false i=true al=0}
[DEBUG] write(array HeapByteBuffer@2365728a[p=0,l=8,c=512,r=8]={<<<</table>>>>Accept-En...\x00\x00\x00\x00\x00\x00\x00})
[DEBUG] write(array) s=OPEN,api=BLOCKING,sc=false,e=null aggregated !flush DirectByteBuffer@1667663f[p=0,l=787,c=32768,r=787]={<<<<title>Webserver Environm...gzip</td></tr>\n</table>>>>d></tr>\n<...gue. Pr}
[DEBUG] write(array HeapByteBuffer@5089bec6[p=0,l=1,c=512,r=1]={<<<\n>>>/table>Ac...\x00\x00\x00\x00\x00\x00\x00})
[DEBUG] write(array) s=OPEN,api=BLOCKING,sc=false,e=null aggregated !flush DirectByteBuffer@1667663f[p=0,l=788,c=32768,r=788]={<<<<title>Webserver Environm...zip</td></tr>\n</table>\n>>>></tr>\n<t...gue. Pr}
[DEBUG] handled=true async=false committed=false on HttpChannelOverHttp@f268a5a{s=HttpChannelState@2e8f904b{s=HANDLING rs=BLOCKING os=OPEN is=READY awp=false se=false i=true al=0},r=43,c=false/false,a=HANDLING,uri=//localhost:38858/EchoServlet,age=2}
[DEBUG] unhandle HttpChannelState@2e8f904b{s=HANDLING rs=BLOCKING os=OPEN is=READY awp=false se=false i=true al=0}
[DEBUG] nextAction(false) COMPLETE HttpChannelState@2e8f904b{s=HANDLING rs=COMPLETING os=OPEN is=READY awp=false se=false i=false al=0}
[DEBUG] action COMPLETE HttpChannelOverHttp@f268a5a{s=HttpChannelState@2e8f904b{s=HANDLING rs=COMPLETING os=OPEN is=READY awp=false se=false i=false al=0},r=43,c=false/false,a=HANDLING,uri=//localhost:38858/EchoServlet,age=2}
[DEBUG] complete(org.eclipse.jetty.util.Callback$3@711775e) s=CLOSING,api=BLOCKED,sc=false,e=null s=false e=null, c=DirectByteBuffer@1667663f[p=0,l=788,c=32768,r=788]={<<<<title>Webserver Environm...zip</td></tr>\n</table>\n>>>></tr>\n<t...gue. Pr}
[DEBUG] sendResponse info=null content=DirectByteBuffer@1667663f[p=0,l=788,c=32768,r=788]={<<<<title>Webserver Environm...zip</td></tr>\n</table>\n>>>></tr>\n<t...gue. Pr} complete=true committing=true callback=org.eclipse.jetty.server.HttpOutput$WriteCompleteCB@4d8fa718
[DEBUG] COMMIT for /EchoServlet on HttpChannelOverHttp@f268a5a{s=HttpChannelState@2e8f904b{s=HANDLING rs=COMPLETING os=COMMITTED is=READY awp=false se=false i=false al=0},r=43,c=false/false,a=HANDLING,uri=//localhost:38858/EchoServlet,age=2}
404 null HTTP/1.1
Date: Mon, 20 Sep 2021 19:30:13 GMT
Content-Type: text/html;charset=utf-8
Cache-Control: no-cache
Cache-Control: no-store


[DEBUG] generate: NEED_HEADER for SendCallback@2c1836a[PROCESSING][i=HTTP/1.1{s=404,h=4,cl=-1},cb=org.eclipse.jetty.server.HttpChannel$SendCallback@45767d01] (null,[p=0,l=788,c=32768,r=788],true)@START
[DEBUG] generateHeaders HTTP/1.1{s=404,h=4,cl=-1} last=true content=DirectByteBuffer@1667663f[p=0,l=788,c=32768,r=788]={<<<<title>Webserver Environm...zip</td></tr>\n</table>\n>>>></tr>\n<t...gue. Pr}
[DEBUG] Date: Mon, 20 Sep 2021 19:30:13 GMT
Content-Type: text/html;charset=utf-8
Cache-Control: no-cache
Cache-Control: no-store


[DEBUG] CONTENT_LENGTH
[DEBUG] generate: FLUSH for SendCallback@2c1836a[PROCESSING][i=HTTP/1.1{s=404,h=4,cl=-1},cb=org.eclipse.jetty.server.HttpChannel$SendCallback@45767d01] ([p=0,l=206,c=8192,r=206],[p=0,l=788,c=32768,r=788],true)@COMPLETING
[DEBUG] write: WriteFlusher@653abf25{IDLE}->null [HeapByteBuffer@22b9b50d[p=0,l=206,c=8192,r=206]={<<<HTTP/1.1 404 Not Found\r\nD...y(9.4.43.v20210629)\r\n\r\n>>>me/79.0.3...\x86&h\xA0{\xC1\xC2},DirectByteBuffer@1667663f[p=0,l=788,c=32768,r=788]={<<<<title>Webserver Environm...zip</td></tr>\n</table>\n>>>></tr>\n<t...gue. Pr}]
[DEBUG] update WriteFlusher@653abf25{WRITING}->null:IDLE-->WRITING
]]></system-out>
  </testcase>
  <testcase name="doesGet" classname="org.jsoup.integration.ConnectTest" time="0.016">
    <system-out><![CDATA[[DEBUG] flushed 994 SocketChannelEndPoint@122254ce{l=/127.0.0.1:38858,r=/127.0.0.1:42942,OPEN,fill=-,flush=W,to=9/30000}{io=0/0,kio=0,kro=1}->HttpConnection@3be4ecda[p=HttpParser{s=END,0 of -1},g=HttpGenerator@af7230{s=COMPLETING}]=>HttpChannelOverHttp@f268a5a{s=HttpChannelState@2e8f904b{s=HANDLING rs=COMPLETING os=COMMITTED is=READY awp=false se=false i=false al=0},r=43,c=false/false,a=HANDLING,uri=//localhost:38858/EchoServlet,age=9}
[DEBUG] Flushed=true written=994 remaining=0 WriteFlusher@653abf25{WRITING}->null
[DEBUG] update WriteFlusher@653abf25{IDLE}->null:WRITING-->IDLE
[DEBUG] generate: DONE for SendCallback@2c1836a[PROCESSING][i=HTTP/1.1{s=404,h=4,cl=-1},cb=org.eclipse.jetty.server.HttpChannel$SendCallback@45767d01] ([p=206,l=206,c=8192,r=0],[p=788,l=788,c=32768,r=0],true)@END
[DEBUG] onWriteComplete(true,null) s=CLOSING,api=BLOCKED,sc=false,e=null->s=CLOSED,api=BLOCKING,sc=false,e=null c=null cb=org.eclipse.jetty.util.Callback$3@711775e w=false
[DEBUG] completed HttpChannelState@2e8f904b{s=HANDLING rs=COMPLETING os=COMPLETED is=READY awp=false se=false i=false al=0}
[DEBUG] unhandle HttpChannelState@2e8f904b{s=HANDLING rs=COMPLETED os=COMPLETED is=READY awp=false se=false i=false al=0}
[DEBUG] nextAction(false) TERMINATED HttpChannelState@2e8f904b{s=IDLE rs=COMPLETED os=COMPLETED is=READY awp=false se=false i=false al=0}
[DEBUG] action TERMINATED HttpChannelOverHttp@f268a5a{s=HttpChannelState@2e8f904b{s=IDLE rs=COMPLETED os=COMPLETED is=READY awp=false se=false i=false al=0},r=43,c=true/true,a=IDLE,uri=//localhost:38858/EchoServlet,age=9}
[DEBUG] onCompleted for /EchoServlet written=788
[DEBUG] recycle HttpChannelState@2e8f904b{s=IDLE rs=COMPLETED os=COMPLETED is=READY awp=false se=false i=false al=0}
[DEBUG] reset HttpParser{s=END,0 of -1}
[DEBUG] END --> START
[DEBUG] !handle TERMINATED HttpChannelOverHttp@f268a5a{s=HttpChannelState@2e8f904b{s=IDLE rs=BLOCKING os=OPEN is=IDLE awp=false se=false i=true al=0},r=43,c=false/false,a=IDLE,uri=null,age=0}
[DEBUG] filled 241 HeapByteBuffer@78a30358[p=0,l=241,c=8192,r=241]={<<<GET /EchoServlet?what=the...nection: keep-alive\r\n\r\n>>>, image/j...\x00\x00\x00\x00\x00\x00\x00}
[DEBUG] HttpConnection@3be4ecda::SocketChannelEndPoint@122254ce{l=/127.0.0.1:38858,r=/127.0.0.1:42942,OPEN,fill=-,flush=-,to=0/30000}{io=0/0,kio=0,kro=1}->HttpConnection@3be4ecda[p=HttpParser{s=START,0 of -1},g=HttpGenerator@af7230{s=START}]=>HttpChannelOverHttp@f268a5a{s=HttpChannelState@2e8f904b{s=IDLE rs=BLOCKING os=OPEN is=IDLE awp=false se=false i=true al=0},r=43,c=false/false,a=IDLE,uri=null,age=0} filled 241 HeapByteBuffer@78a30358[p=0,l=241,c=8192,r=241]={<<<GET /EchoServlet?what=the...nection: keep-alive\r\n\r\n>>>, image/j...\x00\x00\x00\x00\x00\x00\x00}
[DEBUG] HttpConnection@3be4ecda::SocketChannelEndPoint@122254ce{l=/127.0.0.1:38858,r=/127.0.0.1:42942,OPEN,fill=-,flush=-,to=0/30000}{io=0/0,kio=0,kro=1}->HttpConnection@3be4ecda[p=HttpParser{s=START,0 of -1},g=HttpGenerator@af7230{s=START}]=>HttpChannelOverHttp@f268a5a{s=HttpChannelState@2e8f904b{s=IDLE rs=BLOCKING os=OPEN is=IDLE awp=false se=false i=true al=0},r=43,c=false/false,a=IDLE,uri=null,age=0} parse HeapByteBuffer@78a30358[p=0,l=241,c=8192,r=241]={<<<GET /EchoServlet?what=the...nection: keep-alive\r\n\r\n>>>, image/j...\x00\x00\x00\x00\x00\x00\x00} {}
[DEBUG] parseNext s=START HeapByteBuffer@78a30358[p=0,l=241,c=8192,r=241]={<<<GET /EchoServlet?what=the...nection: keep-alive\r\n\r\n>>>, image/j...\x00\x00\x00\x00\x00\x00\x00}
[DEBUG] START --> SPACE1
[DEBUG] SPACE1 --> URI
[DEBUG] URI --> SPACE2
[DEBUG] SPACE2 --> REQUEST_VERSION
[DEBUG] REQUEST_VERSION --> HEADER
[DEBUG] HEADER:Accept-Encoding: gzip --> IN_VALUE
[DEBUG] HEADER:Accept-Encoding: gzip --> FIELD
[DEBUG] HEADER:User-Agent --> VALUE
[DEBUG] HEADER:User-Agent --> IN_VALUE
[DEBUG] HEADER:User-Agent --> FIELD
[DEBUG] HEADER:Referer --> VALUE
[DEBUG] HEADER:Referer --> IN_VALUE
[DEBUG] HEADER:Referer --> FIELD
[DEBUG] HEADER:Host: localhost:38858 --> IN_VALUE
[DEBUG] HEADER:Host: localhost:38858 --> FIELD
[DEBUG] HEADER:Accept: text/html, image/gif, image/jpeg, *; q=.2, */*; q=.2 --> IN_VALUE
[DEBUG] HEADER:Accept: text/html, image/gif, image/jpeg, *; q=.2, */*; q=.2 --> FIELD
[DEBUG] HEADER:Connection: keep-alive --> IN_VALUE
[DEBUG] HEADER:Connection: keep-alive --> FIELD
[DEBUG] HEADER --> CONTENT
[DEBUG] REQUEST for //localhost:38858/EchoServlet?what=the&what=about+%26+me%3F on HttpChannelOverHttp@f268a5a{s=HttpChannelState@2e8f904b{s=IDLE rs=BLOCKING os=OPEN is=IDLE awp=false se=false i=true al=0},r=44,c=false/false,a=IDLE,uri=//localhost:38858/EchoServlet?what=the&what=about+%26+me%3F,age=0}
GET //localhost:38858/EchoServlet?what=the&what=about+%26+me%3F HTTP/1.1
Accept-Encoding: gzip
User-Agent: Mozilla
Referer: http://example.com
Host: localhost:38858
Accept: text/html, image/gif, image/jpeg, *; q=.2, */*; q=.2
Connection: keep-alive


[DEBUG] HttpConnection@3be4ecda::SocketChannelEndPoint@122254ce{l=/127.0.0.1:38858,r=/127.0.0.1:42942,OPEN,fill=-,flush=-,to=0/30000}{io=0/0,kio=0,kro=1}->HttpConnection@3be4ecda[p=HttpParser{s=CONTENT,0 of -1},g=HttpGenerator@af7230{s=START}]=>HttpChannelOverHttp@f268a5a{s=HttpChannelState@2e8f904b{s=IDLE rs=BLOCKING os=OPEN is=IDLE awp=false se=false i=true al=0},r=44,c=false/false,a=IDLE,uri=//localhost:38858/EchoServlet?what=the&what=about+%26+me%3F,age=0} parsed true HttpParser{s=CONTENT,0 of -1}
[DEBUG] releaseRequestBuffer HttpConnection@3be4ecda::SocketChannelEndPoint@122254ce{l=/127.0.0.1:38858,r=/127.0.0.1:42942,OPEN,fill=-,flush=-,to=0/30000}{io=0/0,kio=0,kro=1}->HttpConnection@3be4ecda[p=HttpParser{s=CONTENT,0 of -1},g=HttpGenerator@af7230{s=START}]=>HttpChannelOverHttp@f268a5a{s=HttpChannelState@2e8f904b{s=IDLE rs=BLOCKING os=OPEN is=IDLE awp=false se=false i=true al=0},r=44,c=false/false,a=IDLE,uri=//localhost:38858/EchoServlet?what=the&what=about+%26+me%3F,age=5}
[DEBUG] handle //localhost:38858/EchoServlet?what=the&what=about+%26+me%3F HttpChannelOverHttp@f268a5a{s=HttpChannelState@2e8f904b{s=IDLE rs=BLOCKING os=OPEN is=IDLE awp=false se=false i=true al=0},r=44,c=false/false,a=IDLE,uri=//localhost:38858/EchoServlet?what=the&what=about+%26+me%3F,age=5} 
[DEBUG] handling HttpChannelState@2e8f904b{s=IDLE rs=BLOCKING os=OPEN is=IDLE awp=false se=false i=true al=0}
[DEBUG] action DISPATCH HttpChannelOverHttp@f268a5a{s=HttpChannelState@2e8f904b{s=HANDLING rs=BLOCKING os=OPEN is=IDLE awp=false se=false i=true al=0},r=44,c=false/false,a=HANDLING,uri=//localhost:38858/EchoServlet?what=the&what=about+%26+me%3F,age=5}
[DEBUG] REQUEST GET /EchoServlet on HttpChannelOverHttp@f268a5a{s=HttpChannelState@2e8f904b{s=HANDLING rs=BLOCKING os=OPEN is=IDLE awp=false se=false i=true al=0},r=44,c=false/false,a=HANDLING,uri=//localhost:38858/EchoServlet?what=the&what=about+%26+me%3F,age=5}
[DEBUG] servlet null|/EchoServlet|null -> org.jsoup.integration.servlets.EchoServlet-422c3c7a==org.jsoup.integration.servlets.EchoServlet@66e2fba5{jsp=null,order=-1,inst=true,async=true,src=EMBEDDED:null,STARTED}
[DEBUG] chain=null
[DEBUG] write(array HeapByteBuffer@589484e7[p=0,l=235,c=512,r=235]={<<<<title>Webserver Environm...\n    <table border="0">>>>\x00\x00\x00\x00\x00\x00\x00\x00\x00...\x00\x00\x00\x00\x00\x00\x00})
[DEBUG] write(array) s=OPEN,api=BLOCKING,sc=false,e=null aggregated !flush DirectByteBuffer@577d71b2[p=0,l=235,c=32768,r=235]={<<<<title>Webserver Environm...\n    <table border="0">>>><tr><th>M...gue. Pr}
[DEBUG] write(array HeapByteBuffer@54b3b32c[p=0,l=36,c=512,r=36]={<<<<tr><th>Method</th><td>GET</td></tr>>>>es</title...\x00\x00\x00\x00\x00\x00\x00})
[DEBUG] write(array) s=OPEN,api=BLOCKING,sc=false,e=null aggregated !flush DirectByteBuffer@577d71b2[p=0,l=271,c=32768,r=271]={<<<<title>Webserver Environm...d</th><td>GET</td></tr>>>>\n<tr><th>...gue. Pr}
[DEBUG] write(array HeapByteBuffer@643469c5[p=0,l=1,c=512,r=1]={<<<\n>>>tr><th>Me...\x00\x00\x00\x00\x00\x00\x00})
[DEBUG] write(array) s=OPEN,api=BLOCKING,sc=false,e=null aggregated !flush DirectByteBuffer@577d71b2[p=0,l=272,c=32768,r=272]={<<<<title>Webserver Environm...</th><td>GET</td></tr>\n>>><tr><th>R...gue. Pr}
[DEBUG] write(array HeapByteBuffer@125c8e37[p=0,l=50,c=512,r=50]={<<<<tr><th>Request URI</th><...>/EchoServlet</td></tr>>>> <style t...\x00\x00\x00\x00\x00\x00\x00})
[DEBUG] write(array) s=OPEN,api=BLOCKING,sc=false,e=null aggregated !flush DirectByteBuffer@577d71b2[p=0,l=322,c=32768,r=322]={<<<<title>Webserver Environm...>/EchoServlet</td></tr>>>>\n<tr><th>...gue. Pr}
[DEBUG] write(array HeapByteBuffer@6e939327[p=0,l=1,c=512,r=1]={<<<\n>>>tr><th>Re...\x00\x00\x00\x00\x00\x00\x00})
[DEBUG] write(array) s=OPEN,api=BLOCKING,sc=false,e=null aggregated !flush DirectByteBuffer@577d71b2[p=0,l=323,c=32768,r=323]={<<<<title>Webserver Environm.../EchoServlet</td></tr>\n>>><tr><th>Q...gue. Pr}
[DEBUG] write(array HeapByteBuffer@2770770a[p=0,l=72,c=512,r=72]={<<<<tr><th>Query String</th>...out+%26+me%3F</td></tr>>>>">\n      ...\x00\x00\x00\x00\x00\x00\x00})
[DEBUG] write(array) s=OPEN,api=BLOCKING,sc=false,e=null aggregated !flush DirectByteBuffer@577d71b2[p=0,l=395,c=32768,r=395]={<<<<title>Webserver Environm...out+%26+me%3F</td></tr>>>>, image/g...gue. Pr}
[DEBUG] write(array HeapByteBuffer@60cd4860[p=0,l=1,c=512,r=1]={<<<\n>>>tr><th>Qu...\x00\x00\x00\x00\x00\x00\x00})
[DEBUG] write(array) s=OPEN,api=BLOCKING,sc=false,e=null aggregated !flush DirectByteBuffer@577d71b2[p=0,l=396,c=32768,r=396]={<<<<title>Webserver Environm...ut+%26+me%3F</td></tr>\n>>> image/gi...gue. Pr}
[DEBUG] write(array HeapByteBuffer@16964f78[p=0,l=85,c=512,r=85]={<<<<tr><th>Accept</th><td>te....2, */*; q=.2</td></tr>>>>, td, th ...\x00\x00\x00\x00\x00\x00\x00})
[DEBUG] write(array) s=OPEN,api=BLOCKING,sc=false,e=null aggregated !flush DirectByteBuffer@577d71b2[p=0,l=481,c=32768,r=481]={<<<<title>Webserver Environm....2, */*; q=.2</td></tr>>>>la/5.0 (W...gue. Pr}
[DEBUG] write(array HeapByteBuffer@64eefc26[p=0,l=1,c=512,r=1]={<<<\n>>>tr><th>Ac...\x00\x00\x00\x00\x00\x00\x00})
[DEBUG] write(array) s=OPEN,api=BLOCKING,sc=false,e=null aggregated !flush DirectByteBuffer@577d71b2[p=0,l=482,c=32768,r=482]={<<<<title>Webserver Environm...2, */*; q=.2</td></tr>\n>>>a/5.0 (Wi...gue. Pr}
[DEBUG] write(array HeapByteBuffer@40820f96[p=0,l=44,c=512,r=44]={<<<<tr><th>User-Agent</th><td>Mozilla</td></tr>>>> image/jp...\x00\x00\x00\x00\x00\x00\x00})
[DEBUG] write(array) s=OPEN,api=BLOCKING,sc=false,e=null aggregated !flush DirectByteBuffer@577d71b2[p=0,l=526,c=32768,r=526]={<<<<title>Webserver Environm...h><td>Mozilla</td></tr>>>>Kit/537.3...gue. Pr}
[DEBUG] write(array HeapByteBuffer@4a86c1ae[p=0,l=1,c=512,r=1]={<<<\n>>>tr><th>Us...\x00\x00\x00\x00\x00\x00\x00})
[DEBUG] write(array) s=OPEN,api=BLOCKING,sc=false,e=null aggregated !flush DirectByteBuffer@577d71b2[p=0,l=527,c=32768,r=527]={<<<<title>Webserver Environm...><td>Mozilla</td></tr>\n>>>it/537.36...gue. Pr}
[DEBUG] write(array HeapByteBuffer@6e4fba09[p=0,l=52,c=512,r=52]={<<<<tr><th>Referer</th><td>h...//example.com</td></tr>>>>peg, *; q...\x00\x00\x00\x00\x00\x00\x00})
[DEBUG] write(array) s=OPEN,api=BLOCKING,sc=false,e=null aggregated !flush DirectByteBuffer@577d71b2[p=0,l=579,c=32768,r=579]={<<<<title>Webserver Environm...//example.com</td></tr>>>>afari/537...gue. Pr}
[DEBUG] write(array HeapByteBuffer@7dd3642a[p=0,l=1,c=512,r=1]={<<<\n>>>tr><th>Re...\x00\x00\x00\x00\x00\x00\x00})
[DEBUG] write(array) s=OPEN,api=BLOCKING,sc=false,e=null aggregated !flush DirectByteBuffer@577d71b2[p=0,l=580,c=32768,r=580]={<<<<title>Webserver Environm.../example.com</td></tr>\n>>>fari/537....gue. Pr}
[DEBUG] write(array HeapByteBuffer@2d7d2ab9[p=0,l=47,c=512,r=47]={<<<<tr><th>Connection</th><td>keep-alive</td></tr>>>></tr>peg,...\x00\x00\x00\x00\x00\x00\x00})
[DEBUG] write(array) s=OPEN,api=BLOCKING,sc=false,e=null aggregated !flush DirectByteBuffer@577d71b2[p=0,l=627,c=32768,r=627]={<<<<title>Webserver Environm...td>keep-alive</td></tr>>>>d>keep-al...gue. Pr}
[DEBUG] write(array HeapByteBuffer@510a1509[p=0,l=1,c=512,r=1]={<<<\n>>>tr><th>Co...\x00\x00\x00\x00\x00\x00\x00})
[DEBUG] write(array) s=OPEN,api=BLOCKING,sc=false,e=null aggregated !flush DirectByteBuffer@577d71b2[p=0,l=628,c=32768,r=628]={<<<<title>Webserver Environm...d>keep-alive</td></tr>\n>>>>keep-ali...gue. Pr}
[DEBUG] write(array HeapByteBuffer@420662d3[p=0,l=46,c=512,r=46]={<<<<tr><th>Host</th><td>localhost:38858</td></tr>>>>></tr>peg...\x00\x00\x00\x00\x00\x00\x00})
[DEBUG] write(array) s=OPEN,api=BLOCKING,sc=false,e=null aggregated !flush DirectByteBuffer@577d71b2[p=0,l=674,c=32768,r=674]={<<<<title>Webserver Environm...calhost:38858</td></tr>>>>alhost:38...gue. Pr}
[DEBUG] write(array HeapByteBuffer@2412ac8d[p=0,l=1,c=512,r=1]={<<<\n>>>tr><th>Ho...\x00\x00\x00\x00\x00\x00\x00})
[DEBUG] write(array) s=OPEN,api=BLOCKING,sc=false,e=null aggregated !flush DirectByteBuffer@577d71b2[p=0,l=675,c=32768,r=675]={<<<<title>Webserver Environm...alhost:38858</td></tr>\n>>>lhost:388...gue. Pr}
[DEBUG] write(array HeapByteBuffer@60fe7254[p=0,l=46,c=512,r=46]={<<<<tr><th>Accept-Encoding</th><td>gzip</td></tr>>>>></tr>peg...\x00\x00\x00\x00\x00\x00\x00})
[DEBUG] write(array) s=OPEN,api=BLOCKING,sc=false,e=null aggregated !flush DirectByteBuffer@577d71b2[p=0,l=721,c=32768,r=721]={<<<<title>Webserver Environm...</th><td>gzip</td></tr>>>>/th><td>g...gue. Pr}
[DEBUG] write(array HeapByteBuffer@61dd811f[p=0,l=1,c=512,r=1]={<<<\n>>>tr><th>Ac...\x00\x00\x00\x00\x00\x00\x00})
[DEBUG] write(array) s=OPEN,api=BLOCKING,sc=false,e=null aggregated !flush DirectByteBuffer@577d71b2[p=0,l=722,c=32768,r=722]={<<<<title>Webserver Environm.../th><td>gzip</td></tr>\n>>>th><td>gz...gue. Pr}
[DEBUG] write(array HeapByteBuffer@10bc770d[p=0,l=51,c=512,r=51]={<<<<tr><th>what</th><td>the,...out &amp; me?</td></tr>>>>>peg, *; ...\x00\x00\x00\x00\x00\x00\x00})
[DEBUG] write(array) s=OPEN,api=BLOCKING,sc=false,e=null aggregated !flush DirectByteBuffer@577d71b2[p=0,l=773,c=32768,r=773]={<<<<title>Webserver Environm...out &amp; me?</td></tr>>>>\x14\xAd\xC41]x\xB5\xF5\xF8...gue. Pr}
[DEBUG] write(array HeapByteBuffer@21fbd753[p=0,l=1,c=512,r=1]={<<<\n>>>tr><th>wh...\x00\x00\x00\x00\x00\x00\x00})
[DEBUG] write(array) s=OPEN,api=BLOCKING,sc=false,e=null aggregated !flush DirectByteBuffer@577d71b2[p=0,l=774,c=32768,r=774]={<<<<title>Webserver Environm...ut &amp; me?</td></tr>\n>>>\xAd\xC41]x\xB5\xF5\xF8\x1d...gue. Pr}
[DEBUG] filled 0 HeapByteBuffer@41e05b38[p=0,l=0,c=8192,r=0]={<<<>>>GET /File...\x00\x00\x00\x00\x00\x00\x00}
[DEBUG] filled 0 HeapByteBuffer@41e05b38[p=0,l=0,c=8192,r=0]={<<<>>>GET /File...\x00\x00\x00\x00\x00\x00\x00}
[DEBUG] HttpConnection@3be4ecda::SocketChannelEndPoint@122254ce{l=/127.0.0.1:38858,r=/127.0.0.1:42942,OPEN,fill=-,flush=-,to=6/30000}{io=0/0,kio=0,kro=1}->HttpConnection@3be4ecda[p=HttpParser{s=CONTENT,0 of -1},g=HttpGenerator@af7230{s=START}]=>HttpChannelOverHttp@f268a5a{s=HttpChannelState@2e8f904b{s=HANDLING rs=BLOCKING os=OPEN is=IDLE awp=false se=false i=true al=0},r=44,c=false/false,a=HANDLING,uri=//localhost:38858/EchoServlet?what=the&what=about+%26+me%3F,age=7} filled 0 HeapByteBuffer@41e05b38[p=0,l=0,c=8192,r=0]={<<<>>>GET /File...\x00\x00\x00\x00\x00\x00\x00}
[DEBUG] HttpConnection@3be4ecda::SocketChannelEndPoint@122254ce{l=/127.0.0.1:38858,r=/127.0.0.1:42942,OPEN,fill=-,flush=-,to=7/30000}{io=0/0,kio=0,kro=1}->HttpConnection@3be4ecda[p=HttpParser{s=CONTENT,0 of -1},g=HttpGenerator@af7230{s=START}]=>HttpChannelOverHttp@f268a5a{s=HttpChannelState@2e8f904b{s=HANDLING rs=BLOCKING os=OPEN is=IDLE awp=false se=false i=true al=0},r=44,c=false/false,a=HANDLING,uri=//localhost:38858/EchoServlet?what=the&what=about+%26+me%3F,age=7} parse HeapByteBuffer@41e05b38[p=0,l=0,c=8192,r=0]={<<<>>>GET /File...\x00\x00\x00\x00\x00\x00\x00} {}
[DEBUG] parseNext s=CONTENT HeapByteBuffer@41e05b38[p=0,l=0,c=8192,r=0]={<<<>>>GET /File...\x00\x00\x00\x00\x00\x00\x00}
[DEBUG] CONTENT --> CONTENT_END
[DEBUG] onContentComplete HttpChannelOverHttp@f268a5a{s=HttpChannelState@2e8f904b{s=HANDLING rs=BLOCKING os=OPEN is=IDLE awp=false se=false i=true al=0},r=44,c=false/false,a=HANDLING,uri=//localhost:38858/EchoServlet?what=the&what=about+%26+me%3F,age=7}
[DEBUG] CONTENT_END --> END
[DEBUG] onRequestComplete HttpChannelOverHttp@f268a5a{s=HttpChannelState@2e8f904b{s=HANDLING rs=BLOCKING os=OPEN is=IDLE awp=false se=false i=true al=0},r=44,c=false/false,a=HANDLING,uri=//localhost:38858/EchoServlet?what=the&what=about+%26+me%3F,age=7}
[DEBUG] HttpInputOverHTTP@5e34fa8b[c=0,q=0,[0]=null,s=STREAM] addContent EOF
[DEBUG] HttpConnection@3be4ecda::SocketChannelEndPoint@122254ce{l=/127.0.0.1:38858,r=/127.0.0.1:42942,OPEN,fill=-,flush=-,to=7/30000}{io=0/0,kio=0,kro=1}->HttpConnection@3be4ecda[p=HttpParser{s=END,0 of -1},g=HttpGenerator@af7230{s=START}]=>HttpChannelOverHttp@f268a5a{s=HttpChannelState@2e8f904b{s=HANDLING rs=BLOCKING os=OPEN is=IDLE awp=false se=false i=true al=0},r=44,c=false/false,a=HANDLING,uri=//localhost:38858/EchoServlet?what=the&what=about+%26+me%3F,age=7} parsed false HttpParser{s=END,0 of -1}
[DEBUG] releaseRequestBuffer HttpConnection@3be4ecda::SocketChannelEndPoint@122254ce{l=/127.0.0.1:38858,r=/127.0.0.1:42942,OPEN,fill=-,flush=-,to=7/30000}{io=0/0,kio=0,kro=1}->HttpConnection@3be4ecda[p=HttpParser{s=END,0 of -1},g=HttpGenerator@af7230{s=START}]=>HttpChannelOverHttp@f268a5a{s=HttpChannelState@2e8f904b{s=HANDLING rs=BLOCKING os=OPEN is=IDLE awp=false se=false i=true al=0},r=44,c=false/false,a=HANDLING,uri=//localhost:38858/EchoServlet?what=the&what=about+%26+me%3F,age=7}
[DEBUG] onEof HttpChannelState@2e8f904b{s=HANDLING rs=BLOCKING os=OPEN is=IDLE awp=false se=false i=true al=0}
[DEBUG] write(array HeapByteBuffer@32047dea[p=0,l=8,c=512,r=8]={<<<</table>>>>what</th>...\x00\x00\x00\x00\x00\x00\x00})
[DEBUG] write(array) s=OPEN,api=BLOCKING,sc=false,e=null aggregated !flush DirectByteBuffer@577d71b2[p=0,l=782,c=32768,r=782]={<<<<title>Webserver Environm... me?</td></tr>\n</table>>>>\x1dw\x9d7S\x96#y\xE5...gue. Pr}
[DEBUG] write(array HeapByteBuffer@3fdcd7cc[p=0,l=1,c=512,r=1]={<<<\n>>>/table>wh...\x00\x00\x00\x00\x00\x00\x00})
[DEBUG] write(array) s=OPEN,api=BLOCKING,sc=false,e=null aggregated !flush DirectByteBuffer@577d71b2[p=0,l=783,c=32768,r=783]={<<<<title>Webserver Environm...me?</td></tr>\n</table>\n>>>w\x9d7S\x96#y\xE5\x83...gue. Pr}
[DEBUG] handled=true async=false committed=false on HttpChannelOverHttp@f268a5a{s=HttpChannelState@2e8f904b{s=HANDLING rs=BLOCKING os=OPEN is=READY awp=false se=false i=true al=0},r=44,c=false/false,a=HANDLING,uri=//localhost:38858/EchoServlet?what=the&what=about+%26+me%3F,age=7}
[DEBUG] unhandle HttpChannelState@2e8f904b{s=HANDLING rs=BLOCKING os=OPEN is=READY awp=false se=false i=true al=0}
[DEBUG] nextAction(false) COMPLETE HttpChannelState@2e8f904b{s=HANDLING rs=COMPLETING os=OPEN is=READY awp=false se=false i=false al=0}
[DEBUG] action COMPLETE HttpChannelOverHttp@f268a5a{s=HttpChannelState@2e8f904b{s=HANDLING rs=COMPLETING os=OPEN is=READY awp=false se=false i=false al=0},r=44,c=false/false,a=HANDLING,uri=//localhost:38858/EchoServlet?what=the&what=about+%26+me%3F,age=7}
[DEBUG] complete(org.eclipse.jetty.util.Callback$3@4cabcb25) s=CLOSING,api=BLOCKED,sc=false,e=null s=false e=null, c=DirectByteBuffer@577d71b2[p=0,l=783,c=32768,r=783]={<<<<title>Webserver Environm...me?</td></tr>\n</table>\n>>>w\x9d7S\x96#y\xE5\x83...gue. Pr}
[DEBUG] sendResponse info=null content=DirectByteBuffer@577d71b2[p=0,l=783,c=32768,r=783]={<<<<title>Webserver Environm...me?</td></tr>\n</table>\n>>>w\x9d7S\x96#y\xE5\x83...gue. Pr} complete=true committing=true callback=org.eclipse.jetty.server.HttpOutput$WriteCompleteCB@3395ccac
[DEBUG] COMMIT for /EchoServlet on HttpChannelOverHttp@f268a5a{s=HttpChannelState@2e8f904b{s=HANDLING rs=COMPLETING os=COMMITTED is=READY awp=false se=false i=false al=0},r=44,c=false/false,a=HANDLING,uri=//localhost:38858/EchoServlet?what=the&what=about+%26+me%3F,age=7}
200 null HTTP/1.1
Date: Mon, 20 Sep 2021 19:30:13 GMT
Content-Type: text/html;charset=utf-8
Cache-Control: no-cache
Cache-Control: no-store


[DEBUG] generate: NEED_HEADER for SendCallback@2c1836a[PROCESSING][i=HTTP/1.1{s=200,h=4,cl=-1},cb=org.eclipse.jetty.server.HttpChannel$SendCallback@226f0c19] (null,[p=0,l=783,c=32768,r=783],true)@START
[DEBUG] generateHeaders HTTP/1.1{s=200,h=4,cl=-1} last=true content=DirectByteBuffer@577d71b2[p=0,l=783,c=32768,r=783]={<<<<title>Webserver Environm...me?</td></tr>\n</table>\n>>>w\x9d7S\x96#y\xE5\x83...gue. Pr}
[DEBUG] Date: Mon, 20 Sep 2021 19:30:13 GMT
Content-Type: text/html;charset=utf-8
Cache-Control: no-cache
Cache-Control: no-store


[DEBUG] CONTENT_LENGTH
[DEBUG] generate: FLUSH for SendCallback@2c1836a[PROCESSING][i=HTTP/1.1{s=200,h=4,cl=-1},cb=org.eclipse.jetty.server.HttpChannel$SendCallback@226f0c19] ([p=0,l=199,c=8192,r=199],[p=0,l=783,c=32768,r=783],true)@COMPLETING
[DEBUG] write: WriteFlusher@653abf25{IDLE}->null [HeapByteBuffer@22b9b50d[p=0,l=199,c=8192,r=199]={<<<HTTP/1.1 200 OK\r\nDate: Mo...y(9.4.43.v20210629)\r\n\r\n>>>29)\r\n\r\nme...\x86&h\xA0{\xC1\xC2},DirectByteBuffer@577d71b2[p=0,l=783,c=32768,r=783]={<<<<title>Webserver Environm...me?</td></tr>\n</table>\n>>>w\x9d7S\x96#y\xE5\x83...gue. Pr}]
[DEBUG] update WriteFlusher@653abf25{WRITING}->null:IDLE-->WRITING
]]></system-out>
  </testcase>
  <testcase name="doesPut" classname="org.jsoup.integration.ConnectTest" time="0.041">
    <system-out><![CDATA[[DEBUG] flushed 982 SocketChannelEndPoint@122254ce{l=/127.0.0.1:38858,r=/127.0.0.1:42942,OPEN,fill=-,flush=W,to=21/30000}{io=0/0,kio=0,kro=1}->HttpConnection@3be4ecda[p=HttpParser{s=END,0 of -1},g=HttpGenerator@af7230{s=COMPLETING}]=>HttpChannelOverHttp@f268a5a{s=HttpChannelState@2e8f904b{s=HANDLING rs=COMPLETING os=COMMITTED is=READY awp=false se=false i=false al=0},r=44,c=false/false,a=HANDLING,uri=//localhost:38858/EchoServlet?what=the&what=about+%26+me%3F,age=21}
[DEBUG] Flushed=true written=982 remaining=0 WriteFlusher@653abf25{WRITING}->null
[DEBUG] update WriteFlusher@653abf25{IDLE}->null:WRITING-->IDLE
[DEBUG] generate: DONE for SendCallback@2c1836a[PROCESSING][i=HTTP/1.1{s=200,h=4,cl=-1},cb=org.eclipse.jetty.server.HttpChannel$SendCallback@226f0c19] ([p=199,l=199,c=8192,r=0],[p=783,l=783,c=32768,r=0],true)@END
[DEBUG] onWriteComplete(true,null) s=CLOSING,api=BLOCKED,sc=false,e=null->s=CLOSED,api=BLOCKING,sc=false,e=null c=null cb=org.eclipse.jetty.util.Callback$3@4cabcb25 w=false
[DEBUG] completed HttpChannelState@2e8f904b{s=HANDLING rs=COMPLETING os=COMPLETED is=READY awp=false se=false i=false al=0}
[DEBUG] unhandle HttpChannelState@2e8f904b{s=HANDLING rs=COMPLETED os=COMPLETED is=READY awp=false se=false i=false al=0}
[DEBUG] nextAction(false) TERMINATED HttpChannelState@2e8f904b{s=IDLE rs=COMPLETED os=COMPLETED is=READY awp=false se=false i=false al=0}
[DEBUG] action TERMINATED HttpChannelOverHttp@f268a5a{s=HttpChannelState@2e8f904b{s=IDLE rs=COMPLETED os=COMPLETED is=READY awp=false se=false i=false al=0},r=44,c=true/true,a=IDLE,uri=//localhost:38858/EchoServlet?what=the&what=about+%26+me%3F,age=21}
[DEBUG] onCompleted for /EchoServlet written=783
[DEBUG] recycle HttpChannelState@2e8f904b{s=IDLE rs=COMPLETED os=COMPLETED is=READY awp=false se=false i=false al=0}
[DEBUG] reset HttpParser{s=END,0 of -1}
[DEBUG] END --> START
[DEBUG] !handle TERMINATED HttpChannelOverHttp@f268a5a{s=HttpChannelState@2e8f904b{s=IDLE rs=BLOCKING os=OPEN is=IDLE awp=false se=false i=true al=0},r=44,c=false/false,a=IDLE,uri=null,age=0}
[DEBUG] filled 458 HeapByteBuffer@78a30358[p=0,l=458,c=8192,r=458]={<<<PUT /EchoServlet HTTP/1.1...BA%A6%E4%B8%80%E4%B8%8B>>>\xCb\xF5\xF3)\xF6\xA0\xB2\xDc\xDd...\x00\x00\x00\x00\x00\x00\x00}
[DEBUG] HttpConnection@3be4ecda::SocketChannelEndPoint@122254ce{l=/127.0.0.1:38858,r=/127.0.0.1:42942,OPEN,fill=-,flush=-,to=0/30000}{io=0/0,kio=0,kro=1}->HttpConnection@3be4ecda[p=HttpParser{s=START,0 of -1},g=HttpGenerator@af7230{s=START}]=>HttpChannelOverHttp@f268a5a{s=HttpChannelState@2e8f904b{s=IDLE rs=BLOCKING os=OPEN is=IDLE awp=false se=false i=true al=0},r=44,c=false/false,a=IDLE,uri=null,age=0} filled 458 HeapByteBuffer@78a30358[p=0,l=458,c=8192,r=458]={<<<PUT /EchoServlet HTTP/1.1...BA%A6%E4%B8%80%E4%B8%8B>>>\xCb\xF5\xF3)\xF6\xA0\xB2\xDc\xDd...\x00\x00\x00\x00\x00\x00\x00}
[DEBUG] HttpConnection@3be4ecda::SocketChannelEndPoint@122254ce{l=/127.0.0.1:38858,r=/127.0.0.1:42942,OPEN,fill=-,flush=-,to=0/30000}{io=0/0,kio=0,kro=1}->HttpConnection@3be4ecda[p=HttpParser{s=START,0 of -1},g=HttpGenerator@af7230{s=START}]=>HttpChannelOverHttp@f268a5a{s=HttpChannelState@2e8f904b{s=IDLE rs=BLOCKING os=OPEN is=IDLE awp=false se=false i=true al=0},r=44,c=false/false,a=IDLE,uri=null,age=0} parse HeapByteBuffer@78a30358[p=0,l=458,c=8192,r=458]={<<<PUT /EchoServlet HTTP/1.1...BA%A6%E4%B8%80%E4%B8%8B>>>\xCb\xF5\xF3)\xF6\xA0\xB2\xDc\xDd...\x00\x00\x00\x00\x00\x00\x00} {}
[DEBUG] parseNext s=START HeapByteBuffer@78a30358[p=0,l=458,c=8192,r=458]={<<<PUT /EchoServlet HTTP/1.1...BA%A6%E4%B8%80%E4%B8%8B>>>\xCb\xF5\xF3)\xF6\xA0\xB2\xDc\xDd...\x00\x00\x00\x00\x00\x00\x00}
[DEBUG] START --> SPACE1
[DEBUG] SPACE1 --> URI
[DEBUG] URI --> SPACE2
[DEBUG] SPACE2 --> REQUEST_VERSION
[DEBUG] REQUEST_VERSION --> HEADER
[DEBUG] HEADER:Cookie: auth=token --> IN_VALUE
[DEBUG] HEADER:Cookie: auth=token --> FIELD
[DEBUG] HEADER:Accept-Encoding: gzip --> IN_VALUE
[DEBUG] HEADER:Accept-Encoding: gzip --> FIELD
[DEBUG] HEADER:User-Agent: Mozilla/5.0 (Windows NT 10.0; Win64; x64) AppleWebKit/537.36 (KHTML, like Gecko) Chrome/79.0.3945.130 Safari/537.36 --> IN_VALUE
[DEBUG] HEADER:User-Agent: Mozilla/5.0 (Windows NT 10.0; Win64; x64) AppleWebKit/537.36 (KHTML, like Gecko) Chrome/79.0.3945.130 Safari/537.36 --> FIELD
[DEBUG] HEADER:Content-Type: application/x-www-form-urlencoded; charset=UTF-8 --> IN_VALUE
[DEBUG] HEADER:Content-Type: application/x-www-form-urlencoded; charset=UTF-8 --> FIELD
[DEBUG] HEADER:Host: localhost:38858 --> IN_VALUE
[DEBUG] HEADER:Host: localhost:38858 --> FIELD
[DEBUG] HEADER:Accept: text/html, image/gif, image/jpeg, *; q=.2, */*; q=.2 --> IN_VALUE
[DEBUG] HEADER:Accept: text/html, image/gif, image/jpeg, *; q=.2, */*; q=.2 --> FIELD
[DEBUG] HEADER:Connection: keep-alive --> IN_VALUE
[DEBUG] HEADER:Connection: keep-alive --> FIELD
[DEBUG] HEADER:Content-Length --> VALUE
[DEBUG] HEADER:Content-Length --> IN_VALUE
[DEBUG] HEADER:Content-Length --> FIELD
[DEBUG] HEADER --> CONTENT
[DEBUG] REQUEST for //localhost:38858/EchoServlet on HttpChannelOverHttp@f268a5a{s=HttpChannelState@2e8f904b{s=IDLE rs=BLOCKING os=OPEN is=IDLE awp=false se=false i=true al=0},r=45,c=false/false,a=IDLE,uri=//localhost:38858/EchoServlet,age=0}
PUT //localhost:38858/EchoServlet HTTP/1.1
Cookie: auth=token
Accept-Encoding: gzip
User-Agent: Mozilla/5.0 (Windows NT 10.0; Win64; x64) AppleWebKit/537.36 (KHTML, like Gecko) Chrome/79.0.3945.130 Safari/537.36
Content-Type: application/x-www-form-urlencoded; charset=UTF-8
Host: localhost:38858
Accept: text/html, image/gif, image/jpeg, *; q=.2, */*; q=.2
Connection: keep-alive
Content-Length: 64


[DEBUG] HttpConnection@3be4ecda::SocketChannelEndPoint@122254ce{l=/127.0.0.1:38858,r=/127.0.0.1:42942,OPEN,fill=-,flush=-,to=0/30000}{io=0/0,kio=0,kro=1}->HttpConnection@3be4ecda[p=HttpParser{s=CONTENT,0 of 64},g=HttpGenerator@af7230{s=START}]=>HttpChannelOverHttp@f268a5a{s=HttpChannelState@2e8f904b{s=IDLE rs=BLOCKING os=OPEN is=IDLE awp=false se=false i=true al=0},r=45,c=false/false,a=IDLE,uri=//localhost:38858/EchoServlet,age=0} parsed true HttpParser{s=CONTENT,0 of 64}
[DEBUG] handle //localhost:38858/EchoServlet HttpChannelOverHttp@f268a5a{s=HttpChannelState@2e8f904b{s=IDLE rs=BLOCKING os=OPEN is=IDLE awp=false se=false i=true al=0},r=45,c=false/false,a=IDLE,uri=//localhost:38858/EchoServlet,age=0} 
[DEBUG] handling HttpChannelState@2e8f904b{s=IDLE rs=BLOCKING os=OPEN is=IDLE awp=false se=false i=true al=0}
[DEBUG] action DISPATCH HttpChannelOverHttp@f268a5a{s=HttpChannelState@2e8f904b{s=HANDLING rs=BLOCKING os=OPEN is=IDLE awp=false se=false i=true al=0},r=45,c=false/false,a=HANDLING,uri=//localhost:38858/EchoServlet,age=0}
[DEBUG] REQUEST PUT /EchoServlet on HttpChannelOverHttp@f268a5a{s=HttpChannelState@2e8f904b{s=HANDLING rs=BLOCKING os=OPEN is=IDLE awp=false se=false i=true al=0},r=45,c=false/false,a=HANDLING,uri=//localhost:38858/EchoServlet,age=0}
[DEBUG] servlet null|/EchoServlet|null -> org.jsoup.integration.servlets.EchoServlet-422c3c7a==org.jsoup.integration.servlets.EchoServlet@66e2fba5{jsp=null,order=-1,inst=true,async=true,src=EMBEDDED:null,STARTED}
[DEBUG] chain=null
[DEBUG] write(array HeapByteBuffer@7bd4dd2f[p=0,l=235,c=512,r=235]={<<<<title>Webserver Environm...\n    <table border="0">>>>\x00\x00\x00\x00\x00\x00\x00\x00\x00...\x00\x00\x00\x00\x00\x00\x00})
[DEBUG] write(array) s=OPEN,api=BLOCKING,sc=false,e=null aggregated !flush DirectByteBuffer@1c19d748[p=0,l=235,c=32768,r=235]={<<<<title>Webserver Environm...\n    <table border="0">>>><tr><th>M...gue. Pr}
[DEBUG] write(array HeapByteBuffer@6934d393[p=0,l=36,c=512,r=36]={<<<<tr><th>Method</th><td>PUT</td></tr>>>>es</title...\x00\x00\x00\x00\x00\x00\x00})
[DEBUG] write(array) s=OPEN,api=BLOCKING,sc=false,e=null aggregated !flush DirectByteBuffer@1c19d748[p=0,l=271,c=32768,r=271]={<<<<title>Webserver Environm...d</th><td>PUT</td></tr>>>>>\n<tr><th...gue. Pr}
[DEBUG] write(array HeapByteBuffer@745992b5[p=0,l=1,c=512,r=1]={<<<\n>>>tr><th>Me...\x00\x00\x00\x00\x00\x00\x00})
[DEBUG] write(array) s=OPEN,api=BLOCKING,sc=false,e=null aggregated !flush DirectByteBuffer@1c19d748[p=0,l=272,c=32768,r=272]={<<<<title>Webserver Environm...</th><td>PUT</td></tr>\n>>>\n<tr><th>...gue. Pr}
[DEBUG] write(array HeapByteBuffer@2e0c57e3[p=0,l=50,c=512,r=50]={<<<<tr><th>Request URI</th><...>/EchoServlet</td></tr>>>> <style t...\x00\x00\x00\x00\x00\x00\x00})
[DEBUG] write(array) s=OPEN,api=BLOCKING,sc=false,e=null aggregated !flush DirectByteBuffer@1c19d748[p=0,l=322,c=32768,r=322]={<<<<title>Webserver Environm...>/EchoServlet</td></tr>>>>>\n<tr><th...gue. Pr}
[DEBUG] write(array HeapByteBuffer@736ccaa8[p=0,l=1,c=512,r=1]={<<<\n>>>tr><th>Re...\x00\x00\x00\x00\x00\x00\x00})
[DEBUG] write(array) s=OPEN,api=BLOCKING,sc=false,e=null aggregated !flush DirectByteBuffer@1c19d748[p=0,l=323,c=32768,r=323]={<<<<title>Webserver Environm.../EchoServlet</td></tr>\n>>>\n<tr><th>...gue. Pr}
[DEBUG] write(array HeapByteBuffer@3c8b271d[p=0,l=39,c=512,r=39]={<<<<tr><th>Query String</th><td></td></tr>>>>t</td></t...\x00\x00\x00\x00\x00\x00\x00})
[DEBUG] write(array) s=OPEN,api=BLOCKING,sc=false,e=null aggregated !flush DirectByteBuffer@1c19d748[p=0,l=362,c=32768,r=362]={<<<<title>Webserver Environm...ring</th><td></td></tr>>>>/td></tr>...gue. Pr}
[DEBUG] write(array HeapByteBuffer@4ffd603[p=0,l=1,c=512,r=1]={<<<\n>>>tr><th>Qu...\x00\x00\x00\x00\x00\x00\x00})
[DEBUG] write(array) s=OPEN,api=BLOCKING,sc=false,e=null aggregated !flush DirectByteBuffer@1c19d748[p=0,l=363,c=32768,r=363]={<<<<title>Webserver Environm...ing</th><td></td></tr>\n>>>td></tr>\n...gue. Pr}
[DEBUG] write(array HeapByteBuffer@48003a30[p=0,l=43,c=512,r=43]={<<<<tr><th>Cookie</th><td>auth=token</td></tr>>>>d></tr> <...\x00\x00\x00\x00\x00\x00\x00})
[DEBUG] write(array) s=OPEN,api=BLOCKING,sc=false,e=null aggregated !flush DirectByteBuffer@1c19d748[p=0,l=406,c=32768,r=406]={<<<<title>Webserver Environm...td>auth=token</td></tr>>>>image/gif...gue. Pr}
[DEBUG] write(array HeapByteBuffer@5d2c9012[p=0,l=1,c=512,r=1]={<<<\n>>>tr><th>Co...\x00\x00\x00\x00\x00\x00\x00})
[DEBUG] write(array) s=OPEN,api=BLOCKING,sc=false,e=null aggregated !flush DirectByteBuffer@1c19d748[p=0,l=407,c=32768,r=407]={<<<<title>Webserver Environm...d>auth=token</td></tr>\n>>>mage/gif,...gue. Pr}
[DEBUG] write(array HeapByteBuffer@38faf765[p=0,l=85,c=512,r=85]={<<<<tr><th>Accept</th><td>te....2, */*; q=.2</td></tr>>>>, td, th ...\x00\x00\x00\x00\x00\x00\x00})
[DEBUG] write(array) s=OPEN,api=BLOCKING,sc=false,e=null aggregated !flush DirectByteBuffer@1c19d748[p=0,l=492,c=32768,r=492]={<<<<title>Webserver Environm....2, */*; q=.2</td></tr>>>>/5.0 (Mac...gue. Pr}
[DEBUG] write(array HeapByteBuffer@42cf61b7[p=0,l=1,c=512,r=1]={<<<\n>>>tr><th>Ac...\x00\x00\x00\x00\x00\x00\x00})
[DEBUG] write(array) s=OPEN,api=BLOCKING,sc=false,e=null aggregated !flush DirectByteBuffer@1c19d748[p=0,l=493,c=32768,r=493]={<<<<title>Webserver Environm...2, */*; q=.2</td></tr>\n>>>5.0 (Maci...gue. Pr}
[DEBUG] write(array HeapByteBuffer@bd71264[p=0,l=152,c=512,r=152]={<<<<tr><th>User-Agent</th><t...Safari/537.36</td></tr>>>>      th ...\x00\x00\x00\x00\x00\x00\x00})
[DEBUG] write(array) s=OPEN,api=BLOCKING,sc=false,e=null aggregated !flush DirectByteBuffer@1c19d748[p=0,l=645,c=32768,r=645]={<<<<title>Webserver Environm...Safari/537.36</td></tr>>>>eep-alive...gue. Pr}
[DEBUG] write(array HeapByteBuffer@32c2bf0c[p=0,l=1,c=512,r=1]={<<<\n>>>tr><th>Us...\x00\x00\x00\x00\x00\x00\x00})
[DEBUG] write(array) s=OPEN,api=BLOCKING,sc=false,e=null aggregated !flush DirectByteBuffer@1c19d748[p=0,l=646,c=32768,r=646]={<<<<title>Webserver Environm...afari/537.36</td></tr>\n>>>ep-alive<...gue. Pr}
[DEBUG] write(array HeapByteBuffer@5dec37ee[p=0,l=47,c=512,r=47]={<<<<tr><th>Connection</th><td>keep-alive</td></tr>>>> NT 10.0;...\x00\x00\x00\x00\x00\x00\x00})
[DEBUG] write(array) s=OPEN,api=BLOCKING,sc=false,e=null aggregated !flush DirectByteBuffer@1c19d748[p=0,l=693,c=32768,r=693]={<<<<title>Webserver Environm...td>keep-alive</td></tr>>>>st:38858<...gue. Pr}
[DEBUG] write(array HeapByteBuffer@6497373d[p=0,l=1,c=512,r=1]={<<<\n>>>tr><th>Co...\x00\x00\x00\x00\x00\x00\x00})
[DEBUG] write(array) s=OPEN,api=BLOCKING,sc=false,e=null aggregated !flush DirectByteBuffer@1c19d748[p=0,l=694,c=32768,r=694]={<<<<title>Webserver Environm...d>keep-alive</td></tr>\n>>>t:38858</...gue. Pr}
[DEBUG] write(array HeapByteBuffer@57604df9[p=0,l=46,c=512,r=46]={<<<<tr><th>Host</th><td>localhost:38858</td></tr>>>>> NT 10.0...\x00\x00\x00\x00\x00\x00\x00})
[DEBUG] write(array) s=OPEN,api=BLOCKING,sc=false,e=null aggregated !flush DirectByteBuffer@1c19d748[p=0,l=740,c=32768,r=740]={<<<<title>Webserver Environm...calhost:38858</td></tr>>>><td>gzip<...gue. Pr}
[DEBUG] write(array HeapByteBuffer@70fdb2c6[p=0,l=1,c=512,r=1]={<<<\n>>>tr><th>Ho...\x00\x00\x00\x00\x00\x00\x00})
[DEBUG] write(array) s=OPEN,api=BLOCKING,sc=false,e=null aggregated !flush DirectByteBuffer@1c19d748[p=0,l=741,c=32768,r=741]={<<<<title>Webserver Environm...alhost:38858</td></tr>\n>>>td>gzip</...gue. Pr}
[DEBUG] write(array HeapByteBuffer@4c12a870[p=0,l=46,c=512,r=46]={<<<<tr><th>Accept-Encoding</th><td>gzip</td></tr>>>>> NT 10.0...\x00\x00\x00\x00\x00\x00\x00})
[DEBUG] write(array) s=OPEN,api=BLOCKING,sc=false,e=null aggregated !flush DirectByteBuffer@1c19d748[p=0,l=787,c=32768,r=787]={<<<<title>Webserver Environm...</th><td>gzip</td></tr>>>>td>11</td...gue. Pr}
[DEBUG] write(array HeapByteBuffer@11e14010[p=0,l=1,c=512,r=1]={<<<\n>>>tr><th>Ac...\x00\x00\x00\x00\x00\x00\x00})
[DEBUG] write(array) s=OPEN,api=BLOCKING,sc=false,e=null aggregated !flush DirectByteBuffer@1c19d748[p=0,l=788,c=32768,r=788]={<<<<title>Webserver Environm.../th><td>gzip</td></tr>\n>>>d>11</td>...gue. Pr}
[DEBUG] write(array HeapByteBuffer@443bc850[p=0,l=43,c=512,r=43]={<<<<tr><th>Content-Length</th><td>64</td></tr>>>>tr>> NT 1...\x00\x00\x00\x00\x00\x00\x00})
[DEBUG] write(array) s=OPEN,api=BLOCKING,sc=false,e=null aggregated !flush DirectByteBuffer@1c19d748[p=0,l=831,c=32768,r=831]={<<<<title>Webserver Environm...th</th><td>64</td></tr>>>>>applicat...gue. Pr}
[DEBUG] write(array HeapByteBuffer@59cd3993[p=0,l=1,c=512,r=1]={<<<\n>>>tr><th>Co...\x00\x00\x00\x00\x00\x00\x00})
[DEBUG] write(array) s=OPEN,api=BLOCKING,sc=false,e=null aggregated !flush DirectByteBuffer@1c19d748[p=0,l=832,c=32768,r=832]={<<<<title>Webserver Environm...h</th><td>64</td></tr>\n>>>applicati...gue. Pr}
[DEBUG] write(array HeapByteBuffer@c54bf2[p=0,l=87,c=512,r=87]={<<<<tr><th>Content-Type</th>...charset=UTF-8</td></tr>>>> (KHTML, ...\x00\x00\x00\x00\x00\x00\x00})
[DEBUG] write(array) s=OPEN,api=BLOCKING,sc=false,e=null aggregated !flush DirectByteBuffer@1c19d748[p=0,l=919,c=32768,r=919]={<<<<title>Webserver Environm...charset=UTF-8</td></tr>>>>>{key:val...gue. Pr}
[DEBUG] write(array HeapByteBuffer@1b3f6a3a[p=0,l=1,c=512,r=1]={<<<\n>>>tr><th>Co...\x00\x00\x00\x00\x00\x00\x00})
[DEBUG] write(array) s=OPEN,api=BLOCKING,sc=false,e=null aggregated !flush DirectByteBuffer@1c19d748[p=0,l=920,c=32768,r=920]={<<<<title>Webserver Environm...harset=UTF-8</td></tr>\n>>>{key:valu...gue. Pr}
[DEBUG] write(array HeapByteBuffer@15c5845[p=0,l=44,c=512,r=44]={<<<<tr><th>Cookie: auth</th><td>token</td></tr>>>>ww-form-u...\x00\x00\x00\x00\x00\x00\x00})
[DEBUG] write(array) s=OPEN,api=BLOCKING,sc=false,e=null aggregated !flush DirectByteBuffer@1c19d748[p=0,l=964,c=32768,r=964]={<<<<title>Webserver Environm.../th><td>token</td></tr>>>>\n<tr><th>...gue. Pr}
[DEBUG] write(array HeapByteBuffer@316df85c[p=0,l=1,c=512,r=1]={<<<\n>>>tr><th>Co...\x00\x00\x00\x00\x00\x00\x00})
[DEBUG] write(array) s=OPEN,api=BLOCKING,sc=false,e=null aggregated !flush DirectByteBuffer@1c19d748[p=0,l=965,c=32768,r=965]={<<<<title>Webserver Environm...th><td>token</td></tr>\n>>><tr><th>\xE7...gue. Pr}
[DEBUG] HttpConnection@3be4ecda::SocketChannelEndPoint@122254ce{l=/127.0.0.1:38858,r=/127.0.0.1:42942,OPEN,fill=-,flush=-,to=1/30000}{io=0/0,kio=0,kro=1}->HttpConnection@3be4ecda[p=HttpParser{s=CONTENT,0 of 64},g=HttpGenerator@af7230{s=START}]=>HttpChannelOverHttp@f268a5a{s=HttpChannelState@2e8f904b{s=HANDLING rs=BLOCKING os=OPEN is=IDLE awp=false se=false i=true al=0},r=45,c=false/false,a=HANDLING,uri=//localhost:38858/EchoServlet,age=1} parse HeapByteBuffer@78a30358[p=394,l=458,c=8192,r=64]={PUT /Echo... 64\r\n\r\n<<<uname=Jsoup&uname=Jonatha...BA%A6%E4%B8%80%E4%B8%8B>>>\xCb\xF5\xF3)\xF6\xA0\xB2\xDc\xDd...\x00\x00\x00\x00\x00\x00\x00} {}
[DEBUG] parseNext s=CONTENT HeapByteBuffer@78a30358[p=394,l=458,c=8192,r=64]={PUT /Echo... 64\r\n\r\n<<<uname=Jsoup&uname=Jonatha...BA%A6%E4%B8%80%E4%B8%8B>>>\xCb\xF5\xF3)\xF6\xA0\xB2\xDc\xDd...\x00\x00\x00\x00\x00\x00\x00}
[DEBUG] onContent HttpChannelOverHttp@f268a5a{s=HttpChannelState@2e8f904b{s=HANDLING rs=BLOCKING os=OPEN is=IDLE awp=false se=false i=true al=0},r=45,c=false/false,a=HANDLING,uri=//localhost:38858/EchoServlet,age=2} Content@1bddbf58{HeapByteBufferR@7b5368a3[p=394,l=458,c=8192,r=64]={PUT /Echo... 64\r\n\r\n<<<uname=Jsoup&uname=Jonatha...BA%A6%E4%B8%80%E4%B8%8B>>>\xCb\xF5\xF3)\xF6\xA0\xB2\xDc\xDd...\x00\x00\x00\x00\x00\x00\x00}}
[DEBUG] HttpInputOverHTTP@5e34fa8b[c=0,q=0,[0]=null,s=STREAM] addContent Content@1bddbf58{HeapByteBufferR@7b5368a3[p=394,l=458,c=8192,r=64]={PUT /Echo... 64\r\n\r\n<<<uname=Jsoup&uname=Jonatha...BA%A6%E4%B8%80%E4%B8%8B>>>\xCb\xF5\xF3)\xF6\xA0\xB2\xDc\xDd...\x00\x00\x00\x00\x00\x00\x00}}
[DEBUG] CONTENT --> CONTENT_END
[DEBUG] onContentComplete HttpChannelOverHttp@f268a5a{s=HttpChannelState@2e8f904b{s=HANDLING rs=BLOCKING os=OPEN is=IDLE awp=false se=false i=true al=0},r=45,c=false/false,a=HANDLING,uri=//localhost:38858/EchoServlet,age=2}
[DEBUG] CONTENT_END --> END
[DEBUG] onRequestComplete HttpChannelOverHttp@f268a5a{s=HttpChannelState@2e8f904b{s=HANDLING rs=BLOCKING os=OPEN is=IDLE awp=false se=false i=true al=0},r=45,c=false/false,a=HANDLING,uri=//localhost:38858/EchoServlet,age=2}
[DEBUG] HttpInputOverHTTP@5e34fa8b[c=0,q=1,[0]=EOF,s=STREAM] addContent EOF
[DEBUG] HttpConnection@3be4ecda::SocketChannelEndPoint@122254ce{l=/127.0.0.1:38858,r=/127.0.0.1:42942,OPEN,fill=-,flush=-,to=2/30000}{io=0/0,kio=0,kro=1}->HttpConnection@3be4ecda[p=HttpParser{s=END,64 of 64},g=HttpGenerator@af7230{s=START}]=>HttpChannelOverHttp@f268a5a{s=HttpChannelState@2e8f904b{s=HANDLING rs=BLOCKING os=OPEN is=IDLE awp=false se=false i=true al=0},r=45,c=false/false,a=HANDLING,uri=//localhost:38858/EchoServlet,age=2} parsed false HttpParser{s=END,64 of 64}
[DEBUG] HttpInputOverHTTP@5e34fa8b[c=1,q=1,[0]=EOF,s=STREAM] read 1 from Content@1bddbf58{HeapByteBufferR@7b5368a3[p=395,l=458,c=8192,r=63]={PUT /Echo...64\r\n\r\nu<<<name=Jsoup&uname=Jonathan...BA%A6%E4%B8%80%E4%B8%8B>>>\xCb\xF5\xF3)\xF6\xA0\xB2\xDc\xDd...\x00\x00\x00\x00\x00\x00\x00}}
[DEBUG] HttpInputOverHTTP@5e34fa8b[c=2,q=1,[0]=EOF,s=STREAM] read 1 from Content@1bddbf58{HeapByteBufferR@7b5368a3[p=396,l=458,c=8192,r=62]={PUT /Echo...4\r\n\r\nun<<<ame=Jsoup&uname=Jonathan&...BA%A6%E4%B8%80%E4%B8%8B>>>\xCb\xF5\xF3)\xF6\xA0\xB2\xDc\xDd...\x00\x00\x00\x00\x00\x00\x00}}
[DEBUG] HttpInputOverHTTP@5e34fa8b[c=3,q=1,[0]=EOF,s=STREAM] read 1 from Content@1bddbf58{HeapByteBufferR@7b5368a3[p=397,l=458,c=8192,r=61]={PUT /Echo...\r\n\r\nuna<<<me=Jsoup&uname=Jonathan&%...BA%A6%E4%B8%80%E4%B8%8B>>>\xCb\xF5\xF3)\xF6\xA0\xB2\xDc\xDd...\x00\x00\x00\x00\x00\x00\x00}}
[DEBUG] HttpInputOverHTTP@5e34fa8b[c=4,q=1,[0]=EOF,s=STREAM] read 1 from Content@1bddbf58{HeapByteBufferR@7b5368a3[p=398,l=458,c=8192,r=60]={PUT /Echo...\n\r\nunam<<<e=Jsoup&uname=Jonathan&%E...BA%A6%E4%B8%80%E4%B8%8B>>>\xCb\xF5\xF3)\xF6\xA0\xB2\xDc\xDd...\x00\x00\x00\x00\x00\x00\x00}}
[DEBUG] HttpInputOverHTTP@5e34fa8b[c=5,q=1,[0]=EOF,s=STREAM] read 1 from Content@1bddbf58{HeapByteBufferR@7b5368a3[p=399,l=458,c=8192,r=59]={PUT /Echo...\r\nuname<<<=Jsoup&uname=Jonathan&%E7...BA%A6%E4%B8%80%E4%B8%8B>>>\xCb\xF5\xF3)\xF6\xA0\xB2\xDc\xDd...\x00\x00\x00\x00\x00\x00\x00}}
[DEBUG] HttpInputOverHTTP@5e34fa8b[c=6,q=1,[0]=EOF,s=STREAM] read 1 from Content@1bddbf58{HeapByteBufferR@7b5368a3[p=400,l=458,c=8192,r=58]={PUT /Echo...\nuname=<<<Jsoup&uname=Jonathan&%E7%...BA%A6%E4%B8%80%E4%B8%8B>>>\xCb\xF5\xF3)\xF6\xA0\xB2\xDc\xDd...\x00\x00\x00\x00\x00\x00\x00}}
[DEBUG] HttpInputOverHTTP@5e34fa8b[c=7,q=1,[0]=EOF,s=STREAM] read 1 from Content@1bddbf58{HeapByteBufferR@7b5368a3[p=401,l=458,c=8192,r=57]={PUT /Echo...uname=J<<<soup&uname=Jonathan&%E7%9...BA%A6%E4%B8%80%E4%B8%8B>>>\xCb\xF5\xF3)\xF6\xA0\xB2\xDc\xDd...\x00\x00\x00\x00\x00\x00\x00}}
[DEBUG] HttpInputOverHTTP@5e34fa8b[c=8,q=1,[0]=EOF,s=STREAM] read 1 from Content@1bddbf58{HeapByteBufferR@7b5368a3[p=402,l=458,c=8192,r=56]={PUT /Echo...name=Js<<<oup&uname=Jonathan&%E7%99...BA%A6%E4%B8%80%E4%B8%8B>>>\xCb\xF5\xF3)\xF6\xA0\xB2\xDc\xDd...\x00\x00\x00\x00\x00\x00\x00}}
[DEBUG] HttpInputOverHTTP@5e34fa8b[c=9,q=1,[0]=EOF,s=STREAM] read 1 from Content@1bddbf58{HeapByteBufferR@7b5368a3[p=403,l=458,c=8192,r=55]={PUT /Echo...ame=Jso<<<up&uname=Jonathan&%E7%99%...BA%A6%E4%B8%80%E4%B8%8B>>>\xCb\xF5\xF3)\xF6\xA0\xB2\xDc\xDd...\x00\x00\x00\x00\x00\x00\x00}}
[DEBUG] HttpInputOverHTTP@5e34fa8b[c=10,q=1,[0]=EOF,s=STREAM] read 1 from Content@1bddbf58{HeapByteBufferR@7b5368a3[p=404,l=458,c=8192,r=54]={PUT /Echo...me=Jsou<<<p&uname=Jonathan&%E7%99%B...BA%A6%E4%B8%80%E4%B8%8B>>>\xCb\xF5\xF3)\xF6\xA0\xB2\xDc\xDd...\x00\x00\x00\x00\x00\x00\x00}}
[DEBUG] HttpInputOverHTTP@5e34fa8b[c=11,q=1,[0]=EOF,s=STREAM] read 1 from Content@1bddbf58{HeapByteBufferR@7b5368a3[p=405,l=458,c=8192,r=53]={PUT /Echo...e=Jsoup<<<&uname=Jonathan&%E7%99%BE...BA%A6%E4%B8%80%E4%B8%8B>>>\xCb\xF5\xF3)\xF6\xA0\xB2\xDc\xDd...\x00\x00\x00\x00\x00\x00\x00}}
[DEBUG] HttpInputOverHTTP@5e34fa8b[c=12,q=1,[0]=EOF,s=STREAM] read 1 from Content@1bddbf58{HeapByteBufferR@7b5368a3[p=406,l=458,c=8192,r=52]={PUT /Echo...=Jsoup&<<<uname=Jonathan&%E7%99%BE=...BA%A6%E4%B8%80%E4%B8%8B>>>\xCb\xF5\xF3)\xF6\xA0\xB2\xDc\xDd...\x00\x00\x00\x00\x00\x00\x00}}
[DEBUG] HttpInputOverHTTP@5e34fa8b[c=13,q=1,[0]=EOF,s=STREAM] read 1 from Content@1bddbf58{HeapByteBufferR@7b5368a3[p=407,l=458,c=8192,r=51]={PUT /Echo...Jsoup&u<<<name=Jonathan&%E7%99%BE=%...BA%A6%E4%B8%80%E4%B8%8B>>>\xCb\xF5\xF3)\xF6\xA0\xB2\xDc\xDd...\x00\x00\x00\x00\x00\x00\x00}}
[DEBUG] HttpInputOverHTTP@5e34fa8b[c=14,q=1,[0]=EOF,s=STREAM] read 1 from Content@1bddbf58{HeapByteBufferR@7b5368a3[p=408,l=458,c=8192,r=50]={PUT /Echo...soup&un<<<ame=Jonathan&%E7%99%BE=%E...BA%A6%E4%B8%80%E4%B8%8B>>>\xCb\xF5\xF3)\xF6\xA0\xB2\xDc\xDd...\x00\x00\x00\x00\x00\x00\x00}}
[DEBUG] HttpInputOverHTTP@5e34fa8b[c=15,q=1,[0]=EOF,s=STREAM] read 1 from Content@1bddbf58{HeapByteBufferR@7b5368a3[p=409,l=458,c=8192,r=49]={PUT /Echo...oup&una<<<me=Jonathan&%E7%99%BE=%E5...BA%A6%E4%B8%80%E4%B8%8B>>>\xCb\xF5\xF3)\xF6\xA0\xB2\xDc\xDd...\x00\x00\x00\x00\x00\x00\x00}}
[DEBUG] HttpInputOverHTTP@5e34fa8b[c=16,q=1,[0]=EOF,s=STREAM] read 1 from Content@1bddbf58{HeapByteBufferR@7b5368a3[p=410,l=458,c=8192,r=48]={PUT /Echo...up&unam<<<e=Jonathan&%E7%99%BE=%E5%BA%A6%E4%B8%80%E4%B8%8B>>>\xCb\xF5\xF3)\xF6\xA0\xB2\xDc\xDd...\x00\x00\x00\x00\x00\x00\x00}}
[DEBUG] HttpInputOverHTTP@5e34fa8b[c=17,q=1,[0]=EOF,s=STREAM] read 1 from Content@1bddbf58{HeapByteBufferR@7b5368a3[p=411,l=458,c=8192,r=47]={PUT /Echo...p&uname<<<=Jonathan&%E7%99%BE=%E5%BA%A6%E4%B8%80%E4%B8%8B>>>\xCb\xF5\xF3)\xF6\xA0\xB2\xDc\xDd...\x00\x00\x00\x00\x00\x00\x00}}
[DEBUG] HttpInputOverHTTP@5e34fa8b[c=18,q=1,[0]=EOF,s=STREAM] read 1 from Content@1bddbf58{HeapByteBufferR@7b5368a3[p=412,l=458,c=8192,r=46]={PUT /Echo...&uname=<<<Jonathan&%E7%99%BE=%E5%BA%A6%E4%B8%80%E4%B8%8B>>>\xCb\xF5\xF3)\xF6\xA0\xB2\xDc\xDd...\x00\x00\x00\x00\x00\x00\x00}}
[DEBUG] HttpInputOverHTTP@5e34fa8b[c=19,q=1,[0]=EOF,s=STREAM] read 1 from Content@1bddbf58{HeapByteBufferR@7b5368a3[p=413,l=458,c=8192,r=45]={PUT /Echo...uname=J<<<onathan&%E7%99%BE=%E5%BA%A6%E4%B8%80%E4%B8%8B>>>\xCb\xF5\xF3)\xF6\xA0\xB2\xDc\xDd...\x00\x00\x00\x00\x00\x00\x00}}
[DEBUG] HttpInputOverHTTP@5e34fa8b[c=20,q=1,[0]=EOF,s=STREAM] read 1 from Content@1bddbf58{HeapByteBufferR@7b5368a3[p=414,l=458,c=8192,r=44]={PUT /Echo...name=Jo<<<nathan&%E7%99%BE=%E5%BA%A6%E4%B8%80%E4%B8%8B>>>\xCb\xF5\xF3)\xF6\xA0\xB2\xDc\xDd...\x00\x00\x00\x00\x00\x00\x00}}
[DEBUG] HttpInputOverHTTP@5e34fa8b[c=21,q=1,[0]=EOF,s=STREAM] read 1 from Content@1bddbf58{HeapByteBufferR@7b5368a3[p=415,l=458,c=8192,r=43]={PUT /Echo...ame=Jon<<<athan&%E7%99%BE=%E5%BA%A6%E4%B8%80%E4%B8%8B>>>\xCb\xF5\xF3)\xF6\xA0\xB2\xDc\xDd...\x00\x00\x00\x00\x00\x00\x00}}
[DEBUG] HttpInputOverHTTP@5e34fa8b[c=22,q=1,[0]=EOF,s=STREAM] read 1 from Content@1bddbf58{HeapByteBufferR@7b5368a3[p=416,l=458,c=8192,r=42]={PUT /Echo...me=Jona<<<than&%E7%99%BE=%E5%BA%A6%E4%B8%80%E4%B8%8B>>>\xCb\xF5\xF3)\xF6\xA0\xB2\xDc\xDd...\x00\x00\x00\x00\x00\x00\x00}}
[DEBUG] HttpInputOverHTTP@5e34fa8b[c=23,q=1,[0]=EOF,s=STREAM] read 1 from Content@1bddbf58{HeapByteBufferR@7b5368a3[p=417,l=458,c=8192,r=41]={PUT /Echo...e=Jonat<<<han&%E7%99%BE=%E5%BA%A6%E4%B8%80%E4%B8%8B>>>\xCb\xF5\xF3)\xF6\xA0\xB2\xDc\xDd...\x00\x00\x00\x00\x00\x00\x00}}
[DEBUG] HttpInputOverHTTP@5e34fa8b[c=24,q=1,[0]=EOF,s=STREAM] read 1 from Content@1bddbf58{HeapByteBufferR@7b5368a3[p=418,l=458,c=8192,r=40]={PUT /Echo...=Jonath<<<an&%E7%99%BE=%E5%BA%A6%E4%B8%80%E4%B8%8B>>>\xCb\xF5\xF3)\xF6\xA0\xB2\xDc\xDd...\x00\x00\x00\x00\x00\x00\x00}}
[DEBUG] HttpInputOverHTTP@5e34fa8b[c=25,q=1,[0]=EOF,s=STREAM] read 1 from Content@1bddbf58{HeapByteBufferR@7b5368a3[p=419,l=458,c=8192,r=39]={PUT /Echo...Jonatha<<<n&%E7%99%BE=%E5%BA%A6%E4%B8%80%E4%B8%8B>>>\xCb\xF5\xF3)\xF6\xA0\xB2\xDc\xDd...\x00\x00\x00\x00\x00\x00\x00}}
[DEBUG] HttpInputOverHTTP@5e34fa8b[c=26,q=1,[0]=EOF,s=STREAM] read 1 from Content@1bddbf58{HeapByteBufferR@7b5368a3[p=420,l=458,c=8192,r=38]={PUT /Echo...onathan<<<&%E7%99%BE=%E5%BA%A6%E4%B8%80%E4%B8%8B>>>\xCb\xF5\xF3)\xF6\xA0\xB2\xDc\xDd...\x00\x00\x00\x00\x00\x00\x00}}
[DEBUG] HttpInputOverHTTP@5e34fa8b[c=27,q=1,[0]=EOF,s=STREAM] read 1 from Content@1bddbf58{HeapByteBufferR@7b5368a3[p=421,l=458,c=8192,r=37]={PUT /Echo...nathan&<<<%E7%99%BE=%E5%BA%A6%E4%B8%80%E4%B8%8B>>>\xCb\xF5\xF3)\xF6\xA0\xB2\xDc\xDd...\x00\x00\x00\x00\x00\x00\x00}}
[DEBUG] HttpInputOverHTTP@5e34fa8b[c=28,q=1,[0]=EOF,s=STREAM] read 1 from Content@1bddbf58{HeapByteBufferR@7b5368a3[p=422,l=458,c=8192,r=36]={PUT /Echo...athan&%<<<E7%99%BE=%E5%BA%A6%E4%B8%80%E4%B8%8B>>>\xCb\xF5\xF3)\xF6\xA0\xB2\xDc\xDd...\x00\x00\x00\x00\x00\x00\x00}}
[DEBUG] HttpInputOverHTTP@5e34fa8b[c=29,q=1,[0]=EOF,s=STREAM] read 1 from Content@1bddbf58{HeapByteBufferR@7b5368a3[p=423,l=458,c=8192,r=35]={PUT /Echo...than&%E<<<7%99%BE=%E5%BA%A6%E4%B8%80%E4%B8%8B>>>\xCb\xF5\xF3)\xF6\xA0\xB2\xDc\xDd...\x00\x00\x00\x00\x00\x00\x00}}
[DEBUG] HttpInputOverHTTP@5e34fa8b[c=30,q=1,[0]=EOF,s=STREAM] read 1 from Content@1bddbf58{HeapByteBufferR@7b5368a3[p=424,l=458,c=8192,r=34]={PUT /Echo...han&%E7<<<%99%BE=%E5%BA%A6%E4%B8%80%E4%B8%8B>>>\xCb\xF5\xF3)\xF6\xA0\xB2\xDc\xDd...\x00\x00\x00\x00\x00\x00\x00}}
[DEBUG] HttpInputOverHTTP@5e34fa8b[c=31,q=1,[0]=EOF,s=STREAM] read 1 from Content@1bddbf58{HeapByteBufferR@7b5368a3[p=425,l=458,c=8192,r=33]={PUT /Echo...an&%E7%<<<99%BE=%E5%BA%A6%E4%B8%80%E4%B8%8B>>>\xCb\xF5\xF3)\xF6\xA0\xB2\xDc\xDd...\x00\x00\x00\x00\x00\x00\x00}}
[DEBUG] HttpInputOverHTTP@5e34fa8b[c=32,q=1,[0]=EOF,s=STREAM] read 1 from Content@1bddbf58{HeapByteBufferR@7b5368a3[p=426,l=458,c=8192,r=32]={PUT /Echo...n&%E7%9<<<9%BE=%E5%BA%A6%E4%B8%80%E4%B8%8B>>>\xCb\xF5\xF3)\xF6\xA0\xB2\xDc\xDd...\x00\x00\x00\x00\x00\x00\x00}}
[DEBUG] HttpInputOverHTTP@5e34fa8b[c=33,q=1,[0]=EOF,s=STREAM] read 1 from Content@1bddbf58{HeapByteBufferR@7b5368a3[p=427,l=458,c=8192,r=31]={PUT /Echo...&%E7%99<<<%BE=%E5%BA%A6%E4%B8%80%E4%B8%8B>>>\xCb\xF5\xF3)\xF6\xA0\xB2\xDc\xDd...\x00\x00\x00\x00\x00\x00\x00}}
[DEBUG] HttpInputOverHTTP@5e34fa8b[c=34,q=1,[0]=EOF,s=STREAM] read 1 from Content@1bddbf58{HeapByteBufferR@7b5368a3[p=428,l=458,c=8192,r=30]={PUT /Echo...%E7%99%<<<BE=%E5%BA%A6%E4%B8%80%E4%B8%8B>>>\xCb\xF5\xF3)\xF6\xA0\xB2\xDc\xDd...\x00\x00\x00\x00\x00\x00\x00}}
[DEBUG] HttpInputOverHTTP@5e34fa8b[c=35,q=1,[0]=EOF,s=STREAM] read 1 from Content@1bddbf58{HeapByteBufferR@7b5368a3[p=429,l=458,c=8192,r=29]={PUT /Echo...E7%99%B<<<E=%E5%BA%A6%E4%B8%80%E4%B8%8B>>>\xCb\xF5\xF3)\xF6\xA0\xB2\xDc\xDd...\x00\x00\x00\x00\x00\x00\x00}}
[DEBUG] HttpInputOverHTTP@5e34fa8b[c=36,q=1,[0]=EOF,s=STREAM] read 1 from Content@1bddbf58{HeapByteBufferR@7b5368a3[p=430,l=458,c=8192,r=28]={PUT /Echo...7%99%BE<<<=%E5%BA%A6%E4%B8%80%E4%B8%8B>>>\xCb\xF5\xF3)\xF6\xA0\xB2\xDc\xDd...\x00\x00\x00\x00\x00\x00\x00}}
[DEBUG] HttpInputOverHTTP@5e34fa8b[c=37,q=1,[0]=EOF,s=STREAM] read 1 from Content@1bddbf58{HeapByteBufferR@7b5368a3[p=431,l=458,c=8192,r=27]={PUT /Echo...%99%BE=<<<%E5%BA%A6%E4%B8%80%E4%B8%8B>>>\xCb\xF5\xF3)\xF6\xA0\xB2\xDc\xDd...\x00\x00\x00\x00\x00\x00\x00}}
[DEBUG] HttpInputOverHTTP@5e34fa8b[c=38,q=1,[0]=EOF,s=STREAM] read 1 from Content@1bddbf58{HeapByteBufferR@7b5368a3[p=432,l=458,c=8192,r=26]={PUT /Echo...99%BE=%<<<E5%BA%A6%E4%B8%80%E4%B8%8B>>>\xCb\xF5\xF3)\xF6\xA0\xB2\xDc\xDd...\x00\x00\x00\x00\x00\x00\x00}}
[DEBUG] HttpInputOverHTTP@5e34fa8b[c=39,q=1,[0]=EOF,s=STREAM] read 1 from Content@1bddbf58{HeapByteBufferR@7b5368a3[p=433,l=458,c=8192,r=25]={PUT /Echo...9%BE=%E<<<5%BA%A6%E4%B8%80%E4%B8%8B>>>\xCb\xF5\xF3)\xF6\xA0\xB2\xDc\xDd...\x00\x00\x00\x00\x00\x00\x00}}
[DEBUG] HttpInputOverHTTP@5e34fa8b[c=40,q=1,[0]=EOF,s=STREAM] read 1 from Content@1bddbf58{HeapByteBufferR@7b5368a3[p=434,l=458,c=8192,r=24]={PUT /Echo...%BE=%E5<<<%BA%A6%E4%B8%80%E4%B8%8B>>>\xCb\xF5\xF3)\xF6\xA0\xB2\xDc\xDd...\x00\x00\x00\x00\x00\x00\x00}}
[DEBUG] HttpInputOverHTTP@5e34fa8b[c=41,q=1,[0]=EOF,s=STREAM] read 1 from Content@1bddbf58{HeapByteBufferR@7b5368a3[p=435,l=458,c=8192,r=23]={PUT /Echo...BE=%E5%<<<BA%A6%E4%B8%80%E4%B8%8B>>>\xCb\xF5\xF3)\xF6\xA0\xB2\xDc\xDd...\x00\x00\x00\x00\x00\x00\x00}}
[DEBUG] HttpInputOverHTTP@5e34fa8b[c=42,q=1,[0]=EOF,s=STREAM] read 1 from Content@1bddbf58{HeapByteBufferR@7b5368a3[p=436,l=458,c=8192,r=22]={PUT /Echo...E=%E5%B<<<A%A6%E4%B8%80%E4%B8%8B>>>\xCb\xF5\xF3)\xF6\xA0\xB2\xDc\xDd...\x00\x00\x00\x00\x00\x00\x00}}
[DEBUG] HttpInputOverHTTP@5e34fa8b[c=43,q=1,[0]=EOF,s=STREAM] read 1 from Content@1bddbf58{HeapByteBufferR@7b5368a3[p=437,l=458,c=8192,r=21]={PUT /Echo...=%E5%BA<<<%A6%E4%B8%80%E4%B8%8B>>>\xCb\xF5\xF3)\xF6\xA0\xB2\xDc\xDd...\x00\x00\x00\x00\x00\x00\x00}}
[DEBUG] HttpInputOverHTTP@5e34fa8b[c=44,q=1,[0]=EOF,s=STREAM] read 1 from Content@1bddbf58{HeapByteBufferR@7b5368a3[p=438,l=458,c=8192,r=20]={PUT /Echo...%E5%BA%<<<A6%E4%B8%80%E4%B8%8B>>>\xCb\xF5\xF3)\xF6\xA0\xB2\xDc\xDd...\x00\x00\x00\x00\x00\x00\x00}}
[DEBUG] HttpInputOverHTTP@5e34fa8b[c=45,q=1,[0]=EOF,s=STREAM] read 1 from Content@1bddbf58{HeapByteBufferR@7b5368a3[p=439,l=458,c=8192,r=19]={PUT /Echo...E5%BA%A<<<6%E4%B8%80%E4%B8%8B>>>\xCb\xF5\xF3)\xF6\xA0\xB2\xDc\xDd...\x00\x00\x00\x00\x00\x00\x00}}
[DEBUG] HttpInputOverHTTP@5e34fa8b[c=46,q=1,[0]=EOF,s=STREAM] read 1 from Content@1bddbf58{HeapByteBufferR@7b5368a3[p=440,l=458,c=8192,r=18]={PUT /Echo...5%BA%A6<<<%E4%B8%80%E4%B8%8B>>>\xCb\xF5\xF3)\xF6\xA0\xB2\xDc\xDd...\x00\x00\x00\x00\x00\x00\x00}}
[DEBUG] HttpInputOverHTTP@5e34fa8b[c=47,q=1,[0]=EOF,s=STREAM] read 1 from Content@1bddbf58{HeapByteBufferR@7b5368a3[p=441,l=458,c=8192,r=17]={PUT /Echo...%BA%A6%<<<E4%B8%80%E4%B8%8B>>>\xCb\xF5\xF3)\xF6\xA0\xB2\xDc\xDd...\x00\x00\x00\x00\x00\x00\x00}}
[DEBUG] HttpInputOverHTTP@5e34fa8b[c=48,q=1,[0]=EOF,s=STREAM] read 1 from Content@1bddbf58{HeapByteBufferR@7b5368a3[p=442,l=458,c=8192,r=16]={PUT /Echo...BA%A6%E<<<4%B8%80%E4%B8%8B>>>\xCb\xF5\xF3)\xF6\xA0\xB2\xDc\xDd...\x00\x00\x00\x00\x00\x00\x00}}
[DEBUG] HttpInputOverHTTP@5e34fa8b[c=49,q=1,[0]=EOF,s=STREAM] read 1 from Content@1bddbf58{HeapByteBufferR@7b5368a3[p=443,l=458,c=8192,r=15]={PUT /Echo...A%A6%E4<<<%B8%80%E4%B8%8B>>>\xCb\xF5\xF3)\xF6\xA0\xB2\xDc\xDd...\x00\x00\x00\x00\x00\x00\x00}}
[DEBUG] HttpInputOverHTTP@5e34fa8b[c=50,q=1,[0]=EOF,s=STREAM] read 1 from Content@1bddbf58{HeapByteBufferR@7b5368a3[p=444,l=458,c=8192,r=14]={PUT /Echo...%A6%E4%<<<B8%80%E4%B8%8B>>>\xCb\xF5\xF3)\xF6\xA0\xB2\xDc\xDd...\x00\x00\x00\x00\x00\x00\x00}}
[DEBUG] HttpInputOverHTTP@5e34fa8b[c=51,q=1,[0]=EOF,s=STREAM] read 1 from Content@1bddbf58{HeapByteBufferR@7b5368a3[p=445,l=458,c=8192,r=13]={PUT /Echo...A6%E4%B<<<8%80%E4%B8%8B>>>\xCb\xF5\xF3)\xF6\xA0\xB2\xDc\xDd...\x00\x00\x00\x00\x00\x00\x00}}
[DEBUG] HttpInputOverHTTP@5e34fa8b[c=52,q=1,[0]=EOF,s=STREAM] read 1 from Content@1bddbf58{HeapByteBufferR@7b5368a3[p=446,l=458,c=8192,r=12]={PUT /Echo...6%E4%B8<<<%80%E4%B8%8B>>>\xCb\xF5\xF3)\xF6\xA0\xB2\xDc\xDd...\x00\x00\x00\x00\x00\x00\x00}}
[DEBUG] HttpInputOverHTTP@5e34fa8b[c=53,q=1,[0]=EOF,s=STREAM] read 1 from Content@1bddbf58{HeapByteBufferR@7b5368a3[p=447,l=458,c=8192,r=11]={PUT /Echo...%E4%B8%<<<80%E4%B8%8B>>>\xCb\xF5\xF3)\xF6\xA0\xB2\xDc\xDd...\x00\x00\x00\x00\x00\x00\x00}}
[DEBUG] HttpInputOverHTTP@5e34fa8b[c=54,q=1,[0]=EOF,s=STREAM] read 1 from Content@1bddbf58{HeapByteBufferR@7b5368a3[p=448,l=458,c=8192,r=10]={PUT /Echo...E4%B8%8<<<0%E4%B8%8B>>>\xCb\xF5\xF3)\xF6\xA0\xB2\xDc\xDd...\x00\x00\x00\x00\x00\x00\x00}}
[DEBUG] HttpInputOverHTTP@5e34fa8b[c=55,q=1,[0]=EOF,s=STREAM] read 1 from Content@1bddbf58{HeapByteBufferR@7b5368a3[p=449,l=458,c=8192,r=9]={PUT /Echo...4%B8%80<<<%E4%B8%8B>>>\xCb\xF5\xF3)\xF6\xA0\xB2\xDc\xDd...\x00\x00\x00\x00\x00\x00\x00}}
[DEBUG] HttpInputOverHTTP@5e34fa8b[c=56,q=1,[0]=EOF,s=STREAM] read 1 from Content@1bddbf58{HeapByteBufferR@7b5368a3[p=450,l=458,c=8192,r=8]={PUT /Echo...%B8%80%<<<E4%B8%8B>>>\xCb\xF5\xF3)\xF6\xA0\xB2\xDc\xDd...\x00\x00\x00\x00\x00\x00\x00}}
[DEBUG] HttpInputOverHTTP@5e34fa8b[c=57,q=1,[0]=EOF,s=STREAM] read 1 from Content@1bddbf58{HeapByteBufferR@7b5368a3[p=451,l=458,c=8192,r=7]={PUT /Echo...B8%80%E<<<4%B8%8B>>>\xCb\xF5\xF3)\xF6\xA0\xB2\xDc\xDd...\x00\x00\x00\x00\x00\x00\x00}}
[DEBUG] HttpInputOverHTTP@5e34fa8b[c=58,q=1,[0]=EOF,s=STREAM] read 1 from Content@1bddbf58{HeapByteBufferR@7b5368a3[p=452,l=458,c=8192,r=6]={PUT /Echo...8%80%E4<<<%B8%8B>>>\xCb\xF5\xF3)\xF6\xA0\xB2\xDc\xDd...\x00\x00\x00\x00\x00\x00\x00}}
[DEBUG] HttpInputOverHTTP@5e34fa8b[c=59,q=1,[0]=EOF,s=STREAM] read 1 from Content@1bddbf58{HeapByteBufferR@7b5368a3[p=453,l=458,c=8192,r=5]={PUT /Echo...%80%E4%<<<B8%8B>>>\xCb\xF5\xF3)\xF6\xA0\xB2\xDc\xDd...\x00\x00\x00\x00\x00\x00\x00}}
[DEBUG] HttpInputOverHTTP@5e34fa8b[c=60,q=1,[0]=EOF,s=STREAM] read 1 from Content@1bddbf58{HeapByteBufferR@7b5368a3[p=454,l=458,c=8192,r=4]={PUT /Echo...80%E4%B<<<8%8B>>>\xCb\xF5\xF3)\xF6\xA0\xB2\xDc\xDd...\x00\x00\x00\x00\x00\x00\x00}}
[DEBUG] HttpInputOverHTTP@5e34fa8b[c=61,q=1,[0]=EOF,s=STREAM] read 1 from Content@1bddbf58{HeapByteBufferR@7b5368a3[p=455,l=458,c=8192,r=3]={PUT /Echo...0%E4%B8<<<%8B>>>\xCb\xF5\xF3)\xF6\xA0\xB2\xDc\xDd...\x00\x00\x00\x00\x00\x00\x00}}
[DEBUG] HttpInputOverHTTP@5e34fa8b[c=62,q=1,[0]=EOF,s=STREAM] read 1 from Content@1bddbf58{HeapByteBufferR@7b5368a3[p=456,l=458,c=8192,r=2]={PUT /Echo...%E4%B8%<<<8B>>>\xCb\xF5\xF3)\xF6\xA0\xB2\xDc\xDd...\x00\x00\x00\x00\x00\x00\x00}}
[DEBUG] HttpInputOverHTTP@5e34fa8b[c=63,q=1,[0]=EOF,s=STREAM] read 1 from Content@1bddbf58{HeapByteBufferR@7b5368a3[p=457,l=458,c=8192,r=1]={PUT /Echo...E4%B8%8<<<B>>>\xCb\xF5\xF3)\xF6\xA0\xB2\xDc\xDd...\x00\x00\x00\x00\x00\x00\x00}}
[DEBUG] HttpInputOverHTTP@5e34fa8b[c=64,q=1,[0]=EOF,s=STREAM] read 1 from Content@1bddbf58{HeapByteBufferR@7b5368a3[p=458,l=458,c=8192,r=0]={PUT /Echo...4%B8%8B<<<>>>\xCb\xF5\xF3)\xF6\xA0\xB2\xDc\xDd...\x00\x00\x00\x00\x00\x00\x00}}
[DEBUG] releaseRequestBuffer HttpConnection@3be4ecda::SocketChannelEndPoint@122254ce{l=/127.0.0.1:38858,r=/127.0.0.1:42942,OPEN,fill=-,flush=-,to=19/30000}{io=0/0,kio=0,kro=1}->HttpConnection@3be4ecda[p=HttpParser{s=END,64 of 64},g=HttpGenerator@af7230{s=START}]=>HttpChannelOverHttp@f268a5a{s=HttpChannelState@2e8f904b{s=HANDLING rs=BLOCKING os=OPEN is=IDLE awp=false se=false i=true al=0},r=45,c=false/false,a=HANDLING,uri=//localhost:38858/EchoServlet,age=19}
[DEBUG] onEof HttpChannelState@2e8f904b{s=HANDLING rs=BLOCKING os=OPEN is=IDLE awp=false se=false i=true al=0}
[DEBUG] write(array HeapByteBuffer@182e99fc[p=0,l=47,c=512,r=47]={<<<<tr><th>uname</th><td>Jsoup, Jonathan</td></tr>>>>form-urle...\x00\x00\x00\x00\x00\x00\x00})
[DEBUG] write(array) s=OPEN,api=BLOCKING,sc=false,e=null aggregated !flush DirectByteBuffer@1c19d748[p=0,l=1012,c=32768,r=1012]={<<<<title>Webserver Environm...oup, Jonathan</td></tr>>>>>Post Dat...gue. Pr}
[DEBUG] write(array HeapByteBuffer@46df2dbd[p=0,l=1,c=512,r=1]={<<<\n>>>tr><th>un...\x00\x00\x00\x00\x00\x00\x00})
[DEBUG] write(array) s=OPEN,api=BLOCKING,sc=false,e=null aggregated !flush DirectByteBuffer@1c19d748[p=0,l=1013,c=32768,r=1013]={<<<<title>Webserver Environm...up, Jonathan</td></tr>\n>>>Post Data...gue. Pr}
[DEBUG] write(array HeapByteBuffer@300e7d41[p=0,l=39,c=512,r=39]={<<<<tr><th>\xE7\x99\xBe</th><td>\xE5\xBa\xA6\xE4\xB8\x80\xE4\xB8\x8b</td></tr>>>>td></tr>f...\x00\x00\x00\x00\x00\x00\x00})
[DEBUG] write(array) s=OPEN,api=BLOCKING,sc=false,e=null aggregated !flush DirectByteBuffer@1c19d748[p=0,l=1052,c=32768,r=1052]={<<<<title>Webserver Environm...<td>\xE5\xBa\xA6\xE4\xB8\x80\xE4\xB8\x8b</td></tr>>>>\n</table>...gue. Pr}
[DEBUG] write(array HeapByteBuffer@50780d93[p=0,l=1,c=512,r=1]={<<<\n>>>tr><th>\xE7\x99...\x00\x00\x00\x00\x00\x00\x00})
[DEBUG] write(array) s=OPEN,api=BLOCKING,sc=false,e=null aggregated !flush DirectByteBuffer@1c19d748[p=0,l=1053,c=32768,r=1053]={<<<<title>Webserver Environm...td>\xE5\xBa\xA6\xE4\xB8\x80\xE4\xB8\x8b</td></tr>\n>>></table>\n...gue. Pr}
[DEBUG] onEof HttpChannelState@2e8f904b{s=HANDLING rs=BLOCKING os=OPEN is=READY awp=false se=false i=true al=0}
[DEBUG] write(array HeapByteBuffer@3cf58f19[p=0,l=8,c=512,r=8]={<<<</table>>>>\xE7\x99\xBe</th><...\x00\x00\x00\x00\x00\x00\x00})
[DEBUG] write(array) s=OPEN,api=BLOCKING,sc=false,e=null aggregated !flush DirectByteBuffer@1c19d748[p=0,l=1061,c=32768,r=1061]={<<<<title>Webserver Environm...\x80\xE4\xB8\x8b</td></tr>\n</table>>>>\nimenaeos...gue. Pr}
[DEBUG] write(array HeapByteBuffer@3f8efff[p=0,l=1,c=512,r=1]={<<<\n>>>/table>\xE7\x99...\x00\x00\x00\x00\x00\x00\x00})
[DEBUG] write(array) s=OPEN,api=BLOCKING,sc=false,e=null aggregated !flush DirectByteBuffer@1c19d748[p=0,l=1062,c=32768,r=1062]={<<<<title>Webserver Environm...\xE4\xB8\x8b</td></tr>\n</table>\n>>>imenaeos....gue. Pr}
[DEBUG] handled=true async=false committed=false on HttpChannelOverHttp@f268a5a{s=HttpChannelState@2e8f904b{s=HANDLING rs=BLOCKING os=OPEN is=READY awp=false se=false i=true al=0},r=45,c=false/false,a=HANDLING,uri=//localhost:38858/EchoServlet,age=20}
[DEBUG] unhandle HttpChannelState@2e8f904b{s=HANDLING rs=BLOCKING os=OPEN is=READY awp=false se=false i=true al=0}
[DEBUG] nextAction(false) COMPLETE HttpChannelState@2e8f904b{s=HANDLING rs=COMPLETING os=OPEN is=READY awp=false se=false i=false al=0}
[DEBUG] action COMPLETE HttpChannelOverHttp@f268a5a{s=HttpChannelState@2e8f904b{s=HANDLING rs=COMPLETING os=OPEN is=READY awp=false se=false i=false al=0},r=45,c=false/false,a=HANDLING,uri=//localhost:38858/EchoServlet,age=20}
[DEBUG] complete(org.eclipse.jetty.util.Callback$3@40df7eb4) s=CLOSING,api=BLOCKED,sc=false,e=null s=false e=null, c=DirectByteBuffer@1c19d748[p=0,l=1062,c=32768,r=1062]={<<<<title>Webserver Environm...\xE4\xB8\x8b</td></tr>\n</table>\n>>>imenaeos....gue. Pr}
[DEBUG] sendResponse info=null content=DirectByteBuffer@1c19d748[p=0,l=1062,c=32768,r=1062]={<<<<title>Webserver Environm...\xE4\xB8\x8b</td></tr>\n</table>\n>>>imenaeos....gue. Pr} complete=true committing=true callback=org.eclipse.jetty.server.HttpOutput$WriteCompleteCB@50dbe7a9
[DEBUG] COMMIT for /EchoServlet on HttpChannelOverHttp@f268a5a{s=HttpChannelState@2e8f904b{s=HANDLING rs=COMPLETING os=COMMITTED is=READY awp=false se=false i=false al=0},r=45,c=false/false,a=HANDLING,uri=//localhost:38858/EchoServlet,age=20}
200 null HTTP/1.1
Date: Mon, 20 Sep 2021 19:30:13 GMT
Content-Type: text/html;charset=utf-8
Cache-Control: no-cache
Cache-Control: no-store


[DEBUG] generate: NEED_HEADER for SendCallback@2c1836a[PROCESSING][i=HTTP/1.1{s=200,h=4,cl=-1},cb=org.eclipse.jetty.server.HttpChannel$SendCallback@404637ec] (null,[p=0,l=1062,c=32768,r=1062],true)@START
[DEBUG] generateHeaders HTTP/1.1{s=200,h=4,cl=-1} last=true content=DirectByteBuffer@1c19d748[p=0,l=1062,c=32768,r=1062]={<<<<title>Webserver Environm...\xE4\xB8\x8b</td></tr>\n</table>\n>>>imenaeos....gue. Pr}
[DEBUG] Date: Mon, 20 Sep 2021 19:30:13 GMT
Content-Type: text/html;charset=utf-8
Cache-Control: no-cache
Cache-Control: no-store


[DEBUG] CONTENT_LENGTH
[DEBUG] generate: FLUSH for SendCallback@2c1836a[PROCESSING][i=HTTP/1.1{s=200,h=4,cl=-1},cb=org.eclipse.jetty.server.HttpChannel$SendCallback@404637ec] ([p=0,l=200,c=8192,r=200],[p=0,l=1062,c=32768,r=1062],true)@COMPLETING
[DEBUG] write: WriteFlusher@653abf25{IDLE}->null [HeapByteBuffer@41e05b38[p=0,l=200,c=8192,r=200]={<<<HTTP/1.1 200 OK\r\nDate: Mo...y(9.4.43.v20210629)\r\n\r\n>>>ko) Chrom...\x00\x00\x00\x00\x00\x00\x00},DirectByteBuffer@1c19d748[p=0,l=1062,c=32768,r=1062]={<<<<title>Webserver Environm...\xE4\xB8\x8b</td></tr>\n</table>\n>>>imenaeos....gue. Pr}]
[DEBUG] update WriteFlusher@653abf25{WRITING}->null:IDLE-->WRITING
]]></system-out>
  </testcase>
  <testcase name="testParseRss" classname="org.jsoup.integration.ConnectTest" time="0.016">
    <system-out><![CDATA[[DEBUG] flushed 1262 SocketChannelEndPoint@122254ce{l=/127.0.0.1:38858,r=/127.0.0.1:42942,OPEN,fill=-,flush=W,to=34/30000}{io=0/0,kio=0,kro=1}->HttpConnection@3be4ecda[p=HttpParser{s=END,64 of 64},g=HttpGenerator@af7230{s=COMPLETING}]=>HttpChannelOverHttp@f268a5a{s=HttpChannelState@2e8f904b{s=HANDLING rs=COMPLETING os=COMMITTED is=READY awp=false se=false i=false al=0},r=45,c=false/false,a=HANDLING,uri=//localhost:38858/EchoServlet,age=35}
[DEBUG] Flushed=true written=1262 remaining=0 WriteFlusher@653abf25{WRITING}->null
[DEBUG] update WriteFlusher@653abf25{IDLE}->null:WRITING-->IDLE
[DEBUG] generate: DONE for SendCallback@2c1836a[PROCESSING][i=HTTP/1.1{s=200,h=4,cl=-1},cb=org.eclipse.jetty.server.HttpChannel$SendCallback@404637ec] ([p=200,l=200,c=8192,r=0],[p=1062,l=1062,c=32768,r=0],true)@END
[DEBUG] onWriteComplete(true,null) s=CLOSING,api=BLOCKED,sc=false,e=null->s=CLOSED,api=BLOCKING,sc=false,e=null c=null cb=org.eclipse.jetty.util.Callback$3@40df7eb4 w=false
[DEBUG] completed HttpChannelState@2e8f904b{s=HANDLING rs=COMPLETING os=COMPLETED is=READY awp=false se=false i=false al=0}
[DEBUG] unhandle HttpChannelState@2e8f904b{s=HANDLING rs=COMPLETED os=COMPLETED is=READY awp=false se=false i=false al=0}
[DEBUG] nextAction(false) TERMINATED HttpChannelState@2e8f904b{s=IDLE rs=COMPLETED os=COMPLETED is=READY awp=false se=false i=false al=0}
[DEBUG] action TERMINATED HttpChannelOverHttp@f268a5a{s=HttpChannelState@2e8f904b{s=IDLE rs=COMPLETED os=COMPLETED is=READY awp=false se=false i=false al=0},r=45,c=true/true,a=IDLE,uri=//localhost:38858/EchoServlet,age=35}
[DEBUG] onCompleted for /EchoServlet written=1062
[DEBUG] recycle HttpChannelState@2e8f904b{s=IDLE rs=COMPLETED os=COMPLETED is=READY awp=false se=false i=false al=0}
[DEBUG] reset HttpParser{s=END,64 of 64}
[DEBUG] END --> START
[DEBUG] !handle TERMINATED HttpChannelOverHttp@f268a5a{s=HttpChannelState@2e8f904b{s=IDLE rs=BLOCKING os=OPEN is=IDLE awp=false se=false i=true al=0},r=45,c=false/false,a=IDLE,uri=null,age=0}
[DEBUG] filled 349 HeapByteBuffer@22b9b50d[p=0,l=349,c=8192,r=349]={<<<GET /FileServlet/htmltest...nection: keep-alive\r\n\r\n>>>h: 11\r\n\r\n...\x86&h\xA0{\xC1\xC2}
[DEBUG] HttpConnection@3be4ecda::SocketChannelEndPoint@122254ce{l=/127.0.0.1:38858,r=/127.0.0.1:42942,OPEN,fill=-,flush=-,to=0/30000}{io=0/0,kio=0,kro=1}->HttpConnection@3be4ecda[p=HttpParser{s=START,0 of -1},g=HttpGenerator@af7230{s=START}]=>HttpChannelOverHttp@f268a5a{s=HttpChannelState@2e8f904b{s=IDLE rs=BLOCKING os=OPEN is=IDLE awp=false se=false i=true al=0},r=45,c=false/false,a=IDLE,uri=null,age=0} filled 349 HeapByteBuffer@22b9b50d[p=0,l=349,c=8192,r=349]={<<<GET /FileServlet/htmltest...nection: keep-alive\r\n\r\n>>>h: 11\r\n\r\n...\x86&h\xA0{\xC1\xC2}
[DEBUG] HttpConnection@3be4ecda::SocketChannelEndPoint@122254ce{l=/127.0.0.1:38858,r=/127.0.0.1:42942,OPEN,fill=-,flush=-,to=0/30000}{io=0/0,kio=0,kro=1}->HttpConnection@3be4ecda[p=HttpParser{s=START,0 of -1},g=HttpGenerator@af7230{s=START}]=>HttpChannelOverHttp@f268a5a{s=HttpChannelState@2e8f904b{s=IDLE rs=BLOCKING os=OPEN is=IDLE awp=false se=false i=true al=0},r=45,c=false/false,a=IDLE,uri=null,age=0} parse HeapByteBuffer@22b9b50d[p=0,l=349,c=8192,r=349]={<<<GET /FileServlet/htmltest...nection: keep-alive\r\n\r\n>>>h: 11\r\n\r\n...\x86&h\xA0{\xC1\xC2} {}
[DEBUG] parseNext s=START HeapByteBuffer@22b9b50d[p=0,l=349,c=8192,r=349]={<<<GET /FileServlet/htmltest...nection: keep-alive\r\n\r\n>>>h: 11\r\n\r\n...\x86&h\xA0{\xC1\xC2}
[DEBUG] START --> SPACE1
[DEBUG] SPACE1 --> URI
[DEBUG] URI --> SPACE2
[DEBUG] SPACE2 --> REQUEST_VERSION
[DEBUG] REQUEST_VERSION --> HEADER
[DEBUG] HEADER:Accept-Encoding: gzip --> IN_VALUE
[DEBUG] HEADER:Accept-Encoding: gzip --> FIELD
[DEBUG] HEADER:User-Agent: Mozilla/5.0 (Windows NT 10.0; Win64; x64) AppleWebKit/537.36 (KHTML, like Gecko) Chrome/79.0.3945.130 Safari/537.36 --> IN_VALUE
[DEBUG] HEADER:User-Agent: Mozilla/5.0 (Windows NT 10.0; Win64; x64) AppleWebKit/537.36 (KHTML, like Gecko) Chrome/79.0.3945.130 Safari/537.36 --> FIELD
[DEBUG] HEADER:Host: localhost:38858 --> IN_VALUE
[DEBUG] HEADER:Host: localhost:38858 --> FIELD
[DEBUG] HEADER:Accept: text/html, image/gif, image/jpeg, *; q=.2, */*; q=.2 --> IN_VALUE
[DEBUG] HEADER:Accept: text/html, image/gif, image/jpeg, *; q=.2, */*; q=.2 --> FIELD
[DEBUG] HEADER:Connection: keep-alive --> IN_VALUE
[DEBUG] HEADER:Connection: keep-alive --> FIELD
[DEBUG] HEADER --> CONTENT
[DEBUG] REQUEST for //localhost:38858/FileServlet/htmltests/test-rss.xml?contentType=application%2Frss%2Bxml on HttpChannelOverHttp@f268a5a{s=HttpChannelState@2e8f904b{s=IDLE rs=BLOCKING os=OPEN is=IDLE awp=false se=false i=true al=0},r=46,c=false/false,a=IDLE,uri=//localhost:38858/FileServlet/htmltests/test-rss.xml?contentType=application%2Frss%2Bxml,age=0}
GET //localhost:38858/FileServlet/htmltests/test-rss.xml?contentType=application%2Frss%2Bxml HTTP/1.1
Accept-Encoding: gzip
User-Agent: Mozilla/5.0 (Windows NT 10.0; Win64; x64) AppleWebKit/537.36 (KHTML, like Gecko) Chrome/79.0.3945.130 Safari/537.36
Host: localhost:38858
Accept: text/html, image/gif, image/jpeg, *; q=.2, */*; q=.2
Connection: keep-alive


[DEBUG] HttpConnection@3be4ecda::SocketChannelEndPoint@122254ce{l=/127.0.0.1:38858,r=/127.0.0.1:42942,OPEN,fill=-,flush=-,to=0/30000}{io=0/0,kio=0,kro=1}->HttpConnection@3be4ecda[p=HttpParser{s=CONTENT,0 of -1},g=HttpGenerator@af7230{s=START}]=>HttpChannelOverHttp@f268a5a{s=HttpChannelState@2e8f904b{s=IDLE rs=BLOCKING os=OPEN is=IDLE awp=false se=false i=true al=0},r=46,c=false/false,a=IDLE,uri=//localhost:38858/FileServlet/htmltests/test-rss.xml?contentType=application%2Frss%2Bxml,age=0} parsed true HttpParser{s=CONTENT,0 of -1}
[DEBUG] releaseRequestBuffer HttpConnection@3be4ecda::SocketChannelEndPoint@122254ce{l=/127.0.0.1:38858,r=/127.0.0.1:42942,OPEN,fill=-,flush=-,to=0/30000}{io=0/0,kio=0,kro=1}->HttpConnection@3be4ecda[p=HttpParser{s=CONTENT,0 of -1},g=HttpGenerator@af7230{s=START}]=>HttpChannelOverHttp@f268a5a{s=HttpChannelState@2e8f904b{s=IDLE rs=BLOCKING os=OPEN is=IDLE awp=false se=false i=true al=0},r=46,c=false/false,a=IDLE,uri=//localhost:38858/FileServlet/htmltests/test-rss.xml?contentType=application%2Frss%2Bxml,age=0}
[DEBUG] handle //localhost:38858/FileServlet/htmltests/test-rss.xml?contentType=application%2Frss%2Bxml HttpChannelOverHttp@f268a5a{s=HttpChannelState@2e8f904b{s=IDLE rs=BLOCKING os=OPEN is=IDLE awp=false se=false i=true al=0},r=46,c=false/false,a=IDLE,uri=//localhost:38858/FileServlet/htmltests/test-rss.xml?contentType=application%2Frss%2Bxml,age=0} 
[DEBUG] handling HttpChannelState@2e8f904b{s=IDLE rs=BLOCKING os=OPEN is=IDLE awp=false se=false i=true al=0}
[DEBUG] action DISPATCH HttpChannelOverHttp@f268a5a{s=HttpChannelState@2e8f904b{s=HANDLING rs=BLOCKING os=OPEN is=IDLE awp=false se=false i=true al=0},r=46,c=false/false,a=HANDLING,uri=//localhost:38858/FileServlet/htmltests/test-rss.xml?contentType=application%2Frss%2Bxml,age=0}
[DEBUG] REQUEST GET /FileServlet/htmltests/test-rss.xml on HttpChannelOverHttp@f268a5a{s=HttpChannelState@2e8f904b{s=HANDLING rs=BLOCKING os=OPEN is=IDLE awp=false se=false i=true al=0},r=46,c=false/false,a=HANDLING,uri=//localhost:38858/FileServlet/htmltests/test-rss.xml?contentType=application%2Frss%2Bxml,age=0}
[DEBUG] servlet null|/FileServlet|/htmltests/test-rss.xml -> org.jsoup.integration.servlets.FileServlet-3fffff43==org.jsoup.integration.servlets.FileServlet@bc0855c5{jsp=null,order=-1,inst=true,async=true,src=EMBEDDED:null,STARTED}
[DEBUG] chain=null
[DEBUG] write(array HeapByteBuffer@405bf0c[p=0,l=808,c=8192,r=808]={<<<<?xml version="1.0" encod...>\n  </channel>\n\n</rss>\n>>>\x00\x00\x00\x00\x00\x00\x00\x00\x00...\x00\x00\x00\x00\x00\x00\x00})
[DEBUG] write(array) s=OPEN,api=BLOCKING,sc=false,e=null aggregated !flush DirectByteBuffer@58caaa66[p=0,l=808,c=32768,r=808]={<<<<?xml version="1.0" encod...>\n  </channel>\n\n</rss>\n>>>e</th><td...gue. Pr}
[DEBUG] sendResponse info=null content=DirectByteBuffer@58caaa66[p=0,l=808,c=32768,r=808]={<<<<?xml version="1.0" encod...>\n  </channel>\n\n</rss>\n>>>e</th><td...gue. Pr} complete=false committing=true callback=Blocker@135fca70{null}
[DEBUG] COMMIT for /FileServlet/htmltests/test-rss.xml on HttpChannelOverHttp@f268a5a{s=HttpChannelState@2e8f904b{s=HANDLING rs=BLOCKING os=COMMITTED is=IDLE awp=false se=false i=true al=0},r=46,c=false/false,a=HANDLING,uri=//localhost:38858/FileServlet/htmltests/test-rss.xml?contentType=application%2Frss%2Bxml,age=1}
200 null HTTP/1.1
Date: Mon, 20 Sep 2021 19:30:13 GMT
Content-Type: application/rss+xml


[DEBUG] generate: NEED_HEADER for SendCallback@2c1836a[PROCESSING][i=HTTP/1.1{s=200,h=2,cl=-1},cb=org.eclipse.jetty.server.HttpChannel$SendCallback@3f144be6] (null,[p=0,l=808,c=32768,r=808],false)@START
[DEBUG] generateHeaders HTTP/1.1{s=200,h=2,cl=-1} last=false content=DirectByteBuffer@58caaa66[p=0,l=808,c=32768,r=808]={<<<<?xml version="1.0" encod...>\n  </channel>\n\n</rss>\n>>>e</th><td...gue. Pr}
[DEBUG] Date: Mon, 20 Sep 2021 19:30:13 GMT
Content-Type: application/rss+xml


[DEBUG] CHUNKED_CONTENT
[DEBUG] generate: FLUSH for SendCallback@2c1836a[PROCESSING][i=HTTP/1.1{s=200,h=2,cl=-1},cb=org.eclipse.jetty.server.HttpChannel$SendCallback@3f144be6] ([p=0,l=157,c=8192,r=157],[p=0,l=808,c=32768,r=808],false)@COMMITTED
[DEBUG] write: WriteFlusher@653abf25{IDLE}->null [HeapByteBuffer@78a30358[p=0,l=157,c=8192,r=157]={<<<HTTP/1.1 200 OK\r\nDate: Mo....43.v20210629)\r\n\r\n328\r\n>>>ecko) Chr...\x00\x00\x00\x00\x00\x00\x00},DirectByteBuffer@58caaa66[p=0,l=808,c=32768,r=808]={<<<<?xml version="1.0" encod...>\n  </channel>\n\n</rss>\n>>>e</th><td...gue. Pr}]
[DEBUG] update WriteFlusher@653abf25{WRITING}->null:IDLE-->WRITING
[DEBUG] flushed 965 SocketChannelEndPoint@122254ce{l=/127.0.0.1:38858,r=/127.0.0.1:42942,OPEN,fill=-,flush=W,to=7/30000}{io=0/0,kio=0,kro=1}->HttpConnection@3be4ecda[p=HttpParser{s=CONTENT,0 of -1},g=HttpGenerator@af7230{s=COMMITTED}]=>HttpChannelOverHttp@f268a5a{s=HttpChannelState@2e8f904b{s=HANDLING rs=BLOCKING os=COMMITTED is=IDLE awp=false se=false i=true al=0},r=46,c=false/false,a=HANDLING,uri=//localhost:38858/FileServlet/htmltests/test-rss.xml?contentType=application%2Frss%2Bxml,age=7}
[DEBUG] Flushed=true written=965 remaining=0 WriteFlusher@653abf25{WRITING}->null
[DEBUG] update WriteFlusher@653abf25{IDLE}->null:WRITING-->IDLE
[DEBUG] generate: DONE for SendCallback@2c1836a[PROCESSING][i=HTTP/1.1{s=200,h=2,cl=-1},cb=org.eclipse.jetty.server.HttpChannel$SendCallback@3f144be6] ([p=157,l=157,c=8192,r=0],[p=808,l=808,c=32768,r=0],false)@COMMITTED
[DEBUG] onWriteComplete(false,null) s=OPEN,api=BLOCKED,sc=false,e=null->s=OPEN,api=BLOCKING,sc=false,e=null c=null cb=null w=false
[DEBUG] handled=true async=false committed=true on HttpChannelOverHttp@f268a5a{s=HttpChannelState@2e8f904b{s=HANDLING rs=BLOCKING os=COMMITTED is=IDLE awp=false se=false i=true al=0},r=46,c=false/false,a=HANDLING,uri=//localhost:38858/FileServlet/htmltests/test-rss.xml?contentType=application%2Frss%2Bxml,age=7}
[DEBUG] unhandle HttpChannelState@2e8f904b{s=HANDLING rs=BLOCKING os=COMMITTED is=IDLE awp=false se=false i=true al=0}
[DEBUG] nextAction(false) COMPLETE HttpChannelState@2e8f904b{s=HANDLING rs=COMPLETING os=COMMITTED is=IDLE awp=false se=false i=false al=0}
[DEBUG] action COMPLETE HttpChannelOverHttp@f268a5a{s=HttpChannelState@2e8f904b{s=HANDLING rs=COMPLETING os=COMMITTED is=IDLE awp=false se=false i=false al=0},r=46,c=false/false,a=HANDLING,uri=//localhost:38858/FileServlet/htmltests/test-rss.xml?contentType=application%2Frss%2Bxml,age=7}
[DEBUG] complete(org.eclipse.jetty.util.Callback$3@30fd0502) s=CLOSING,api=BLOCKED,sc=false,e=null s=false e=null, c=HeapByteBuffer@11848662[p=0,l=0,c=0,r=0]={<<<>>>}
[DEBUG] sendResponse info=null content=HeapByteBuffer@11848662[p=0,l=0,c=0,r=0]={<<<>>>} complete=true committing=false callback=org.eclipse.jetty.server.HttpOutput$WriteCompleteCB@41f5ada6
[DEBUG] generate: CONTINUE for SendCallback@2c1836a[PROCESSING][i=null,cb=org.eclipse.jetty.server.HttpChannel$SendCallback@6821974b] (null,[p=0,l=0,c=0,r=0],true)@COMPLETING
[DEBUG] generate: NEED_CHUNK for SendCallback@2c1836a[PROCESSING][i=null,cb=org.eclipse.jetty.server.HttpChannel$SendCallback@6821974b] (null,[p=0,l=0,c=0,r=0],true)@COMPLETING
[DEBUG] generate: FLUSH for SendCallback@2c1836a[PROCESSING][i=null,cb=org.eclipse.jetty.server.HttpChannel$SendCallback@6821974b] (null,[p=0,l=0,c=0,r=0],true)@COMPLETING
[DEBUG] write: WriteFlusher@653abf25{IDLE}->null [HeapByteBuffer@690742bb[p=0,l=7,c=1024,r=7]={<<<\r\n0\r\n\r\n>>>\n\x00\x00\x00\x00\x00\x00\x00\x00...\x00\x00\x00\x00\x00\x00\x00}]
[DEBUG] update WriteFlusher@653abf25{WRITING}->null:IDLE-->WRITING
]]></system-out>
  </testcase>
  <testcase name="exceptOnUnsupportedProtocol" classname="org.jsoup.integration.ConnectTest" time="0.001"/>
  <testcase name="doesNotPostFor302" classname="org.jsoup.integration.ConnectTest" time="0.059">
    <system-out><![CDATA[[DEBUG] flushed 7 SocketChannelEndPoint@122254ce{l=/127.0.0.1:38858,r=/127.0.0.1:42942,OPEN,fill=-,flush=W,to=3/30000}{io=0/0,kio=0,kro=1}->HttpConnection@3be4ecda[p=HttpParser{s=CONTENT,0 of -1},g=HttpGenerator@af7230{s=COMPLETING}]=>HttpChannelOverHttp@f268a5a{s=HttpChannelState@2e8f904b{s=HANDLING rs=COMPLETING os=COMMITTED is=IDLE awp=false se=false i=false al=0},r=46,c=false/false,a=HANDLING,uri=//localhost:38858/FileServlet/htmltests/test-rss.xml?contentType=application%2Frss%2Bxml,age=11}
[DEBUG] Flushed=true written=7 remaining=0 WriteFlusher@653abf25{WRITING}->null
[DEBUG] update WriteFlusher@653abf25{IDLE}->null:WRITING-->IDLE
[DEBUG] generate: DONE for SendCallback@2c1836a[PROCESSING][i=null,cb=org.eclipse.jetty.server.HttpChannel$SendCallback@6821974b] (null,[p=0,l=0,c=0,r=0],true)@END
[DEBUG] onWriteComplete(true,null) s=CLOSING,api=BLOCKED,sc=false,e=null->s=CLOSED,api=BLOCKING,sc=false,e=null c=null cb=org.eclipse.jetty.util.Callback$3@30fd0502 w=false
[DEBUG] completed HttpChannelState@2e8f904b{s=HANDLING rs=COMPLETING os=COMPLETED is=IDLE awp=false se=false i=false al=0}
[DEBUG] unhandle HttpChannelState@2e8f904b{s=HANDLING rs=COMPLETED os=COMPLETED is=IDLE awp=false se=false i=false al=0}
[DEBUG] nextAction(false) TERMINATED HttpChannelState@2e8f904b{s=IDLE rs=COMPLETED os=COMPLETED is=IDLE awp=false se=false i=false al=0}
[DEBUG] action TERMINATED HttpChannelOverHttp@f268a5a{s=HttpChannelState@2e8f904b{s=IDLE rs=COMPLETED os=COMPLETED is=IDLE awp=false se=false i=false al=0},r=46,c=true/true,a=IDLE,uri=//localhost:38858/FileServlet/htmltests/test-rss.xml?contentType=application%2Frss%2Bxml,age=11}
[DEBUG] onCompleted for /FileServlet/htmltests/test-rss.xml written=808
[DEBUG] filled 439 HeapByteBuffer@41e05b38[p=0,l=439,c=8192,r=439]={<<<POST /RedirectServlet HTT...t%3A38858%2FEchoServlet>>>&code=307...\x00\x00\x00\x00\x00\x00\x00}
[DEBUG] HttpConnection@3be4ecda::SocketChannelEndPoint@122254ce{l=/127.0.0.1:38858,r=/127.0.0.1:42942,OPEN,fill=-,flush=-,to=3/30000}{io=0/0,kio=0,kro=1}->HttpConnection@3be4ecda[p=HttpParser{s=CONTENT,0 of -1},g=HttpGenerator@af7230{s=END}]=>HttpChannelOverHttp@f268a5a{s=HttpChannelState@2e8f904b{s=IDLE rs=COMPLETED os=COMPLETED is=IDLE awp=false se=false i=false al=0},r=46,c=true/true,a=IDLE,uri=//localhost:38858/FileServlet/htmltests/test-rss.xml?contentType=application%2Frss%2Bxml,age=15} filled 439 HeapByteBuffer@41e05b38[p=0,l=439,c=8192,r=439]={<<<POST /RedirectServlet HTT...t%3A38858%2FEchoServlet>>>&code=307...\x00\x00\x00\x00\x00\x00\x00}
[DEBUG] HttpConnection@3be4ecda::SocketChannelEndPoint@122254ce{l=/127.0.0.1:38858,r=/127.0.0.1:42942,OPEN,fill=-,flush=-,to=3/30000}{io=0/0,kio=0,kro=1}->HttpConnection@3be4ecda[p=HttpParser{s=CONTENT,0 of -1},g=HttpGenerator@af7230{s=END}]=>HttpChannelOverHttp@f268a5a{s=HttpChannelState@2e8f904b{s=IDLE rs=COMPLETED os=COMPLETED is=IDLE awp=false se=false i=false al=0},r=46,c=true/true,a=IDLE,uri=//localhost:38858/FileServlet/htmltests/test-rss.xml?contentType=application%2Frss%2Bxml,age=15} parse HeapByteBuffer@41e05b38[p=0,l=439,c=8192,r=439]={<<<POST /RedirectServlet HTT...t%3A38858%2FEchoServlet>>>&code=307...\x00\x00\x00\x00\x00\x00\x00} {}
[DEBUG] parseNext s=CONTENT HeapByteBuffer@41e05b38[p=0,l=439,c=8192,r=439]={<<<POST /RedirectServlet HTT...t%3A38858%2FEchoServlet>>>&code=307...\x00\x00\x00\x00\x00\x00\x00}
[DEBUG] CONTENT --> CONTENT_END
[DEBUG] onContentComplete HttpChannelOverHttp@f268a5a{s=HttpChannelState@2e8f904b{s=IDLE rs=COMPLETED os=COMPLETED is=IDLE awp=false se=false i=false al=0},r=46,c=true/true,a=IDLE,uri=//localhost:38858/FileServlet/htmltests/test-rss.xml?contentType=application%2Frss%2Bxml,age=15}
[DEBUG] CONTENT_END --> END
[DEBUG] onRequestComplete HttpChannelOverHttp@f268a5a{s=HttpChannelState@2e8f904b{s=IDLE rs=COMPLETED os=COMPLETED is=IDLE awp=false se=false i=false al=0},r=46,c=true/true,a=IDLE,uri=//localhost:38858/FileServlet/htmltests/test-rss.xml?contentType=application%2Frss%2Bxml,age=15}
[DEBUG] HttpInputOverHTTP@5e34fa8b[c=0,q=0,[0]=null,s=STREAM] addContent EOF
[DEBUG] HttpConnection@3be4ecda::SocketChannelEndPoint@122254ce{l=/127.0.0.1:38858,r=/127.0.0.1:42942,OPEN,fill=-,flush=-,to=4/30000}{io=0/0,kio=0,kro=1}->HttpConnection@3be4ecda[p=HttpParser{s=END,0 of -1},g=HttpGenerator@af7230{s=END}]=>HttpChannelOverHttp@f268a5a{s=HttpChannelState@2e8f904b{s=IDLE rs=COMPLETED os=COMPLETED is=IDLE awp=false se=false i=false al=0},r=46,c=true/true,a=IDLE,uri=//localhost:38858/FileServlet/htmltests/test-rss.xml?contentType=application%2Frss%2Bxml,age=15} parsed false HttpParser{s=END,0 of -1}
[DEBUG] recycle HttpChannelState@2e8f904b{s=IDLE rs=COMPLETED os=COMPLETED is=IDLE awp=false se=false i=false al=0}
[DEBUG] reset HttpParser{s=END,0 of -1}
[DEBUG] END --> START
[DEBUG] !handle TERMINATED HttpChannelOverHttp@f268a5a{s=HttpChannelState@2e8f904b{s=IDLE rs=BLOCKING os=OPEN is=IDLE awp=false se=false i=true al=0},r=46,c=false/false,a=IDLE,uri=null,age=0}
[DEBUG] HttpConnection@3be4ecda::SocketChannelEndPoint@122254ce{l=/127.0.0.1:38858,r=/127.0.0.1:42942,OPEN,fill=-,flush=-,to=4/30000}{io=0/0,kio=0,kro=1}->HttpConnection@3be4ecda[p=HttpParser{s=START,0 of -1},g=HttpGenerator@af7230{s=START}]=>HttpChannelOverHttp@f268a5a{s=HttpChannelState@2e8f904b{s=IDLE rs=BLOCKING os=OPEN is=IDLE awp=false se=false i=true al=0},r=46,c=false/false,a=IDLE,uri=null,age=0} parse HeapByteBuffer@41e05b38[p=0,l=439,c=8192,r=439]={<<<POST /RedirectServlet HTT...t%3A38858%2FEchoServlet>>>&code=307...\x00\x00\x00\x00\x00\x00\x00} {}
[DEBUG] parseNext s=START HeapByteBuffer@41e05b38[p=0,l=439,c=8192,r=439]={<<<POST /RedirectServlet HTT...t%3A38858%2FEchoServlet>>>&code=307...\x00\x00\x00\x00\x00\x00\x00}
[DEBUG] START --> SPACE1
[DEBUG] SPACE1 --> URI
[DEBUG] URI --> SPACE2
[DEBUG] SPACE2 --> REQUEST_VERSION
[DEBUG] REQUEST_VERSION --> HEADER
[DEBUG] HEADER:Accept-Encoding: gzip --> IN_VALUE
[DEBUG] HEADER:Accept-Encoding: gzip --> FIELD
[DEBUG] HEADER:User-Agent: Mozilla/5.0 (Windows NT 10.0; Win64; x64) AppleWebKit/537.36 (KHTML, like Gecko) Chrome/79.0.3945.130 Safari/537.36 --> IN_VALUE
[DEBUG] HEADER:User-Agent: Mozilla/5.0 (Windows NT 10.0; Win64; x64) AppleWebKit/537.36 (KHTML, like Gecko) Chrome/79.0.3945.130 Safari/537.36 --> FIELD
[DEBUG] HEADER:Content-Type: application/x-www-form-urlencoded; charset=UTF-8 --> IN_VALUE
[DEBUG] HEADER:Content-Type: application/x-www-form-urlencoded; charset=UTF-8 --> FIELD
[DEBUG] HEADER:Host: localhost:38858 --> IN_VALUE
[DEBUG] HEADER:Host: localhost:38858 --> FIELD
[DEBUG] HEADER:Accept: text/html, image/gif, image/jpeg, *; q=.2, */*; q=.2 --> IN_VALUE
[DEBUG] HEADER:Accept: text/html, image/gif, image/jpeg, *; q=.2, */*; q=.2 --> FIELD
[DEBUG] HEADER:Connection: keep-alive --> IN_VALUE
[DEBUG] HEADER:Connection: keep-alive --> FIELD
[DEBUG] HEADER:Content-Length --> VALUE
[DEBUG] HEADER:Content-Length --> IN_VALUE
[DEBUG] HEADER:Content-Length --> FIELD
[DEBUG] HEADER --> CONTENT
[DEBUG] REQUEST for //localhost:38858/RedirectServlet on HttpChannelOverHttp@f268a5a{s=HttpChannelState@2e8f904b{s=IDLE rs=BLOCKING os=OPEN is=IDLE awp=false se=false i=true al=0},r=47,c=false/false,a=IDLE,uri=//localhost:38858/RedirectServlet,age=0}
POST //localhost:38858/RedirectServlet HTTP/1.1
Accept-Encoding: gzip
User-Agent: Mozilla/5.0 (Windows NT 10.0; Win64; x64) AppleWebKit/537.36 (KHTML, like Gecko) Chrome/79.0.3945.130 Safari/537.36
Content-Type: application/x-www-form-urlencoded; charset=UTF-8
Host: localhost:38858
Accept: text/html, image/gif, image/jpeg, *; q=.2, */*; q=.2
Connection: keep-alive
Content-Length: 60


[DEBUG] HttpConnection@3be4ecda::SocketChannelEndPoint@122254ce{l=/127.0.0.1:38858,r=/127.0.0.1:42942,OPEN,fill=-,flush=-,to=6/30000}{io=0/0,kio=0,kro=1}->HttpConnection@3be4ecda[p=HttpParser{s=CONTENT,0 of 60},g=HttpGenerator@af7230{s=START}]=>HttpChannelOverHttp@f268a5a{s=HttpChannelState@2e8f904b{s=IDLE rs=BLOCKING os=OPEN is=IDLE awp=false se=false i=true al=0},r=47,c=false/false,a=IDLE,uri=//localhost:38858/RedirectServlet,age=1} parsed true HttpParser{s=CONTENT,0 of 60}
[DEBUG] handle //localhost:38858/RedirectServlet HttpChannelOverHttp@f268a5a{s=HttpChannelState@2e8f904b{s=IDLE rs=BLOCKING os=OPEN is=IDLE awp=false se=false i=true al=0},r=47,c=false/false,a=IDLE,uri=//localhost:38858/RedirectServlet,age=1} 
[DEBUG] handling HttpChannelState@2e8f904b{s=IDLE rs=BLOCKING os=OPEN is=IDLE awp=false se=false i=true al=0}
[DEBUG] action DISPATCH HttpChannelOverHttp@f268a5a{s=HttpChannelState@2e8f904b{s=HANDLING rs=BLOCKING os=OPEN is=IDLE awp=false se=false i=true al=0},r=47,c=false/false,a=HANDLING,uri=//localhost:38858/RedirectServlet,age=1}
[DEBUG] REQUEST POST /RedirectServlet on HttpChannelOverHttp@f268a5a{s=HttpChannelState@2e8f904b{s=HANDLING rs=BLOCKING os=OPEN is=IDLE awp=false se=false i=true al=0},r=47,c=false/false,a=HANDLING,uri=//localhost:38858/RedirectServlet,age=1}
[DEBUG] servlet null|/RedirectServlet|null -> org.jsoup.integration.servlets.RedirectServlet-56febdc==org.jsoup.integration.servlets.RedirectServlet@decc268e{jsp=null,order=-1,inst=true,async=true,src=EMBEDDED:null,STARTED}
[DEBUG] chain=null
[DEBUG] HttpConnection@3be4ecda::SocketChannelEndPoint@122254ce{l=/127.0.0.1:38858,r=/127.0.0.1:42942,OPEN,fill=-,flush=-,to=6/30000}{io=0/0,kio=0,kro=1}->HttpConnection@3be4ecda[p=HttpParser{s=CONTENT,0 of 60},g=HttpGenerator@af7230{s=START}]=>HttpChannelOverHttp@f268a5a{s=HttpChannelState@2e8f904b{s=HANDLING rs=BLOCKING os=OPEN is=IDLE awp=false se=false i=true al=0},r=47,c=false/false,a=HANDLING,uri=//localhost:38858/RedirectServlet,age=1} parse HeapByteBuffer@41e05b38[p=379,l=439,c=8192,r=60]={POST /Red... 60\r\n\r\n<<<Hello=there&loc=http%3A%2...t%3A38858%2FEchoServlet>>>&code=307...\x00\x00\x00\x00\x00\x00\x00} {}
[DEBUG] parseNext s=CONTENT HeapByteBuffer@41e05b38[p=379,l=439,c=8192,r=60]={POST /Red... 60\r\n\r\n<<<Hello=there&loc=http%3A%2...t%3A38858%2FEchoServlet>>>&code=307...\x00\x00\x00\x00\x00\x00\x00}
[DEBUG] onContent HttpChannelOverHttp@f268a5a{s=HttpChannelState@2e8f904b{s=HANDLING rs=BLOCKING os=OPEN is=IDLE awp=false se=false i=true al=0},r=47,c=false/false,a=HANDLING,uri=//localhost:38858/RedirectServlet,age=1} Content@75f7bad2{HeapByteBufferR@2dfa747b[p=379,l=439,c=8192,r=60]={POST /Red... 60\r\n\r\n<<<Hello=there&loc=http%3A%2...t%3A38858%2FEchoServlet>>>&code=307...\x00\x00\x00\x00\x00\x00\x00}}
[DEBUG] HttpInputOverHTTP@5e34fa8b[c=0,q=0,[0]=null,s=STREAM] addContent Content@75f7bad2{HeapByteBufferR@2dfa747b[p=379,l=439,c=8192,r=60]={POST /Red... 60\r\n\r\n<<<Hello=there&loc=http%3A%2...t%3A38858%2FEchoServlet>>>&code=307...\x00\x00\x00\x00\x00\x00\x00}}
[DEBUG] CONTENT --> CONTENT_END
[DEBUG] onContentComplete HttpChannelOverHttp@f268a5a{s=HttpChannelState@2e8f904b{s=HANDLING rs=BLOCKING os=OPEN is=IDLE awp=false se=false i=true al=0},r=47,c=false/false,a=HANDLING,uri=//localhost:38858/RedirectServlet,age=1}
[DEBUG] CONTENT_END --> END
[DEBUG] onRequestComplete HttpChannelOverHttp@f268a5a{s=HttpChannelState@2e8f904b{s=HANDLING rs=BLOCKING os=OPEN is=IDLE awp=false se=false i=true al=0},r=47,c=false/false,a=HANDLING,uri=//localhost:38858/RedirectServlet,age=1}
[DEBUG] HttpInputOverHTTP@5e34fa8b[c=0,q=1,[0]=EOF,s=STREAM] addContent EOF
[DEBUG] HttpConnection@3be4ecda::SocketChannelEndPoint@122254ce{l=/127.0.0.1:38858,r=/127.0.0.1:42942,OPEN,fill=-,flush=-,to=7/30000}{io=0/0,kio=0,kro=1}->HttpConnection@3be4ecda[p=HttpParser{s=END,60 of 60},g=HttpGenerator@af7230{s=START}]=>HttpChannelOverHttp@f268a5a{s=HttpChannelState@2e8f904b{s=HANDLING rs=BLOCKING os=OPEN is=IDLE awp=false se=false i=true al=0},r=47,c=false/false,a=HANDLING,uri=//localhost:38858/RedirectServlet,age=1} parsed false HttpParser{s=END,60 of 60}
[DEBUG] HttpInputOverHTTP@5e34fa8b[c=1,q=1,[0]=EOF,s=STREAM] read 1 from Content@75f7bad2{HeapByteBufferR@2dfa747b[p=380,l=439,c=8192,r=59]={POST /Red...60\r\n\r\nH<<<ello=there&loc=http%3A%2F...t%3A38858%2FEchoServlet>>>&code=307...\x00\x00\x00\x00\x00\x00\x00}}
[DEBUG] HttpInputOverHTTP@5e34fa8b[c=2,q=1,[0]=EOF,s=STREAM] read 1 from Content@75f7bad2{HeapByteBufferR@2dfa747b[p=381,l=439,c=8192,r=58]={POST /Red...0\r\n\r\nHe<<<llo=there&loc=http%3A%2F%...t%3A38858%2FEchoServlet>>>&code=307...\x00\x00\x00\x00\x00\x00\x00}}
[DEBUG] HttpInputOverHTTP@5e34fa8b[c=3,q=1,[0]=EOF,s=STREAM] read 1 from Content@75f7bad2{HeapByteBufferR@2dfa747b[p=382,l=439,c=8192,r=57]={POST /Red...\r\n\r\nHel<<<lo=there&loc=http%3A%2F%2...t%3A38858%2FEchoServlet>>>&code=307...\x00\x00\x00\x00\x00\x00\x00}}
[DEBUG] HttpInputOverHTTP@5e34fa8b[c=4,q=1,[0]=EOF,s=STREAM] read 1 from Content@75f7bad2{HeapByteBufferR@2dfa747b[p=383,l=439,c=8192,r=56]={POST /Red...\n\r\nHell<<<o=there&loc=http%3A%2F%2F...t%3A38858%2FEchoServlet>>>&code=307...\x00\x00\x00\x00\x00\x00\x00}}
[DEBUG] HttpInputOverHTTP@5e34fa8b[c=5,q=1,[0]=EOF,s=STREAM] read 1 from Content@75f7bad2{HeapByteBufferR@2dfa747b[p=384,l=439,c=8192,r=55]={POST /Red...\r\nHello<<<=there&loc=http%3A%2F%2Fl...t%3A38858%2FEchoServlet>>>&code=307...\x00\x00\x00\x00\x00\x00\x00}}
[DEBUG] HttpInputOverHTTP@5e34fa8b[c=6,q=1,[0]=EOF,s=STREAM] read 1 from Content@75f7bad2{HeapByteBufferR@2dfa747b[p=385,l=439,c=8192,r=54]={POST /Red...\nHello=<<<there&loc=http%3A%2F%2Flo...t%3A38858%2FEchoServlet>>>&code=307...\x00\x00\x00\x00\x00\x00\x00}}
[DEBUG] HttpInputOverHTTP@5e34fa8b[c=7,q=1,[0]=EOF,s=STREAM] read 1 from Content@75f7bad2{HeapByteBufferR@2dfa747b[p=386,l=439,c=8192,r=53]={POST /Red...Hello=t<<<here&loc=http%3A%2F%2Floc...t%3A38858%2FEchoServlet>>>&code=307...\x00\x00\x00\x00\x00\x00\x00}}
[DEBUG] HttpInputOverHTTP@5e34fa8b[c=8,q=1,[0]=EOF,s=STREAM] read 1 from Content@75f7bad2{HeapByteBufferR@2dfa747b[p=387,l=439,c=8192,r=52]={POST /Red...ello=th<<<ere&loc=http%3A%2F%2Floca...t%3A38858%2FEchoServlet>>>&code=307...\x00\x00\x00\x00\x00\x00\x00}}
[DEBUG] HttpInputOverHTTP@5e34fa8b[c=9,q=1,[0]=EOF,s=STREAM] read 1 from Content@75f7bad2{HeapByteBufferR@2dfa747b[p=388,l=439,c=8192,r=51]={POST /Red...llo=the<<<re&loc=http%3A%2F%2Flocal...t%3A38858%2FEchoServlet>>>&code=307...\x00\x00\x00\x00\x00\x00\x00}}
[DEBUG] HttpInputOverHTTP@5e34fa8b[c=10,q=1,[0]=EOF,s=STREAM] read 1 from Content@75f7bad2{HeapByteBufferR@2dfa747b[p=389,l=439,c=8192,r=50]={POST /Red...lo=ther<<<e&loc=http%3A%2F%2Flocalh...t%3A38858%2FEchoServlet>>>&code=307...\x00\x00\x00\x00\x00\x00\x00}}
[DEBUG] HttpInputOverHTTP@5e34fa8b[c=11,q=1,[0]=EOF,s=STREAM] read 1 from Content@75f7bad2{HeapByteBufferR@2dfa747b[p=390,l=439,c=8192,r=49]={POST /Red...o=there<<<&loc=http%3A%2F%2Flocalho...t%3A38858%2FEchoServlet>>>&code=307...\x00\x00\x00\x00\x00\x00\x00}}
[DEBUG] HttpInputOverHTTP@5e34fa8b[c=12,q=1,[0]=EOF,s=STREAM] read 1 from Content@75f7bad2{HeapByteBufferR@2dfa747b[p=391,l=439,c=8192,r=48]={POST /Red...=there&<<<loc=http%3A%2F%2Flocalhost%3A38858%2FEchoServlet>>>&code=307...\x00\x00\x00\x00\x00\x00\x00}}
[DEBUG] HttpInputOverHTTP@5e34fa8b[c=13,q=1,[0]=EOF,s=STREAM] read 1 from Content@75f7bad2{HeapByteBufferR@2dfa747b[p=392,l=439,c=8192,r=47]={POST /Red...there&l<<<oc=http%3A%2F%2Flocalhost%3A38858%2FEchoServlet>>>&code=307...\x00\x00\x00\x00\x00\x00\x00}}
[DEBUG] HttpInputOverHTTP@5e34fa8b[c=14,q=1,[0]=EOF,s=STREAM] read 1 from Content@75f7bad2{HeapByteBufferR@2dfa747b[p=393,l=439,c=8192,r=46]={POST /Red...here&lo<<<c=http%3A%2F%2Flocalhost%3A38858%2FEchoServlet>>>&code=307...\x00\x00\x00\x00\x00\x00\x00}}
[DEBUG] HttpInputOverHTTP@5e34fa8b[c=15,q=1,[0]=EOF,s=STREAM] read 1 from Content@75f7bad2{HeapByteBufferR@2dfa747b[p=394,l=439,c=8192,r=45]={POST /Red...ere&loc<<<=http%3A%2F%2Flocalhost%3A38858%2FEchoServlet>>>&code=307...\x00\x00\x00\x00\x00\x00\x00}}
[DEBUG] HttpInputOverHTTP@5e34fa8b[c=16,q=1,[0]=EOF,s=STREAM] read 1 from Content@75f7bad2{HeapByteBufferR@2dfa747b[p=395,l=439,c=8192,r=44]={POST /Red...re&loc=<<<http%3A%2F%2Flocalhost%3A38858%2FEchoServlet>>>&code=307...\x00\x00\x00\x00\x00\x00\x00}}
[DEBUG] HttpInputOverHTTP@5e34fa8b[c=17,q=1,[0]=EOF,s=STREAM] read 1 from Content@75f7bad2{HeapByteBufferR@2dfa747b[p=396,l=439,c=8192,r=43]={POST /Red...e&loc=h<<<ttp%3A%2F%2Flocalhost%3A38858%2FEchoServlet>>>&code=307...\x00\x00\x00\x00\x00\x00\x00}}
[DEBUG] HttpInputOverHTTP@5e34fa8b[c=18,q=1,[0]=EOF,s=STREAM] read 1 from Content@75f7bad2{HeapByteBufferR@2dfa747b[p=397,l=439,c=8192,r=42]={POST /Red...&loc=ht<<<tp%3A%2F%2Flocalhost%3A38858%2FEchoServlet>>>&code=307...\x00\x00\x00\x00\x00\x00\x00}}
[DEBUG] HttpInputOverHTTP@5e34fa8b[c=19,q=1,[0]=EOF,s=STREAM] read 1 from Content@75f7bad2{HeapByteBufferR@2dfa747b[p=398,l=439,c=8192,r=41]={POST /Red...loc=htt<<<p%3A%2F%2Flocalhost%3A38858%2FEchoServlet>>>&code=307...\x00\x00\x00\x00\x00\x00\x00}}
[DEBUG] HttpInputOverHTTP@5e34fa8b[c=20,q=1,[0]=EOF,s=STREAM] read 1 from Content@75f7bad2{HeapByteBufferR@2dfa747b[p=399,l=439,c=8192,r=40]={POST /Red...oc=http<<<%3A%2F%2Flocalhost%3A38858%2FEchoServlet>>>&code=307...\x00\x00\x00\x00\x00\x00\x00}}
[DEBUG] HttpInputOverHTTP@5e34fa8b[c=21,q=1,[0]=EOF,s=STREAM] read 1 from Content@75f7bad2{HeapByteBufferR@2dfa747b[p=400,l=439,c=8192,r=39]={POST /Red...c=http%<<<3A%2F%2Flocalhost%3A38858%2FEchoServlet>>>&code=307...\x00\x00\x00\x00\x00\x00\x00}}
[DEBUG] HttpInputOverHTTP@5e34fa8b[c=22,q=1,[0]=EOF,s=STREAM] read 1 from Content@75f7bad2{HeapByteBufferR@2dfa747b[p=401,l=439,c=8192,r=38]={POST /Red...=http%3<<<A%2F%2Flocalhost%3A38858%2FEchoServlet>>>&code=307...\x00\x00\x00\x00\x00\x00\x00}}
[DEBUG] HttpInputOverHTTP@5e34fa8b[c=23,q=1,[0]=EOF,s=STREAM] read 1 from Content@75f7bad2{HeapByteBufferR@2dfa747b[p=402,l=439,c=8192,r=37]={POST /Red...http%3A<<<%2F%2Flocalhost%3A38858%2FEchoServlet>>>&code=307...\x00\x00\x00\x00\x00\x00\x00}}
[DEBUG] HttpInputOverHTTP@5e34fa8b[c=24,q=1,[0]=EOF,s=STREAM] read 1 from Content@75f7bad2{HeapByteBufferR@2dfa747b[p=403,l=439,c=8192,r=36]={POST /Red...ttp%3A%<<<2F%2Flocalhost%3A38858%2FEchoServlet>>>&code=307...\x00\x00\x00\x00\x00\x00\x00}}
[DEBUG] HttpInputOverHTTP@5e34fa8b[c=25,q=1,[0]=EOF,s=STREAM] read 1 from Content@75f7bad2{HeapByteBufferR@2dfa747b[p=404,l=439,c=8192,r=35]={POST /Red...tp%3A%2<<<F%2Flocalhost%3A38858%2FEchoServlet>>>&code=307...\x00\x00\x00\x00\x00\x00\x00}}
[DEBUG] HttpInputOverHTTP@5e34fa8b[c=26,q=1,[0]=EOF,s=STREAM] read 1 from Content@75f7bad2{HeapByteBufferR@2dfa747b[p=405,l=439,c=8192,r=34]={POST /Red...p%3A%2F<<<%2Flocalhost%3A38858%2FEchoServlet>>>&code=307...\x00\x00\x00\x00\x00\x00\x00}}
[DEBUG] HttpInputOverHTTP@5e34fa8b[c=27,q=1,[0]=EOF,s=STREAM] read 1 from Content@75f7bad2{HeapByteBufferR@2dfa747b[p=406,l=439,c=8192,r=33]={POST /Red...%3A%2F%<<<2Flocalhost%3A38858%2FEchoServlet>>>&code=307...\x00\x00\x00\x00\x00\x00\x00}}
[DEBUG] HttpInputOverHTTP@5e34fa8b[c=28,q=1,[0]=EOF,s=STREAM] read 1 from Content@75f7bad2{HeapByteBufferR@2dfa747b[p=407,l=439,c=8192,r=32]={POST /Red...3A%2F%2<<<Flocalhost%3A38858%2FEchoServlet>>>&code=307...\x00\x00\x00\x00\x00\x00\x00}}
[DEBUG] HttpInputOverHTTP@5e34fa8b[c=29,q=1,[0]=EOF,s=STREAM] read 1 from Content@75f7bad2{HeapByteBufferR@2dfa747b[p=408,l=439,c=8192,r=31]={POST /Red...A%2F%2F<<<localhost%3A38858%2FEchoServlet>>>&code=307...\x00\x00\x00\x00\x00\x00\x00}}
[DEBUG] HttpInputOverHTTP@5e34fa8b[c=30,q=1,[0]=EOF,s=STREAM] read 1 from Content@75f7bad2{HeapByteBufferR@2dfa747b[p=409,l=439,c=8192,r=30]={POST /Red...%2F%2Fl<<<ocalhost%3A38858%2FEchoServlet>>>&code=307...\x00\x00\x00\x00\x00\x00\x00}}
[DEBUG] HttpInputOverHTTP@5e34fa8b[c=31,q=1,[0]=EOF,s=STREAM] read 1 from Content@75f7bad2{HeapByteBufferR@2dfa747b[p=410,l=439,c=8192,r=29]={POST /Red...2F%2Flo<<<calhost%3A38858%2FEchoServlet>>>&code=307...\x00\x00\x00\x00\x00\x00\x00}}
[DEBUG] HttpInputOverHTTP@5e34fa8b[c=32,q=1,[0]=EOF,s=STREAM] read 1 from Content@75f7bad2{HeapByteBufferR@2dfa747b[p=411,l=439,c=8192,r=28]={POST /Red...F%2Floc<<<alhost%3A38858%2FEchoServlet>>>&code=307...\x00\x00\x00\x00\x00\x00\x00}}
[DEBUG] HttpInputOverHTTP@5e34fa8b[c=33,q=1,[0]=EOF,s=STREAM] read 1 from Content@75f7bad2{HeapByteBufferR@2dfa747b[p=412,l=439,c=8192,r=27]={POST /Red...%2Floca<<<lhost%3A38858%2FEchoServlet>>>&code=307...\x00\x00\x00\x00\x00\x00\x00}}
[DEBUG] HttpInputOverHTTP@5e34fa8b[c=34,q=1,[0]=EOF,s=STREAM] read 1 from Content@75f7bad2{HeapByteBufferR@2dfa747b[p=413,l=439,c=8192,r=26]={POST /Red...2Flocal<<<host%3A38858%2FEchoServlet>>>&code=307...\x00\x00\x00\x00\x00\x00\x00}}
[DEBUG] HttpInputOverHTTP@5e34fa8b[c=35,q=1,[0]=EOF,s=STREAM] read 1 from Content@75f7bad2{HeapByteBufferR@2dfa747b[p=414,l=439,c=8192,r=25]={POST /Red...Flocalh<<<ost%3A38858%2FEchoServlet>>>&code=307...\x00\x00\x00\x00\x00\x00\x00}}
[DEBUG] HttpInputOverHTTP@5e34fa8b[c=36,q=1,[0]=EOF,s=STREAM] read 1 from Content@75f7bad2{HeapByteBufferR@2dfa747b[p=415,l=439,c=8192,r=24]={POST /Red...localho<<<st%3A38858%2FEchoServlet>>>&code=307...\x00\x00\x00\x00\x00\x00\x00}}
[DEBUG] HttpInputOverHTTP@5e34fa8b[c=37,q=1,[0]=EOF,s=STREAM] read 1 from Content@75f7bad2{HeapByteBufferR@2dfa747b[p=416,l=439,c=8192,r=23]={POST /Red...ocalhos<<<t%3A38858%2FEchoServlet>>>&code=307...\x00\x00\x00\x00\x00\x00\x00}}
[DEBUG] HttpInputOverHTTP@5e34fa8b[c=38,q=1,[0]=EOF,s=STREAM] read 1 from Content@75f7bad2{HeapByteBufferR@2dfa747b[p=417,l=439,c=8192,r=22]={POST /Red...calhost<<<%3A38858%2FEchoServlet>>>&code=307...\x00\x00\x00\x00\x00\x00\x00}}
[DEBUG] HttpInputOverHTTP@5e34fa8b[c=39,q=1,[0]=EOF,s=STREAM] read 1 from Content@75f7bad2{HeapByteBufferR@2dfa747b[p=418,l=439,c=8192,r=21]={POST /Red...alhost%<<<3A38858%2FEchoServlet>>>&code=307...\x00\x00\x00\x00\x00\x00\x00}}
[DEBUG] HttpInputOverHTTP@5e34fa8b[c=40,q=1,[0]=EOF,s=STREAM] read 1 from Content@75f7bad2{HeapByteBufferR@2dfa747b[p=419,l=439,c=8192,r=20]={POST /Red...lhost%3<<<A38858%2FEchoServlet>>>&code=307...\x00\x00\x00\x00\x00\x00\x00}}
[DEBUG] HttpInputOverHTTP@5e34fa8b[c=41,q=1,[0]=EOF,s=STREAM] read 1 from Content@75f7bad2{HeapByteBufferR@2dfa747b[p=420,l=439,c=8192,r=19]={POST /Red...host%3A<<<38858%2FEchoServlet>>>&code=307...\x00\x00\x00\x00\x00\x00\x00}}
[DEBUG] HttpInputOverHTTP@5e34fa8b[c=42,q=1,[0]=EOF,s=STREAM] read 1 from Content@75f7bad2{HeapByteBufferR@2dfa747b[p=421,l=439,c=8192,r=18]={POST /Red...ost%3A3<<<8858%2FEchoServlet>>>&code=307...\x00\x00\x00\x00\x00\x00\x00}}
[DEBUG] HttpInputOverHTTP@5e34fa8b[c=43,q=1,[0]=EOF,s=STREAM] read 1 from Content@75f7bad2{HeapByteBufferR@2dfa747b[p=422,l=439,c=8192,r=17]={POST /Red...st%3A38<<<858%2FEchoServlet>>>&code=307...\x00\x00\x00\x00\x00\x00\x00}}
[DEBUG] HttpInputOverHTTP@5e34fa8b[c=44,q=1,[0]=EOF,s=STREAM] read 1 from Content@75f7bad2{HeapByteBufferR@2dfa747b[p=423,l=439,c=8192,r=16]={POST /Red...t%3A388<<<58%2FEchoServlet>>>&code=307...\x00\x00\x00\x00\x00\x00\x00}}
[DEBUG] HttpInputOverHTTP@5e34fa8b[c=45,q=1,[0]=EOF,s=STREAM] read 1 from Content@75f7bad2{HeapByteBufferR@2dfa747b[p=424,l=439,c=8192,r=15]={POST /Red...%3A3885<<<8%2FEchoServlet>>>&code=307...\x00\x00\x00\x00\x00\x00\x00}}
[DEBUG] HttpInputOverHTTP@5e34fa8b[c=46,q=1,[0]=EOF,s=STREAM] read 1 from Content@75f7bad2{HeapByteBufferR@2dfa747b[p=425,l=439,c=8192,r=14]={POST /Red...3A38858<<<%2FEchoServlet>>>&code=307...\x00\x00\x00\x00\x00\x00\x00}}
[DEBUG] HttpInputOverHTTP@5e34fa8b[c=47,q=1,[0]=EOF,s=STREAM] read 1 from Content@75f7bad2{HeapByteBufferR@2dfa747b[p=426,l=439,c=8192,r=13]={POST /Red...A38858%<<<2FEchoServlet>>>&code=307...\x00\x00\x00\x00\x00\x00\x00}}
[DEBUG] HttpInputOverHTTP@5e34fa8b[c=48,q=1,[0]=EOF,s=STREAM] read 1 from Content@75f7bad2{HeapByteBufferR@2dfa747b[p=427,l=439,c=8192,r=12]={POST /Red...38858%2<<<FEchoServlet>>>&code=307...\x00\x00\x00\x00\x00\x00\x00}}
[DEBUG] HttpInputOverHTTP@5e34fa8b[c=49,q=1,[0]=EOF,s=STREAM] read 1 from Content@75f7bad2{HeapByteBufferR@2dfa747b[p=428,l=439,c=8192,r=11]={POST /Red...8858%2F<<<EchoServlet>>>&code=307...\x00\x00\x00\x00\x00\x00\x00}}
[DEBUG] HttpInputOverHTTP@5e34fa8b[c=50,q=1,[0]=EOF,s=STREAM] read 1 from Content@75f7bad2{HeapByteBufferR@2dfa747b[p=429,l=439,c=8192,r=10]={POST /Red...858%2FE<<<choServlet>>>&code=307...\x00\x00\x00\x00\x00\x00\x00}}
[DEBUG] HttpInputOverHTTP@5e34fa8b[c=51,q=1,[0]=EOF,s=STREAM] read 1 from Content@75f7bad2{HeapByteBufferR@2dfa747b[p=430,l=439,c=8192,r=9]={POST /Red...58%2FEc<<<hoServlet>>>&code=307...\x00\x00\x00\x00\x00\x00\x00}}
[DEBUG] HttpInputOverHTTP@5e34fa8b[c=52,q=1,[0]=EOF,s=STREAM] read 1 from Content@75f7bad2{HeapByteBufferR@2dfa747b[p=431,l=439,c=8192,r=8]={POST /Red...8%2FEch<<<oServlet>>>&code=307...\x00\x00\x00\x00\x00\x00\x00}}
[DEBUG] HttpInputOverHTTP@5e34fa8b[c=53,q=1,[0]=EOF,s=STREAM] read 1 from Content@75f7bad2{HeapByteBufferR@2dfa747b[p=432,l=439,c=8192,r=7]={POST /Red...%2FEcho<<<Servlet>>>&code=307...\x00\x00\x00\x00\x00\x00\x00}}
[DEBUG] HttpInputOverHTTP@5e34fa8b[c=54,q=1,[0]=EOF,s=STREAM] read 1 from Content@75f7bad2{HeapByteBufferR@2dfa747b[p=433,l=439,c=8192,r=6]={POST /Red...2FEchoS<<<ervlet>>>&code=307...\x00\x00\x00\x00\x00\x00\x00}}
[DEBUG] HttpInputOverHTTP@5e34fa8b[c=55,q=1,[0]=EOF,s=STREAM] read 1 from Content@75f7bad2{HeapByteBufferR@2dfa747b[p=434,l=439,c=8192,r=5]={POST /Red...FEchoSe<<<rvlet>>>&code=307...\x00\x00\x00\x00\x00\x00\x00}}
[DEBUG] HttpInputOverHTTP@5e34fa8b[c=56,q=1,[0]=EOF,s=STREAM] read 1 from Content@75f7bad2{HeapByteBufferR@2dfa747b[p=435,l=439,c=8192,r=4]={POST /Red...EchoSer<<<vlet>>>&code=307...\x00\x00\x00\x00\x00\x00\x00}}
[DEBUG] HttpInputOverHTTP@5e34fa8b[c=57,q=1,[0]=EOF,s=STREAM] read 1 from Content@75f7bad2{HeapByteBufferR@2dfa747b[p=436,l=439,c=8192,r=3]={POST /Red...choServ<<<let>>>&code=307...\x00\x00\x00\x00\x00\x00\x00}}
[DEBUG] HttpInputOverHTTP@5e34fa8b[c=58,q=1,[0]=EOF,s=STREAM] read 1 from Content@75f7bad2{HeapByteBufferR@2dfa747b[p=437,l=439,c=8192,r=2]={POST /Red...hoServl<<<et>>>&code=307...\x00\x00\x00\x00\x00\x00\x00}}
[DEBUG] HttpInputOverHTTP@5e34fa8b[c=59,q=1,[0]=EOF,s=STREAM] read 1 from Content@75f7bad2{HeapByteBufferR@2dfa747b[p=438,l=439,c=8192,r=1]={POST /Red...oServle<<<t>>>&code=307...\x00\x00\x00\x00\x00\x00\x00}}
[DEBUG] HttpInputOverHTTP@5e34fa8b[c=60,q=1,[0]=EOF,s=STREAM] read 1 from Content@75f7bad2{HeapByteBufferR@2dfa747b[p=439,l=439,c=8192,r=0]={POST /Red...Servlet<<<>>>&code=307...\x00\x00\x00\x00\x00\x00\x00}}
[DEBUG] releaseRequestBuffer HttpConnection@3be4ecda::SocketChannelEndPoint@122254ce{l=/127.0.0.1:38858,r=/127.0.0.1:42942,OPEN,fill=-,flush=-,to=22/30000}{io=0/0,kio=0,kro=1}->HttpConnection@3be4ecda[p=HttpParser{s=END,60 of 60},g=HttpGenerator@af7230{s=START}]=>HttpChannelOverHttp@f268a5a{s=HttpChannelState@2e8f904b{s=HANDLING rs=BLOCKING os=OPEN is=IDLE awp=false se=false i=true al=0},r=47,c=false/false,a=HANDLING,uri=//localhost:38858/RedirectServlet,age=16}
[DEBUG] onEof HttpChannelState@2e8f904b{s=HANDLING rs=BLOCKING os=OPEN is=IDLE awp=false se=false i=true al=0}
[DEBUG] handled=true async=false committed=false on HttpChannelOverHttp@f268a5a{s=HttpChannelState@2e8f904b{s=HANDLING rs=BLOCKING os=OPEN is=READY awp=false se=false i=true al=0},r=47,c=false/false,a=HANDLING,uri=//localhost:38858/RedirectServlet,age=16}
[DEBUG] unhandle HttpChannelState@2e8f904b{s=HANDLING rs=BLOCKING os=OPEN is=READY awp=false se=false i=true al=0}
[DEBUG] nextAction(false) COMPLETE HttpChannelState@2e8f904b{s=HANDLING rs=COMPLETING os=OPEN is=READY awp=false se=false i=false al=0}
[DEBUG] action COMPLETE HttpChannelOverHttp@f268a5a{s=HttpChannelState@2e8f904b{s=HANDLING rs=COMPLETING os=OPEN is=READY awp=false se=false i=false al=0},r=47,c=false/false,a=HANDLING,uri=//localhost:38858/RedirectServlet,age=16}
[DEBUG] complete(org.eclipse.jetty.util.Callback$3@410e64ff) s=CLOSING,api=BLOCKED,sc=false,e=null s=false e=null, c=HeapByteBuffer@11848662[p=0,l=0,c=0,r=0]={<<<>>>}
[DEBUG] sendResponse info=null content=HeapByteBuffer@11848662[p=0,l=0,c=0,r=0]={<<<>>>} complete=true committing=true callback=org.eclipse.jetty.server.HttpOutput$WriteCompleteCB@2571285a
[DEBUG] COMMIT for /RedirectServlet on HttpChannelOverHttp@f268a5a{s=HttpChannelState@2e8f904b{s=HANDLING rs=COMPLETING os=COMMITTED is=READY awp=false se=false i=false al=0},r=47,c=false/false,a=HANDLING,uri=//localhost:38858/RedirectServlet,age=16}
302 null HTTP/1.1
Date: Mon, 20 Sep 2021 19:30:13 GMT
Location: http://localhost:38858/EchoServlet


[DEBUG] generate: NEED_HEADER for SendCallback@2c1836a[PROCESSING][i=HTTP/1.1{s=302,h=2,cl=-1},cb=org.eclipse.jetty.server.HttpChannel$SendCallback@6d98270c] (null,[p=0,l=0,c=0,r=0],true)@START
[DEBUG] generateHeaders HTTP/1.1{s=302,h=2,cl=-1} last=true content=HeapByteBuffer@11848662[p=0,l=0,c=0,r=0]={<<<>>>}
[DEBUG] Date: Mon, 20 Sep 2021 19:30:13 GMT
Location: http://localhost:38858/EchoServlet


[DEBUG] CONTENT_LENGTH
[DEBUG] generate: FLUSH for SendCallback@2c1836a[PROCESSING][i=HTTP/1.1{s=302,h=2,cl=-1},cb=org.eclipse.jetty.server.HttpChannel$SendCallback@6d98270c] ([p=0,l=157,c=8192,r=157],[p=0,l=0,c=0,r=0],true)@COMPLETING
[DEBUG] write: WriteFlusher@653abf25{IDLE}->null [HeapByteBuffer@22b9b50d[p=0,l=157,c=8192,r=157]={<<<HTTP/1.1 302 Found\r\nDate:...y(9.4.43.v20210629)\r\n\r\n>>> x64) App...\x86&h\xA0{\xC1\xC2}]
[DEBUG] update WriteFlusher@653abf25{WRITING}->null:IDLE-->WRITING
[DEBUG] flushed 157 SocketChannelEndPoint@122254ce{l=/127.0.0.1:38858,r=/127.0.0.1:42942,OPEN,fill=-,flush=W,to=23/30000}{io=0/0,kio=0,kro=1}->HttpConnection@3be4ecda[p=HttpParser{s=END,60 of 60},g=HttpGenerator@af7230{s=COMPLETING}]=>HttpChannelOverHttp@f268a5a{s=HttpChannelState@2e8f904b{s=HANDLING rs=COMPLETING os=COMMITTED is=READY awp=false se=false i=false al=0},r=47,c=false/false,a=HANDLING,uri=//localhost:38858/RedirectServlet,age=17}
[DEBUG] Flushed=true written=157 remaining=0 WriteFlusher@653abf25{WRITING}->null
[DEBUG] update WriteFlusher@653abf25{IDLE}->null:WRITING-->IDLE
[DEBUG] generate: DONE for SendCallback@2c1836a[PROCESSING][i=HTTP/1.1{s=302,h=2,cl=-1},cb=org.eclipse.jetty.server.HttpChannel$SendCallback@6d98270c] ([p=157,l=157,c=8192,r=0],[p=0,l=0,c=0,r=0],true)@END
[DEBUG] onWriteComplete(true,null) s=CLOSING,api=BLOCKED,sc=false,e=null->s=CLOSED,api=BLOCKING,sc=false,e=null c=null cb=org.eclipse.jetty.util.Callback$3@410e64ff w=false
[DEBUG] completed HttpChannelState@2e8f904b{s=HANDLING rs=COMPLETING os=COMPLETED is=READY awp=false se=false i=false al=0}
[DEBUG] unhandle HttpChannelState@2e8f904b{s=HANDLING rs=COMPLETED os=COMPLETED is=READY awp=false se=false i=false al=0}
[DEBUG] nextAction(false) TERMINATED HttpChannelState@2e8f904b{s=IDLE rs=COMPLETED os=COMPLETED is=READY awp=false se=false i=false al=0}
[DEBUG] action TERMINATED HttpChannelOverHttp@f268a5a{s=HttpChannelState@2e8f904b{s=IDLE rs=COMPLETED os=COMPLETED is=READY awp=false se=false i=false al=0},r=47,c=true/true,a=IDLE,uri=//localhost:38858/RedirectServlet,age=18}
[DEBUG] onCompleted for /RedirectServlet written=0
[DEBUG] recycle HttpChannelState@2e8f904b{s=IDLE rs=COMPLETED os=COMPLETED is=READY awp=false se=false i=false al=0}
[DEBUG] reset HttpParser{s=END,60 of 60}
[DEBUG] END --> START
[DEBUG] !handle TERMINATED HttpChannelOverHttp@f268a5a{s=HttpChannelState@2e8f904b{s=IDLE rs=BLOCKING os=OPEN is=IDLE awp=false se=false i=true al=0},r=47,c=false/false,a=IDLE,uri=null,age=0}
[DEBUG] filled 290 HeapByteBuffer@78a30358[p=0,l=290,c=8192,r=290]={<<<GET /EchoServlet HTTP/1.1...nection: keep-alive\r\n\r\n>>>pt: text/...\x00\x00\x00\x00\x00\x00\x00}
[DEBUG] HttpConnection@3be4ecda::SocketChannelEndPoint@122254ce{l=/127.0.0.1:38858,r=/127.0.0.1:42942,OPEN,fill=-,flush=-,to=0/30000}{io=0/0,kio=0,kro=1}->HttpConnection@3be4ecda[p=HttpParser{s=START,0 of -1},g=HttpGenerator@af7230{s=START}]=>HttpChannelOverHttp@f268a5a{s=HttpChannelState@2e8f904b{s=IDLE rs=BLOCKING os=OPEN is=IDLE awp=false se=false i=true al=0},r=47,c=false/false,a=IDLE,uri=null,age=0} filled 290 HeapByteBuffer@78a30358[p=0,l=290,c=8192,r=290]={<<<GET /EchoServlet HTTP/1.1...nection: keep-alive\r\n\r\n>>>pt: text/...\x00\x00\x00\x00\x00\x00\x00}
[DEBUG] HttpConnection@3be4ecda::SocketChannelEndPoint@122254ce{l=/127.0.0.1:38858,r=/127.0.0.1:42942,OPEN,fill=-,flush=-,to=0/30000}{io=0/0,kio=0,kro=1}->HttpConnection@3be4ecda[p=HttpParser{s=START,0 of -1},g=HttpGenerator@af7230{s=START}]=>HttpChannelOverHttp@f268a5a{s=HttpChannelState@2e8f904b{s=IDLE rs=BLOCKING os=OPEN is=IDLE awp=false se=false i=true al=0},r=47,c=false/false,a=IDLE,uri=null,age=0} parse HeapByteBuffer@78a30358[p=0,l=290,c=8192,r=290]={<<<GET /EchoServlet HTTP/1.1...nection: keep-alive\r\n\r\n>>>pt: text/...\x00\x00\x00\x00\x00\x00\x00} {}
[DEBUG] parseNext s=START HeapByteBuffer@78a30358[p=0,l=290,c=8192,r=290]={<<<GET /EchoServlet HTTP/1.1...nection: keep-alive\r\n\r\n>>>pt: text/...\x00\x00\x00\x00\x00\x00\x00}
[DEBUG] START --> SPACE1
[DEBUG] SPACE1 --> URI
[DEBUG] URI --> SPACE2
[DEBUG] SPACE2 --> REQUEST_VERSION
[DEBUG] REQUEST_VERSION --> HEADER
[DEBUG] HEADER:Accept-Encoding: gzip --> IN_VALUE
[DEBUG] HEADER:Accept-Encoding: gzip --> FIELD
[DEBUG] HEADER:User-Agent: Mozilla/5.0 (Windows NT 10.0; Win64; x64) AppleWebKit/537.36 (KHTML, like Gecko) Chrome/79.0.3945.130 Safari/537.36 --> IN_VALUE
[DEBUG] HEADER:User-Agent: Mozilla/5.0 (Windows NT 10.0; Win64; x64) AppleWebKit/537.36 (KHTML, like Gecko) Chrome/79.0.3945.130 Safari/537.36 --> FIELD
[DEBUG] HEADER:Host: localhost:38858 --> IN_VALUE
[DEBUG] HEADER:Host: localhost:38858 --> FIELD
[DEBUG] HEADER:Accept: text/html, image/gif, image/jpeg, *; q=.2, */*; q=.2 --> IN_VALUE
[DEBUG] HEADER:Accept: text/html, image/gif, image/jpeg, *; q=.2, */*; q=.2 --> FIELD
[DEBUG] HEADER:Connection: keep-alive --> IN_VALUE
[DEBUG] HEADER:Connection: keep-alive --> FIELD
[DEBUG] HEADER --> CONTENT
[DEBUG] REQUEST for //localhost:38858/EchoServlet on HttpChannelOverHttp@f268a5a{s=HttpChannelState@2e8f904b{s=IDLE rs=BLOCKING os=OPEN is=IDLE awp=false se=false i=true al=0},r=48,c=false/false,a=IDLE,uri=//localhost:38858/EchoServlet,age=0}
GET //localhost:38858/EchoServlet HTTP/1.1
Accept-Encoding: gzip
User-Agent: Mozilla/5.0 (Windows NT 10.0; Win64; x64) AppleWebKit/537.36 (KHTML, like Gecko) Chrome/79.0.3945.130 Safari/537.36
Host: localhost:38858
Accept: text/html, image/gif, image/jpeg, *; q=.2, */*; q=.2
Connection: keep-alive


[DEBUG] HttpConnection@3be4ecda::SocketChannelEndPoint@122254ce{l=/127.0.0.1:38858,r=/127.0.0.1:42942,OPEN,fill=-,flush=-,to=0/30000}{io=0/0,kio=0,kro=1}->HttpConnection@3be4ecda[p=HttpParser{s=CONTENT,0 of -1},g=HttpGenerator@af7230{s=START}]=>HttpChannelOverHttp@f268a5a{s=HttpChannelState@2e8f904b{s=IDLE rs=BLOCKING os=OPEN is=IDLE awp=false se=false i=true al=0},r=48,c=false/false,a=IDLE,uri=//localhost:38858/EchoServlet,age=0} parsed true HttpParser{s=CONTENT,0 of -1}
[DEBUG] releaseRequestBuffer HttpConnection@3be4ecda::SocketChannelEndPoint@122254ce{l=/127.0.0.1:38858,r=/127.0.0.1:42942,OPEN,fill=-,flush=-,to=0/30000}{io=0/0,kio=0,kro=1}->HttpConnection@3be4ecda[p=HttpParser{s=CONTENT,0 of -1},g=HttpGenerator@af7230{s=START}]=>HttpChannelOverHttp@f268a5a{s=HttpChannelState@2e8f904b{s=IDLE rs=BLOCKING os=OPEN is=IDLE awp=false se=false i=true al=0},r=48,c=false/false,a=IDLE,uri=//localhost:38858/EchoServlet,age=0}
[DEBUG] handle //localhost:38858/EchoServlet HttpChannelOverHttp@f268a5a{s=HttpChannelState@2e8f904b{s=IDLE rs=BLOCKING os=OPEN is=IDLE awp=false se=false i=true al=0},r=48,c=false/false,a=IDLE,uri=//localhost:38858/EchoServlet,age=0} 
[DEBUG] handling HttpChannelState@2e8f904b{s=IDLE rs=BLOCKING os=OPEN is=IDLE awp=false se=false i=true al=0}
[DEBUG] action DISPATCH HttpChannelOverHttp@f268a5a{s=HttpChannelState@2e8f904b{s=HANDLING rs=BLOCKING os=OPEN is=IDLE awp=false se=false i=true al=0},r=48,c=false/false,a=HANDLING,uri=//localhost:38858/EchoServlet,age=0}
[DEBUG] REQUEST GET /EchoServlet on HttpChannelOverHttp@f268a5a{s=HttpChannelState@2e8f904b{s=HANDLING rs=BLOCKING os=OPEN is=IDLE awp=false se=false i=true al=0},r=48,c=false/false,a=HANDLING,uri=//localhost:38858/EchoServlet,age=0}
[DEBUG] servlet null|/EchoServlet|null -> org.jsoup.integration.servlets.EchoServlet-422c3c7a==org.jsoup.integration.servlets.EchoServlet@66e2fba5{jsp=null,order=-1,inst=true,async=true,src=EMBEDDED:null,STARTED}
[DEBUG] chain=null
[DEBUG] write(array HeapByteBuffer@13bfcf68[p=0,l=235,c=512,r=235]={<<<<title>Webserver Environm...\n    <table border="0">>>>\x00\x00\x00\x00\x00\x00\x00\x00\x00...\x00\x00\x00\x00\x00\x00\x00})
[DEBUG] write(array) s=OPEN,api=BLOCKING,sc=false,e=null aggregated !flush DirectByteBuffer@1492b79c[p=0,l=235,c=32768,r=235]={<<<<title>Webserver Environm...\n    <table border="0">>>>utf-8" />...gue. Pr}
[DEBUG] write(array HeapByteBuffer@2124687c[p=0,l=36,c=512,r=36]={<<<<tr><th>Method</th><td>GET</td></tr>>>>es</title...\x00\x00\x00\x00\x00\x00\x00})
[DEBUG] write(array) s=OPEN,api=BLOCKING,sc=false,e=null aggregated !flush DirectByteBuffer@1492b79c[p=0,l=271,c=32768,r=271]={<<<<title>Webserver Environm...d</th><td>GET</td></tr>>>>le.com" /...gue. Pr}
[DEBUG] write(array HeapByteBuffer@dbba7fa[p=0,l=1,c=512,r=1]={<<<\n>>>tr><th>Me...\x00\x00\x00\x00\x00\x00\x00})
[DEBUG] write(array) s=OPEN,api=BLOCKING,sc=false,e=null aggregated !flush DirectByteBuffer@1492b79c[p=0,l=272,c=32768,r=272]={<<<<title>Webserver Environm...</th><td>GET</td></tr>\n>>>e.com" />...gue. Pr}
[DEBUG] write(array HeapByteBuffer@21375106[p=0,l=50,c=512,r=50]={<<<<tr><th>Request URI</th><...>/EchoServlet</td></tr>>>> <style t...\x00\x00\x00\x00\x00\x00\x00})
[DEBUG] write(array) s=OPEN,api=BLOCKING,sc=false,e=null aggregated !flush DirectByteBuffer@1492b79c[p=0,l=322,c=32768,r=322]={<<<<title>Webserver Environm...>/EchoServlet</td></tr>>>>body>\n</h...gue. Pr}
[DEBUG] write(array HeapByteBuffer@4c9e0ec7[p=0,l=1,c=512,r=1]={<<<\n>>>tr><th>Re...\x00\x00\x00\x00\x00\x00\x00})
[DEBUG] write(array) s=OPEN,api=BLOCKING,sc=false,e=null aggregated !flush DirectByteBuffer@1492b79c[p=0,l=323,c=32768,r=323]={<<<<title>Webserver Environm.../EchoServlet</td></tr>\n>>>ody>\n</ht...gue. Pr}
[DEBUG] write(array HeapByteBuffer@4efbf8a0[p=0,l=39,c=512,r=39]={<<<<tr><th>Query String</th><td></td></tr>>>>t</td></t...\x00\x00\x00\x00\x00\x00\x00})
[DEBUG] write(array) s=OPEN,api=BLOCKING,sc=false,e=null aggregated !flush DirectByteBuffer@1492b79c[p=0,l=362,c=32768,r=362]={<<<<title>Webserver Environm...ring</th><td></td></tr>>>>et pede f...gue. Pr}
[DEBUG] write(array HeapByteBuffer@1e2f12f2[p=0,l=1,c=512,r=1]={<<<\n>>>tr><th>Qu...\x00\x00\x00\x00\x00\x00\x00})
[DEBUG] write(array) s=OPEN,api=BLOCKING,sc=false,e=null aggregated !flush DirectByteBuffer@1492b79c[p=0,l=363,c=32768,r=363]={<<<<title>Webserver Environm...ing</th><td></td></tr>\n>>>t pede fa...gue. Pr}
[DEBUG] write(array HeapByteBuffer@58bdf50[p=0,l=85,c=512,r=85]={<<<<tr><th>Accept</th><td>te....2, */*; q=.2</td></tr>>>>, td, th ...\x00\x00\x00\x00\x00\x00\x00})
[DEBUG] write(array) s=OPEN,api=BLOCKING,sc=false,e=null aggregated !flush DirectByteBuffer@1492b79c[p=0,l=448,c=32768,r=448]={<<<<title>Webserver Environm....2, */*; q=.2</td></tr>>>>is at, ne...gue. Pr}
[DEBUG] write(array HeapByteBuffer@395f1110[p=0,l=1,c=512,r=1]={<<<\n>>>tr><th>Ac...\x00\x00\x00\x00\x00\x00\x00})
[DEBUG] write(array) s=OPEN,api=BLOCKING,sc=false,e=null aggregated !flush DirectByteBuffer@1492b79c[p=0,l=449,c=32768,r=449]={<<<<title>Webserver Environm...2, */*; q=.2</td></tr>\n>>>s at, neq...gue. Pr}
[DEBUG] write(array HeapByteBuffer@2870c063[p=0,l=152,c=512,r=152]={<<<<tr><th>User-Agent</th><t...Safari/537.36</td></tr>>>>      th ...\x00\x00\x00\x00\x00\x00\x00})
[DEBUG] write(array) s=OPEN,api=BLOCKING,sc=false,e=null aggregated !flush DirectByteBuffer@1492b79c[p=0,l=601,c=32768,r=601]={<<<<title>Webserver Environm...Safari/537.36</td></tr>>>>s. Vivamu...gue. Pr}
[DEBUG] write(array HeapByteBuffer@4e2eef1d[p=0,l=1,c=512,r=1]={<<<\n>>>tr><th>Us...\x00\x00\x00\x00\x00\x00\x00})
[DEBUG] write(array) s=OPEN,api=BLOCKING,sc=false,e=null aggregated !flush DirectByteBuffer@1492b79c[p=0,l=602,c=32768,r=602]={<<<<title>Webserver Environm...afari/537.36</td></tr>\n>>>. Vivamus...gue. Pr}
[DEBUG] write(array HeapByteBuffer@1584c8d7[p=0,l=47,c=512,r=47]={<<<<tr><th>Connection</th><td>keep-alive</td></tr>>>> NT 10.0;...\x00\x00\x00\x00\x00\x00\x00})
[DEBUG] write(array) s=OPEN,api=BLOCKING,sc=false,e=null aggregated !flush DirectByteBuffer@1492b79c[p=0,l=649,c=32768,r=649]={<<<<title>Webserver Environm...td>keep-alive</td></tr>>>>p>Lorem i...gue. Pr}
[DEBUG] write(array HeapByteBuffer@54129ce6[p=0,l=1,c=512,r=1]={<<<\n>>>tr><th>Co...\x00\x00\x00\x00\x00\x00\x00})
[DEBUG] write(array) s=OPEN,api=BLOCKING,sc=false,e=null aggregated !flush DirectByteBuffer@1492b79c[p=0,l=650,c=32768,r=650]={<<<<title>Webserver Environm...d>keep-alive</td></tr>\n>>>>Lorem ip...gue. Pr}
[DEBUG] write(array HeapByteBuffer@7a4f2ddf[p=0,l=46,c=512,r=46]={<<<<tr><th>Host</th><td>localhost:38858</td></tr>>>>> NT 10.0...\x00\x00\x00\x00\x00\x00\x00})
[DEBUG] write(array) s=OPEN,api=BLOCKING,sc=false,e=null aggregated !flush DirectByteBuffer@1492b79c[p=0,l=696,c=32768,r=696]={<<<<title>Webserver Environm...calhost:38858</td></tr>>>>scing eli...gue. Pr}
[DEBUG] write(array HeapByteBuffer@4320638c[p=0,l=1,c=512,r=1]={<<<\n>>>tr><th>Ho...\x00\x00\x00\x00\x00\x00\x00})
[DEBUG] write(array) s=OPEN,api=BLOCKING,sc=false,e=null aggregated !flush DirectByteBuffer@1492b79c[p=0,l=697,c=32768,r=697]={<<<<title>Webserver Environm...alhost:38858</td></tr>\n>>>cing elit...gue. Pr}
[DEBUG] write(array HeapByteBuffer@7051c94f[p=0,l=46,c=512,r=46]={<<<<tr><th>Accept-Encoding</th><td>gzip</td></tr>>>>> NT 10.0...\x00\x00\x00\x00\x00\x00\x00})
[DEBUG] write(array) s=OPEN,api=BLOCKING,sc=false,e=null aggregated !flush DirectByteBuffer@1492b79c[p=0,l=743,c=32768,r=743]={<<<<title>Webserver Environm...</th><td>gzip</td></tr>>>><i>Intege...gue. Pr}
[DEBUG] write(array HeapByteBuffer@30e49e0f[p=0,l=1,c=512,r=1]={<<<\n>>>tr><th>Ac...\x00\x00\x00\x00\x00\x00\x00})
[DEBUG] write(array) s=OPEN,api=BLOCKING,sc=false,e=null aggregated !flush DirectByteBuffer@1492b79c[p=0,l=744,c=32768,r=744]={<<<<title>Webserver Environm.../th><td>gzip</td></tr>\n>>>i>Integer...gue. Pr}
[DEBUG] filled 0 HeapByteBuffer@41e05b38[p=0,l=0,c=8192,r=0]={<<<>>>POST /Red...\x00\x00\x00\x00\x00\x00\x00}
[DEBUG] filled 0 HeapByteBuffer@41e05b38[p=0,l=0,c=8192,r=0]={<<<>>>POST /Red...\x00\x00\x00\x00\x00\x00\x00}
[DEBUG] HttpConnection@3be4ecda::SocketChannelEndPoint@122254ce{l=/127.0.0.1:38858,r=/127.0.0.1:42942,OPEN,fill=-,flush=-,to=21/30000}{io=0/0,kio=0,kro=1}->HttpConnection@3be4ecda[p=HttpParser{s=CONTENT,0 of -1},g=HttpGenerator@af7230{s=START}]=>HttpChannelOverHttp@f268a5a{s=HttpChannelState@2e8f904b{s=HANDLING rs=BLOCKING os=OPEN is=IDLE awp=false se=false i=true al=0},r=48,c=false/false,a=HANDLING,uri=//localhost:38858/EchoServlet,age=21} filled 0 HeapByteBuffer@41e05b38[p=0,l=0,c=8192,r=0]={<<<>>>POST /Red...\x00\x00\x00\x00\x00\x00\x00}
[DEBUG] HttpConnection@3be4ecda::SocketChannelEndPoint@122254ce{l=/127.0.0.1:38858,r=/127.0.0.1:42942,OPEN,fill=-,flush=-,to=21/30000}{io=0/0,kio=0,kro=1}->HttpConnection@3be4ecda[p=HttpParser{s=CONTENT,0 of -1},g=HttpGenerator@af7230{s=START}]=>HttpChannelOverHttp@f268a5a{s=HttpChannelState@2e8f904b{s=HANDLING rs=BLOCKING os=OPEN is=IDLE awp=false se=false i=true al=0},r=48,c=false/false,a=HANDLING,uri=//localhost:38858/EchoServlet,age=21} parse HeapByteBuffer@41e05b38[p=0,l=0,c=8192,r=0]={<<<>>>POST /Red...\x00\x00\x00\x00\x00\x00\x00} {}
[DEBUG] parseNext s=CONTENT HeapByteBuffer@41e05b38[p=0,l=0,c=8192,r=0]={<<<>>>POST /Red...\x00\x00\x00\x00\x00\x00\x00}
[DEBUG] CONTENT --> CONTENT_END
[DEBUG] onContentComplete HttpChannelOverHttp@f268a5a{s=HttpChannelState@2e8f904b{s=HANDLING rs=BLOCKING os=OPEN is=IDLE awp=false se=false i=true al=0},r=48,c=false/false,a=HANDLING,uri=//localhost:38858/EchoServlet,age=21}
[DEBUG] CONTENT_END --> END
[DEBUG] onRequestComplete HttpChannelOverHttp@f268a5a{s=HttpChannelState@2e8f904b{s=HANDLING rs=BLOCKING os=OPEN is=IDLE awp=false se=false i=true al=0},r=48,c=false/false,a=HANDLING,uri=//localhost:38858/EchoServlet,age=21}
[DEBUG] HttpInputOverHTTP@5e34fa8b[c=0,q=0,[0]=null,s=STREAM] addContent EOF
[DEBUG] HttpConnection@3be4ecda::SocketChannelEndPoint@122254ce{l=/127.0.0.1:38858,r=/127.0.0.1:42942,OPEN,fill=-,flush=-,to=21/30000}{io=0/0,kio=0,kro=1}->HttpConnection@3be4ecda[p=HttpParser{s=END,0 of -1},g=HttpGenerator@af7230{s=START}]=>HttpChannelOverHttp@f268a5a{s=HttpChannelState@2e8f904b{s=HANDLING rs=BLOCKING os=OPEN is=IDLE awp=false se=false i=true al=0},r=48,c=false/false,a=HANDLING,uri=//localhost:38858/EchoServlet,age=21} parsed false HttpParser{s=END,0 of -1}
[DEBUG] releaseRequestBuffer HttpConnection@3be4ecda::SocketChannelEndPoint@122254ce{l=/127.0.0.1:38858,r=/127.0.0.1:42942,OPEN,fill=-,flush=-,to=24/30000}{io=0/0,kio=0,kro=1}->HttpConnection@3be4ecda[p=HttpParser{s=END,0 of -1},g=HttpGenerator@af7230{s=START}]=>HttpChannelOverHttp@f268a5a{s=HttpChannelState@2e8f904b{s=HANDLING rs=BLOCKING os=OPEN is=IDLE awp=false se=false i=true al=0},r=48,c=false/false,a=HANDLING,uri=//localhost:38858/EchoServlet,age=24}
[DEBUG] onEof HttpChannelState@2e8f904b{s=HANDLING rs=BLOCKING os=OPEN is=IDLE awp=false se=false i=true al=0}
[DEBUG] write(array HeapByteBuffer@33466c19[p=0,l=8,c=512,r=8]={<<<</table>>>>Accept-En...\x00\x00\x00\x00\x00\x00\x00})
[DEBUG] write(array) s=OPEN,api=BLOCKING,sc=false,e=null aggregated !flush DirectByteBuffer@1492b79c[p=0,l=752,c=32768,r=752]={<<<<title>Webserver Environm...gzip</td></tr>\n</table>>>>r id quam...gue. Pr}
[DEBUG] write(array HeapByteBuffer@73ba45fe[p=0,l=1,c=512,r=1]={<<<\n>>>/table>Ac...\x00\x00\x00\x00\x00\x00\x00})
[DEBUG] write(array) s=OPEN,api=BLOCKING,sc=false,e=null aggregated !flush DirectByteBuffer@1492b79c[p=0,l=753,c=32768,r=753]={<<<<title>Webserver Environm...zip</td></tr>\n</table>\n>>> id quam<...gue. Pr}
[DEBUG] handled=true async=false committed=false on HttpChannelOverHttp@f268a5a{s=HttpChannelState@2e8f904b{s=HANDLING rs=BLOCKING os=OPEN is=READY awp=false se=false i=true al=0},r=48,c=false/false,a=HANDLING,uri=//localhost:38858/EchoServlet,age=24}
[DEBUG] unhandle HttpChannelState@2e8f904b{s=HANDLING rs=BLOCKING os=OPEN is=READY awp=false se=false i=true al=0}
[DEBUG] nextAction(false) COMPLETE HttpChannelState@2e8f904b{s=HANDLING rs=COMPLETING os=OPEN is=READY awp=false se=false i=false al=0}
[DEBUG] action COMPLETE HttpChannelOverHttp@f268a5a{s=HttpChannelState@2e8f904b{s=HANDLING rs=COMPLETING os=OPEN is=READY awp=false se=false i=false al=0},r=48,c=false/false,a=HANDLING,uri=//localhost:38858/EchoServlet,age=24}
[DEBUG] complete(org.eclipse.jetty.util.Callback$3@d5fe177) s=CLOSING,api=BLOCKED,sc=false,e=null s=false e=null, c=DirectByteBuffer@1492b79c[p=0,l=753,c=32768,r=753]={<<<<title>Webserver Environm...zip</td></tr>\n</table>\n>>> id quam<...gue. Pr}
[DEBUG] sendResponse info=null content=DirectByteBuffer@1492b79c[p=0,l=753,c=32768,r=753]={<<<<title>Webserver Environm...zip</td></tr>\n</table>\n>>> id quam<...gue. Pr} complete=true committing=true callback=org.eclipse.jetty.server.HttpOutput$WriteCompleteCB@195f0235
[DEBUG] COMMIT for /EchoServlet on HttpChannelOverHttp@f268a5a{s=HttpChannelState@2e8f904b{s=HANDLING rs=COMPLETING os=COMMITTED is=READY awp=false se=false i=false al=0},r=48,c=false/false,a=HANDLING,uri=//localhost:38858/EchoServlet,age=24}
200 null HTTP/1.1
Date: Mon, 20 Sep 2021 19:30:13 GMT
Content-Type: text/html;charset=utf-8
Cache-Control: no-cache
Cache-Control: no-store


[DEBUG] generate: NEED_HEADER for SendCallback@2c1836a[PROCESSING][i=HTTP/1.1{s=200,h=4,cl=-1},cb=org.eclipse.jetty.server.HttpChannel$SendCallback@19f993a3] (null,[p=0,l=753,c=32768,r=753],true)@START
[DEBUG] generateHeaders HTTP/1.1{s=200,h=4,cl=-1} last=true content=DirectByteBuffer@1492b79c[p=0,l=753,c=32768,r=753]={<<<<title>Webserver Environm...zip</td></tr>\n</table>\n>>> id quam<...gue. Pr}
[DEBUG] Date: Mon, 20 Sep 2021 19:30:13 GMT
Content-Type: text/html;charset=utf-8
Cache-Control: no-cache
Cache-Control: no-store


[DEBUG] CONTENT_LENGTH
[DEBUG] generate: FLUSH for SendCallback@2c1836a[PROCESSING][i=HTTP/1.1{s=200,h=4,cl=-1},cb=org.eclipse.jetty.server.HttpChannel$SendCallback@19f993a3] ([p=0,l=199,c=8192,r=199],[p=0,l=753,c=32768,r=753],true)@COMPLETING
[DEBUG] write: WriteFlusher@653abf25{IDLE}->null [HeapByteBuffer@22b9b50d[p=0,l=199,c=8192,r=199]={<<<HTTP/1.1 200 OK\r\nDate: Mo...y(9.4.43.v20210629)\r\n\r\n>>>o) Chrome...\x86&h\xA0{\xC1\xC2},DirectByteBuffer@1492b79c[p=0,l=753,c=32768,r=753]={<<<<title>Webserver Environm...zip</td></tr>\n</table>\n>>> id quam<...gue. Pr}]
[DEBUG] update WriteFlusher@653abf25{WRITING}->null:IDLE-->WRITING
]]></system-out>
  </testcase>
  <testcase name="postFiles" classname="org.jsoup.integration.ConnectTest" time="0.028">
    <system-out><![CDATA[[DEBUG] flushed 952 SocketChannelEndPoint@122254ce{l=/127.0.0.1:38858,r=/127.0.0.1:42942,OPEN,fill=-,flush=W,to=37/30000}{io=0/0,kio=0,kro=1}->HttpConnection@3be4ecda[p=HttpParser{s=END,0 of -1},g=HttpGenerator@af7230{s=COMPLETING}]=>HttpChannelOverHttp@f268a5a{s=HttpChannelState@2e8f904b{s=HANDLING rs=COMPLETING os=COMMITTED is=READY awp=false se=false i=false al=0},r=48,c=false/false,a=HANDLING,uri=//localhost:38858/EchoServlet,age=38}
[DEBUG] Flushed=true written=952 remaining=0 WriteFlusher@653abf25{WRITING}->null
[DEBUG] update WriteFlusher@653abf25{IDLE}->null:WRITING-->IDLE
[DEBUG] generate: DONE for SendCallback@2c1836a[PROCESSING][i=HTTP/1.1{s=200,h=4,cl=-1},cb=org.eclipse.jetty.server.HttpChannel$SendCallback@19f993a3] ([p=199,l=199,c=8192,r=0],[p=753,l=753,c=32768,r=0],true)@END
[DEBUG] onWriteComplete(true,null) s=CLOSING,api=BLOCKED,sc=false,e=null->s=CLOSED,api=BLOCKING,sc=false,e=null c=null cb=org.eclipse.jetty.util.Callback$3@d5fe177 w=false
[DEBUG] completed HttpChannelState@2e8f904b{s=HANDLING rs=COMPLETING os=COMPLETED is=READY awp=false se=false i=false al=0}
[DEBUG] unhandle HttpChannelState@2e8f904b{s=HANDLING rs=COMPLETED os=COMPLETED is=READY awp=false se=false i=false al=0}
[DEBUG] nextAction(false) TERMINATED HttpChannelState@2e8f904b{s=IDLE rs=COMPLETED os=COMPLETED is=READY awp=false se=false i=false al=0}
[DEBUG] action TERMINATED HttpChannelOverHttp@f268a5a{s=HttpChannelState@2e8f904b{s=IDLE rs=COMPLETED os=COMPLETED is=READY awp=false se=false i=false al=0},r=48,c=true/true,a=IDLE,uri=//localhost:38858/EchoServlet,age=38}
[DEBUG] onCompleted for /EchoServlet written=753
[DEBUG] recycle HttpChannelState@2e8f904b{s=IDLE rs=COMPLETED os=COMPLETED is=READY awp=false se=false i=false al=0}
[DEBUG] reset HttpParser{s=END,0 of -1}
[DEBUG] END --> START
[DEBUG] !handle TERMINATED HttpChannelOverHttp@f268a5a{s=HttpChannelState@2e8f904b{s=IDLE rs=BLOCKING os=OPEN is=IDLE awp=false se=false i=true al=0},r=48,c=false/false,a=IDLE,uri=null,age=0}
[DEBUG] filled 8192 HeapByteBuffer@78a30358[p=0,l=8192,c=8192,r=8192]={<<<POST /EchoServlet HTTP/1....\xFe\xE0\xA1\xB1xP\xA9s~\xE6}\x1f\x95\x9a\x01q\xCe\x1f\xAf\xC2\x8d\xCey>>>}
[DEBUG] HttpConnection@3be4ecda::SocketChannelEndPoint@122254ce{l=/127.0.0.1:38858,r=/127.0.0.1:42942,OPEN,fill=-,flush=-,to=0/30000}{io=0/0,kio=0,kro=1}->HttpConnection@3be4ecda[p=HttpParser{s=START,0 of -1},g=HttpGenerator@af7230{s=START}]=>HttpChannelOverHttp@f268a5a{s=HttpChannelState@2e8f904b{s=IDLE rs=BLOCKING os=OPEN is=IDLE awp=false se=false i=true al=0},r=48,c=false/false,a=IDLE,uri=null,age=0} filled 8192 HeapByteBuffer@78a30358[p=0,l=8192,c=8192,r=8192]={<<<POST /EchoServlet HTTP/1....\xFe\xE0\xA1\xB1xP\xA9s~\xE6}\x1f\x95\x9a\x01q\xCe\x1f\xAf\xC2\x8d\xCey>>>}
[DEBUG] HttpConnection@3be4ecda::SocketChannelEndPoint@122254ce{l=/127.0.0.1:38858,r=/127.0.0.1:42942,OPEN,fill=-,flush=-,to=0/30000}{io=0/0,kio=0,kro=1}->HttpConnection@3be4ecda[p=HttpParser{s=START,0 of -1},g=HttpGenerator@af7230{s=START}]=>HttpChannelOverHttp@f268a5a{s=HttpChannelState@2e8f904b{s=IDLE rs=BLOCKING os=OPEN is=IDLE awp=false se=false i=true al=0},r=48,c=false/false,a=IDLE,uri=null,age=0} parse HeapByteBuffer@78a30358[p=0,l=8192,c=8192,r=8192]={<<<POST /EchoServlet HTTP/1....\xFe\xE0\xA1\xB1xP\xA9s~\xE6}\x1f\x95\x9a\x01q\xCe\x1f\xAf\xC2\x8d\xCey>>>} {}
[DEBUG] parseNext s=START HeapByteBuffer@78a30358[p=0,l=8192,c=8192,r=8192]={<<<POST /EchoServlet HTTP/1....\xFe\xE0\xA1\xB1xP\xA9s~\xE6}\x1f\x95\x9a\x01q\xCe\x1f\xAf\xC2\x8d\xCey>>>}
[DEBUG] START --> SPACE1
[DEBUG] SPACE1 --> URI
[DEBUG] URI --> SPACE2
[DEBUG] SPACE2 --> REQUEST_VERSION
[DEBUG] REQUEST_VERSION --> HEADER
[DEBUG] HEADER:Accept-Encoding: gzip --> IN_VALUE
[DEBUG] HEADER:Accept-Encoding: gzip --> FIELD
[DEBUG] HEADER:User-Agent: Mozilla/5.0 (Windows NT 10.0; Win64; x64) AppleWebKit/537.36 (KHTML, like Gecko) Chrome/79.0.3945.130 Safari/537.36 --> IN_VALUE
[DEBUG] HEADER:User-Agent: Mozilla/5.0 (Windows NT 10.0; Win64; x64) AppleWebKit/537.36 (KHTML, like Gecko) Chrome/79.0.3945.130 Safari/537.36 --> FIELD
[DEBUG] HEADER:Content-Type --> VALUE
[DEBUG] HEADER:Content-Type --> IN_VALUE
[DEBUG] HEADER:Content-Type --> FIELD
[DEBUG] HEADER:Host: localhost:38858 --> IN_VALUE
[DEBUG] HEADER:Host: localhost:38858 --> FIELD
[DEBUG] HEADER:Accept: text/html, image/gif, image/jpeg, *; q=.2, */*; q=.2 --> IN_VALUE
[DEBUG] HEADER:Accept: text/html, image/gif, image/jpeg, *; q=.2, */*; q=.2 --> FIELD
[DEBUG] HEADER:Connection: keep-alive --> IN_VALUE
[DEBUG] HEADER:Connection: keep-alive --> FIELD
[DEBUG] HEADER:Content-Length --> VALUE
[DEBUG] HEADER:Content-Length --> IN_VALUE
[DEBUG] HEADER:Content-Length --> FIELD
[DEBUG] HEADER --> CONTENT
[DEBUG] REQUEST for //localhost:38858/EchoServlet on HttpChannelOverHttp@f268a5a{s=HttpChannelState@2e8f904b{s=IDLE rs=BLOCKING os=OPEN is=IDLE awp=false se=false i=true al=0},r=49,c=false/false,a=IDLE,uri=//localhost:38858/EchoServlet,age=0}
POST //localhost:38858/EchoServlet HTTP/1.1
Accept-Encoding: gzip
User-Agent: Mozilla/5.0 (Windows NT 10.0; Win64; x64) AppleWebKit/537.36 (KHTML, like Gecko) Chrome/79.0.3945.130 Safari/537.36
Content-Type: multipart/form-data; boundary=6Dex7E1799mHP7mlFq7nVOOk0sSbqnXa
Host: localhost:38858
Accept: text/html, image/gif, image/jpeg, *; q=.2, */*; q=.2
Connection: keep-alive
Content-Length: 13786


[DEBUG] HttpConnection@3be4ecda::SocketChannelEndPoint@122254ce{l=/127.0.0.1:38858,r=/127.0.0.1:42942,OPEN,fill=-,flush=-,to=0/30000}{io=0/0,kio=0,kro=1}->HttpConnection@3be4ecda[p=HttpParser{s=CONTENT,0 of 13786},g=HttpGenerator@af7230{s=START}]=>HttpChannelOverHttp@f268a5a{s=HttpChannelState@2e8f904b{s=IDLE rs=BLOCKING os=OPEN is=IDLE awp=false se=false i=true al=0},r=49,c=false/false,a=IDLE,uri=//localhost:38858/EchoServlet,age=0} parsed true HttpParser{s=CONTENT,0 of 13786}
[DEBUG] handle //localhost:38858/EchoServlet HttpChannelOverHttp@f268a5a{s=HttpChannelState@2e8f904b{s=IDLE rs=BLOCKING os=OPEN is=IDLE awp=false se=false i=true al=0},r=49,c=false/false,a=IDLE,uri=//localhost:38858/EchoServlet,age=0} 
[DEBUG] handling HttpChannelState@2e8f904b{s=IDLE rs=BLOCKING os=OPEN is=IDLE awp=false se=false i=true al=0}
[DEBUG] action DISPATCH HttpChannelOverHttp@f268a5a{s=HttpChannelState@2e8f904b{s=HANDLING rs=BLOCKING os=OPEN is=IDLE awp=false se=false i=true al=0},r=49,c=false/false,a=HANDLING,uri=//localhost:38858/EchoServlet,age=0}
[DEBUG] REQUEST POST /EchoServlet on HttpChannelOverHttp@f268a5a{s=HttpChannelState@2e8f904b{s=HANDLING rs=BLOCKING os=OPEN is=IDLE awp=false se=false i=true al=0},r=49,c=false/false,a=HANDLING,uri=//localhost:38858/EchoServlet,age=0}
[DEBUG] servlet null|/EchoServlet|null -> org.jsoup.integration.servlets.EchoServlet-422c3c7a==org.jsoup.integration.servlets.EchoServlet@66e2fba5{jsp=null,order=-1,inst=true,async=true,src=EMBEDDED:null,STARTED}
[DEBUG] chain=null
[DEBUG] write(array HeapByteBuffer@38cdb0d7[p=0,l=235,c=512,r=235]={<<<<title>Webserver Environm...\n    <table border="0">>>>\x00\x00\x00\x00\x00\x00\x00\x00\x00...\x00\x00\x00\x00\x00\x00\x00})
[DEBUG] write(array) s=OPEN,api=BLOCKING,sc=false,e=null aggregated !flush DirectByteBuffer@1667663f[p=0,l=235,c=32768,r=235]={<<<<title>Webserver Environm...\n    <table border="0">>>><tr><th>M...gue. Pr}
[DEBUG] write(array HeapByteBuffer@4aebaae0[p=0,l=37,c=512,r=37]={<<<<tr><th>Method</th><td>POST</td></tr>>>>s</title>...\x00\x00\x00\x00\x00\x00\x00})
[DEBUG] write(array) s=OPEN,api=BLOCKING,sc=false,e=null aggregated !flush DirectByteBuffer@1667663f[p=0,l=272,c=32768,r=272]={<<<<title>Webserver Environm...</th><td>POST</td></tr>>>><tr><th>R...gue. Pr}
[DEBUG] write(array HeapByteBuffer@2bc45722[p=0,l=1,c=512,r=1]={<<<\n>>>tr><th>Me...\x00\x00\x00\x00\x00\x00\x00})
[DEBUG] write(array) s=OPEN,api=BLOCKING,sc=false,e=null aggregated !flush DirectByteBuffer@1667663f[p=0,l=273,c=32768,r=273]={<<<<title>Webserver Environm.../th><td>POST</td></tr>\n>>>tr><th>Re...gue. Pr}
[DEBUG] write(array HeapByteBuffer@7e75ad72[p=0,l=50,c=512,r=50]={<<<<tr><th>Request URI</th><...>/EchoServlet</td></tr>>>> <style t...\x00\x00\x00\x00\x00\x00\x00})
[DEBUG] write(array) s=OPEN,api=BLOCKING,sc=false,e=null aggregated !flush DirectByteBuffer@1667663f[p=0,l=323,c=32768,r=323]={<<<<title>Webserver Environm...>/EchoServlet</td></tr>>>><tr><th>Q...gue. Pr}
[DEBUG] write(array HeapByteBuffer@2bebe163[p=0,l=1,c=512,r=1]={<<<\n>>>tr><th>Re...\x00\x00\x00\x00\x00\x00\x00})
[DEBUG] write(array) s=OPEN,api=BLOCKING,sc=false,e=null aggregated !flush DirectByteBuffer@1667663f[p=0,l=324,c=32768,r=324]={<<<<title>Webserver Environm.../EchoServlet</td></tr>\n>>>tr><th>Qu...gue. Pr}
[DEBUG] write(array HeapByteBuffer@3cc0e254[p=0,l=39,c=512,r=39]={<<<<tr><th>Query String</th><td></td></tr>>>>t</td></t...\x00\x00\x00\x00\x00\x00\x00})
[DEBUG] write(array) s=OPEN,api=BLOCKING,sc=false,e=null aggregated !flush DirectByteBuffer@1667663f[p=0,l=363,c=32768,r=363]={<<<<title>Webserver Environm...ring</th><td></td></tr>>>><tr><th>c...gue. Pr}
[DEBUG] write(array HeapByteBuffer@3534dfa9[p=0,l=1,c=512,r=1]={<<<\n>>>tr><th>Qu...\x00\x00\x00\x00\x00\x00\x00})
[DEBUG] write(array) s=OPEN,api=BLOCKING,sc=false,e=null aggregated !flush DirectByteBuffer@1667663f[p=0,l=364,c=32768,r=364]={<<<<title>Webserver Environm...ing</th><td></td></tr>\n>>>tr><th>co...gue. Pr}
[DEBUG] write(array HeapByteBuffer@66f9ea40[p=0,l=85,c=512,r=85]={<<<<tr><th>Accept</th><td>te....2, */*; q=.2</td></tr>>>>, td, th ...\x00\x00\x00\x00\x00\x00\x00})
[DEBUG] write(array) s=OPEN,api=BLOCKING,sc=false,e=null aggregated !flush DirectByteBuffer@1667663f[p=0,l=449,c=32768,r=449]={<<<<title>Webserver Environm....2, */*; q=.2</td></tr>>>>jpeg, *; ...gue. Pr}
[DEBUG] write(array HeapByteBuffer@12edff05[p=0,l=1,c=512,r=1]={<<<\n>>>tr><th>Ac...\x00\x00\x00\x00\x00\x00\x00})
[DEBUG] write(array) s=OPEN,api=BLOCKING,sc=false,e=null aggregated !flush DirectByteBuffer@1667663f[p=0,l=450,c=32768,r=450]={<<<<title>Webserver Environm...2, */*; q=.2</td></tr>\n>>>peg, *; q...gue. Pr}
[DEBUG] write(array HeapByteBuffer@29047d4e[p=0,l=152,c=512,r=152]={<<<<tr><th>User-Agent</th><t...Safari/537.36</td></tr>>>>      th ...\x00\x00\x00\x00\x00\x00\x00})
[DEBUG] write(array) s=OPEN,api=BLOCKING,sc=false,e=null aggregated !flush DirectByteBuffer@1667663f[p=0,l=602,c=32768,r=602]={<<<<title>Webserver Environm...Safari/537.36</td></tr>>>>0.3945.13...gue. Pr}
[DEBUG] write(array HeapByteBuffer@3ade3650[p=0,l=1,c=512,r=1]={<<<\n>>>tr><th>Us...\x00\x00\x00\x00\x00\x00\x00})
[DEBUG] write(array) s=OPEN,api=BLOCKING,sc=false,e=null aggregated !flush DirectByteBuffer@1667663f[p=0,l=603,c=32768,r=603]={<<<<title>Webserver Environm...afari/537.36</td></tr>\n>>>.3945.130...gue. Pr}
[DEBUG] write(array HeapByteBuffer@13dc60a1[p=0,l=47,c=512,r=47]={<<<<tr><th>Connection</th><td>keep-alive</td></tr>>>> NT 10.0;...\x00\x00\x00\x00\x00\x00\x00})
[DEBUG] write(array) s=OPEN,api=BLOCKING,sc=false,e=null aggregated !flush DirectByteBuffer@1667663f[p=0,l=650,c=32768,r=650]={<<<<title>Webserver Environm...td>keep-alive</td></tr>>>>ction</th...gue. Pr}
[DEBUG] write(array HeapByteBuffer@6e34a008[p=0,l=1,c=512,r=1]={<<<\n>>>tr><th>Co...\x00\x00\x00\x00\x00\x00\x00})
[DEBUG] write(array) s=OPEN,api=BLOCKING,sc=false,e=null aggregated !flush DirectByteBuffer@1667663f[p=0,l=651,c=32768,r=651]={<<<<title>Webserver Environm...d>keep-alive</td></tr>\n>>>tion</th>...gue. Pr}
[DEBUG] write(array HeapByteBuffer@64505e8d[p=0,l=46,c=512,r=46]={<<<<tr><th>Host</th><td>localhost:38858</td></tr>>>>> NT 10.0...\x00\x00\x00\x00\x00\x00\x00})
[DEBUG] write(array) s=OPEN,api=BLOCKING,sc=false,e=null aggregated !flush DirectByteBuffer@1667663f[p=0,l=697,c=32768,r=697]={<<<<title>Webserver Environm...calhost:38858</td></tr>>>></th><td>...gue. Pr}
[DEBUG] write(array HeapByteBuffer@2f7788e1[p=0,l=1,c=512,r=1]={<<<\n>>>tr><th>Ho...\x00\x00\x00\x00\x00\x00\x00})
[DEBUG] write(array) s=OPEN,api=BLOCKING,sc=false,e=null aggregated !flush DirectByteBuffer@1667663f[p=0,l=698,c=32768,r=698]={<<<<title>Webserver Environm...alhost:38858</td></tr>\n>>>/th><td>l...gue. Pr}
[DEBUG] write(array HeapByteBuffer@5f5e3cc6[p=0,l=46,c=512,r=46]={<<<<tr><th>Accept-Encoding</th><td>gzip</td></tr>>>>> NT 10.0...\x00\x00\x00\x00\x00\x00\x00})
[DEBUG] write(array) s=OPEN,api=BLOCKING,sc=false,e=null aggregated !flush DirectByteBuffer@1667663f[p=0,l=744,c=32768,r=744]={<<<<title>Webserver Environm...</th><td>gzip</td></tr>>>>pt-Encodi...gue. Pr}
[DEBUG] write(array HeapByteBuffer@1421f3c5[p=0,l=1,c=512,r=1]={<<<\n>>>tr><th>Ac...\x00\x00\x00\x00\x00\x00\x00})
[DEBUG] write(array) s=OPEN,api=BLOCKING,sc=false,e=null aggregated !flush DirectByteBuffer@1667663f[p=0,l=745,c=32768,r=745]={<<<<title>Webserver Environm.../th><td>gzip</td></tr>\n>>>t-Encodin...gue. Pr}
[DEBUG] write(array HeapByteBuffer@726373fa[p=0,l=46,c=512,r=46]={<<<<tr><th>Content-Length</th><td>13786</td></tr>>>>> NT 10.0...\x00\x00\x00\x00\x00\x00\x00})
[DEBUG] write(array) s=OPEN,api=BLOCKING,sc=false,e=null aggregated !flush DirectByteBuffer@1667663f[p=0,l=791,c=32768,r=791]={<<<<title>Webserver Environm.../th><td>13786</td></tr>>>>tr>\n<tr><...gue. Pr}
[DEBUG] write(array HeapByteBuffer@61c0cdd7[p=0,l=1,c=512,r=1]={<<<\n>>>tr><th>Co...\x00\x00\x00\x00\x00\x00\x00})
[DEBUG] write(array) s=OPEN,api=BLOCKING,sc=false,e=null aggregated !flush DirectByteBuffer@1667663f[p=0,l=792,c=32768,r=792]={<<<<title>Webserver Environm...th><td>13786</td></tr>\n>>>r>\n<tr><t...gue. Pr}
[DEBUG] write(array HeapByteBuffer@4f566525[p=0,l=101,c=512,r=101]={<<<<tr><th>Content-Type</th>...nVOOk0sSbqnXa</td></tr>>>>Gecko) Ch...\x00\x00\x00\x00\x00\x00\x00})
[DEBUG] write(array) s=OPEN,api=BLOCKING,sc=false,e=null aggregated !flush DirectByteBuffer@1667663f[p=0,l=893,c=32768,r=893]={<<<<title>Webserver Environm...nVOOk0sSbqnXa</td></tr>>>></tr>\n</t...gue. Pr}
[DEBUG] write(array HeapByteBuffer@547218d1[p=0,l=1,c=512,r=1]={<<<\n>>>tr><th>Co...\x00\x00\x00\x00\x00\x00\x00})
[DEBUG] write(array) s=OPEN,api=BLOCKING,sc=false,e=null aggregated !flush DirectByteBuffer@1667663f[p=0,l=894,c=32768,r=894]={<<<<title>Webserver Environm...VOOk0sSbqnXa</td></tr>\n>>>/tr>\n</ta...gue. Pr}
[DEBUG] newMultiParts LEGACY Request(POST //localhost:38858/EchoServlet)@3de74d06
[DEBUG] HttpConnection@3be4ecda::SocketChannelEndPoint@122254ce{l=/127.0.0.1:38858,r=/127.0.0.1:42942,OPEN,fill=-,flush=-,to=8/30000}{io=0/0,kio=0,kro=1}->HttpConnection@3be4ecda[p=HttpParser{s=CONTENT,0 of 13786},g=HttpGenerator@af7230{s=START}]=>HttpChannelOverHttp@f268a5a{s=HttpChannelState@2e8f904b{s=HANDLING rs=BLOCKING os=OPEN is=IDLE awp=false se=false i=true al=0},r=49,c=false/false,a=HANDLING,uri=//localhost:38858/EchoServlet,age=7} parse HeapByteBuffer@78a30358[p=392,l=8192,c=8192,r=7800]={POST /Ech...786\r\n\r\n<<<--6Dex7E1799mHP7mlFq7nVOO...\xFe\xE0\xA1\xB1xP\xA9s~\xE6}\x1f\x95\x9a\x01q\xCe\x1f\xAf\xC2\x8d\xCey>>>} {}
[DEBUG] parseNext s=CONTENT HeapByteBuffer@78a30358[p=392,l=8192,c=8192,r=7800]={POST /Ech...786\r\n\r\n<<<--6Dex7E1799mHP7mlFq7nVOO...\xFe\xE0\xA1\xB1xP\xA9s~\xE6}\x1f\x95\x9a\x01q\xCe\x1f\xAf\xC2\x8d\xCey>>>}
[DEBUG] onContent HttpChannelOverHttp@f268a5a{s=HttpChannelState@2e8f904b{s=HANDLING rs=BLOCKING os=OPEN is=IDLE awp=false se=false i=true al=0},r=49,c=false/false,a=HANDLING,uri=//localhost:38858/EchoServlet,age=7} Content@5aae9118{HeapByteBufferR@26adb825[p=392,l=8192,c=8192,r=7800]={POST /Ech...786\r\n\r\n<<<--6Dex7E1799mHP7mlFq7nVOO...\xFe\xE0\xA1\xB1xP\xA9s~\xE6}\x1f\x95\x9a\x01q\xCe\x1f\xAf\xC2\x8d\xCey>>>}}
[DEBUG] HttpInputOverHTTP@5e34fa8b[c=0,q=0,[0]=null,s=STREAM] addContent Content@5aae9118{HeapByteBufferR@26adb825[p=392,l=8192,c=8192,r=7800]={POST /Ech...786\r\n\r\n<<<--6Dex7E1799mHP7mlFq7nVOO...\xFe\xE0\xA1\xB1xP\xA9s~\xE6}\x1f\x95\x9a\x01q\xCe\x1f\xAf\xC2\x8d\xCey>>>}}
[DEBUG] HttpConnection@3be4ecda::SocketChannelEndPoint@122254ce{l=/127.0.0.1:38858,r=/127.0.0.1:42942,OPEN,fill=-,flush=-,to=8/30000}{io=0/0,kio=0,kro=1}->HttpConnection@3be4ecda[p=HttpParser{s=CONTENT,7800 of 13786},g=HttpGenerator@af7230{s=START}]=>HttpChannelOverHttp@f268a5a{s=HttpChannelState@2e8f904b{s=HANDLING rs=BLOCKING os=OPEN is=IDLE awp=false se=false i=true al=0},r=49,c=false/false,a=HANDLING,uri=//localhost:38858/EchoServlet,age=8} parsed false HttpParser{s=CONTENT,7800 of 13786}
[DEBUG] HttpInputOverHTTP@5e34fa8b[c=7800,q=0,[0]=null,s=STREAM] read 7800 from Content@5aae9118{HeapByteBufferR@26adb825[p=8192,l=8192,c=8192,r=0]={POST /Ech...\xCe\x1f\xAf\xC2\x8d\xCey<<<>>>}}
[DEBUG] releaseRequestBuffer HttpConnection@3be4ecda::SocketChannelEndPoint@122254ce{l=/127.0.0.1:38858,r=/127.0.0.1:42942,OPEN,fill=-,flush=-,to=8/30000}{io=0/0,kio=0,kro=1}->HttpConnection@3be4ecda[p=HttpParser{s=CONTENT,7800 of 13786},g=HttpGenerator@af7230{s=START}]=>HttpChannelOverHttp@f268a5a{s=HttpChannelState@2e8f904b{s=HANDLING rs=BLOCKING os=OPEN is=IDLE awp=false se=false i=true al=0},r=49,c=false/false,a=HANDLING,uri=//localhost:38858/EchoServlet,age=8}
[DEBUG] filled 5986 HeapByteBuffer@41e05b38[p=0,l=5986,c=8192,r=5986]={<<<\x82\x87\x06\xD7\xE8\xE6Jn\xB7\x87\xBdB{\xE4\xD6\n\xCbE\xEd\x16\x8d\xDd\xC7%o...HP7mlFq7nVOOk0sSbqnXa-->>>\x00\x00\x00\x00\x00\x00\x00\x00\x00...\x00\x00\x00\x00\x00\x00\x00}
[DEBUG] HttpConnection@3be4ecda::SocketChannelEndPoint@122254ce{l=/127.0.0.1:38858,r=/127.0.0.1:42942,OPEN,fill=-,flush=-,to=0/30000}{io=0/0,kio=0,kro=1}->HttpConnection@3be4ecda[p=HttpParser{s=CONTENT,7800 of 13786},g=HttpGenerator@af7230{s=START}]=>HttpChannelOverHttp@f268a5a{s=HttpChannelState@2e8f904b{s=HANDLING rs=BLOCKING os=OPEN is=IDLE awp=false se=false i=true al=0},r=49,c=false/false,a=HANDLING,uri=//localhost:38858/EchoServlet,age=13} filled 5986 HeapByteBuffer@41e05b38[p=0,l=5986,c=8192,r=5986]={<<<\x82\x87\x06\xD7\xE8\xE6Jn\xB7\x87\xBdB{\xE4\xD6\n\xCbE\xEd\x16\x8d\xDd\xC7%o...HP7mlFq7nVOOk0sSbqnXa-->>>\x00\x00\x00\x00\x00\x00\x00\x00\x00...\x00\x00\x00\x00\x00\x00\x00}
[DEBUG] HttpConnection@3be4ecda::SocketChannelEndPoint@122254ce{l=/127.0.0.1:38858,r=/127.0.0.1:42942,OPEN,fill=-,flush=-,to=0/30000}{io=0/0,kio=0,kro=1}->HttpConnection@3be4ecda[p=HttpParser{s=CONTENT,7800 of 13786},g=HttpGenerator@af7230{s=START}]=>HttpChannelOverHttp@f268a5a{s=HttpChannelState@2e8f904b{s=HANDLING rs=BLOCKING os=OPEN is=IDLE awp=false se=false i=true al=0},r=49,c=false/false,a=HANDLING,uri=//localhost:38858/EchoServlet,age=13} parse HeapByteBuffer@41e05b38[p=0,l=5986,c=8192,r=5986]={<<<\x82\x87\x06\xD7\xE8\xE6Jn\xB7\x87\xBdB{\xE4\xD6\n\xCbE\xEd\x16\x8d\xDd\xC7%o...HP7mlFq7nVOOk0sSbqnXa-->>>\x00\x00\x00\x00\x00\x00\x00\x00\x00...\x00\x00\x00\x00\x00\x00\x00} {}
[DEBUG] parseNext s=CONTENT HeapByteBuffer@41e05b38[p=0,l=5986,c=8192,r=5986]={<<<\x82\x87\x06\xD7\xE8\xE6Jn\xB7\x87\xBdB{\xE4\xD6\n\xCbE\xEd\x16\x8d\xDd\xC7%o...HP7mlFq7nVOOk0sSbqnXa-->>>\x00\x00\x00\x00\x00\x00\x00\x00\x00...\x00\x00\x00\x00\x00\x00\x00}
[DEBUG] onContent HttpChannelOverHttp@f268a5a{s=HttpChannelState@2e8f904b{s=HANDLING rs=BLOCKING os=OPEN is=IDLE awp=false se=false i=true al=0},r=49,c=false/false,a=HANDLING,uri=//localhost:38858/EchoServlet,age=13} Content@62dd88b1{HeapByteBufferR@65557691[p=0,l=5986,c=8192,r=5986]={<<<\x82\x87\x06\xD7\xE8\xE6Jn\xB7\x87\xBdB{\xE4\xD6\n\xCbE\xEd\x16\x8d\xDd\xC7%o...HP7mlFq7nVOOk0sSbqnXa-->>>\x00\x00\x00\x00\x00\x00\x00\x00\x00...\x00\x00\x00\x00\x00\x00\x00}}
[DEBUG] HttpInputOverHTTP@5e34fa8b[c=7800,q=0,[0]=null,s=STREAM] addContent Content@62dd88b1{HeapByteBufferR@65557691[p=0,l=5986,c=8192,r=5986]={<<<\x82\x87\x06\xD7\xE8\xE6Jn\xB7\x87\xBdB{\xE4\xD6\n\xCbE\xEd\x16\x8d\xDd\xC7%o...HP7mlFq7nVOOk0sSbqnXa-->>>\x00\x00\x00\x00\x00\x00\x00\x00\x00...\x00\x00\x00\x00\x00\x00\x00}}
[DEBUG] CONTENT --> CONTENT_END
[DEBUG] onContentComplete HttpChannelOverHttp@f268a5a{s=HttpChannelState@2e8f904b{s=HANDLING rs=BLOCKING os=OPEN is=IDLE awp=false se=false i=true al=0},r=49,c=false/false,a=HANDLING,uri=//localhost:38858/EchoServlet,age=14}
[DEBUG] CONTENT_END --> END
[DEBUG] onRequestComplete HttpChannelOverHttp@f268a5a{s=HttpChannelState@2e8f904b{s=HANDLING rs=BLOCKING os=OPEN is=IDLE awp=false se=false i=true al=0},r=49,c=false/false,a=HANDLING,uri=//localhost:38858/EchoServlet,age=14}
[DEBUG] HttpInputOverHTTP@5e34fa8b[c=7800,q=1,[0]=EOF,s=STREAM] addContent EOF
[DEBUG] HttpConnection@3be4ecda::SocketChannelEndPoint@122254ce{l=/127.0.0.1:38858,r=/127.0.0.1:42942,OPEN,fill=-,flush=-,to=0/30000}{io=0/0,kio=0,kro=1}->HttpConnection@3be4ecda[p=HttpParser{s=END,13786 of 13786},g=HttpGenerator@af7230{s=START}]=>HttpChannelOverHttp@f268a5a{s=HttpChannelState@2e8f904b{s=HANDLING rs=BLOCKING os=OPEN is=IDLE awp=false se=false i=true al=0},r=49,c=false/false,a=HANDLING,uri=//localhost:38858/EchoServlet,age=14} parsed false HttpParser{s=END,13786 of 13786}
[DEBUG] HttpInputOverHTTP@5e34fa8b[c=8192,q=1,[0]=EOF,s=STREAM] read 392 from Content@62dd88b1{HeapByteBufferR@65557691[p=392,l=5986,c=8192,r=5594]={\x82\x87\x06\xD7\xE8\xE6Jn\xB7...\x8c\x05\x1c\xC3\x8e\x17\xCf<<<0//\xC0K3\x95\\\x82\xCe\x81\x83\x18\xA1\xB3[)\x11\xEe< \xB0\x9f\xA8\xA0...HP7mlFq7nVOOk0sSbqnXa-->>>\x00\x00\x00\x00\x00\x00\x00\x00\x00...\x00\x00\x00\x00\x00\x00\x00}}
[DEBUG] HttpInputOverHTTP@5e34fa8b[c=13786,q=1,[0]=EOF,s=STREAM] read 5594 from Content@62dd88b1{HeapByteBufferR@65557691[p=5986,l=5986,c=8192,r=0]={\x82\x87\x06\xD7\xE8\xE6Jn\xB7...bqnXa--<<<>>>\x00\x00\x00\x00\x00\x00\x00\x00\x00...\x00\x00\x00\x00\x00\x00\x00}}
[DEBUG] releaseRequestBuffer HttpConnection@3be4ecda::SocketChannelEndPoint@122254ce{l=/127.0.0.1:38858,r=/127.0.0.1:42942,OPEN,fill=-,flush=-,to=0/30000}{io=0/0,kio=0,kro=1}->HttpConnection@3be4ecda[p=HttpParser{s=END,13786 of 13786},g=HttpGenerator@af7230{s=START}]=>HttpChannelOverHttp@f268a5a{s=HttpChannelState@2e8f904b{s=HANDLING rs=BLOCKING os=OPEN is=IDLE awp=false se=false i=true al=0},r=49,c=false/false,a=HANDLING,uri=//localhost:38858/EchoServlet,age=14}
[DEBUG] onEof HttpChannelState@2e8f904b{s=HANDLING rs=BLOCKING os=OPEN is=IDLE awp=false se=false i=true al=0}
[DEBUG] onEof HttpChannelState@2e8f904b{s=HANDLING rs=BLOCKING os=OPEN is=READY awp=false se=false i=true al=0}
[DEBUG] write(array HeapByteBuffer@4bdd0d72[p=0,l=39,c=512,r=39]={<<<<tr><th>firstname</th><td>Jay</td></tr>>>>form-data...\x00\x00\x00\x00\x00\x00\x00})
[DEBUG] write(array) s=OPEN,api=BLOCKING,sc=false,e=null aggregated !flush DirectByteBuffer@1667663f[p=0,l=933,c=32768,r=933]={<<<<title>Webserver Environm...e</th><td>Jay</td></tr>>>>ie: auth<...gue. Pr}
[DEBUG] write(array HeapByteBuffer@7ae8bc[p=0,l=1,c=512,r=1]={<<<\n>>>tr><th>fi...\x00\x00\x00\x00\x00\x00\x00})
[DEBUG] write(array) s=OPEN,api=BLOCKING,sc=false,e=null aggregated !flush DirectByteBuffer@1667663f[p=0,l=934,c=32768,r=934]={<<<<title>Webserver Environm...</th><td>Jay</td></tr>\n>>>e: auth</...gue. Pr}
[DEBUG] write(array HeapByteBuffer@e6c7002[p=0,l=38,c=512,r=38]={<<<<tr><th>surname</th><td>Soup</td></tr>>>>>form-dat...\x00\x00\x00\x00\x00\x00\x00})
[DEBUG] write(array) s=OPEN,api=BLOCKING,sc=false,e=null aggregated !flush DirectByteBuffer@1667663f[p=0,l=972,c=32768,r=972]={<<<<title>Webserver Environm...</th><td>Soup</td></tr>>>>h>uname</...gue. Pr}
[DEBUG] write(array HeapByteBuffer@40437ea0[p=0,l=1,c=512,r=1]={<<<\n>>>tr><th>su...\x00\x00\x00\x00\x00\x00\x00})
[DEBUG] write(array) s=OPEN,api=BLOCKING,sc=false,e=null aggregated !flush DirectByteBuffer@1667663f[p=0,l=973,c=32768,r=973]={<<<<title>Webserver Environm.../th><td>Soup</td></tr>\n>>>>uname</t...gue. Pr}
[DEBUG] onEof HttpChannelState@2e8f904b{s=HANDLING rs=BLOCKING os=OPEN is=READY awp=false se=false i=true al=0}
[DEBUG] write(array HeapByteBuffer@63d65d47[p=0,l=33,c=512,r=33]={<<<<tr><th>Parts</th><td>4</td></tr>>>></tr>>for...\x00\x00\x00\x00\x00\x00\x00})
[DEBUG] write(array) s=OPEN,api=BLOCKING,sc=false,e=null aggregated !flush DirectByteBuffer@1667663f[p=0,l=1006,c=32768,r=1006]={<<<<title>Webserver Environm...rts</th><td>4</td></tr>>>>d></tr>\n<...gue. Pr}
[DEBUG] write(array HeapByteBuffer@343e6689[p=0,l=1,c=512,r=1]={<<<\n>>>tr><th>Pa...\x00\x00\x00\x00\x00\x00\x00})
[DEBUG] write(array) s=OPEN,api=BLOCKING,sc=false,e=null aggregated !flush DirectByteBuffer@1667663f[p=0,l=1007,c=32768,r=1007]={<<<<title>Webserver Environm...ts</th><td>4</td></tr>\n>>>></tr>\n<t...gue. Pr}
[DEBUG] write(array HeapByteBuffer@593ffc6c[p=0,l=53,c=512,r=53]={<<<<tr><th>Part firstname Co...Type</th><td></td></tr>>>>ndary=6De...\x00\x00\x00\x00\x00\x00\x00})
[DEBUG] write(array) s=OPEN,api=BLOCKING,sc=false,e=null aggregated !flush DirectByteBuffer@1667663f[p=0,l=1060,c=32768,r=1060]={<<<<title>Webserver Environm...Type</th><td></td></tr>>>>e>\nmenaeo...gue. Pr}
[DEBUG] write(array HeapByteBuffer@2d23f95[p=0,l=1,c=512,r=1]={<<<\n>>>tr><th>Pa...\x00\x00\x00\x00\x00\x00\x00})
[DEBUG] write(array) s=OPEN,api=BLOCKING,sc=false,e=null aggregated !flush DirectByteBuffer@1667663f[p=0,l=1061,c=32768,r=1061]={<<<<title>Webserver Environm...ype</th><td></td></tr>\n>>>>\nmenaeos...gue. Pr}
[DEBUG] write(array HeapByteBuffer@533f66ed[p=0,l=55,c=512,r=55]={<<<<tr><th>Part firstname Na...<td>firstname</td></tr>>>>ary=6Dex7...\x00\x00\x00\x00\x00\x00\x00})
[DEBUG] write(array) s=OPEN,api=BLOCKING,sc=false,e=null aggregated !flush DirectByteBuffer@1667663f[p=0,l=1116,c=32768,r=1116]={<<<<title>Webserver Environm...<td>firstname</td></tr>>>> Sed dign...gue. Pr}
[DEBUG] write(array HeapByteBuffer@1472582d[p=0,l=1,c=512,r=1]={<<<\n>>>tr><th>Pa...\x00\x00\x00\x00\x00\x00\x00})
[DEBUG] write(array) s=OPEN,api=BLOCKING,sc=false,e=null aggregated !flush DirectByteBuffer@1667663f[p=0,l=1117,c=32768,r=1117]={<<<<title>Webserver Environm...td>firstname</td></tr>\n>>>Sed digni...gue. Pr}
[DEBUG] write(array HeapByteBuffer@32080a53[p=0,l=50,c=512,r=50]={<<<<tr><th>Part firstname Fi...name</th><td></td></tr>>>></tr>ary=...\x00\x00\x00\x00\x00\x00\x00})
[DEBUG] write(array) s=OPEN,api=BLOCKING,sc=false,e=null aggregated !flush DirectByteBuffer@1667663f[p=0,l=1167,c=32768,r=1167]={<<<<title>Webserver Environm...name</th><td></td></tr>>>>t eu diam...gue. Pr}
[DEBUG] write(array HeapByteBuffer@21b5b510[p=0,l=1,c=512,r=1]={<<<\n>>>tr><th>Pa...\x00\x00\x00\x00\x00\x00\x00})
[DEBUG] write(array) s=OPEN,api=BLOCKING,sc=false,e=null aggregated !flush DirectByteBuffer@1667663f[p=0,l=1168,c=32768,r=1168]={<<<<title>Webserver Environm...ame</th><td></td></tr>\n>>> eu diam ...gue. Pr}
[DEBUG] write(array HeapByteBuffer@995a7c5[p=0,l=47,c=512,r=47]={<<<<tr><th>Part firstname Size</th><td>3</td></tr>>>>tr></tr>a...\x00\x00\x00\x00\x00\x00\x00})
[DEBUG] write(array) s=OPEN,api=BLOCKING,sc=false,e=null aggregated !flush DirectByteBuffer@1667663f[p=0,l=1215,c=32768,r=1215]={<<<<title>Webserver Environm...ize</th><td>3</td></tr>>>>sque nibh...gue. Pr}
[DEBUG] write(array HeapByteBuffer@f2035ea[p=0,l=1,c=512,r=1]={<<<\n>>>tr><th>Pa...\x00\x00\x00\x00\x00\x00\x00})
[DEBUG] write(array) s=OPEN,api=BLOCKING,sc=false,e=null aggregated !flush DirectByteBuffer@1667663f[p=0,l=1216,c=32768,r=1216]={<<<<title>Webserver Environm...ze</th><td>3</td></tr>\n>>>que nibh....gue. Pr}
[DEBUG] write(array HeapByteBuffer@7d08eccf[p=0,l=78,c=512,r=78]={<<<<tr><th>Part secondPart C.../octet-stream</td></tr>>>>nVOOk0sSb...\x00\x00\x00\x00\x00\x00\x00})
[DEBUG] write(array) s=OPEN,api=BLOCKING,sc=false,e=null aggregated !flush DirectByteBuffer@1667663f[p=0,l=1294,c=32768,r=1294]={<<<<title>Webserver Environm.../octet-stream</td></tr>>>>llis tris...gue. Pr}
[DEBUG] write(array HeapByteBuffer@7119db4b[p=0,l=1,c=512,r=1]={<<<\n>>>tr><th>Pa...\x00\x00\x00\x00\x00\x00\x00})
[DEBUG] write(array) s=OPEN,api=BLOCKING,sc=false,e=null aggregated !flush DirectByteBuffer@1667663f[p=0,l=1295,c=32768,r=1295]={<<<<title>Webserver Environm...octet-stream</td></tr>\n>>>lis trist...gue. Pr}
[DEBUG] write(array HeapByteBuffer@5596e122[p=0,l=57,c=512,r=57]={<<<<tr><th>Part secondPart N...td>secondPart</td></tr>>>>ctet-stre...\x00\x00\x00\x00\x00\x00\x00})
[DEBUG] write(array) s=OPEN,api=BLOCKING,sc=false,e=null aggregated !flush DirectByteBuffer@1667663f[p=0,l=1352,c=32768,r=1352]={<<<<title>Webserver Environm...td>secondPart</td></tr>>>>itor. Mor...gue. Pr}
[DEBUG] write(array HeapByteBuffer@5b97111f[p=0,l=1,c=512,r=1]={<<<\n>>>tr><th>Pa...\x00\x00\x00\x00\x00\x00\x00})
[DEBUG] write(array) s=OPEN,api=BLOCKING,sc=false,e=null aggregated !flush DirectByteBuffer@1667663f[p=0,l=1353,c=32768,r=1353]={<<<<title>Webserver Environm...d>secondPart</td></tr>\n>>>tor. Morb...gue. Pr}
[DEBUG] write(array HeapByteBuffer@6143e036[p=0,l=70,c=512,r=70]={<<<<tr><th>Part secondPart F...-ipod.html.gz</td></tr>>>>td></tr>n...\x00\x00\x00\x00\x00\x00\x00})
[DEBUG] write(array) s=OPEN,api=BLOCKING,sc=false,e=null aggregated !flush DirectByteBuffer@1667663f[p=0,l=1423,c=32768,r=1423]={<<<<title>Webserver Environm...-ipod.html.gz</td></tr>>>>. Fusce a...gue. Pr}
[DEBUG] write(array HeapByteBuffer@5ebfbcd6[p=0,l=1,c=512,r=1]={<<<\n>>>tr><th>Pa...\x00\x00\x00\x00\x00\x00\x00})
[DEBUG] write(array) s=OPEN,api=BLOCKING,sc=false,e=null aggregated !flush DirectByteBuffer@1667663f[p=0,l=1424,c=32768,r=1424]={<<<<title>Webserver Environm...ipod.html.gz</td></tr>\n>>> Fusce ac...gue. Pr}
[DEBUG] write(array HeapByteBuffer@3c42c9d2[p=0,l=52,c=512,r=52]={<<<<tr><th>Part secondPart S.../th><td>12212</td></tr>>>>.html.gz<...\x00\x00\x00\x00\x00\x00\x00})
[DEBUG] write(array) s=OPEN,api=BLOCKING,sc=false,e=null aggregated !flush DirectByteBuffer@1667663f[p=0,l=1476,c=32768,r=1476]={<<<<title>Webserver Environm.../th><td>12212</td></tr>>>> ipsum. N...gue. Pr}
[DEBUG] write(array HeapByteBuffer@5fbe28ac[p=0,l=1,c=512,r=1]={<<<\n>>>tr><th>Pa...\x00\x00\x00\x00\x00\x00\x00})
[DEBUG] write(array) s=OPEN,api=BLOCKING,sc=false,e=null aggregated !flush DirectByteBuffer@1667663f[p=0,l=1477,c=32768,r=1477]={<<<<title>Webserver Environm...th><td>12212</td></tr>\n>>>ipsum. Nu...gue. Pr}
[DEBUG] write(array HeapByteBuffer@2102313d[p=0,l=51,c=512,r=51]={<<<<tr><th>Part surname Cont...Type</th><td></td></tr>>>>>.html.gz...\x00\x00\x00\x00\x00\x00\x00})
[DEBUG] write(array) s=OPEN,api=BLOCKING,sc=false,e=null aggregated !flush DirectByteBuffer@1667663f[p=0,l=1528,c=32768,r=1528]={<<<<title>Webserver Environm...Type</th><td></td></tr>>>>t sed, eu...gue. Pr}
[DEBUG] write(array HeapByteBuffer@27870c7[p=0,l=1,c=512,r=1]={<<<\n>>>tr><th>Pa...\x00\x00\x00\x00\x00\x00\x00})
[DEBUG] write(array) s=OPEN,api=BLOCKING,sc=false,e=null aggregated !flush DirectByteBuffer@1667663f[p=0,l=1529,c=32768,r=1529]={<<<<title>Webserver Environm...ype</th><td></td></tr>\n>>> sed, eui...gue. Pr}
[DEBUG] write(array HeapByteBuffer@28de3503[p=0,l=51,c=512,r=51]={<<<<tr><th>Part surname Name...h><td>surname</td></tr>>>>>.html.gz...\x00\x00\x00\x00\x00\x00\x00})
[DEBUG] write(array) s=OPEN,api=BLOCKING,sc=false,e=null aggregated !flush DirectByteBuffer@1667663f[p=0,l=1580,c=32768,r=1580]={<<<<title>Webserver Environm...h><td>surname</td></tr>>>>m velit. ...gue. Pr}
[DEBUG] write(array HeapByteBuffer@68b83fc[p=0,l=1,c=512,r=1]={<<<\n>>>tr><th>Pa...\x00\x00\x00\x00\x00\x00\x00})
[DEBUG] write(array) s=OPEN,api=BLOCKING,sc=false,e=null aggregated !flush DirectByteBuffer@1667663f[p=0,l=1581,c=32768,r=1581]={<<<<title>Webserver Environm...><td>surname</td></tr>\n>>> velit. <...gue. Pr}
[DEBUG] write(array HeapByteBuffer@36b0c1c9[p=0,l=48,c=512,r=48]={<<<<tr><th>Part surname Filename</th><td></td></tr>>>>tr>>.html...\x00\x00\x00\x00\x00\x00\x00})
[DEBUG] write(array) s=OPEN,api=BLOCKING,sc=false,e=null aggregated !flush DirectByteBuffer@1667663f[p=0,l=1629,c=32768,r=1629]={<<<<title>Webserver Environm...name</th><td></td></tr>>>> litora t...gue. Pr}
[DEBUG] write(array HeapByteBuffer@770f7190[p=0,l=1,c=512,r=1]={<<<\n>>>tr><th>Pa...\x00\x00\x00\x00\x00\x00\x00})
[DEBUG] write(array) s=OPEN,api=BLOCKING,sc=false,e=null aggregated !flush DirectByteBuffer@1667663f[p=0,l=1630,c=32768,r=1630]={<<<<title>Webserver Environm...ame</th><td></td></tr>\n>>>litora to...gue. Pr}
[DEBUG] write(array HeapByteBuffer@2ea0245f[p=0,l=45,c=512,r=45]={<<<<tr><th>Part surname Size</th><td>4</td></tr>>>>tr>tr>>.h...\x00\x00\x00\x00\x00\x00\x00})
[DEBUG] write(array) s=OPEN,api=BLOCKING,sc=false,e=null aggregated !flush DirectByteBuffer@1667663f[p=0,l=1675,c=32768,r=1675]={<<<<title>Webserver Environm...ize</th><td>4</td></tr>>>>tos himen...gue. Pr}
[DEBUG] write(array HeapByteBuffer@74eec614[p=0,l=1,c=512,r=1]={<<<\n>>>tr><th>Pa...\x00\x00\x00\x00\x00\x00\x00})
[DEBUG] write(array) s=OPEN,api=BLOCKING,sc=false,e=null aggregated !flush DirectByteBuffer@1667663f[p=0,l=1676,c=32768,r=1676]={<<<<title>Webserver Environm...ze</th><td>4</td></tr>\n>>>os himena...gue. Pr}
[DEBUG] write(array HeapByteBuffer@44e0ffc9[p=0,l=63,c=512,r=63]={<<<<tr><th>Part firstPart Co...td>image/jpeg</td></tr>>>>d></tr>td...\x00\x00\x00\x00\x00\x00\x00})
[DEBUG] write(array) s=OPEN,api=BLOCKING,sc=false,e=null aggregated !flush DirectByteBuffer@1667663f[p=0,l=1739,c=32768,r=1739]={<<<<title>Webserver Environm...td>image/jpeg</td></tr>>>>tis, tort...gue. Pr}
[DEBUG] write(array HeapByteBuffer@486f9534[p=0,l=1,c=512,r=1]={<<<\n>>>tr><th>Pa...\x00\x00\x00\x00\x00\x00\x00})
[DEBUG] write(array) s=OPEN,api=BLOCKING,sc=false,e=null aggregated !flush DirectByteBuffer@1667663f[p=0,l=1740,c=32768,r=1740]={<<<<title>Webserver Environm...d>image/jpeg</td></tr>\n>>>is, torto...gue. Pr}
[DEBUG] write(array HeapByteBuffer@6742d2ba[p=0,l=55,c=512,r=55]={<<<<tr><th>Part firstPart Na...<td>firstPart</td></tr>>>>td></tr>d...\x00\x00\x00\x00\x00\x00\x00})
[DEBUG] write(array) s=OPEN,api=BLOCKING,sc=false,e=null aggregated !flush DirectByteBuffer@1667663f[p=0,l=1795,c=32768,r=1795]={<<<<title>Webserver Environm...<td>firstPart</td></tr>>>>uis turpi...gue. Pr}
[DEBUG] write(array HeapByteBuffer@659e6620[p=0,l=1,c=512,r=1]={<<<\n>>>tr><th>Pa...\x00\x00\x00\x00\x00\x00\x00})
[DEBUG] write(array) s=OPEN,api=BLOCKING,sc=false,e=null aggregated !flush DirectByteBuffer@1667663f[p=0,l=1796,c=32768,r=1796]={<<<<title>Webserver Environm...td>firstPart</td></tr>\n>>>is turpis...gue. Pr}
[DEBUG] write(array HeapByteBuffer@2643c3ed[p=0,l=59,c=512,r=59]={<<<<tr><th>Part firstPart Fi...<td>thumb.jpg</td></tr>>>>/tr>d></t...\x00\x00\x00\x00\x00\x00\x00})
[DEBUG] write(array) s=OPEN,api=BLOCKING,sc=false,e=null aggregated !flush DirectByteBuffer@1667663f[p=0,l=1855,c=32768,r=1855]={<<<<title>Webserver Environm...<td>thumb.jpg</td></tr>>>>b>. Nulla...gue. Pr}
[DEBUG] write(array HeapByteBuffer@12312424[p=0,l=1,c=512,r=1]={<<<\n>>>tr><th>Pa...\x00\x00\x00\x00\x00\x00\x00})
[DEBUG] write(array) s=OPEN,api=BLOCKING,sc=false,e=null aggregated !flush DirectByteBuffer@1667663f[p=0,l=1856,c=32768,r=1856]={<<<<title>Webserver Environm...td>thumb.jpg</td></tr>\n>>>>. Nulla ...gue. Pr}
[DEBUG] write(array HeapByteBuffer@6397f3da[p=0,l=50,c=512,r=50]={<<<<tr><th>Part firstPart Si...</th><td>1052</td></tr>>>>/td></tr>...\x00\x00\x00\x00\x00\x00\x00})
[DEBUG] write(array) s=OPEN,api=BLOCKING,sc=false,e=null aggregated !flush DirectByteBuffer@1667663f[p=0,l=1906,c=32768,r=1906]={<<<<title>Webserver Environm...</th><td>1052</td></tr>>>>ti. Nunc ...gue. Pr}
[DEBUG] write(array HeapByteBuffer@75ae36ee[p=0,l=1,c=512,r=1]={<<<\n>>>tr><th>Pa...\x00\x00\x00\x00\x00\x00\x00})
[DEBUG] write(array) s=OPEN,api=BLOCKING,sc=false,e=null aggregated !flush DirectByteBuffer@1667663f[p=0,l=1907,c=32768,r=1907]={<<<<title>Webserver Environm.../th><td>1052</td></tr>\n>>>i. Nunc f...gue. Pr}
[DEBUG] write(array HeapByteBuffer@4d4adf1d[p=0,l=8,c=512,r=8]={<<<</table>>>>Part firs...\x00\x00\x00\x00\x00\x00\x00})
[DEBUG] write(array) s=OPEN,api=BLOCKING,sc=false,e=null aggregated !flush DirectByteBuffer@1667663f[p=0,l=1915,c=32768,r=1915]={<<<<title>Webserver Environm...1052</td></tr>\n</table>>>>feugiat m...gue. Pr}
[DEBUG] write(array HeapByteBuffer@56c1c294[p=0,l=1,c=512,r=1]={<<<\n>>>/table>Pa...\x00\x00\x00\x00\x00\x00\x00})
[DEBUG] write(array) s=OPEN,api=BLOCKING,sc=false,e=null aggregated !flush DirectByteBuffer@1667663f[p=0,l=1916,c=32768,r=1916]={<<<<title>Webserver Environm...052</td></tr>\n</table>\n>>>eugiat mi...gue. Pr}
[DEBUG] handled=true async=false committed=false on HttpChannelOverHttp@f268a5a{s=HttpChannelState@2e8f904b{s=HANDLING rs=BLOCKING os=OPEN is=READY awp=false se=false i=true al=0},r=49,c=false/false,a=HANDLING,uri=//localhost:38858/EchoServlet,age=21}
[DEBUG] unhandle HttpChannelState@2e8f904b{s=HANDLING rs=BLOCKING os=OPEN is=READY awp=false se=false i=true al=0}
[DEBUG] nextAction(false) COMPLETE HttpChannelState@2e8f904b{s=HANDLING rs=COMPLETING os=OPEN is=READY awp=false se=false i=false al=0}
[DEBUG] action COMPLETE HttpChannelOverHttp@f268a5a{s=HttpChannelState@2e8f904b{s=HANDLING rs=COMPLETING os=OPEN is=READY awp=false se=false i=false al=0},r=49,c=false/false,a=HANDLING,uri=//localhost:38858/EchoServlet,age=21}
[DEBUG] complete(org.eclipse.jetty.util.Callback$3@a14f2b5) s=CLOSING,api=BLOCKED,sc=false,e=null s=false e=null, c=DirectByteBuffer@1667663f[p=0,l=1916,c=32768,r=1916]={<<<<title>Webserver Environm...052</td></tr>\n</table>\n>>>eugiat mi...gue. Pr}
[DEBUG] sendResponse info=null content=DirectByteBuffer@1667663f[p=0,l=1916,c=32768,r=1916]={<<<<title>Webserver Environm...052</td></tr>\n</table>\n>>>eugiat mi...gue. Pr} complete=true committing=true callback=org.eclipse.jetty.server.HttpOutput$WriteCompleteCB@e89ac5f
[DEBUG] COMMIT for /EchoServlet on HttpChannelOverHttp@f268a5a{s=HttpChannelState@2e8f904b{s=HANDLING rs=COMPLETING os=COMMITTED is=READY awp=false se=false i=false al=0},r=49,c=false/false,a=HANDLING,uri=//localhost:38858/EchoServlet,age=21}
200 null HTTP/1.1
Date: Mon, 20 Sep 2021 19:30:13 GMT
Content-Type: text/html;charset=utf-8
Cache-Control: no-cache
Cache-Control: no-store


[DEBUG] generate: NEED_HEADER for SendCallback@2c1836a[PROCESSING][i=HTTP/1.1{s=200,h=4,cl=-1},cb=org.eclipse.jetty.server.HttpChannel$SendCallback@152038a4] (null,[p=0,l=1916,c=32768,r=1916],true)@START
[DEBUG] generateHeaders HTTP/1.1{s=200,h=4,cl=-1} last=true content=DirectByteBuffer@1667663f[p=0,l=1916,c=32768,r=1916]={<<<<title>Webserver Environm...052</td></tr>\n</table>\n>>>eugiat mi...gue. Pr}
[DEBUG] Date: Mon, 20 Sep 2021 19:30:13 GMT
Content-Type: text/html;charset=utf-8
Cache-Control: no-cache
Cache-Control: no-store


[DEBUG] CONTENT_LENGTH
[DEBUG] generate: FLUSH for SendCallback@2c1836a[PROCESSING][i=HTTP/1.1{s=200,h=4,cl=-1},cb=org.eclipse.jetty.server.HttpChannel$SendCallback@152038a4] ([p=0,l=200,c=8192,r=200],[p=0,l=1916,c=32768,r=1916],true)@COMPLETING
[DEBUG] write: WriteFlusher@653abf25{IDLE}->null [HeapByteBuffer@22b9b50d[p=0,l=200,c=8192,r=200]={<<<HTTP/1.1 200 OK\r\nDate: Mo...y(9.4.43.v20210629)\r\n\r\n>>>) Chrome/...\x86&h\xA0{\xC1\xC2},DirectByteBuffer@1667663f[p=0,l=1916,c=32768,r=1916]={<<<<title>Webserver Environm...052</td></tr>\n</table>\n>>>eugiat mi...gue. Pr}]
[DEBUG] update WriteFlusher@653abf25{WRITING}->null:IDLE-->WRITING
]]></system-out>
  </testcase>
  <testcase name="secFetchHeadersSurviveRedirect" classname="org.jsoup.integration.ConnectTest" time="0.021">
    <system-out><![CDATA[[DEBUG] flushed 2116 SocketChannelEndPoint@122254ce{l=/127.0.0.1:38858,r=/127.0.0.1:42942,OPEN,fill=-,flush=W,to=14/30000}{io=0/0,kio=0,kro=1}->HttpConnection@3be4ecda[p=HttpParser{s=END,13786 of 13786},g=HttpGenerator@af7230{s=COMPLETING}]=>HttpChannelOverHttp@f268a5a{s=HttpChannelState@2e8f904b{s=HANDLING rs=COMPLETING os=COMMITTED is=READY awp=false se=false i=false al=0},r=49,c=false/false,a=HANDLING,uri=//localhost:38858/EchoServlet,age=27}
[DEBUG] Flushed=true written=2116 remaining=0 WriteFlusher@653abf25{WRITING}->null
[DEBUG] update WriteFlusher@653abf25{IDLE}->null:WRITING-->IDLE
[DEBUG] generate: DONE for SendCallback@2c1836a[PROCESSING][i=HTTP/1.1{s=200,h=4,cl=-1},cb=org.eclipse.jetty.server.HttpChannel$SendCallback@152038a4] ([p=200,l=200,c=8192,r=0],[p=1916,l=1916,c=32768,r=0],true)@END
[DEBUG] onWriteComplete(true,null) s=CLOSING,api=BLOCKED,sc=false,e=null->s=CLOSED,api=BLOCKING,sc=false,e=null c=null cb=org.eclipse.jetty.util.Callback$3@a14f2b5 w=false
[DEBUG] completed HttpChannelState@2e8f904b{s=HANDLING rs=COMPLETING os=COMPLETED is=READY awp=false se=false i=false al=0}
[DEBUG] unhandle HttpChannelState@2e8f904b{s=HANDLING rs=COMPLETED os=COMPLETED is=READY awp=false se=false i=false al=0}
[DEBUG] nextAction(false) TERMINATED HttpChannelState@2e8f904b{s=IDLE rs=COMPLETED os=COMPLETED is=READY awp=false se=false i=false al=0}
[DEBUG] action TERMINATED HttpChannelOverHttp@f268a5a{s=HttpChannelState@2e8f904b{s=IDLE rs=COMPLETED os=COMPLETED is=READY awp=false se=false i=false al=0},r=49,c=true/true,a=IDLE,uri=//localhost:38858/EchoServlet,age=28}
[DEBUG] onCompleted for /EchoServlet written=1916
[DEBUG] recycle HttpChannelState@2e8f904b{s=IDLE rs=COMPLETED os=COMPLETED is=READY awp=false se=false i=false al=0}
[DEBUG] reset HttpParser{s=END,13786 of 13786}
[DEBUG] END --> START
[DEBUG] !handle TERMINATED HttpChannelOverHttp@f268a5a{s=HttpChannelState@2e8f904b{s=IDLE rs=BLOCKING os=OPEN is=IDLE awp=false se=false i=true al=0},r=49,c=false/false,a=IDLE,uri=null,age=0}
[DEBUG] filled 420 HeapByteBuffer@78a30358[p=0,l=420,c=8192,r=420]={<<<GET /RedirectServlet?loc=...nection: keep-alive\r\n\r\n>>>SbqnXa\r\nC...\xCe\x1f\xAf\xC2\x8d\xCey}
[DEBUG] HttpConnection@3be4ecda::SocketChannelEndPoint@122254ce{l=/127.0.0.1:38858,r=/127.0.0.1:42942,OPEN,fill=-,flush=-,to=0/30000}{io=0/0,kio=0,kro=1}->HttpConnection@3be4ecda[p=HttpParser{s=START,0 of -1},g=HttpGenerator@af7230{s=START}]=>HttpChannelOverHttp@f268a5a{s=HttpChannelState@2e8f904b{s=IDLE rs=BLOCKING os=OPEN is=IDLE awp=false se=false i=true al=0},r=49,c=false/false,a=IDLE,uri=null,age=0} filled 420 HeapByteBuffer@78a30358[p=0,l=420,c=8192,r=420]={<<<GET /RedirectServlet?loc=...nection: keep-alive\r\n\r\n>>>SbqnXa\r\nC...\xCe\x1f\xAf\xC2\x8d\xCey}
[DEBUG] HttpConnection@3be4ecda::SocketChannelEndPoint@122254ce{l=/127.0.0.1:38858,r=/127.0.0.1:42942,OPEN,fill=-,flush=-,to=0/30000}{io=0/0,kio=0,kro=1}->HttpConnection@3be4ecda[p=HttpParser{s=START,0 of -1},g=HttpGenerator@af7230{s=START}]=>HttpChannelOverHttp@f268a5a{s=HttpChannelState@2e8f904b{s=IDLE rs=BLOCKING os=OPEN is=IDLE awp=false se=false i=true al=0},r=49,c=false/false,a=IDLE,uri=null,age=0} parse HeapByteBuffer@78a30358[p=0,l=420,c=8192,r=420]={<<<GET /RedirectServlet?loc=...nection: keep-alive\r\n\r\n>>>SbqnXa\r\nC...\xCe\x1f\xAf\xC2\x8d\xCey} {}
[DEBUG] parseNext s=START HeapByteBuffer@78a30358[p=0,l=420,c=8192,r=420]={<<<GET /RedirectServlet?loc=...nection: keep-alive\r\n\r\n>>>SbqnXa\r\nC...\xCe\x1f\xAf\xC2\x8d\xCey}
[DEBUG] START --> SPACE1
[DEBUG] SPACE1 --> URI
[DEBUG] URI --> SPACE2
[DEBUG] SPACE2 --> REQUEST_VERSION
[DEBUG] REQUEST_VERSION --> HEADER
[DEBUG] HEADER:Accept-Encoding: gzip --> IN_VALUE
[DEBUG] HEADER:Accept-Encoding: gzip --> FIELD
[DEBUG] HEADER:User-Agent: Mozilla/5.0 (Windows NT 10.0; Win64; x64) AppleWebKit/537.36 (KHTML, like Gecko) Chrome/79.0.3945.130 Safari/537.36 --> IN_VALUE
[DEBUG] HEADER:User-Agent: Mozilla/5.0 (Windows NT 10.0; Win64; x64) AppleWebKit/537.36 (KHTML, like Gecko) Chrome/79.0.3945.130 Safari/537.36 --> FIELD
[DEBUG] HEADER: --> IN_NAME
[DEBUG] HEADER:Random-Header-name --> VALUE
[DEBUG] HEADER:Random-Header-name --> IN_VALUE
[DEBUG] HEADER:Random-Header-name --> FIELD
[DEBUG] HEADER: --> IN_NAME
[DEBUG] HEADER:Sec-Fetch-Site --> VALUE
[DEBUG] HEADER:Sec-Fetch-Site --> IN_VALUE
[DEBUG] HEADER:Sec-Fetch-Site --> FIELD
[DEBUG] HEADER: --> IN_NAME
[DEBUG] HEADER:Sec-Fetch-Mode --> VALUE
[DEBUG] HEADER:Sec-Fetch-Mode --> IN_VALUE
[DEBUG] HEADER:Sec-Fetch-Mode --> FIELD
[DEBUG] HEADER:Host: localhost:38858 --> IN_VALUE
[DEBUG] HEADER:Host: localhost:38858 --> FIELD
[DEBUG] HEADER:Accept: text/html, image/gif, image/jpeg, *; q=.2, */*; q=.2 --> IN_VALUE
[DEBUG] HEADER:Accept: text/html, image/gif, image/jpeg, *; q=.2, */*; q=.2 --> FIELD
[DEBUG] HEADER:Connection: keep-alive --> IN_VALUE
[DEBUG] HEADER:Connection: keep-alive --> FIELD
[DEBUG] HEADER --> CONTENT
[DEBUG] REQUEST for //localhost:38858/RedirectServlet?loc=http%3A%2F%2Flocalhost%3A38858%2FEchoServlet on HttpChannelOverHttp@f268a5a{s=HttpChannelState@2e8f904b{s=IDLE rs=BLOCKING os=OPEN is=IDLE awp=false se=false i=true al=0},r=50,c=false/false,a=IDLE,uri=//localhost:38858/RedirectServlet?loc=http%3A%2F%2Flocalhost%3A38858%2FEchoServlet,age=0}
GET //localhost:38858/RedirectServlet?loc=http%3A%2F%2Flocalhost%3A38858%2FEchoServlet HTTP/1.1
Accept-Encoding: gzip
User-Agent: Mozilla/5.0 (Windows NT 10.0; Win64; x64) AppleWebKit/537.36 (KHTML, like Gecko) Chrome/79.0.3945.130 Safari/537.36
Random-Header-name: hello
Sec-Fetch-Site: cross-site
Sec-Fetch-Mode: cors
Host: localhost:38858
Accept: text/html, image/gif, image/jpeg, *; q=.2, */*; q=.2
Connection: keep-alive


[DEBUG] HttpConnection@3be4ecda::SocketChannelEndPoint@122254ce{l=/127.0.0.1:38858,r=/127.0.0.1:42942,OPEN,fill=-,flush=-,to=0/30000}{io=0/0,kio=0,kro=1}->HttpConnection@3be4ecda[p=HttpParser{s=CONTENT,0 of -1},g=HttpGenerator@af7230{s=START}]=>HttpChannelOverHttp@f268a5a{s=HttpChannelState@2e8f904b{s=IDLE rs=BLOCKING os=OPEN is=IDLE awp=false se=false i=true al=0},r=50,c=false/false,a=IDLE,uri=//localhost:38858/RedirectServlet?loc=http%3A%2F%2Flocalhost%3A38858%2FEchoServlet,age=0} parsed true HttpParser{s=CONTENT,0 of -1}
[DEBUG] releaseRequestBuffer HttpConnection@3be4ecda::SocketChannelEndPoint@122254ce{l=/127.0.0.1:38858,r=/127.0.0.1:42942,OPEN,fill=-,flush=-,to=0/30000}{io=0/0,kio=0,kro=1}->HttpConnection@3be4ecda[p=HttpParser{s=CONTENT,0 of -1},g=HttpGenerator@af7230{s=START}]=>HttpChannelOverHttp@f268a5a{s=HttpChannelState@2e8f904b{s=IDLE rs=BLOCKING os=OPEN is=IDLE awp=false se=false i=true al=0},r=50,c=false/false,a=IDLE,uri=//localhost:38858/RedirectServlet?loc=http%3A%2F%2Flocalhost%3A38858%2FEchoServlet,age=0}
[DEBUG] handle //localhost:38858/RedirectServlet?loc=http%3A%2F%2Flocalhost%3A38858%2FEchoServlet HttpChannelOverHttp@f268a5a{s=HttpChannelState@2e8f904b{s=IDLE rs=BLOCKING os=OPEN is=IDLE awp=false se=false i=true al=0},r=50,c=false/false,a=IDLE,uri=//localhost:38858/RedirectServlet?loc=http%3A%2F%2Flocalhost%3A38858%2FEchoServlet,age=1} 
[DEBUG] handling HttpChannelState@2e8f904b{s=IDLE rs=BLOCKING os=OPEN is=IDLE awp=false se=false i=true al=0}
[DEBUG] action DISPATCH HttpChannelOverHttp@f268a5a{s=HttpChannelState@2e8f904b{s=HANDLING rs=BLOCKING os=OPEN is=IDLE awp=false se=false i=true al=0},r=50,c=false/false,a=HANDLING,uri=//localhost:38858/RedirectServlet?loc=http%3A%2F%2Flocalhost%3A38858%2FEchoServlet,age=1}
[DEBUG] REQUEST GET /RedirectServlet on HttpChannelOverHttp@f268a5a{s=HttpChannelState@2e8f904b{s=HANDLING rs=BLOCKING os=OPEN is=IDLE awp=false se=false i=true al=0},r=50,c=false/false,a=HANDLING,uri=//localhost:38858/RedirectServlet?loc=http%3A%2F%2Flocalhost%3A38858%2FEchoServlet,age=1}
[DEBUG] servlet null|/RedirectServlet|null -> org.jsoup.integration.servlets.RedirectServlet-56febdc==org.jsoup.integration.servlets.RedirectServlet@decc268e{jsp=null,order=-1,inst=true,async=true,src=EMBEDDED:null,STARTED}
[DEBUG] chain=null
[DEBUG] handled=true async=false committed=false on HttpChannelOverHttp@f268a5a{s=HttpChannelState@2e8f904b{s=HANDLING rs=BLOCKING os=OPEN is=IDLE awp=false se=false i=true al=0},r=50,c=false/false,a=HANDLING,uri=//localhost:38858/RedirectServlet?loc=http%3A%2F%2Flocalhost%3A38858%2FEchoServlet,age=1}
[DEBUG] unhandle HttpChannelState@2e8f904b{s=HANDLING rs=BLOCKING os=OPEN is=IDLE awp=false se=false i=true al=0}
[DEBUG] nextAction(false) COMPLETE HttpChannelState@2e8f904b{s=HANDLING rs=COMPLETING os=OPEN is=IDLE awp=false se=false i=false al=0}
[DEBUG] action COMPLETE HttpChannelOverHttp@f268a5a{s=HttpChannelState@2e8f904b{s=HANDLING rs=COMPLETING os=OPEN is=IDLE awp=false se=false i=false al=0},r=50,c=false/false,a=HANDLING,uri=//localhost:38858/RedirectServlet?loc=http%3A%2F%2Flocalhost%3A38858%2FEchoServlet,age=4}
[DEBUG] filled 0 HeapByteBuffer@41e05b38[p=0,l=0,c=8192,r=0]={<<<>>>\x82\x87\x06\xD7\xE8\xE6Jn\xB7...\x00\x00\x00\x00\x00\x00\x00}
[DEBUG] filled 0 HeapByteBuffer@41e05b38[p=0,l=0,c=8192,r=0]={<<<>>>\x82\x87\x06\xD7\xE8\xE6Jn\xB7...\x00\x00\x00\x00\x00\x00\x00}
[DEBUG] HttpConnection@3be4ecda::SocketChannelEndPoint@122254ce{l=/127.0.0.1:38858,r=/127.0.0.1:42942,OPEN,fill=-,flush=-,to=4/30000}{io=0/0,kio=0,kro=1}->HttpConnection@3be4ecda[p=HttpParser{s=CONTENT,0 of -1},g=HttpGenerator@af7230{s=START}]=>HttpChannelOverHttp@f268a5a{s=HttpChannelState@2e8f904b{s=HANDLING rs=COMPLETING os=OPEN is=IDLE awp=false se=false i=false al=0},r=50,c=false/false,a=HANDLING,uri=//localhost:38858/RedirectServlet?loc=http%3A%2F%2Flocalhost%3A38858%2FEchoServlet,age=5} filled 0 HeapByteBuffer@41e05b38[p=0,l=0,c=8192,r=0]={<<<>>>\x82\x87\x06\xD7\xE8\xE6Jn\xB7...\x00\x00\x00\x00\x00\x00\x00}
[DEBUG] HttpConnection@3be4ecda::SocketChannelEndPoint@122254ce{l=/127.0.0.1:38858,r=/127.0.0.1:42942,OPEN,fill=-,flush=-,to=4/30000}{io=0/0,kio=0,kro=1}->HttpConnection@3be4ecda[p=HttpParser{s=CONTENT,0 of -1},g=HttpGenerator@af7230{s=START}]=>HttpChannelOverHttp@f268a5a{s=HttpChannelState@2e8f904b{s=HANDLING rs=COMPLETING os=OPEN is=IDLE awp=false se=false i=false al=0},r=50,c=false/false,a=HANDLING,uri=//localhost:38858/RedirectServlet?loc=http%3A%2F%2Flocalhost%3A38858%2FEchoServlet,age=5} parse HeapByteBuffer@41e05b38[p=0,l=0,c=8192,r=0]={<<<>>>\x82\x87\x06\xD7\xE8\xE6Jn\xB7...\x00\x00\x00\x00\x00\x00\x00} {}
[DEBUG] parseNext s=CONTENT HeapByteBuffer@41e05b38[p=0,l=0,c=8192,r=0]={<<<>>>\x82\x87\x06\xD7\xE8\xE6Jn\xB7...\x00\x00\x00\x00\x00\x00\x00}
[DEBUG] CONTENT --> CONTENT_END
[DEBUG] onContentComplete HttpChannelOverHttp@f268a5a{s=HttpChannelState@2e8f904b{s=HANDLING rs=COMPLETING os=OPEN is=IDLE awp=false se=false i=false al=0},r=50,c=false/false,a=HANDLING,uri=//localhost:38858/RedirectServlet?loc=http%3A%2F%2Flocalhost%3A38858%2FEchoServlet,age=5}
[DEBUG] CONTENT_END --> END
[DEBUG] onRequestComplete HttpChannelOverHttp@f268a5a{s=HttpChannelState@2e8f904b{s=HANDLING rs=COMPLETING os=OPEN is=IDLE awp=false se=false i=false al=0},r=50,c=false/false,a=HANDLING,uri=//localhost:38858/RedirectServlet?loc=http%3A%2F%2Flocalhost%3A38858%2FEchoServlet,age=5}
[DEBUG] HttpInputOverHTTP@5e34fa8b[c=0,q=0,[0]=null,s=STREAM] addContent EOF
[DEBUG] HttpConnection@3be4ecda::SocketChannelEndPoint@122254ce{l=/127.0.0.1:38858,r=/127.0.0.1:42942,OPEN,fill=-,flush=-,to=5/30000}{io=0/0,kio=0,kro=1}->HttpConnection@3be4ecda[p=HttpParser{s=END,0 of -1},g=HttpGenerator@af7230{s=START}]=>HttpChannelOverHttp@f268a5a{s=HttpChannelState@2e8f904b{s=HANDLING rs=COMPLETING os=OPEN is=IDLE awp=false se=false i=false al=0},r=50,c=false/false,a=HANDLING,uri=//localhost:38858/RedirectServlet?loc=http%3A%2F%2Flocalhost%3A38858%2FEchoServlet,age=5} parsed false HttpParser{s=END,0 of -1}
[DEBUG] releaseRequestBuffer HttpConnection@3be4ecda::SocketChannelEndPoint@122254ce{l=/127.0.0.1:38858,r=/127.0.0.1:42942,OPEN,fill=-,flush=-,to=5/30000}{io=0/0,kio=0,kro=1}->HttpConnection@3be4ecda[p=HttpParser{s=END,0 of -1},g=HttpGenerator@af7230{s=START}]=>HttpChannelOverHttp@f268a5a{s=HttpChannelState@2e8f904b{s=HANDLING rs=COMPLETING os=OPEN is=IDLE awp=false se=false i=false al=0},r=50,c=false/false,a=HANDLING,uri=//localhost:38858/RedirectServlet?loc=http%3A%2F%2Flocalhost%3A38858%2FEchoServlet,age=5}
[DEBUG] complete(org.eclipse.jetty.util.Callback$3@4d2d9df6) s=CLOSING,api=BLOCKED,sc=false,e=null s=false e=null, c=HeapByteBuffer@11848662[p=0,l=0,c=0,r=0]={<<<>>>}
[DEBUG] sendResponse info=null content=HeapByteBuffer@11848662[p=0,l=0,c=0,r=0]={<<<>>>} complete=true committing=true callback=org.eclipse.jetty.server.HttpOutput$WriteCompleteCB@60014fbc
[DEBUG] COMMIT for /RedirectServlet on HttpChannelOverHttp@f268a5a{s=HttpChannelState@2e8f904b{s=HANDLING rs=COMPLETING os=COMMITTED is=IDLE awp=false se=false i=false al=0},r=50,c=false/false,a=HANDLING,uri=//localhost:38858/RedirectServlet?loc=http%3A%2F%2Flocalhost%3A38858%2FEchoServlet,age=5}
302 null HTTP/1.1
Date: Mon, 20 Sep 2021 19:30:13 GMT
Location: http://localhost:38858/EchoServlet


[DEBUG] generate: NEED_HEADER for SendCallback@2c1836a[PROCESSING][i=HTTP/1.1{s=302,h=2,cl=-1},cb=org.eclipse.jetty.server.HttpChannel$SendCallback@2329ecb7] (null,[p=0,l=0,c=0,r=0],true)@START
[DEBUG] generateHeaders HTTP/1.1{s=302,h=2,cl=-1} last=true content=HeapByteBuffer@11848662[p=0,l=0,c=0,r=0]={<<<>>>}
[DEBUG] Date: Mon, 20 Sep 2021 19:30:13 GMT
Location: http://localhost:38858/EchoServlet


[DEBUG] CONTENT_LENGTH
[DEBUG] generate: FLUSH for SendCallback@2c1836a[PROCESSING][i=HTTP/1.1{s=302,h=2,cl=-1},cb=org.eclipse.jetty.server.HttpChannel$SendCallback@2329ecb7] ([p=0,l=157,c=8192,r=157],[p=0,l=0,c=0,r=0],true)@COMPLETING
[DEBUG] write: WriteFlusher@653abf25{IDLE}->null [HeapByteBuffer@22b9b50d[p=0,l=157,c=8192,r=157]={<<<HTTP/1.1 302 Found\r\nDate:...y(9.4.43.v20210629)\r\n\r\n>>>: 1916\r\nS...\x86&h\xA0{\xC1\xC2}]
[DEBUG] update WriteFlusher@653abf25{WRITING}->null:IDLE-->WRITING
[DEBUG] flushed 157 SocketChannelEndPoint@122254ce{l=/127.0.0.1:38858,r=/127.0.0.1:42942,OPEN,fill=-,flush=W,to=8/30000}{io=0/0,kio=0,kro=1}->HttpConnection@3be4ecda[p=HttpParser{s=END,0 of -1},g=HttpGenerator@af7230{s=COMPLETING}]=>HttpChannelOverHttp@f268a5a{s=HttpChannelState@2e8f904b{s=HANDLING rs=COMPLETING os=COMMITTED is=IDLE awp=false se=false i=false al=0},r=50,c=false/false,a=HANDLING,uri=//localhost:38858/RedirectServlet?loc=http%3A%2F%2Flocalhost%3A38858%2FEchoServlet,age=8}
[DEBUG] Flushed=true written=157 remaining=0 WriteFlusher@653abf25{WRITING}->null
[DEBUG] update WriteFlusher@653abf25{IDLE}->null:WRITING-->IDLE
[DEBUG] generate: DONE for SendCallback@2c1836a[PROCESSING][i=HTTP/1.1{s=302,h=2,cl=-1},cb=org.eclipse.jetty.server.HttpChannel$SendCallback@2329ecb7] ([p=157,l=157,c=8192,r=0],[p=0,l=0,c=0,r=0],true)@END
[DEBUG] onWriteComplete(true,null) s=CLOSING,api=BLOCKED,sc=false,e=null->s=CLOSED,api=BLOCKING,sc=false,e=null c=null cb=org.eclipse.jetty.util.Callback$3@4d2d9df6 w=false
[DEBUG] completed HttpChannelState@2e8f904b{s=HANDLING rs=COMPLETING os=COMPLETED is=IDLE awp=false se=false i=false al=0}
[DEBUG] unhandle HttpChannelState@2e8f904b{s=HANDLING rs=COMPLETED os=COMPLETED is=IDLE awp=false se=false i=false al=0}
[DEBUG] nextAction(false) TERMINATED HttpChannelState@2e8f904b{s=IDLE rs=COMPLETED os=COMPLETED is=IDLE awp=false se=false i=false al=0}
[DEBUG] action TERMINATED HttpChannelOverHttp@f268a5a{s=HttpChannelState@2e8f904b{s=IDLE rs=COMPLETED os=COMPLETED is=IDLE awp=false se=false i=false al=0},r=50,c=true/true,a=IDLE,uri=//localhost:38858/RedirectServlet?loc=http%3A%2F%2Flocalhost%3A38858%2FEchoServlet,age=9}
[DEBUG] onCompleted for /RedirectServlet written=0
[DEBUG] recycle HttpChannelState@2e8f904b{s=IDLE rs=COMPLETED os=COMPLETED is=IDLE awp=false se=false i=false al=0}
[DEBUG] reset HttpParser{s=END,0 of -1}
[DEBUG] END --> START
[DEBUG] !handle TERMINATED HttpChannelOverHttp@f268a5a{s=HttpChannelState@2e8f904b{s=IDLE rs=BLOCKING os=OPEN is=IDLE awp=false se=false i=true al=0},r=50,c=false/false,a=IDLE,uri=null,age=0}
[DEBUG] filled 367 HeapByteBuffer@78a30358[p=0,l=367,c=8192,r=367]={<<<GET /EchoServlet HTTP/1.1...nection: keep-alive\r\n\r\n>>>/jpeg, *;...\xCe\x1f\xAf\xC2\x8d\xCey}
[DEBUG] HttpConnection@3be4ecda::SocketChannelEndPoint@122254ce{l=/127.0.0.1:38858,r=/127.0.0.1:42942,OPEN,fill=-,flush=-,to=0/30000}{io=0/0,kio=0,kro=1}->HttpConnection@3be4ecda[p=HttpParser{s=START,0 of -1},g=HttpGenerator@af7230{s=START}]=>HttpChannelOverHttp@f268a5a{s=HttpChannelState@2e8f904b{s=IDLE rs=BLOCKING os=OPEN is=IDLE awp=false se=false i=true al=0},r=50,c=false/false,a=IDLE,uri=null,age=0} filled 367 HeapByteBuffer@78a30358[p=0,l=367,c=8192,r=367]={<<<GET /EchoServlet HTTP/1.1...nection: keep-alive\r\n\r\n>>>/jpeg, *;...\xCe\x1f\xAf\xC2\x8d\xCey}
[DEBUG] HttpConnection@3be4ecda::SocketChannelEndPoint@122254ce{l=/127.0.0.1:38858,r=/127.0.0.1:42942,OPEN,fill=-,flush=-,to=0/30000}{io=0/0,kio=0,kro=1}->HttpConnection@3be4ecda[p=HttpParser{s=START,0 of -1},g=HttpGenerator@af7230{s=START}]=>HttpChannelOverHttp@f268a5a{s=HttpChannelState@2e8f904b{s=IDLE rs=BLOCKING os=OPEN is=IDLE awp=false se=false i=true al=0},r=50,c=false/false,a=IDLE,uri=null,age=0} parse HeapByteBuffer@78a30358[p=0,l=367,c=8192,r=367]={<<<GET /EchoServlet HTTP/1.1...nection: keep-alive\r\n\r\n>>>/jpeg, *;...\xCe\x1f\xAf\xC2\x8d\xCey} {}
[DEBUG] parseNext s=START HeapByteBuffer@78a30358[p=0,l=367,c=8192,r=367]={<<<GET /EchoServlet HTTP/1.1...nection: keep-alive\r\n\r\n>>>/jpeg, *;...\xCe\x1f\xAf\xC2\x8d\xCey}
[DEBUG] START --> SPACE1
[DEBUG] SPACE1 --> URI
[DEBUG] URI --> SPACE2
[DEBUG] SPACE2 --> REQUEST_VERSION
[DEBUG] REQUEST_VERSION --> HEADER
[DEBUG] HEADER:Accept-Encoding: gzip --> IN_VALUE
[DEBUG] HEADER:Accept-Encoding: gzip --> FIELD
[DEBUG] HEADER:User-Agent: Mozilla/5.0 (Windows NT 10.0; Win64; x64) AppleWebKit/537.36 (KHTML, like Gecko) Chrome/79.0.3945.130 Safari/537.36 --> IN_VALUE
[DEBUG] HEADER:User-Agent: Mozilla/5.0 (Windows NT 10.0; Win64; x64) AppleWebKit/537.36 (KHTML, like Gecko) Chrome/79.0.3945.130 Safari/537.36 --> FIELD
[DEBUG] HEADER: --> IN_NAME
[DEBUG] HEADER:Random-Header-name --> VALUE
[DEBUG] HEADER:Random-Header-name --> IN_VALUE
[DEBUG] HEADER:Random-Header-name --> FIELD
[DEBUG] HEADER: --> IN_NAME
[DEBUG] HEADER:Sec-Fetch-Site --> VALUE
[DEBUG] HEADER:Sec-Fetch-Site --> IN_VALUE
[DEBUG] HEADER:Sec-Fetch-Site --> FIELD
[DEBUG] HEADER: --> IN_NAME
[DEBUG] HEADER:Sec-Fetch-Mode --> VALUE
[DEBUG] HEADER:Sec-Fetch-Mode --> IN_VALUE
[DEBUG] HEADER:Sec-Fetch-Mode --> FIELD
[DEBUG] HEADER:Host: localhost:38858 --> IN_VALUE
[DEBUG] HEADER:Host: localhost:38858 --> FIELD
[DEBUG] HEADER:Accept: text/html, image/gif, image/jpeg, *; q=.2, */*; q=.2 --> IN_VALUE
[DEBUG] HEADER:Accept: text/html, image/gif, image/jpeg, *; q=.2, */*; q=.2 --> FIELD
[DEBUG] HEADER:Connection: keep-alive --> IN_VALUE
[DEBUG] HEADER:Connection: keep-alive --> FIELD
[DEBUG] HEADER --> CONTENT
[DEBUG] REQUEST for //localhost:38858/EchoServlet on HttpChannelOverHttp@f268a5a{s=HttpChannelState@2e8f904b{s=IDLE rs=BLOCKING os=OPEN is=IDLE awp=false se=false i=true al=0},r=51,c=false/false,a=IDLE,uri=//localhost:38858/EchoServlet,age=0}
GET //localhost:38858/EchoServlet HTTP/1.1
Accept-Encoding: gzip
User-Agent: Mozilla/5.0 (Windows NT 10.0; Win64; x64) AppleWebKit/537.36 (KHTML, like Gecko) Chrome/79.0.3945.130 Safari/537.36
Random-Header-name: hello
Sec-Fetch-Site: cross-site
Sec-Fetch-Mode: cors
Host: localhost:38858
Accept: text/html, image/gif, image/jpeg, *; q=.2, */*; q=.2
Connection: keep-alive


[DEBUG] HttpConnection@3be4ecda::SocketChannelEndPoint@122254ce{l=/127.0.0.1:38858,r=/127.0.0.1:42942,OPEN,fill=-,flush=-,to=0/30000}{io=0/0,kio=0,kro=1}->HttpConnection@3be4ecda[p=HttpParser{s=CONTENT,0 of -1},g=HttpGenerator@af7230{s=START}]=>HttpChannelOverHttp@f268a5a{s=HttpChannelState@2e8f904b{s=IDLE rs=BLOCKING os=OPEN is=IDLE awp=false se=false i=true al=0},r=51,c=false/false,a=IDLE,uri=//localhost:38858/EchoServlet,age=0} parsed true HttpParser{s=CONTENT,0 of -1}
[DEBUG] releaseRequestBuffer HttpConnection@3be4ecda::SocketChannelEndPoint@122254ce{l=/127.0.0.1:38858,r=/127.0.0.1:42942,OPEN,fill=-,flush=-,to=0/30000}{io=0/0,kio=0,kro=1}->HttpConnection@3be4ecda[p=HttpParser{s=CONTENT,0 of -1},g=HttpGenerator@af7230{s=START}]=>HttpChannelOverHttp@f268a5a{s=HttpChannelState@2e8f904b{s=IDLE rs=BLOCKING os=OPEN is=IDLE awp=false se=false i=true al=0},r=51,c=false/false,a=IDLE,uri=//localhost:38858/EchoServlet,age=1}
[DEBUG] handle //localhost:38858/EchoServlet HttpChannelOverHttp@f268a5a{s=HttpChannelState@2e8f904b{s=IDLE rs=BLOCKING os=OPEN is=IDLE awp=false se=false i=true al=0},r=51,c=false/false,a=IDLE,uri=//localhost:38858/EchoServlet,age=1} 
[DEBUG] handling HttpChannelState@2e8f904b{s=IDLE rs=BLOCKING os=OPEN is=IDLE awp=false se=false i=true al=0}
[DEBUG] action DISPATCH HttpChannelOverHttp@f268a5a{s=HttpChannelState@2e8f904b{s=HANDLING rs=BLOCKING os=OPEN is=IDLE awp=false se=false i=true al=0},r=51,c=false/false,a=HANDLING,uri=//localhost:38858/EchoServlet,age=1}
[DEBUG] REQUEST GET /EchoServlet on HttpChannelOverHttp@f268a5a{s=HttpChannelState@2e8f904b{s=HANDLING rs=BLOCKING os=OPEN is=IDLE awp=false se=false i=true al=0},r=51,c=false/false,a=HANDLING,uri=//localhost:38858/EchoServlet,age=1}
[DEBUG] servlet null|/EchoServlet|null -> org.jsoup.integration.servlets.EchoServlet-422c3c7a==org.jsoup.integration.servlets.EchoServlet@66e2fba5{jsp=null,order=-1,inst=true,async=true,src=EMBEDDED:null,STARTED}
[DEBUG] chain=null
[DEBUG] write(array HeapByteBuffer@3758156e[p=0,l=235,c=512,r=235]={<<<<title>Webserver Environm...\n    <table border="0">>>>\x00\x00\x00\x00\x00\x00\x00\x00\x00...\x00\x00\x00\x00\x00\x00\x00})
[DEBUG] write(array) s=OPEN,api=BLOCKING,sc=false,e=null aggregated !flush DirectByteBuffer@577d71b2[p=0,l=235,c=32768,r=235]={<<<<title>Webserver Environm...\n    <table border="0">>>><tr><th>M...gue. Pr}
[DEBUG] write(array HeapByteBuffer@16bbec5e[p=0,l=36,c=512,r=36]={<<<<tr><th>Method</th><td>GET</td></tr>>>>es</title...\x00\x00\x00\x00\x00\x00\x00})
[DEBUG] write(array) s=OPEN,api=BLOCKING,sc=false,e=null aggregated !flush DirectByteBuffer@577d71b2[p=0,l=271,c=32768,r=271]={<<<<title>Webserver Environm...d</th><td>GET</td></tr>>>>\n<tr><th>...gue. Pr}
[DEBUG] write(array HeapByteBuffer@7c2d2d9a[p=0,l=1,c=512,r=1]={<<<\n>>>tr><th>Me...\x00\x00\x00\x00\x00\x00\x00})
[DEBUG] write(array) s=OPEN,api=BLOCKING,sc=false,e=null aggregated !flush DirectByteBuffer@577d71b2[p=0,l=272,c=32768,r=272]={<<<<title>Webserver Environm...</th><td>GET</td></tr>\n>>><tr><th>R...gue. Pr}
[DEBUG] write(array HeapByteBuffer@100d3afc[p=0,l=50,c=512,r=50]={<<<<tr><th>Request URI</th><...>/EchoServlet</td></tr>>>> <style t...\x00\x00\x00\x00\x00\x00\x00})
[DEBUG] write(array) s=OPEN,api=BLOCKING,sc=false,e=null aggregated !flush DirectByteBuffer@577d71b2[p=0,l=322,c=32768,r=322]={<<<<title>Webserver Environm...>/EchoServlet</td></tr>>>>\n<tr><th>...gue. Pr}
[DEBUG] write(array HeapByteBuffer@6789aef6[p=0,l=1,c=512,r=1]={<<<\n>>>tr><th>Re...\x00\x00\x00\x00\x00\x00\x00})
[DEBUG] write(array) s=OPEN,api=BLOCKING,sc=false,e=null aggregated !flush DirectByteBuffer@577d71b2[p=0,l=323,c=32768,r=323]={<<<<title>Webserver Environm.../EchoServlet</td></tr>\n>>><tr><th>Q...gue. Pr}
[DEBUG] write(array HeapByteBuffer@2e196745[p=0,l=39,c=512,r=39]={<<<<tr><th>Query String</th><td></td></tr>>>>t</td></t...\x00\x00\x00\x00\x00\x00\x00})
[DEBUG] write(array) s=OPEN,api=BLOCKING,sc=false,e=null aggregated !flush DirectByteBuffer@577d71b2[p=0,l=362,c=32768,r=362]={<<<<title>Webserver Environm...ring</th><td></td></tr>>>>mp;what=a...gue. Pr}
[DEBUG] write(array HeapByteBuffer@3b4ddee1[p=0,l=1,c=512,r=1]={<<<\n>>>tr><th>Qu...\x00\x00\x00\x00\x00\x00\x00})
[DEBUG] write(array) s=OPEN,api=BLOCKING,sc=false,e=null aggregated !flush DirectByteBuffer@577d71b2[p=0,l=363,c=32768,r=363]={<<<<title>Webserver Environm...ing</th><td></td></tr>\n>>>p;what=ab...gue. Pr}
[DEBUG] write(array HeapByteBuffer@42eed9ae[p=0,l=50,c=512,r=50]={<<<<tr><th>Random-Header-nam.../th><td>hello</td></tr>>>> <style t...\x00\x00\x00\x00\x00\x00\x00})
[DEBUG] write(array) s=OPEN,api=BLOCKING,sc=false,e=null aggregated !flush DirectByteBuffer@577d71b2[p=0,l=413,c=32768,r=413]={<<<<title>Webserver Environm.../th><td>hello</td></tr>>>>h><td>tex...gue. Pr}
[DEBUG] write(array HeapByteBuffer@683a311b[p=0,l=1,c=512,r=1]={<<<\n>>>tr><th>Ra...\x00\x00\x00\x00\x00\x00\x00})
[DEBUG] write(array) s=OPEN,api=BLOCKING,sc=false,e=null aggregated !flush DirectByteBuffer@577d71b2[p=0,l=414,c=32768,r=414]={<<<<title>Webserver Environm...th><td>hello</td></tr>\n>>>><td>text...gue. Pr}
[DEBUG] write(array HeapByteBuffer@dfc5016[p=0,l=85,c=512,r=85]={<<<<tr><th>Accept</th><td>te....2, */*; q=.2</td></tr>>>>, td, th ...\x00\x00\x00\x00\x00\x00\x00})
[DEBUG] write(array) s=OPEN,api=BLOCKING,sc=false,e=null aggregated !flush DirectByteBuffer@577d71b2[p=0,l=499,c=32768,r=499]={<<<<title>Webserver Environm....2, */*; q=.2</td></tr>>>>t</th><td...gue. Pr}
[DEBUG] write(array HeapByteBuffer@58132d9e[p=0,l=1,c=512,r=1]={<<<\n>>>tr><th>Ac...\x00\x00\x00\x00\x00\x00\x00})
[DEBUG] write(array) s=OPEN,api=BLOCKING,sc=false,e=null aggregated !flush DirectByteBuffer@577d71b2[p=0,l=500,c=32768,r=500]={<<<<title>Webserver Environm...2, */*; q=.2</td></tr>\n>>></th><td>...gue. Pr}
[DEBUG] write(array HeapByteBuffer@6c04bc9b[p=0,l=152,c=512,r=152]={<<<<tr><th>User-Agent</th><t...Safari/537.36</td></tr>>>>      th ...\x00\x00\x00\x00\x00\x00\x00})
[DEBUG] write(array) s=OPEN,api=BLOCKING,sc=false,e=null aggregated !flush DirectByteBuffer@577d71b2[p=0,l=652,c=32768,r=652]={<<<<title>Webserver Environm...Safari/537.36</td></tr>>>>alhost:38...gue. Pr}
[DEBUG] write(array HeapByteBuffer@550ffae9[p=0,l=1,c=512,r=1]={<<<\n>>>tr><th>Us...\x00\x00\x00\x00\x00\x00\x00})
[DEBUG] write(array) s=OPEN,api=BLOCKING,sc=false,e=null aggregated !flush DirectByteBuffer@577d71b2[p=0,l=653,c=32768,r=653]={<<<<title>Webserver Environm...afari/537.36</td></tr>\n>>>lhost:388...gue. Pr}
[DEBUG] write(array HeapByteBuffer@3a1c6cbe[p=0,l=47,c=512,r=47]={<<<<tr><th>Connection</th><td>keep-alive</td></tr>>>> NT 10.0;...\x00\x00\x00\x00\x00\x00\x00})
[DEBUG] write(array) s=OPEN,api=BLOCKING,sc=false,e=null aggregated !flush DirectByteBuffer@577d71b2[p=0,l=700,c=32768,r=700]={<<<<title>Webserver Environm...td>keep-alive</td></tr>>>>th><td>gz...gue. Pr}
[DEBUG] write(array HeapByteBuffer@7b22c9be[p=0,l=1,c=512,r=1]={<<<\n>>>tr><th>Co...\x00\x00\x00\x00\x00\x00\x00})
[DEBUG] write(array) s=OPEN,api=BLOCKING,sc=false,e=null aggregated !flush DirectByteBuffer@577d71b2[p=0,l=701,c=32768,r=701]={<<<<title>Webserver Environm...d>keep-alive</td></tr>\n>>>h><td>gzi...gue. Pr}
[DEBUG] write(array HeapByteBuffer@320b4225[p=0,l=51,c=512,r=51]={<<<<tr><th>Sec-Fetch-Site</t...td>cross-site</td></tr>>>>10.0; Win...\x00\x00\x00\x00\x00\x00\x00})
[DEBUG] write(array) s=OPEN,api=BLOCKING,sc=false,e=null aggregated !flush DirectByteBuffer@577d71b2[p=0,l=752,c=32768,r=752]={<<<<title>Webserver Environm...td>cross-site</td></tr>>>>t &amp; m...gue. Pr}
[DEBUG] write(array HeapByteBuffer@18f93e3f[p=0,l=1,c=512,r=1]={<<<\n>>>tr><th>Se...\x00\x00\x00\x00\x00\x00\x00})
[DEBUG] write(array) s=OPEN,api=BLOCKING,sc=false,e=null aggregated !flush DirectByteBuffer@577d71b2[p=0,l=753,c=32768,r=753]={<<<<title>Webserver Environm...d>cross-site</td></tr>\n>>> &amp; me...gue. Pr}
[DEBUG] write(array HeapByteBuffer@4159c802[p=0,l=46,c=512,r=46]={<<<<tr><th>Host</th><td>localhost:38858</td></tr>>>></tr>10.0...\x00\x00\x00\x00\x00\x00\x00})
[DEBUG] write(array) s=OPEN,api=BLOCKING,sc=false,e=null aggregated !flush DirectByteBuffer@577d71b2[p=0,l=799,c=32768,r=799]={<<<<title>Webserver Environm...calhost:38858</td></tr>>>>\xC3\xE6\xC6\x01\x15\xDf\xC7\x02]...gue. Pr}
[DEBUG] write(array HeapByteBuffer@2c5b96ae[p=0,l=1,c=512,r=1]={<<<\n>>>tr><th>Ho...\x00\x00\x00\x00\x00\x00\x00})
[DEBUG] write(array) s=OPEN,api=BLOCKING,sc=false,e=null aggregated !flush DirectByteBuffer@577d71b2[p=0,l=800,c=32768,r=800]={<<<<title>Webserver Environm...alhost:38858</td></tr>\n>>>\xE6\xC6\x01\x15\xDf\xC7\x02]A...gue. Pr}
[DEBUG] write(array HeapByteBuffer@44a9e36a[p=0,l=46,c=512,r=46]={<<<<tr><th>Accept-Encoding</th><td>gzip</td></tr>>>></tr>10.0...\x00\x00\x00\x00\x00\x00\x00})
[DEBUG] write(array) s=OPEN,api=BLOCKING,sc=false,e=null aggregated !flush DirectByteBuffer@577d71b2[p=0,l=846,c=32768,r=846]={<<<<title>Webserver Environm...</th><td>gzip</td></tr>>>>R\xD8\x18\xF4\x19\x1c\x83\xD7\x9e...gue. Pr}
[DEBUG] write(array HeapByteBuffer@15f03506[p=0,l=1,c=512,r=1]={<<<\n>>>tr><th>Ac...\x00\x00\x00\x00\x00\x00\x00})
[DEBUG] write(array) s=OPEN,api=BLOCKING,sc=false,e=null aggregated !flush DirectByteBuffer@577d71b2[p=0,l=847,c=32768,r=847]={<<<<title>Webserver Environm.../th><td>gzip</td></tr>\n>>>\xD8\x18\xF4\x19\x1c\x83\xD7\x9e\xB5...gue. Pr}
[DEBUG] write(array HeapByteBuffer@1a66e662[p=0,l=45,c=512,r=45]={<<<<tr><th>Sec-Fetch-Mode</th><td>cors</td></tr>>>>></tr>10....\x00\x00\x00\x00\x00\x00\x00})
[DEBUG] write(array) s=OPEN,api=BLOCKING,sc=false,e=null aggregated !flush DirectByteBuffer@577d71b2[p=0,l=892,c=32768,r=892]={<<<<title>Webserver Environm...</th><td>cors</td></tr>>>>\xEd4\x8d*\xF1u\x1b5\x9a...gue. Pr}
[DEBUG] write(array HeapByteBuffer@6a78ed66[p=0,l=1,c=512,r=1]={<<<\n>>>tr><th>Se...\x00\x00\x00\x00\x00\x00\x00})
[DEBUG] write(array) s=OPEN,api=BLOCKING,sc=false,e=null aggregated !flush DirectByteBuffer@577d71b2[p=0,l=893,c=32768,r=893]={<<<<title>Webserver Environm.../th><td>cors</td></tr>\n>>>4\x8d*\xF1u\x1b5\x9a\xD1...gue. Pr}
[DEBUG] filled 0 HeapByteBuffer@41e05b38[p=0,l=0,c=8192,r=0]={<<<>>>\x82\x87\x06\xD7\xE8\xE6Jn\xB7...\x00\x00\x00\x00\x00\x00\x00}
[DEBUG] filled 0 HeapByteBuffer@41e05b38[p=0,l=0,c=8192,r=0]={<<<>>>\x82\x87\x06\xD7\xE8\xE6Jn\xB7...\x00\x00\x00\x00\x00\x00\x00}
[DEBUG] HttpConnection@3be4ecda::SocketChannelEndPoint@122254ce{l=/127.0.0.1:38858,r=/127.0.0.1:42942,OPEN,fill=-,flush=-,to=9/30000}{io=0/0,kio=0,kro=1}->HttpConnection@3be4ecda[p=HttpParser{s=CONTENT,0 of -1},g=HttpGenerator@af7230{s=START}]=>HttpChannelOverHttp@f268a5a{s=HttpChannelState@2e8f904b{s=HANDLING rs=BLOCKING os=OPEN is=IDLE awp=false se=false i=true al=0},r=51,c=false/false,a=HANDLING,uri=//localhost:38858/EchoServlet,age=9} filled 0 HeapByteBuffer@41e05b38[p=0,l=0,c=8192,r=0]={<<<>>>\x82\x87\x06\xD7\xE8\xE6Jn\xB7...\x00\x00\x00\x00\x00\x00\x00}
[DEBUG] HttpConnection@3be4ecda::SocketChannelEndPoint@122254ce{l=/127.0.0.1:38858,r=/127.0.0.1:42942,OPEN,fill=-,flush=-,to=9/30000}{io=0/0,kio=0,kro=1}->HttpConnection@3be4ecda[p=HttpParser{s=CONTENT,0 of -1},g=HttpGenerator@af7230{s=START}]=>HttpChannelOverHttp@f268a5a{s=HttpChannelState@2e8f904b{s=HANDLING rs=BLOCKING os=OPEN is=IDLE awp=false se=false i=true al=0},r=51,c=false/false,a=HANDLING,uri=//localhost:38858/EchoServlet,age=9} parse HeapByteBuffer@41e05b38[p=0,l=0,c=8192,r=0]={<<<>>>\x82\x87\x06\xD7\xE8\xE6Jn\xB7...\x00\x00\x00\x00\x00\x00\x00} {}
[DEBUG] parseNext s=CONTENT HeapByteBuffer@41e05b38[p=0,l=0,c=8192,r=0]={<<<>>>\x82\x87\x06\xD7\xE8\xE6Jn\xB7...\x00\x00\x00\x00\x00\x00\x00}
[DEBUG] CONTENT --> CONTENT_END
[DEBUG] onContentComplete HttpChannelOverHttp@f268a5a{s=HttpChannelState@2e8f904b{s=HANDLING rs=BLOCKING os=OPEN is=IDLE awp=false se=false i=true al=0},r=51,c=false/false,a=HANDLING,uri=//localhost:38858/EchoServlet,age=9}
[DEBUG] CONTENT_END --> END
[DEBUG] onRequestComplete HttpChannelOverHttp@f268a5a{s=HttpChannelState@2e8f904b{s=HANDLING rs=BLOCKING os=OPEN is=IDLE awp=false se=false i=true al=0},r=51,c=false/false,a=HANDLING,uri=//localhost:38858/EchoServlet,age=10}
[DEBUG] HttpInputOverHTTP@5e34fa8b[c=0,q=0,[0]=null,s=STREAM] addContent EOF
[DEBUG] HttpConnection@3be4ecda::SocketChannelEndPoint@122254ce{l=/127.0.0.1:38858,r=/127.0.0.1:42942,OPEN,fill=-,flush=-,to=9/30000}{io=0/0,kio=0,kro=1}->HttpConnection@3be4ecda[p=HttpParser{s=END,0 of -1},g=HttpGenerator@af7230{s=START}]=>HttpChannelOverHttp@f268a5a{s=HttpChannelState@2e8f904b{s=HANDLING rs=BLOCKING os=OPEN is=IDLE awp=false se=false i=true al=0},r=51,c=false/false,a=HANDLING,uri=//localhost:38858/EchoServlet,age=10} parsed false HttpParser{s=END,0 of -1}
[DEBUG] releaseRequestBuffer HttpConnection@3be4ecda::SocketChannelEndPoint@122254ce{l=/127.0.0.1:38858,r=/127.0.0.1:42942,OPEN,fill=-,flush=-,to=9/30000}{io=0/0,kio=0,kro=1}->HttpConnection@3be4ecda[p=HttpParser{s=END,0 of -1},g=HttpGenerator@af7230{s=START}]=>HttpChannelOverHttp@f268a5a{s=HttpChannelState@2e8f904b{s=HANDLING rs=BLOCKING os=OPEN is=IDLE awp=false se=false i=true al=0},r=51,c=false/false,a=HANDLING,uri=//localhost:38858/EchoServlet,age=10}
[DEBUG] onEof HttpChannelState@2e8f904b{s=HANDLING rs=BLOCKING os=OPEN is=IDLE awp=false se=false i=true al=0}
[DEBUG] write(array HeapByteBuffer@6141f1f0[p=0,l=8,c=512,r=8]={<<<</table>>>>Sec-Fetch...\x00\x00\x00\x00\x00\x00\x00})
[DEBUG] write(array) s=OPEN,api=BLOCKING,sc=false,e=null aggregated !flush DirectByteBuffer@577d71b2[p=0,l=901,c=32768,r=901]={<<<<title>Webserver Environm...cors</td></tr>\n</table>>>>\xD1\x824\x82(\xCb\x17*G...gue. Pr}
[DEBUG] write(array HeapByteBuffer@750da0db[p=0,l=1,c=512,r=1]={<<<\n>>>/table>Se...\x00\x00\x00\x00\x00\x00\x00})
[DEBUG] write(array) s=OPEN,api=BLOCKING,sc=false,e=null aggregated !flush DirectByteBuffer@577d71b2[p=0,l=902,c=32768,r=902]={<<<<title>Webserver Environm...ors</td></tr>\n</table>\n>>>\x824\x82(\xCb\x17*G-...gue. Pr}
[DEBUG] handled=true async=false committed=false on HttpChannelOverHttp@f268a5a{s=HttpChannelState@2e8f904b{s=HANDLING rs=BLOCKING os=OPEN is=READY awp=false se=false i=true al=0},r=51,c=false/false,a=HANDLING,uri=//localhost:38858/EchoServlet,age=10}
[DEBUG] unhandle HttpChannelState@2e8f904b{s=HANDLING rs=BLOCKING os=OPEN is=READY awp=false se=false i=true al=0}
[DEBUG] nextAction(false) COMPLETE HttpChannelState@2e8f904b{s=HANDLING rs=COMPLETING os=OPEN is=READY awp=false se=false i=false al=0}
[DEBUG] action COMPLETE HttpChannelOverHttp@f268a5a{s=HttpChannelState@2e8f904b{s=HANDLING rs=COMPLETING os=OPEN is=READY awp=false se=false i=false al=0},r=51,c=false/false,a=HANDLING,uri=//localhost:38858/EchoServlet,age=10}
[DEBUG] complete(org.eclipse.jetty.util.Callback$3@58750dee) s=CLOSING,api=BLOCKED,sc=false,e=null s=false e=null, c=DirectByteBuffer@577d71b2[p=0,l=902,c=32768,r=902]={<<<<title>Webserver Environm...ors</td></tr>\n</table>\n>>>\x824\x82(\xCb\x17*G-...gue. Pr}
[DEBUG] sendResponse info=null content=DirectByteBuffer@577d71b2[p=0,l=902,c=32768,r=902]={<<<<title>Webserver Environm...ors</td></tr>\n</table>\n>>>\x824\x82(\xCb\x17*G-...gue. Pr} complete=true committing=true callback=org.eclipse.jetty.server.HttpOutput$WriteCompleteCB@754bc85b
[DEBUG] COMMIT for /EchoServlet on HttpChannelOverHttp@f268a5a{s=HttpChannelState@2e8f904b{s=HANDLING rs=COMPLETING os=COMMITTED is=READY awp=false se=false i=false al=0},r=51,c=false/false,a=HANDLING,uri=//localhost:38858/EchoServlet,age=10}
200 null HTTP/1.1
Date: Mon, 20 Sep 2021 19:30:13 GMT
Content-Type: text/html;charset=utf-8
Cache-Control: no-cache
Cache-Control: no-store


[DEBUG] generate: NEED_HEADER for SendCallback@2c1836a[PROCESSING][i=HTTP/1.1{s=200,h=4,cl=-1},cb=org.eclipse.jetty.server.HttpChannel$SendCallback@1beb7973] (null,[p=0,l=902,c=32768,r=902],true)@START
[DEBUG] generateHeaders HTTP/1.1{s=200,h=4,cl=-1} last=true content=DirectByteBuffer@577d71b2[p=0,l=902,c=32768,r=902]={<<<<title>Webserver Environm...ors</td></tr>\n</table>\n>>>\x824\x82(\xCb\x17*G-...gue. Pr}
[DEBUG] Date: Mon, 20 Sep 2021 19:30:13 GMT
Content-Type: text/html;charset=utf-8
Cache-Control: no-cache
Cache-Control: no-store


[DEBUG] CONTENT_LENGTH
[DEBUG] generate: FLUSH for SendCallback@2c1836a[PROCESSING][i=HTTP/1.1{s=200,h=4,cl=-1},cb=org.eclipse.jetty.server.HttpChannel$SendCallback@1beb7973] ([p=0,l=199,c=8192,r=199],[p=0,l=902,c=32768,r=902],true)@COMPLETING
[DEBUG] write: WriteFlusher@653abf25{IDLE}->null [HeapByteBuffer@22b9b50d[p=0,l=199,c=8192,r=199]={<<<HTTP/1.1 200 OK\r\nDate: Mo...y(9.4.43.v20210629)\r\n\r\n>>>\n) Chrome...\x86&h\xA0{\xC1\xC2},DirectByteBuffer@577d71b2[p=0,l=902,c=32768,r=902]={<<<<title>Webserver Environm...ors</td></tr>\n</table>\n>>>\x824\x82(\xCb\x17*G-...gue. Pr}]
[DEBUG] update WriteFlusher@653abf25{WRITING}->null:IDLE-->WRITING
]]></system-out>
  </testcase>
  <testcase name="canSendSecFetchHeaders" classname="org.jsoup.integration.ConnectTest" time="0.022">
    <system-out><![CDATA[[DEBUG] flushed 1101 SocketChannelEndPoint@122254ce{l=/127.0.0.1:38858,r=/127.0.0.1:42942,OPEN,fill=-,flush=W,to=15/30000}{io=0/0,kio=0,kro=1}->HttpConnection@3be4ecda[p=HttpParser{s=END,0 of -1},g=HttpGenerator@af7230{s=COMPLETING}]=>HttpChannelOverHttp@f268a5a{s=HttpChannelState@2e8f904b{s=HANDLING rs=COMPLETING os=COMMITTED is=READY awp=false se=false i=false al=0},r=51,c=false/false,a=HANDLING,uri=//localhost:38858/EchoServlet,age=16}
[DEBUG] Flushed=true written=1101 remaining=0 WriteFlusher@653abf25{WRITING}->null
[DEBUG] update WriteFlusher@653abf25{IDLE}->null:WRITING-->IDLE
[DEBUG] generate: DONE for SendCallback@2c1836a[PROCESSING][i=HTTP/1.1{s=200,h=4,cl=-1},cb=org.eclipse.jetty.server.HttpChannel$SendCallback@1beb7973] ([p=199,l=199,c=8192,r=0],[p=902,l=902,c=32768,r=0],true)@END
[DEBUG] onWriteComplete(true,null) s=CLOSING,api=BLOCKED,sc=false,e=null->s=CLOSED,api=BLOCKING,sc=false,e=null c=null cb=org.eclipse.jetty.util.Callback$3@58750dee w=false
[DEBUG] completed HttpChannelState@2e8f904b{s=HANDLING rs=COMPLETING os=COMPLETED is=READY awp=false se=false i=false al=0}
[DEBUG] unhandle HttpChannelState@2e8f904b{s=HANDLING rs=COMPLETED os=COMPLETED is=READY awp=false se=false i=false al=0}
[DEBUG] nextAction(false) TERMINATED HttpChannelState@2e8f904b{s=IDLE rs=COMPLETED os=COMPLETED is=READY awp=false se=false i=false al=0}
[DEBUG] action TERMINATED HttpChannelOverHttp@f268a5a{s=HttpChannelState@2e8f904b{s=IDLE rs=COMPLETED os=COMPLETED is=READY awp=false se=false i=false al=0},r=51,c=true/true,a=IDLE,uri=//localhost:38858/EchoServlet,age=16}
[DEBUG] onCompleted for /EchoServlet written=902
[DEBUG] recycle HttpChannelState@2e8f904b{s=IDLE rs=COMPLETED os=COMPLETED is=READY awp=false se=false i=false al=0}
[DEBUG] reset HttpParser{s=END,0 of -1}
[DEBUG] END --> START
[DEBUG] !handle TERMINATED HttpChannelOverHttp@f268a5a{s=HttpChannelState@2e8f904b{s=IDLE rs=BLOCKING os=OPEN is=IDLE awp=false se=false i=true al=0},r=51,c=false/false,a=IDLE,uri=null,age=0}
[DEBUG] filled 367 HeapByteBuffer@78a30358[p=0,l=367,c=8192,r=367]={<<<GET /EchoServlet HTTP/1.1...nection: keep-alive\r\n\r\n>>>/jpeg, *;...\xCe\x1f\xAf\xC2\x8d\xCey}
[DEBUG] HttpConnection@3be4ecda::SocketChannelEndPoint@122254ce{l=/127.0.0.1:38858,r=/127.0.0.1:42942,OPEN,fill=-,flush=-,to=0/30000}{io=0/0,kio=0,kro=1}->HttpConnection@3be4ecda[p=HttpParser{s=START,0 of -1},g=HttpGenerator@af7230{s=START}]=>HttpChannelOverHttp@f268a5a{s=HttpChannelState@2e8f904b{s=IDLE rs=BLOCKING os=OPEN is=IDLE awp=false se=false i=true al=0},r=51,c=false/false,a=IDLE,uri=null,age=0} filled 367 HeapByteBuffer@78a30358[p=0,l=367,c=8192,r=367]={<<<GET /EchoServlet HTTP/1.1...nection: keep-alive\r\n\r\n>>>/jpeg, *;...\xCe\x1f\xAf\xC2\x8d\xCey}
[DEBUG] HttpConnection@3be4ecda::SocketChannelEndPoint@122254ce{l=/127.0.0.1:38858,r=/127.0.0.1:42942,OPEN,fill=-,flush=-,to=0/30000}{io=0/0,kio=0,kro=1}->HttpConnection@3be4ecda[p=HttpParser{s=START,0 of -1},g=HttpGenerator@af7230{s=START}]=>HttpChannelOverHttp@f268a5a{s=HttpChannelState@2e8f904b{s=IDLE rs=BLOCKING os=OPEN is=IDLE awp=false se=false i=true al=0},r=51,c=false/false,a=IDLE,uri=null,age=0} parse HeapByteBuffer@78a30358[p=0,l=367,c=8192,r=367]={<<<GET /EchoServlet HTTP/1.1...nection: keep-alive\r\n\r\n>>>/jpeg, *;...\xCe\x1f\xAf\xC2\x8d\xCey} {}
[DEBUG] parseNext s=START HeapByteBuffer@78a30358[p=0,l=367,c=8192,r=367]={<<<GET /EchoServlet HTTP/1.1...nection: keep-alive\r\n\r\n>>>/jpeg, *;...\xCe\x1f\xAf\xC2\x8d\xCey}
[DEBUG] START --> SPACE1
[DEBUG] SPACE1 --> URI
[DEBUG] URI --> SPACE2
[DEBUG] SPACE2 --> REQUEST_VERSION
[DEBUG] REQUEST_VERSION --> HEADER
[DEBUG] HEADER:Accept-Encoding: gzip --> IN_VALUE
[DEBUG] HEADER:Accept-Encoding: gzip --> FIELD
[DEBUG] HEADER:User-Agent: Mozilla/5.0 (Windows NT 10.0; Win64; x64) AppleWebKit/537.36 (KHTML, like Gecko) Chrome/79.0.3945.130 Safari/537.36 --> IN_VALUE
[DEBUG] HEADER:User-Agent: Mozilla/5.0 (Windows NT 10.0; Win64; x64) AppleWebKit/537.36 (KHTML, like Gecko) Chrome/79.0.3945.130 Safari/537.36 --> FIELD
[DEBUG] HEADER: --> IN_NAME
[DEBUG] HEADER:Random-Header-name --> VALUE
[DEBUG] HEADER:Random-Header-name --> IN_VALUE
[DEBUG] HEADER:Random-Header-name --> FIELD
[DEBUG] HEADER: --> IN_NAME
[DEBUG] HEADER:Sec-Fetch-Site --> VALUE
[DEBUG] HEADER:Sec-Fetch-Site --> IN_VALUE
[DEBUG] HEADER:Sec-Fetch-Site --> FIELD
[DEBUG] HEADER: --> IN_NAME
[DEBUG] HEADER:Sec-Fetch-Mode --> VALUE
[DEBUG] HEADER:Sec-Fetch-Mode --> IN_VALUE
[DEBUG] HEADER:Sec-Fetch-Mode --> FIELD
[DEBUG] HEADER:Host: localhost:38858 --> IN_VALUE
[DEBUG] HEADER:Host: localhost:38858 --> FIELD
[DEBUG] HEADER:Accept: text/html, image/gif, image/jpeg, *; q=.2, */*; q=.2 --> IN_VALUE
[DEBUG] HEADER:Accept: text/html, image/gif, image/jpeg, *; q=.2, */*; q=.2 --> FIELD
[DEBUG] HEADER:Connection: keep-alive --> IN_VALUE
[DEBUG] HEADER:Connection: keep-alive --> FIELD
[DEBUG] HEADER --> CONTENT
[DEBUG] REQUEST for //localhost:38858/EchoServlet on HttpChannelOverHttp@f268a5a{s=HttpChannelState@2e8f904b{s=IDLE rs=BLOCKING os=OPEN is=IDLE awp=false se=false i=true al=0},r=52,c=false/false,a=IDLE,uri=//localhost:38858/EchoServlet,age=0}
GET //localhost:38858/EchoServlet HTTP/1.1
Accept-Encoding: gzip
User-Agent: Mozilla/5.0 (Windows NT 10.0; Win64; x64) AppleWebKit/537.36 (KHTML, like Gecko) Chrome/79.0.3945.130 Safari/537.36
Random-Header-name: hello
Sec-Fetch-Site: cross-site
Sec-Fetch-Mode: cors
Host: localhost:38858
Accept: text/html, image/gif, image/jpeg, *; q=.2, */*; q=.2
Connection: keep-alive


[DEBUG] HttpConnection@3be4ecda::SocketChannelEndPoint@122254ce{l=/127.0.0.1:38858,r=/127.0.0.1:42942,OPEN,fill=-,flush=-,to=0/30000}{io=0/0,kio=0,kro=1}->HttpConnection@3be4ecda[p=HttpParser{s=CONTENT,0 of -1},g=HttpGenerator@af7230{s=START}]=>HttpChannelOverHttp@f268a5a{s=HttpChannelState@2e8f904b{s=IDLE rs=BLOCKING os=OPEN is=IDLE awp=false se=false i=true al=0},r=52,c=false/false,a=IDLE,uri=//localhost:38858/EchoServlet,age=1} parsed true HttpParser{s=CONTENT,0 of -1}
[DEBUG] releaseRequestBuffer HttpConnection@3be4ecda::SocketChannelEndPoint@122254ce{l=/127.0.0.1:38858,r=/127.0.0.1:42942,OPEN,fill=-,flush=-,to=0/30000}{io=0/0,kio=0,kro=1}->HttpConnection@3be4ecda[p=HttpParser{s=CONTENT,0 of -1},g=HttpGenerator@af7230{s=START}]=>HttpChannelOverHttp@f268a5a{s=HttpChannelState@2e8f904b{s=IDLE rs=BLOCKING os=OPEN is=IDLE awp=false se=false i=true al=0},r=52,c=false/false,a=IDLE,uri=//localhost:38858/EchoServlet,age=1}
[DEBUG] handle //localhost:38858/EchoServlet HttpChannelOverHttp@f268a5a{s=HttpChannelState@2e8f904b{s=IDLE rs=BLOCKING os=OPEN is=IDLE awp=false se=false i=true al=0},r=52,c=false/false,a=IDLE,uri=//localhost:38858/EchoServlet,age=1} 
[DEBUG] handling HttpChannelState@2e8f904b{s=IDLE rs=BLOCKING os=OPEN is=IDLE awp=false se=false i=true al=0}
[DEBUG] action DISPATCH HttpChannelOverHttp@f268a5a{s=HttpChannelState@2e8f904b{s=HANDLING rs=BLOCKING os=OPEN is=IDLE awp=false se=false i=true al=0},r=52,c=false/false,a=HANDLING,uri=//localhost:38858/EchoServlet,age=1}
[DEBUG] REQUEST GET /EchoServlet on HttpChannelOverHttp@f268a5a{s=HttpChannelState@2e8f904b{s=HANDLING rs=BLOCKING os=OPEN is=IDLE awp=false se=false i=true al=0},r=52,c=false/false,a=HANDLING,uri=//localhost:38858/EchoServlet,age=1}
[DEBUG] servlet null|/EchoServlet|null -> org.jsoup.integration.servlets.EchoServlet-422c3c7a==org.jsoup.integration.servlets.EchoServlet@66e2fba5{jsp=null,order=-1,inst=true,async=true,src=EMBEDDED:null,STARTED}
[DEBUG] chain=null
[DEBUG] write(array HeapByteBuffer@3f809ad[p=0,l=235,c=512,r=235]={<<<<title>Webserver Environm...\n    <table border="0">>>>\x00\x00\x00\x00\x00\x00\x00\x00\x00...\x00\x00\x00\x00\x00\x00\x00})
[DEBUG] write(array) s=OPEN,api=BLOCKING,sc=false,e=null aggregated !flush DirectByteBuffer@1c19d748[p=0,l=235,c=32768,r=235]={<<<<title>Webserver Environm...\n    <table border="0">>>><tr><th>M...gue. Pr}
[DEBUG] write(array HeapByteBuffer@73126e41[p=0,l=36,c=512,r=36]={<<<<tr><th>Method</th><td>GET</td></tr>>>>es</title...\x00\x00\x00\x00\x00\x00\x00})
[DEBUG] write(array) s=OPEN,api=BLOCKING,sc=false,e=null aggregated !flush DirectByteBuffer@1c19d748[p=0,l=271,c=32768,r=271]={<<<<title>Webserver Environm...d</th><td>GET</td></tr>>>>\n<tr><th>...gue. Pr}
[DEBUG] write(array HeapByteBuffer@58306968[p=0,l=1,c=512,r=1]={<<<\n>>>tr><th>Me...\x00\x00\x00\x00\x00\x00\x00})
[DEBUG] write(array) s=OPEN,api=BLOCKING,sc=false,e=null aggregated !flush DirectByteBuffer@1c19d748[p=0,l=272,c=32768,r=272]={<<<<title>Webserver Environm...</th><td>GET</td></tr>\n>>><tr><th>R...gue. Pr}
[DEBUG] write(array HeapByteBuffer@1850b3fc[p=0,l=50,c=512,r=50]={<<<<tr><th>Request URI</th><...>/EchoServlet</td></tr>>>> <style t...\x00\x00\x00\x00\x00\x00\x00})
[DEBUG] write(array) s=OPEN,api=BLOCKING,sc=false,e=null aggregated !flush DirectByteBuffer@1c19d748[p=0,l=322,c=32768,r=322]={<<<<title>Webserver Environm...>/EchoServlet</td></tr>>>>\n<tr><th>...gue. Pr}
[DEBUG] write(array HeapByteBuffer@5b26743a[p=0,l=1,c=512,r=1]={<<<\n>>>tr><th>Re...\x00\x00\x00\x00\x00\x00\x00})
[DEBUG] write(array) s=OPEN,api=BLOCKING,sc=false,e=null aggregated !flush DirectByteBuffer@1c19d748[p=0,l=323,c=32768,r=323]={<<<<title>Webserver Environm.../EchoServlet</td></tr>\n>>><tr><th>Q...gue. Pr}
[DEBUG] write(array HeapByteBuffer@3b267979[p=0,l=39,c=512,r=39]={<<<<tr><th>Query String</th><td></td></tr>>>>t</td></t...\x00\x00\x00\x00\x00\x00\x00})
[DEBUG] write(array) s=OPEN,api=BLOCKING,sc=false,e=null aggregated !flush DirectByteBuffer@1c19d748[p=0,l=362,c=32768,r=362]={<<<<title>Webserver Environm...ring</th><td></td></tr>>>>\n<tr><th>...gue. Pr}
[DEBUG] write(array HeapByteBuffer@60062c5c[p=0,l=1,c=512,r=1]={<<<\n>>>tr><th>Qu...\x00\x00\x00\x00\x00\x00\x00})
[DEBUG] write(array) s=OPEN,api=BLOCKING,sc=false,e=null aggregated !flush DirectByteBuffer@1c19d748[p=0,l=363,c=32768,r=363]={<<<<title>Webserver Environm...ing</th><td></td></tr>\n>>><tr><th>C...gue. Pr}
[DEBUG] write(array HeapByteBuffer@7dd4bcf3[p=0,l=50,c=512,r=50]={<<<<tr><th>Random-Header-nam.../th><td>hello</td></tr>>>> <style t...\x00\x00\x00\x00\x00\x00\x00})
[DEBUG] write(array) s=OPEN,api=BLOCKING,sc=false,e=null aggregated !flush DirectByteBuffer@1c19d748[p=0,l=413,c=32768,r=413]={<<<<title>Webserver Environm.../th><td>hello</td></tr>>>>h>Accept<...gue. Pr}
[DEBUG] write(array HeapByteBuffer@153b90d7[p=0,l=1,c=512,r=1]={<<<\n>>>tr><th>Ra...\x00\x00\x00\x00\x00\x00\x00})
[DEBUG] write(array) s=OPEN,api=BLOCKING,sc=false,e=null aggregated !flush DirectByteBuffer@1c19d748[p=0,l=414,c=32768,r=414]={<<<<title>Webserver Environm...th><td>hello</td></tr>\n>>>>Accept</...gue. Pr}
[DEBUG] write(array HeapByteBuffer@1ddeceb8[p=0,l=85,c=512,r=85]={<<<<tr><th>Accept</th><td>te....2, */*; q=.2</td></tr>>>>, td, th ...\x00\x00\x00\x00\x00\x00\x00})
[DEBUG] write(array) s=OPEN,api=BLOCKING,sc=false,e=null aggregated !flush DirectByteBuffer@1c19d748[p=0,l=499,c=32768,r=499]={<<<<title>Webserver Environm....2, */*; q=.2</td></tr>>>>h>User-Ag...gue. Pr}
[DEBUG] write(array HeapByteBuffer@4ceb6593[p=0,l=1,c=512,r=1]={<<<\n>>>tr><th>Ac...\x00\x00\x00\x00\x00\x00\x00})
[DEBUG] write(array) s=OPEN,api=BLOCKING,sc=false,e=null aggregated !flush DirectByteBuffer@1c19d748[p=0,l=500,c=32768,r=500]={<<<<title>Webserver Environm...2, */*; q=.2</td></tr>\n>>>>User-Age...gue. Pr}
[DEBUG] write(array HeapByteBuffer@14007bd9[p=0,l=152,c=512,r=152]={<<<<tr><th>User-Agent</th><t...Safari/537.36</td></tr>>>>      th ...\x00\x00\x00\x00\x00\x00\x00})
[DEBUG] write(array) s=OPEN,api=BLOCKING,sc=false,e=null aggregated !flush DirectByteBuffer@1c19d748[p=0,l=652,c=32768,r=652]={<<<<title>Webserver Environm...Safari/537.36</td></tr>>>>h>Connect...gue. Pr}
[DEBUG] write(array HeapByteBuffer@5d74fca6[p=0,l=1,c=512,r=1]={<<<\n>>>tr><th>Us...\x00\x00\x00\x00\x00\x00\x00})
[DEBUG] write(array) s=OPEN,api=BLOCKING,sc=false,e=null aggregated !flush DirectByteBuffer@1c19d748[p=0,l=653,c=32768,r=653]={<<<<title>Webserver Environm...afari/537.36</td></tr>\n>>>>Connecti...gue. Pr}
[DEBUG] write(array HeapByteBuffer@363452be[p=0,l=47,c=512,r=47]={<<<<tr><th>Connection</th><td>keep-alive</td></tr>>>> NT 10.0;...\x00\x00\x00\x00\x00\x00\x00})
[DEBUG] write(array) s=OPEN,api=BLOCKING,sc=false,e=null aggregated !flush DirectByteBuffer@1c19d748[p=0,l=700,c=32768,r=700]={<<<<title>Webserver Environm...td>keep-alive</td></tr>>>>h>Host</t...gue. Pr}
[DEBUG] write(array HeapByteBuffer@21e47e16[p=0,l=1,c=512,r=1]={<<<\n>>>tr><th>Co...\x00\x00\x00\x00\x00\x00\x00})
[DEBUG] write(array) s=OPEN,api=BLOCKING,sc=false,e=null aggregated !flush DirectByteBuffer@1c19d748[p=0,l=701,c=32768,r=701]={<<<<title>Webserver Environm...d>keep-alive</td></tr>\n>>>>Host</th...gue. Pr}
[DEBUG] write(array HeapByteBuffer@36ad0740[p=0,l=51,c=512,r=51]={<<<<tr><th>Sec-Fetch-Site</t...td>cross-site</td></tr>>>>10.0; Win...\x00\x00\x00\x00\x00\x00\x00})
[DEBUG] write(array) s=OPEN,api=BLOCKING,sc=false,e=null aggregated !flush DirectByteBuffer@1c19d748[p=0,l=752,c=32768,r=752]={<<<<title>Webserver Environm...td>cross-site</td></tr>>>>ept-Encod...gue. Pr}
[DEBUG] write(array HeapByteBuffer@4cc65cff[p=0,l=1,c=512,r=1]={<<<\n>>>tr><th>Se...\x00\x00\x00\x00\x00\x00\x00})
[DEBUG] write(array) s=OPEN,api=BLOCKING,sc=false,e=null aggregated !flush DirectByteBuffer@1c19d748[p=0,l=753,c=32768,r=753]={<<<<title>Webserver Environm...d>cross-site</td></tr>\n>>>pt-Encodi...gue. Pr}
[DEBUG] write(array HeapByteBuffer@5873467b[p=0,l=46,c=512,r=46]={<<<<tr><th>Host</th><td>localhost:38858</td></tr>>>></tr>10.0...\x00\x00\x00\x00\x00\x00\x00})
[DEBUG] write(array) s=OPEN,api=BLOCKING,sc=false,e=null aggregated !flush DirectByteBuffer@1c19d748[p=0,l=799,c=32768,r=799]={<<<<title>Webserver Environm...calhost:38858</td></tr>>>>tent-Leng...gue. Pr}
[DEBUG] write(array HeapByteBuffer@5ae587ad[p=0,l=1,c=512,r=1]={<<<\n>>>tr><th>Ho...\x00\x00\x00\x00\x00\x00\x00})
[DEBUG] write(array) s=OPEN,api=BLOCKING,sc=false,e=null aggregated !flush DirectByteBuffer@1c19d748[p=0,l=800,c=32768,r=800]={<<<<title>Webserver Environm...alhost:38858</td></tr>\n>>>ent-Lengt...gue. Pr}
[DEBUG] write(array HeapByteBuffer@42c1cb6[p=0,l=46,c=512,r=46]={<<<<tr><th>Accept-Encoding</th><td>gzip</td></tr>>>></tr>10.0...\x00\x00\x00\x00\x00\x00\x00})
[DEBUG] write(array) s=OPEN,api=BLOCKING,sc=false,e=null aggregated !flush DirectByteBuffer@1c19d748[p=0,l=846,c=32768,r=846]={<<<<title>Webserver Environm...</th><td>gzip</td></tr>>>>t-Type</t...gue. Pr}
[DEBUG] write(array HeapByteBuffer@7af39968[p=0,l=1,c=512,r=1]={<<<\n>>>tr><th>Ac...\x00\x00\x00\x00\x00\x00\x00})
[DEBUG] write(array) s=OPEN,api=BLOCKING,sc=false,e=null aggregated !flush DirectByteBuffer@1c19d748[p=0,l=847,c=32768,r=847]={<<<<title>Webserver Environm.../th><td>gzip</td></tr>\n>>>-Type</th...gue. Pr}
[DEBUG] write(array HeapByteBuffer@38f158d3[p=0,l=45,c=512,r=45]={<<<<tr><th>Sec-Fetch-Mode</th><td>cors</td></tr>>>>></tr>10....\x00\x00\x00\x00\x00\x00\x00})
[DEBUG] write(array) s=OPEN,api=BLOCKING,sc=false,e=null aggregated !flush DirectByteBuffer@1c19d748[p=0,l=892,c=32768,r=892]={<<<<title>Webserver Environm...</th><td>cors</td></tr>>>>ed; chars...gue. Pr}
[DEBUG] write(array HeapByteBuffer@4e5f788f[p=0,l=1,c=512,r=1]={<<<\n>>>tr><th>Se...\x00\x00\x00\x00\x00\x00\x00})
[DEBUG] write(array) s=OPEN,api=BLOCKING,sc=false,e=null aggregated !flush DirectByteBuffer@1c19d748[p=0,l=893,c=32768,r=893]={<<<<title>Webserver Environm.../th><td>cors</td></tr>\n>>>d; charse...gue. Pr}
[DEBUG] filled 0 HeapByteBuffer@41e05b38[p=0,l=0,c=8192,r=0]={<<<>>>\x82\x87\x06\xD7\xE8\xE6Jn\xB7...\x00\x00\x00\x00\x00\x00\x00}
[DEBUG] filled 0 HeapByteBuffer@41e05b38[p=0,l=0,c=8192,r=0]={<<<>>>\x82\x87\x06\xD7\xE8\xE6Jn\xB7...\x00\x00\x00\x00\x00\x00\x00}
[DEBUG] HttpConnection@3be4ecda::SocketChannelEndPoint@122254ce{l=/127.0.0.1:38858,r=/127.0.0.1:42942,OPEN,fill=-,flush=-,to=12/30000}{io=0/0,kio=0,kro=1}->HttpConnection@3be4ecda[p=HttpParser{s=CONTENT,0 of -1},g=HttpGenerator@af7230{s=START}]=>HttpChannelOverHttp@f268a5a{s=HttpChannelState@2e8f904b{s=HANDLING rs=BLOCKING os=OPEN is=IDLE awp=false se=false i=true al=0},r=52,c=false/false,a=HANDLING,uri=//localhost:38858/EchoServlet,age=12} filled 0 HeapByteBuffer@41e05b38[p=0,l=0,c=8192,r=0]={<<<>>>\x82\x87\x06\xD7\xE8\xE6Jn\xB7...\x00\x00\x00\x00\x00\x00\x00}
[DEBUG] HttpConnection@3be4ecda::SocketChannelEndPoint@122254ce{l=/127.0.0.1:38858,r=/127.0.0.1:42942,OPEN,fill=-,flush=-,to=12/30000}{io=0/0,kio=0,kro=1}->HttpConnection@3be4ecda[p=HttpParser{s=CONTENT,0 of -1},g=HttpGenerator@af7230{s=START}]=>HttpChannelOverHttp@f268a5a{s=HttpChannelState@2e8f904b{s=HANDLING rs=BLOCKING os=OPEN is=IDLE awp=false se=false i=true al=0},r=52,c=false/false,a=HANDLING,uri=//localhost:38858/EchoServlet,age=13} parse HeapByteBuffer@41e05b38[p=0,l=0,c=8192,r=0]={<<<>>>\x82\x87\x06\xD7\xE8\xE6Jn\xB7...\x00\x00\x00\x00\x00\x00\x00} {}
[DEBUG] parseNext s=CONTENT HeapByteBuffer@41e05b38[p=0,l=0,c=8192,r=0]={<<<>>>\x82\x87\x06\xD7\xE8\xE6Jn\xB7...\x00\x00\x00\x00\x00\x00\x00}
[DEBUG] CONTENT --> CONTENT_END
[DEBUG] onContentComplete HttpChannelOverHttp@f268a5a{s=HttpChannelState@2e8f904b{s=HANDLING rs=BLOCKING os=OPEN is=IDLE awp=false se=false i=true al=0},r=52,c=false/false,a=HANDLING,uri=//localhost:38858/EchoServlet,age=13}
[DEBUG] CONTENT_END --> END
[DEBUG] onRequestComplete HttpChannelOverHttp@f268a5a{s=HttpChannelState@2e8f904b{s=HANDLING rs=BLOCKING os=OPEN is=IDLE awp=false se=false i=true al=0},r=52,c=false/false,a=HANDLING,uri=//localhost:38858/EchoServlet,age=13}
[DEBUG] HttpInputOverHTTP@5e34fa8b[c=0,q=0,[0]=null,s=STREAM] addContent EOF
[DEBUG] HttpConnection@3be4ecda::SocketChannelEndPoint@122254ce{l=/127.0.0.1:38858,r=/127.0.0.1:42942,OPEN,fill=-,flush=-,to=12/30000}{io=0/0,kio=0,kro=1}->HttpConnection@3be4ecda[p=HttpParser{s=END,0 of -1},g=HttpGenerator@af7230{s=START}]=>HttpChannelOverHttp@f268a5a{s=HttpChannelState@2e8f904b{s=HANDLING rs=BLOCKING os=OPEN is=IDLE awp=false se=false i=true al=0},r=52,c=false/false,a=HANDLING,uri=//localhost:38858/EchoServlet,age=13} parsed false HttpParser{s=END,0 of -1}
[DEBUG] releaseRequestBuffer HttpConnection@3be4ecda::SocketChannelEndPoint@122254ce{l=/127.0.0.1:38858,r=/127.0.0.1:42942,OPEN,fill=-,flush=-,to=12/30000}{io=0/0,kio=0,kro=1}->HttpConnection@3be4ecda[p=HttpParser{s=END,0 of -1},g=HttpGenerator@af7230{s=START}]=>HttpChannelOverHttp@f268a5a{s=HttpChannelState@2e8f904b{s=HANDLING rs=BLOCKING os=OPEN is=IDLE awp=false se=false i=true al=0},r=52,c=false/false,a=HANDLING,uri=//localhost:38858/EchoServlet,age=13}
[DEBUG] onEof HttpChannelState@2e8f904b{s=HANDLING rs=BLOCKING os=OPEN is=IDLE awp=false se=false i=true al=0}
[DEBUG] write(array HeapByteBuffer@2af2045e[p=0,l=8,c=512,r=8]={<<<</table>>>>Sec-Fetch...\x00\x00\x00\x00\x00\x00\x00})
[DEBUG] write(array) s=OPEN,api=BLOCKING,sc=false,e=null aggregated !flush DirectByteBuffer@1c19d748[p=0,l=901,c=32768,r=901]={<<<<title>Webserver Environm...cors</td></tr>\n</table>>>>et=UTF-8<...gue. Pr}
[DEBUG] write(array HeapByteBuffer@4cacf0b1[p=0,l=1,c=512,r=1]={<<<\n>>>/table>Se...\x00\x00\x00\x00\x00\x00\x00})
[DEBUG] write(array) s=OPEN,api=BLOCKING,sc=false,e=null aggregated !flush DirectByteBuffer@1c19d748[p=0,l=902,c=32768,r=902]={<<<<title>Webserver Environm...ors</td></tr>\n</table>\n>>>t=UTF-8</...gue. Pr}
[DEBUG] handled=true async=false committed=false on HttpChannelOverHttp@f268a5a{s=HttpChannelState@2e8f904b{s=HANDLING rs=BLOCKING os=OPEN is=READY awp=false se=false i=true al=0},r=52,c=false/false,a=HANDLING,uri=//localhost:38858/EchoServlet,age=13}
[DEBUG] unhandle HttpChannelState@2e8f904b{s=HANDLING rs=BLOCKING os=OPEN is=READY awp=false se=false i=true al=0}
[DEBUG] nextAction(false) COMPLETE HttpChannelState@2e8f904b{s=HANDLING rs=COMPLETING os=OPEN is=READY awp=false se=false i=false al=0}
[DEBUG] action COMPLETE HttpChannelOverHttp@f268a5a{s=HttpChannelState@2e8f904b{s=HANDLING rs=COMPLETING os=OPEN is=READY awp=false se=false i=false al=0},r=52,c=false/false,a=HANDLING,uri=//localhost:38858/EchoServlet,age=13}
[DEBUG] complete(org.eclipse.jetty.util.Callback$3@7ea91e37) s=CLOSING,api=BLOCKED,sc=false,e=null s=false e=null, c=DirectByteBuffer@1c19d748[p=0,l=902,c=32768,r=902]={<<<<title>Webserver Environm...ors</td></tr>\n</table>\n>>>t=UTF-8</...gue. Pr}
[DEBUG] sendResponse info=null content=DirectByteBuffer@1c19d748[p=0,l=902,c=32768,r=902]={<<<<title>Webserver Environm...ors</td></tr>\n</table>\n>>>t=UTF-8</...gue. Pr} complete=true committing=true callback=org.eclipse.jetty.server.HttpOutput$WriteCompleteCB@4b079a6d
[DEBUG] COMMIT for /EchoServlet on HttpChannelOverHttp@f268a5a{s=HttpChannelState@2e8f904b{s=HANDLING rs=COMPLETING os=COMMITTED is=READY awp=false se=false i=false al=0},r=52,c=false/false,a=HANDLING,uri=//localhost:38858/EchoServlet,age=13}
200 null HTTP/1.1
Date: Mon, 20 Sep 2021 19:30:13 GMT
Content-Type: text/html;charset=utf-8
Cache-Control: no-cache
Cache-Control: no-store


[DEBUG] generate: NEED_HEADER for SendCallback@2c1836a[PROCESSING][i=HTTP/1.1{s=200,h=4,cl=-1},cb=org.eclipse.jetty.server.HttpChannel$SendCallback@71eda7a7] (null,[p=0,l=902,c=32768,r=902],true)@START
[DEBUG] generateHeaders HTTP/1.1{s=200,h=4,cl=-1} last=true content=DirectByteBuffer@1c19d748[p=0,l=902,c=32768,r=902]={<<<<title>Webserver Environm...ors</td></tr>\n</table>\n>>>t=UTF-8</...gue. Pr}
[DEBUG] Date: Mon, 20 Sep 2021 19:30:13 GMT
Content-Type: text/html;charset=utf-8
Cache-Control: no-cache
Cache-Control: no-store


[DEBUG] CONTENT_LENGTH
[DEBUG] generate: FLUSH for SendCallback@2c1836a[PROCESSING][i=HTTP/1.1{s=200,h=4,cl=-1},cb=org.eclipse.jetty.server.HttpChannel$SendCallback@71eda7a7] ([p=0,l=199,c=8192,r=199],[p=0,l=902,c=32768,r=902],true)@COMPLETING
[DEBUG] write: WriteFlusher@653abf25{IDLE}->null [HeapByteBuffer@22b9b50d[p=0,l=199,c=8192,r=199]={<<<HTTP/1.1 200 OK\r\nDate: Mo...y(9.4.43.v20210629)\r\n\r\n>>>\n) Chrome...\x86&h\xA0{\xC1\xC2},DirectByteBuffer@1c19d748[p=0,l=902,c=32768,r=902]={<<<<title>Webserver Environm...ors</td></tr>\n</table>\n>>>t=UTF-8</...gue. Pr}]
[DEBUG] update WriteFlusher@653abf25{WRITING}->null:IDLE-->WRITING
]]></system-out>
  </testcase>
  <testcase name="handlesLargerContentLengthParseRead" classname="org.jsoup.integration.ConnectTest" time="0.034">
    <system-out><![CDATA[[DEBUG] flushed 1101 SocketChannelEndPoint@122254ce{l=/127.0.0.1:38858,r=/127.0.0.1:42942,OPEN,fill=-,flush=W,to=27/30000}{io=0/0,kio=0,kro=1}->HttpConnection@3be4ecda[p=HttpParser{s=END,0 of -1},g=HttpGenerator@af7230{s=COMPLETING}]=>HttpChannelOverHttp@f268a5a{s=HttpChannelState@2e8f904b{s=HANDLING rs=COMPLETING os=COMMITTED is=READY awp=false se=false i=false al=0},r=52,c=false/false,a=HANDLING,uri=//localhost:38858/EchoServlet,age=27}
[DEBUG] Flushed=true written=1101 remaining=0 WriteFlusher@653abf25{WRITING}->null
[DEBUG] update WriteFlusher@653abf25{IDLE}->null:WRITING-->IDLE
[DEBUG] generate: DONE for SendCallback@2c1836a[PROCESSING][i=HTTP/1.1{s=200,h=4,cl=-1},cb=org.eclipse.jetty.server.HttpChannel$SendCallback@71eda7a7] ([p=199,l=199,c=8192,r=0],[p=902,l=902,c=32768,r=0],true)@END
[DEBUG] onWriteComplete(true,null) s=CLOSING,api=BLOCKED,sc=false,e=null->s=CLOSED,api=BLOCKING,sc=false,e=null c=null cb=org.eclipse.jetty.util.Callback$3@7ea91e37 w=false
[DEBUG] completed HttpChannelState@2e8f904b{s=HANDLING rs=COMPLETING os=COMPLETED is=READY awp=false se=false i=false al=0}
[DEBUG] unhandle HttpChannelState@2e8f904b{s=HANDLING rs=COMPLETED os=COMPLETED is=READY awp=false se=false i=false al=0}
[DEBUG] nextAction(false) TERMINATED HttpChannelState@2e8f904b{s=IDLE rs=COMPLETED os=COMPLETED is=READY awp=false se=false i=false al=0}
[DEBUG] action TERMINATED HttpChannelOverHttp@f268a5a{s=HttpChannelState@2e8f904b{s=IDLE rs=COMPLETED os=COMPLETED is=READY awp=false se=false i=false al=0},r=52,c=true/true,a=IDLE,uri=//localhost:38858/EchoServlet,age=28}
[DEBUG] onCompleted for /EchoServlet written=902
[DEBUG] recycle HttpChannelState@2e8f904b{s=IDLE rs=COMPLETED os=COMPLETED is=READY awp=false se=false i=false al=0}
[DEBUG] reset HttpParser{s=END,0 of -1}
[DEBUG] END --> START
[DEBUG] !handle TERMINATED HttpChannelOverHttp@f268a5a{s=HttpChannelState@2e8f904b{s=IDLE rs=BLOCKING os=OPEN is=IDLE awp=false se=false i=true al=0},r=52,c=false/false,a=IDLE,uri=null,age=0}
[DEBUG] filled 314 HeapByteBuffer@78a30358[p=0,l=314,c=8192,r=314]={<<<GET /InterruptedServlet?m...nection: keep-alive\r\n\r\n>>>/jpeg, *;...\xCe\x1f\xAf\xC2\x8d\xCey}
[DEBUG] HttpConnection@3be4ecda::SocketChannelEndPoint@122254ce{l=/127.0.0.1:38858,r=/127.0.0.1:42942,OPEN,fill=-,flush=-,to=0/30000}{io=0/0,kio=0,kro=1}->HttpConnection@3be4ecda[p=HttpParser{s=START,0 of -1},g=HttpGenerator@af7230{s=START}]=>HttpChannelOverHttp@f268a5a{s=HttpChannelState@2e8f904b{s=IDLE rs=BLOCKING os=OPEN is=IDLE awp=false se=false i=true al=0},r=52,c=false/false,a=IDLE,uri=null,age=0} filled 314 HeapByteBuffer@78a30358[p=0,l=314,c=8192,r=314]={<<<GET /InterruptedServlet?m...nection: keep-alive\r\n\r\n>>>/jpeg, *;...\xCe\x1f\xAf\xC2\x8d\xCey}
[DEBUG] HttpConnection@3be4ecda::SocketChannelEndPoint@122254ce{l=/127.0.0.1:38858,r=/127.0.0.1:42942,OPEN,fill=-,flush=-,to=0/30000}{io=0/0,kio=0,kro=1}->HttpConnection@3be4ecda[p=HttpParser{s=START,0 of -1},g=HttpGenerator@af7230{s=START}]=>HttpChannelOverHttp@f268a5a{s=HttpChannelState@2e8f904b{s=IDLE rs=BLOCKING os=OPEN is=IDLE awp=false se=false i=true al=0},r=52,c=false/false,a=IDLE,uri=null,age=0} parse HeapByteBuffer@78a30358[p=0,l=314,c=8192,r=314]={<<<GET /InterruptedServlet?m...nection: keep-alive\r\n\r\n>>>/jpeg, *;...\xCe\x1f\xAf\xC2\x8d\xCey} {}
[DEBUG] parseNext s=START HeapByteBuffer@78a30358[p=0,l=314,c=8192,r=314]={<<<GET /InterruptedServlet?m...nection: keep-alive\r\n\r\n>>>/jpeg, *;...\xCe\x1f\xAf\xC2\x8d\xCey}
[DEBUG] START --> SPACE1
[DEBUG] SPACE1 --> URI
[DEBUG] URI --> SPACE2
[DEBUG] SPACE2 --> REQUEST_VERSION
[DEBUG] REQUEST_VERSION --> HEADER
[DEBUG] HEADER:Accept-Encoding: gzip --> IN_VALUE
[DEBUG] HEADER:Accept-Encoding: gzip --> FIELD
[DEBUG] HEADER:User-Agent: Mozilla/5.0 (Windows NT 10.0; Win64; x64) AppleWebKit/537.36 (KHTML, like Gecko) Chrome/79.0.3945.130 Safari/537.36 --> IN_VALUE
[DEBUG] HEADER:User-Agent: Mozilla/5.0 (Windows NT 10.0; Win64; x64) AppleWebKit/537.36 (KHTML, like Gecko) Chrome/79.0.3945.130 Safari/537.36 --> FIELD
[DEBUG] HEADER:Host: localhost:38858 --> IN_VALUE
[DEBUG] HEADER:Host: localhost:38858 --> FIELD
[DEBUG] HEADER:Accept: text/html, image/gif, image/jpeg, *; q=.2, */*; q=.2 --> IN_VALUE
[DEBUG] HEADER:Accept: text/html, image/gif, image/jpeg, *; q=.2, */*; q=.2 --> FIELD
[DEBUG] HEADER:Connection: keep-alive --> IN_VALUE
[DEBUG] HEADER:Connection: keep-alive --> FIELD
[DEBUG] HEADER --> CONTENT
[DEBUG] REQUEST for //localhost:38858/InterruptedServlet?magnitude=larger on HttpChannelOverHttp@f268a5a{s=HttpChannelState@2e8f904b{s=IDLE rs=BLOCKING os=OPEN is=IDLE awp=false se=false i=true al=0},r=53,c=false/false,a=IDLE,uri=//localhost:38858/InterruptedServlet?magnitude=larger,age=0}
GET //localhost:38858/InterruptedServlet?magnitude=larger HTTP/1.1
Accept-Encoding: gzip
User-Agent: Mozilla/5.0 (Windows NT 10.0; Win64; x64) AppleWebKit/537.36 (KHTML, like Gecko) Chrome/79.0.3945.130 Safari/537.36
Host: localhost:38858
Accept: text/html, image/gif, image/jpeg, *; q=.2, */*; q=.2
Connection: keep-alive


[DEBUG] HttpConnection@3be4ecda::SocketChannelEndPoint@122254ce{l=/127.0.0.1:38858,r=/127.0.0.1:42942,OPEN,fill=-,flush=-,to=0/30000}{io=0/0,kio=0,kro=1}->HttpConnection@3be4ecda[p=HttpParser{s=CONTENT,0 of -1},g=HttpGenerator@af7230{s=START}]=>HttpChannelOverHttp@f268a5a{s=HttpChannelState@2e8f904b{s=IDLE rs=BLOCKING os=OPEN is=IDLE awp=false se=false i=true al=0},r=53,c=false/false,a=IDLE,uri=//localhost:38858/InterruptedServlet?magnitude=larger,age=1} parsed true HttpParser{s=CONTENT,0 of -1}
[DEBUG] releaseRequestBuffer HttpConnection@3be4ecda::SocketChannelEndPoint@122254ce{l=/127.0.0.1:38858,r=/127.0.0.1:42942,OPEN,fill=-,flush=-,to=0/30000}{io=0/0,kio=0,kro=1}->HttpConnection@3be4ecda[p=HttpParser{s=CONTENT,0 of -1},g=HttpGenerator@af7230{s=START}]=>HttpChannelOverHttp@f268a5a{s=HttpChannelState@2e8f904b{s=IDLE rs=BLOCKING os=OPEN is=IDLE awp=false se=false i=true al=0},r=53,c=false/false,a=IDLE,uri=//localhost:38858/InterruptedServlet?magnitude=larger,age=1}
[DEBUG] handle //localhost:38858/InterruptedServlet?magnitude=larger HttpChannelOverHttp@f268a5a{s=HttpChannelState@2e8f904b{s=IDLE rs=BLOCKING os=OPEN is=IDLE awp=false se=false i=true al=0},r=53,c=false/false,a=IDLE,uri=//localhost:38858/InterruptedServlet?magnitude=larger,age=1} 
[DEBUG] handling HttpChannelState@2e8f904b{s=IDLE rs=BLOCKING os=OPEN is=IDLE awp=false se=false i=true al=0}
[DEBUG] action DISPATCH HttpChannelOverHttp@f268a5a{s=HttpChannelState@2e8f904b{s=HANDLING rs=BLOCKING os=OPEN is=IDLE awp=false se=false i=true al=0},r=53,c=false/false,a=HANDLING,uri=//localhost:38858/InterruptedServlet?magnitude=larger,age=1}
[DEBUG] REQUEST GET /InterruptedServlet on HttpChannelOverHttp@f268a5a{s=HttpChannelState@2e8f904b{s=HANDLING rs=BLOCKING os=OPEN is=IDLE awp=false se=false i=true al=0},r=53,c=false/false,a=HANDLING,uri=//localhost:38858/InterruptedServlet?magnitude=larger,age=1}
[DEBUG] servlet null|/InterruptedServlet|null -> org.jsoup.integration.servlets.InterruptedServlet-6e78fcf5==org.jsoup.integration.servlets.InterruptedServlet@877530d7{jsp=null,order=-1,inst=true,async=true,src=EMBEDDED:null,STARTED}
[DEBUG] chain=null
[DEBUG] write(array HeapByteBuffer@5a6fe853[p=0,l=512,c=512,r=512]={<<<<title>Something</title>A... of data. \nA suitable a>>>})
[DEBUG] write(array) s=OPEN,api=BLOCKING,sc=false,e=null aggregated !flush DirectByteBuffer@58caaa66[p=0,l=512,c=32768,r=512]={<<<<title>Something</title>A... of data. \nA suitable a>>>tle>jsoup...gue. Pr}
[DEBUG] write(array HeapByteBuffer@6c811d8f[p=0,l=512,c=512,r=512]={<<<mount of data. \nA suitabl.... \nA suitable amount of>>>})
[DEBUG] write(array) s=OPEN,api=BLOCKING,sc=false,e=null aggregated !flush DirectByteBuffer@58caaa66[p=0,l=1024,c=32768,r=1024]={<<<<title>Something</title>A.... \nA suitable amount of>>>ent per c...gue. Pr}
[DEBUG] write(array HeapByteBuffer@1ba22680[p=0,l=512,c=512,r=512]={<<< data. \nA suitable amount...table amount of data. \n>>>})
[DEBUG] write(array) s=OPEN,api=BLOCKING,sc=false,e=null aggregated !flush DirectByteBuffer@58caaa66[p=0,l=1536,c=32768,r=1536]={<<<<title>Something</title>A...table amount of data. \n>>>uismod in...gue. Pr}
[DEBUG] write(array HeapByteBuffer@7ee6acc[p=0,l=512,c=512,r=512]={<<<A suitable amount of data...ount of data. \nA suitab>>>})
[DEBUG] write(array) s=OPEN,api=BLOCKING,sc=false,e=null aggregated !flush DirectByteBuffer@58caaa66[p=0,l=2048,c=32768,r=2048]={<<<<title>Something</title>A...ount of data. \nA suitab>>>. </p>\n\n<...gue. Pr}
[DEBUG] write(array HeapByteBuffer@22e62712[p=0,l=512,c=512,r=512]={<<<le amount of data. \nA sui...data. \nA suitable amoun>>>})
[DEBUG] write(array) s=OPEN,api=BLOCKING,sc=false,e=null aggregated !flush DirectByteBuffer@58caaa66[p=0,l=2560,c=32768,r=2560]={<<<<title>Something</title>A...data. \nA suitable amoun>>> Vestibul...gue. Pr}
[DEBUG] write(array HeapByteBuffer@466f3ba4[p=0,l=512,c=512,r=512]={<<<t of data. \nA suitable am... suitable amount of dat>>>})
[DEBUG] write(array) s=OPEN,api=BLOCKING,sc=false,e=null aggregated !flush DirectByteBuffer@58caaa66[p=0,l=3072,c=32768,r=3072]={<<<<title>Something</title>A... suitable amount of dat>>>cursus qu...gue. Pr}
[DEBUG] write(array HeapByteBuffer@4cf383cf[p=0,l=512,c=512,r=512]={<<<a. \nA suitable amount of ...e amount of data. \nA su>>>})
[DEBUG] write(array) s=OPEN,api=BLOCKING,sc=false,e=null aggregated !flush DirectByteBuffer@58caaa66[p=0,l=3584,c=32768,r=3584]={<<<<title>Something</title>A...e amount of data. \nA su>>>ementum i...gue. Pr}
[DEBUG] write(array HeapByteBuffer@38bf3897[p=0,l=512,c=512,r=512]={<<<itable amount of data. \nA... of data. \nA suitable a>>>})
[DEBUG] write(array) s=OPEN,api=BLOCKING,sc=false,e=null aggregated !flush DirectByteBuffer@58caaa66[p=0,l=4096,c=32768,r=4096]={<<<<title>Something</title>A... of data. \nA suitable a>>>oin ut li...gue. Pr}
[DEBUG] write(array HeapByteBuffer@2bf24625[p=0,l=512,c=512,r=512]={<<<mount of data. \nA suitabl.... \nA suitable amount of>>>})
[DEBUG] write(array) s=OPEN,api=BLOCKING,sc=false,e=null aggregated !flush DirectByteBuffer@58caaa66[p=0,l=4608,c=32768,r=4608]={<<<<title>Something</title>A.... \nA suitable amount of>>>lla facil...gue. Pr}
[DEBUG] write(array HeapByteBuffer@147feae4[p=0,l=512,c=512,r=512]={<<< data. \nA suitable amount...table amount of data. \n>>>})
[DEBUG] write(array) s=OPEN,api=BLOCKING,sc=false,e=null aggregated !flush DirectByteBuffer@58caaa66[p=0,l=5120,c=32768,r=5120]={<<<<title>Something</title>A...table amount of data. \n>>>get diam....gue. Pr}
[DEBUG] write(array HeapByteBuffer@4442fe5f[p=0,l=512,c=512,r=512]={<<<A suitable amount of data...ount of data. \nA suitab>>>})
[DEBUG] write(array) s=OPEN,api=BLOCKING,sc=false,e=null aggregated !flush DirectByteBuffer@58caaa66[p=0,l=5632,c=32768,r=5632]={<<<<title>Something</title>A...ount of data. \nA suitab>>>la facili...gue. Pr}
[DEBUG] write(array HeapByteBuffer@5781dc0[p=0,l=512,c=512,r=512]={<<<le amount of data. \nA sui...data. \nA suitable amoun>>>})
[DEBUG] write(array) s=OPEN,api=BLOCKING,sc=false,e=null aggregated !flush DirectByteBuffer@58caaa66[p=0,l=6144,c=32768,r=6144]={<<<<title>Something</title>A...data. \nA suitable amoun>>>etium bla...gue. Pr}
[DEBUG] write(array HeapByteBuffer@3c02a024[p=0,l=512,c=512,r=512]={<<<t of data. \nA suitable am... suitable amount of dat>>>})
[DEBUG] write(array) s=OPEN,api=BLOCKING,sc=false,e=null aggregated !flush DirectByteBuffer@58caaa66[p=0,l=6656,c=32768,r=6656]={<<<<title>Something</title>A... suitable amount of dat>>>. Integer...gue. Pr}
[DEBUG] write(array HeapByteBuffer@57c1458a[p=0,l=512,c=512,r=512]={<<<a. \nA suitable amount of ...e amount of data. \nA su>>>})
[DEBUG] write(array) s=OPEN,api=BLOCKING,sc=false,e=null aggregated !flush DirectByteBuffer@58caaa66[p=0,l=7168,c=32768,r=7168]={<<<<title>Something</title>A...e amount of data. \nA su>>>r sodales...gue. Pr}
[DEBUG] write(array HeapByteBuffer@4a2e92b[p=0,l=512,c=512,r=512]={<<<itable amount of data. \nA... of data. \nA suitable a>>>})
[DEBUG] write(array) s=OPEN,api=BLOCKING,sc=false,e=null aggregated !flush DirectByteBuffer@58caaa66[p=0,l=7680,c=32768,r=7680]={<<<<title>Something</title>A... of data. \nA suitable a>>>mentum ve...gue. Pr}
[DEBUG] write(array HeapByteBuffer@41716262[p=0,l=512,c=512,r=512]={<<<mount of data. \nA suitabl.... \nA suitable amount of>>>})
[DEBUG] write(array) s=OPEN,api=BLOCKING,sc=false,e=null aggregated !flush DirectByteBuffer@58caaa66[p=0,l=8192,c=32768,r=8192]={<<<<title>Something</title>A.... \nA suitable amount of>>>na. Quisq...gue. Pr}
[DEBUG] write(array HeapByteBuffer@685be9e8[p=0,l=512,c=512,r=512]={<<< data. \nA suitable amount...table amount of data. \n>>>})
[DEBUG] write(array) s=OPEN,api=BLOCKING,sc=false,e=null aggregated !flush DirectByteBuffer@58caaa66[p=0,l=8704,c=32768,r=8704]={<<<<title>Something</title>A...table amount of data. \n>>>esuada te...gue. Pr}
[DEBUG] write(array HeapByteBuffer@356b1c7c[p=0,l=512,c=512,r=512]={<<<A suitable amount of data...ount of data. \nA suitab>>>})
[DEBUG] write(array) s=OPEN,api=BLOCKING,sc=false,e=null aggregated !flush DirectByteBuffer@58caaa66[p=0,l=9216,c=32768,r=9216]={<<<<title>Something</title>A...ount of data. \nA suitab>>>s ultrice...gue. Pr}
[DEBUG] write(array HeapByteBuffer@2693504b[p=0,l=512,c=512,r=512]={<<<le amount of data. \nA sui...data. \nA suitable amoun>>>})
[DEBUG] write(array) s=OPEN,api=BLOCKING,sc=false,e=null aggregated !flush DirectByteBuffer@58caaa66[p=0,l=9728,c=32768,r=9728]={<<<<title>Something</title>A...data. \nA suitable amoun>>>s consect...gue. Pr}
[DEBUG] write(array HeapByteBuffer@6c3b5489[p=0,l=512,c=512,r=512]={<<<t of data. \nA suitable am... suitable amount of dat>>>})
[DEBUG] write(array) s=OPEN,api=BLOCKING,sc=false,e=null aggregated !flush DirectByteBuffer@58caaa66[p=0,l=10240,c=32768,r=10240]={<<<<title>Something</title>A... suitable amount of dat>>> conubia ...gue. Pr}
[DEBUG] write(array HeapByteBuffer@5b98e44f[p=0,l=512,c=512,r=512]={<<<a. \nA suitable amount of ...e amount of data. \nA su>>>})
[DEBUG] write(array) s=OPEN,api=BLOCKING,sc=false,e=null aggregated !flush DirectByteBuffer@58caaa66[p=0,l=10752,c=32768,r=10752]={<<<<title>Something</title>A...e amount of data. \nA su>>>cidunt se...gue. Pr}
[DEBUG] write(array HeapByteBuffer@36fd8bbc[p=0,l=512,c=512,r=512]={<<<itable amount of data. \nA... of data. \nA suitable a>>>})
[DEBUG] write(array) s=OPEN,api=BLOCKING,sc=false,e=null aggregated !flush DirectByteBuffer@58caaa66[p=0,l=11264,c=32768,r=11264]={<<<<title>Something</title>A... of data. \nA suitable a>>> suscipit...gue. Pr}
[DEBUG] write(array HeapByteBuffer@ad09420[p=0,l=512,c=512,r=512]={<<<mount of data. \nA suitabl.... \nA suitable amount of>>>})
[DEBUG] write(array) s=OPEN,api=BLOCKING,sc=false,e=null aggregated !flush DirectByteBuffer@58caaa66[p=0,l=11776,c=32768,r=11776]={<<<<title>Something</title>A.... \nA suitable amount of>>>vel, eges...gue. Pr}
[DEBUG] write(array HeapByteBuffer@3cf916ef[p=0,l=512,c=512,r=512]={<<< data. \nA suitable amount...table amount of data. \n>>>})
[DEBUG] write(array) s=OPEN,api=BLOCKING,sc=false,e=null aggregated !flush DirectByteBuffer@58caaa66[p=0,l=12288,c=32768,r=12288]={<<<<title>Something</title>A...table amount of data. \n>>> eget ant...gue. Pr}
[DEBUG] write(array HeapByteBuffer@205f27a3[p=0,l=512,c=512,r=512]={<<<A suitable amount of data...ount of data. \nA suitab>>>})
[DEBUG] write(array) s=OPEN,api=BLOCKING,sc=false,e=null aggregated !flush DirectByteBuffer@58caaa66[p=0,l=12800,c=32768,r=12800]={<<<<title>Something</title>A...ount of data. \nA suitab>>>facilisis...gue. Pr}
[DEBUG] write(array HeapByteBuffer@7a25f87f[p=0,l=512,c=512,r=512]={<<<le amount of data. \nA sui...data. \nA suitable amoun>>>})
[DEBUG] write(array) s=OPEN,api=BLOCKING,sc=false,e=null aggregated !flush DirectByteBuffer@58caaa66[p=0,l=13312,c=32768,r=13312]={<<<<title>Something</title>A...data. \nA suitable amoun>>>ociosqu a...gue. Pr}
[DEBUG] write(array HeapByteBuffer@74da128f[p=0,l=512,c=512,r=512]={<<<t of data. \nA suitable am... suitable amount of dat>>>})
[DEBUG] write(array) s=OPEN,api=BLOCKING,sc=false,e=null aggregated !flush DirectByteBuffer@58caaa66[p=0,l=13824,c=32768,r=13824]={<<<<title>Something</title>A... suitable amount of dat>>> vel, tin...gue. Pr}
[DEBUG] write(array HeapByteBuffer@e02c95[p=0,l=512,c=512,r=512]={<<<a. \nA suitable amount of ...e amount of data. \nA su>>>})
[DEBUG] write(array) s=OPEN,api=BLOCKING,sc=false,e=null aggregated !flush DirectByteBuffer@58caaa66[p=0,l=14336,c=32768,r=14336]={<<<<title>Something</title>A...e amount of data. \nA su>>>n quam. E...gue. Pr}
[DEBUG] write(array HeapByteBuffer@59db6115[p=0,l=512,c=512,r=512]={<<<itable amount of data. \nA... of data. \nA suitable a>>>})
[DEBUG] write(array) s=OPEN,api=BLOCKING,sc=false,e=null aggregated !flush DirectByteBuffer@58caaa66[p=0,l=14848,c=32768,r=14848]={<<<<title>Something</title>A... of data. \nA suitable a>>> in ipsum...gue. Pr}
[DEBUG] write(array HeapByteBuffer@c689c51[p=0,l=512,c=512,r=512]={<<<mount of data. \nA suitabl.... \nA suitable amount of>>>})
[DEBUG] write(array) s=OPEN,api=BLOCKING,sc=false,e=null aggregated !flush DirectByteBuffer@58caaa66[p=0,l=15360,c=32768,r=15360]={<<<<title>Something</title>A.... \nA suitable amount of>>>m. Aenean...gue. Pr}
[DEBUG] write(array HeapByteBuffer@2802a939[p=0,l=512,c=512,r=512]={<<< data. \nA suitable amount...table amount of data. \n>>>})
[DEBUG] write(array) s=OPEN,api=BLOCKING,sc=false,e=null aggregated !flush DirectByteBuffer@58caaa66[p=0,l=15872,c=32768,r=15872]={<<<<title>Something</title>A...table amount of data. \n>>>lum nisi ...gue. Pr}
[DEBUG] write(array HeapByteBuffer@2907bc28[p=0,l=512,c=512,r=512]={<<<A suitable amount of data...ount of data. \nA suitab>>>})
[DEBUG] write(array) s=OPEN,api=BLOCKING,sc=false,e=null aggregated !flush DirectByteBuffer@58caaa66[p=0,l=16384,c=32768,r=16384]={<<<<title>Something</title>A...ount of data. \nA suitab>>>osqu ad l...gue. Pr}
[DEBUG] write(array HeapByteBuffer@2bd6a3d4[p=0,l=512,c=512,r=512]={<<<le amount of data. \nA sui...data. \nA suitable amoun>>>})
[DEBUG] write(array) s=OPEN,api=BLOCKING,sc=false,e=null aggregated !flush DirectByteBuffer@58caaa66[p=0,l=16896,c=32768,r=16896]={<<<<title>Something</title>A...data. \nA suitable amoun>>>et, conse...gue. Pr}
[DEBUG] write(array HeapByteBuffer@639438eb[p=0,l=512,c=512,r=512]={<<<t of data. \nA suitable am... suitable amount of dat>>>})
[DEBUG] write(array) s=OPEN,api=BLOCKING,sc=false,e=null aggregated !flush DirectByteBuffer@58caaa66[p=0,l=17408,c=32768,r=17408]={<<<<title>Something</title>A... suitable amount of dat>>>at mi a t...gue. Pr}
[DEBUG] write(array HeapByteBuffer@5e620ec1[p=0,l=512,c=512,r=512]={<<<a. \nA suitable amount of ...e amount of data. \nA su>>>})
[DEBUG] write(array) s=OPEN,api=BLOCKING,sc=false,e=null aggregated !flush DirectByteBuffer@58caaa66[p=0,l=17920,c=32768,r=17920]={<<<<title>Something</title>A...e amount of data. \nA su>>> mi sit a...gue. Pr}
[DEBUG] write(array HeapByteBuffer@4a901fd9[p=0,l=512,c=512,r=512]={<<<itable amount of data. \nA... of data. \nA suitable a>>>})
[DEBUG] write(array) s=OPEN,api=BLOCKING,sc=false,e=null aggregated !flush DirectByteBuffer@58caaa66[p=0,l=18432,c=32768,r=18432]={<<<<title>Something</title>A... of data. \nA suitable a>>>ue congue...gue. Pr}
[DEBUG] write(array HeapByteBuffer@54c6dd5c[p=0,l=512,c=512,r=512]={<<<mount of data. \nA suitabl.... \nA suitable amount of>>>})
[DEBUG] write(array) s=OPEN,api=BLOCKING,sc=false,e=null aggregated !flush DirectByteBuffer@58caaa66[p=0,l=18944,c=32768,r=18944]={<<<<title>Something</title>A.... \nA suitable amount of>>>>\n\n<p>Qui...gue. Pr}
[DEBUG] write(array HeapByteBuffer@16d7f44f[p=0,l=512,c=512,r=512]={<<< data. \nA suitable amount...table amount of data. \n>>>})
[DEBUG] write(array) s=OPEN,api=BLOCKING,sc=false,e=null aggregated !flush DirectByteBuffer@58caaa66[p=0,l=19456,c=32768,r=19456]={<<<<title>Something</title>A...table amount of data. \n>>>r euismod...gue. Pr}
[DEBUG] write(array HeapByteBuffer@588df452[p=0,l=512,c=512,r=512]={<<<A suitable amount of data...ount of data. \nA suitab>>>})
[DEBUG] write(array) s=OPEN,api=BLOCKING,sc=false,e=null aggregated !flush DirectByteBuffer@58caaa66[p=0,l=19968,c=32768,r=19968]={<<<<title>Something</title>A...ount of data. \nA suitab>>>m. Curabi...gue. Pr}
[DEBUG] write(array HeapByteBuffer@1229564d[p=0,l=512,c=512,r=512]={<<<le amount of data. \nA sui...data. \nA suitable amoun>>>})
[DEBUG] write(array) s=OPEN,api=BLOCKING,sc=false,e=null aggregated !flush DirectByteBuffer@58caaa66[p=0,l=20480,c=32768,r=20480]={<<<<title>Something</title>A...data. \nA suitable amoun>>>risus, ac...gue. Pr}
[DEBUG] write(array HeapByteBuffer@70e74569[p=0,l=512,c=512,r=512]={<<<t of data. \nA suitable am... suitable amount of dat>>>})
[DEBUG] write(array) s=OPEN,api=BLOCKING,sc=false,e=null aggregated !flush DirectByteBuffer@58caaa66[p=0,l=20992,c=32768,r=20992]={<<<<title>Something</title>A... suitable amount of dat>>> Sed curs...gue. Pr}
[DEBUG] write(array HeapByteBuffer@59bba2b6[p=0,l=512,c=512,r=512]={<<<a. \nA suitable amount of ...e amount of data. \nA su>>>})
[DEBUG] write(array) s=OPEN,api=BLOCKING,sc=false,e=null aggregated !flush DirectByteBuffer@58caaa66[p=0,l=21504,c=32768,r=21504]={<<<<title>Something</title>A...e amount of data. \nA su>>>im lacini...gue. Pr}
[DEBUG] write(array HeapByteBuffer@6e23f2b7[p=0,l=512,c=512,r=512]={<<<itable amount of data. \nA... of data. \nA suitable a>>>})
[DEBUG] write(array) s=OPEN,api=BLOCKING,sc=false,e=null aggregated !flush DirectByteBuffer@58caaa66[p=0,l=22016,c=32768,r=22016]={<<<<title>Something</title>A... of data. \nA suitable a>>>tora torq...gue. Pr}
[DEBUG] write(array HeapByteBuffer@36e05a00[p=0,l=512,c=512,r=512]={<<<mount of data. \nA suitabl.... \nA suitable amount of>>>})
[DEBUG] write(array) s=OPEN,api=BLOCKING,sc=false,e=null aggregated !flush DirectByteBuffer@58caaa66[p=0,l=22528,c=32768,r=22528]={<<<<title>Something</title>A.... \nA suitable amount of>>>etra auct...gue. Pr}
[DEBUG] write(array HeapByteBuffer@7ce69db8[p=0,l=512,c=512,r=512]={<<< data. \nA suitable amount...table amount of data. \n>>>})
[DEBUG] write(array) s=OPEN,api=BLOCKING,sc=false,e=null aggregated !flush DirectByteBuffer@58caaa66[p=0,l=23040,c=32768,r=23040]={<<<<title>Something</title>A...table amount of data. \n>>>met mauri...gue. Pr}
[DEBUG] write(array HeapByteBuffer@784c3e80[p=0,l=512,c=512,r=512]={<<<A suitable amount of data...ount of data. \nA suitab>>>})
[DEBUG] write(array) s=OPEN,api=BLOCKING,sc=false,e=null aggregated !flush DirectByteBuffer@58caaa66[p=0,l=23552,c=32768,r=23552]={<<<<title>Something</title>A...ount of data. \nA suitab>>>ique, dig...gue. Pr}
[DEBUG] write(array HeapByteBuffer@98bdd74[p=0,l=512,c=512,r=512]={<<<le amount of data. \nA sui...data. \nA suitable amoun>>>})
[DEBUG] write(array) s=OPEN,api=BLOCKING,sc=false,e=null aggregated !flush DirectByteBuffer@58caaa66[p=0,l=24064,c=32768,r=24064]={<<<<title>Something</title>A...data. \nA suitable amoun>>>erdiet. <...gue. Pr}
[DEBUG] write(array HeapByteBuffer@3d8fa61f[p=0,l=512,c=512,r=512]={<<<t of data. \nA suitable am... suitable amount of dat>>>})
[DEBUG] write(array) s=OPEN,api=BLOCKING,sc=false,e=null aggregated !flush DirectByteBuffer@58caaa66[p=0,l=24576,c=32768,r=24576]={<<<<title>Something</title>A... suitable amount of dat>>> sed augu...gue. Pr}
[DEBUG] write(array HeapByteBuffer@754ce74b[p=0,l=512,c=512,r=512]={<<<a. \nA suitable amount of ...e amount of data. \nA su>>>})
[DEBUG] write(array) s=OPEN,api=BLOCKING,sc=false,e=null aggregated !flush DirectByteBuffer@58caaa66[p=0,l=25088,c=32768,r=25088]={<<<<title>Something</title>A...e amount of data. \nA su>>>pit quis,...gue. Pr}
[DEBUG] write(array HeapByteBuffer@6c6d6f5c[p=0,l=512,c=512,r=512]={<<<itable amount of data. \nA... of data. \nA suitable a>>>})
[DEBUG] write(array) s=OPEN,api=BLOCKING,sc=false,e=null aggregated !flush DirectByteBuffer@58caaa66[p=0,l=25600,c=32768,r=25600]={<<<<title>Something</title>A... of data. \nA suitable a>>>i. Nunc f...gue. Pr}
[DEBUG] write(array HeapByteBuffer@3bda6fd8[p=0,l=512,c=512,r=512]={<<<mount of data. \nA suitabl.... \nA suitable amount of>>>})
[DEBUG] write(array) s=OPEN,api=BLOCKING,sc=false,e=null aggregated !flush DirectByteBuffer@58caaa66[p=0,l=26112,c=32768,r=26112]={<<<<title>Something</title>A.... \nA suitable amount of>>>Sed non q...gue. Pr}
[DEBUG] write(array HeapByteBuffer@7ba589e2[p=0,l=512,c=512,r=512]={<<< data. \nA suitable amount...table amount of data. \n>>>})
[DEBUG] write(array) s=OPEN,api=BLOCKING,sc=false,e=null aggregated !flush DirectByteBuffer@58caaa66[p=0,l=26624,c=32768,r=26624]={<<<<title>Something</title>A...table amount of data. \n>>>et, augue...gue. Pr}
[DEBUG] write(array HeapByteBuffer@69c15f62[p=0,l=512,c=512,r=512]={<<<A suitable amount of data...ount of data. \nA suitab>>>})
[DEBUG] write(array) s=OPEN,api=BLOCKING,sc=false,e=null aggregated !flush DirectByteBuffer@58caaa66[p=0,l=27136,c=32768,r=27136]={<<<<title>Something</title>A...ount of data. \nA suitab>>> aliquet ...gue. Pr}
[DEBUG] write(array HeapByteBuffer@6e51da89[p=0,l=512,c=512,r=512]={<<<le amount of data. \nA sui...data. \nA suitable amoun>>>})
[DEBUG] write(array) s=OPEN,api=BLOCKING,sc=false,e=null aggregated !flush DirectByteBuffer@58caaa66[p=0,l=27648,c=32768,r=27648]={<<<<title>Something</title>A...data. \nA suitable amoun>>>r incepto...gue. Pr}
[DEBUG] write(array HeapByteBuffer@61ddc34[p=0,l=512,c=512,r=512]={<<<t of data. \nA suitable am... suitable amount of dat>>>})
[DEBUG] write(array) s=OPEN,api=BLOCKING,sc=false,e=null aggregated !flush DirectByteBuffer@58caaa66[p=0,l=28160,c=32768,r=28160]={<<<<title>Something</title>A... suitable amount of dat>>>lutpat co...gue. Pr}
[DEBUG] write(array HeapByteBuffer@5120bf8c[p=0,l=512,c=512,r=512]={<<<a. \nA suitable amount of ...e amount of data. \nA su>>>})
[DEBUG] write(array) s=OPEN,api=BLOCKING,sc=false,e=null aggregated !flush DirectByteBuffer@58caaa66[p=0,l=28672,c=32768,r=28672]={<<<<title>Something</title>A...e amount of data. \nA su>>>magna. Qu...gue. Pr}
[DEBUG] write(array HeapByteBuffer@32f9c085[p=0,l=512,c=512,r=512]={<<<itable amount of data. \nA... of data. \nA suitable a>>>})
[DEBUG] write(array) s=OPEN,api=BLOCKING,sc=false,e=null aggregated !flush DirectByteBuffer@58caaa66[p=0,l=29184,c=32768,r=29184]={<<<<title>Something</title>A... of data. \nA suitable a>>>dunt male...gue. Pr}
[DEBUG] write(array HeapByteBuffer@529cc1c1[p=0,l=512,c=512,r=512]={<<<mount of data. \nA suitabl.... \nA suitable amount of>>>})
[DEBUG] write(array) s=OPEN,api=BLOCKING,sc=false,e=null aggregated !flush DirectByteBuffer@58caaa66[p=0,l=29696,c=32768,r=29696]={<<<<title>Something</title>A.... \nA suitable amount of>>>lla quam....gue. Pr}
[DEBUG] write(array HeapByteBuffer@3a084bda[p=0,l=512,c=512,r=512]={<<< data. \nA suitable amount...table amount of data. \n>>>})
[DEBUG] write(array) s=OPEN,api=BLOCKING,sc=false,e=null aggregated !flush DirectByteBuffer@58caaa66[p=0,l=30208,c=32768,r=30208]={<<<<title>Something</title>A...table amount of data. \n>>>llis lect...gue. Pr}
[DEBUG] write(array HeapByteBuffer@6e804fc8[p=0,l=512,c=512,r=512]={<<<A suitable amount of data...ount of data. \nA suitab>>>})
[DEBUG] write(array) s=OPEN,api=BLOCKING,sc=false,e=null aggregated !flush DirectByteBuffer@58caaa66[p=0,l=30720,c=32768,r=30720]={<<<<title>Something</title>A...ount of data. \nA suitab>>>ec odio</...gue. Pr}
[DEBUG] write(array HeapByteBuffer@12015775[p=0,l=512,c=512,r=512]={<<<le amount of data. \nA sui...data. \nA suitable amoun>>>})
[DEBUG] write(array) s=OPEN,api=BLOCKING,sc=false,e=null aggregated !flush DirectByteBuffer@58caaa66[p=0,l=31232,c=32768,r=31232]={<<<<title>Something</title>A...data. \nA suitable amoun>>>condiment...gue. Pr}
[DEBUG] write(array HeapByteBuffer@26270e3d[p=0,l=512,c=512,r=512]={<<<t of data. \nA suitable am... suitable amount of dat>>>})
[DEBUG] write(array) s=OPEN,api=BLOCKING,sc=false,e=null aggregated !flush DirectByteBuffer@58caaa66[p=0,l=31744,c=32768,r=31744]={<<<<title>Something</title>A... suitable amount of dat>>>. Integer...gue. Pr}
[DEBUG] write(array HeapByteBuffer@5e09d7b8[p=0,l=512,c=512,r=512]={<<<a. \nA suitable amount of ...e amount of data. \nA su>>>})
[DEBUG] write(array) s=OPEN,api=BLOCKING,sc=false,e=null aggregated !flush DirectByteBuffer@58caaa66[p=0,l=32256,c=32768,r=32256]={<<<<title>Something</title>A...e amount of data. \nA su>>>cus nunc,...gue. Pr}
[DEBUG] write(array HeapByteBuffer@329b3dbe[p=0,l=512,c=512,r=512]={<<<itable amount of data. \nA... of data. \nA suitable a>>>})
[DEBUG] write(array) s=OPEN,api=BLOCKED,sc=false,e=null last=false agg=true flush=true async=false, len=0 DirectByteBuffer@58caaa66[p=0,l=32768,c=32768,r=32768]={<<<<title>Something</title>A... of data. \nA suitable a>>>}
[DEBUG] sendResponse info=null content=DirectByteBuffer@58caaa66[p=0,l=32768,c=32768,r=32768]={<<<<title>Something</title>A... of data. \nA suitable a>>>} complete=false committing=true callback=Blocker@135fca70{null}
[DEBUG] COMMIT for /InterruptedServlet on HttpChannelOverHttp@f268a5a{s=HttpChannelState@2e8f904b{s=HANDLING rs=BLOCKING os=COMMITTED is=IDLE awp=false se=false i=true al=0},r=53,c=false/false,a=HANDLING,uri=//localhost:38858/InterruptedServlet?magnitude=larger,age=8}
200 null HTTP/1.1
Date: Mon, 20 Sep 2021 19:30:13 GMT
Content-Type: text/html;charset=utf-8
Content-Length: 65596


[DEBUG] generate: NEED_HEADER for SendCallback@2c1836a[PROCESSING][i=HTTP/1.1{s=200,h=3,cl=65596},cb=org.eclipse.jetty.server.HttpChannel$SendCallback@2a396e67] (null,[p=0,l=32768,c=32768,r=32768],false)@START
[DEBUG] generateHeaders HTTP/1.1{s=200,h=3,cl=65596} last=false content=DirectByteBuffer@58caaa66[p=0,l=32768,c=32768,r=32768]={<<<<title>Something</title>A... of data. \nA suitable a>>>}
[DEBUG] Date: Mon, 20 Sep 2021 19:30:13 GMT
Content-Type: text/html;charset=utf-8
Content-Length: 65596


[DEBUG] CONTENT_LENGTH
[DEBUG] generate: FLUSH for SendCallback@2c1836a[PROCESSING][i=HTTP/1.1{s=200,h=3,cl=65596},cb=org.eclipse.jetty.server.HttpChannel$SendCallback@2a396e67] ([p=0,l=151,c=8192,r=151],[p=0,l=32768,c=32768,r=32768],false)@COMMITTED
[DEBUG] write: WriteFlusher@653abf25{IDLE}->null [HeapByteBuffer@41e05b38[p=0,l=151,c=8192,r=151]={<<<HTTP/1.1 200 OK\r\nDate: Mo...y(9.4.43.v20210629)\r\n\r\n>>>\x0e\x9cTt\xF0,U\xBc\xE6...\x00\x00\x00\x00\x00\x00\x00},DirectByteBuffer@58caaa66[p=0,l=32768,c=32768,r=32768]={<<<<title>Something</title>A... of data. \nA suitable a>>>}]
[DEBUG] update WriteFlusher@653abf25{WRITING}->null:IDLE-->WRITING
[DEBUG] flushed 32919 SocketChannelEndPoint@122254ce{l=/127.0.0.1:38858,r=/127.0.0.1:42942,OPEN,fill=-,flush=W,to=9/30000}{io=0/0,kio=0,kro=1}->HttpConnection@3be4ecda[p=HttpParser{s=CONTENT,0 of -1},g=HttpGenerator@af7230{s=COMMITTED}]=>HttpChannelOverHttp@f268a5a{s=HttpChannelState@2e8f904b{s=HANDLING rs=BLOCKING os=COMMITTED is=IDLE awp=false se=false i=true al=0},r=53,c=false/false,a=HANDLING,uri=//localhost:38858/InterruptedServlet?magnitude=larger,age=10}
[DEBUG] Flushed=true written=32919 remaining=0 WriteFlusher@653abf25{WRITING}->null
[DEBUG] update WriteFlusher@653abf25{IDLE}->null:WRITING-->IDLE
[DEBUG] generate: DONE for SendCallback@2c1836a[PROCESSING][i=HTTP/1.1{s=200,h=3,cl=65596},cb=org.eclipse.jetty.server.HttpChannel$SendCallback@2a396e67] ([p=151,l=151,c=8192,r=0],[p=32768,l=32768,c=32768,r=0],false)@COMMITTED
[DEBUG] onWriteComplete(false,null) s=OPEN,api=BLOCKED,sc=false,e=null->s=OPEN,api=BLOCKING,sc=false,e=null c=null cb=null w=false
[DEBUG] write(array HeapByteBuffer@34f1cbfb[p=0,l=30,c=512,r=30]={<<<mount of data. \n<p>Finale.</p>>>>able amou...table a})
[DEBUG] write(array) s=OPEN,api=BLOCKING,sc=false,e=null aggregated !flush DirectByteBuffer@58caaa66[p=0,l=30,c=32768,r=30]={<<<mount of data. \n<p>Finale.</p>>>>able amou...table a}
[DEBUG] handled=true async=false committed=true on HttpChannelOverHttp@f268a5a{s=HttpChannelState@2e8f904b{s=HANDLING rs=BLOCKING os=COMMITTED is=IDLE awp=false se=false i=true al=0},r=53,c=false/false,a=HANDLING,uri=//localhost:38858/InterruptedServlet?magnitude=larger,age=10}
[DEBUG] unhandle HttpChannelState@2e8f904b{s=HANDLING rs=BLOCKING os=COMMITTED is=IDLE awp=false se=false i=true al=0}
[DEBUG] nextAction(false) COMPLETE HttpChannelState@2e8f904b{s=HANDLING rs=COMPLETING os=COMMITTED is=IDLE awp=false se=false i=false al=0}
[DEBUG] action COMPLETE HttpChannelOverHttp@f268a5a{s=HttpChannelState@2e8f904b{s=HANDLING rs=COMPLETING os=COMMITTED is=IDLE awp=false se=false i=false al=0},r=53,c=false/false,a=HANDLING,uri=//localhost:38858/InterruptedServlet?magnitude=larger,age=10}
[DEBUG] abort HttpConnection@3be4ecda::SocketChannelEndPoint@122254ce{l=/127.0.0.1:38858,r=/127.0.0.1:42942,OPEN,fill=-,flush=-,to=0/30000}{io=0/0,kio=0,kro=1}->HttpConnection@3be4ecda[p=HttpParser{s=CONTENT,0 of -1},g=HttpGenerator@af7230{s=COMMITTED}]=>HttpChannelOverHttp@f268a5a{s=HttpChannelState@2e8f904b{s=HANDLING rs=COMPLETING os=ABORTED is=IDLE awp=false se=false i=false al=0},r=53,c=false/false,a=HANDLING,uri=//localhost:38858/InterruptedServlet?magnitude=larger,age=10} java.io.IOException: insufficient content written
[DEBUG] close SocketChannelEndPoint@122254ce{l=/127.0.0.1:38858,r=/127.0.0.1:42942,OPEN,fill=-,flush=-,to=0/30000}{io=0/0,kio=0,kro=1}->HttpConnection@3be4ecda[p=HttpParser{s=CONTENT,0 of -1},g=HttpGenerator@af7230{s=COMMITTED}]=>HttpChannelOverHttp@f268a5a{s=HttpChannelState@2e8f904b{s=HANDLING rs=COMPLETING os=ABORTED is=IDLE awp=false se=false i=false al=0},r=53,c=false/false,a=HANDLING,uri=//localhost:38858/InterruptedServlet?magnitude=larger,age=11}
[DEBUG] close(null) SocketChannelEndPoint@122254ce{l=/127.0.0.1:38858,r=/127.0.0.1:42942,OPEN,fill=-,flush=-,to=0/30000}{io=0/0,kio=0,kro=1}->HttpConnection@3be4ecda[p=HttpParser{s=CONTENT,0 of -1},g=HttpGenerator@af7230{s=COMMITTED}]=>HttpChannelOverHttp@f268a5a{s=HttpChannelState@2e8f904b{s=HANDLING rs=COMPLETING os=ABORTED is=IDLE awp=false se=false i=false al=0},r=53,c=false/false,a=HANDLING,uri=//localhost:38858/InterruptedServlet?magnitude=larger,age=11}
[DEBUG] doClose SocketChannelEndPoint@122254ce{l=/127.0.0.1:38858,r=/127.0.0.1:42942,CLOSED,fill=-,flush=-,to=0/30000}{io=0/0,kio=0,kro=1}->HttpConnection@3be4ecda[p=HttpParser{s=CONTENT,0 of -1},g=HttpGenerator@af7230{s=COMMITTED}]=>HttpChannelOverHttp@f268a5a{s=HttpChannelState@2e8f904b{s=HANDLING rs=COMPLETING os=ABORTED is=IDLE awp=false se=false i=false al=0},r=53,c=false/false,a=HANDLING,uri=//localhost:38858/InterruptedServlet?magnitude=larger,age=11}
[DEBUG] onClose FillInterest@5270a7a6{null}
[DEBUG] Wakeup ManagedSelector@129b4fe2{STARTED} id=0 keys=3 selected=0 updates=0
[DEBUG] Selector sun.nio.ch.EPollSelectorImpl@54609eb7 woken with none selected
[DEBUG] Selector sun.nio.ch.EPollSelectorImpl@54609eb7 woken up from select, 0/0/2 selected
[DEBUG] Selector sun.nio.ch.EPollSelectorImpl@54609eb7 processing 0 keys, 0 updates
[DEBUG] updateable 0
[DEBUG] updates 0
[DEBUG] Selector sun.nio.ch.EPollSelectorImpl@54609eb7 waiting with 2 keys
[DEBUG] run org.eclipse.jetty.io.ManagedSelector$DestroyEndPoint@2c96659a in QueuedThreadPool[qtp487792155]@1d131e1b{STARTED,8<=9<=200,i=4,r=-1,q=0}[ReservedThreadExecutor@7ec3394b{s=1/1,p=0}]
[DEBUG] Destroyed SocketChannelEndPoint@122254ce{l=0.0.0.0/0.0.0.0:38858,r=null,CLOSED,fill=-,flush=-,to=1/30000}{io=0/0,kio=-1,kro=-1}->HttpConnection@3be4ecda[p=HttpParser{s=CONTENT,0 of -1},g=HttpGenerator@af7230{s=COMMITTED}]=>HttpChannelOverHttp@f268a5a{s=HttpChannelState@2e8f904b{s=HANDLING rs=COMPLETING os=ABORTED is=IDLE awp=false se=false i=false al=0},r=53,c=false/false,a=HANDLING,uri=//localhost:38858/InterruptedServlet?magnitude=larger,age=12}
[DEBUG] onClose HttpConnection@3be4ecda::SocketChannelEndPoint@122254ce{l=0.0.0.0/0.0.0.0:38858,r=null,CLOSED,fill=-,flush=-,to=2/30000}{io=0/0,kio=-1,kro=-1}->HttpConnection@3be4ecda[p=HttpParser{s=CONTENT,0 of -1},g=HttpGenerator@af7230{s=COMMITTED}]=>HttpChannelOverHttp@f268a5a{s=HttpChannelState@2e8f904b{s=HANDLING rs=COMPLETING os=ABORTED is=IDLE awp=false se=false i=false al=0},r=53,c=false/false,a=HANDLING,uri=//localhost:38858/InterruptedServlet?magnitude=larger,age=12}
[DEBUG] ran org.eclipse.jetty.io.ManagedSelector$DestroyEndPoint@2c96659a in QueuedThreadPool[qtp487792155]@1d131e1b{STARTED,8<=9<=200,i=4,r=-1,q=0}[ReservedThreadExecutor@7ec3394b{s=1/1,p=0}]
[DEBUG] queue org.eclipse.jetty.io.ManagedSelector$DestroyEndPoint@2c96659a startThread=0
[DEBUG] complete(org.eclipse.jetty.util.Callback$3@24d56eca) s=CLOSING,api=BLOCKED,sc=false,e=null s=false e=null, c=DirectByteBuffer@58caaa66[p=0,l=30,c=32768,r=30]={<<<mount of data. \n<p>Finale.</p>>>>able amou...table a}
[DEBUG] sendResponse info=null content=DirectByteBuffer@58caaa66[p=0,l=30,c=32768,r=30]={<<<mount of data. \n<p>Finale.</p>>>>able amou...table a} complete=true committing=false callback=org.eclipse.jetty.server.HttpOutput$WriteCompleteCB@4fc8c123
[DEBUG] Commit failed
org.eclipse.jetty.io.EofException: null
	at org.eclipse.jetty.server.HttpConnection$SendCallback.reset(HttpConnection.java:730) [jetty-server-9.4.43.v20210629.jar:9.4.43.v20210629]
	at org.eclipse.jetty.server.HttpConnection$SendCallback.access$300(HttpConnection.java:689) [jetty-server-9.4.43.v20210629.jar:9.4.43.v20210629]
	at org.eclipse.jetty.server.HttpConnection.send(HttpConnection.java:548) [jetty-server-9.4.43.v20210629.jar:9.4.43.v20210629]
	at org.eclipse.jetty.server.HttpChannel.sendResponse(HttpChannel.java:915) [jetty-server-9.4.43.v20210629.jar:9.4.43.v20210629]
	at org.eclipse.jetty.server.HttpChannel.write(HttpChannel.java:987) [jetty-server-9.4.43.v20210629.jar:9.4.43.v20210629]
	at org.eclipse.jetty.server.HttpOutput.channelWrite(HttpOutput.java:285) [jetty-server-9.4.43.v20210629.jar:9.4.43.v20210629]
	at org.eclipse.jetty.server.HttpOutput.complete(HttpOutput.java:515) [jetty-server-9.4.43.v20210629.jar:9.4.43.v20210629]
	at org.eclipse.jetty.server.HttpWriter.complete(HttpWriter.java:53) [jetty-server-9.4.43.v20210629.jar:9.4.43.v20210629]
	at org.eclipse.jetty.server.ResponseWriter.complete(ResponseWriter.java:181) [jetty-server-9.4.43.v20210629.jar:9.4.43.v20210629]
	at org.eclipse.jetty.server.Response.completeOutput(Response.java:924) [jetty-server-9.4.43.v20210629.jar:9.4.43.v20210629]
	at org.eclipse.jetty.server.HttpChannel.handle(HttpChannel.java:538) [jetty-server-9.4.43.v20210629.jar:9.4.43.v20210629]
	at org.eclipse.jetty.server.HttpConnection.onFillable(HttpConnection.java:277) [jetty-server-9.4.43.v20210629.jar:9.4.43.v20210629]
	at org.eclipse.jetty.io.AbstractConnection$ReadCallback.succeeded(AbstractConnection.java:311) [jetty-io-9.4.43.v20210629.jar:9.4.43.v20210629]
	at org.eclipse.jetty.io.FillInterest.fillable(FillInterest.java:105) [jetty-io-9.4.43.v20210629.jar:9.4.43.v20210629]
	at org.eclipse.jetty.io.ChannelEndPoint$1.run(ChannelEndPoint.java:104) [jetty-io-9.4.43.v20210629.jar:9.4.43.v20210629]
	at org.eclipse.jetty.util.thread.strategy.EatWhatYouKill.runTask(EatWhatYouKill.java:338) [jetty-util-9.4.43.v20210629.jar:9.4.43.v20210629]
	at org.eclipse.jetty.util.thread.strategy.EatWhatYouKill.doProduce(EatWhatYouKill.java:315) [jetty-util-9.4.43.v20210629.jar:9.4.43.v20210629]
	at org.eclipse.jetty.util.thread.strategy.EatWhatYouKill.tryProduce(EatWhatYouKill.java:173) [jetty-util-9.4.43.v20210629.jar:9.4.43.v20210629]
	at org.eclipse.jetty.util.thread.strategy.EatWhatYouKill.run(EatWhatYouKill.java:131) [jetty-util-9.4.43.v20210629.jar:9.4.43.v20210629]
	at org.eclipse.jetty.util.thread.ReservedThreadExecutor$ReservedThread.run(ReservedThreadExecutor.java:386) [jetty-util-9.4.43.v20210629.jar:9.4.43.v20210629]
	at org.eclipse.jetty.util.thread.QueuedThreadPool.runJob(QueuedThreadPool.java:883) [jetty-util-9.4.43.v20210629.jar:9.4.43.v20210629]
	at org.eclipse.jetty.util.thread.QueuedThreadPool$Runner.run(QueuedThreadPool.java:1034) [jetty-util-9.4.43.v20210629.jar:9.4.43.v20210629]
	at java.lang.Thread.run(Thread.java:748) [na:1.8.0_292]
[DEBUG] onWriteComplete(true,org.eclipse.jetty.io.EofException) s=CLOSING,api=BLOCKED,sc=false,e=null->s=CLOSED,api=BLOCKING,sc=false,e=null c=null cb=org.eclipse.jetty.util.Callback$3@24d56eca w=false
[DEBUG] completed HttpChannelState@2e8f904b{s=HANDLING rs=COMPLETING os=ABORTED is=IDLE awp=false se=false i=false al=0}
[DEBUG] unhandle HttpChannelState@2e8f904b{s=HANDLING rs=COMPLETED os=ABORTED is=IDLE awp=false se=false i=false al=0}
[DEBUG] nextAction(false) TERMINATED HttpChannelState@2e8f904b{s=IDLE rs=COMPLETED os=ABORTED is=IDLE awp=false se=false i=false al=0}
[DEBUG] action TERMINATED HttpChannelOverHttp@f268a5a{s=HttpChannelState@2e8f904b{s=IDLE rs=COMPLETED os=ABORTED is=IDLE awp=false se=false i=false al=0},r=53,c=true/false,a=IDLE,uri=//localhost:38858/InterruptedServlet?magnitude=larger,age=21}
[DEBUG] onCompleted for /InterruptedServlet written=32768
[DEBUG] atEOF HttpParser{s=CONTENT,0 of -1}
[DEBUG] HttpConnection@3be4ecda::SocketChannelEndPoint@122254ce{l=0.0.0.0/0.0.0.0:38858,r=null,CLOSED,fill=-,flush=-,to=11/30000}{io=0/0,kio=-1,kro=-1}->HttpConnection@3be4ecda[p=HttpParser{s=CONTENT,0 of -1},g=HttpGenerator@af7230{s=COMMITTED}]=>HttpChannelOverHttp@f268a5a{s=HttpChannelState@2e8f904b{s=IDLE rs=COMPLETED os=ABORTED is=IDLE awp=false se=false i=false al=0},r=53,c=true/false,a=IDLE,uri=//localhost:38858/InterruptedServlet?magnitude=larger,age=21} filled -1 HeapByteBuffer@22b9b50d[p=0,l=0,c=8192,r=0]={<<<>>>HTTP/1.1 ...\x86&h\xA0{\xC1\xC2}
[DEBUG] HttpConnection@3be4ecda::SocketChannelEndPoint@122254ce{l=0.0.0.0/0.0.0.0:38858,r=null,CLOSED,fill=-,flush=-,to=11/30000}{io=0/0,kio=-1,kro=-1}->HttpConnection@3be4ecda[p=HttpParser{s=CONTENT,0 of -1},g=HttpGenerator@af7230{s=COMMITTED}]=>HttpChannelOverHttp@f268a5a{s=HttpChannelState@2e8f904b{s=IDLE rs=COMPLETED os=ABORTED is=IDLE awp=false se=false i=false al=0},r=53,c=true/false,a=IDLE,uri=//localhost:38858/InterruptedServlet?magnitude=larger,age=21} parse HeapByteBuffer@22b9b50d[p=0,l=0,c=8192,r=0]={<<<>>>HTTP/1.1 ...\x86&h\xA0{\xC1\xC2} {}
[DEBUG] parseNext s=CONTENT HeapByteBuffer@22b9b50d[p=0,l=0,c=8192,r=0]={<<<>>>HTTP/1.1 ...\x86&h\xA0{\xC1\xC2}
[DEBUG] CONTENT --> CONTENT_END
[DEBUG] onContentComplete HttpChannelOverHttp@f268a5a{s=HttpChannelState@2e8f904b{s=IDLE rs=COMPLETED os=ABORTED is=IDLE awp=false se=false i=false al=0},r=53,c=true/false,a=IDLE,uri=//localhost:38858/InterruptedServlet?magnitude=larger,age=21}
[DEBUG] CONTENT_END --> END
[DEBUG] onRequestComplete HttpChannelOverHttp@f268a5a{s=HttpChannelState@2e8f904b{s=IDLE rs=COMPLETED os=ABORTED is=IDLE awp=false se=false i=false al=0},r=53,c=true/false,a=IDLE,uri=//localhost:38858/InterruptedServlet?magnitude=larger,age=21}
[DEBUG] HttpInputOverHTTP@5e34fa8b[c=0,q=0,[0]=null,s=STREAM] addContent EOF
[DEBUG] END --> CLOSED
[DEBUG] HttpConnection@3be4ecda::SocketChannelEndPoint@122254ce{l=0.0.0.0/0.0.0.0:38858,r=null,CLOSED,fill=-,flush=-,to=11/30000}{io=0/0,kio=-1,kro=-1}->HttpConnection@3be4ecda[p=HttpParser{s=CLOSED,0 of -1},g=HttpGenerator@af7230{s=COMMITTED}]=>HttpChannelOverHttp@f268a5a{s=HttpChannelState@2e8f904b{s=IDLE rs=COMPLETED os=ABORTED is=IDLE awp=false se=false i=false al=0},r=53,c=true/false,a=IDLE,uri=//localhost:38858/InterruptedServlet?magnitude=larger,age=22} parsed false HttpParser{s=CLOSED,0 of -1}
[DEBUG] releaseRequestBuffer HttpConnection@3be4ecda::SocketChannelEndPoint@122254ce{l=0.0.0.0/0.0.0.0:38858,r=null,CLOSED,fill=-,flush=-,to=11/30000}{io=0/0,kio=-1,kro=-1}->HttpConnection@3be4ecda[p=HttpParser{s=CLOSED,0 of -1},g=HttpGenerator@af7230{s=COMMITTED}]=>HttpChannelOverHttp@f268a5a{s=HttpChannelState@2e8f904b{s=IDLE rs=COMPLETED os=ABORTED is=IDLE awp=false se=false i=false al=0},r=53,c=true/false,a=IDLE,uri=//localhost:38858/InterruptedServlet?magnitude=larger,age=22}
[DEBUG] recycle HttpChannelState@2e8f904b{s=IDLE rs=COMPLETED os=ABORTED is=IDLE awp=false se=false i=false al=0}
[DEBUG] !handle TERMINATED HttpChannelOverHttp@f268a5a{s=HttpChannelState@2e8f904b{s=IDLE rs=BLOCKING os=OPEN is=IDLE awp=false se=false i=true al=0},r=53,c=false/false,a=IDLE,uri=null,age=0}
[DEBUG] HttpConnection@3be4ecda::SocketChannelEndPoint@122254ce{l=0.0.0.0/0.0.0.0:38858,r=null,CLOSED,fill=-,flush=-,to=11/30000}{io=0/0,kio=-1,kro=-1}->HttpConnection@3be4ecda[p=HttpParser{s=CLOSED,0 of -1},g=HttpGenerator@af7230{s=START}]=>HttpChannelOverHttp@f268a5a{s=HttpChannelState@2e8f904b{s=IDLE rs=BLOCKING os=OPEN is=IDLE awp=false se=false i=true al=0},r=53,c=false/false,a=IDLE,uri=null,age=0} onFillable exit HttpChannelState@2e8f904b{s=IDLE rs=BLOCKING os=OPEN is=IDLE awp=false se=false i=true al=0} null
[DEBUG] ReservedThreadExecutor@7ec3394b{s=1/1,p=0}@35438a86 size 1 > capacity
[DEBUG] ran ReservedThreadExecutor@7ec3394b{s=1/1,p=0}@35438a86 in QueuedThreadPool[qtp487792155]@1d131e1b{STARTED,8<=9<=200,i=5,r=-1,q=0}[ReservedThreadExecutor@7ec3394b{s=1/1,p=0}]
]]></system-out>
  </testcase>
  <testcase name="requestCookiesSurviveRedirect" classname="org.jsoup.integration.ConnectTest" time="0.015">
    <system-out><![CDATA[[DEBUG] Selector sun.nio.ch.EPollSelectorImpl@54609eb7 woken up from select, 1/1/2 selected
[DEBUG] Selector sun.nio.ch.EPollSelectorImpl@54609eb7 processing 1 keys, 0 updates
[DEBUG] selected 1 sun.nio.ch.SelectionKeyImpl@7c9c8813 SocketChannelEndPoint@d47ed43{l=/127.0.0.1:38858,r=/127.0.0.1:42940,OPEN,fill=FI,flush=-,to=2417/30000}{io=1/1,kio=1,kro=1}->HttpConnection@42bd18a0[p=HttpParser{s=START,0 of -1},g=HttpGenerator@73351804{s=START}]=>HttpChannelOverHttp@380129b{s=HttpChannelState@7bf8633{s=IDLE rs=BLOCKING os=OPEN is=IDLE awp=false se=false i=true al=0},r=9,c=false/false,a=IDLE,uri=null,age=0} 
[DEBUG] onSelected 1->0 r=true w=false for SocketChannelEndPoint@d47ed43{l=/127.0.0.1:38858,r=/127.0.0.1:42940,OPEN,fill=FI,flush=-,to=2417/30000}{io=1/0,kio=1,kro=1}->HttpConnection@42bd18a0[p=HttpParser{s=START,0 of -1},g=HttpGenerator@73351804{s=START}]=>HttpChannelOverHttp@380129b{s=HttpChannelState@7bf8633{s=IDLE rs=BLOCKING os=OPEN is=IDLE awp=false se=false i=true al=0},r=9,c=false/false,a=IDLE,uri=null,age=0}
[DEBUG] task CEP:SocketChannelEndPoint@d47ed43{l=/127.0.0.1:38858,r=/127.0.0.1:42940,OPEN,fill=FI,flush=-,to=2417/30000}{io=1/0,kio=1,kro=1}->HttpConnection@42bd18a0[p=HttpParser{s=START,0 of -1},g=HttpGenerator@73351804{s=START}]=>HttpChannelOverHttp@380129b{s=HttpChannelState@7bf8633{s=IDLE rs=BLOCKING os=OPEN is=IDLE awp=false se=false i=true al=0},r=9,c=false/false,a=IDLE,uri=null,age=0}:runFillable:BLOCKING
[DEBUG] ReservedThreadExecutor@7ec3394b{s=1/1,p=0} tryExecute EatWhatYouKill@4febb875/SelectorProducer@cb191ca/PRODUCING/p=false/QueuedThreadPool[qtp487792155]@1d131e1b{STARTED,8<=9<=200,i=6,r=-1,q=0}[ReservedThreadExecutor@7ec3394b{s=1/1,p=0}][pc=0,pic=0,pec=1,epc=14]@2021-09-20T19:30:13.736Z
[DEBUG] ReservedThreadExecutor@7ec3394b{s=0/1,p=0}@284002f2 offer EatWhatYouKill@4febb875/SelectorProducer@cb191ca/PRODUCING/p=false/QueuedThreadPool[qtp487792155]@1d131e1b{STARTED,8<=9<=200,i=6,r=-1,q=0}[ReservedThreadExecutor@7ec3394b{s=0/1,p=0}][pc=0,pic=0,pec=1,epc=14]@2021-09-20T19:30:13.736Z
[DEBUG] ReservedThreadExecutor@7ec3394b{s=0/1,p=1} startReservedThread p=1
[DEBUG] queue ReservedThreadExecutor@7ec3394b{s=0/1,p=1}@6a8ab5b3 startThread=0
[DEBUG] EatWhatYouKill@4febb875/SelectorProducer@cb191ca/IDLE/p=true/QueuedThreadPool[qtp487792155]@1d131e1b{STARTED,8<=9<=200,i=5,r=-1,q=0}[ReservedThreadExecutor@7ec3394b{s=0/1,p=1}][pc=0,pic=0,pec=1,epc=14]@2021-09-20T19:30:13.737Z m=EXECUTE_PRODUCE_CONSUME t=CEP:SocketChannelEndPoint@d47ed43{l=/127.0.0.1:38858,r=/127.0.0.1:42940,OPEN,fill=FI,flush=-,to=2418/30000}{io=1/0,kio=1,kro=1}->HttpConnection@42bd18a0[p=HttpParser{s=START,0 of -1},g=HttpGenerator@73351804{s=START}]=>HttpChannelOverHttp@380129b{s=HttpChannelState@7bf8633{s=IDLE rs=BLOCKING os=OPEN is=IDLE awp=false se=false i=true al=0},r=9,c=false/false,a=IDLE,uri=null,age=0}:runFillable:BLOCKING/BLOCKING
[DEBUG] fillable FillInterest@8c0864f{AC.ReadCB@42bd18a0{HttpConnection@42bd18a0::SocketChannelEndPoint@d47ed43{l=/127.0.0.1:38858,r=/127.0.0.1:42940,OPEN,fill=FI,flush=-,to=2418/30000}{io=1/0,kio=1,kro=1}->HttpConnection@42bd18a0[p=HttpParser{s=START,0 of -1},g=HttpGenerator@73351804{s=START}]=>HttpChannelOverHttp@380129b{s=HttpChannelState@7bf8633{s=IDLE rs=BLOCKING os=OPEN is=IDLE awp=false se=false i=true al=0},r=9,c=false/false,a=IDLE,uri=null,age=0}}}
[DEBUG] HttpConnection@42bd18a0::SocketChannelEndPoint@d47ed43{l=/127.0.0.1:38858,r=/127.0.0.1:42940,OPEN,fill=-,flush=-,to=2418/30000}{io=1/0,kio=1,kro=1}->HttpConnection@42bd18a0[p=HttpParser{s=START,0 of -1},g=HttpGenerator@73351804{s=START}]=>HttpChannelOverHttp@380129b{s=HttpChannelState@7bf8633{s=IDLE rs=BLOCKING os=OPEN is=IDLE awp=false se=false i=true al=0},r=9,c=false/false,a=IDLE,uri=null,age=0} onFillable enter HttpChannelState@7bf8633{s=IDLE rs=BLOCKING os=OPEN is=IDLE awp=false se=false i=true al=0} null
[DEBUG] filled 381 HeapByteBuffer@78a30358[p=0,l=381,c=8192,r=381]={<<<GET /RedirectServlet?loc=...nection: keep-alive\r\n\r\n>>>, */*; q=...\xCe\x1f\xAf\xC2\x8d\xCey}
[DEBUG] HttpConnection@42bd18a0::SocketChannelEndPoint@d47ed43{l=/127.0.0.1:38858,r=/127.0.0.1:42940,OPEN,fill=-,flush=-,to=0/30000}{io=1/0,kio=1,kro=1}->HttpConnection@42bd18a0[p=HttpParser{s=START,0 of -1},g=HttpGenerator@73351804{s=START}]=>HttpChannelOverHttp@380129b{s=HttpChannelState@7bf8633{s=IDLE rs=BLOCKING os=OPEN is=IDLE awp=false se=false i=true al=0},r=9,c=false/false,a=IDLE,uri=null,age=0} filled 381 HeapByteBuffer@78a30358[p=0,l=381,c=8192,r=381]={<<<GET /RedirectServlet?loc=...nection: keep-alive\r\n\r\n>>>, */*; q=...\xCe\x1f\xAf\xC2\x8d\xCey}
[DEBUG] HttpConnection@42bd18a0::SocketChannelEndPoint@d47ed43{l=/127.0.0.1:38858,r=/127.0.0.1:42940,OPEN,fill=-,flush=-,to=0/30000}{io=1/0,kio=1,kro=1}->HttpConnection@42bd18a0[p=HttpParser{s=START,0 of -1},g=HttpGenerator@73351804{s=START}]=>HttpChannelOverHttp@380129b{s=HttpChannelState@7bf8633{s=IDLE rs=BLOCKING os=OPEN is=IDLE awp=false se=false i=true al=0},r=9,c=false/false,a=IDLE,uri=null,age=0} parse HeapByteBuffer@78a30358[p=0,l=381,c=8192,r=381]={<<<GET /RedirectServlet?loc=...nection: keep-alive\r\n\r\n>>>, */*; q=...\xCe\x1f\xAf\xC2\x8d\xCey} {}
[DEBUG] parseNext s=START HeapByteBuffer@78a30358[p=0,l=381,c=8192,r=381]={<<<GET /RedirectServlet?loc=...nection: keep-alive\r\n\r\n>>>, */*; q=...\xCe\x1f\xAf\xC2\x8d\xCey}
[DEBUG] START --> SPACE1
[DEBUG] SPACE1 --> URI
[DEBUG] URI --> SPACE2
[DEBUG] SPACE2 --> REQUEST_VERSION
[DEBUG] REQUEST_VERSION --> HEADER
[DEBUG] HEADER:Cookie --> VALUE
[DEBUG] HEADER:Cookie --> IN_VALUE
[DEBUG] HEADER:Cookie --> FIELD
[DEBUG] HEADER:Accept-Encoding: gzip --> IN_VALUE
[DEBUG] HEADER:Accept-Encoding: gzip --> FIELD
[DEBUG] HEADER:User-Agent: Mozilla/5.0 (Windows NT 10.0; Win64; x64) AppleWebKit/537.36 (KHTML, like Gecko) Chrome/79.0.3945.130 Safari/537.36 --> IN_VALUE
[DEBUG] HEADER:User-Agent: Mozilla/5.0 (Windows NT 10.0; Win64; x64) AppleWebKit/537.36 (KHTML, like Gecko) Chrome/79.0.3945.130 Safari/537.36 --> FIELD
[DEBUG] HEADER:Host: localhost:38858 --> IN_VALUE
[DEBUG] HEADER:Host: localhost:38858 --> FIELD
[DEBUG] HEADER:Accept: text/html, image/gif, image/jpeg, *; q=.2, */*; q=.2 --> IN_VALUE
[DEBUG] HEADER:Accept: text/html, image/gif, image/jpeg, *; q=.2, */*; q=.2 --> FIELD
[DEBUG] HEADER:Connection: keep-alive --> IN_VALUE
[DEBUG] HEADER:Connection: keep-alive --> FIELD
[DEBUG] HEADER --> CONTENT
[DEBUG] REQUEST for //localhost:38858/RedirectServlet?loc=http%3A%2F%2Flocalhost%3A38858%2FEchoServlet on HttpChannelOverHttp@380129b{s=HttpChannelState@7bf8633{s=IDLE rs=BLOCKING os=OPEN is=IDLE awp=false se=false i=true al=0},r=10,c=false/false,a=IDLE,uri=//localhost:38858/RedirectServlet?loc=http%3A%2F%2Flocalhost%3A38858%2FEchoServlet,age=0}
GET //localhost:38858/RedirectServlet?loc=http%3A%2F%2Flocalhost%3A38858%2FEchoServlet HTTP/1.1
Cookie: LetMeIn=True; DoesItWork=Yes
Accept-Encoding: gzip
User-Agent: Mozilla/5.0 (Windows NT 10.0; Win64; x64) AppleWebKit/537.36 (KHTML, like Gecko) Chrome/79.0.3945.130 Safari/537.36
Host: localhost:38858
Accept: text/html, image/gif, image/jpeg, *; q=.2, */*; q=.2
Connection: keep-alive


[DEBUG] HttpConnection@42bd18a0::SocketChannelEndPoint@d47ed43{l=/127.0.0.1:38858,r=/127.0.0.1:42940,OPEN,fill=-,flush=-,to=0/30000}{io=1/0,kio=1,kro=1}->HttpConnection@42bd18a0[p=HttpParser{s=CONTENT,0 of -1},g=HttpGenerator@73351804{s=START}]=>HttpChannelOverHttp@380129b{s=HttpChannelState@7bf8633{s=IDLE rs=BLOCKING os=OPEN is=IDLE awp=false se=false i=true al=0},r=10,c=false/false,a=IDLE,uri=//localhost:38858/RedirectServlet?loc=http%3A%2F%2Flocalhost%3A38858%2FEchoServlet,age=0} parsed true HttpParser{s=CONTENT,0 of -1}
[DEBUG] releaseRequestBuffer HttpConnection@42bd18a0::SocketChannelEndPoint@d47ed43{l=/127.0.0.1:38858,r=/127.0.0.1:42940,OPEN,fill=-,flush=-,to=0/30000}{io=1/0,kio=1,kro=1}->HttpConnection@42bd18a0[p=HttpParser{s=CONTENT,0 of -1},g=HttpGenerator@73351804{s=START}]=>HttpChannelOverHttp@380129b{s=HttpChannelState@7bf8633{s=IDLE rs=BLOCKING os=OPEN is=IDLE awp=false se=false i=true al=0},r=10,c=false/false,a=IDLE,uri=//localhost:38858/RedirectServlet?loc=http%3A%2F%2Flocalhost%3A38858%2FEchoServlet,age=1}
[DEBUG] handle //localhost:38858/RedirectServlet?loc=http%3A%2F%2Flocalhost%3A38858%2FEchoServlet HttpChannelOverHttp@380129b{s=HttpChannelState@7bf8633{s=IDLE rs=BLOCKING os=OPEN is=IDLE awp=false se=false i=true al=0},r=10,c=false/false,a=IDLE,uri=//localhost:38858/RedirectServlet?loc=http%3A%2F%2Flocalhost%3A38858%2FEchoServlet,age=1} 
[DEBUG] handling HttpChannelState@7bf8633{s=IDLE rs=BLOCKING os=OPEN is=IDLE awp=false se=false i=true al=0}
[DEBUG] action DISPATCH HttpChannelOverHttp@380129b{s=HttpChannelState@7bf8633{s=HANDLING rs=BLOCKING os=OPEN is=IDLE awp=false se=false i=true al=0},r=10,c=false/false,a=HANDLING,uri=//localhost:38858/RedirectServlet?loc=http%3A%2F%2Flocalhost%3A38858%2FEchoServlet,age=1}
[DEBUG] REQUEST GET /RedirectServlet on HttpChannelOverHttp@380129b{s=HttpChannelState@7bf8633{s=HANDLING rs=BLOCKING os=OPEN is=IDLE awp=false se=false i=true al=0},r=10,c=false/false,a=HANDLING,uri=//localhost:38858/RedirectServlet?loc=http%3A%2F%2Flocalhost%3A38858%2FEchoServlet,age=1}
[DEBUG] servlet null|/RedirectServlet|null -> org.jsoup.integration.servlets.RedirectServlet-56febdc==org.jsoup.integration.servlets.RedirectServlet@decc268e{jsp=null,order=-1,inst=true,async=true,src=EMBEDDED:null,STARTED}
[DEBUG] chain=null
[DEBUG] handled=true async=false committed=false on HttpChannelOverHttp@380129b{s=HttpChannelState@7bf8633{s=HANDLING rs=BLOCKING os=OPEN is=IDLE awp=false se=false i=true al=0},r=10,c=false/false,a=HANDLING,uri=//localhost:38858/RedirectServlet?loc=http%3A%2F%2Flocalhost%3A38858%2FEchoServlet,age=1}
[DEBUG] unhandle HttpChannelState@7bf8633{s=HANDLING rs=BLOCKING os=OPEN is=IDLE awp=false se=false i=true al=0}
[DEBUG] nextAction(false) COMPLETE HttpChannelState@7bf8633{s=HANDLING rs=COMPLETING os=OPEN is=IDLE awp=false se=false i=false al=0}
[DEBUG] action COMPLETE HttpChannelOverHttp@380129b{s=HttpChannelState@7bf8633{s=HANDLING rs=COMPLETING os=OPEN is=IDLE awp=false se=false i=false al=0},r=10,c=false/false,a=HANDLING,uri=//localhost:38858/RedirectServlet?loc=http%3A%2F%2Flocalhost%3A38858%2FEchoServlet,age=1}
[DEBUG] filled 0 HeapByteBuffer@41e05b38[p=0,l=0,c=8192,r=0]={<<<>>>HTTP/1.1 ...\x00\x00\x00\x00\x00\x00\x00}
[DEBUG] filled 0 HeapByteBuffer@41e05b38[p=0,l=0,c=8192,r=0]={<<<>>>HTTP/1.1 ...\x00\x00\x00\x00\x00\x00\x00}
[DEBUG] HttpConnection@42bd18a0::SocketChannelEndPoint@d47ed43{l=/127.0.0.1:38858,r=/127.0.0.1:42940,OPEN,fill=-,flush=-,to=1/30000}{io=1/0,kio=1,kro=1}->HttpConnection@42bd18a0[p=HttpParser{s=CONTENT,0 of -1},g=HttpGenerator@73351804{s=START}]=>HttpChannelOverHttp@380129b{s=HttpChannelState@7bf8633{s=HANDLING rs=COMPLETING os=OPEN is=IDLE awp=false se=false i=false al=0},r=10,c=false/false,a=HANDLING,uri=//localhost:38858/RedirectServlet?loc=http%3A%2F%2Flocalhost%3A38858%2FEchoServlet,age=1} filled 0 HeapByteBuffer@41e05b38[p=0,l=0,c=8192,r=0]={<<<>>>HTTP/1.1 ...\x00\x00\x00\x00\x00\x00\x00}
[DEBUG] HttpConnection@42bd18a0::SocketChannelEndPoint@d47ed43{l=/127.0.0.1:38858,r=/127.0.0.1:42940,OPEN,fill=-,flush=-,to=1/30000}{io=1/0,kio=1,kro=1}->HttpConnection@42bd18a0[p=HttpParser{s=CONTENT,0 of -1},g=HttpGenerator@73351804{s=START}]=>HttpChannelOverHttp@380129b{s=HttpChannelState@7bf8633{s=HANDLING rs=COMPLETING os=OPEN is=IDLE awp=false se=false i=false al=0},r=10,c=false/false,a=HANDLING,uri=//localhost:38858/RedirectServlet?loc=http%3A%2F%2Flocalhost%3A38858%2FEchoServlet,age=1} parse HeapByteBuffer@41e05b38[p=0,l=0,c=8192,r=0]={<<<>>>HTTP/1.1 ...\x00\x00\x00\x00\x00\x00\x00} {}
[DEBUG] parseNext s=CONTENT HeapByteBuffer@41e05b38[p=0,l=0,c=8192,r=0]={<<<>>>HTTP/1.1 ...\x00\x00\x00\x00\x00\x00\x00}
[DEBUG] CONTENT --> CONTENT_END
[DEBUG] onContentComplete HttpChannelOverHttp@380129b{s=HttpChannelState@7bf8633{s=HANDLING rs=COMPLETING os=OPEN is=IDLE awp=false se=false i=false al=0},r=10,c=false/false,a=HANDLING,uri=//localhost:38858/RedirectServlet?loc=http%3A%2F%2Flocalhost%3A38858%2FEchoServlet,age=1}
[DEBUG] CONTENT_END --> END
[DEBUG] onRequestComplete HttpChannelOverHttp@380129b{s=HttpChannelState@7bf8633{s=HANDLING rs=COMPLETING os=OPEN is=IDLE awp=false se=false i=false al=0},r=10,c=false/false,a=HANDLING,uri=//localhost:38858/RedirectServlet?loc=http%3A%2F%2Flocalhost%3A38858%2FEchoServlet,age=1}
[DEBUG] HttpInputOverHTTP@8cf6f52[c=0,q=0,[0]=null,s=STREAM] addContent EOF
[DEBUG] HttpConnection@42bd18a0::SocketChannelEndPoint@d47ed43{l=/127.0.0.1:38858,r=/127.0.0.1:42940,OPEN,fill=-,flush=-,to=1/30000}{io=1/0,kio=1,kro=1}->HttpConnection@42bd18a0[p=HttpParser{s=END,0 of -1},g=HttpGenerator@73351804{s=START}]=>HttpChannelOverHttp@380129b{s=HttpChannelState@7bf8633{s=HANDLING rs=COMPLETING os=OPEN is=IDLE awp=false se=false i=false al=0},r=10,c=false/false,a=HANDLING,uri=//localhost:38858/RedirectServlet?loc=http%3A%2F%2Flocalhost%3A38858%2FEchoServlet,age=1} parsed false HttpParser{s=END,0 of -1}
[DEBUG] releaseRequestBuffer HttpConnection@42bd18a0::SocketChannelEndPoint@d47ed43{l=/127.0.0.1:38858,r=/127.0.0.1:42940,OPEN,fill=-,flush=-,to=1/30000}{io=1/0,kio=1,kro=1}->HttpConnection@42bd18a0[p=HttpParser{s=END,0 of -1},g=HttpGenerator@73351804{s=START}]=>HttpChannelOverHttp@380129b{s=HttpChannelState@7bf8633{s=HANDLING rs=COMPLETING os=OPEN is=IDLE awp=false se=false i=false al=0},r=10,c=false/false,a=HANDLING,uri=//localhost:38858/RedirectServlet?loc=http%3A%2F%2Flocalhost%3A38858%2FEchoServlet,age=1}
[DEBUG] ReservedThreadExecutor@7ec3394b{s=0/1,p=1}@284002f2 task=EatWhatYouKill@4febb875/SelectorProducer@cb191ca/IDLE/p=true/QueuedThreadPool[qtp487792155]@1d131e1b{STARTED,8<=9<=200,i=5,r=-1,q=0}[ReservedThreadExecutor@7ec3394b{s=0/1,p=1}][pc=0,pic=0,pec=1,epc=15]@2021-09-20T19:30:13.739Z
[DEBUG] EatWhatYouKill@4febb875/SelectorProducer@cb191ca/IDLE/p=true/QueuedThreadPool[qtp487792155]@1d131e1b{STARTED,8<=9<=200,i=5,r=-1,q=0}[ReservedThreadExecutor@7ec3394b{s=0/1,p=1}][pc=0,pic=0,pec=1,epc=15]@2021-09-20T19:30:13.739Z tryProduce true
[DEBUG] updateable 0
[DEBUG] updates 0
[DEBUG] Key interests updated 1 -> 0 on SocketChannelEndPoint@d47ed43{l=/127.0.0.1:38858,r=/127.0.0.1:42940,OPEN,fill=-,flush=-,to=1/30000}{io=0/0,kio=0,kro=1}->HttpConnection@42bd18a0[p=HttpParser{s=END,0 of -1},g=HttpGenerator@73351804{s=START}]=>HttpChannelOverHttp@380129b{s=HttpChannelState@7bf8633{s=HANDLING rs=COMPLETING os=OPEN is=IDLE awp=false se=false i=false al=0},r=10,c=false/false,a=HANDLING,uri=//localhost:38858/RedirectServlet?loc=http%3A%2F%2Flocalhost%3A38858%2FEchoServlet,age=2}
[DEBUG] Selector sun.nio.ch.EPollSelectorImpl@54609eb7 waiting with 2 keys
[DEBUG] run ReservedThreadExecutor@7ec3394b{s=0/1,p=1}@6a8ab5b3 in QueuedThreadPool[qtp487792155]@1d131e1b{STARTED,8<=9<=200,i=5,r=-1,q=0}[ReservedThreadExecutor@7ec3394b{s=0/1,p=1}]
[DEBUG] ReservedThreadExecutor@7ec3394b{s=1/1,p=1}@6a8ab5b3 started
[DEBUG] ReservedThreadExecutor@7ec3394b{s=1/1,p=0}@6a8ab5b3 waiting
[DEBUG] complete(org.eclipse.jetty.util.Callback$3@1aaab235) s=CLOSING,api=BLOCKED,sc=false,e=null s=false e=null, c=HeapByteBuffer@11848662[p=0,l=0,c=0,r=0]={<<<>>>}
[DEBUG] sendResponse info=null content=HeapByteBuffer@11848662[p=0,l=0,c=0,r=0]={<<<>>>} complete=true committing=true callback=org.eclipse.jetty.server.HttpOutput$WriteCompleteCB@3f2f839c
[DEBUG] COMMIT for /RedirectServlet on HttpChannelOverHttp@380129b{s=HttpChannelState@7bf8633{s=HANDLING rs=COMPLETING os=COMMITTED is=IDLE awp=false se=false i=false al=0},r=10,c=false/false,a=HANDLING,uri=//localhost:38858/RedirectServlet?loc=http%3A%2F%2Flocalhost%3A38858%2FEchoServlet,age=3}
302 null HTTP/1.1
Date: Mon, 20 Sep 2021 19:30:13 GMT
Location: http://localhost:38858/EchoServlet


[DEBUG] generate: NEED_HEADER for SendCallback@5f75d958[PROCESSING][i=HTTP/1.1{s=302,h=2,cl=-1},cb=org.eclipse.jetty.server.HttpChannel$SendCallback@c21d3ed] (null,[p=0,l=0,c=0,r=0],true)@START
[DEBUG] generateHeaders HTTP/1.1{s=302,h=2,cl=-1} last=true content=HeapByteBuffer@11848662[p=0,l=0,c=0,r=0]={<<<>>>}
[DEBUG] Date: Mon, 20 Sep 2021 19:30:13 GMT
Location: http://localhost:38858/EchoServlet


[DEBUG] CONTENT_LENGTH
[DEBUG] generate: FLUSH for SendCallback@5f75d958[PROCESSING][i=HTTP/1.1{s=302,h=2,cl=-1},cb=org.eclipse.jetty.server.HttpChannel$SendCallback@c21d3ed] ([p=0,l=157,c=8192,r=157],[p=0,l=0,c=0,r=0],true)@COMPLETING
[DEBUG] write: WriteFlusher@21254e7e{IDLE}->null [HeapByteBuffer@22b9b50d[p=0,l=157,c=8192,r=157]={<<<HTTP/1.1 302 Found\r\nDate:...y(9.4.43.v20210629)\r\n\r\n>>>: 902\r\nSe...\x86&h\xA0{\xC1\xC2}]
[DEBUG] update WriteFlusher@21254e7e{WRITING}->null:IDLE-->WRITING
[DEBUG] flushed 157 SocketChannelEndPoint@d47ed43{l=/127.0.0.1:38858,r=/127.0.0.1:42940,OPEN,fill=-,flush=W,to=3/30000}{io=0/0,kio=0,kro=1}->HttpConnection@42bd18a0[p=HttpParser{s=END,0 of -1},g=HttpGenerator@73351804{s=COMPLETING}]=>HttpChannelOverHttp@380129b{s=HttpChannelState@7bf8633{s=HANDLING rs=COMPLETING os=COMMITTED is=IDLE awp=false se=false i=false al=0},r=10,c=false/false,a=HANDLING,uri=//localhost:38858/RedirectServlet?loc=http%3A%2F%2Flocalhost%3A38858%2FEchoServlet,age=4}
[DEBUG] Flushed=true written=157 remaining=0 WriteFlusher@21254e7e{WRITING}->null
[DEBUG] update WriteFlusher@21254e7e{IDLE}->null:WRITING-->IDLE
[DEBUG] generate: DONE for SendCallback@5f75d958[PROCESSING][i=HTTP/1.1{s=302,h=2,cl=-1},cb=org.eclipse.jetty.server.HttpChannel$SendCallback@c21d3ed] ([p=157,l=157,c=8192,r=0],[p=0,l=0,c=0,r=0],true)@END
[DEBUG] onWriteComplete(true,null) s=CLOSING,api=BLOCKED,sc=false,e=null->s=CLOSED,api=BLOCKING,sc=false,e=null c=null cb=org.eclipse.jetty.util.Callback$3@1aaab235 w=false
[DEBUG] completed HttpChannelState@7bf8633{s=HANDLING rs=COMPLETING os=COMPLETED is=IDLE awp=false se=false i=false al=0}
[DEBUG] unhandle HttpChannelState@7bf8633{s=HANDLING rs=COMPLETED os=COMPLETED is=IDLE awp=false se=false i=false al=0}
[DEBUG] nextAction(false) TERMINATED HttpChannelState@7bf8633{s=IDLE rs=COMPLETED os=COMPLETED is=IDLE awp=false se=false i=false al=0}
[DEBUG] action TERMINATED HttpChannelOverHttp@380129b{s=HttpChannelState@7bf8633{s=IDLE rs=COMPLETED os=COMPLETED is=IDLE awp=false se=false i=false al=0},r=10,c=true/true,a=IDLE,uri=//localhost:38858/RedirectServlet?loc=http%3A%2F%2Flocalhost%3A38858%2FEchoServlet,age=4}
[DEBUG] onCompleted for /RedirectServlet written=0
[DEBUG] recycle HttpChannelState@7bf8633{s=IDLE rs=COMPLETED os=COMPLETED is=IDLE awp=false se=false i=false al=0}
[DEBUG] reset HttpParser{s=END,0 of -1}
[DEBUG] END --> START
[DEBUG] !handle TERMINATED HttpChannelOverHttp@380129b{s=HttpChannelState@7bf8633{s=IDLE rs=BLOCKING os=OPEN is=IDLE awp=false se=false i=true al=0},r=10,c=false/false,a=IDLE,uri=null,age=0}
[DEBUG] filled 328 HeapByteBuffer@78a30358[p=0,l=328,c=8192,r=328]={<<<GET /EchoServlet HTTP/1.1...nection: keep-alive\r\n\r\n>>>/jpeg, *;...\xCe\x1f\xAf\xC2\x8d\xCey}
[DEBUG] HttpConnection@42bd18a0::SocketChannelEndPoint@d47ed43{l=/127.0.0.1:38858,r=/127.0.0.1:42940,OPEN,fill=-,flush=-,to=0/30000}{io=0/0,kio=0,kro=1}->HttpConnection@42bd18a0[p=HttpParser{s=START,0 of -1},g=HttpGenerator@73351804{s=START}]=>HttpChannelOverHttp@380129b{s=HttpChannelState@7bf8633{s=IDLE rs=BLOCKING os=OPEN is=IDLE awp=false se=false i=true al=0},r=10,c=false/false,a=IDLE,uri=null,age=0} filled 328 HeapByteBuffer@78a30358[p=0,l=328,c=8192,r=328]={<<<GET /EchoServlet HTTP/1.1...nection: keep-alive\r\n\r\n>>>/jpeg, *;...\xCe\x1f\xAf\xC2\x8d\xCey}
[DEBUG] HttpConnection@42bd18a0::SocketChannelEndPoint@d47ed43{l=/127.0.0.1:38858,r=/127.0.0.1:42940,OPEN,fill=-,flush=-,to=0/30000}{io=0/0,kio=0,kro=1}->HttpConnection@42bd18a0[p=HttpParser{s=START,0 of -1},g=HttpGenerator@73351804{s=START}]=>HttpChannelOverHttp@380129b{s=HttpChannelState@7bf8633{s=IDLE rs=BLOCKING os=OPEN is=IDLE awp=false se=false i=true al=0},r=10,c=false/false,a=IDLE,uri=null,age=0} parse HeapByteBuffer@78a30358[p=0,l=328,c=8192,r=328]={<<<GET /EchoServlet HTTP/1.1...nection: keep-alive\r\n\r\n>>>/jpeg, *;...\xCe\x1f\xAf\xC2\x8d\xCey} {}
[DEBUG] parseNext s=START HeapByteBuffer@78a30358[p=0,l=328,c=8192,r=328]={<<<GET /EchoServlet HTTP/1.1...nection: keep-alive\r\n\r\n>>>/jpeg, *;...\xCe\x1f\xAf\xC2\x8d\xCey}
[DEBUG] START --> SPACE1
[DEBUG] SPACE1 --> URI
[DEBUG] URI --> SPACE2
[DEBUG] SPACE2 --> REQUEST_VERSION
[DEBUG] REQUEST_VERSION --> HEADER
[DEBUG] HEADER:Cookie: LetMeIn=True; DoesItWork=Yes --> IN_VALUE
[DEBUG] HEADER:Cookie: LetMeIn=True; DoesItWork=Yes --> FIELD
[DEBUG] HEADER:Accept-Encoding: gzip --> IN_VALUE
[DEBUG] HEADER:Accept-Encoding: gzip --> FIELD
[DEBUG] HEADER:User-Agent: Mozilla/5.0 (Windows NT 10.0; Win64; x64) AppleWebKit/537.36 (KHTML, like Gecko) Chrome/79.0.3945.130 Safari/537.36 --> IN_VALUE
[DEBUG] HEADER:User-Agent: Mozilla/5.0 (Windows NT 10.0; Win64; x64) AppleWebKit/537.36 (KHTML, like Gecko) Chrome/79.0.3945.130 Safari/537.36 --> FIELD
[DEBUG] HEADER:Host: localhost:38858 --> IN_VALUE
[DEBUG] HEADER:Host: localhost:38858 --> FIELD
[DEBUG] HEADER:Accept: text/html, image/gif, image/jpeg, *; q=.2, */*; q=.2 --> IN_VALUE
[DEBUG] HEADER:Accept: text/html, image/gif, image/jpeg, *; q=.2, */*; q=.2 --> FIELD
[DEBUG] HEADER:Connection: keep-alive --> IN_VALUE
[DEBUG] HEADER:Connection: keep-alive --> FIELD
[DEBUG] HEADER --> CONTENT
[DEBUG] REQUEST for //localhost:38858/EchoServlet on HttpChannelOverHttp@380129b{s=HttpChannelState@7bf8633{s=IDLE rs=BLOCKING os=OPEN is=IDLE awp=false se=false i=true al=0},r=11,c=false/false,a=IDLE,uri=//localhost:38858/EchoServlet,age=0}
GET //localhost:38858/EchoServlet HTTP/1.1
Cookie: LetMeIn=True; DoesItWork=Yes
Accept-Encoding: gzip
User-Agent: Mozilla/5.0 (Windows NT 10.0; Win64; x64) AppleWebKit/537.36 (KHTML, like Gecko) Chrome/79.0.3945.130 Safari/537.36
Host: localhost:38858
Accept: text/html, image/gif, image/jpeg, *; q=.2, */*; q=.2
Connection: keep-alive


[DEBUG] HttpConnection@42bd18a0::SocketChannelEndPoint@d47ed43{l=/127.0.0.1:38858,r=/127.0.0.1:42940,OPEN,fill=-,flush=-,to=2/30000}{io=0/0,kio=0,kro=1}->HttpConnection@42bd18a0[p=HttpParser{s=CONTENT,0 of -1},g=HttpGenerator@73351804{s=START}]=>HttpChannelOverHttp@380129b{s=HttpChannelState@7bf8633{s=IDLE rs=BLOCKING os=OPEN is=IDLE awp=false se=false i=true al=0},r=11,c=false/false,a=IDLE,uri=//localhost:38858/EchoServlet,age=0} parsed true HttpParser{s=CONTENT,0 of -1}
[DEBUG] releaseRequestBuffer HttpConnection@42bd18a0::SocketChannelEndPoint@d47ed43{l=/127.0.0.1:38858,r=/127.0.0.1:42940,OPEN,fill=-,flush=-,to=2/30000}{io=0/0,kio=0,kro=1}->HttpConnection@42bd18a0[p=HttpParser{s=CONTENT,0 of -1},g=HttpGenerator@73351804{s=START}]=>HttpChannelOverHttp@380129b{s=HttpChannelState@7bf8633{s=IDLE rs=BLOCKING os=OPEN is=IDLE awp=false se=false i=true al=0},r=11,c=false/false,a=IDLE,uri=//localhost:38858/EchoServlet,age=0}
[DEBUG] handle //localhost:38858/EchoServlet HttpChannelOverHttp@380129b{s=HttpChannelState@7bf8633{s=IDLE rs=BLOCKING os=OPEN is=IDLE awp=false se=false i=true al=0},r=11,c=false/false,a=IDLE,uri=//localhost:38858/EchoServlet,age=0} 
[DEBUG] handling HttpChannelState@7bf8633{s=IDLE rs=BLOCKING os=OPEN is=IDLE awp=false se=false i=true al=0}
[DEBUG] action DISPATCH HttpChannelOverHttp@380129b{s=HttpChannelState@7bf8633{s=HANDLING rs=BLOCKING os=OPEN is=IDLE awp=false se=false i=true al=0},r=11,c=false/false,a=HANDLING,uri=//localhost:38858/EchoServlet,age=3}
[DEBUG] REQUEST GET /EchoServlet on HttpChannelOverHttp@380129b{s=HttpChannelState@7bf8633{s=HANDLING rs=BLOCKING os=OPEN is=IDLE awp=false se=false i=true al=0},r=11,c=false/false,a=HANDLING,uri=//localhost:38858/EchoServlet,age=3}
[DEBUG] servlet null|/EchoServlet|null -> org.jsoup.integration.servlets.EchoServlet-422c3c7a==org.jsoup.integration.servlets.EchoServlet@66e2fba5{jsp=null,order=-1,inst=true,async=true,src=EMBEDDED:null,STARTED}
[DEBUG] chain=null
[DEBUG] write(array HeapByteBuffer@3339c8f7[p=0,l=235,c=512,r=235]={<<<<title>Webserver Environm...\n    <table border="0">>>>\x00\x00\x00\x00\x00\x00\x00\x00\x00...\x00\x00\x00\x00\x00\x00\x00})
[DEBUG] write(array) s=OPEN,api=BLOCKING,sc=false,e=null aggregated !flush DirectByteBuffer@1492b79c[p=0,l=235,c=32768,r=235]={<<<<title>Webserver Environm...\n    <table border="0">>>><tr><th>M...gue. Pr}
[DEBUG] write(array HeapByteBuffer@7c4dffbf[p=0,l=36,c=512,r=36]={<<<<tr><th>Method</th><td>GET</td></tr>>>>es</title...\x00\x00\x00\x00\x00\x00\x00})
[DEBUG] write(array) s=OPEN,api=BLOCKING,sc=false,e=null aggregated !flush DirectByteBuffer@1492b79c[p=0,l=271,c=32768,r=271]={<<<<title>Webserver Environm...d</th><td>GET</td></tr>>>>\n<tr><th>...gue. Pr}
[DEBUG] write(array HeapByteBuffer@3fbdb0c9[p=0,l=1,c=512,r=1]={<<<\n>>>tr><th>Me...\x00\x00\x00\x00\x00\x00\x00})
[DEBUG] write(array) s=OPEN,api=BLOCKING,sc=false,e=null aggregated !flush DirectByteBuffer@1492b79c[p=0,l=272,c=32768,r=272]={<<<<title>Webserver Environm...</th><td>GET</td></tr>\n>>><tr><th>R...gue. Pr}
[DEBUG] write(array HeapByteBuffer@3d81b268[p=0,l=50,c=512,r=50]={<<<<tr><th>Request URI</th><...>/EchoServlet</td></tr>>>> <style t...\x00\x00\x00\x00\x00\x00\x00})
[DEBUG] write(array) s=OPEN,api=BLOCKING,sc=false,e=null aggregated !flush DirectByteBuffer@1492b79c[p=0,l=322,c=32768,r=322]={<<<<title>Webserver Environm...>/EchoServlet</td></tr>>>>\n<tr><th>...gue. Pr}
[DEBUG] write(array HeapByteBuffer@4082ab5f[p=0,l=1,c=512,r=1]={<<<\n>>>tr><th>Re...\x00\x00\x00\x00\x00\x00\x00})
[DEBUG] write(array) s=OPEN,api=BLOCKING,sc=false,e=null aggregated !flush DirectByteBuffer@1492b79c[p=0,l=323,c=32768,r=323]={<<<<title>Webserver Environm.../EchoServlet</td></tr>\n>>><tr><th>Q...gue. Pr}
[DEBUG] write(array HeapByteBuffer@53a104f7[p=0,l=39,c=512,r=39]={<<<<tr><th>Query String</th><td></td></tr>>>>t</td></t...\x00\x00\x00\x00\x00\x00\x00})
[DEBUG] write(array) s=OPEN,api=BLOCKING,sc=false,e=null aggregated !flush DirectByteBuffer@1492b79c[p=0,l=362,c=32768,r=362]={<<<<title>Webserver Environm...ring</th><td></td></tr>>>>\n<tr><th>...gue. Pr}
[DEBUG] write(array HeapByteBuffer@148cdb2[p=0,l=1,c=512,r=1]={<<<\n>>>tr><th>Qu...\x00\x00\x00\x00\x00\x00\x00})
[DEBUG] write(array) s=OPEN,api=BLOCKING,sc=false,e=null aggregated !flush DirectByteBuffer@1492b79c[p=0,l=363,c=32768,r=363]={<<<<title>Webserver Environm...ing</th><td></td></tr>\n>>><tr><th>A...gue. Pr}
[DEBUG] write(array HeapByteBuffer@31ea3d01[p=0,l=61,c=512,r=61]={<<<<tr><th>Cookie</th><td>Le...oesItWork=Yes</td></tr>>>>e="text/c...\x00\x00\x00\x00\x00\x00\x00})
[DEBUG] write(array) s=OPEN,api=BLOCKING,sc=false,e=null aggregated !flush DirectByteBuffer@1492b79c[p=0,l=424,c=32768,r=424]={<<<<title>Webserver Environm...oesItWork=Yes</td></tr>>>>=.2, */*;...gue. Pr}
[DEBUG] write(array HeapByteBuffer@64e7b030[p=0,l=1,c=512,r=1]={<<<\n>>>tr><th>Co...\x00\x00\x00\x00\x00\x00\x00})
[DEBUG] write(array) s=OPEN,api=BLOCKING,sc=false,e=null aggregated !flush DirectByteBuffer@1492b79c[p=0,l=425,c=32768,r=425]={<<<<title>Webserver Environm...esItWork=Yes</td></tr>\n>>>.2, */*; ...gue. Pr}
[DEBUG] write(array HeapByteBuffer@3f3a96e7[p=0,l=85,c=512,r=85]={<<<<tr><th>Accept</th><td>te....2, */*; q=.2</td></tr>>>>, td, th ...\x00\x00\x00\x00\x00\x00\x00})
[DEBUG] write(array) s=OPEN,api=BLOCKING,sc=false,e=null aggregated !flush DirectByteBuffer@1492b79c[p=0,l=510,c=32768,r=510]={<<<<title>Webserver Environm....2, */*; q=.2</td></tr>>>>4; x64) A...gue. Pr}
[DEBUG] write(array HeapByteBuffer@78d8f9ef[p=0,l=1,c=512,r=1]={<<<\n>>>tr><th>Ac...\x00\x00\x00\x00\x00\x00\x00})
[DEBUG] write(array) s=OPEN,api=BLOCKING,sc=false,e=null aggregated !flush DirectByteBuffer@1492b79c[p=0,l=511,c=32768,r=511]={<<<<title>Webserver Environm...2, */*; q=.2</td></tr>\n>>>; x64) Ap...gue. Pr}
[DEBUG] write(array HeapByteBuffer@18bac1c0[p=0,l=152,c=512,r=152]={<<<<tr><th>User-Agent</th><t...Safari/537.36</td></tr>>>>      th ...\x00\x00\x00\x00\x00\x00\x00})
[DEBUG] write(array) s=OPEN,api=BLOCKING,sc=false,e=null aggregated !flush DirectByteBuffer@1492b79c[p=0,l=663,c=32768,r=663]={<<<<title>Webserver Environm...Safari/537.36</td></tr>>>>/th><td>l...gue. Pr}
[DEBUG] write(array HeapByteBuffer@410594d7[p=0,l=1,c=512,r=1]={<<<\n>>>tr><th>Us...\x00\x00\x00\x00\x00\x00\x00})
[DEBUG] write(array) s=OPEN,api=BLOCKING,sc=false,e=null aggregated !flush DirectByteBuffer@1492b79c[p=0,l=664,c=32768,r=664]={<<<<title>Webserver Environm...afari/537.36</td></tr>\n>>>th><td>lo...gue. Pr}
[DEBUG] write(array HeapByteBuffer@2ae3afbe[p=0,l=47,c=512,r=47]={<<<<tr><th>Connection</th><td>keep-alive</td></tr>>>> NT 10.0;...\x00\x00\x00\x00\x00\x00\x00})
[DEBUG] write(array) s=OPEN,api=BLOCKING,sc=false,e=null aggregated !flush DirectByteBuffer@1492b79c[p=0,l=711,c=32768,r=711]={<<<<title>Webserver Environm...td>keep-alive</td></tr>>>>-Encoding...gue. Pr}
[DEBUG] write(array HeapByteBuffer@154b2c8c[p=0,l=1,c=512,r=1]={<<<\n>>>tr><th>Co...\x00\x00\x00\x00\x00\x00\x00})
[DEBUG] write(array) s=OPEN,api=BLOCKING,sc=false,e=null aggregated !flush DirectByteBuffer@1492b79c[p=0,l=712,c=32768,r=712]={<<<<title>Webserver Environm...d>keep-alive</td></tr>\n>>>Encoding<...gue. Pr}
[DEBUG] write(array HeapByteBuffer@5b315b24[p=0,l=46,c=512,r=46]={<<<<tr><th>Host</th><td>localhost:38858</td></tr>>>>> NT 10.0...\x00\x00\x00\x00\x00\x00\x00})
[DEBUG] write(array) s=OPEN,api=BLOCKING,sc=false,e=null aggregated !flush DirectByteBuffer@1492b79c[p=0,l=758,c=32768,r=758]={<<<<title>Webserver Environm...calhost:38858</td></tr>>>>uam</i>. ...gue. Pr}
[DEBUG] write(array HeapByteBuffer@367fcfb9[p=0,l=1,c=512,r=1]={<<<\n>>>tr><th>Ho...\x00\x00\x00\x00\x00\x00\x00})
[DEBUG] write(array) s=OPEN,api=BLOCKING,sc=false,e=null aggregated !flush DirectByteBuffer@1492b79c[p=0,l=759,c=32768,r=759]={<<<<title>Webserver Environm...alhost:38858</td></tr>\n>>>am</i>. S...gue. Pr}
[DEBUG] write(array HeapByteBuffer@1560897[p=0,l=46,c=512,r=46]={<<<<tr><th>Accept-Encoding</th><td>gzip</td></tr>>>>> NT 10.0...\x00\x00\x00\x00\x00\x00\x00})
[DEBUG] write(array) s=OPEN,api=BLOCKING,sc=false,e=null aggregated !flush DirectByteBuffer@1492b79c[p=0,l=805,c=32768,r=805]={<<<<title>Webserver Environm...</th><td>gzip</td></tr>>>>. Nulla q...gue. Pr}
[DEBUG] write(array HeapByteBuffer@4d357b7d[p=0,l=1,c=512,r=1]={<<<\n>>>tr><th>Ac...\x00\x00\x00\x00\x00\x00\x00})
[DEBUG] write(array) s=OPEN,api=BLOCKING,sc=false,e=null aggregated !flush DirectByteBuffer@1492b79c[p=0,l=806,c=32768,r=806]={<<<<title>Webserver Environm.../th><td>gzip</td></tr>\n>>> Nulla qu...gue. Pr}
[DEBUG] write(array HeapByteBuffer@1c8cf184[p=0,l=46,c=512,r=46]={<<<<tr><th>Cookie: LetMeIn</th><td>True</td></tr>>>>> NT 10.0...\x00\x00\x00\x00\x00\x00\x00})
[DEBUG] write(array) s=OPEN,api=BLOCKING,sc=false,e=null aggregated !flush DirectByteBuffer@1492b79c[p=0,l=852,c=32768,r=852]={<<<<title>Webserver Environm...</th><td>True</td></tr>>>>uis sagit...gue. Pr}
[DEBUG] write(array HeapByteBuffer@5446e7ab[p=0,l=1,c=512,r=1]={<<<\n>>>tr><th>Co...\x00\x00\x00\x00\x00\x00\x00})
[DEBUG] write(array) s=OPEN,api=BLOCKING,sc=false,e=null aggregated !flush DirectByteBuffer@1492b79c[p=0,l=853,c=32768,r=853]={<<<<title>Webserver Environm.../th><td>True</td></tr>\n>>>is sagitt...gue. Pr}
[DEBUG] write(array HeapByteBuffer@65654f04[p=0,l=48,c=512,r=48]={<<<<tr><th>Cookie: DoesItWork</th><td>Yes</td></tr>>>>NT 10.0; ...\x00\x00\x00\x00\x00\x00\x00})
[DEBUG] write(array) s=OPEN,api=BLOCKING,sc=false,e=null aggregated !flush DirectByteBuffer@1492b79c[p=0,l=901,c=32768,r=901]={<<<<title>Webserver Environm...k</th><td>Yes</td></tr>>>>llus sed ...gue. Pr}
[DEBUG] write(array HeapByteBuffer@3ed3e46[p=0,l=1,c=512,r=1]={<<<\n>>>tr><th>Co...\x00\x00\x00\x00\x00\x00\x00})
[DEBUG] write(array) s=OPEN,api=BLOCKING,sc=false,e=null aggregated !flush DirectByteBuffer@1492b79c[p=0,l=902,c=32768,r=902]={<<<<title>Webserver Environm...</th><td>Yes</td></tr>\n>>>lus sed a...gue. Pr}
[DEBUG] filled 0 HeapByteBuffer@41e05b38[p=0,l=0,c=8192,r=0]={<<<>>>HTTP/1.1 ...\x00\x00\x00\x00\x00\x00\x00}
[DEBUG] filled 0 HeapByteBuffer@41e05b38[p=0,l=0,c=8192,r=0]={<<<>>>HTTP/1.1 ...\x00\x00\x00\x00\x00\x00\x00}
[DEBUG] HttpConnection@42bd18a0::SocketChannelEndPoint@d47ed43{l=/127.0.0.1:38858,r=/127.0.0.1:42940,OPEN,fill=-,flush=-,to=6/30000}{io=0/0,kio=0,kro=1}->HttpConnection@42bd18a0[p=HttpParser{s=CONTENT,0 of -1},g=HttpGenerator@73351804{s=START}]=>HttpChannelOverHttp@380129b{s=HttpChannelState@7bf8633{s=HANDLING rs=BLOCKING os=OPEN is=IDLE awp=false se=false i=true al=0},r=11,c=false/false,a=HANDLING,uri=//localhost:38858/EchoServlet,age=4} filled 0 HeapByteBuffer@41e05b38[p=0,l=0,c=8192,r=0]={<<<>>>HTTP/1.1 ...\x00\x00\x00\x00\x00\x00\x00}
[DEBUG] HttpConnection@42bd18a0::SocketChannelEndPoint@d47ed43{l=/127.0.0.1:38858,r=/127.0.0.1:42940,OPEN,fill=-,flush=-,to=6/30000}{io=0/0,kio=0,kro=1}->HttpConnection@42bd18a0[p=HttpParser{s=CONTENT,0 of -1},g=HttpGenerator@73351804{s=START}]=>HttpChannelOverHttp@380129b{s=HttpChannelState@7bf8633{s=HANDLING rs=BLOCKING os=OPEN is=IDLE awp=false se=false i=true al=0},r=11,c=false/false,a=HANDLING,uri=//localhost:38858/EchoServlet,age=5} parse HeapByteBuffer@41e05b38[p=0,l=0,c=8192,r=0]={<<<>>>HTTP/1.1 ...\x00\x00\x00\x00\x00\x00\x00} {}
[DEBUG] parseNext s=CONTENT HeapByteBuffer@41e05b38[p=0,l=0,c=8192,r=0]={<<<>>>HTTP/1.1 ...\x00\x00\x00\x00\x00\x00\x00}
[DEBUG] CONTENT --> CONTENT_END
[DEBUG] onContentComplete HttpChannelOverHttp@380129b{s=HttpChannelState@7bf8633{s=HANDLING rs=BLOCKING os=OPEN is=IDLE awp=false se=false i=true al=0},r=11,c=false/false,a=HANDLING,uri=//localhost:38858/EchoServlet,age=5}
[DEBUG] CONTENT_END --> END
[DEBUG] onRequestComplete HttpChannelOverHttp@380129b{s=HttpChannelState@7bf8633{s=HANDLING rs=BLOCKING os=OPEN is=IDLE awp=false se=false i=true al=0},r=11,c=false/false,a=HANDLING,uri=//localhost:38858/EchoServlet,age=5}
[DEBUG] HttpInputOverHTTP@8cf6f52[c=0,q=0,[0]=null,s=STREAM] addContent EOF
[DEBUG] HttpConnection@42bd18a0::SocketChannelEndPoint@d47ed43{l=/127.0.0.1:38858,r=/127.0.0.1:42940,OPEN,fill=-,flush=-,to=6/30000}{io=0/0,kio=0,kro=1}->HttpConnection@42bd18a0[p=HttpParser{s=END,0 of -1},g=HttpGenerator@73351804{s=START}]=>HttpChannelOverHttp@380129b{s=HttpChannelState@7bf8633{s=HANDLING rs=BLOCKING os=OPEN is=IDLE awp=false se=false i=true al=0},r=11,c=false/false,a=HANDLING,uri=//localhost:38858/EchoServlet,age=5} parsed false HttpParser{s=END,0 of -1}
[DEBUG] releaseRequestBuffer HttpConnection@42bd18a0::SocketChannelEndPoint@d47ed43{l=/127.0.0.1:38858,r=/127.0.0.1:42940,OPEN,fill=-,flush=-,to=6/30000}{io=0/0,kio=0,kro=1}->HttpConnection@42bd18a0[p=HttpParser{s=END,0 of -1},g=HttpGenerator@73351804{s=START}]=>HttpChannelOverHttp@380129b{s=HttpChannelState@7bf8633{s=HANDLING rs=BLOCKING os=OPEN is=IDLE awp=false se=false i=true al=0},r=11,c=false/false,a=HANDLING,uri=//localhost:38858/EchoServlet,age=5}
[DEBUG] onEof HttpChannelState@7bf8633{s=HANDLING rs=BLOCKING os=OPEN is=IDLE awp=false se=false i=true al=0}
[DEBUG] write(array HeapByteBuffer@7816ef6e[p=0,l=8,c=512,r=8]={<<<</table>>>>Cookie: D...\x00\x00\x00\x00\x00\x00\x00})
[DEBUG] write(array) s=OPEN,api=BLOCKING,sc=false,e=null aggregated !flush DirectByteBuffer@1492b79c[p=0,l=910,c=32768,r=910]={<<<<title>Webserver Environm...>Yes</td></tr>\n</table>>>>augue sem...gue. Pr}
[DEBUG] write(array HeapByteBuffer@1b0e3478[p=0,l=1,c=512,r=1]={<<<\n>>>/table>Co...\x00\x00\x00\x00\x00\x00\x00})
[DEBUG] write(array) s=OPEN,api=BLOCKING,sc=false,e=null aggregated !flush DirectByteBuffer@1492b79c[p=0,l=911,c=32768,r=911]={<<<<title>Webserver Environm...Yes</td></tr>\n</table>\n>>>ugue semp...gue. Pr}
[DEBUG] handled=true async=false committed=false on HttpChannelOverHttp@380129b{s=HttpChannelState@7bf8633{s=HANDLING rs=BLOCKING os=OPEN is=READY awp=false se=false i=true al=0},r=11,c=false/false,a=HANDLING,uri=//localhost:38858/EchoServlet,age=5}
[DEBUG] unhandle HttpChannelState@7bf8633{s=HANDLING rs=BLOCKING os=OPEN is=READY awp=false se=false i=true al=0}
[DEBUG] nextAction(false) COMPLETE HttpChannelState@7bf8633{s=HANDLING rs=COMPLETING os=OPEN is=READY awp=false se=false i=false al=0}
[DEBUG] action COMPLETE HttpChannelOverHttp@380129b{s=HttpChannelState@7bf8633{s=HANDLING rs=COMPLETING os=OPEN is=READY awp=false se=false i=false al=0},r=11,c=false/false,a=HANDLING,uri=//localhost:38858/EchoServlet,age=5}
[DEBUG] complete(org.eclipse.jetty.util.Callback$3@545c5572) s=CLOSING,api=BLOCKED,sc=false,e=null s=false e=null, c=DirectByteBuffer@1492b79c[p=0,l=911,c=32768,r=911]={<<<<title>Webserver Environm...Yes</td></tr>\n</table>\n>>>ugue semp...gue. Pr}
[DEBUG] sendResponse info=null content=DirectByteBuffer@1492b79c[p=0,l=911,c=32768,r=911]={<<<<title>Webserver Environm...Yes</td></tr>\n</table>\n>>>ugue semp...gue. Pr} complete=true committing=true callback=org.eclipse.jetty.server.HttpOutput$WriteCompleteCB@3e295eb1
[DEBUG] COMMIT for /EchoServlet on HttpChannelOverHttp@380129b{s=HttpChannelState@7bf8633{s=HANDLING rs=COMPLETING os=COMMITTED is=READY awp=false se=false i=false al=0},r=11,c=false/false,a=HANDLING,uri=//localhost:38858/EchoServlet,age=5}
200 null HTTP/1.1
Date: Mon, 20 Sep 2021 19:30:13 GMT
Content-Type: text/html;charset=utf-8
Cache-Control: no-cache
Cache-Control: no-store


[DEBUG] generate: NEED_HEADER for SendCallback@5f75d958[PROCESSING][i=HTTP/1.1{s=200,h=4,cl=-1},cb=org.eclipse.jetty.server.HttpChannel$SendCallback@710bbb85] (null,[p=0,l=911,c=32768,r=911],true)@START
[DEBUG] generateHeaders HTTP/1.1{s=200,h=4,cl=-1} last=true content=DirectByteBuffer@1492b79c[p=0,l=911,c=32768,r=911]={<<<<title>Webserver Environm...Yes</td></tr>\n</table>\n>>>ugue semp...gue. Pr}
[DEBUG] Date: Mon, 20 Sep 2021 19:30:13 GMT
Content-Type: text/html;charset=utf-8
Cache-Control: no-cache
Cache-Control: no-store


[DEBUG] CONTENT_LENGTH
[DEBUG] generate: FLUSH for SendCallback@5f75d958[PROCESSING][i=HTTP/1.1{s=200,h=4,cl=-1},cb=org.eclipse.jetty.server.HttpChannel$SendCallback@710bbb85] ([p=0,l=199,c=8192,r=199],[p=0,l=911,c=32768,r=911],true)@COMPLETING
[DEBUG] write: WriteFlusher@21254e7e{IDLE}->null [HeapByteBuffer@22b9b50d[p=0,l=199,c=8192,r=199]={<<<HTTP/1.1 200 OK\r\nDate: Mo...y(9.4.43.v20210629)\r\n\r\n>>>\n) Chrome...\x86&h\xA0{\xC1\xC2},DirectByteBuffer@1492b79c[p=0,l=911,c=32768,r=911]={<<<<title>Webserver Environm...Yes</td></tr>\n</table>\n>>>ugue semp...gue. Pr}]
[DEBUG] update WriteFlusher@21254e7e{WRITING}->null:IDLE-->WRITING
]]></system-out>
  </testcase>
</testsuite>