<?xml version="1.0" encoding="UTF-8"?>
<testsuite xmlns:xsi="http://www.w3.org/2001/XMLSchema-instance" xsi:noNamespaceSchemaLocation="https://maven.apache.org/surefire/maven-surefire-plugin/xsd/surefire-test-report-3.0.xsd" version="3.0" name="org.jsoup.integration.SessionTest" time="0.194" tests="4" errors="0" skipped="1" failures="0">
  <properties>
    <property name="awt.toolkit" value="sun.awt.X11.XToolkit"/>
    <property name="file.encoding.pkg" value="sun.io"/>
    <property name="java.specification.version" value="1.8"/>
    <property name="sun.cpu.isalist" value=""/>
    <property name="sun.jnu.encoding" value="UTF-8"/>
    <property name="java.class.path" value="/home/ubuntu/jsoup/target/test-classes:/home/ubuntu/jsoup/target/generated-classes/cobertura:/home/ubuntu/.m2/repository/org/junit/jupiter/junit-jupiter/5.8.0/junit-jupiter-5.8.0.jar:/home/ubuntu/.m2/repository/org/junit/jupiter/junit-jupiter-api/5.8.0/junit-jupiter-api-5.8.0.jar:/home/ubuntu/.m2/repository/org/opentest4j/opentest4j/1.2.0/opentest4j-1.2.0.jar:/home/ubuntu/.m2/repository/org/junit/platform/junit-platform-commons/1.8.0/junit-platform-commons-1.8.0.jar:/home/ubuntu/.m2/repository/org/apiguardian/apiguardian-api/1.1.2/apiguardian-api-1.1.2.jar:/home/ubuntu/.m2/repository/org/junit/jupiter/junit-jupiter-params/5.8.0/junit-jupiter-params-5.8.0.jar:/home/ubuntu/.m2/repository/org/junit/jupiter/junit-jupiter-engine/5.8.0/junit-jupiter-engine-5.8.0.jar:/home/ubuntu/.m2/repository/org/junit/platform/junit-platform-engine/1.8.0/junit-platform-engine-1.8.0.jar:/home/ubuntu/.m2/repository/com/google/code/gson/gson/2.8.8/gson-2.8.8.jar:/home/ubuntu/.m2/repository/org/eclipse/jetty/jetty-server/9.4.43.v20210629/jetty-server-9.4.43.v20210629.jar:/home/ubuntu/.m2/repository/javax/servlet/javax.servlet-api/3.1.0/javax.servlet-api-3.1.0.jar:/home/ubuntu/.m2/repository/org/eclipse/jetty/jetty-http/9.4.43.v20210629/jetty-http-9.4.43.v20210629.jar:/home/ubuntu/.m2/repository/org/eclipse/jetty/jetty-util/9.4.43.v20210629/jetty-util-9.4.43.v20210629.jar:/home/ubuntu/.m2/repository/org/eclipse/jetty/jetty-io/9.4.43.v20210629/jetty-io-9.4.43.v20210629.jar:/home/ubuntu/.m2/repository/org/eclipse/jetty/jetty-servlet/9.4.43.v20210629/jetty-servlet-9.4.43.v20210629.jar:/home/ubuntu/.m2/repository/org/eclipse/jetty/jetty-security/9.4.43.v20210629/jetty-security-9.4.43.v20210629.jar:/home/ubuntu/.m2/repository/org/eclipse/jetty/jetty-util-ajax/9.4.43.v20210629/jetty-util-ajax-9.4.43.v20210629.jar:/home/ubuntu/.m2/repository/com/google/code/findbugs/jsr305/3.0.2/jsr305-3.0.2.jar:/home/ubuntu/.m2/repository/net/sourceforge/cobertura/cobertura/2.1.1/cobertura-2.1.1.jar:/home/ubuntu/.m2/repository/jaxen/jaxen/1.1.4/jaxen-1.1.4.jar:/home/ubuntu/.m2/repository/org/apache/ant/ant/1.8.3/ant-1.8.3.jar:/home/ubuntu/.m2/repository/org/apache/ant/ant-launcher/1.8.3/ant-launcher-1.8.3.jar:/home/ubuntu/.m2/repository/org/apache/ant/ant-junit/1.8.3/ant-junit-1.8.3.jar:/home/ubuntu/.m2/repository/org/mortbay/jetty/servlet-api-2.5/6.1.14/servlet-api-2.5-6.1.14.jar:/home/ubuntu/.m2/repository/org/mortbay/jetty/jetty/6.1.14/jetty-6.1.14.jar:/home/ubuntu/.m2/repository/org/mortbay/jetty/jetty-util/6.1.14/jetty-util-6.1.14.jar:/usr/lib/jvm/java-8-openjdk-amd64/jre/../lib/tools.jar:/home/ubuntu/.m2/repository/org/slf4j/slf4j-api/1.7.5/slf4j-api-1.7.5.jar:/home/ubuntu/.m2/repository/ch/qos/logback/logback-classic/1.0.13/logback-classic-1.0.13.jar:/home/ubuntu/.m2/repository/ch/qos/logback/logback-core/1.0.13/logback-core-1.0.13.jar:/home/ubuntu/.m2/repository/junit/junit/4.11/junit-4.11.jar:/home/ubuntu/.m2/repository/org/hamcrest/hamcrest-core/1.3/hamcrest-core-1.3.jar:/home/ubuntu/.m2/repository/org/apache/commons/commons-lang3/3.3.2/commons-lang3-3.3.2.jar:"/>
    <property name="java.vm.vendor" value="Private Build"/>
    <property name="sun.arch.data.model" value="64"/>
    <property name="java.vendor.url" value="http://java.oracle.com/"/>
    <property name="user.timezone" value="Etc/UTC"/>
    <property name="java.vm.specification.version" value="1.8"/>
    <property name="os.name" value="Linux"/>
    <property name="user.country" value="US"/>
    <property name="sun.java.launcher" value="SUN_STANDARD"/>
    <property name="sun.boot.library.path" value="/usr/lib/jvm/java-8-openjdk-amd64/jre/lib/amd64"/>
    <property name="sun.java.command" value="/home/ubuntu/jsoup/target/surefire/surefirebooter7323666008193123.jar /home/ubuntu/jsoup/target/surefire 2021-09-20T19-29-57_152-jvmRun1 surefire7154921910731547436tmp surefire_07487924543571756645tmp"/>
    <property name="surefire.test.class.path" value="/home/ubuntu/jsoup/target/test-classes:/home/ubuntu/jsoup/target/generated-classes/cobertura:/home/ubuntu/.m2/repository/org/junit/jupiter/junit-jupiter/5.8.0/junit-jupiter-5.8.0.jar:/home/ubuntu/.m2/repository/org/junit/jupiter/junit-jupiter-api/5.8.0/junit-jupiter-api-5.8.0.jar:/home/ubuntu/.m2/repository/org/opentest4j/opentest4j/1.2.0/opentest4j-1.2.0.jar:/home/ubuntu/.m2/repository/org/junit/platform/junit-platform-commons/1.8.0/junit-platform-commons-1.8.0.jar:/home/ubuntu/.m2/repository/org/apiguardian/apiguardian-api/1.1.2/apiguardian-api-1.1.2.jar:/home/ubuntu/.m2/repository/org/junit/jupiter/junit-jupiter-params/5.8.0/junit-jupiter-params-5.8.0.jar:/home/ubuntu/.m2/repository/org/junit/jupiter/junit-jupiter-engine/5.8.0/junit-jupiter-engine-5.8.0.jar:/home/ubuntu/.m2/repository/org/junit/platform/junit-platform-engine/1.8.0/junit-platform-engine-1.8.0.jar:/home/ubuntu/.m2/repository/com/google/code/gson/gson/2.8.8/gson-2.8.8.jar:/home/ubuntu/.m2/repository/org/eclipse/jetty/jetty-server/9.4.43.v20210629/jetty-server-9.4.43.v20210629.jar:/home/ubuntu/.m2/repository/javax/servlet/javax.servlet-api/3.1.0/javax.servlet-api-3.1.0.jar:/home/ubuntu/.m2/repository/org/eclipse/jetty/jetty-http/9.4.43.v20210629/jetty-http-9.4.43.v20210629.jar:/home/ubuntu/.m2/repository/org/eclipse/jetty/jetty-util/9.4.43.v20210629/jetty-util-9.4.43.v20210629.jar:/home/ubuntu/.m2/repository/org/eclipse/jetty/jetty-io/9.4.43.v20210629/jetty-io-9.4.43.v20210629.jar:/home/ubuntu/.m2/repository/org/eclipse/jetty/jetty-servlet/9.4.43.v20210629/jetty-servlet-9.4.43.v20210629.jar:/home/ubuntu/.m2/repository/org/eclipse/jetty/jetty-security/9.4.43.v20210629/jetty-security-9.4.43.v20210629.jar:/home/ubuntu/.m2/repository/org/eclipse/jetty/jetty-util-ajax/9.4.43.v20210629/jetty-util-ajax-9.4.43.v20210629.jar:/home/ubuntu/.m2/repository/com/google/code/findbugs/jsr305/3.0.2/jsr305-3.0.2.jar:/home/ubuntu/.m2/repository/net/sourceforge/cobertura/cobertura/2.1.1/cobertura-2.1.1.jar:/home/ubuntu/.m2/repository/jaxen/jaxen/1.1.4/jaxen-1.1.4.jar:/home/ubuntu/.m2/repository/org/apache/ant/ant/1.8.3/ant-1.8.3.jar:/home/ubuntu/.m2/repository/org/apache/ant/ant-launcher/1.8.3/ant-launcher-1.8.3.jar:/home/ubuntu/.m2/repository/org/apache/ant/ant-junit/1.8.3/ant-junit-1.8.3.jar:/home/ubuntu/.m2/repository/org/mortbay/jetty/servlet-api-2.5/6.1.14/servlet-api-2.5-6.1.14.jar:/home/ubuntu/.m2/repository/org/mortbay/jetty/jetty/6.1.14/jetty-6.1.14.jar:/home/ubuntu/.m2/repository/org/mortbay/jetty/jetty-util/6.1.14/jetty-util-6.1.14.jar:/usr/lib/jvm/java-8-openjdk-amd64/jre/../lib/tools.jar:/home/ubuntu/.m2/repository/org/slf4j/slf4j-api/1.7.5/slf4j-api-1.7.5.jar:/home/ubuntu/.m2/repository/ch/qos/logback/logback-classic/1.0.13/logback-classic-1.0.13.jar:/home/ubuntu/.m2/repository/ch/qos/logback/logback-core/1.0.13/logback-core-1.0.13.jar:/home/ubuntu/.m2/repository/junit/junit/4.11/junit-4.11.jar:/home/ubuntu/.m2/repository/org/hamcrest/hamcrest-core/1.3/hamcrest-core-1.3.jar:/home/ubuntu/.m2/repository/org/apache/commons/commons-lang3/3.3.2/commons-lang3-3.3.2.jar:"/>
    <property name="sun.cpu.endian" value="little"/>
    <property name="user.home" value="/home/ubuntu"/>
    <property name="user.language" value="en"/>
    <property name="java.specification.vendor" value="Oracle Corporation"/>
    <property name="java.home" value="/usr/lib/jvm/java-8-openjdk-amd64/jre"/>
    <property name="basedir" value="/home/ubuntu/jsoup"/>
    <property name="file.separator" value="/"/>
    <property name="line.separator" value="&#10;"/>
    <property name="java.vm.specification.vendor" value="Oracle Corporation"/>
    <property name="java.specification.name" value="Java Platform API Specification"/>
    <property name="java.awt.graphicsenv" value="sun.awt.X11GraphicsEnvironment"/>
    <property name="surefire.real.class.path" value="/home/ubuntu/jsoup/target/surefire/surefirebooter7323666008193123.jar"/>
    <property name="sun.boot.class.path" value="/usr/lib/jvm/java-8-openjdk-amd64/jre/lib/resources.jar:/usr/lib/jvm/java-8-openjdk-amd64/jre/lib/rt.jar:/usr/lib/jvm/java-8-openjdk-amd64/jre/lib/sunrsasign.jar:/usr/lib/jvm/java-8-openjdk-amd64/jre/lib/jsse.jar:/usr/lib/jvm/java-8-openjdk-amd64/jre/lib/jce.jar:/usr/lib/jvm/java-8-openjdk-amd64/jre/lib/charsets.jar:/usr/lib/jvm/java-8-openjdk-amd64/jre/lib/jfr.jar:/usr/lib/jvm/java-8-openjdk-amd64/jre/classes"/>
    <property name="sun.management.compiler" value="HotSpot 64-Bit Tiered Compilers"/>
    <property name="java.runtime.version" value="1.8.0_292-8u292-b10-0ubuntu1~16.04.1-b10"/>
    <property name="user.name" value="ubuntu"/>
    <property name="path.separator" value=":"/>
    <property name="os.version" value="4.4.0-1128-aws"/>
    <property name="java.endorsed.dirs" value="/usr/lib/jvm/java-8-openjdk-amd64/jre/lib/endorsed"/>
    <property name="java.runtime.name" value="OpenJDK Runtime Environment"/>
    <property name="file.encoding" value="UTF-8"/>
    <property name="sun.net.http.allowRestrictedHeaders" value="true"/>
    <property name="java.vm.name" value="OpenJDK 64-Bit Server VM"/>
    <property name="localRepository" value="/home/ubuntu/.m2/repository"/>
    <property name="java.vendor.url.bug" value="http://bugreport.sun.com/bugreport/"/>
    <property name="jetty.git.hash" value="526006ecfa3af7f1a27ef3a288e2bef7ea9dd7e8"/>
    <property name="java.io.tmpdir" value="/tmp"/>
    <property name="java.version" value="1.8.0_292"/>
    <property name="user.dir" value="/home/ubuntu/jsoup"/>
    <property name="os.arch" value="amd64"/>
    <property name="java.vm.specification.name" value="Java Virtual Machine Specification"/>
    <property name="java.awt.printerjob" value="sun.print.PSPrinterJob"/>
    <property name="sun.os.patch.level" value="unknown"/>
    <property name="java.library.path" value="/usr/java/packages/lib/amd64:/usr/lib/x86_64-linux-gnu/jni:/lib/x86_64-linux-gnu:/usr/lib/x86_64-linux-gnu:/usr/lib/jni:/lib:/usr/lib"/>
    <property name="java.vm.info" value="mixed mode"/>
    <property name="java.vendor" value="Private Build"/>
    <property name="java.vm.version" value="25.292-b10"/>
    <property name="java.ext.dirs" value="/usr/lib/jvm/java-8-openjdk-amd64/jre/lib/ext:/usr/java/packages/lib/ext"/>
    <property name="sun.io.unicode.encoding" value="UnicodeLittle"/>
    <property name="java.class.version" value="52.0"/>
  </properties>
  <testcase name="" classname="org.jsoup.integration.UrlConnectTest" time="0">
    <skipped message="class org.jsoup.integration.UrlConnectTest is @Disabled"/>
  </testcase>
  <testcase name="testCanChangeParsers" classname="org.jsoup.integration.SessionTest" time="0.053">
    <system-out><![CDATA[[DEBUG] Selector sun.nio.ch.EPollSelectorImpl@54609eb7 woken up from select, 1/1/2 selected
[DEBUG] Selector sun.nio.ch.EPollSelectorImpl@54609eb7 processing 1 keys, 0 updates
[DEBUG] selected 1 sun.nio.ch.SelectionKeyImpl@7c9c8813 SocketChannelEndPoint@d47ed43{l=/127.0.0.1:38858,r=/127.0.0.1:42940,OPEN,fill=FI,flush=-,to=4740/30000}{io=1/1,kio=1,kro=1}->HttpConnection@42bd18a0[p=HttpParser{s=START,0 of -1},g=HttpGenerator@73351804{s=START}]=>HttpChannelOverHttp@380129b{s=HttpChannelState@7bf8633{s=IDLE rs=BLOCKING os=OPEN is=IDLE awp=false se=false i=true al=0},r=11,c=false/false,a=IDLE,uri=null,age=0} 
[DEBUG] onSelected 1->0 r=true w=false for SocketChannelEndPoint@d47ed43{l=/127.0.0.1:38858,r=/127.0.0.1:42940,OPEN,fill=FI,flush=-,to=4741/30000}{io=1/0,kio=1,kro=1}->HttpConnection@42bd18a0[p=HttpParser{s=START,0 of -1},g=HttpGenerator@73351804{s=START}]=>HttpChannelOverHttp@380129b{s=HttpChannelState@7bf8633{s=IDLE rs=BLOCKING os=OPEN is=IDLE awp=false se=false i=true al=0},r=11,c=false/false,a=IDLE,uri=null,age=0}
[DEBUG] task CEP:SocketChannelEndPoint@d47ed43{l=/127.0.0.1:38858,r=/127.0.0.1:42940,OPEN,fill=FI,flush=-,to=4741/30000}{io=1/0,kio=1,kro=1}->HttpConnection@42bd18a0[p=HttpParser{s=START,0 of -1},g=HttpGenerator@73351804{s=START}]=>HttpChannelOverHttp@380129b{s=HttpChannelState@7bf8633{s=IDLE rs=BLOCKING os=OPEN is=IDLE awp=false se=false i=true al=0},r=11,c=false/false,a=IDLE,uri=null,age=0}:runFillable:BLOCKING
[DEBUG] ReservedThreadExecutor@7ec3394b{s=1/1,p=0} tryExecute EatWhatYouKill@4febb875/SelectorProducer@cb191ca/PRODUCING/p=false/QueuedThreadPool[qtp487792155]@1d131e1b{STARTED,8<=9<=200,i=6,r=-1,q=0}[ReservedThreadExecutor@7ec3394b{s=1/1,p=0}][pc=0,pic=0,pec=1,epc=15]@2021-09-20T19:30:18.505Z
[DEBUG] ReservedThreadExecutor@7ec3394b{s=0/1,p=0}@6a8ab5b3 offer EatWhatYouKill@4febb875/SelectorProducer@cb191ca/PRODUCING/p=false/QueuedThreadPool[qtp487792155]@1d131e1b{STARTED,8<=9<=200,i=6,r=-1,q=0}[ReservedThreadExecutor@7ec3394b{s=0/1,p=0}][pc=0,pic=0,pec=1,epc=15]@2021-09-20T19:30:18.505Z
[DEBUG] ReservedThreadExecutor@7ec3394b{s=0/1,p=1} startReservedThread p=1
[DEBUG] queue ReservedThreadExecutor@7ec3394b{s=0/1,p=1}@6d42899e startThread=0
[DEBUG] EatWhatYouKill@4febb875/SelectorProducer@cb191ca/IDLE/p=true/QueuedThreadPool[qtp487792155]@1d131e1b{STARTED,8<=9<=200,i=5,r=-1,q=0}[ReservedThreadExecutor@7ec3394b{s=0/1,p=1}][pc=0,pic=0,pec=1,epc=15]@2021-09-20T19:30:18.505Z m=EXECUTE_PRODUCE_CONSUME t=CEP:SocketChannelEndPoint@d47ed43{l=/127.0.0.1:38858,r=/127.0.0.1:42940,OPEN,fill=FI,flush=-,to=4741/30000}{io=1/0,kio=1,kro=1}->HttpConnection@42bd18a0[p=HttpParser{s=START,0 of -1},g=HttpGenerator@73351804{s=START}]=>HttpChannelOverHttp@380129b{s=HttpChannelState@7bf8633{s=IDLE rs=BLOCKING os=OPEN is=IDLE awp=false se=false i=true al=0},r=11,c=false/false,a=IDLE,uri=null,age=0}:runFillable:BLOCKING/BLOCKING
[DEBUG] fillable FillInterest@8c0864f{AC.ReadCB@42bd18a0{HttpConnection@42bd18a0::SocketChannelEndPoint@d47ed43{l=/127.0.0.1:38858,r=/127.0.0.1:42940,OPEN,fill=FI,flush=-,to=4741/30000}{io=1/0,kio=1,kro=1}->HttpConnection@42bd18a0[p=HttpParser{s=START,0 of -1},g=HttpGenerator@73351804{s=START}]=>HttpChannelOverHttp@380129b{s=HttpChannelState@7bf8633{s=IDLE rs=BLOCKING os=OPEN is=IDLE awp=false se=false i=true al=0},r=11,c=false/false,a=IDLE,uri=null,age=0}}}
[DEBUG] HttpConnection@42bd18a0::SocketChannelEndPoint@d47ed43{l=/127.0.0.1:38858,r=/127.0.0.1:42940,OPEN,fill=-,flush=-,to=4742/30000}{io=1/0,kio=1,kro=1}->HttpConnection@42bd18a0[p=HttpParser{s=START,0 of -1},g=HttpGenerator@73351804{s=START}]=>HttpChannelOverHttp@380129b{s=HttpChannelState@7bf8633{s=IDLE rs=BLOCKING os=OPEN is=IDLE awp=false se=false i=true al=0},r=11,c=false/false,a=IDLE,uri=null,age=0} onFillable enter HttpChannelState@7bf8633{s=IDLE rs=BLOCKING os=OPEN is=IDLE awp=false se=false i=true al=0} null
[DEBUG] filled 313 HeapByteBuffer@41e05b38[p=0,l=313,c=8192,r=313]={<<<GET /FileServlet/htmltest...nection: keep-alive\r\n\r\n>>>\xDe\xF2\xF4\x97\x1c\xE4\xA6\xE9s...\x00\x00\x00\x00\x00\x00\x00}
[DEBUG] HttpConnection@42bd18a0::SocketChannelEndPoint@d47ed43{l=/127.0.0.1:38858,r=/127.0.0.1:42940,OPEN,fill=-,flush=-,to=0/30000}{io=1/0,kio=1,kro=1}->HttpConnection@42bd18a0[p=HttpParser{s=START,0 of -1},g=HttpGenerator@73351804{s=START}]=>HttpChannelOverHttp@380129b{s=HttpChannelState@7bf8633{s=IDLE rs=BLOCKING os=OPEN is=IDLE awp=false se=false i=true al=0},r=11,c=false/false,a=IDLE,uri=null,age=0} filled 313 HeapByteBuffer@41e05b38[p=0,l=313,c=8192,r=313]={<<<GET /FileServlet/htmltest...nection: keep-alive\r\n\r\n>>>\xDe\xF2\xF4\x97\x1c\xE4\xA6\xE9s...\x00\x00\x00\x00\x00\x00\x00}
[DEBUG] HttpConnection@42bd18a0::SocketChannelEndPoint@d47ed43{l=/127.0.0.1:38858,r=/127.0.0.1:42940,OPEN,fill=-,flush=-,to=0/30000}{io=1/0,kio=1,kro=1}->HttpConnection@42bd18a0[p=HttpParser{s=START,0 of -1},g=HttpGenerator@73351804{s=START}]=>HttpChannelOverHttp@380129b{s=HttpChannelState@7bf8633{s=IDLE rs=BLOCKING os=OPEN is=IDLE awp=false se=false i=true al=0},r=11,c=false/false,a=IDLE,uri=null,age=0} parse HeapByteBuffer@41e05b38[p=0,l=313,c=8192,r=313]={<<<GET /FileServlet/htmltest...nection: keep-alive\r\n\r\n>>>\xDe\xF2\xF4\x97\x1c\xE4\xA6\xE9s...\x00\x00\x00\x00\x00\x00\x00} {}
[DEBUG] parseNext s=START HeapByteBuffer@41e05b38[p=0,l=313,c=8192,r=313]={<<<GET /FileServlet/htmltest...nection: keep-alive\r\n\r\n>>>\xDe\xF2\xF4\x97\x1c\xE4\xA6\xE9s...\x00\x00\x00\x00\x00\x00\x00}
[DEBUG] START --> SPACE1
[DEBUG] SPACE1 --> URI
[DEBUG] URI --> SPACE2
[DEBUG] SPACE2 --> REQUEST_VERSION
[DEBUG] REQUEST_VERSION --> HEADER
[DEBUG] HEADER:Accept-Encoding: gzip --> IN_VALUE
[DEBUG] HEADER:Accept-Encoding: gzip --> FIELD
[DEBUG] HEADER:User-Agent: Mozilla/5.0 (Windows NT 10.0; Win64; x64) AppleWebKit/537.36 (KHTML, like Gecko) Chrome/79.0.3945.130 Safari/537.36 --> IN_VALUE
[DEBUG] HEADER:User-Agent: Mozilla/5.0 (Windows NT 10.0; Win64; x64) AppleWebKit/537.36 (KHTML, like Gecko) Chrome/79.0.3945.130 Safari/537.36 --> FIELD
[DEBUG] HEADER:Host: localhost:38858 --> IN_VALUE
[DEBUG] HEADER:Host: localhost:38858 --> FIELD
[DEBUG] HEADER:Accept: text/html, image/gif, image/jpeg, *; q=.2, */*; q=.2 --> IN_VALUE
[DEBUG] HEADER:Accept: text/html, image/gif, image/jpeg, *; q=.2, */*; q=.2 --> FIELD
[DEBUG] HEADER:Connection: keep-alive --> IN_VALUE
[DEBUG] HEADER:Connection: keep-alive --> FIELD
[DEBUG] HEADER --> CONTENT
[DEBUG] REQUEST for //localhost:38858/FileServlet/htmltests/xml-test.xml on HttpChannelOverHttp@380129b{s=HttpChannelState@7bf8633{s=IDLE rs=BLOCKING os=OPEN is=IDLE awp=false se=false i=true al=0},r=12,c=false/false,a=IDLE,uri=//localhost:38858/FileServlet/htmltests/xml-test.xml,age=0}
GET //localhost:38858/FileServlet/htmltests/xml-test.xml HTTP/1.1
Accept-Encoding: gzip
User-Agent: Mozilla/5.0 (Windows NT 10.0; Win64; x64) AppleWebKit/537.36 (KHTML, like Gecko) Chrome/79.0.3945.130 Safari/537.36
Host: localhost:38858
Accept: text/html, image/gif, image/jpeg, *; q=.2, */*; q=.2
Connection: keep-alive


[DEBUG] HttpConnection@42bd18a0::SocketChannelEndPoint@d47ed43{l=/127.0.0.1:38858,r=/127.0.0.1:42940,OPEN,fill=-,flush=-,to=0/30000}{io=1/0,kio=1,kro=1}->HttpConnection@42bd18a0[p=HttpParser{s=CONTENT,0 of -1},g=HttpGenerator@73351804{s=START}]=>HttpChannelOverHttp@380129b{s=HttpChannelState@7bf8633{s=IDLE rs=BLOCKING os=OPEN is=IDLE awp=false se=false i=true al=0},r=12,c=false/false,a=IDLE,uri=//localhost:38858/FileServlet/htmltests/xml-test.xml,age=0} parsed true HttpParser{s=CONTENT,0 of -1}
[DEBUG] releaseRequestBuffer HttpConnection@42bd18a0::SocketChannelEndPoint@d47ed43{l=/127.0.0.1:38858,r=/127.0.0.1:42940,OPEN,fill=-,flush=-,to=0/30000}{io=1/0,kio=1,kro=1}->HttpConnection@42bd18a0[p=HttpParser{s=CONTENT,0 of -1},g=HttpGenerator@73351804{s=START}]=>HttpChannelOverHttp@380129b{s=HttpChannelState@7bf8633{s=IDLE rs=BLOCKING os=OPEN is=IDLE awp=false se=false i=true al=0},r=12,c=false/false,a=IDLE,uri=//localhost:38858/FileServlet/htmltests/xml-test.xml,age=0}
[DEBUG] handle //localhost:38858/FileServlet/htmltests/xml-test.xml HttpChannelOverHttp@380129b{s=HttpChannelState@7bf8633{s=IDLE rs=BLOCKING os=OPEN is=IDLE awp=false se=false i=true al=0},r=12,c=false/false,a=IDLE,uri=//localhost:38858/FileServlet/htmltests/xml-test.xml,age=0} 
[DEBUG] handling HttpChannelState@7bf8633{s=IDLE rs=BLOCKING os=OPEN is=IDLE awp=false se=false i=true al=0}
[DEBUG] action DISPATCH HttpChannelOverHttp@380129b{s=HttpChannelState@7bf8633{s=HANDLING rs=BLOCKING os=OPEN is=IDLE awp=false se=false i=true al=0},r=12,c=false/false,a=HANDLING,uri=//localhost:38858/FileServlet/htmltests/xml-test.xml,age=0}
[DEBUG] REQUEST GET /FileServlet/htmltests/xml-test.xml on HttpChannelOverHttp@380129b{s=HttpChannelState@7bf8633{s=HANDLING rs=BLOCKING os=OPEN is=IDLE awp=false se=false i=true al=0},r=12,c=false/false,a=HANDLING,uri=//localhost:38858/FileServlet/htmltests/xml-test.xml,age=0}
[DEBUG] ReservedThreadExecutor@7ec3394b{s=0/1,p=1}@6a8ab5b3 task=EatWhatYouKill@4febb875/SelectorProducer@cb191ca/IDLE/p=true/QueuedThreadPool[qtp487792155]@1d131e1b{STARTED,8<=9<=200,i=5,r=-1,q=0}[ReservedThreadExecutor@7ec3394b{s=0/1,p=1}][pc=0,pic=0,pec=1,epc=16]@2021-09-20T19:30:18.511Z
[DEBUG] EatWhatYouKill@4febb875/SelectorProducer@cb191ca/IDLE/p=true/QueuedThreadPool[qtp487792155]@1d131e1b{STARTED,8<=9<=200,i=5,r=-1,q=0}[ReservedThreadExecutor@7ec3394b{s=0/1,p=1}][pc=0,pic=0,pec=1,epc=16]@2021-09-20T19:30:18.511Z tryProduce true
[DEBUG] updateable 0
[DEBUG] updates 0
[DEBUG] Key interests updated 1 -> 0 on SocketChannelEndPoint@d47ed43{l=/127.0.0.1:38858,r=/127.0.0.1:42940,OPEN,fill=-,flush=-,to=5/30000}{io=0/0,kio=0,kro=1}->HttpConnection@42bd18a0[p=HttpParser{s=CONTENT,0 of -1},g=HttpGenerator@73351804{s=START}]=>HttpChannelOverHttp@380129b{s=HttpChannelState@7bf8633{s=HANDLING rs=BLOCKING os=OPEN is=IDLE awp=false se=false i=true al=0},r=12,c=false/false,a=HANDLING,uri=//localhost:38858/FileServlet/htmltests/xml-test.xml,age=5}
[DEBUG] Selector sun.nio.ch.EPollSelectorImpl@54609eb7 waiting with 2 keys
[DEBUG] run ReservedThreadExecutor@7ec3394b{s=0/1,p=1}@6d42899e in QueuedThreadPool[qtp487792155]@1d131e1b{STARTED,8<=9<=200,i=5,r=-1,q=0}[ReservedThreadExecutor@7ec3394b{s=0/1,p=1}]
[DEBUG] ReservedThreadExecutor@7ec3394b{s=1/1,p=1}@6d42899e started
[DEBUG] ReservedThreadExecutor@7ec3394b{s=1/1,p=0}@6d42899e waiting
[DEBUG] servlet null|/FileServlet|/htmltests/xml-test.xml -> org.jsoup.integration.servlets.FileServlet-3fffff43==org.jsoup.integration.servlets.FileServlet@bc0855c5{jsp=null,order=-1,inst=true,async=true,src=EMBEDDED:null,STARTED}
[DEBUG] chain=null
[DEBUG] write(array HeapByteBuffer@cd709cd[p=0,l=45,c=8192,r=45]={<<<<doc><val>One<val>Two</val>Three</val></doc>\n>>>\x00\x00\x00\x00\x00\x00\x00\x00\x00...\x00\x00\x00\x00\x00\x00\x00})
[DEBUG] write(array) s=OPEN,api=BLOCKING,sc=false,e=null aggregated !flush DirectByteBuffer@1667663f[p=0,l=45,c=32768,r=45]={<<<<doc><val>One<val>Two</val>Three</val></doc>\n>>>>\n    <st...gue. Pr}
[DEBUG] sendResponse info=null content=DirectByteBuffer@1667663f[p=0,l=45,c=32768,r=45]={<<<<doc><val>One<val>Two</val>Three</val></doc>\n>>>>\n    <st...gue. Pr} complete=false committing=true callback=Blocker@594fb565{null}
[DEBUG] COMMIT for /FileServlet/htmltests/xml-test.xml on HttpChannelOverHttp@380129b{s=HttpChannelState@7bf8633{s=HANDLING rs=BLOCKING os=COMMITTED is=IDLE awp=false se=false i=true al=0},r=12,c=false/false,a=HANDLING,uri=//localhost:38858/FileServlet/htmltests/xml-test.xml,age=6}
200 null HTTP/1.1
Date: Mon, 20 Sep 2021 19:30:18 GMT
Content-Type: text/html


[DEBUG] generate: NEED_HEADER for SendCallback@5f75d958[PROCESSING][i=HTTP/1.1{s=200,h=2,cl=-1},cb=org.eclipse.jetty.server.HttpChannel$SendCallback@5c65c159] (null,[p=0,l=45,c=32768,r=45],false)@START
[DEBUG] generateHeaders HTTP/1.1{s=200,h=2,cl=-1} last=false content=DirectByteBuffer@1667663f[p=0,l=45,c=32768,r=45]={<<<<doc><val>One<val>Two</val>Three</val></doc>\n>>>>\n    <st...gue. Pr}
[DEBUG] Date: Mon, 20 Sep 2021 19:30:18 GMT
Content-Type: text/html


[DEBUG] CHUNKED_CONTENT
[DEBUG] generate: FLUSH for SendCallback@5f75d958[PROCESSING][i=HTTP/1.1{s=200,h=2,cl=-1},cb=org.eclipse.jetty.server.HttpChannel$SendCallback@5c65c159] ([p=0,l=146,c=8192,r=146],[p=0,l=45,c=32768,r=45],false)@COMMITTED
[DEBUG] write: WriteFlusher@21254e7e{IDLE}->null [HeapByteBuffer@22b9b50d[p=0,l=146,c=8192,r=146]={<<<HTTP/1.1 200 OK\r\nDate: Mo...4.43.v20210629)\r\n\r\n2D\r\n>>>tent-Leng...\x86&h\xA0{\xC1\xC2},DirectByteBuffer@1667663f[p=0,l=45,c=32768,r=45]={<<<<doc><val>One<val>Two</val>Three</val></doc>\n>>>>\n    <st...gue. Pr}]
[DEBUG] update WriteFlusher@21254e7e{WRITING}->null:IDLE-->WRITING
[DEBUG] flushed 191 SocketChannelEndPoint@d47ed43{l=/127.0.0.1:38858,r=/127.0.0.1:42940,OPEN,fill=-,flush=W,to=6/30000}{io=0/0,kio=0,kro=1}->HttpConnection@42bd18a0[p=HttpParser{s=CONTENT,0 of -1},g=HttpGenerator@73351804{s=COMMITTED}]=>HttpChannelOverHttp@380129b{s=HttpChannelState@7bf8633{s=HANDLING rs=BLOCKING os=COMMITTED is=IDLE awp=false se=false i=true al=0},r=12,c=false/false,a=HANDLING,uri=//localhost:38858/FileServlet/htmltests/xml-test.xml,age=6}
[DEBUG] Flushed=true written=191 remaining=0 WriteFlusher@21254e7e{WRITING}->null
[DEBUG] update WriteFlusher@21254e7e{IDLE}->null:WRITING-->IDLE
[DEBUG] generate: DONE for SendCallback@5f75d958[PROCESSING][i=HTTP/1.1{s=200,h=2,cl=-1},cb=org.eclipse.jetty.server.HttpChannel$SendCallback@5c65c159] ([p=146,l=146,c=8192,r=0],[p=45,l=45,c=32768,r=0],false)@COMMITTED
[DEBUG] onWriteComplete(false,null) s=OPEN,api=BLOCKED,sc=false,e=null->s=OPEN,api=BLOCKING,sc=false,e=null c=null cb=null w=false
[DEBUG] handled=true async=false committed=true on HttpChannelOverHttp@380129b{s=HttpChannelState@7bf8633{s=HANDLING rs=BLOCKING os=COMMITTED is=IDLE awp=false se=false i=true al=0},r=12,c=false/false,a=HANDLING,uri=//localhost:38858/FileServlet/htmltests/xml-test.xml,age=7}
[DEBUG] unhandle HttpChannelState@7bf8633{s=HANDLING rs=BLOCKING os=COMMITTED is=IDLE awp=false se=false i=true al=0}
[DEBUG] nextAction(false) COMPLETE HttpChannelState@7bf8633{s=HANDLING rs=COMPLETING os=COMMITTED is=IDLE awp=false se=false i=false al=0}
[DEBUG] action COMPLETE HttpChannelOverHttp@380129b{s=HttpChannelState@7bf8633{s=HANDLING rs=COMPLETING os=COMMITTED is=IDLE awp=false se=false i=false al=0},r=12,c=false/false,a=HANDLING,uri=//localhost:38858/FileServlet/htmltests/xml-test.xml,age=7}
[DEBUG] complete(org.eclipse.jetty.util.Callback$3@741a1fb5) s=CLOSING,api=BLOCKED,sc=false,e=null s=false e=null, c=HeapByteBuffer@11848662[p=0,l=0,c=0,r=0]={<<<>>>}
[DEBUG] sendResponse info=null content=HeapByteBuffer@11848662[p=0,l=0,c=0,r=0]={<<<>>>} complete=true committing=false callback=org.eclipse.jetty.server.HttpOutput$WriteCompleteCB@d6d76d1
[DEBUG] generate: CONTINUE for SendCallback@5f75d958[PROCESSING][i=null,cb=org.eclipse.jetty.server.HttpChannel$SendCallback@39409fd0] (null,[p=0,l=0,c=0,r=0],true)@COMPLETING
[DEBUG] generate: NEED_CHUNK for SendCallback@5f75d958[PROCESSING][i=null,cb=org.eclipse.jetty.server.HttpChannel$SendCallback@39409fd0] (null,[p=0,l=0,c=0,r=0],true)@COMPLETING
[DEBUG] generate: FLUSH for SendCallback@5f75d958[PROCESSING][i=null,cb=org.eclipse.jetty.server.HttpChannel$SendCallback@39409fd0] (null,[p=0,l=0,c=0,r=0],true)@COMPLETING
[DEBUG] write: WriteFlusher@21254e7e{IDLE}->null [HeapByteBuffer@ed6005f[p=0,l=7,c=1024,r=7]={<<<\r\n0\r\n\r\n>>>\n\x00\x00\x00\x00\x00\x00\x00\x00...\x00\x00\x00\x00\x00\x00\x00}]
[DEBUG] update WriteFlusher@21254e7e{WRITING}->null:IDLE-->WRITING
[DEBUG] flushed 7 SocketChannelEndPoint@d47ed43{l=/127.0.0.1:38858,r=/127.0.0.1:42940,OPEN,fill=-,flush=W,to=0/30000}{io=0/0,kio=0,kro=1}->HttpConnection@42bd18a0[p=HttpParser{s=CONTENT,0 of -1},g=HttpGenerator@73351804{s=COMPLETING}]=>HttpChannelOverHttp@380129b{s=HttpChannelState@7bf8633{s=HANDLING rs=COMPLETING os=COMMITTED is=IDLE awp=false se=false i=false al=0},r=12,c=false/false,a=HANDLING,uri=//localhost:38858/FileServlet/htmltests/xml-test.xml,age=7}
[DEBUG] Flushed=true written=7 remaining=0 WriteFlusher@21254e7e{WRITING}->null
[DEBUG] update WriteFlusher@21254e7e{IDLE}->null:WRITING-->IDLE
[DEBUG] generate: DONE for SendCallback@5f75d958[PROCESSING][i=null,cb=org.eclipse.jetty.server.HttpChannel$SendCallback@39409fd0] (null,[p=0,l=0,c=0,r=0],true)@END
[DEBUG] onWriteComplete(true,null) s=CLOSING,api=BLOCKED,sc=false,e=null->s=CLOSED,api=BLOCKING,sc=false,e=null c=null cb=org.eclipse.jetty.util.Callback$3@741a1fb5 w=false
[DEBUG] completed HttpChannelState@7bf8633{s=HANDLING rs=COMPLETING os=COMPLETED is=IDLE awp=false se=false i=false al=0}
[DEBUG] unhandle HttpChannelState@7bf8633{s=HANDLING rs=COMPLETED os=COMPLETED is=IDLE awp=false se=false i=false al=0}
[DEBUG] nextAction(false) TERMINATED HttpChannelState@7bf8633{s=IDLE rs=COMPLETED os=COMPLETED is=IDLE awp=false se=false i=false al=0}
[DEBUG] action TERMINATED HttpChannelOverHttp@380129b{s=HttpChannelState@7bf8633{s=IDLE rs=COMPLETED os=COMPLETED is=IDLE awp=false se=false i=false al=0},r=12,c=true/true,a=IDLE,uri=//localhost:38858/FileServlet/htmltests/xml-test.xml,age=7}
[DEBUG] onCompleted for /FileServlet/htmltests/xml-test.xml written=45
[DEBUG] filled 0 HeapByteBuffer@78a30358[p=0,l=0,c=8192,r=0]={<<<>>>GET /Echo...\xCe\x1f\xAf\xC2\x8d\xCey}
[DEBUG] filled 0 HeapByteBuffer@78a30358[p=0,l=0,c=8192,r=0]={<<<>>>GET /Echo...\xCe\x1f\xAf\xC2\x8d\xCey}
[DEBUG] HttpConnection@42bd18a0::SocketChannelEndPoint@d47ed43{l=/127.0.0.1:38858,r=/127.0.0.1:42940,OPEN,fill=-,flush=-,to=0/30000}{io=0/0,kio=0,kro=1}->HttpConnection@42bd18a0[p=HttpParser{s=CONTENT,0 of -1},g=HttpGenerator@73351804{s=END}]=>HttpChannelOverHttp@380129b{s=HttpChannelState@7bf8633{s=IDLE rs=COMPLETED os=COMPLETED is=IDLE awp=false se=false i=false al=0},r=12,c=true/true,a=IDLE,uri=//localhost:38858/FileServlet/htmltests/xml-test.xml,age=7} filled 0 HeapByteBuffer@78a30358[p=0,l=0,c=8192,r=0]={<<<>>>GET /Echo...\xCe\x1f\xAf\xC2\x8d\xCey}
[DEBUG] HttpConnection@42bd18a0::SocketChannelEndPoint@d47ed43{l=/127.0.0.1:38858,r=/127.0.0.1:42940,OPEN,fill=-,flush=-,to=0/30000}{io=0/0,kio=0,kro=1}->HttpConnection@42bd18a0[p=HttpParser{s=CONTENT,0 of -1},g=HttpGenerator@73351804{s=END}]=>HttpChannelOverHttp@380129b{s=HttpChannelState@7bf8633{s=IDLE rs=COMPLETED os=COMPLETED is=IDLE awp=false se=false i=false al=0},r=12,c=true/true,a=IDLE,uri=//localhost:38858/FileServlet/htmltests/xml-test.xml,age=7} parse HeapByteBuffer@78a30358[p=0,l=0,c=8192,r=0]={<<<>>>GET /Echo...\xCe\x1f\xAf\xC2\x8d\xCey} {}
[DEBUG] parseNext s=CONTENT HeapByteBuffer@78a30358[p=0,l=0,c=8192,r=0]={<<<>>>GET /Echo...\xCe\x1f\xAf\xC2\x8d\xCey}
[DEBUG] CONTENT --> CONTENT_END
[DEBUG] onContentComplete HttpChannelOverHttp@380129b{s=HttpChannelState@7bf8633{s=IDLE rs=COMPLETED os=COMPLETED is=IDLE awp=false se=false i=false al=0},r=12,c=true/true,a=IDLE,uri=//localhost:38858/FileServlet/htmltests/xml-test.xml,age=7}
[DEBUG] CONTENT_END --> END
[DEBUG] onRequestComplete HttpChannelOverHttp@380129b{s=HttpChannelState@7bf8633{s=IDLE rs=COMPLETED os=COMPLETED is=IDLE awp=false se=false i=false al=0},r=12,c=true/true,a=IDLE,uri=//localhost:38858/FileServlet/htmltests/xml-test.xml,age=7}
[DEBUG] HttpInputOverHTTP@8cf6f52[c=0,q=0,[0]=null,s=STREAM] addContent EOF
[DEBUG] HttpConnection@42bd18a0::SocketChannelEndPoint@d47ed43{l=/127.0.0.1:38858,r=/127.0.0.1:42940,OPEN,fill=-,flush=-,to=0/30000}{io=0/0,kio=0,kro=1}->HttpConnection@42bd18a0[p=HttpParser{s=END,0 of -1},g=HttpGenerator@73351804{s=END}]=>HttpChannelOverHttp@380129b{s=HttpChannelState@7bf8633{s=IDLE rs=COMPLETED os=COMPLETED is=IDLE awp=false se=false i=false al=0},r=12,c=true/true,a=IDLE,uri=//localhost:38858/FileServlet/htmltests/xml-test.xml,age=8} parsed false HttpParser{s=END,0 of -1}
[DEBUG] releaseRequestBuffer HttpConnection@42bd18a0::SocketChannelEndPoint@d47ed43{l=/127.0.0.1:38858,r=/127.0.0.1:42940,OPEN,fill=-,flush=-,to=0/30000}{io=0/0,kio=0,kro=1}->HttpConnection@42bd18a0[p=HttpParser{s=END,0 of -1},g=HttpGenerator@73351804{s=END}]=>HttpChannelOverHttp@380129b{s=HttpChannelState@7bf8633{s=IDLE rs=COMPLETED os=COMPLETED is=IDLE awp=false se=false i=false al=0},r=12,c=true/true,a=IDLE,uri=//localhost:38858/FileServlet/htmltests/xml-test.xml,age=8}
[DEBUG] recycle HttpChannelState@7bf8633{s=IDLE rs=COMPLETED os=COMPLETED is=IDLE awp=false se=false i=false al=0}
[DEBUG] reset HttpParser{s=END,0 of -1}
[DEBUG] END --> START
[DEBUG] !handle TERMINATED HttpChannelOverHttp@380129b{s=HttpChannelState@7bf8633{s=IDLE rs=BLOCKING os=OPEN is=IDLE awp=false se=false i=true al=0},r=12,c=false/false,a=IDLE,uri=null,age=0}
[DEBUG] filled 313 HeapByteBuffer@41e05b38[p=0,l=313,c=8192,r=313]={<<<GET /FileServlet/htmltest...nection: keep-alive\r\n\r\n>>>\xDe\xF2\xF4\x97\x1c\xE4\xA6\xE9s...\x00\x00\x00\x00\x00\x00\x00}
[DEBUG] HttpConnection@42bd18a0::SocketChannelEndPoint@d47ed43{l=/127.0.0.1:38858,r=/127.0.0.1:42940,OPEN,fill=-,flush=-,to=0/30000}{io=0/0,kio=0,kro=1}->HttpConnection@42bd18a0[p=HttpParser{s=START,0 of -1},g=HttpGenerator@73351804{s=START}]=>HttpChannelOverHttp@380129b{s=HttpChannelState@7bf8633{s=IDLE rs=BLOCKING os=OPEN is=IDLE awp=false se=false i=true al=0},r=12,c=false/false,a=IDLE,uri=null,age=0} filled 313 HeapByteBuffer@41e05b38[p=0,l=313,c=8192,r=313]={<<<GET /FileServlet/htmltest...nection: keep-alive\r\n\r\n>>>\xDe\xF2\xF4\x97\x1c\xE4\xA6\xE9s...\x00\x00\x00\x00\x00\x00\x00}
[DEBUG] HttpConnection@42bd18a0::SocketChannelEndPoint@d47ed43{l=/127.0.0.1:38858,r=/127.0.0.1:42940,OPEN,fill=-,flush=-,to=0/30000}{io=0/0,kio=0,kro=1}->HttpConnection@42bd18a0[p=HttpParser{s=START,0 of -1},g=HttpGenerator@73351804{s=START}]=>HttpChannelOverHttp@380129b{s=HttpChannelState@7bf8633{s=IDLE rs=BLOCKING os=OPEN is=IDLE awp=false se=false i=true al=0},r=12,c=false/false,a=IDLE,uri=null,age=0} parse HeapByteBuffer@41e05b38[p=0,l=313,c=8192,r=313]={<<<GET /FileServlet/htmltest...nection: keep-alive\r\n\r\n>>>\xDe\xF2\xF4\x97\x1c\xE4\xA6\xE9s...\x00\x00\x00\x00\x00\x00\x00} {}
[DEBUG] parseNext s=START HeapByteBuffer@41e05b38[p=0,l=313,c=8192,r=313]={<<<GET /FileServlet/htmltest...nection: keep-alive\r\n\r\n>>>\xDe\xF2\xF4\x97\x1c\xE4\xA6\xE9s...\x00\x00\x00\x00\x00\x00\x00}
[DEBUG] START --> SPACE1
[DEBUG] SPACE1 --> URI
[DEBUG] URI --> SPACE2
[DEBUG] SPACE2 --> REQUEST_VERSION
[DEBUG] REQUEST_VERSION --> HEADER
[DEBUG] HEADER:Accept-Encoding: gzip --> IN_VALUE
[DEBUG] HEADER:Accept-Encoding: gzip --> FIELD
[DEBUG] HEADER:User-Agent: Mozilla/5.0 (Windows NT 10.0; Win64; x64) AppleWebKit/537.36 (KHTML, like Gecko) Chrome/79.0.3945.130 Safari/537.36 --> IN_VALUE
[DEBUG] HEADER:User-Agent: Mozilla/5.0 (Windows NT 10.0; Win64; x64) AppleWebKit/537.36 (KHTML, like Gecko) Chrome/79.0.3945.130 Safari/537.36 --> FIELD
[DEBUG] HEADER:Host: localhost:38858 --> IN_VALUE
[DEBUG] HEADER:Host: localhost:38858 --> FIELD
[DEBUG] HEADER:Accept: text/html, image/gif, image/jpeg, *; q=.2, */*; q=.2 --> IN_VALUE
[DEBUG] HEADER:Accept: text/html, image/gif, image/jpeg, *; q=.2, */*; q=.2 --> FIELD
[DEBUG] HEADER:Connection: keep-alive --> IN_VALUE
[DEBUG] HEADER:Connection: keep-alive --> FIELD
[DEBUG] HEADER --> CONTENT
[DEBUG] REQUEST for //localhost:38858/FileServlet/htmltests/xml-test.xml on HttpChannelOverHttp@380129b{s=HttpChannelState@7bf8633{s=IDLE rs=BLOCKING os=OPEN is=IDLE awp=false se=false i=true al=0},r=13,c=false/false,a=IDLE,uri=//localhost:38858/FileServlet/htmltests/xml-test.xml,age=0}
GET //localhost:38858/FileServlet/htmltests/xml-test.xml HTTP/1.1
Accept-Encoding: gzip
User-Agent: Mozilla/5.0 (Windows NT 10.0; Win64; x64) AppleWebKit/537.36 (KHTML, like Gecko) Chrome/79.0.3945.130 Safari/537.36
Host: localhost:38858
Accept: text/html, image/gif, image/jpeg, *; q=.2, */*; q=.2
Connection: keep-alive


[DEBUG] HttpConnection@42bd18a0::SocketChannelEndPoint@d47ed43{l=/127.0.0.1:38858,r=/127.0.0.1:42940,OPEN,fill=-,flush=-,to=0/30000}{io=0/0,kio=0,kro=1}->HttpConnection@42bd18a0[p=HttpParser{s=CONTENT,0 of -1},g=HttpGenerator@73351804{s=START}]=>HttpChannelOverHttp@380129b{s=HttpChannelState@7bf8633{s=IDLE rs=BLOCKING os=OPEN is=IDLE awp=false se=false i=true al=0},r=13,c=false/false,a=IDLE,uri=//localhost:38858/FileServlet/htmltests/xml-test.xml,age=0} parsed true HttpParser{s=CONTENT,0 of -1}
[DEBUG] releaseRequestBuffer HttpConnection@42bd18a0::SocketChannelEndPoint@d47ed43{l=/127.0.0.1:38858,r=/127.0.0.1:42940,OPEN,fill=-,flush=-,to=0/30000}{io=0/0,kio=0,kro=1}->HttpConnection@42bd18a0[p=HttpParser{s=CONTENT,0 of -1},g=HttpGenerator@73351804{s=START}]=>HttpChannelOverHttp@380129b{s=HttpChannelState@7bf8633{s=IDLE rs=BLOCKING os=OPEN is=IDLE awp=false se=false i=true al=0},r=13,c=false/false,a=IDLE,uri=//localhost:38858/FileServlet/htmltests/xml-test.xml,age=0}
[DEBUG] handle //localhost:38858/FileServlet/htmltests/xml-test.xml HttpChannelOverHttp@380129b{s=HttpChannelState@7bf8633{s=IDLE rs=BLOCKING os=OPEN is=IDLE awp=false se=false i=true al=0},r=13,c=false/false,a=IDLE,uri=//localhost:38858/FileServlet/htmltests/xml-test.xml,age=0} 
[DEBUG] handling HttpChannelState@7bf8633{s=IDLE rs=BLOCKING os=OPEN is=IDLE awp=false se=false i=true al=0}
[DEBUG] action DISPATCH HttpChannelOverHttp@380129b{s=HttpChannelState@7bf8633{s=HANDLING rs=BLOCKING os=OPEN is=IDLE awp=false se=false i=true al=0},r=13,c=false/false,a=HANDLING,uri=//localhost:38858/FileServlet/htmltests/xml-test.xml,age=0}
[DEBUG] REQUEST GET /FileServlet/htmltests/xml-test.xml on HttpChannelOverHttp@380129b{s=HttpChannelState@7bf8633{s=HANDLING rs=BLOCKING os=OPEN is=IDLE awp=false se=false i=true al=0},r=13,c=false/false,a=HANDLING,uri=//localhost:38858/FileServlet/htmltests/xml-test.xml,age=0}
[DEBUG] servlet null|/FileServlet|/htmltests/xml-test.xml -> org.jsoup.integration.servlets.FileServlet-3fffff43==org.jsoup.integration.servlets.FileServlet@bc0855c5{jsp=null,order=-1,inst=true,async=true,src=EMBEDDED:null,STARTED}
[DEBUG] chain=null
[DEBUG] write(array HeapByteBuffer@4bddfea8[p=0,l=45,c=8192,r=45]={<<<<doc><val>One<val>Two</val>Three</val></doc>\n>>>\x00\x00\x00\x00\x00\x00\x00\x00\x00...\x00\x00\x00\x00\x00\x00\x00})
[DEBUG] write(array) s=OPEN,api=BLOCKING,sc=false,e=null aggregated !flush DirectByteBuffer@577d71b2[p=0,l=45,c=32768,r=45]={<<<<doc><val>One<val>Two</val>Three</val></doc>\n>>>>\n    <st...gue. Pr}
[DEBUG] sendResponse info=null content=DirectByteBuffer@577d71b2[p=0,l=45,c=32768,r=45]={<<<<doc><val>One<val>Two</val>Three</val></doc>\n>>>>\n    <st...gue. Pr} complete=false committing=true callback=Blocker@594fb565{null}
[DEBUG] COMMIT for /FileServlet/htmltests/xml-test.xml on HttpChannelOverHttp@380129b{s=HttpChannelState@7bf8633{s=HANDLING rs=BLOCKING os=COMMITTED is=IDLE awp=false se=false i=true al=0},r=13,c=false/false,a=HANDLING,uri=//localhost:38858/FileServlet/htmltests/xml-test.xml,age=1}
200 null HTTP/1.1
Date: Mon, 20 Sep 2021 19:30:18 GMT
Content-Type: text/html


[DEBUG] generate: NEED_HEADER for SendCallback@5f75d958[PROCESSING][i=HTTP/1.1{s=200,h=2,cl=-1},cb=org.eclipse.jetty.server.HttpChannel$SendCallback@6f1eb7d1] (null,[p=0,l=45,c=32768,r=45],false)@START
[DEBUG] generateHeaders HTTP/1.1{s=200,h=2,cl=-1} last=false content=DirectByteBuffer@577d71b2[p=0,l=45,c=32768,r=45]={<<<<doc><val>One<val>Two</val>Three</val></doc>\n>>>>\n    <st...gue. Pr}
[DEBUG] Date: Mon, 20 Sep 2021 19:30:18 GMT
Content-Type: text/html


[DEBUG] CHUNKED_CONTENT
[DEBUG] generate: FLUSH for SendCallback@5f75d958[PROCESSING][i=HTTP/1.1{s=200,h=2,cl=-1},cb=org.eclipse.jetty.server.HttpChannel$SendCallback@6f1eb7d1] ([p=0,l=146,c=8192,r=146],[p=0,l=45,c=32768,r=45],false)@COMMITTED
[DEBUG] write: WriteFlusher@21254e7e{IDLE}->null [HeapByteBuffer@22b9b50d[p=0,l=146,c=8192,r=146]={<<<HTTP/1.1 200 OK\r\nDate: Mo...4.43.v20210629)\r\n\r\n2D\r\n>>>tent-Leng...\x86&h\xA0{\xC1\xC2},DirectByteBuffer@577d71b2[p=0,l=45,c=32768,r=45]={<<<<doc><val>One<val>Two</val>Three</val></doc>\n>>>>\n    <st...gue. Pr}]
[DEBUG] update WriteFlusher@21254e7e{WRITING}->null:IDLE-->WRITING
[DEBUG] flushed 191 SocketChannelEndPoint@d47ed43{l=/127.0.0.1:38858,r=/127.0.0.1:42940,OPEN,fill=-,flush=W,to=10/30000}{io=0/0,kio=0,kro=1}->HttpConnection@42bd18a0[p=HttpParser{s=CONTENT,0 of -1},g=HttpGenerator@73351804{s=COMMITTED}]=>HttpChannelOverHttp@380129b{s=HttpChannelState@7bf8633{s=HANDLING rs=BLOCKING os=COMMITTED is=IDLE awp=false se=false i=true al=0},r=13,c=false/false,a=HANDLING,uri=//localhost:38858/FileServlet/htmltests/xml-test.xml,age=11}
[DEBUG] Flushed=true written=191 remaining=0 WriteFlusher@21254e7e{WRITING}->null
[DEBUG] update WriteFlusher@21254e7e{IDLE}->null:WRITING-->IDLE
[DEBUG] generate: DONE for SendCallback@5f75d958[PROCESSING][i=HTTP/1.1{s=200,h=2,cl=-1},cb=org.eclipse.jetty.server.HttpChannel$SendCallback@6f1eb7d1] ([p=146,l=146,c=8192,r=0],[p=45,l=45,c=32768,r=0],false)@COMMITTED
[DEBUG] onWriteComplete(false,null) s=OPEN,api=BLOCKED,sc=false,e=null->s=OPEN,api=BLOCKING,sc=false,e=null c=null cb=null w=false
[DEBUG] handled=true async=false committed=true on HttpChannelOverHttp@380129b{s=HttpChannelState@7bf8633{s=HANDLING rs=BLOCKING os=COMMITTED is=IDLE awp=false se=false i=true al=0},r=13,c=false/false,a=HANDLING,uri=//localhost:38858/FileServlet/htmltests/xml-test.xml,age=11}
[DEBUG] unhandle HttpChannelState@7bf8633{s=HANDLING rs=BLOCKING os=COMMITTED is=IDLE awp=false se=false i=true al=0}
[DEBUG] nextAction(false) COMPLETE HttpChannelState@7bf8633{s=HANDLING rs=COMPLETING os=COMMITTED is=IDLE awp=false se=false i=false al=0}
[DEBUG] action COMPLETE HttpChannelOverHttp@380129b{s=HttpChannelState@7bf8633{s=HANDLING rs=COMPLETING os=COMMITTED is=IDLE awp=false se=false i=false al=0},r=13,c=false/false,a=HANDLING,uri=//localhost:38858/FileServlet/htmltests/xml-test.xml,age=11}
[DEBUG] complete(org.eclipse.jetty.util.Callback$3@9238f1d) s=CLOSING,api=BLOCKED,sc=false,e=null s=false e=null, c=HeapByteBuffer@11848662[p=0,l=0,c=0,r=0]={<<<>>>}
[DEBUG] sendResponse info=null content=HeapByteBuffer@11848662[p=0,l=0,c=0,r=0]={<<<>>>} complete=true committing=false callback=org.eclipse.jetty.server.HttpOutput$WriteCompleteCB@34a02ff6
[DEBUG] generate: CONTINUE for SendCallback@5f75d958[PROCESSING][i=null,cb=org.eclipse.jetty.server.HttpChannel$SendCallback@10acbf74] (null,[p=0,l=0,c=0,r=0],true)@COMPLETING
[DEBUG] generate: NEED_CHUNK for SendCallback@5f75d958[PROCESSING][i=null,cb=org.eclipse.jetty.server.HttpChannel$SendCallback@10acbf74] (null,[p=0,l=0,c=0,r=0],true)@COMPLETING
[DEBUG] generate: FLUSH for SendCallback@5f75d958[PROCESSING][i=null,cb=org.eclipse.jetty.server.HttpChannel$SendCallback@10acbf74] (null,[p=0,l=0,c=0,r=0],true)@COMPLETING
[DEBUG] write: WriteFlusher@21254e7e{IDLE}->null [HeapByteBuffer@e6dab5c[p=0,l=7,c=1024,r=7]={<<<\r\n0\r\n\r\n>>>\n\x00\x00\x00\x00\x00\x00\x00\x00...\x00\x00\x00\x00\x00\x00\x00}]
[DEBUG] update WriteFlusher@21254e7e{WRITING}->null:IDLE-->WRITING
[DEBUG] flushed 7 SocketChannelEndPoint@d47ed43{l=/127.0.0.1:38858,r=/127.0.0.1:42940,OPEN,fill=-,flush=W,to=1/30000}{io=0/0,kio=0,kro=1}->HttpConnection@42bd18a0[p=HttpParser{s=CONTENT,0 of -1},g=HttpGenerator@73351804{s=COMPLETING}]=>HttpChannelOverHttp@380129b{s=HttpChannelState@7bf8633{s=HANDLING rs=COMPLETING os=COMMITTED is=IDLE awp=false se=false i=false al=0},r=13,c=false/false,a=HANDLING,uri=//localhost:38858/FileServlet/htmltests/xml-test.xml,age=12}
[DEBUG] Flushed=true written=7 remaining=0 WriteFlusher@21254e7e{WRITING}->null
[DEBUG] update WriteFlusher@21254e7e{IDLE}->null:WRITING-->IDLE
[DEBUG] generate: DONE for SendCallback@5f75d958[PROCESSING][i=null,cb=org.eclipse.jetty.server.HttpChannel$SendCallback@10acbf74] (null,[p=0,l=0,c=0,r=0],true)@END
[DEBUG] onWriteComplete(true,null) s=CLOSING,api=BLOCKED,sc=false,e=null->s=CLOSED,api=BLOCKING,sc=false,e=null c=null cb=org.eclipse.jetty.util.Callback$3@9238f1d w=false
[DEBUG] completed HttpChannelState@7bf8633{s=HANDLING rs=COMPLETING os=COMPLETED is=IDLE awp=false se=false i=false al=0}
[DEBUG] unhandle HttpChannelState@7bf8633{s=HANDLING rs=COMPLETED os=COMPLETED is=IDLE awp=false se=false i=false al=0}
[DEBUG] nextAction(false) TERMINATED HttpChannelState@7bf8633{s=IDLE rs=COMPLETED os=COMPLETED is=IDLE awp=false se=false i=false al=0}
[DEBUG] action TERMINATED HttpChannelOverHttp@380129b{s=HttpChannelState@7bf8633{s=IDLE rs=COMPLETED os=COMPLETED is=IDLE awp=false se=false i=false al=0},r=13,c=true/true,a=IDLE,uri=//localhost:38858/FileServlet/htmltests/xml-test.xml,age=13}
[DEBUG] onCompleted for /FileServlet/htmltests/xml-test.xml written=45
[DEBUG] filled 313 HeapByteBuffer@78a30358[p=0,l=313,c=8192,r=313]={<<<GET /FileServlet/htmltest...nection: keep-alive\r\n\r\n>>> keep-ali...\xCe\x1f\xAf\xC2\x8d\xCey}
[DEBUG] HttpConnection@42bd18a0::SocketChannelEndPoint@d47ed43{l=/127.0.0.1:38858,r=/127.0.0.1:42940,OPEN,fill=-,flush=-,to=0/30000}{io=0/0,kio=0,kro=1}->HttpConnection@42bd18a0[p=HttpParser{s=CONTENT,0 of -1},g=HttpGenerator@73351804{s=END}]=>HttpChannelOverHttp@380129b{s=HttpChannelState@7bf8633{s=IDLE rs=COMPLETED os=COMPLETED is=IDLE awp=false se=false i=false al=0},r=13,c=true/true,a=IDLE,uri=//localhost:38858/FileServlet/htmltests/xml-test.xml,age=13} filled 313 HeapByteBuffer@78a30358[p=0,l=313,c=8192,r=313]={<<<GET /FileServlet/htmltest...nection: keep-alive\r\n\r\n>>> keep-ali...\xCe\x1f\xAf\xC2\x8d\xCey}
[DEBUG] HttpConnection@42bd18a0::SocketChannelEndPoint@d47ed43{l=/127.0.0.1:38858,r=/127.0.0.1:42940,OPEN,fill=-,flush=-,to=0/30000}{io=0/0,kio=0,kro=1}->HttpConnection@42bd18a0[p=HttpParser{s=CONTENT,0 of -1},g=HttpGenerator@73351804{s=END}]=>HttpChannelOverHttp@380129b{s=HttpChannelState@7bf8633{s=IDLE rs=COMPLETED os=COMPLETED is=IDLE awp=false se=false i=false al=0},r=13,c=true/true,a=IDLE,uri=//localhost:38858/FileServlet/htmltests/xml-test.xml,age=13} parse HeapByteBuffer@78a30358[p=0,l=313,c=8192,r=313]={<<<GET /FileServlet/htmltest...nection: keep-alive\r\n\r\n>>> keep-ali...\xCe\x1f\xAf\xC2\x8d\xCey} {}
[DEBUG] parseNext s=CONTENT HeapByteBuffer@78a30358[p=0,l=313,c=8192,r=313]={<<<GET /FileServlet/htmltest...nection: keep-alive\r\n\r\n>>> keep-ali...\xCe\x1f\xAf\xC2\x8d\xCey}
[DEBUG] CONTENT --> CONTENT_END
[DEBUG] onContentComplete HttpChannelOverHttp@380129b{s=HttpChannelState@7bf8633{s=IDLE rs=COMPLETED os=COMPLETED is=IDLE awp=false se=false i=false al=0},r=13,c=true/true,a=IDLE,uri=//localhost:38858/FileServlet/htmltests/xml-test.xml,age=13}
[DEBUG] CONTENT_END --> END
[DEBUG] onRequestComplete HttpChannelOverHttp@380129b{s=HttpChannelState@7bf8633{s=IDLE rs=COMPLETED os=COMPLETED is=IDLE awp=false se=false i=false al=0},r=13,c=true/true,a=IDLE,uri=//localhost:38858/FileServlet/htmltests/xml-test.xml,age=13}
[DEBUG] HttpInputOverHTTP@8cf6f52[c=0,q=0,[0]=null,s=STREAM] addContent EOF
[DEBUG] HttpConnection@42bd18a0::SocketChannelEndPoint@d47ed43{l=/127.0.0.1:38858,r=/127.0.0.1:42940,OPEN,fill=-,flush=-,to=0/30000}{io=0/0,kio=0,kro=1}->HttpConnection@42bd18a0[p=HttpParser{s=END,0 of -1},g=HttpGenerator@73351804{s=END}]=>HttpChannelOverHttp@380129b{s=HttpChannelState@7bf8633{s=IDLE rs=COMPLETED os=COMPLETED is=IDLE awp=false se=false i=false al=0},r=13,c=true/true,a=IDLE,uri=//localhost:38858/FileServlet/htmltests/xml-test.xml,age=13} parsed false HttpParser{s=END,0 of -1}
[DEBUG] recycle HttpChannelState@7bf8633{s=IDLE rs=COMPLETED os=COMPLETED is=IDLE awp=false se=false i=false al=0}
[DEBUG] reset HttpParser{s=END,0 of -1}
[DEBUG] END --> START
[DEBUG] !handle TERMINATED HttpChannelOverHttp@380129b{s=HttpChannelState@7bf8633{s=IDLE rs=BLOCKING os=OPEN is=IDLE awp=false se=false i=true al=0},r=13,c=false/false,a=IDLE,uri=null,age=0}
[DEBUG] HttpConnection@42bd18a0::SocketChannelEndPoint@d47ed43{l=/127.0.0.1:38858,r=/127.0.0.1:42940,OPEN,fill=-,flush=-,to=0/30000}{io=0/0,kio=0,kro=1}->HttpConnection@42bd18a0[p=HttpParser{s=START,0 of -1},g=HttpGenerator@73351804{s=START}]=>HttpChannelOverHttp@380129b{s=HttpChannelState@7bf8633{s=IDLE rs=BLOCKING os=OPEN is=IDLE awp=false se=false i=true al=0},r=13,c=false/false,a=IDLE,uri=null,age=0} parse HeapByteBuffer@78a30358[p=0,l=313,c=8192,r=313]={<<<GET /FileServlet/htmltest...nection: keep-alive\r\n\r\n>>> keep-ali...\xCe\x1f\xAf\xC2\x8d\xCey} {}
[DEBUG] parseNext s=START HeapByteBuffer@78a30358[p=0,l=313,c=8192,r=313]={<<<GET /FileServlet/htmltest...nection: keep-alive\r\n\r\n>>> keep-ali...\xCe\x1f\xAf\xC2\x8d\xCey}
[DEBUG] START --> SPACE1
[DEBUG] SPACE1 --> URI
[DEBUG] URI --> SPACE2
[DEBUG] SPACE2 --> REQUEST_VERSION
[DEBUG] REQUEST_VERSION --> HEADER
[DEBUG] HEADER:Accept-Encoding: gzip --> IN_VALUE
[DEBUG] HEADER:Accept-Encoding: gzip --> FIELD
[DEBUG] HEADER:User-Agent: Mozilla/5.0 (Windows NT 10.0; Win64; x64) AppleWebKit/537.36 (KHTML, like Gecko) Chrome/79.0.3945.130 Safari/537.36 --> IN_VALUE
[DEBUG] HEADER:User-Agent: Mozilla/5.0 (Windows NT 10.0; Win64; x64) AppleWebKit/537.36 (KHTML, like Gecko) Chrome/79.0.3945.130 Safari/537.36 --> FIELD
[DEBUG] HEADER:Host: localhost:38858 --> IN_VALUE
[DEBUG] HEADER:Host: localhost:38858 --> FIELD
[DEBUG] HEADER:Accept: text/html, image/gif, image/jpeg, *; q=.2, */*; q=.2 --> IN_VALUE
[DEBUG] HEADER:Accept: text/html, image/gif, image/jpeg, *; q=.2, */*; q=.2 --> FIELD
[DEBUG] HEADER:Connection: keep-alive --> IN_VALUE
[DEBUG] HEADER:Connection: keep-alive --> FIELD
[DEBUG] HEADER --> CONTENT
[DEBUG] REQUEST for //localhost:38858/FileServlet/htmltests/xml-test.xml on HttpChannelOverHttp@380129b{s=HttpChannelState@7bf8633{s=IDLE rs=BLOCKING os=OPEN is=IDLE awp=false se=false i=true al=0},r=14,c=false/false,a=IDLE,uri=//localhost:38858/FileServlet/htmltests/xml-test.xml,age=0}
GET //localhost:38858/FileServlet/htmltests/xml-test.xml HTTP/1.1
Accept-Encoding: gzip
User-Agent: Mozilla/5.0 (Windows NT 10.0; Win64; x64) AppleWebKit/537.36 (KHTML, like Gecko) Chrome/79.0.3945.130 Safari/537.36
Host: localhost:38858
Accept: text/html, image/gif, image/jpeg, *; q=.2, */*; q=.2
Connection: keep-alive


[DEBUG] HttpConnection@42bd18a0::SocketChannelEndPoint@d47ed43{l=/127.0.0.1:38858,r=/127.0.0.1:42940,OPEN,fill=-,flush=-,to=0/30000}{io=0/0,kio=0,kro=1}->HttpConnection@42bd18a0[p=HttpParser{s=CONTENT,0 of -1},g=HttpGenerator@73351804{s=START}]=>HttpChannelOverHttp@380129b{s=HttpChannelState@7bf8633{s=IDLE rs=BLOCKING os=OPEN is=IDLE awp=false se=false i=true al=0},r=14,c=false/false,a=IDLE,uri=//localhost:38858/FileServlet/htmltests/xml-test.xml,age=0} parsed true HttpParser{s=CONTENT,0 of -1}
[DEBUG] releaseRequestBuffer HttpConnection@42bd18a0::SocketChannelEndPoint@d47ed43{l=/127.0.0.1:38858,r=/127.0.0.1:42940,OPEN,fill=-,flush=-,to=0/30000}{io=0/0,kio=0,kro=1}->HttpConnection@42bd18a0[p=HttpParser{s=CONTENT,0 of -1},g=HttpGenerator@73351804{s=START}]=>HttpChannelOverHttp@380129b{s=HttpChannelState@7bf8633{s=IDLE rs=BLOCKING os=OPEN is=IDLE awp=false se=false i=true al=0},r=14,c=false/false,a=IDLE,uri=//localhost:38858/FileServlet/htmltests/xml-test.xml,age=0}
[DEBUG] handle //localhost:38858/FileServlet/htmltests/xml-test.xml HttpChannelOverHttp@380129b{s=HttpChannelState@7bf8633{s=IDLE rs=BLOCKING os=OPEN is=IDLE awp=false se=false i=true al=0},r=14,c=false/false,a=IDLE,uri=//localhost:38858/FileServlet/htmltests/xml-test.xml,age=0} 
[DEBUG] handling HttpChannelState@7bf8633{s=IDLE rs=BLOCKING os=OPEN is=IDLE awp=false se=false i=true al=0}
[DEBUG] action DISPATCH HttpChannelOverHttp@380129b{s=HttpChannelState@7bf8633{s=HANDLING rs=BLOCKING os=OPEN is=IDLE awp=false se=false i=true al=0},r=14,c=false/false,a=HANDLING,uri=//localhost:38858/FileServlet/htmltests/xml-test.xml,age=0}
[DEBUG] REQUEST GET /FileServlet/htmltests/xml-test.xml on HttpChannelOverHttp@380129b{s=HttpChannelState@7bf8633{s=HANDLING rs=BLOCKING os=OPEN is=IDLE awp=false se=false i=true al=0},r=14,c=false/false,a=HANDLING,uri=//localhost:38858/FileServlet/htmltests/xml-test.xml,age=0}
[DEBUG] servlet null|/FileServlet|/htmltests/xml-test.xml -> org.jsoup.integration.servlets.FileServlet-3fffff43==org.jsoup.integration.servlets.FileServlet@bc0855c5{jsp=null,order=-1,inst=true,async=true,src=EMBEDDED:null,STARTED}
[DEBUG] chain=null
[DEBUG] write(array HeapByteBuffer@a16228f[p=0,l=45,c=8192,r=45]={<<<<doc><val>One<val>Two</val>Three</val></doc>\n>>>\x00\x00\x00\x00\x00\x00\x00\x00\x00...\x00\x00\x00\x00\x00\x00\x00})
[DEBUG] write(array) s=OPEN,api=BLOCKING,sc=false,e=null aggregated !flush DirectByteBuffer@1c19d748[p=0,l=45,c=32768,r=45]={<<<<doc><val>One<val>Two</val>Three</val></doc>\n>>>>\n    <st...gue. Pr}
[DEBUG] sendResponse info=null content=DirectByteBuffer@1c19d748[p=0,l=45,c=32768,r=45]={<<<<doc><val>One<val>Two</val>Three</val></doc>\n>>>>\n    <st...gue. Pr} complete=false committing=true callback=Blocker@594fb565{null}
[DEBUG] COMMIT for /FileServlet/htmltests/xml-test.xml on HttpChannelOverHttp@380129b{s=HttpChannelState@7bf8633{s=HANDLING rs=BLOCKING os=COMMITTED is=IDLE awp=false se=false i=true al=0},r=14,c=false/false,a=HANDLING,uri=//localhost:38858/FileServlet/htmltests/xml-test.xml,age=13}
200 null HTTP/1.1
Date: Mon, 20 Sep 2021 19:30:18 GMT
Content-Type: text/html


[DEBUG] generate: NEED_HEADER for SendCallback@5f75d958[PROCESSING][i=HTTP/1.1{s=200,h=2,cl=-1},cb=org.eclipse.jetty.server.HttpChannel$SendCallback@1f581fb7] (null,[p=0,l=45,c=32768,r=45],false)@START
[DEBUG] generateHeaders HTTP/1.1{s=200,h=2,cl=-1} last=false content=DirectByteBuffer@1c19d748[p=0,l=45,c=32768,r=45]={<<<<doc><val>One<val>Two</val>Three</val></doc>\n>>>>\n    <st...gue. Pr}
[DEBUG] Date: Mon, 20 Sep 2021 19:30:18 GMT
Content-Type: text/html


[DEBUG] CHUNKED_CONTENT
[DEBUG] generate: FLUSH for SendCallback@5f75d958[PROCESSING][i=HTTP/1.1{s=200,h=2,cl=-1},cb=org.eclipse.jetty.server.HttpChannel$SendCallback@1f581fb7] ([p=0,l=146,c=8192,r=146],[p=0,l=45,c=32768,r=45],false)@COMMITTED
[DEBUG] write: WriteFlusher@21254e7e{IDLE}->null [HeapByteBuffer@41e05b38[p=0,l=146,c=8192,r=146]={<<<HTTP/1.1 200 OK\r\nDate: Mo...4.43.v20210629)\r\n\r\n2D\r\n>>>(KHTML, l...\x00\x00\x00\x00\x00\x00\x00},DirectByteBuffer@1c19d748[p=0,l=45,c=32768,r=45]={<<<<doc><val>One<val>Two</val>Three</val></doc>\n>>>>\n    <st...gue. Pr}]
[DEBUG] update WriteFlusher@21254e7e{WRITING}->null:IDLE-->WRITING
[DEBUG] flushed 191 SocketChannelEndPoint@d47ed43{l=/127.0.0.1:38858,r=/127.0.0.1:42940,OPEN,fill=-,flush=W,to=16/30000}{io=0/0,kio=0,kro=1}->HttpConnection@42bd18a0[p=HttpParser{s=CONTENT,0 of -1},g=HttpGenerator@73351804{s=COMMITTED}]=>HttpChannelOverHttp@380129b{s=HttpChannelState@7bf8633{s=HANDLING rs=BLOCKING os=COMMITTED is=IDLE awp=false se=false i=true al=0},r=14,c=false/false,a=HANDLING,uri=//localhost:38858/FileServlet/htmltests/xml-test.xml,age=15}
[DEBUG] Flushed=true written=191 remaining=0 WriteFlusher@21254e7e{WRITING}->null
[DEBUG] update WriteFlusher@21254e7e{IDLE}->null:WRITING-->IDLE
[DEBUG] generate: DONE for SendCallback@5f75d958[PROCESSING][i=HTTP/1.1{s=200,h=2,cl=-1},cb=org.eclipse.jetty.server.HttpChannel$SendCallback@1f581fb7] ([p=146,l=146,c=8192,r=0],[p=45,l=45,c=32768,r=0],false)@COMMITTED
[DEBUG] onWriteComplete(false,null) s=OPEN,api=BLOCKED,sc=false,e=null->s=OPEN,api=BLOCKING,sc=false,e=null c=null cb=null w=false
[DEBUG] handled=true async=false committed=true on HttpChannelOverHttp@380129b{s=HttpChannelState@7bf8633{s=HANDLING rs=BLOCKING os=COMMITTED is=IDLE awp=false se=false i=true al=0},r=14,c=false/false,a=HANDLING,uri=//localhost:38858/FileServlet/htmltests/xml-test.xml,age=18}
[DEBUG] unhandle HttpChannelState@7bf8633{s=HANDLING rs=BLOCKING os=COMMITTED is=IDLE awp=false se=false i=true al=0}
[DEBUG] nextAction(false) COMPLETE HttpChannelState@7bf8633{s=HANDLING rs=COMPLETING os=COMMITTED is=IDLE awp=false se=false i=false al=0}
[DEBUG] action COMPLETE HttpChannelOverHttp@380129b{s=HttpChannelState@7bf8633{s=HANDLING rs=COMPLETING os=COMMITTED is=IDLE awp=false se=false i=false al=0},r=14,c=false/false,a=HANDLING,uri=//localhost:38858/FileServlet/htmltests/xml-test.xml,age=19}
[DEBUG] complete(org.eclipse.jetty.util.Callback$3@2ab25c35) s=CLOSING,api=BLOCKED,sc=false,e=null s=false e=null, c=HeapByteBuffer@11848662[p=0,l=0,c=0,r=0]={<<<>>>}
[DEBUG] sendResponse info=null content=HeapByteBuffer@11848662[p=0,l=0,c=0,r=0]={<<<>>>} complete=true committing=false callback=org.eclipse.jetty.server.HttpOutput$WriteCompleteCB@5f901108
[DEBUG] generate: CONTINUE for SendCallback@5f75d958[PROCESSING][i=null,cb=org.eclipse.jetty.server.HttpChannel$SendCallback@6429422f] (null,[p=0,l=0,c=0,r=0],true)@COMPLETING
[DEBUG] generate: NEED_CHUNK for SendCallback@5f75d958[PROCESSING][i=null,cb=org.eclipse.jetty.server.HttpChannel$SendCallback@6429422f] (null,[p=0,l=0,c=0,r=0],true)@COMPLETING
[DEBUG] generate: FLUSH for SendCallback@5f75d958[PROCESSING][i=null,cb=org.eclipse.jetty.server.HttpChannel$SendCallback@6429422f] (null,[p=0,l=0,c=0,r=0],true)@COMPLETING
[DEBUG] write: WriteFlusher@21254e7e{IDLE}->null [HeapByteBuffer@68278da5[p=0,l=7,c=1024,r=7]={<<<\r\n0\r\n\r\n>>>\n\x00\x00\x00\x00\x00\x00\x00\x00...\x00\x00\x00\x00\x00\x00\x00}]
[DEBUG] update WriteFlusher@21254e7e{WRITING}->null:IDLE-->WRITING
]]></system-out>
  </testcase>
  <testcase name="testPathScopedCookiesOnRedirect" classname="org.jsoup.integration.SessionTest" time="0.053">
    <system-out><![CDATA[[DEBUG] flushed 7 SocketChannelEndPoint@d47ed43{l=/127.0.0.1:38858,r=/127.0.0.1:42940,OPEN,fill=-,flush=W,to=6/30000}{io=0/0,kio=0,kro=1}->HttpConnection@42bd18a0[p=HttpParser{s=CONTENT,0 of -1},g=HttpGenerator@73351804{s=COMPLETING}]=>HttpChannelOverHttp@380129b{s=HttpChannelState@7bf8633{s=HANDLING rs=COMPLETING os=COMMITTED is=IDLE awp=false se=false i=false al=0},r=14,c=false/false,a=HANDLING,uri=//localhost:38858/FileServlet/htmltests/xml-test.xml,age=21}
[DEBUG] Flushed=true written=7 remaining=0 WriteFlusher@21254e7e{WRITING}->null
[DEBUG] update WriteFlusher@21254e7e{IDLE}->null:WRITING-->IDLE
[DEBUG] generate: DONE for SendCallback@5f75d958[PROCESSING][i=null,cb=org.eclipse.jetty.server.HttpChannel$SendCallback@6429422f] (null,[p=0,l=0,c=0,r=0],true)@END
[DEBUG] onWriteComplete(true,null) s=CLOSING,api=BLOCKED,sc=false,e=null->s=CLOSED,api=BLOCKING,sc=false,e=null c=null cb=org.eclipse.jetty.util.Callback$3@2ab25c35 w=false
[DEBUG] completed HttpChannelState@7bf8633{s=HANDLING rs=COMPLETING os=COMPLETED is=IDLE awp=false se=false i=false al=0}
[DEBUG] unhandle HttpChannelState@7bf8633{s=HANDLING rs=COMPLETED os=COMPLETED is=IDLE awp=false se=false i=false al=0}
[DEBUG] nextAction(false) TERMINATED HttpChannelState@7bf8633{s=IDLE rs=COMPLETED os=COMPLETED is=IDLE awp=false se=false i=false al=0}
[DEBUG] action TERMINATED HttpChannelOverHttp@380129b{s=HttpChannelState@7bf8633{s=IDLE rs=COMPLETED os=COMPLETED is=IDLE awp=false se=false i=false al=0},r=14,c=true/true,a=IDLE,uri=//localhost:38858/FileServlet/htmltests/xml-test.xml,age=22}
[DEBUG] onCompleted for /FileServlet/htmltests/xml-test.xml written=45
[DEBUG] filled 354 HeapByteBuffer@22b9b50d[p=0,l=354,c=8192,r=354]={<<<GET /CookieServlet?loc=ht...nection: keep-alive\r\n\r\n>>>\r\n\r\n{key:...\x86&h\xA0{\xC1\xC2}
[DEBUG] HttpConnection@42bd18a0::SocketChannelEndPoint@d47ed43{l=/127.0.0.1:38858,r=/127.0.0.1:42940,OPEN,fill=-,flush=-,to=0/30000}{io=0/0,kio=0,kro=1}->HttpConnection@42bd18a0[p=HttpParser{s=CONTENT,0 of -1},g=HttpGenerator@73351804{s=END}]=>HttpChannelOverHttp@380129b{s=HttpChannelState@7bf8633{s=IDLE rs=COMPLETED os=COMPLETED is=IDLE awp=false se=false i=false al=0},r=14,c=true/true,a=IDLE,uri=//localhost:38858/FileServlet/htmltests/xml-test.xml,age=22} filled 354 HeapByteBuffer@22b9b50d[p=0,l=354,c=8192,r=354]={<<<GET /CookieServlet?loc=ht...nection: keep-alive\r\n\r\n>>>\r\n\r\n{key:...\x86&h\xA0{\xC1\xC2}
[DEBUG] HttpConnection@42bd18a0::SocketChannelEndPoint@d47ed43{l=/127.0.0.1:38858,r=/127.0.0.1:42940,OPEN,fill=-,flush=-,to=0/30000}{io=0/0,kio=0,kro=1}->HttpConnection@42bd18a0[p=HttpParser{s=CONTENT,0 of -1},g=HttpGenerator@73351804{s=END}]=>HttpChannelOverHttp@380129b{s=HttpChannelState@7bf8633{s=IDLE rs=COMPLETED os=COMPLETED is=IDLE awp=false se=false i=false al=0},r=14,c=true/true,a=IDLE,uri=//localhost:38858/FileServlet/htmltests/xml-test.xml,age=22} parse HeapByteBuffer@22b9b50d[p=0,l=354,c=8192,r=354]={<<<GET /CookieServlet?loc=ht...nection: keep-alive\r\n\r\n>>>\r\n\r\n{key:...\x86&h\xA0{\xC1\xC2} {}
[DEBUG] parseNext s=CONTENT HeapByteBuffer@22b9b50d[p=0,l=354,c=8192,r=354]={<<<GET /CookieServlet?loc=ht...nection: keep-alive\r\n\r\n>>>\r\n\r\n{key:...\x86&h\xA0{\xC1\xC2}
[DEBUG] CONTENT --> CONTENT_END
[DEBUG] onContentComplete HttpChannelOverHttp@380129b{s=HttpChannelState@7bf8633{s=IDLE rs=COMPLETED os=COMPLETED is=IDLE awp=false se=false i=false al=0},r=14,c=true/true,a=IDLE,uri=//localhost:38858/FileServlet/htmltests/xml-test.xml,age=22}
[DEBUG] CONTENT_END --> END
[DEBUG] onRequestComplete HttpChannelOverHttp@380129b{s=HttpChannelState@7bf8633{s=IDLE rs=COMPLETED os=COMPLETED is=IDLE awp=false se=false i=false al=0},r=14,c=true/true,a=IDLE,uri=//localhost:38858/FileServlet/htmltests/xml-test.xml,age=22}
[DEBUG] HttpInputOverHTTP@8cf6f52[c=0,q=0,[0]=null,s=STREAM] addContent EOF
[DEBUG] HttpConnection@42bd18a0::SocketChannelEndPoint@d47ed43{l=/127.0.0.1:38858,r=/127.0.0.1:42940,OPEN,fill=-,flush=-,to=0/30000}{io=0/0,kio=0,kro=1}->HttpConnection@42bd18a0[p=HttpParser{s=END,0 of -1},g=HttpGenerator@73351804{s=END}]=>HttpChannelOverHttp@380129b{s=HttpChannelState@7bf8633{s=IDLE rs=COMPLETED os=COMPLETED is=IDLE awp=false se=false i=false al=0},r=14,c=true/true,a=IDLE,uri=//localhost:38858/FileServlet/htmltests/xml-test.xml,age=22} parsed false HttpParser{s=END,0 of -1}
[DEBUG] recycle HttpChannelState@7bf8633{s=IDLE rs=COMPLETED os=COMPLETED is=IDLE awp=false se=false i=false al=0}
[DEBUG] reset HttpParser{s=END,0 of -1}
[DEBUG] END --> START
[DEBUG] !handle TERMINATED HttpChannelOverHttp@380129b{s=HttpChannelState@7bf8633{s=IDLE rs=BLOCKING os=OPEN is=IDLE awp=false se=false i=true al=0},r=14,c=false/false,a=IDLE,uri=null,age=0}
[DEBUG] HttpConnection@42bd18a0::SocketChannelEndPoint@d47ed43{l=/127.0.0.1:38858,r=/127.0.0.1:42940,OPEN,fill=-,flush=-,to=0/30000}{io=0/0,kio=0,kro=1}->HttpConnection@42bd18a0[p=HttpParser{s=START,0 of -1},g=HttpGenerator@73351804{s=START}]=>HttpChannelOverHttp@380129b{s=HttpChannelState@7bf8633{s=IDLE rs=BLOCKING os=OPEN is=IDLE awp=false se=false i=true al=0},r=14,c=false/false,a=IDLE,uri=null,age=0} parse HeapByteBuffer@22b9b50d[p=0,l=354,c=8192,r=354]={<<<GET /CookieServlet?loc=ht...nection: keep-alive\r\n\r\n>>>\r\n\r\n{key:...\x86&h\xA0{\xC1\xC2} {}
[DEBUG] parseNext s=START HeapByteBuffer@22b9b50d[p=0,l=354,c=8192,r=354]={<<<GET /CookieServlet?loc=ht...nection: keep-alive\r\n\r\n>>>\r\n\r\n{key:...\x86&h\xA0{\xC1\xC2}
[DEBUG] START --> SPACE1
[DEBUG] SPACE1 --> URI
[DEBUG] URI --> SPACE2
[DEBUG] SPACE2 --> REQUEST_VERSION
[DEBUG] REQUEST_VERSION --> HEADER
[DEBUG] HEADER:Accept-Encoding: gzip --> IN_VALUE
[DEBUG] HEADER:Accept-Encoding: gzip --> FIELD
[DEBUG] HEADER:User-Agent: Mozilla/5.0 (Windows NT 10.0; Win64; x64) AppleWebKit/537.36 (KHTML, like Gecko) Chrome/79.0.3945.130 Safari/537.36 --> IN_VALUE
[DEBUG] HEADER:User-Agent: Mozilla/5.0 (Windows NT 10.0; Win64; x64) AppleWebKit/537.36 (KHTML, like Gecko) Chrome/79.0.3945.130 Safari/537.36 --> FIELD
[DEBUG] HEADER:Host: localhost:38858 --> IN_VALUE
[DEBUG] HEADER:Host: localhost:38858 --> FIELD
[DEBUG] HEADER:Accept: text/html, image/gif, image/jpeg, *; q=.2, */*; q=.2 --> IN_VALUE
[DEBUG] HEADER:Accept: text/html, image/gif, image/jpeg, *; q=.2, */*; q=.2 --> FIELD
[DEBUG] HEADER:Connection: keep-alive --> IN_VALUE
[DEBUG] HEADER:Connection: keep-alive --> FIELD
[DEBUG] HEADER --> CONTENT
[DEBUG] REQUEST for //localhost:38858/CookieServlet?loc=http%3A%2F%2Flocalhost%3A38858%2FEchoServlet&setCookies=1 on HttpChannelOverHttp@380129b{s=HttpChannelState@7bf8633{s=IDLE rs=BLOCKING os=OPEN is=IDLE awp=false se=false i=true al=0},r=15,c=false/false,a=IDLE,uri=//localhost:38858/CookieServlet?loc=http%3A%2F%2Flocalhost%3A38858%2FEchoServlet&setCookies=1,age=3}
GET //localhost:38858/CookieServlet?loc=http%3A%2F%2Flocalhost%3A38858%2FEchoServlet&setCookies=1 HTTP/1.1
Accept-Encoding: gzip
User-Agent: Mozilla/5.0 (Windows NT 10.0; Win64; x64) AppleWebKit/537.36 (KHTML, like Gecko) Chrome/79.0.3945.130 Safari/537.36
Host: localhost:38858
Accept: text/html, image/gif, image/jpeg, *; q=.2, */*; q=.2
Connection: keep-alive


[DEBUG] HttpConnection@42bd18a0::SocketChannelEndPoint@d47ed43{l=/127.0.0.1:38858,r=/127.0.0.1:42940,OPEN,fill=-,flush=-,to=3/30000}{io=0/0,kio=0,kro=1}->HttpConnection@42bd18a0[p=HttpParser{s=CONTENT,0 of -1},g=HttpGenerator@73351804{s=START}]=>HttpChannelOverHttp@380129b{s=HttpChannelState@7bf8633{s=IDLE rs=BLOCKING os=OPEN is=IDLE awp=false se=false i=true al=0},r=15,c=false/false,a=IDLE,uri=//localhost:38858/CookieServlet?loc=http%3A%2F%2Flocalhost%3A38858%2FEchoServlet&setCookies=1,age=3} parsed true HttpParser{s=CONTENT,0 of -1}
[DEBUG] releaseRequestBuffer HttpConnection@42bd18a0::SocketChannelEndPoint@d47ed43{l=/127.0.0.1:38858,r=/127.0.0.1:42940,OPEN,fill=-,flush=-,to=3/30000}{io=0/0,kio=0,kro=1}->HttpConnection@42bd18a0[p=HttpParser{s=CONTENT,0 of -1},g=HttpGenerator@73351804{s=START}]=>HttpChannelOverHttp@380129b{s=HttpChannelState@7bf8633{s=IDLE rs=BLOCKING os=OPEN is=IDLE awp=false se=false i=true al=0},r=15,c=false/false,a=IDLE,uri=//localhost:38858/CookieServlet?loc=http%3A%2F%2Flocalhost%3A38858%2FEchoServlet&setCookies=1,age=4}
[DEBUG] handle //localhost:38858/CookieServlet?loc=http%3A%2F%2Flocalhost%3A38858%2FEchoServlet&setCookies=1 HttpChannelOverHttp@380129b{s=HttpChannelState@7bf8633{s=IDLE rs=BLOCKING os=OPEN is=IDLE awp=false se=false i=true al=0},r=15,c=false/false,a=IDLE,uri=//localhost:38858/CookieServlet?loc=http%3A%2F%2Flocalhost%3A38858%2FEchoServlet&setCookies=1,age=4} 
[DEBUG] handling HttpChannelState@7bf8633{s=IDLE rs=BLOCKING os=OPEN is=IDLE awp=false se=false i=true al=0}
[DEBUG] action DISPATCH HttpChannelOverHttp@380129b{s=HttpChannelState@7bf8633{s=HANDLING rs=BLOCKING os=OPEN is=IDLE awp=false se=false i=true al=0},r=15,c=false/false,a=HANDLING,uri=//localhost:38858/CookieServlet?loc=http%3A%2F%2Flocalhost%3A38858%2FEchoServlet&setCookies=1,age=4}
[DEBUG] REQUEST GET /CookieServlet on HttpChannelOverHttp@380129b{s=HttpChannelState@7bf8633{s=HANDLING rs=BLOCKING os=OPEN is=IDLE awp=false se=false i=true al=0},r=15,c=false/false,a=HANDLING,uri=//localhost:38858/CookieServlet?loc=http%3A%2F%2Flocalhost%3A38858%2FEchoServlet&setCookies=1,age=4}
[DEBUG] servlet null|/CookieServlet|null -> org.jsoup.integration.servlets.CookieServlet-d8305c2==org.jsoup.integration.servlets.CookieServlet@ca8db5d8{jsp=null,order=-1,inst=true,async=true,src=EMBEDDED:null,STARTED}
[DEBUG] chain=null
[DEBUG] close() s=CLOSING,api=BLOCKED,sc=false,e=null c=HeapByteBuffer@11848662[p=0,l=0,c=0,r=0]={<<<>>>} b=Blocker@594fb565{null}
[DEBUG] sendResponse info=null content=HeapByteBuffer@11848662[p=0,l=0,c=0,r=0]={<<<>>>} complete=true committing=true callback=Blocker@594fb565{null}
[DEBUG] COMMIT for /CookieServlet on HttpChannelOverHttp@380129b{s=HttpChannelState@7bf8633{s=HANDLING rs=BLOCKING os=COMMITTED is=IDLE awp=false se=false i=true al=0},r=15,c=false/false,a=HANDLING,uri=//localhost:38858/CookieServlet?loc=http%3A%2F%2Flocalhost%3A38858%2FEchoServlet&setCookies=1,age=8}
302 null HTTP/1.1
Date: Mon, 20 Sep 2021 19:30:18 GMT
Set-Cookie: One=Root; Path=/
Expires: Thu, 01 Jan 1970 00:00:00 GMT
Set-Cookie: One=CookieServlet; Path=/CookieServlet; HttpOnly
Set-Cookie: One=EchoServlet; Path=/EchoServlet
Location: http://localhost:38858/EchoServlet


[DEBUG] generate: NEED_HEADER for SendCallback@5f75d958[PROCESSING][i=HTTP/1.1{s=302,h=6,cl=-1},cb=org.eclipse.jetty.server.HttpChannel$SendCallback@5c7fa53f] (null,[p=0,l=0,c=0,r=0],true)@START
[DEBUG] generateHeaders HTTP/1.1{s=302,h=6,cl=-1} last=true content=HeapByteBuffer@11848662[p=0,l=0,c=0,r=0]={<<<>>>}
[DEBUG] Date: Mon, 20 Sep 2021 19:30:18 GMT
Set-Cookie: One=Root; Path=/
Expires: Thu, 01 Jan 1970 00:00:00 GMT
Set-Cookie: One=CookieServlet; Path=/CookieServlet; HttpOnly
Set-Cookie: One=EchoServlet; Path=/EchoServlet
Location: http://localhost:38858/EchoServlet


[DEBUG] CONTENT_LENGTH
[DEBUG] generate: FLUSH for SendCallback@5f75d958[PROCESSING][i=HTTP/1.1{s=302,h=6,cl=-1},cb=org.eclipse.jetty.server.HttpChannel$SendCallback@5c7fa53f] ([p=0,l=337,c=8192,r=337],[p=0,l=0,c=0,r=0],true)@COMPLETING
[DEBUG] write: WriteFlusher@21254e7e{IDLE}->null [HeapByteBuffer@78a30358[p=0,l=337,c=8192,r=337]={<<<HTTP/1.1 302 Found\r\nDate:...y(9.4.43.v20210629)\r\n\r\n>>> q=.2, */...\xCe\x1f\xAf\xC2\x8d\xCey}]
[DEBUG] update WriteFlusher@21254e7e{WRITING}->null:IDLE-->WRITING
[DEBUG] flushed 337 SocketChannelEndPoint@d47ed43{l=/127.0.0.1:38858,r=/127.0.0.1:42940,OPEN,fill=-,flush=W,to=9/30000}{io=0/0,kio=0,kro=1}->HttpConnection@42bd18a0[p=HttpParser{s=CONTENT,0 of -1},g=HttpGenerator@73351804{s=COMPLETING}]=>HttpChannelOverHttp@380129b{s=HttpChannelState@7bf8633{s=HANDLING rs=BLOCKING os=COMMITTED is=IDLE awp=false se=false i=true al=0},r=15,c=false/false,a=HANDLING,uri=//localhost:38858/CookieServlet?loc=http%3A%2F%2Flocalhost%3A38858%2FEchoServlet&setCookies=1,age=10}
[DEBUG] Flushed=true written=337 remaining=0 WriteFlusher@21254e7e{WRITING}->null
[DEBUG] update WriteFlusher@21254e7e{IDLE}->null:WRITING-->IDLE
[DEBUG] generate: DONE for SendCallback@5f75d958[PROCESSING][i=HTTP/1.1{s=302,h=6,cl=-1},cb=org.eclipse.jetty.server.HttpChannel$SendCallback@5c7fa53f] ([p=337,l=337,c=8192,r=0],[p=0,l=0,c=0,r=0],true)@END
[DEBUG] onWriteComplete(true,null) s=CLOSING,api=BLOCKED,sc=false,e=null->s=CLOSED,api=BLOCKING,sc=false,e=null c=null cb=null w=false
[DEBUG] handled=true async=false committed=true on HttpChannelOverHttp@380129b{s=HttpChannelState@7bf8633{s=HANDLING rs=BLOCKING os=COMPLETED is=IDLE awp=false se=false i=true al=0},r=15,c=false/true,a=HANDLING,uri=//localhost:38858/CookieServlet?loc=http%3A%2F%2Flocalhost%3A38858%2FEchoServlet&setCookies=1,age=10}
[DEBUG] unhandle HttpChannelState@7bf8633{s=HANDLING rs=BLOCKING os=COMPLETED is=IDLE awp=false se=false i=true al=0}
[DEBUG] nextAction(false) COMPLETE HttpChannelState@7bf8633{s=HANDLING rs=COMPLETING os=COMPLETED is=IDLE awp=false se=false i=false al=0}
[DEBUG] action COMPLETE HttpChannelOverHttp@380129b{s=HttpChannelState@7bf8633{s=HANDLING rs=COMPLETING os=COMPLETED is=IDLE awp=false se=false i=false al=0},r=15,c=false/true,a=HANDLING,uri=//localhost:38858/CookieServlet?loc=http%3A%2F%2Flocalhost%3A38858%2FEchoServlet&setCookies=1,age=10}
[DEBUG] complete(org.eclipse.jetty.util.Callback$3@72e9aca5) s=CLOSED,api=BLOCKING,sc=false,e=null s=true e=null, c=null
[DEBUG] completed HttpChannelState@7bf8633{s=HANDLING rs=COMPLETING os=COMPLETED is=IDLE awp=false se=false i=false al=0}
[DEBUG] unhandle HttpChannelState@7bf8633{s=HANDLING rs=COMPLETED os=COMPLETED is=IDLE awp=false se=false i=false al=0}
[DEBUG] nextAction(false) TERMINATED HttpChannelState@7bf8633{s=IDLE rs=COMPLETED os=COMPLETED is=IDLE awp=false se=false i=false al=0}
[DEBUG] action TERMINATED HttpChannelOverHttp@380129b{s=HttpChannelState@7bf8633{s=IDLE rs=COMPLETED os=COMPLETED is=IDLE awp=false se=false i=false al=0},r=15,c=true/true,a=IDLE,uri=//localhost:38858/CookieServlet?loc=http%3A%2F%2Flocalhost%3A38858%2FEchoServlet&setCookies=1,age=10}
[DEBUG] onCompleted for /CookieServlet written=0
[DEBUG] filled 325 HeapByteBuffer@41e05b38[p=0,l=325,c=8192,r=325]={<<<GET /EchoServlet HTTP/1.1...nection: keep-alive\r\n\r\n>>>iH!\x00\xE1\xE8/\x9d)...\x00\x00\x00\x00\x00\x00\x00}
[DEBUG] HttpConnection@42bd18a0::SocketChannelEndPoint@d47ed43{l=/127.0.0.1:38858,r=/127.0.0.1:42940,OPEN,fill=-,flush=-,to=0/30000}{io=0/0,kio=0,kro=1}->HttpConnection@42bd18a0[p=HttpParser{s=CONTENT,0 of -1},g=HttpGenerator@73351804{s=END}]=>HttpChannelOverHttp@380129b{s=HttpChannelState@7bf8633{s=IDLE rs=COMPLETED os=COMPLETED is=IDLE awp=false se=false i=false al=0},r=15,c=true/true,a=IDLE,uri=//localhost:38858/CookieServlet?loc=http%3A%2F%2Flocalhost%3A38858%2FEchoServlet&setCookies=1,age=10} filled 325 HeapByteBuffer@41e05b38[p=0,l=325,c=8192,r=325]={<<<GET /EchoServlet HTTP/1.1...nection: keep-alive\r\n\r\n>>>iH!\x00\xE1\xE8/\x9d)...\x00\x00\x00\x00\x00\x00\x00}
[DEBUG] HttpConnection@42bd18a0::SocketChannelEndPoint@d47ed43{l=/127.0.0.1:38858,r=/127.0.0.1:42940,OPEN,fill=-,flush=-,to=0/30000}{io=0/0,kio=0,kro=1}->HttpConnection@42bd18a0[p=HttpParser{s=CONTENT,0 of -1},g=HttpGenerator@73351804{s=END}]=>HttpChannelOverHttp@380129b{s=HttpChannelState@7bf8633{s=IDLE rs=COMPLETED os=COMPLETED is=IDLE awp=false se=false i=false al=0},r=15,c=true/true,a=IDLE,uri=//localhost:38858/CookieServlet?loc=http%3A%2F%2Flocalhost%3A38858%2FEchoServlet&setCookies=1,age=11} parse HeapByteBuffer@41e05b38[p=0,l=325,c=8192,r=325]={<<<GET /EchoServlet HTTP/1.1...nection: keep-alive\r\n\r\n>>>iH!\x00\xE1\xE8/\x9d)...\x00\x00\x00\x00\x00\x00\x00} {}
[DEBUG] parseNext s=CONTENT HeapByteBuffer@41e05b38[p=0,l=325,c=8192,r=325]={<<<GET /EchoServlet HTTP/1.1...nection: keep-alive\r\n\r\n>>>iH!\x00\xE1\xE8/\x9d)...\x00\x00\x00\x00\x00\x00\x00}
[DEBUG] CONTENT --> CONTENT_END
[DEBUG] onContentComplete HttpChannelOverHttp@380129b{s=HttpChannelState@7bf8633{s=IDLE rs=COMPLETED os=COMPLETED is=IDLE awp=false se=false i=false al=0},r=15,c=true/true,a=IDLE,uri=//localhost:38858/CookieServlet?loc=http%3A%2F%2Flocalhost%3A38858%2FEchoServlet&setCookies=1,age=11}
[DEBUG] CONTENT_END --> END
[DEBUG] onRequestComplete HttpChannelOverHttp@380129b{s=HttpChannelState@7bf8633{s=IDLE rs=COMPLETED os=COMPLETED is=IDLE awp=false se=false i=false al=0},r=15,c=true/true,a=IDLE,uri=//localhost:38858/CookieServlet?loc=http%3A%2F%2Flocalhost%3A38858%2FEchoServlet&setCookies=1,age=11}
[DEBUG] HttpInputOverHTTP@8cf6f52[c=0,q=0,[0]=null,s=STREAM] addContent EOF
[DEBUG] HttpConnection@42bd18a0::SocketChannelEndPoint@d47ed43{l=/127.0.0.1:38858,r=/127.0.0.1:42940,OPEN,fill=-,flush=-,to=0/30000}{io=0/0,kio=0,kro=1}->HttpConnection@42bd18a0[p=HttpParser{s=END,0 of -1},g=HttpGenerator@73351804{s=END}]=>HttpChannelOverHttp@380129b{s=HttpChannelState@7bf8633{s=IDLE rs=COMPLETED os=COMPLETED is=IDLE awp=false se=false i=false al=0},r=15,c=true/true,a=IDLE,uri=//localhost:38858/CookieServlet?loc=http%3A%2F%2Flocalhost%3A38858%2FEchoServlet&setCookies=1,age=11} parsed false HttpParser{s=END,0 of -1}
[DEBUG] recycle HttpChannelState@7bf8633{s=IDLE rs=COMPLETED os=COMPLETED is=IDLE awp=false se=false i=false al=0}
[DEBUG] reset HttpParser{s=END,0 of -1}
[DEBUG] END --> START
[DEBUG] !handle TERMINATED HttpChannelOverHttp@380129b{s=HttpChannelState@7bf8633{s=IDLE rs=BLOCKING os=OPEN is=IDLE awp=false se=false i=true al=0},r=15,c=false/false,a=IDLE,uri=null,age=0}
[DEBUG] HttpConnection@42bd18a0::SocketChannelEndPoint@d47ed43{l=/127.0.0.1:38858,r=/127.0.0.1:42940,OPEN,fill=-,flush=-,to=4/30000}{io=0/0,kio=0,kro=1}->HttpConnection@42bd18a0[p=HttpParser{s=START,0 of -1},g=HttpGenerator@73351804{s=START}]=>HttpChannelOverHttp@380129b{s=HttpChannelState@7bf8633{s=IDLE rs=BLOCKING os=OPEN is=IDLE awp=false se=false i=true al=0},r=15,c=false/false,a=IDLE,uri=null,age=0} parse HeapByteBuffer@41e05b38[p=0,l=325,c=8192,r=325]={<<<GET /EchoServlet HTTP/1.1...nection: keep-alive\r\n\r\n>>>iH!\x00\xE1\xE8/\x9d)...\x00\x00\x00\x00\x00\x00\x00} {}
[DEBUG] parseNext s=START HeapByteBuffer@41e05b38[p=0,l=325,c=8192,r=325]={<<<GET /EchoServlet HTTP/1.1...nection: keep-alive\r\n\r\n>>>iH!\x00\xE1\xE8/\x9d)...\x00\x00\x00\x00\x00\x00\x00}
[DEBUG] START --> SPACE1
[DEBUG] SPACE1 --> URI
[DEBUG] URI --> SPACE2
[DEBUG] SPACE2 --> REQUEST_VERSION
[DEBUG] REQUEST_VERSION --> HEADER
[DEBUG] HEADER:Cookie --> VALUE
[DEBUG] HEADER:Cookie --> IN_VALUE
[DEBUG] HEADER:Cookie --> FIELD
[DEBUG] HEADER:Accept-Encoding: gzip --> IN_VALUE
[DEBUG] HEADER:Accept-Encoding: gzip --> FIELD
[DEBUG] HEADER:User-Agent: Mozilla/5.0 (Windows NT 10.0; Win64; x64) AppleWebKit/537.36 (KHTML, like Gecko) Chrome/79.0.3945.130 Safari/537.36 --> IN_VALUE
[DEBUG] HEADER:User-Agent: Mozilla/5.0 (Windows NT 10.0; Win64; x64) AppleWebKit/537.36 (KHTML, like Gecko) Chrome/79.0.3945.130 Safari/537.36 --> FIELD
[DEBUG] HEADER:Host: localhost:38858 --> IN_VALUE
[DEBUG] HEADER:Host: localhost:38858 --> FIELD
[DEBUG] HEADER:Accept: text/html, image/gif, image/jpeg, *; q=.2, */*; q=.2 --> IN_VALUE
[DEBUG] HEADER:Accept: text/html, image/gif, image/jpeg, *; q=.2, */*; q=.2 --> FIELD
[DEBUG] HEADER:Connection: keep-alive --> IN_VALUE
[DEBUG] HEADER:Connection: keep-alive --> FIELD
[DEBUG] HEADER --> CONTENT
[DEBUG] REQUEST for //localhost:38858/EchoServlet on HttpChannelOverHttp@380129b{s=HttpChannelState@7bf8633{s=IDLE rs=BLOCKING os=OPEN is=IDLE awp=false se=false i=true al=0},r=16,c=false/false,a=IDLE,uri=//localhost:38858/EchoServlet,age=0}
GET //localhost:38858/EchoServlet HTTP/1.1
Cookie: One=EchoServlet; One=Root
Accept-Encoding: gzip
User-Agent: Mozilla/5.0 (Windows NT 10.0; Win64; x64) AppleWebKit/537.36 (KHTML, like Gecko) Chrome/79.0.3945.130 Safari/537.36
Host: localhost:38858
Accept: text/html, image/gif, image/jpeg, *; q=.2, */*; q=.2
Connection: keep-alive


[DEBUG] HttpConnection@42bd18a0::SocketChannelEndPoint@d47ed43{l=/127.0.0.1:38858,r=/127.0.0.1:42940,OPEN,fill=-,flush=-,to=4/30000}{io=0/0,kio=0,kro=1}->HttpConnection@42bd18a0[p=HttpParser{s=CONTENT,0 of -1},g=HttpGenerator@73351804{s=START}]=>HttpChannelOverHttp@380129b{s=HttpChannelState@7bf8633{s=IDLE rs=BLOCKING os=OPEN is=IDLE awp=false se=false i=true al=0},r=16,c=false/false,a=IDLE,uri=//localhost:38858/EchoServlet,age=0} parsed true HttpParser{s=CONTENT,0 of -1}
[DEBUG] releaseRequestBuffer HttpConnection@42bd18a0::SocketChannelEndPoint@d47ed43{l=/127.0.0.1:38858,r=/127.0.0.1:42940,OPEN,fill=-,flush=-,to=4/30000}{io=0/0,kio=0,kro=1}->HttpConnection@42bd18a0[p=HttpParser{s=CONTENT,0 of -1},g=HttpGenerator@73351804{s=START}]=>HttpChannelOverHttp@380129b{s=HttpChannelState@7bf8633{s=IDLE rs=BLOCKING os=OPEN is=IDLE awp=false se=false i=true al=0},r=16,c=false/false,a=IDLE,uri=//localhost:38858/EchoServlet,age=0}
[DEBUG] handle //localhost:38858/EchoServlet HttpChannelOverHttp@380129b{s=HttpChannelState@7bf8633{s=IDLE rs=BLOCKING os=OPEN is=IDLE awp=false se=false i=true al=0},r=16,c=false/false,a=IDLE,uri=//localhost:38858/EchoServlet,age=0} 
[DEBUG] handling HttpChannelState@7bf8633{s=IDLE rs=BLOCKING os=OPEN is=IDLE awp=false se=false i=true al=0}
[DEBUG] action DISPATCH HttpChannelOverHttp@380129b{s=HttpChannelState@7bf8633{s=HANDLING rs=BLOCKING os=OPEN is=IDLE awp=false se=false i=true al=0},r=16,c=false/false,a=HANDLING,uri=//localhost:38858/EchoServlet,age=0}
[DEBUG] REQUEST GET /EchoServlet on HttpChannelOverHttp@380129b{s=HttpChannelState@7bf8633{s=HANDLING rs=BLOCKING os=OPEN is=IDLE awp=false se=false i=true al=0},r=16,c=false/false,a=HANDLING,uri=//localhost:38858/EchoServlet,age=0}
[DEBUG] servlet null|/EchoServlet|null -> org.jsoup.integration.servlets.EchoServlet-422c3c7a==org.jsoup.integration.servlets.EchoServlet@66e2fba5{jsp=null,order=-1,inst=true,async=true,src=EMBEDDED:null,STARTED}
[DEBUG] chain=null
[DEBUG] write(array HeapByteBuffer@53fe88ce[p=0,l=235,c=512,r=235]={<<<<title>Webserver Environm...\n    <table border="0">>>>\x00\x00\x00\x00\x00\x00\x00\x00\x00...\x00\x00\x00\x00\x00\x00\x00})
[DEBUG] write(array) s=OPEN,api=BLOCKING,sc=false,e=null aggregated !flush DirectByteBuffer@1492b79c[p=0,l=235,c=32768,r=235]={<<<<title>Webserver Environm...\n    <table border="0">>>><tr><th>M...gue. Pr}
[DEBUG] write(array HeapByteBuffer@17e2aed4[p=0,l=36,c=512,r=36]={<<<<tr><th>Method</th><td>GET</td></tr>>>>es</title...\x00\x00\x00\x00\x00\x00\x00})
[DEBUG] write(array) s=OPEN,api=BLOCKING,sc=false,e=null aggregated !flush DirectByteBuffer@1492b79c[p=0,l=271,c=32768,r=271]={<<<<title>Webserver Environm...d</th><td>GET</td></tr>>>>\n<tr><th>...gue. Pr}
[DEBUG] write(array HeapByteBuffer@3615a74a[p=0,l=1,c=512,r=1]={<<<\n>>>tr><th>Me...\x00\x00\x00\x00\x00\x00\x00})
[DEBUG] write(array) s=OPEN,api=BLOCKING,sc=false,e=null aggregated !flush DirectByteBuffer@1492b79c[p=0,l=272,c=32768,r=272]={<<<<title>Webserver Environm...</th><td>GET</td></tr>\n>>><tr><th>R...gue. Pr}
[DEBUG] write(array HeapByteBuffer@926b9a9[p=0,l=50,c=512,r=50]={<<<<tr><th>Request URI</th><...>/EchoServlet</td></tr>>>> <style t...\x00\x00\x00\x00\x00\x00\x00})
[DEBUG] write(array) s=OPEN,api=BLOCKING,sc=false,e=null aggregated !flush DirectByteBuffer@1492b79c[p=0,l=322,c=32768,r=322]={<<<<title>Webserver Environm...>/EchoServlet</td></tr>>>>\n<tr><th>...gue. Pr}
[DEBUG] write(array HeapByteBuffer@2e39f8bb[p=0,l=1,c=512,r=1]={<<<\n>>>tr><th>Re...\x00\x00\x00\x00\x00\x00\x00})
[DEBUG] write(array) s=OPEN,api=BLOCKING,sc=false,e=null aggregated !flush DirectByteBuffer@1492b79c[p=0,l=323,c=32768,r=323]={<<<<title>Webserver Environm.../EchoServlet</td></tr>\n>>><tr><th>Q...gue. Pr}
[DEBUG] write(array HeapByteBuffer@2caf77a6[p=0,l=39,c=512,r=39]={<<<<tr><th>Query String</th><td></td></tr>>>>t</td></t...\x00\x00\x00\x00\x00\x00\x00})
[DEBUG] write(array) s=OPEN,api=BLOCKING,sc=false,e=null aggregated !flush DirectByteBuffer@1492b79c[p=0,l=362,c=32768,r=362]={<<<<title>Webserver Environm...ring</th><td></td></tr>>>>\n<tr><th>...gue. Pr}
[DEBUG] write(array HeapByteBuffer@379bba8e[p=0,l=1,c=512,r=1]={<<<\n>>>tr><th>Qu...\x00\x00\x00\x00\x00\x00\x00})
[DEBUG] write(array) s=OPEN,api=BLOCKING,sc=false,e=null aggregated !flush DirectByteBuffer@1492b79c[p=0,l=363,c=32768,r=363]={<<<<title>Webserver Environm...ing</th><td></td></tr>\n>>><tr><th>C...gue. Pr}
[DEBUG] write(array HeapByteBuffer@b4cb625[p=0,l=58,c=512,r=58]={<<<<tr><th>Cookie</th><td>On...let; One=Root</td></tr>>>>type="tex...\x00\x00\x00\x00\x00\x00\x00})
[DEBUG] write(array) s=OPEN,api=BLOCKING,sc=false,e=null aggregated !flush DirectByteBuffer@1492b79c[p=0,l=421,c=32768,r=421]={<<<<title>Webserver Environm...let; One=Root</td></tr>>>>tr>\n<tr><...gue. Pr}
[DEBUG] write(array HeapByteBuffer@6ad17bd7[p=0,l=1,c=512,r=1]={<<<\n>>>tr><th>Co...\x00\x00\x00\x00\x00\x00\x00})
[DEBUG] write(array) s=OPEN,api=BLOCKING,sc=false,e=null aggregated !flush DirectByteBuffer@1492b79c[p=0,l=422,c=32768,r=422]={<<<<title>Webserver Environm...et; One=Root</td></tr>\n>>>r>\n<tr><t...gue. Pr}
[DEBUG] write(array HeapByteBuffer@3d14336c[p=0,l=85,c=512,r=85]={<<<<tr><th>Accept</th><td>te....2, */*; q=.2</td></tr>>>>, td, th ...\x00\x00\x00\x00\x00\x00\x00})
[DEBUG] write(array) s=OPEN,api=BLOCKING,sc=false,e=null aggregated !flush DirectByteBuffer@1492b79c[p=0,l=507,c=32768,r=507]={<<<<title>Webserver Environm....2, */*; q=.2</td></tr>>>>tr>\n<tr><...gue. Pr}
[DEBUG] write(array HeapByteBuffer@5731b18a[p=0,l=1,c=512,r=1]={<<<\n>>>tr><th>Ac...\x00\x00\x00\x00\x00\x00\x00})
[DEBUG] write(array) s=OPEN,api=BLOCKING,sc=false,e=null aggregated !flush DirectByteBuffer@1492b79c[p=0,l=508,c=32768,r=508]={<<<<title>Webserver Environm...2, */*; q=.2</td></tr>\n>>>r>\n<tr><t...gue. Pr}
[DEBUG] write(array HeapByteBuffer@3922d8d7[p=0,l=152,c=512,r=152]={<<<<tr><th>User-Agent</th><t...Safari/537.36</td></tr>>>>      th ...\x00\x00\x00\x00\x00\x00\x00})
[DEBUG] write(array) s=OPEN,api=BLOCKING,sc=false,e=null aggregated !flush DirectByteBuffer@1492b79c[p=0,l=660,c=32768,r=660]={<<<<title>Webserver Environm...Safari/537.36</td></tr>>>>tr>\n<tr><...gue. Pr}
[DEBUG] write(array HeapByteBuffer@584c03e7[p=0,l=1,c=512,r=1]={<<<\n>>>tr><th>Us...\x00\x00\x00\x00\x00\x00\x00})
[DEBUG] write(array) s=OPEN,api=BLOCKING,sc=false,e=null aggregated !flush DirectByteBuffer@1492b79c[p=0,l=661,c=32768,r=661]={<<<<title>Webserver Environm...afari/537.36</td></tr>\n>>>r>\n<tr><t...gue. Pr}
[DEBUG] write(array HeapByteBuffer@445fc4d1[p=0,l=47,c=512,r=47]={<<<<tr><th>Connection</th><td>keep-alive</td></tr>>>> NT 10.0;...\x00\x00\x00\x00\x00\x00\x00})
[DEBUG] write(array) s=OPEN,api=BLOCKING,sc=false,e=null aggregated !flush DirectByteBuffer@1492b79c[p=0,l=708,c=32768,r=708]={<<<<title>Webserver Environm...td>keep-alive</td></tr>>>>tr>\n<tr><...gue. Pr}
[DEBUG] write(array HeapByteBuffer@1e389031[p=0,l=1,c=512,r=1]={<<<\n>>>tr><th>Co...\x00\x00\x00\x00\x00\x00\x00})
[DEBUG] write(array) s=OPEN,api=BLOCKING,sc=false,e=null aggregated !flush DirectByteBuffer@1492b79c[p=0,l=709,c=32768,r=709]={<<<<title>Webserver Environm...d>keep-alive</td></tr>\n>>>r>\n<tr><t...gue. Pr}
[DEBUG] write(array HeapByteBuffer@31730741[p=0,l=46,c=512,r=46]={<<<<tr><th>Host</th><td>localhost:38858</td></tr>>>>> NT 10.0...\x00\x00\x00\x00\x00\x00\x00})
[DEBUG] write(array) s=OPEN,api=BLOCKING,sc=false,e=null aggregated !flush DirectByteBuffer@1492b79c[p=0,l=755,c=32768,r=755]={<<<<title>Webserver Environm...calhost:38858</td></tr>>>>tr>\n<tr><...gue. Pr}
[DEBUG] write(array HeapByteBuffer@99869b3[p=0,l=1,c=512,r=1]={<<<\n>>>tr><th>Ho...\x00\x00\x00\x00\x00\x00\x00})
[DEBUG] write(array) s=OPEN,api=BLOCKING,sc=false,e=null aggregated !flush DirectByteBuffer@1492b79c[p=0,l=756,c=32768,r=756]={<<<<title>Webserver Environm...alhost:38858</td></tr>\n>>>r>\n<tr><t...gue. Pr}
[DEBUG] write(array HeapByteBuffer@335b4d1d[p=0,l=46,c=512,r=46]={<<<<tr><th>Accept-Encoding</th><td>gzip</td></tr>>>>> NT 10.0...\x00\x00\x00\x00\x00\x00\x00})
[DEBUG] write(array) s=OPEN,api=BLOCKING,sc=false,e=null aggregated !flush DirectByteBuffer@1492b79c[p=0,l=802,c=32768,r=802]={<<<<title>Webserver Environm...</th><td>gzip</td></tr>>>>tr>\n<tr><...gue. Pr}
[DEBUG] write(array HeapByteBuffer@69b8ea5f[p=0,l=1,c=512,r=1]={<<<\n>>>tr><th>Ac...\x00\x00\x00\x00\x00\x00\x00})
[DEBUG] write(array) s=OPEN,api=BLOCKING,sc=false,e=null aggregated !flush DirectByteBuffer@1492b79c[p=0,l=803,c=32768,r=803]={<<<<title>Webserver Environm.../th><td>gzip</td></tr>\n>>>r>\n<tr><t...gue. Pr}
[DEBUG] write(array HeapByteBuffer@4058a126[p=0,l=49,c=512,r=49]={<<<<tr><th>Cookie: One</th><...d>EchoServlet</td></tr>>>>T 10.0; W...\x00\x00\x00\x00\x00\x00\x00})
[DEBUG] write(array) s=OPEN,api=BLOCKING,sc=false,e=null aggregated !flush DirectByteBuffer@1492b79c[p=0,l=852,c=32768,r=852]={<<<<title>Webserver Environm...d>EchoServlet</td></tr>>>>\n<tr><th>...gue. Pr}
[DEBUG] write(array HeapByteBuffer@ac79d6f[p=0,l=1,c=512,r=1]={<<<\n>>>tr><th>Co...\x00\x00\x00\x00\x00\x00\x00})
[DEBUG] write(array) s=OPEN,api=BLOCKING,sc=false,e=null aggregated !flush DirectByteBuffer@1492b79c[p=0,l=853,c=32768,r=853]={<<<<title>Webserver Environm...>EchoServlet</td></tr>\n>>><tr><th>C...gue. Pr}
[DEBUG] write(array HeapByteBuffer@631d1a8f[p=0,l=42,c=512,r=42]={<<<<tr><th>Cookie: One</th><td>Root</td></tr>>>>d></tr>T ...\x00\x00\x00\x00\x00\x00\x00})
[DEBUG] write(array) s=OPEN,api=BLOCKING,sc=false,e=null aggregated !flush DirectByteBuffer@1492b79c[p=0,l=895,c=32768,r=895]={<<<<title>Webserver Environm...</th><td>Root</td></tr>>>>></tr>\n</...gue. Pr}
[DEBUG] write(array HeapByteBuffer@4d59eea1[p=0,l=1,c=512,r=1]={<<<\n>>>tr><th>Co...\x00\x00\x00\x00\x00\x00\x00})
[DEBUG] write(array) s=OPEN,api=BLOCKING,sc=false,e=null aggregated !flush DirectByteBuffer@1492b79c[p=0,l=896,c=32768,r=896]={<<<<title>Webserver Environm.../th><td>Root</td></tr>\n>>></tr>\n</t...gue. Pr}
[DEBUG] filled 0 HeapByteBuffer@22b9b50d[p=0,l=0,c=8192,r=0]={<<<>>>GET /Cook...\x86&h\xA0{\xC1\xC2}
[DEBUG] filled 0 HeapByteBuffer@22b9b50d[p=0,l=0,c=8192,r=0]={<<<>>>GET /Cook...\x86&h\xA0{\xC1\xC2}
[DEBUG] HttpConnection@42bd18a0::SocketChannelEndPoint@d47ed43{l=/127.0.0.1:38858,r=/127.0.0.1:42940,OPEN,fill=-,flush=-,to=6/30000}{io=0/0,kio=0,kro=1}->HttpConnection@42bd18a0[p=HttpParser{s=CONTENT,0 of -1},g=HttpGenerator@73351804{s=START}]=>HttpChannelOverHttp@380129b{s=HttpChannelState@7bf8633{s=HANDLING rs=BLOCKING os=OPEN is=IDLE awp=false se=false i=true al=0},r=16,c=false/false,a=HANDLING,uri=//localhost:38858/EchoServlet,age=2} filled 0 HeapByteBuffer@22b9b50d[p=0,l=0,c=8192,r=0]={<<<>>>GET /Cook...\x86&h\xA0{\xC1\xC2}
[DEBUG] HttpConnection@42bd18a0::SocketChannelEndPoint@d47ed43{l=/127.0.0.1:38858,r=/127.0.0.1:42940,OPEN,fill=-,flush=-,to=6/30000}{io=0/0,kio=0,kro=1}->HttpConnection@42bd18a0[p=HttpParser{s=CONTENT,0 of -1},g=HttpGenerator@73351804{s=START}]=>HttpChannelOverHttp@380129b{s=HttpChannelState@7bf8633{s=HANDLING rs=BLOCKING os=OPEN is=IDLE awp=false se=false i=true al=0},r=16,c=false/false,a=HANDLING,uri=//localhost:38858/EchoServlet,age=2} parse HeapByteBuffer@22b9b50d[p=0,l=0,c=8192,r=0]={<<<>>>GET /Cook...\x86&h\xA0{\xC1\xC2} {}
[DEBUG] parseNext s=CONTENT HeapByteBuffer@22b9b50d[p=0,l=0,c=8192,r=0]={<<<>>>GET /Cook...\x86&h\xA0{\xC1\xC2}
[DEBUG] CONTENT --> CONTENT_END
[DEBUG] onContentComplete HttpChannelOverHttp@380129b{s=HttpChannelState@7bf8633{s=HANDLING rs=BLOCKING os=OPEN is=IDLE awp=false se=false i=true al=0},r=16,c=false/false,a=HANDLING,uri=//localhost:38858/EchoServlet,age=2}
[DEBUG] CONTENT_END --> END
[DEBUG] onRequestComplete HttpChannelOverHttp@380129b{s=HttpChannelState@7bf8633{s=HANDLING rs=BLOCKING os=OPEN is=IDLE awp=false se=false i=true al=0},r=16,c=false/false,a=HANDLING,uri=//localhost:38858/EchoServlet,age=2}
[DEBUG] HttpInputOverHTTP@8cf6f52[c=0,q=0,[0]=null,s=STREAM] addContent EOF
[DEBUG] HttpConnection@42bd18a0::SocketChannelEndPoint@d47ed43{l=/127.0.0.1:38858,r=/127.0.0.1:42940,OPEN,fill=-,flush=-,to=6/30000}{io=0/0,kio=0,kro=1}->HttpConnection@42bd18a0[p=HttpParser{s=END,0 of -1},g=HttpGenerator@73351804{s=START}]=>HttpChannelOverHttp@380129b{s=HttpChannelState@7bf8633{s=HANDLING rs=BLOCKING os=OPEN is=IDLE awp=false se=false i=true al=0},r=16,c=false/false,a=HANDLING,uri=//localhost:38858/EchoServlet,age=2} parsed false HttpParser{s=END,0 of -1}
[DEBUG] releaseRequestBuffer HttpConnection@42bd18a0::SocketChannelEndPoint@d47ed43{l=/127.0.0.1:38858,r=/127.0.0.1:42940,OPEN,fill=-,flush=-,to=6/30000}{io=0/0,kio=0,kro=1}->HttpConnection@42bd18a0[p=HttpParser{s=END,0 of -1},g=HttpGenerator@73351804{s=START}]=>HttpChannelOverHttp@380129b{s=HttpChannelState@7bf8633{s=HANDLING rs=BLOCKING os=OPEN is=IDLE awp=false se=false i=true al=0},r=16,c=false/false,a=HANDLING,uri=//localhost:38858/EchoServlet,age=2}
[DEBUG] onEof HttpChannelState@7bf8633{s=HANDLING rs=BLOCKING os=OPEN is=IDLE awp=false se=false i=true al=0}
[DEBUG] write(array HeapByteBuffer@480d37bd[p=0,l=8,c=512,r=8]={<<<</table>>>>Cookie: O...\x00\x00\x00\x00\x00\x00\x00})
[DEBUG] write(array) s=OPEN,api=BLOCKING,sc=false,e=null aggregated !flush DirectByteBuffer@1492b79c[p=0,l=904,c=32768,r=904]={<<<<title>Webserver Environm...Root</td></tr>\n</table>>>>table>\nug...gue. Pr}
[DEBUG] write(array HeapByteBuffer@7e97e736[p=0,l=1,c=512,r=1]={<<<\n>>>/table>Co...\x00\x00\x00\x00\x00\x00\x00})
[DEBUG] write(array) s=OPEN,api=BLOCKING,sc=false,e=null aggregated !flush DirectByteBuffer@1492b79c[p=0,l=905,c=32768,r=905]={<<<<title>Webserver Environm...oot</td></tr>\n</table>\n>>>able>\nugu...gue. Pr}
[DEBUG] handled=true async=false committed=false on HttpChannelOverHttp@380129b{s=HttpChannelState@7bf8633{s=HANDLING rs=BLOCKING os=OPEN is=READY awp=false se=false i=true al=0},r=16,c=false/false,a=HANDLING,uri=//localhost:38858/EchoServlet,age=3}
[DEBUG] unhandle HttpChannelState@7bf8633{s=HANDLING rs=BLOCKING os=OPEN is=READY awp=false se=false i=true al=0}
[DEBUG] nextAction(false) COMPLETE HttpChannelState@7bf8633{s=HANDLING rs=COMPLETING os=OPEN is=READY awp=false se=false i=false al=0}
[DEBUG] action COMPLETE HttpChannelOverHttp@380129b{s=HttpChannelState@7bf8633{s=HANDLING rs=COMPLETING os=OPEN is=READY awp=false se=false i=false al=0},r=16,c=false/false,a=HANDLING,uri=//localhost:38858/EchoServlet,age=3}
[DEBUG] complete(org.eclipse.jetty.util.Callback$3@75d54309) s=CLOSING,api=BLOCKED,sc=false,e=null s=false e=null, c=DirectByteBuffer@1492b79c[p=0,l=905,c=32768,r=905]={<<<<title>Webserver Environm...oot</td></tr>\n</table>\n>>>able>\nugu...gue. Pr}
[DEBUG] sendResponse info=null content=DirectByteBuffer@1492b79c[p=0,l=905,c=32768,r=905]={<<<<title>Webserver Environm...oot</td></tr>\n</table>\n>>>able>\nugu...gue. Pr} complete=true committing=true callback=org.eclipse.jetty.server.HttpOutput$WriteCompleteCB@77fb97f4
[DEBUG] COMMIT for /EchoServlet on HttpChannelOverHttp@380129b{s=HttpChannelState@7bf8633{s=HANDLING rs=COMPLETING os=COMMITTED is=READY awp=false se=false i=false al=0},r=16,c=false/false,a=HANDLING,uri=//localhost:38858/EchoServlet,age=3}
200 null HTTP/1.1
Date: Mon, 20 Sep 2021 19:30:18 GMT
Content-Type: text/html;charset=utf-8
Cache-Control: no-cache
Cache-Control: no-store


[DEBUG] generate: NEED_HEADER for SendCallback@5f75d958[PROCESSING][i=HTTP/1.1{s=200,h=4,cl=-1},cb=org.eclipse.jetty.server.HttpChannel$SendCallback@56eae669] (null,[p=0,l=905,c=32768,r=905],true)@START
[DEBUG] generateHeaders HTTP/1.1{s=200,h=4,cl=-1} last=true content=DirectByteBuffer@1492b79c[p=0,l=905,c=32768,r=905]={<<<<title>Webserver Environm...oot</td></tr>\n</table>\n>>>able>\nugu...gue. Pr}
[DEBUG] Date: Mon, 20 Sep 2021 19:30:18 GMT
Content-Type: text/html;charset=utf-8
Cache-Control: no-cache
Cache-Control: no-store


[DEBUG] CONTENT_LENGTH
[DEBUG] generate: FLUSH for SendCallback@5f75d958[PROCESSING][i=HTTP/1.1{s=200,h=4,cl=-1},cb=org.eclipse.jetty.server.HttpChannel$SendCallback@56eae669] ([p=0,l=199,c=8192,r=199],[p=0,l=905,c=32768,r=905],true)@COMPLETING
[DEBUG] write: WriteFlusher@21254e7e{IDLE}->null [HeapByteBuffer@78a30358[p=0,l=199,c=8192,r=199]={<<<HTTP/1.1 200 OK\r\nDate: Mo...y(9.4.43.v20210629)\r\n\r\n>>>: One=Ech...\xCe\x1f\xAf\xC2\x8d\xCey},DirectByteBuffer@1492b79c[p=0,l=905,c=32768,r=905]={<<<<title>Webserver Environm...oot</td></tr>\n</table>\n>>>able>\nugu...gue. Pr}]
[DEBUG] update WriteFlusher@21254e7e{WRITING}->null:IDLE-->WRITING
[DEBUG] flushed 1104 SocketChannelEndPoint@d47ed43{l=/127.0.0.1:38858,r=/127.0.0.1:42940,OPEN,fill=-,flush=W,to=10/30000}{io=0/0,kio=0,kro=1}->HttpConnection@42bd18a0[p=HttpParser{s=END,0 of -1},g=HttpGenerator@73351804{s=COMPLETING}]=>HttpChannelOverHttp@380129b{s=HttpChannelState@7bf8633{s=HANDLING rs=COMPLETING os=COMMITTED is=READY awp=false se=false i=false al=0},r=16,c=false/false,a=HANDLING,uri=//localhost:38858/EchoServlet,age=6}
[DEBUG] Flushed=true written=1104 remaining=0 WriteFlusher@21254e7e{WRITING}->null
[DEBUG] update WriteFlusher@21254e7e{IDLE}->null:WRITING-->IDLE
[DEBUG] generate: DONE for SendCallback@5f75d958[PROCESSING][i=HTTP/1.1{s=200,h=4,cl=-1},cb=org.eclipse.jetty.server.HttpChannel$SendCallback@56eae669] ([p=199,l=199,c=8192,r=0],[p=905,l=905,c=32768,r=0],true)@END
[DEBUG] onWriteComplete(true,null) s=CLOSING,api=BLOCKED,sc=false,e=null->s=CLOSED,api=BLOCKING,sc=false,e=null c=null cb=org.eclipse.jetty.util.Callback$3@75d54309 w=false
[DEBUG] completed HttpChannelState@7bf8633{s=HANDLING rs=COMPLETING os=COMPLETED is=READY awp=false se=false i=false al=0}
[DEBUG] unhandle HttpChannelState@7bf8633{s=HANDLING rs=COMPLETED os=COMPLETED is=READY awp=false se=false i=false al=0}
[DEBUG] nextAction(false) TERMINATED HttpChannelState@7bf8633{s=IDLE rs=COMPLETED os=COMPLETED is=READY awp=false se=false i=false al=0}
[DEBUG] action TERMINATED HttpChannelOverHttp@380129b{s=HttpChannelState@7bf8633{s=IDLE rs=COMPLETED os=COMPLETED is=READY awp=false se=false i=false al=0},r=16,c=true/true,a=IDLE,uri=//localhost:38858/EchoServlet,age=6}
[DEBUG] onCompleted for /EchoServlet written=905
[DEBUG] recycle HttpChannelState@7bf8633{s=IDLE rs=COMPLETED os=COMPLETED is=READY awp=false se=false i=false al=0}
[DEBUG] reset HttpParser{s=END,0 of -1}
[DEBUG] END --> START
[DEBUG] !handle TERMINATED HttpChannelOverHttp@380129b{s=HttpChannelState@7bf8633{s=IDLE rs=BLOCKING os=OPEN is=IDLE awp=false se=false i=true al=0},r=16,c=false/false,a=IDLE,uri=null,age=0}
[DEBUG] filled 325 HeapByteBuffer@41e05b38[p=0,l=325,c=8192,r=325]={<<<GET /EchoServlet HTTP/1.1...nection: keep-alive\r\n\r\n>>>iH!\x00\xE1\xE8/\x9d)...\x00\x00\x00\x00\x00\x00\x00}
[DEBUG] HttpConnection@42bd18a0::SocketChannelEndPoint@d47ed43{l=/127.0.0.1:38858,r=/127.0.0.1:42940,OPEN,fill=-,flush=-,to=0/30000}{io=0/0,kio=0,kro=1}->HttpConnection@42bd18a0[p=HttpParser{s=START,0 of -1},g=HttpGenerator@73351804{s=START}]=>HttpChannelOverHttp@380129b{s=HttpChannelState@7bf8633{s=IDLE rs=BLOCKING os=OPEN is=IDLE awp=false se=false i=true al=0},r=16,c=false/false,a=IDLE,uri=null,age=0} filled 325 HeapByteBuffer@41e05b38[p=0,l=325,c=8192,r=325]={<<<GET /EchoServlet HTTP/1.1...nection: keep-alive\r\n\r\n>>>iH!\x00\xE1\xE8/\x9d)...\x00\x00\x00\x00\x00\x00\x00}
[DEBUG] HttpConnection@42bd18a0::SocketChannelEndPoint@d47ed43{l=/127.0.0.1:38858,r=/127.0.0.1:42940,OPEN,fill=-,flush=-,to=0/30000}{io=0/0,kio=0,kro=1}->HttpConnection@42bd18a0[p=HttpParser{s=START,0 of -1},g=HttpGenerator@73351804{s=START}]=>HttpChannelOverHttp@380129b{s=HttpChannelState@7bf8633{s=IDLE rs=BLOCKING os=OPEN is=IDLE awp=false se=false i=true al=0},r=16,c=false/false,a=IDLE,uri=null,age=0} parse HeapByteBuffer@41e05b38[p=0,l=325,c=8192,r=325]={<<<GET /EchoServlet HTTP/1.1...nection: keep-alive\r\n\r\n>>>iH!\x00\xE1\xE8/\x9d)...\x00\x00\x00\x00\x00\x00\x00} {}
[DEBUG] parseNext s=START HeapByteBuffer@41e05b38[p=0,l=325,c=8192,r=325]={<<<GET /EchoServlet HTTP/1.1...nection: keep-alive\r\n\r\n>>>iH!\x00\xE1\xE8/\x9d)...\x00\x00\x00\x00\x00\x00\x00}
[DEBUG] START --> SPACE1
[DEBUG] SPACE1 --> URI
[DEBUG] URI --> SPACE2
[DEBUG] SPACE2 --> REQUEST_VERSION
[DEBUG] REQUEST_VERSION --> HEADER
[DEBUG] HEADER:Cookie: One=EchoServlet; One=Root --> IN_VALUE
[DEBUG] HEADER:Cookie: One=EchoServlet; One=Root --> FIELD
[DEBUG] HEADER:Accept-Encoding: gzip --> IN_VALUE
[DEBUG] HEADER:Accept-Encoding: gzip --> FIELD
[DEBUG] HEADER:User-Agent: Mozilla/5.0 (Windows NT 10.0; Win64; x64) AppleWebKit/537.36 (KHTML, like Gecko) Chrome/79.0.3945.130 Safari/537.36 --> IN_VALUE
[DEBUG] HEADER:User-Agent: Mozilla/5.0 (Windows NT 10.0; Win64; x64) AppleWebKit/537.36 (KHTML, like Gecko) Chrome/79.0.3945.130 Safari/537.36 --> FIELD
[DEBUG] HEADER:Host: localhost:38858 --> IN_VALUE
[DEBUG] HEADER:Host: localhost:38858 --> FIELD
[DEBUG] HEADER:Accept: text/html, image/gif, image/jpeg, *; q=.2, */*; q=.2 --> IN_VALUE
[DEBUG] HEADER:Accept: text/html, image/gif, image/jpeg, *; q=.2, */*; q=.2 --> FIELD
[DEBUG] HEADER:Connection: keep-alive --> IN_VALUE
[DEBUG] HEADER:Connection: keep-alive --> FIELD
[DEBUG] HEADER --> CONTENT
[DEBUG] REQUEST for //localhost:38858/EchoServlet on HttpChannelOverHttp@380129b{s=HttpChannelState@7bf8633{s=IDLE rs=BLOCKING os=OPEN is=IDLE awp=false se=false i=true al=0},r=17,c=false/false,a=IDLE,uri=//localhost:38858/EchoServlet,age=0}
GET //localhost:38858/EchoServlet HTTP/1.1
Cookie: One=EchoServlet; One=Root
Accept-Encoding: gzip
User-Agent: Mozilla/5.0 (Windows NT 10.0; Win64; x64) AppleWebKit/537.36 (KHTML, like Gecko) Chrome/79.0.3945.130 Safari/537.36
Host: localhost:38858
Accept: text/html, image/gif, image/jpeg, *; q=.2, */*; q=.2
Connection: keep-alive


[DEBUG] HttpConnection@42bd18a0::SocketChannelEndPoint@d47ed43{l=/127.0.0.1:38858,r=/127.0.0.1:42940,OPEN,fill=-,flush=-,to=13/30000}{io=0/0,kio=0,kro=1}->HttpConnection@42bd18a0[p=HttpParser{s=CONTENT,0 of -1},g=HttpGenerator@73351804{s=START}]=>HttpChannelOverHttp@380129b{s=HttpChannelState@7bf8633{s=IDLE rs=BLOCKING os=OPEN is=IDLE awp=false se=false i=true al=0},r=17,c=false/false,a=IDLE,uri=//localhost:38858/EchoServlet,age=0} parsed true HttpParser{s=CONTENT,0 of -1}
[DEBUG] releaseRequestBuffer HttpConnection@42bd18a0::SocketChannelEndPoint@d47ed43{l=/127.0.0.1:38858,r=/127.0.0.1:42940,OPEN,fill=-,flush=-,to=13/30000}{io=0/0,kio=0,kro=1}->HttpConnection@42bd18a0[p=HttpParser{s=CONTENT,0 of -1},g=HttpGenerator@73351804{s=START}]=>HttpChannelOverHttp@380129b{s=HttpChannelState@7bf8633{s=IDLE rs=BLOCKING os=OPEN is=IDLE awp=false se=false i=true al=0},r=17,c=false/false,a=IDLE,uri=//localhost:38858/EchoServlet,age=0}
[DEBUG] handle //localhost:38858/EchoServlet HttpChannelOverHttp@380129b{s=HttpChannelState@7bf8633{s=IDLE rs=BLOCKING os=OPEN is=IDLE awp=false se=false i=true al=0},r=17,c=false/false,a=IDLE,uri=//localhost:38858/EchoServlet,age=0} 
[DEBUG] handling HttpChannelState@7bf8633{s=IDLE rs=BLOCKING os=OPEN is=IDLE awp=false se=false i=true al=0}
[DEBUG] action DISPATCH HttpChannelOverHttp@380129b{s=HttpChannelState@7bf8633{s=HANDLING rs=BLOCKING os=OPEN is=IDLE awp=false se=false i=true al=0},r=17,c=false/false,a=HANDLING,uri=//localhost:38858/EchoServlet,age=0}
[DEBUG] REQUEST GET /EchoServlet on HttpChannelOverHttp@380129b{s=HttpChannelState@7bf8633{s=HANDLING rs=BLOCKING os=OPEN is=IDLE awp=false se=false i=true al=0},r=17,c=false/false,a=HANDLING,uri=//localhost:38858/EchoServlet,age=0}
[DEBUG] servlet null|/EchoServlet|null -> org.jsoup.integration.servlets.EchoServlet-422c3c7a==org.jsoup.integration.servlets.EchoServlet@66e2fba5{jsp=null,order=-1,inst=true,async=true,src=EMBEDDED:null,STARTED}
[DEBUG] chain=null
[DEBUG] write(array HeapByteBuffer@178515d5[p=0,l=235,c=512,r=235]={<<<<title>Webserver Environm...\n    <table border="0">>>>\x00\x00\x00\x00\x00\x00\x00\x00\x00...\x00\x00\x00\x00\x00\x00\x00})
[DEBUG] write(array) s=OPEN,api=BLOCKING,sc=false,e=null aggregated !flush DirectByteBuffer@1667663f[p=0,l=235,c=32768,r=235]={<<<<title>Webserver Environm...\n    <table border="0">>>><tr><th>M...gue. Pr}
[DEBUG] write(array HeapByteBuffer@4817c127[p=0,l=36,c=512,r=36]={<<<<tr><th>Method</th><td>GET</td></tr>>>>es</title...\x00\x00\x00\x00\x00\x00\x00})
[DEBUG] write(array) s=OPEN,api=BLOCKING,sc=false,e=null aggregated !flush DirectByteBuffer@1667663f[p=0,l=271,c=32768,r=271]={<<<<title>Webserver Environm...d</th><td>GET</td></tr>>>>>\n<tr><th...gue. Pr}
[DEBUG] write(array HeapByteBuffer@6378abe6[p=0,l=1,c=512,r=1]={<<<\n>>>tr><th>Me...\x00\x00\x00\x00\x00\x00\x00})
[DEBUG] write(array) s=OPEN,api=BLOCKING,sc=false,e=null aggregated !flush DirectByteBuffer@1667663f[p=0,l=272,c=32768,r=272]={<<<<title>Webserver Environm...</th><td>GET</td></tr>\n>>>\n<tr><th>...gue. Pr}
[DEBUG] write(array HeapByteBuffer@62a0c04e[p=0,l=50,c=512,r=50]={<<<<tr><th>Request URI</th><...>/EchoServlet</td></tr>>>> <style t...\x00\x00\x00\x00\x00\x00\x00})
[DEBUG] write(array) s=OPEN,api=BLOCKING,sc=false,e=null aggregated !flush DirectByteBuffer@1667663f[p=0,l=322,c=32768,r=322]={<<<<title>Webserver Environm...>/EchoServlet</td></tr>>>>>\n<tr><th...gue. Pr}
[DEBUG] write(array HeapByteBuffer@5d344a72[p=0,l=1,c=512,r=1]={<<<\n>>>tr><th>Re...\x00\x00\x00\x00\x00\x00\x00})
[DEBUG] write(array) s=OPEN,api=BLOCKING,sc=false,e=null aggregated !flush DirectByteBuffer@1667663f[p=0,l=323,c=32768,r=323]={<<<<title>Webserver Environm.../EchoServlet</td></tr>\n>>>\n<tr><th>...gue. Pr}
[DEBUG] write(array HeapByteBuffer@2b5ca60a[p=0,l=39,c=512,r=39]={<<<<tr><th>Query String</th><td></td></tr>>>>t</td></t...\x00\x00\x00\x00\x00\x00\x00})
[DEBUG] write(array) s=OPEN,api=BLOCKING,sc=false,e=null aggregated !flush DirectByteBuffer@1667663f[p=0,l=362,c=32768,r=362]={<<<<title>Webserver Environm...ring</th><td></td></tr>>>>>\n<tr><th...gue. Pr}
[DEBUG] write(array HeapByteBuffer@d5d1f1c[p=0,l=1,c=512,r=1]={<<<\n>>>tr><th>Qu...\x00\x00\x00\x00\x00\x00\x00})
[DEBUG] write(array) s=OPEN,api=BLOCKING,sc=false,e=null aggregated !flush DirectByteBuffer@1667663f[p=0,l=363,c=32768,r=363]={<<<<title>Webserver Environm...ing</th><td></td></tr>\n>>>\n<tr><th>...gue. Pr}
[DEBUG] write(array HeapByteBuffer@691b0c49[p=0,l=58,c=512,r=58]={<<<<tr><th>Cookie</th><td>On...let; One=Root</td></tr>>>>type="tex...\x00\x00\x00\x00\x00\x00\x00})
[DEBUG] write(array) s=OPEN,api=BLOCKING,sc=false,e=null aggregated !flush DirectByteBuffer@1667663f[p=0,l=421,c=32768,r=421]={<<<<title>Webserver Environm...let; One=Root</td></tr>>>>*; q=.2, ...gue. Pr}
[DEBUG] write(array HeapByteBuffer@1683acc2[p=0,l=1,c=512,r=1]={<<<\n>>>tr><th>Co...\x00\x00\x00\x00\x00\x00\x00})
[DEBUG] write(array) s=OPEN,api=BLOCKING,sc=false,e=null aggregated !flush DirectByteBuffer@1667663f[p=0,l=422,c=32768,r=422]={<<<<title>Webserver Environm...et; One=Root</td></tr>\n>>>; q=.2, *...gue. Pr}
[DEBUG] write(array HeapByteBuffer@582134ee[p=0,l=85,c=512,r=85]={<<<<tr><th>Accept</th><td>te....2, */*; q=.2</td></tr>>>>, td, th ...\x00\x00\x00\x00\x00\x00\x00})
[DEBUG] write(array) s=OPEN,api=BLOCKING,sc=false,e=null aggregated !flush DirectByteBuffer@1667663f[p=0,l=507,c=32768,r=507]={<<<<title>Webserver Environm....2, */*; q=.2</td></tr>>>>Win64; x6...gue. Pr}
[DEBUG] write(array HeapByteBuffer@3d617509[p=0,l=1,c=512,r=1]={<<<\n>>>tr><th>Ac...\x00\x00\x00\x00\x00\x00\x00})
[DEBUG] write(array) s=OPEN,api=BLOCKING,sc=false,e=null aggregated !flush DirectByteBuffer@1667663f[p=0,l=508,c=32768,r=508]={<<<<title>Webserver Environm...2, */*; q=.2</td></tr>\n>>>in64; x64...gue. Pr}
[DEBUG] write(array HeapByteBuffer@c294fa8[p=0,l=152,c=512,r=152]={<<<<tr><th>User-Agent</th><t...Safari/537.36</td></tr>>>>      th ...\x00\x00\x00\x00\x00\x00\x00})
[DEBUG] write(array) s=OPEN,api=BLOCKING,sc=false,e=null aggregated !flush DirectByteBuffer@1667663f[p=0,l=660,c=32768,r=660]={<<<<title>Webserver Environm...Safari/537.36</td></tr>>>>ost</th><...gue. Pr}
[DEBUG] write(array HeapByteBuffer@7c71753[p=0,l=1,c=512,r=1]={<<<\n>>>tr><th>Us...\x00\x00\x00\x00\x00\x00\x00})
[DEBUG] write(array) s=OPEN,api=BLOCKING,sc=false,e=null aggregated !flush DirectByteBuffer@1667663f[p=0,l=661,c=32768,r=661]={<<<<title>Webserver Environm...afari/537.36</td></tr>\n>>>st</th><t...gue. Pr}
[DEBUG] write(array HeapByteBuffer@5690d501[p=0,l=47,c=512,r=47]={<<<<tr><th>Connection</th><td>keep-alive</td></tr>>>> NT 10.0;...\x00\x00\x00\x00\x00\x00\x00})
[DEBUG] write(array) s=OPEN,api=BLOCKING,sc=false,e=null aggregated !flush DirectByteBuffer@1667663f[p=0,l=708,c=32768,r=708]={<<<<title>Webserver Environm...td>keep-alive</td></tr>>>>cept-Enco...gue. Pr}
[DEBUG] write(array HeapByteBuffer@606f3be7[p=0,l=1,c=512,r=1]={<<<\n>>>tr><th>Co...\x00\x00\x00\x00\x00\x00\x00})
[DEBUG] write(array) s=OPEN,api=BLOCKING,sc=false,e=null aggregated !flush DirectByteBuffer@1667663f[p=0,l=709,c=32768,r=709]={<<<<title>Webserver Environm...d>keep-alive</td></tr>\n>>>ept-Encod...gue. Pr}
[DEBUG] write(array HeapByteBuffer@267d7c4d[p=0,l=46,c=512,r=46]={<<<<tr><th>Host</th><td>localhost:38858</td></tr>>>>> NT 10.0...\x00\x00\x00\x00\x00\x00\x00})
[DEBUG] write(array) s=OPEN,api=BLOCKING,sc=false,e=null aggregated !flush DirectByteBuffer@1667663f[p=0,l=755,c=32768,r=755]={<<<<title>Webserver Environm...calhost:38858</td></tr>>>>ntent-Len...gue. Pr}
[DEBUG] write(array HeapByteBuffer@193f9a5e[p=0,l=1,c=512,r=1]={<<<\n>>>tr><th>Ho...\x00\x00\x00\x00\x00\x00\x00})
[DEBUG] write(array) s=OPEN,api=BLOCKING,sc=false,e=null aggregated !flush DirectByteBuffer@1667663f[p=0,l=756,c=32768,r=756]={<<<<title>Webserver Environm...alhost:38858</td></tr>\n>>>tent-Leng...gue. Pr}
[DEBUG] write(array HeapByteBuffer@49576ca5[p=0,l=46,c=512,r=46]={<<<<tr><th>Accept-Encoding</th><td>gzip</td></tr>>>>> NT 10.0...\x00\x00\x00\x00\x00\x00\x00})
[DEBUG] write(array) s=OPEN,api=BLOCKING,sc=false,e=null aggregated !flush DirectByteBuffer@1667663f[p=0,l=802,c=32768,r=802]={<<<<title>Webserver Environm...</th><td>gzip</td></tr>>>>ntent-Typ...gue. Pr}
[DEBUG] write(array HeapByteBuffer@507ec66b[p=0,l=1,c=512,r=1]={<<<\n>>>tr><th>Ac...\x00\x00\x00\x00\x00\x00\x00})
[DEBUG] write(array) s=OPEN,api=BLOCKING,sc=false,e=null aggregated !flush DirectByteBuffer@1667663f[p=0,l=803,c=32768,r=803]={<<<<title>Webserver Environm.../th><td>gzip</td></tr>\n>>>tent-Type...gue. Pr}
[DEBUG] write(array HeapByteBuffer@1dac473d[p=0,l=49,c=512,r=49]={<<<<tr><th>Cookie: One</th><...d>EchoServlet</td></tr>>>>T 10.0; W...\x00\x00\x00\x00\x00\x00\x00})
[DEBUG] write(array) s=OPEN,api=BLOCKING,sc=false,e=null aggregated !flush DirectByteBuffer@1667663f[p=0,l=852,c=32768,r=852]={<<<<title>Webserver Environm...d>EchoServlet</td></tr>>>>Dex7E1799...gue. Pr}
[DEBUG] write(array HeapByteBuffer@7824c3bc[p=0,l=1,c=512,r=1]={<<<\n>>>tr><th>Co...\x00\x00\x00\x00\x00\x00\x00})
[DEBUG] write(array) s=OPEN,api=BLOCKING,sc=false,e=null aggregated !flush DirectByteBuffer@1667663f[p=0,l=853,c=32768,r=853]={<<<<title>Webserver Environm...>EchoServlet</td></tr>\n>>>ex7E1799m...gue. Pr}
[DEBUG] write(array HeapByteBuffer@a64ba59[p=0,l=42,c=512,r=42]={<<<<tr><th>Cookie: One</th><td>Root</td></tr>>>>d></tr>T ...\x00\x00\x00\x00\x00\x00\x00})
[DEBUG] write(array) s=OPEN,api=BLOCKING,sc=false,e=null aggregated !flush DirectByteBuffer@1667663f[p=0,l=895,c=32768,r=895]={<<<<title>Webserver Environm...</th><td>Root</td></tr>>>>tr><th>fi...gue. Pr}
[DEBUG] write(array HeapByteBuffer@2c8f68e0[p=0,l=1,c=512,r=1]={<<<\n>>>tr><th>Co...\x00\x00\x00\x00\x00\x00\x00})
[DEBUG] write(array) s=OPEN,api=BLOCKING,sc=false,e=null aggregated !flush DirectByteBuffer@1667663f[p=0,l=896,c=32768,r=896]={<<<<title>Webserver Environm.../th><td>Root</td></tr>\n>>>r><th>fir...gue. Pr}
[DEBUG] filled 0 HeapByteBuffer@22b9b50d[p=0,l=0,c=8192,r=0]={<<<>>>GET /Cook...\x86&h\xA0{\xC1\xC2}
[DEBUG] filled 0 HeapByteBuffer@22b9b50d[p=0,l=0,c=8192,r=0]={<<<>>>GET /Cook...\x86&h\xA0{\xC1\xC2}
[DEBUG] HttpConnection@42bd18a0::SocketChannelEndPoint@d47ed43{l=/127.0.0.1:38858,r=/127.0.0.1:42940,OPEN,fill=-,flush=-,to=15/30000}{io=0/0,kio=0,kro=1}->HttpConnection@42bd18a0[p=HttpParser{s=CONTENT,0 of -1},g=HttpGenerator@73351804{s=START}]=>HttpChannelOverHttp@380129b{s=HttpChannelState@7bf8633{s=HANDLING rs=BLOCKING os=OPEN is=IDLE awp=false se=false i=true al=0},r=17,c=false/false,a=HANDLING,uri=//localhost:38858/EchoServlet,age=2} filled 0 HeapByteBuffer@22b9b50d[p=0,l=0,c=8192,r=0]={<<<>>>GET /Cook...\x86&h\xA0{\xC1\xC2}
[DEBUG] HttpConnection@42bd18a0::SocketChannelEndPoint@d47ed43{l=/127.0.0.1:38858,r=/127.0.0.1:42940,OPEN,fill=-,flush=-,to=15/30000}{io=0/0,kio=0,kro=1}->HttpConnection@42bd18a0[p=HttpParser{s=CONTENT,0 of -1},g=HttpGenerator@73351804{s=START}]=>HttpChannelOverHttp@380129b{s=HttpChannelState@7bf8633{s=HANDLING rs=BLOCKING os=OPEN is=IDLE awp=false se=false i=true al=0},r=17,c=false/false,a=HANDLING,uri=//localhost:38858/EchoServlet,age=2} parse HeapByteBuffer@22b9b50d[p=0,l=0,c=8192,r=0]={<<<>>>GET /Cook...\x86&h\xA0{\xC1\xC2} {}
[DEBUG] parseNext s=CONTENT HeapByteBuffer@22b9b50d[p=0,l=0,c=8192,r=0]={<<<>>>GET /Cook...\x86&h\xA0{\xC1\xC2}
[DEBUG] CONTENT --> CONTENT_END
[DEBUG] onContentComplete HttpChannelOverHttp@380129b{s=HttpChannelState@7bf8633{s=HANDLING rs=BLOCKING os=OPEN is=IDLE awp=false se=false i=true al=0},r=17,c=false/false,a=HANDLING,uri=//localhost:38858/EchoServlet,age=2}
[DEBUG] CONTENT_END --> END
[DEBUG] onRequestComplete HttpChannelOverHttp@380129b{s=HttpChannelState@7bf8633{s=HANDLING rs=BLOCKING os=OPEN is=IDLE awp=false se=false i=true al=0},r=17,c=false/false,a=HANDLING,uri=//localhost:38858/EchoServlet,age=2}
[DEBUG] HttpInputOverHTTP@8cf6f52[c=0,q=0,[0]=null,s=STREAM] addContent EOF
[DEBUG] HttpConnection@42bd18a0::SocketChannelEndPoint@d47ed43{l=/127.0.0.1:38858,r=/127.0.0.1:42940,OPEN,fill=-,flush=-,to=16/30000}{io=0/0,kio=0,kro=1}->HttpConnection@42bd18a0[p=HttpParser{s=END,0 of -1},g=HttpGenerator@73351804{s=START}]=>HttpChannelOverHttp@380129b{s=HttpChannelState@7bf8633{s=HANDLING rs=BLOCKING os=OPEN is=IDLE awp=false se=false i=true al=0},r=17,c=false/false,a=HANDLING,uri=//localhost:38858/EchoServlet,age=2} parsed false HttpParser{s=END,0 of -1}
[DEBUG] releaseRequestBuffer HttpConnection@42bd18a0::SocketChannelEndPoint@d47ed43{l=/127.0.0.1:38858,r=/127.0.0.1:42940,OPEN,fill=-,flush=-,to=16/30000}{io=0/0,kio=0,kro=1}->HttpConnection@42bd18a0[p=HttpParser{s=END,0 of -1},g=HttpGenerator@73351804{s=START}]=>HttpChannelOverHttp@380129b{s=HttpChannelState@7bf8633{s=HANDLING rs=BLOCKING os=OPEN is=IDLE awp=false se=false i=true al=0},r=17,c=false/false,a=HANDLING,uri=//localhost:38858/EchoServlet,age=3}
[DEBUG] onEof HttpChannelState@7bf8633{s=HANDLING rs=BLOCKING os=OPEN is=IDLE awp=false se=false i=true al=0}
[DEBUG] write(array HeapByteBuffer@536547e3[p=0,l=8,c=512,r=8]={<<<</table>>>>Cookie: O...\x00\x00\x00\x00\x00\x00\x00})
[DEBUG] write(array) s=OPEN,api=BLOCKING,sc=false,e=null aggregated !flush DirectByteBuffer@1667663f[p=0,l=904,c=32768,r=904]={<<<<title>Webserver Environm...Root</td></tr>\n</table>>>>rstname</...gue. Pr}
[DEBUG] write(array HeapByteBuffer@d024710[p=0,l=1,c=512,r=1]={<<<\n>>>/table>Co...\x00\x00\x00\x00\x00\x00\x00})
[DEBUG] write(array) s=OPEN,api=BLOCKING,sc=false,e=null aggregated !flush DirectByteBuffer@1667663f[p=0,l=905,c=32768,r=905]={<<<<title>Webserver Environm...oot</td></tr>\n</table>\n>>>stname</t...gue. Pr}
[DEBUG] handled=true async=false committed=false on HttpChannelOverHttp@380129b{s=HttpChannelState@7bf8633{s=HANDLING rs=BLOCKING os=OPEN is=READY awp=false se=false i=true al=0},r=17,c=false/false,a=HANDLING,uri=//localhost:38858/EchoServlet,age=3}
[DEBUG] unhandle HttpChannelState@7bf8633{s=HANDLING rs=BLOCKING os=OPEN is=READY awp=false se=false i=true al=0}
[DEBUG] nextAction(false) COMPLETE HttpChannelState@7bf8633{s=HANDLING rs=COMPLETING os=OPEN is=READY awp=false se=false i=false al=0}
[DEBUG] action COMPLETE HttpChannelOverHttp@380129b{s=HttpChannelState@7bf8633{s=HANDLING rs=COMPLETING os=OPEN is=READY awp=false se=false i=false al=0},r=17,c=false/false,a=HANDLING,uri=//localhost:38858/EchoServlet,age=3}
[DEBUG] complete(org.eclipse.jetty.util.Callback$3@229b929b) s=CLOSING,api=BLOCKED,sc=false,e=null s=false e=null, c=DirectByteBuffer@1667663f[p=0,l=905,c=32768,r=905]={<<<<title>Webserver Environm...oot</td></tr>\n</table>\n>>>stname</t...gue. Pr}
[DEBUG] sendResponse info=null content=DirectByteBuffer@1667663f[p=0,l=905,c=32768,r=905]={<<<<title>Webserver Environm...oot</td></tr>\n</table>\n>>>stname</t...gue. Pr} complete=true committing=true callback=org.eclipse.jetty.server.HttpOutput$WriteCompleteCB@75842640
[DEBUG] COMMIT for /EchoServlet on HttpChannelOverHttp@380129b{s=HttpChannelState@7bf8633{s=HANDLING rs=COMPLETING os=COMMITTED is=READY awp=false se=false i=false al=0},r=17,c=false/false,a=HANDLING,uri=//localhost:38858/EchoServlet,age=3}
200 null HTTP/1.1
Date: Mon, 20 Sep 2021 19:30:18 GMT
Content-Type: text/html;charset=utf-8
Cache-Control: no-cache
Cache-Control: no-store


[DEBUG] generate: NEED_HEADER for SendCallback@5f75d958[PROCESSING][i=HTTP/1.1{s=200,h=4,cl=-1},cb=org.eclipse.jetty.server.HttpChannel$SendCallback@c272d4c] (null,[p=0,l=905,c=32768,r=905],true)@START
[DEBUG] generateHeaders HTTP/1.1{s=200,h=4,cl=-1} last=true content=DirectByteBuffer@1667663f[p=0,l=905,c=32768,r=905]={<<<<title>Webserver Environm...oot</td></tr>\n</table>\n>>>stname</t...gue. Pr}
[DEBUG] Date: Mon, 20 Sep 2021 19:30:18 GMT
Content-Type: text/html;charset=utf-8
Cache-Control: no-cache
Cache-Control: no-store


[DEBUG] CONTENT_LENGTH
[DEBUG] generate: FLUSH for SendCallback@5f75d958[PROCESSING][i=HTTP/1.1{s=200,h=4,cl=-1},cb=org.eclipse.jetty.server.HttpChannel$SendCallback@c272d4c] ([p=0,l=199,c=8192,r=199],[p=0,l=905,c=32768,r=905],true)@COMPLETING
[DEBUG] write: WriteFlusher@21254e7e{IDLE}->null [HeapByteBuffer@78a30358[p=0,l=199,c=8192,r=199]={<<<HTTP/1.1 200 OK\r\nDate: Mo...y(9.4.43.v20210629)\r\n\r\n>>>: One=Ech...\xCe\x1f\xAf\xC2\x8d\xCey},DirectByteBuffer@1667663f[p=0,l=905,c=32768,r=905]={<<<<title>Webserver Environm...oot</td></tr>\n</table>\n>>>stname</t...gue. Pr}]
[DEBUG] update WriteFlusher@21254e7e{WRITING}->null:IDLE-->WRITING
[DEBUG] flushed 1104 SocketChannelEndPoint@d47ed43{l=/127.0.0.1:38858,r=/127.0.0.1:42940,OPEN,fill=-,flush=W,to=25/30000}{io=0/0,kio=0,kro=1}->HttpConnection@42bd18a0[p=HttpParser{s=END,0 of -1},g=HttpGenerator@73351804{s=COMPLETING}]=>HttpChannelOverHttp@380129b{s=HttpChannelState@7bf8633{s=HANDLING rs=COMPLETING os=COMMITTED is=READY awp=false se=false i=false al=0},r=17,c=false/false,a=HANDLING,uri=//localhost:38858/EchoServlet,age=12}
[DEBUG] Flushed=true written=1104 remaining=0 WriteFlusher@21254e7e{WRITING}->null
[DEBUG] update WriteFlusher@21254e7e{IDLE}->null:WRITING-->IDLE
[DEBUG] generate: DONE for SendCallback@5f75d958[PROCESSING][i=HTTP/1.1{s=200,h=4,cl=-1},cb=org.eclipse.jetty.server.HttpChannel$SendCallback@c272d4c] ([p=199,l=199,c=8192,r=0],[p=905,l=905,c=32768,r=0],true)@END
[DEBUG] onWriteComplete(true,null) s=CLOSING,api=BLOCKED,sc=false,e=null->s=CLOSED,api=BLOCKING,sc=false,e=null c=null cb=org.eclipse.jetty.util.Callback$3@229b929b w=false
[DEBUG] completed HttpChannelState@7bf8633{s=HANDLING rs=COMPLETING os=COMPLETED is=READY awp=false se=false i=false al=0}
[DEBUG] unhandle HttpChannelState@7bf8633{s=HANDLING rs=COMPLETED os=COMPLETED is=READY awp=false se=false i=false al=0}
[DEBUG] nextAction(false) TERMINATED HttpChannelState@7bf8633{s=IDLE rs=COMPLETED os=COMPLETED is=READY awp=false se=false i=false al=0}
[DEBUG] action TERMINATED HttpChannelOverHttp@380129b{s=HttpChannelState@7bf8633{s=IDLE rs=COMPLETED os=COMPLETED is=READY awp=false se=false i=false al=0},r=17,c=true/true,a=IDLE,uri=//localhost:38858/EchoServlet,age=12}
[DEBUG] onCompleted for /EchoServlet written=905
[DEBUG] recycle HttpChannelState@7bf8633{s=IDLE rs=COMPLETED os=COMPLETED is=READY awp=false se=false i=false al=0}
[DEBUG] reset HttpParser{s=END,0 of -1}
[DEBUG] END --> START
[DEBUG] !handle TERMINATED HttpChannelOverHttp@380129b{s=HttpChannelState@7bf8633{s=IDLE rs=BLOCKING os=OPEN is=IDLE awp=false se=false i=true al=0},r=17,c=false/false,a=IDLE,uri=null,age=0}
[DEBUG] filled 329 HeapByteBuffer@41e05b38[p=0,l=329,c=8192,r=329]={<<<GET /CookieServlet HTTP/1...nection: keep-alive\r\n\r\n>>>\xE1\xE8/\x9d)\xC2\xDfT\xB8...\x00\x00\x00\x00\x00\x00\x00}
[DEBUG] HttpConnection@42bd18a0::SocketChannelEndPoint@d47ed43{l=/127.0.0.1:38858,r=/127.0.0.1:42940,OPEN,fill=-,flush=-,to=0/30000}{io=0/0,kio=0,kro=1}->HttpConnection@42bd18a0[p=HttpParser{s=START,0 of -1},g=HttpGenerator@73351804{s=START}]=>HttpChannelOverHttp@380129b{s=HttpChannelState@7bf8633{s=IDLE rs=BLOCKING os=OPEN is=IDLE awp=false se=false i=true al=0},r=17,c=false/false,a=IDLE,uri=null,age=0} filled 329 HeapByteBuffer@41e05b38[p=0,l=329,c=8192,r=329]={<<<GET /CookieServlet HTTP/1...nection: keep-alive\r\n\r\n>>>\xE1\xE8/\x9d)\xC2\xDfT\xB8...\x00\x00\x00\x00\x00\x00\x00}
[DEBUG] HttpConnection@42bd18a0::SocketChannelEndPoint@d47ed43{l=/127.0.0.1:38858,r=/127.0.0.1:42940,OPEN,fill=-,flush=-,to=0/30000}{io=0/0,kio=0,kro=1}->HttpConnection@42bd18a0[p=HttpParser{s=START,0 of -1},g=HttpGenerator@73351804{s=START}]=>HttpChannelOverHttp@380129b{s=HttpChannelState@7bf8633{s=IDLE rs=BLOCKING os=OPEN is=IDLE awp=false se=false i=true al=0},r=17,c=false/false,a=IDLE,uri=null,age=0} parse HeapByteBuffer@41e05b38[p=0,l=329,c=8192,r=329]={<<<GET /CookieServlet HTTP/1...nection: keep-alive\r\n\r\n>>>\xE1\xE8/\x9d)\xC2\xDfT\xB8...\x00\x00\x00\x00\x00\x00\x00} {}
[DEBUG] parseNext s=START HeapByteBuffer@41e05b38[p=0,l=329,c=8192,r=329]={<<<GET /CookieServlet HTTP/1...nection: keep-alive\r\n\r\n>>>\xE1\xE8/\x9d)\xC2\xDfT\xB8...\x00\x00\x00\x00\x00\x00\x00}
[DEBUG] START --> SPACE1
[DEBUG] SPACE1 --> URI
[DEBUG] URI --> SPACE2
[DEBUG] SPACE2 --> REQUEST_VERSION
[DEBUG] REQUEST_VERSION --> HEADER
[DEBUG] HEADER:Cookie --> VALUE
[DEBUG] HEADER:Cookie --> IN_VALUE
[DEBUG] HEADER:Cookie --> FIELD
[DEBUG] HEADER:Accept-Encoding: gzip --> IN_VALUE
[DEBUG] HEADER:Accept-Encoding: gzip --> FIELD
[DEBUG] HEADER:User-Agent: Mozilla/5.0 (Windows NT 10.0; Win64; x64) AppleWebKit/537.36 (KHTML, like Gecko) Chrome/79.0.3945.130 Safari/537.36 --> IN_VALUE
[DEBUG] HEADER:User-Agent: Mozilla/5.0 (Windows NT 10.0; Win64; x64) AppleWebKit/537.36 (KHTML, like Gecko) Chrome/79.0.3945.130 Safari/537.36 --> FIELD
[DEBUG] HEADER:Host: localhost:38858 --> IN_VALUE
[DEBUG] HEADER:Host: localhost:38858 --> FIELD
[DEBUG] HEADER:Accept: text/html, image/gif, image/jpeg, *; q=.2, */*; q=.2 --> IN_VALUE
[DEBUG] HEADER:Accept: text/html, image/gif, image/jpeg, *; q=.2, */*; q=.2 --> FIELD
[DEBUG] HEADER:Connection: keep-alive --> IN_VALUE
[DEBUG] HEADER:Connection: keep-alive --> FIELD
[DEBUG] HEADER --> CONTENT
[DEBUG] REQUEST for //localhost:38858/CookieServlet on HttpChannelOverHttp@380129b{s=HttpChannelState@7bf8633{s=IDLE rs=BLOCKING os=OPEN is=IDLE awp=false se=false i=true al=0},r=18,c=false/false,a=IDLE,uri=//localhost:38858/CookieServlet,age=0}
GET //localhost:38858/CookieServlet HTTP/1.1
Cookie: One=CookieServlet; One=Root
Accept-Encoding: gzip
User-Agent: Mozilla/5.0 (Windows NT 10.0; Win64; x64) AppleWebKit/537.36 (KHTML, like Gecko) Chrome/79.0.3945.130 Safari/537.36
Host: localhost:38858
Accept: text/html, image/gif, image/jpeg, *; q=.2, */*; q=.2
Connection: keep-alive


[DEBUG] HttpConnection@42bd18a0::SocketChannelEndPoint@d47ed43{l=/127.0.0.1:38858,r=/127.0.0.1:42940,OPEN,fill=-,flush=-,to=0/30000}{io=0/0,kio=0,kro=1}->HttpConnection@42bd18a0[p=HttpParser{s=CONTENT,0 of -1},g=HttpGenerator@73351804{s=START}]=>HttpChannelOverHttp@380129b{s=HttpChannelState@7bf8633{s=IDLE rs=BLOCKING os=OPEN is=IDLE awp=false se=false i=true al=0},r=18,c=false/false,a=IDLE,uri=//localhost:38858/CookieServlet,age=0} parsed true HttpParser{s=CONTENT,0 of -1}
[DEBUG] releaseRequestBuffer HttpConnection@42bd18a0::SocketChannelEndPoint@d47ed43{l=/127.0.0.1:38858,r=/127.0.0.1:42940,OPEN,fill=-,flush=-,to=0/30000}{io=0/0,kio=0,kro=1}->HttpConnection@42bd18a0[p=HttpParser{s=CONTENT,0 of -1},g=HttpGenerator@73351804{s=START}]=>HttpChannelOverHttp@380129b{s=HttpChannelState@7bf8633{s=IDLE rs=BLOCKING os=OPEN is=IDLE awp=false se=false i=true al=0},r=18,c=false/false,a=IDLE,uri=//localhost:38858/CookieServlet,age=1}
[DEBUG] handle //localhost:38858/CookieServlet HttpChannelOverHttp@380129b{s=HttpChannelState@7bf8633{s=IDLE rs=BLOCKING os=OPEN is=IDLE awp=false se=false i=true al=0},r=18,c=false/false,a=IDLE,uri=//localhost:38858/CookieServlet,age=1} 
[DEBUG] handling HttpChannelState@7bf8633{s=IDLE rs=BLOCKING os=OPEN is=IDLE awp=false se=false i=true al=0}
[DEBUG] action DISPATCH HttpChannelOverHttp@380129b{s=HttpChannelState@7bf8633{s=HANDLING rs=BLOCKING os=OPEN is=IDLE awp=false se=false i=true al=0},r=18,c=false/false,a=HANDLING,uri=//localhost:38858/CookieServlet,age=1}
[DEBUG] REQUEST GET /CookieServlet on HttpChannelOverHttp@380129b{s=HttpChannelState@7bf8633{s=HANDLING rs=BLOCKING os=OPEN is=IDLE awp=false se=false i=true al=0},r=18,c=false/false,a=HANDLING,uri=//localhost:38858/CookieServlet,age=1}
[DEBUG] servlet null|/CookieServlet|null -> org.jsoup.integration.servlets.CookieServlet-d8305c2==org.jsoup.integration.servlets.CookieServlet@ca8db5d8{jsp=null,order=-1,inst=true,async=true,src=EMBEDDED:null,STARTED}
[DEBUG] chain=null
[DEBUG] write(array HeapByteBuffer@1382c11f[p=0,l=7,c=512,r=7]={<<<<table>>>>>Cookie: ...\x00\x00\x00\x00\x00\x00\x00})
[DEBUG] write(array) s=OPEN,api=BLOCKING,sc=false,e=null aggregated !flush DirectByteBuffer@577d71b2[p=0,l=7,c=32768,r=7]={<<<<table>>>>al>One<va...gue. Pr}
[DEBUG] write(array HeapByteBuffer@6df386be[p=0,l=1,c=512,r=1]={<<<\n>>>table>>Co...\x00\x00\x00\x00\x00\x00\x00})
[DEBUG] write(array) s=OPEN,api=BLOCKING,sc=false,e=null aggregated !flush DirectByteBuffer@577d71b2[p=0,l=8,c=32768,r=8]={<<<<table>\n>>>l>One<val...gue. Pr}
[DEBUG] write(array HeapByteBuffer@39111b66[p=0,l=43,c=512,r=43]={<<<<tr><th>One</th><td>CookieServlet</td></tr>>>>></tr>T 1...\x00\x00\x00\x00\x00\x00\x00})
[DEBUG] write(array) s=OPEN,api=BLOCKING,sc=false,e=null aggregated !flush DirectByteBuffer@577d71b2[p=0,l=51,c=32768,r=51]={<<<<table>\n<tr><th>One</th><...CookieServlet</td></tr>>>><style ty...gue. Pr}
[DEBUG] write(array HeapByteBuffer@ce91c45[p=0,l=1,c=512,r=1]={<<<\n>>>tr><th>On...\x00\x00\x00\x00\x00\x00\x00})
[DEBUG] write(array) s=OPEN,api=BLOCKING,sc=false,e=null aggregated !flush DirectByteBuffer@577d71b2[p=0,l=52,c=32768,r=52]={<<<<table>\n<tr><th>One</th><...ookieServlet</td></tr>\n>>>style typ...gue. Pr}
[DEBUG] write(array HeapByteBuffer@966befe[p=0,l=34,c=512,r=34]={<<<<tr><th>One</th><td>Root</td></tr>>>>/td></tr>...\x00\x00\x00\x00\x00\x00\x00})
[DEBUG] write(array) s=OPEN,api=BLOCKING,sc=false,e=null aggregated !flush DirectByteBuffer@577d71b2[p=0,l=86,c=32768,r=86]={<<<<table>\n<tr><th>One</th><...</th><td>Root</td></tr>>>> td, th {...gue. Pr}
[DEBUG] write(array HeapByteBuffer@78511f1a[p=0,l=1,c=512,r=1]={<<<\n>>>tr><th>On...\x00\x00\x00\x00\x00\x00\x00})
[DEBUG] write(array) s=OPEN,api=BLOCKING,sc=false,e=null aggregated !flush DirectByteBuffer@577d71b2[p=0,l=87,c=32768,r=87]={<<<<table>\n<tr><th>One</th><.../th><td>Root</td></tr>\n>>>td, th {f...gue. Pr}
[DEBUG] write(array HeapByteBuffer@492af15d[p=0,l=8,c=512,r=8]={<<<</table>>>>One</th><...\x00\x00\x00\x00\x00\x00\x00})
[DEBUG] write(array) s=OPEN,api=BLOCKING,sc=false,e=null aggregated !flush DirectByteBuffer@577d71b2[p=0,l=95,c=32768,r=95]={<<<<table>\n<tr><th>One</th><...Root</td></tr>\n</table>>>>font: 10p...gue. Pr}
[DEBUG] write(array HeapByteBuffer@de5d709[p=0,l=1,c=512,r=1]={<<<\n>>>/table>On...\x00\x00\x00\x00\x00\x00\x00})
[DEBUG] write(array) s=OPEN,api=BLOCKING,sc=false,e=null aggregated !flush DirectByteBuffer@577d71b2[p=0,l=96,c=32768,r=96]={<<<<table>\n<tr><th>One</th><...oot</td></tr>\n</table>\n>>>ont: 10pt...gue. Pr}
[DEBUG] handled=true async=false committed=false on HttpChannelOverHttp@380129b{s=HttpChannelState@7bf8633{s=HANDLING rs=BLOCKING os=OPEN is=IDLE awp=false se=false i=true al=0},r=18,c=false/false,a=HANDLING,uri=//localhost:38858/CookieServlet,age=1}
[DEBUG] unhandle HttpChannelState@7bf8633{s=HANDLING rs=BLOCKING os=OPEN is=IDLE awp=false se=false i=true al=0}
[DEBUG] nextAction(false) COMPLETE HttpChannelState@7bf8633{s=HANDLING rs=COMPLETING os=OPEN is=IDLE awp=false se=false i=false al=0}
[DEBUG] action COMPLETE HttpChannelOverHttp@380129b{s=HttpChannelState@7bf8633{s=HANDLING rs=COMPLETING os=OPEN is=IDLE awp=false se=false i=false al=0},r=18,c=false/false,a=HANDLING,uri=//localhost:38858/CookieServlet,age=1}
[DEBUG] filled 0 HeapByteBuffer@22b9b50d[p=0,l=0,c=8192,r=0]={<<<>>>GET /Cook...\x86&h\xA0{\xC1\xC2}
[DEBUG] filled 0 HeapByteBuffer@22b9b50d[p=0,l=0,c=8192,r=0]={<<<>>>GET /Cook...\x86&h\xA0{\xC1\xC2}
[DEBUG] HttpConnection@42bd18a0::SocketChannelEndPoint@d47ed43{l=/127.0.0.1:38858,r=/127.0.0.1:42940,OPEN,fill=-,flush=-,to=1/30000}{io=0/0,kio=0,kro=1}->HttpConnection@42bd18a0[p=HttpParser{s=CONTENT,0 of -1},g=HttpGenerator@73351804{s=START}]=>HttpChannelOverHttp@380129b{s=HttpChannelState@7bf8633{s=HANDLING rs=COMPLETING os=OPEN is=IDLE awp=false se=false i=false al=0},r=18,c=false/false,a=HANDLING,uri=//localhost:38858/CookieServlet,age=2} filled 0 HeapByteBuffer@22b9b50d[p=0,l=0,c=8192,r=0]={<<<>>>GET /Cook...\x86&h\xA0{\xC1\xC2}
[DEBUG] HttpConnection@42bd18a0::SocketChannelEndPoint@d47ed43{l=/127.0.0.1:38858,r=/127.0.0.1:42940,OPEN,fill=-,flush=-,to=1/30000}{io=0/0,kio=0,kro=1}->HttpConnection@42bd18a0[p=HttpParser{s=CONTENT,0 of -1},g=HttpGenerator@73351804{s=START}]=>HttpChannelOverHttp@380129b{s=HttpChannelState@7bf8633{s=HANDLING rs=COMPLETING os=OPEN is=IDLE awp=false se=false i=false al=0},r=18,c=false/false,a=HANDLING,uri=//localhost:38858/CookieServlet,age=2} parse HeapByteBuffer@22b9b50d[p=0,l=0,c=8192,r=0]={<<<>>>GET /Cook...\x86&h\xA0{\xC1\xC2} {}
[DEBUG] parseNext s=CONTENT HeapByteBuffer@22b9b50d[p=0,l=0,c=8192,r=0]={<<<>>>GET /Cook...\x86&h\xA0{\xC1\xC2}
[DEBUG] CONTENT --> CONTENT_END
[DEBUG] onContentComplete HttpChannelOverHttp@380129b{s=HttpChannelState@7bf8633{s=HANDLING rs=COMPLETING os=OPEN is=IDLE awp=false se=false i=false al=0},r=18,c=false/false,a=HANDLING,uri=//localhost:38858/CookieServlet,age=2}
[DEBUG] CONTENT_END --> END
[DEBUG] onRequestComplete HttpChannelOverHttp@380129b{s=HttpChannelState@7bf8633{s=HANDLING rs=COMPLETING os=OPEN is=IDLE awp=false se=false i=false al=0},r=18,c=false/false,a=HANDLING,uri=//localhost:38858/CookieServlet,age=2}
[DEBUG] HttpInputOverHTTP@8cf6f52[c=0,q=0,[0]=null,s=STREAM] addContent EOF
[DEBUG] HttpConnection@42bd18a0::SocketChannelEndPoint@d47ed43{l=/127.0.0.1:38858,r=/127.0.0.1:42940,OPEN,fill=-,flush=-,to=1/30000}{io=0/0,kio=0,kro=1}->HttpConnection@42bd18a0[p=HttpParser{s=END,0 of -1},g=HttpGenerator@73351804{s=START}]=>HttpChannelOverHttp@380129b{s=HttpChannelState@7bf8633{s=HANDLING rs=COMPLETING os=OPEN is=IDLE awp=false se=false i=false al=0},r=18,c=false/false,a=HANDLING,uri=//localhost:38858/CookieServlet,age=2} parsed false HttpParser{s=END,0 of -1}
[DEBUG] releaseRequestBuffer HttpConnection@42bd18a0::SocketChannelEndPoint@d47ed43{l=/127.0.0.1:38858,r=/127.0.0.1:42940,OPEN,fill=-,flush=-,to=2/30000}{io=0/0,kio=0,kro=1}->HttpConnection@42bd18a0[p=HttpParser{s=END,0 of -1},g=HttpGenerator@73351804{s=START}]=>HttpChannelOverHttp@380129b{s=HttpChannelState@7bf8633{s=HANDLING rs=COMPLETING os=OPEN is=IDLE awp=false se=false i=false al=0},r=18,c=false/false,a=HANDLING,uri=//localhost:38858/CookieServlet,age=2}
[DEBUG] complete(org.eclipse.jetty.util.Callback$3@31c80905) s=CLOSING,api=BLOCKED,sc=false,e=null s=false e=null, c=DirectByteBuffer@577d71b2[p=0,l=96,c=32768,r=96]={<<<<table>\n<tr><th>One</th><...oot</td></tr>\n</table>\n>>>ont: 10pt...gue. Pr}
[DEBUG] sendResponse info=null content=DirectByteBuffer@577d71b2[p=0,l=96,c=32768,r=96]={<<<<table>\n<tr><th>One</th><...oot</td></tr>\n</table>\n>>>ont: 10pt...gue. Pr} complete=true committing=true callback=org.eclipse.jetty.server.HttpOutput$WriteCompleteCB@419179e9
[DEBUG] COMMIT for /CookieServlet on HttpChannelOverHttp@380129b{s=HttpChannelState@7bf8633{s=HANDLING rs=COMPLETING os=COMMITTED is=IDLE awp=false se=false i=false al=0},r=18,c=false/false,a=HANDLING,uri=//localhost:38858/CookieServlet,age=2}
200 null HTTP/1.1
Date: Mon, 20 Sep 2021 19:30:18 GMT
Content-Type: text/html;charset=utf-8


[DEBUG] generate: NEED_HEADER for SendCallback@5f75d958[PROCESSING][i=HTTP/1.1{s=200,h=2,cl=-1},cb=org.eclipse.jetty.server.HttpChannel$SendCallback@5fafc89f] (null,[p=0,l=96,c=32768,r=96],true)@START
[DEBUG] generateHeaders HTTP/1.1{s=200,h=2,cl=-1} last=true content=DirectByteBuffer@577d71b2[p=0,l=96,c=32768,r=96]={<<<<table>\n<tr><th>One</th><...oot</td></tr>\n</table>\n>>>ont: 10pt...gue. Pr}
[DEBUG] Date: Mon, 20 Sep 2021 19:30:18 GMT
Content-Type: text/html;charset=utf-8


[DEBUG] CONTENT_LENGTH
[DEBUG] generate: FLUSH for SendCallback@5f75d958[PROCESSING][i=HTTP/1.1{s=200,h=2,cl=-1},cb=org.eclipse.jetty.server.HttpChannel$SendCallback@5fafc89f] ([p=0,l=148,c=8192,r=148],[p=0,l=96,c=32768,r=96],true)@COMPLETING
[DEBUG] write: WriteFlusher@21254e7e{IDLE}->null [HeapByteBuffer@78a30358[p=0,l=148,c=8192,r=148]={<<<HTTP/1.1 200 OK\r\nDate: Mo...y(9.4.43.v20210629)\r\n\r\n>>>nt-Length...\xCe\x1f\xAf\xC2\x8d\xCey},DirectByteBuffer@577d71b2[p=0,l=96,c=32768,r=96]={<<<<table>\n<tr><th>One</th><...oot</td></tr>\n</table>\n>>>ont: 10pt...gue. Pr}]
[DEBUG] update WriteFlusher@21254e7e{WRITING}->null:IDLE-->WRITING
]]></system-out>
  </testcase>
  <testcase name="testPathScopedCookies" classname="org.jsoup.integration.SessionTest" time="0.086">
    <system-out><![CDATA[[DEBUG] flushed 244 SocketChannelEndPoint@d47ed43{l=/127.0.0.1:38858,r=/127.0.0.1:42940,OPEN,fill=-,flush=W,to=16/30000}{io=0/0,kio=0,kro=1}->HttpConnection@42bd18a0[p=HttpParser{s=END,0 of -1},g=HttpGenerator@73351804{s=COMPLETING}]=>HttpChannelOverHttp@380129b{s=HttpChannelState@7bf8633{s=HANDLING rs=COMPLETING os=COMMITTED is=IDLE awp=false se=false i=false al=0},r=18,c=false/false,a=HANDLING,uri=//localhost:38858/CookieServlet,age=16}
[DEBUG] Flushed=true written=244 remaining=0 WriteFlusher@21254e7e{WRITING}->null
[DEBUG] update WriteFlusher@21254e7e{IDLE}->null:WRITING-->IDLE
[DEBUG] generate: DONE for SendCallback@5f75d958[PROCESSING][i=HTTP/1.1{s=200,h=2,cl=-1},cb=org.eclipse.jetty.server.HttpChannel$SendCallback@5fafc89f] ([p=148,l=148,c=8192,r=0],[p=96,l=96,c=32768,r=0],true)@END
[DEBUG] onWriteComplete(true,null) s=CLOSING,api=BLOCKED,sc=false,e=null->s=CLOSED,api=BLOCKING,sc=false,e=null c=null cb=org.eclipse.jetty.util.Callback$3@31c80905 w=false
[DEBUG] completed HttpChannelState@7bf8633{s=HANDLING rs=COMPLETING os=COMPLETED is=IDLE awp=false se=false i=false al=0}
[DEBUG] unhandle HttpChannelState@7bf8633{s=HANDLING rs=COMPLETED os=COMPLETED is=IDLE awp=false se=false i=false al=0}
[DEBUG] nextAction(false) TERMINATED HttpChannelState@7bf8633{s=IDLE rs=COMPLETED os=COMPLETED is=IDLE awp=false se=false i=false al=0}
[DEBUG] action TERMINATED HttpChannelOverHttp@380129b{s=HttpChannelState@7bf8633{s=IDLE rs=COMPLETED os=COMPLETED is=IDLE awp=false se=false i=false al=0},r=18,c=true/true,a=IDLE,uri=//localhost:38858/CookieServlet,age=16}
[DEBUG] onCompleted for /CookieServlet written=96
[DEBUG] recycle HttpChannelState@7bf8633{s=IDLE rs=COMPLETED os=COMPLETED is=IDLE awp=false se=false i=false al=0}
[DEBUG] reset HttpParser{s=END,0 of -1}
[DEBUG] END --> START
[DEBUG] !handle TERMINATED HttpChannelOverHttp@380129b{s=HttpChannelState@7bf8633{s=IDLE rs=BLOCKING os=OPEN is=IDLE awp=false se=false i=true al=0},r=18,c=false/false,a=IDLE,uri=null,age=0}
[DEBUG] filled 196 HeapByteBuffer@41e05b38[p=0,l=196,c=8192,r=196]={<<<GET /CookieServlet HTTP/1...nection: keep-alive\r\n\r\n>>>45.130 Sa...\x00\x00\x00\x00\x00\x00\x00}
[DEBUG] HttpConnection@42bd18a0::SocketChannelEndPoint@d47ed43{l=/127.0.0.1:38858,r=/127.0.0.1:42940,OPEN,fill=-,flush=-,to=0/30000}{io=0/0,kio=0,kro=1}->HttpConnection@42bd18a0[p=HttpParser{s=START,0 of -1},g=HttpGenerator@73351804{s=START}]=>HttpChannelOverHttp@380129b{s=HttpChannelState@7bf8633{s=IDLE rs=BLOCKING os=OPEN is=IDLE awp=false se=false i=true al=0},r=18,c=false/false,a=IDLE,uri=null,age=0} filled 196 HeapByteBuffer@41e05b38[p=0,l=196,c=8192,r=196]={<<<GET /CookieServlet HTTP/1...nection: keep-alive\r\n\r\n>>>45.130 Sa...\x00\x00\x00\x00\x00\x00\x00}
[DEBUG] HttpConnection@42bd18a0::SocketChannelEndPoint@d47ed43{l=/127.0.0.1:38858,r=/127.0.0.1:42940,OPEN,fill=-,flush=-,to=0/30000}{io=0/0,kio=0,kro=1}->HttpConnection@42bd18a0[p=HttpParser{s=START,0 of -1},g=HttpGenerator@73351804{s=START}]=>HttpChannelOverHttp@380129b{s=HttpChannelState@7bf8633{s=IDLE rs=BLOCKING os=OPEN is=IDLE awp=false se=false i=true al=0},r=18,c=false/false,a=IDLE,uri=null,age=0} parse HeapByteBuffer@41e05b38[p=0,l=196,c=8192,r=196]={<<<GET /CookieServlet HTTP/1...nection: keep-alive\r\n\r\n>>>45.130 Sa...\x00\x00\x00\x00\x00\x00\x00} {}
[DEBUG] parseNext s=START HeapByteBuffer@41e05b38[p=0,l=196,c=8192,r=196]={<<<GET /CookieServlet HTTP/1...nection: keep-alive\r\n\r\n>>>45.130 Sa...\x00\x00\x00\x00\x00\x00\x00}
[DEBUG] START --> SPACE1
[DEBUG] SPACE1 --> URI
[DEBUG] URI --> SPACE2
[DEBUG] SPACE2 --> REQUEST_VERSION
[DEBUG] REQUEST_VERSION --> HEADER
[DEBUG] HEADER:Accept-Encoding: gzip --> IN_VALUE
[DEBUG] HEADER:Accept-Encoding: gzip --> FIELD
[DEBUG] HEADER:User-Agent --> VALUE
[DEBUG] HEADER:User-Agent --> IN_VALUE
[DEBUG] HEADER:User-Agent --> FIELD
[DEBUG] HEADER:Host: localhost:38858 --> IN_VALUE
[DEBUG] HEADER:Host: localhost:38858 --> FIELD
[DEBUG] HEADER:Accept: text/html, image/gif, image/jpeg, *; q=.2, */*; q=.2 --> IN_VALUE
[DEBUG] HEADER:Accept: text/html, image/gif, image/jpeg, *; q=.2, */*; q=.2 --> FIELD
[DEBUG] HEADER:Connection: keep-alive --> IN_VALUE
[DEBUG] HEADER:Connection: keep-alive --> FIELD
[DEBUG] HEADER --> CONTENT
[DEBUG] REQUEST for //localhost:38858/CookieServlet on HttpChannelOverHttp@380129b{s=HttpChannelState@7bf8633{s=IDLE rs=BLOCKING os=OPEN is=IDLE awp=false se=false i=true al=0},r=19,c=false/false,a=IDLE,uri=//localhost:38858/CookieServlet,age=0}
GET //localhost:38858/CookieServlet HTTP/1.1
Accept-Encoding: gzip
User-Agent: Jsoup Testalot v0.1
Host: localhost:38858
Accept: text/html, image/gif, image/jpeg, *; q=.2, */*; q=.2
Connection: keep-alive


[DEBUG] HttpConnection@42bd18a0::SocketChannelEndPoint@d47ed43{l=/127.0.0.1:38858,r=/127.0.0.1:42940,OPEN,fill=-,flush=-,to=0/30000}{io=0/0,kio=0,kro=1}->HttpConnection@42bd18a0[p=HttpParser{s=CONTENT,0 of -1},g=HttpGenerator@73351804{s=START}]=>HttpChannelOverHttp@380129b{s=HttpChannelState@7bf8633{s=IDLE rs=BLOCKING os=OPEN is=IDLE awp=false se=false i=true al=0},r=19,c=false/false,a=IDLE,uri=//localhost:38858/CookieServlet,age=0} parsed true HttpParser{s=CONTENT,0 of -1}
[DEBUG] releaseRequestBuffer HttpConnection@42bd18a0::SocketChannelEndPoint@d47ed43{l=/127.0.0.1:38858,r=/127.0.0.1:42940,OPEN,fill=-,flush=-,to=0/30000}{io=0/0,kio=0,kro=1}->HttpConnection@42bd18a0[p=HttpParser{s=CONTENT,0 of -1},g=HttpGenerator@73351804{s=START}]=>HttpChannelOverHttp@380129b{s=HttpChannelState@7bf8633{s=IDLE rs=BLOCKING os=OPEN is=IDLE awp=false se=false i=true al=0},r=19,c=false/false,a=IDLE,uri=//localhost:38858/CookieServlet,age=0}
[DEBUG] handle //localhost:38858/CookieServlet HttpChannelOverHttp@380129b{s=HttpChannelState@7bf8633{s=IDLE rs=BLOCKING os=OPEN is=IDLE awp=false se=false i=true al=0},r=19,c=false/false,a=IDLE,uri=//localhost:38858/CookieServlet,age=0} 
[DEBUG] handling HttpChannelState@7bf8633{s=IDLE rs=BLOCKING os=OPEN is=IDLE awp=false se=false i=true al=0}
[DEBUG] action DISPATCH HttpChannelOverHttp@380129b{s=HttpChannelState@7bf8633{s=HANDLING rs=BLOCKING os=OPEN is=IDLE awp=false se=false i=true al=0},r=19,c=false/false,a=HANDLING,uri=//localhost:38858/CookieServlet,age=0}
[DEBUG] REQUEST GET /CookieServlet on HttpChannelOverHttp@380129b{s=HttpChannelState@7bf8633{s=HANDLING rs=BLOCKING os=OPEN is=IDLE awp=false se=false i=true al=0},r=19,c=false/false,a=HANDLING,uri=//localhost:38858/CookieServlet,age=0}
[DEBUG] servlet null|/CookieServlet|null -> org.jsoup.integration.servlets.CookieServlet-d8305c2==org.jsoup.integration.servlets.CookieServlet@ca8db5d8{jsp=null,order=-1,inst=true,async=true,src=EMBEDDED:null,STARTED}
[DEBUG] chain=null
[DEBUG] write(array HeapByteBuffer@7cd111fc[p=0,l=7,c=512,r=7]={<<<<table>>>>>One</th>...\x00\x00\x00\x00\x00\x00\x00})
[DEBUG] write(array) s=OPEN,api=BLOCKING,sc=false,e=null aggregated !flush DirectByteBuffer@1c19d748[p=0,l=7,c=32768,r=7]={<<<<table>>>>al>One<va...gue. Pr}
[DEBUG] write(array HeapByteBuffer@da0af42[p=0,l=1,c=512,r=1]={<<<\n>>>table>>On...\x00\x00\x00\x00\x00\x00\x00})
[DEBUG] write(array) s=OPEN,api=BLOCKING,sc=false,e=null aggregated !flush DirectByteBuffer@1c19d748[p=0,l=8,c=32768,r=8]={<<<<table>\n>>>l>One<val...gue. Pr}
[DEBUG] write(array HeapByteBuffer@4734c12e[p=0,l=8,c=512,r=8]={<<<</table>>>>One</th><...\x00\x00\x00\x00\x00\x00\x00})
[DEBUG] write(array) s=OPEN,api=BLOCKING,sc=false,e=null aggregated !flush DirectByteBuffer@1c19d748[p=0,l=16,c=32768,r=16]={<<<<table>\n</table>>>>l>Two</va...gue. Pr}
[DEBUG] write(array HeapByteBuffer@667e0267[p=0,l=1,c=512,r=1]={<<<\n>>>/table>On...\x00\x00\x00\x00\x00\x00\x00})
[DEBUG] write(array) s=OPEN,api=BLOCKING,sc=false,e=null aggregated !flush DirectByteBuffer@1c19d748[p=0,l=17,c=32768,r=17]={<<<<table>\n</table>\n>>>>Two</val...gue. Pr}
[DEBUG] handled=true async=false committed=false on HttpChannelOverHttp@380129b{s=HttpChannelState@7bf8633{s=HANDLING rs=BLOCKING os=OPEN is=IDLE awp=false se=false i=true al=0},r=19,c=false/false,a=HANDLING,uri=//localhost:38858/CookieServlet,age=1}
[DEBUG] unhandle HttpChannelState@7bf8633{s=HANDLING rs=BLOCKING os=OPEN is=IDLE awp=false se=false i=true al=0}
[DEBUG] nextAction(false) COMPLETE HttpChannelState@7bf8633{s=HANDLING rs=COMPLETING os=OPEN is=IDLE awp=false se=false i=false al=0}
[DEBUG] action COMPLETE HttpChannelOverHttp@380129b{s=HttpChannelState@7bf8633{s=HANDLING rs=COMPLETING os=OPEN is=IDLE awp=false se=false i=false al=0},r=19,c=false/false,a=HANDLING,uri=//localhost:38858/CookieServlet,age=1}
[DEBUG] filled 0 HeapByteBuffer@22b9b50d[p=0,l=0,c=8192,r=0]={<<<>>>GET /Cook...\x86&h\xA0{\xC1\xC2}
[DEBUG] filled 0 HeapByteBuffer@22b9b50d[p=0,l=0,c=8192,r=0]={<<<>>>GET /Cook...\x86&h\xA0{\xC1\xC2}
[DEBUG] HttpConnection@42bd18a0::SocketChannelEndPoint@d47ed43{l=/127.0.0.1:38858,r=/127.0.0.1:42940,OPEN,fill=-,flush=-,to=1/30000}{io=0/0,kio=0,kro=1}->HttpConnection@42bd18a0[p=HttpParser{s=CONTENT,0 of -1},g=HttpGenerator@73351804{s=START}]=>HttpChannelOverHttp@380129b{s=HttpChannelState@7bf8633{s=HANDLING rs=COMPLETING os=OPEN is=IDLE awp=false se=false i=false al=0},r=19,c=false/false,a=HANDLING,uri=//localhost:38858/CookieServlet,age=1} filled 0 HeapByteBuffer@22b9b50d[p=0,l=0,c=8192,r=0]={<<<>>>GET /Cook...\x86&h\xA0{\xC1\xC2}
[DEBUG] HttpConnection@42bd18a0::SocketChannelEndPoint@d47ed43{l=/127.0.0.1:38858,r=/127.0.0.1:42940,OPEN,fill=-,flush=-,to=1/30000}{io=0/0,kio=0,kro=1}->HttpConnection@42bd18a0[p=HttpParser{s=CONTENT,0 of -1},g=HttpGenerator@73351804{s=START}]=>HttpChannelOverHttp@380129b{s=HttpChannelState@7bf8633{s=HANDLING rs=COMPLETING os=OPEN is=IDLE awp=false se=false i=false al=0},r=19,c=false/false,a=HANDLING,uri=//localhost:38858/CookieServlet,age=1} parse HeapByteBuffer@22b9b50d[p=0,l=0,c=8192,r=0]={<<<>>>GET /Cook...\x86&h\xA0{\xC1\xC2} {}
[DEBUG] parseNext s=CONTENT HeapByteBuffer@22b9b50d[p=0,l=0,c=8192,r=0]={<<<>>>GET /Cook...\x86&h\xA0{\xC1\xC2}
[DEBUG] CONTENT --> CONTENT_END
[DEBUG] onContentComplete HttpChannelOverHttp@380129b{s=HttpChannelState@7bf8633{s=HANDLING rs=COMPLETING os=OPEN is=IDLE awp=false se=false i=false al=0},r=19,c=false/false,a=HANDLING,uri=//localhost:38858/CookieServlet,age=1}
[DEBUG] CONTENT_END --> END
[DEBUG] onRequestComplete HttpChannelOverHttp@380129b{s=HttpChannelState@7bf8633{s=HANDLING rs=COMPLETING os=OPEN is=IDLE awp=false se=false i=false al=0},r=19,c=false/false,a=HANDLING,uri=//localhost:38858/CookieServlet,age=1}
[DEBUG] HttpInputOverHTTP@8cf6f52[c=0,q=0,[0]=null,s=STREAM] addContent EOF
[DEBUG] HttpConnection@42bd18a0::SocketChannelEndPoint@d47ed43{l=/127.0.0.1:38858,r=/127.0.0.1:42940,OPEN,fill=-,flush=-,to=1/30000}{io=0/0,kio=0,kro=1}->HttpConnection@42bd18a0[p=HttpParser{s=END,0 of -1},g=HttpGenerator@73351804{s=START}]=>HttpChannelOverHttp@380129b{s=HttpChannelState@7bf8633{s=HANDLING rs=COMPLETING os=OPEN is=IDLE awp=false se=false i=false al=0},r=19,c=false/false,a=HANDLING,uri=//localhost:38858/CookieServlet,age=1} parsed false HttpParser{s=END,0 of -1}
[DEBUG] releaseRequestBuffer HttpConnection@42bd18a0::SocketChannelEndPoint@d47ed43{l=/127.0.0.1:38858,r=/127.0.0.1:42940,OPEN,fill=-,flush=-,to=2/30000}{io=0/0,kio=0,kro=1}->HttpConnection@42bd18a0[p=HttpParser{s=END,0 of -1},g=HttpGenerator@73351804{s=START}]=>HttpChannelOverHttp@380129b{s=HttpChannelState@7bf8633{s=HANDLING rs=COMPLETING os=OPEN is=IDLE awp=false se=false i=false al=0},r=19,c=false/false,a=HANDLING,uri=//localhost:38858/CookieServlet,age=3}
[DEBUG] complete(org.eclipse.jetty.util.Callback$3@1254a1a5) s=CLOSING,api=BLOCKED,sc=false,e=null s=false e=null, c=DirectByteBuffer@1c19d748[p=0,l=17,c=32768,r=17]={<<<<table>\n</table>\n>>>>Two</val...gue. Pr}
[DEBUG] sendResponse info=null content=DirectByteBuffer@1c19d748[p=0,l=17,c=32768,r=17]={<<<<table>\n</table>\n>>>>Two</val...gue. Pr} complete=true committing=true callback=org.eclipse.jetty.server.HttpOutput$WriteCompleteCB@1a86c612
[DEBUG] COMMIT for /CookieServlet on HttpChannelOverHttp@380129b{s=HttpChannelState@7bf8633{s=HANDLING rs=COMPLETING os=COMMITTED is=IDLE awp=false se=false i=false al=0},r=19,c=false/false,a=HANDLING,uri=//localhost:38858/CookieServlet,age=3}
200 null HTTP/1.1
Date: Mon, 20 Sep 2021 19:30:18 GMT
Content-Type: text/html;charset=utf-8


[DEBUG] generate: NEED_HEADER for SendCallback@5f75d958[PROCESSING][i=HTTP/1.1{s=200,h=2,cl=-1},cb=org.eclipse.jetty.server.HttpChannel$SendCallback@7bda49dd] (null,[p=0,l=17,c=32768,r=17],true)@START
[DEBUG] generateHeaders HTTP/1.1{s=200,h=2,cl=-1} last=true content=DirectByteBuffer@1c19d748[p=0,l=17,c=32768,r=17]={<<<<table>\n</table>\n>>>>Two</val...gue. Pr}
[DEBUG] Date: Mon, 20 Sep 2021 19:30:18 GMT
Content-Type: text/html;charset=utf-8


[DEBUG] CONTENT_LENGTH
[DEBUG] generate: FLUSH for SendCallback@5f75d958[PROCESSING][i=HTTP/1.1{s=200,h=2,cl=-1},cb=org.eclipse.jetty.server.HttpChannel$SendCallback@7bda49dd] ([p=0,l=148,c=8192,r=148],[p=0,l=17,c=32768,r=17],true)@COMPLETING
[DEBUG] write: WriteFlusher@21254e7e{IDLE}->null [HeapByteBuffer@78a30358[p=0,l=148,c=8192,r=148]={<<<HTTP/1.1 200 OK\r\nDate: Mo...y(9.4.43.v20210629)\r\n\r\n>>>nt-Length...\xCe\x1f\xAf\xC2\x8d\xCey},DirectByteBuffer@1c19d748[p=0,l=17,c=32768,r=17]={<<<<table>\n</table>\n>>>>Two</val...gue. Pr}]
[DEBUG] update WriteFlusher@21254e7e{WRITING}->null:IDLE-->WRITING
[DEBUG] flushed 165 SocketChannelEndPoint@d47ed43{l=/127.0.0.1:38858,r=/127.0.0.1:42940,OPEN,fill=-,flush=W,to=7/30000}{io=0/0,kio=0,kro=1}->HttpConnection@42bd18a0[p=HttpParser{s=END,0 of -1},g=HttpGenerator@73351804{s=COMPLETING}]=>HttpChannelOverHttp@380129b{s=HttpChannelState@7bf8633{s=HANDLING rs=COMPLETING os=COMMITTED is=IDLE awp=false se=false i=false al=0},r=19,c=false/false,a=HANDLING,uri=//localhost:38858/CookieServlet,age=7}
[DEBUG] Flushed=true written=165 remaining=0 WriteFlusher@21254e7e{WRITING}->null
[DEBUG] update WriteFlusher@21254e7e{IDLE}->null:WRITING-->IDLE
[DEBUG] generate: DONE for SendCallback@5f75d958[PROCESSING][i=HTTP/1.1{s=200,h=2,cl=-1},cb=org.eclipse.jetty.server.HttpChannel$SendCallback@7bda49dd] ([p=148,l=148,c=8192,r=0],[p=17,l=17,c=32768,r=0],true)@END
[DEBUG] onWriteComplete(true,null) s=CLOSING,api=BLOCKED,sc=false,e=null->s=CLOSED,api=BLOCKING,sc=false,e=null c=null cb=org.eclipse.jetty.util.Callback$3@1254a1a5 w=false
[DEBUG] completed HttpChannelState@7bf8633{s=HANDLING rs=COMPLETING os=COMPLETED is=IDLE awp=false se=false i=false al=0}
[DEBUG] unhandle HttpChannelState@7bf8633{s=HANDLING rs=COMPLETED os=COMPLETED is=IDLE awp=false se=false i=false al=0}
[DEBUG] nextAction(false) TERMINATED HttpChannelState@7bf8633{s=IDLE rs=COMPLETED os=COMPLETED is=IDLE awp=false se=false i=false al=0}
[DEBUG] action TERMINATED HttpChannelOverHttp@380129b{s=HttpChannelState@7bf8633{s=IDLE rs=COMPLETED os=COMPLETED is=IDLE awp=false se=false i=false al=0},r=19,c=true/true,a=IDLE,uri=//localhost:38858/CookieServlet,age=8}
[DEBUG] onCompleted for /CookieServlet written=17
[DEBUG] recycle HttpChannelState@7bf8633{s=IDLE rs=COMPLETED os=COMPLETED is=IDLE awp=false se=false i=false al=0}
[DEBUG] reset HttpParser{s=END,0 of -1}
[DEBUG] END --> START
[DEBUG] !handle TERMINATED HttpChannelOverHttp@380129b{s=HttpChannelState@7bf8633{s=IDLE rs=BLOCKING os=OPEN is=IDLE awp=false se=false i=true al=0},r=19,c=false/false,a=IDLE,uri=null,age=0}
[DEBUG] filled 209 HeapByteBuffer@41e05b38[p=0,l=209,c=8192,r=209]={<<<GET /CookieServlet?setCoo...nection: keep-alive\r\n\r\n>>>/537.36\r\n...\x00\x00\x00\x00\x00\x00\x00}
[DEBUG] HttpConnection@42bd18a0::SocketChannelEndPoint@d47ed43{l=/127.0.0.1:38858,r=/127.0.0.1:42940,OPEN,fill=-,flush=-,to=0/30000}{io=0/0,kio=0,kro=1}->HttpConnection@42bd18a0[p=HttpParser{s=START,0 of -1},g=HttpGenerator@73351804{s=START}]=>HttpChannelOverHttp@380129b{s=HttpChannelState@7bf8633{s=IDLE rs=BLOCKING os=OPEN is=IDLE awp=false se=false i=true al=0},r=19,c=false/false,a=IDLE,uri=null,age=0} filled 209 HeapByteBuffer@41e05b38[p=0,l=209,c=8192,r=209]={<<<GET /CookieServlet?setCoo...nection: keep-alive\r\n\r\n>>>/537.36\r\n...\x00\x00\x00\x00\x00\x00\x00}
[DEBUG] HttpConnection@42bd18a0::SocketChannelEndPoint@d47ed43{l=/127.0.0.1:38858,r=/127.0.0.1:42940,OPEN,fill=-,flush=-,to=0/30000}{io=0/0,kio=0,kro=1}->HttpConnection@42bd18a0[p=HttpParser{s=START,0 of -1},g=HttpGenerator@73351804{s=START}]=>HttpChannelOverHttp@380129b{s=HttpChannelState@7bf8633{s=IDLE rs=BLOCKING os=OPEN is=IDLE awp=false se=false i=true al=0},r=19,c=false/false,a=IDLE,uri=null,age=0} parse HeapByteBuffer@41e05b38[p=0,l=209,c=8192,r=209]={<<<GET /CookieServlet?setCoo...nection: keep-alive\r\n\r\n>>>/537.36\r\n...\x00\x00\x00\x00\x00\x00\x00} {}
[DEBUG] parseNext s=START HeapByteBuffer@41e05b38[p=0,l=209,c=8192,r=209]={<<<GET /CookieServlet?setCoo...nection: keep-alive\r\n\r\n>>>/537.36\r\n...\x00\x00\x00\x00\x00\x00\x00}
[DEBUG] START --> SPACE1
[DEBUG] SPACE1 --> URI
[DEBUG] URI --> SPACE2
[DEBUG] SPACE2 --> REQUEST_VERSION
[DEBUG] REQUEST_VERSION --> HEADER
[DEBUG] HEADER:Accept-Encoding: gzip --> IN_VALUE
[DEBUG] HEADER:Accept-Encoding: gzip --> FIELD
[DEBUG] HEADER:User-Agent: Jsoup Testalot v0.1 --> IN_VALUE
[DEBUG] HEADER:User-Agent: Jsoup Testalot v0.1 --> FIELD
[DEBUG] HEADER:Host: localhost:38858 --> IN_VALUE
[DEBUG] HEADER:Host: localhost:38858 --> FIELD
[DEBUG] HEADER:Accept: text/html, image/gif, image/jpeg, *; q=.2, */*; q=.2 --> IN_VALUE
[DEBUG] HEADER:Accept: text/html, image/gif, image/jpeg, *; q=.2, */*; q=.2 --> FIELD
[DEBUG] HEADER:Connection: keep-alive --> IN_VALUE
[DEBUG] HEADER:Connection: keep-alive --> FIELD
[DEBUG] HEADER --> CONTENT
[DEBUG] REQUEST for //localhost:38858/CookieServlet?setCookies=1 on HttpChannelOverHttp@380129b{s=HttpChannelState@7bf8633{s=IDLE rs=BLOCKING os=OPEN is=IDLE awp=false se=false i=true al=0},r=20,c=false/false,a=IDLE,uri=//localhost:38858/CookieServlet?setCookies=1,age=0}
GET //localhost:38858/CookieServlet?setCookies=1 HTTP/1.1
Accept-Encoding: gzip
User-Agent: Jsoup Testalot v0.1
Host: localhost:38858
Accept: text/html, image/gif, image/jpeg, *; q=.2, */*; q=.2
Connection: keep-alive


[DEBUG] HttpConnection@42bd18a0::SocketChannelEndPoint@d47ed43{l=/127.0.0.1:38858,r=/127.0.0.1:42940,OPEN,fill=-,flush=-,to=0/30000}{io=0/0,kio=0,kro=1}->HttpConnection@42bd18a0[p=HttpParser{s=CONTENT,0 of -1},g=HttpGenerator@73351804{s=START}]=>HttpChannelOverHttp@380129b{s=HttpChannelState@7bf8633{s=IDLE rs=BLOCKING os=OPEN is=IDLE awp=false se=false i=true al=0},r=20,c=false/false,a=IDLE,uri=//localhost:38858/CookieServlet?setCookies=1,age=0} parsed true HttpParser{s=CONTENT,0 of -1}
[DEBUG] releaseRequestBuffer HttpConnection@42bd18a0::SocketChannelEndPoint@d47ed43{l=/127.0.0.1:38858,r=/127.0.0.1:42940,OPEN,fill=-,flush=-,to=0/30000}{io=0/0,kio=0,kro=1}->HttpConnection@42bd18a0[p=HttpParser{s=CONTENT,0 of -1},g=HttpGenerator@73351804{s=START}]=>HttpChannelOverHttp@380129b{s=HttpChannelState@7bf8633{s=IDLE rs=BLOCKING os=OPEN is=IDLE awp=false se=false i=true al=0},r=20,c=false/false,a=IDLE,uri=//localhost:38858/CookieServlet?setCookies=1,age=0}
[DEBUG] handle //localhost:38858/CookieServlet?setCookies=1 HttpChannelOverHttp@380129b{s=HttpChannelState@7bf8633{s=IDLE rs=BLOCKING os=OPEN is=IDLE awp=false se=false i=true al=0},r=20,c=false/false,a=IDLE,uri=//localhost:38858/CookieServlet?setCookies=1,age=0} 
[DEBUG] handling HttpChannelState@7bf8633{s=IDLE rs=BLOCKING os=OPEN is=IDLE awp=false se=false i=true al=0}
[DEBUG] action DISPATCH HttpChannelOverHttp@380129b{s=HttpChannelState@7bf8633{s=HANDLING rs=BLOCKING os=OPEN is=IDLE awp=false se=false i=true al=0},r=20,c=false/false,a=HANDLING,uri=//localhost:38858/CookieServlet?setCookies=1,age=0}
[DEBUG] REQUEST GET /CookieServlet on HttpChannelOverHttp@380129b{s=HttpChannelState@7bf8633{s=HANDLING rs=BLOCKING os=OPEN is=IDLE awp=false se=false i=true al=0},r=20,c=false/false,a=HANDLING,uri=//localhost:38858/CookieServlet?setCookies=1,age=1}
[DEBUG] servlet null|/CookieServlet|null -> org.jsoup.integration.servlets.CookieServlet-d8305c2==org.jsoup.integration.servlets.CookieServlet@ca8db5d8{jsp=null,order=-1,inst=true,async=true,src=EMBEDDED:null,STARTED}
[DEBUG] chain=null
[DEBUG] write(array HeapByteBuffer@6d2111fb[p=0,l=7,c=512,r=7]={<<<<table>>>>>One</th>...\x00\x00\x00\x00\x00\x00\x00})
[DEBUG] write(array) s=OPEN,api=BLOCKING,sc=false,e=null aggregated !flush DirectByteBuffer@1492b79c[p=0,l=7,c=32768,r=7]={<<<<table>>>>Webserver...gue. Pr}
[DEBUG] write(array HeapByteBuffer@5acfdc73[p=0,l=1,c=512,r=1]={<<<\n>>>table>>On...\x00\x00\x00\x00\x00\x00\x00})
[DEBUG] write(array) s=OPEN,api=BLOCKING,sc=false,e=null aggregated !flush DirectByteBuffer@1492b79c[p=0,l=8,c=32768,r=8]={<<<<table>\n>>>ebserver ...gue. Pr}
[DEBUG] write(array HeapByteBuffer@7655376e[p=0,l=8,c=512,r=8]={<<<</table>>>>One</th><...\x00\x00\x00\x00\x00\x00\x00})
[DEBUG] write(array) s=OPEN,api=BLOCKING,sc=false,e=null aggregated !flush DirectByteBuffer@1492b79c[p=0,l=16,c=32768,r=16]={<<<<table>\n</table>>>> Environm...gue. Pr}
[DEBUG] write(array HeapByteBuffer@5f680cd8[p=0,l=1,c=512,r=1]={<<<\n>>>/table>On...\x00\x00\x00\x00\x00\x00\x00})
[DEBUG] write(array) s=OPEN,api=BLOCKING,sc=false,e=null aggregated !flush DirectByteBuffer@1492b79c[p=0,l=17,c=32768,r=17]={<<<<table>\n</table>\n>>>Environme...gue. Pr}
[DEBUG] handled=true async=false committed=false on HttpChannelOverHttp@380129b{s=HttpChannelState@7bf8633{s=HANDLING rs=BLOCKING os=OPEN is=IDLE awp=false se=false i=true al=0},r=20,c=false/false,a=HANDLING,uri=//localhost:38858/CookieServlet?setCookies=1,age=6}
[DEBUG] unhandle HttpChannelState@7bf8633{s=HANDLING rs=BLOCKING os=OPEN is=IDLE awp=false se=false i=true al=0}
[DEBUG] nextAction(false) COMPLETE HttpChannelState@7bf8633{s=HANDLING rs=COMPLETING os=OPEN is=IDLE awp=false se=false i=false al=0}
[DEBUG] action COMPLETE HttpChannelOverHttp@380129b{s=HttpChannelState@7bf8633{s=HANDLING rs=COMPLETING os=OPEN is=IDLE awp=false se=false i=false al=0},r=20,c=false/false,a=HANDLING,uri=//localhost:38858/CookieServlet?setCookies=1,age=6}
[DEBUG] filled 0 HeapByteBuffer@22b9b50d[p=0,l=0,c=8192,r=0]={<<<>>>GET /Cook...\x86&h\xA0{\xC1\xC2}
[DEBUG] filled 0 HeapByteBuffer@22b9b50d[p=0,l=0,c=8192,r=0]={<<<>>>GET /Cook...\x86&h\xA0{\xC1\xC2}
[DEBUG] HttpConnection@42bd18a0::SocketChannelEndPoint@d47ed43{l=/127.0.0.1:38858,r=/127.0.0.1:42940,OPEN,fill=-,flush=-,to=6/30000}{io=0/0,kio=0,kro=1}->HttpConnection@42bd18a0[p=HttpParser{s=CONTENT,0 of -1},g=HttpGenerator@73351804{s=START}]=>HttpChannelOverHttp@380129b{s=HttpChannelState@7bf8633{s=HANDLING rs=COMPLETING os=OPEN is=IDLE awp=false se=false i=false al=0},r=20,c=false/false,a=HANDLING,uri=//localhost:38858/CookieServlet?setCookies=1,age=6} filled 0 HeapByteBuffer@22b9b50d[p=0,l=0,c=8192,r=0]={<<<>>>GET /Cook...\x86&h\xA0{\xC1\xC2}
[DEBUG] HttpConnection@42bd18a0::SocketChannelEndPoint@d47ed43{l=/127.0.0.1:38858,r=/127.0.0.1:42940,OPEN,fill=-,flush=-,to=6/30000}{io=0/0,kio=0,kro=1}->HttpConnection@42bd18a0[p=HttpParser{s=CONTENT,0 of -1},g=HttpGenerator@73351804{s=START}]=>HttpChannelOverHttp@380129b{s=HttpChannelState@7bf8633{s=HANDLING rs=COMPLETING os=OPEN is=IDLE awp=false se=false i=false al=0},r=20,c=false/false,a=HANDLING,uri=//localhost:38858/CookieServlet?setCookies=1,age=6} parse HeapByteBuffer@22b9b50d[p=0,l=0,c=8192,r=0]={<<<>>>GET /Cook...\x86&h\xA0{\xC1\xC2} {}
[DEBUG] parseNext s=CONTENT HeapByteBuffer@22b9b50d[p=0,l=0,c=8192,r=0]={<<<>>>GET /Cook...\x86&h\xA0{\xC1\xC2}
[DEBUG] CONTENT --> CONTENT_END
[DEBUG] onContentComplete HttpChannelOverHttp@380129b{s=HttpChannelState@7bf8633{s=HANDLING rs=COMPLETING os=OPEN is=IDLE awp=false se=false i=false al=0},r=20,c=false/false,a=HANDLING,uri=//localhost:38858/CookieServlet?setCookies=1,age=6}
[DEBUG] CONTENT_END --> END
[DEBUG] onRequestComplete HttpChannelOverHttp@380129b{s=HttpChannelState@7bf8633{s=HANDLING rs=COMPLETING os=OPEN is=IDLE awp=false se=false i=false al=0},r=20,c=false/false,a=HANDLING,uri=//localhost:38858/CookieServlet?setCookies=1,age=6}
[DEBUG] HttpInputOverHTTP@8cf6f52[c=0,q=0,[0]=null,s=STREAM] addContent EOF
[DEBUG] HttpConnection@42bd18a0::SocketChannelEndPoint@d47ed43{l=/127.0.0.1:38858,r=/127.0.0.1:42940,OPEN,fill=-,flush=-,to=6/30000}{io=0/0,kio=0,kro=1}->HttpConnection@42bd18a0[p=HttpParser{s=END,0 of -1},g=HttpGenerator@73351804{s=START}]=>HttpChannelOverHttp@380129b{s=HttpChannelState@7bf8633{s=HANDLING rs=COMPLETING os=OPEN is=IDLE awp=false se=false i=false al=0},r=20,c=false/false,a=HANDLING,uri=//localhost:38858/CookieServlet?setCookies=1,age=7} parsed false HttpParser{s=END,0 of -1}
[DEBUG] releaseRequestBuffer HttpConnection@42bd18a0::SocketChannelEndPoint@d47ed43{l=/127.0.0.1:38858,r=/127.0.0.1:42940,OPEN,fill=-,flush=-,to=6/30000}{io=0/0,kio=0,kro=1}->HttpConnection@42bd18a0[p=HttpParser{s=END,0 of -1},g=HttpGenerator@73351804{s=START}]=>HttpChannelOverHttp@380129b{s=HttpChannelState@7bf8633{s=HANDLING rs=COMPLETING os=OPEN is=IDLE awp=false se=false i=false al=0},r=20,c=false/false,a=HANDLING,uri=//localhost:38858/CookieServlet?setCookies=1,age=7}
[DEBUG] complete(org.eclipse.jetty.util.Callback$3@3a237007) s=CLOSING,api=BLOCKED,sc=false,e=null s=false e=null, c=DirectByteBuffer@1492b79c[p=0,l=17,c=32768,r=17]={<<<<table>\n</table>\n>>>Environme...gue. Pr}
[DEBUG] sendResponse info=null content=DirectByteBuffer@1492b79c[p=0,l=17,c=32768,r=17]={<<<<table>\n</table>\n>>>Environme...gue. Pr} complete=true committing=true callback=org.eclipse.jetty.server.HttpOutput$WriteCompleteCB@1e2b1f74
[DEBUG] COMMIT for /CookieServlet on HttpChannelOverHttp@380129b{s=HttpChannelState@7bf8633{s=HANDLING rs=COMPLETING os=COMMITTED is=IDLE awp=false se=false i=false al=0},r=20,c=false/false,a=HANDLING,uri=//localhost:38858/CookieServlet?setCookies=1,age=7}
200 null HTTP/1.1
Date: Mon, 20 Sep 2021 19:30:18 GMT
Set-Cookie: One=Root; Path=/
Expires: Thu, 01 Jan 1970 00:00:00 GMT
Set-Cookie: One=CookieServlet; Path=/CookieServlet; HttpOnly
Set-Cookie: One=EchoServlet; Path=/EchoServlet
Content-Type: text/html;charset=utf-8


[DEBUG] generate: NEED_HEADER for SendCallback@5f75d958[PROCESSING][i=HTTP/1.1{s=200,h=6,cl=-1},cb=org.eclipse.jetty.server.HttpChannel$SendCallback@411ab598] (null,[p=0,l=17,c=32768,r=17],true)@START
[DEBUG] generateHeaders HTTP/1.1{s=200,h=6,cl=-1} last=true content=DirectByteBuffer@1492b79c[p=0,l=17,c=32768,r=17]={<<<<table>\n</table>\n>>>Environme...gue. Pr}
[DEBUG] Date: Mon, 20 Sep 2021 19:30:18 GMT
Set-Cookie: One=Root; Path=/
Expires: Thu, 01 Jan 1970 00:00:00 GMT
Set-Cookie: One=CookieServlet; Path=/CookieServlet; HttpOnly
Set-Cookie: One=EchoServlet; Path=/EchoServlet
Content-Type: text/html;charset=utf-8


[DEBUG] CONTENT_LENGTH
[DEBUG] generate: FLUSH for SendCallback@5f75d958[PROCESSING][i=HTTP/1.1{s=200,h=6,cl=-1},cb=org.eclipse.jetty.server.HttpChannel$SendCallback@411ab598] ([p=0,l=328,c=8192,r=328],[p=0,l=17,c=32768,r=17],true)@COMPLETING
[DEBUG] write: WriteFlusher@21254e7e{IDLE}->null [HeapByteBuffer@78a30358[p=0,l=328,c=8192,r=328]={<<<HTTP/1.1 200 OK\r\nDate: Mo...y(9.4.43.v20210629)\r\n\r\n>>>0629)\r\n\r\n...\xCe\x1f\xAf\xC2\x8d\xCey},DirectByteBuffer@1492b79c[p=0,l=17,c=32768,r=17]={<<<<table>\n</table>\n>>>Environme...gue. Pr}]
[DEBUG] update WriteFlusher@21254e7e{WRITING}->null:IDLE-->WRITING
[DEBUG] flushed 345 SocketChannelEndPoint@d47ed43{l=/127.0.0.1:38858,r=/127.0.0.1:42940,OPEN,fill=-,flush=W,to=9/30000}{io=0/0,kio=0,kro=1}->HttpConnection@42bd18a0[p=HttpParser{s=END,0 of -1},g=HttpGenerator@73351804{s=COMPLETING}]=>HttpChannelOverHttp@380129b{s=HttpChannelState@7bf8633{s=HANDLING rs=COMPLETING os=COMMITTED is=IDLE awp=false se=false i=false al=0},r=20,c=false/false,a=HANDLING,uri=//localhost:38858/CookieServlet?setCookies=1,age=9}
[DEBUG] Flushed=true written=345 remaining=0 WriteFlusher@21254e7e{WRITING}->null
[DEBUG] update WriteFlusher@21254e7e{IDLE}->null:WRITING-->IDLE
[DEBUG] generate: DONE for SendCallback@5f75d958[PROCESSING][i=HTTP/1.1{s=200,h=6,cl=-1},cb=org.eclipse.jetty.server.HttpChannel$SendCallback@411ab598] ([p=328,l=328,c=8192,r=0],[p=17,l=17,c=32768,r=0],true)@END
[DEBUG] onWriteComplete(true,null) s=CLOSING,api=BLOCKED,sc=false,e=null->s=CLOSED,api=BLOCKING,sc=false,e=null c=null cb=org.eclipse.jetty.util.Callback$3@3a237007 w=false
[DEBUG] completed HttpChannelState@7bf8633{s=HANDLING rs=COMPLETING os=COMPLETED is=IDLE awp=false se=false i=false al=0}
[DEBUG] unhandle HttpChannelState@7bf8633{s=HANDLING rs=COMPLETED os=COMPLETED is=IDLE awp=false se=false i=false al=0}
[DEBUG] nextAction(false) TERMINATED HttpChannelState@7bf8633{s=IDLE rs=COMPLETED os=COMPLETED is=IDLE awp=false se=false i=false al=0}
[DEBUG] action TERMINATED HttpChannelOverHttp@380129b{s=HttpChannelState@7bf8633{s=IDLE rs=COMPLETED os=COMPLETED is=IDLE awp=false se=false i=false al=0},r=20,c=true/true,a=IDLE,uri=//localhost:38858/CookieServlet?setCookies=1,age=9}
[DEBUG] onCompleted for /CookieServlet written=17
[DEBUG] recycle HttpChannelState@7bf8633{s=IDLE rs=COMPLETED os=COMPLETED is=IDLE awp=false se=false i=false al=0}
[DEBUG] reset HttpParser{s=END,0 of -1}
[DEBUG] END --> START
[DEBUG] !handle TERMINATED HttpChannelOverHttp@380129b{s=HttpChannelState@7bf8633{s=IDLE rs=BLOCKING os=OPEN is=IDLE awp=false se=false i=true al=0},r=20,c=false/false,a=IDLE,uri=null,age=0}
[DEBUG] filled 233 HeapByteBuffer@41e05b38[p=0,l=233,c=8192,r=233]={<<<GET /CookieServlet HTTP/1...nection: keep-alive\r\n\r\n>>>:38858\r\nA...\x00\x00\x00\x00\x00\x00\x00}
[DEBUG] HttpConnection@42bd18a0::SocketChannelEndPoint@d47ed43{l=/127.0.0.1:38858,r=/127.0.0.1:42940,OPEN,fill=-,flush=-,to=0/30000}{io=0/0,kio=0,kro=1}->HttpConnection@42bd18a0[p=HttpParser{s=START,0 of -1},g=HttpGenerator@73351804{s=START}]=>HttpChannelOverHttp@380129b{s=HttpChannelState@7bf8633{s=IDLE rs=BLOCKING os=OPEN is=IDLE awp=false se=false i=true al=0},r=20,c=false/false,a=IDLE,uri=null,age=0} filled 233 HeapByteBuffer@41e05b38[p=0,l=233,c=8192,r=233]={<<<GET /CookieServlet HTTP/1...nection: keep-alive\r\n\r\n>>>:38858\r\nA...\x00\x00\x00\x00\x00\x00\x00}
[DEBUG] HttpConnection@42bd18a0::SocketChannelEndPoint@d47ed43{l=/127.0.0.1:38858,r=/127.0.0.1:42940,OPEN,fill=-,flush=-,to=0/30000}{io=0/0,kio=0,kro=1}->HttpConnection@42bd18a0[p=HttpParser{s=START,0 of -1},g=HttpGenerator@73351804{s=START}]=>HttpChannelOverHttp@380129b{s=HttpChannelState@7bf8633{s=IDLE rs=BLOCKING os=OPEN is=IDLE awp=false se=false i=true al=0},r=20,c=false/false,a=IDLE,uri=null,age=0} parse HeapByteBuffer@41e05b38[p=0,l=233,c=8192,r=233]={<<<GET /CookieServlet HTTP/1...nection: keep-alive\r\n\r\n>>>:38858\r\nA...\x00\x00\x00\x00\x00\x00\x00} {}
[DEBUG] parseNext s=START HeapByteBuffer@41e05b38[p=0,l=233,c=8192,r=233]={<<<GET /CookieServlet HTTP/1...nection: keep-alive\r\n\r\n>>>:38858\r\nA...\x00\x00\x00\x00\x00\x00\x00}
[DEBUG] START --> SPACE1
[DEBUG] SPACE1 --> URI
[DEBUG] URI --> SPACE2
[DEBUG] SPACE2 --> REQUEST_VERSION
[DEBUG] REQUEST_VERSION --> HEADER
[DEBUG] HEADER:Cookie: One=CookieServlet; One=Root --> IN_VALUE
[DEBUG] HEADER:Cookie: One=CookieServlet; One=Root --> FIELD
[DEBUG] HEADER:Accept-Encoding: gzip --> IN_VALUE
[DEBUG] HEADER:Accept-Encoding: gzip --> FIELD
[DEBUG] HEADER:User-Agent: Jsoup Testalot v0.1 --> IN_VALUE
[DEBUG] HEADER:User-Agent: Jsoup Testalot v0.1 --> FIELD
[DEBUG] HEADER:Host: localhost:38858 --> IN_VALUE
[DEBUG] HEADER:Host: localhost:38858 --> FIELD
[DEBUG] HEADER:Accept: text/html, image/gif, image/jpeg, *; q=.2, */*; q=.2 --> IN_VALUE
[DEBUG] HEADER:Accept: text/html, image/gif, image/jpeg, *; q=.2, */*; q=.2 --> FIELD
[DEBUG] HEADER:Connection: keep-alive --> IN_VALUE
[DEBUG] HEADER:Connection: keep-alive --> FIELD
[DEBUG] HEADER --> CONTENT
[DEBUG] REQUEST for //localhost:38858/CookieServlet on HttpChannelOverHttp@380129b{s=HttpChannelState@7bf8633{s=IDLE rs=BLOCKING os=OPEN is=IDLE awp=false se=false i=true al=0},r=21,c=false/false,a=IDLE,uri=//localhost:38858/CookieServlet,age=0}
GET //localhost:38858/CookieServlet HTTP/1.1
Cookie: One=CookieServlet; One=Root
Accept-Encoding: gzip
User-Agent: Jsoup Testalot v0.1
Host: localhost:38858
Accept: text/html, image/gif, image/jpeg, *; q=.2, */*; q=.2
Connection: keep-alive


[DEBUG] HttpConnection@42bd18a0::SocketChannelEndPoint@d47ed43{l=/127.0.0.1:38858,r=/127.0.0.1:42940,OPEN,fill=-,flush=-,to=0/30000}{io=0/0,kio=0,kro=1}->HttpConnection@42bd18a0[p=HttpParser{s=CONTENT,0 of -1},g=HttpGenerator@73351804{s=START}]=>HttpChannelOverHttp@380129b{s=HttpChannelState@7bf8633{s=IDLE rs=BLOCKING os=OPEN is=IDLE awp=false se=false i=true al=0},r=21,c=false/false,a=IDLE,uri=//localhost:38858/CookieServlet,age=0} parsed true HttpParser{s=CONTENT,0 of -1}
[DEBUG] releaseRequestBuffer HttpConnection@42bd18a0::SocketChannelEndPoint@d47ed43{l=/127.0.0.1:38858,r=/127.0.0.1:42940,OPEN,fill=-,flush=-,to=0/30000}{io=0/0,kio=0,kro=1}->HttpConnection@42bd18a0[p=HttpParser{s=CONTENT,0 of -1},g=HttpGenerator@73351804{s=START}]=>HttpChannelOverHttp@380129b{s=HttpChannelState@7bf8633{s=IDLE rs=BLOCKING os=OPEN is=IDLE awp=false se=false i=true al=0},r=21,c=false/false,a=IDLE,uri=//localhost:38858/CookieServlet,age=0}
[DEBUG] handle //localhost:38858/CookieServlet HttpChannelOverHttp@380129b{s=HttpChannelState@7bf8633{s=IDLE rs=BLOCKING os=OPEN is=IDLE awp=false se=false i=true al=0},r=21,c=false/false,a=IDLE,uri=//localhost:38858/CookieServlet,age=0} 
[DEBUG] handling HttpChannelState@7bf8633{s=IDLE rs=BLOCKING os=OPEN is=IDLE awp=false se=false i=true al=0}
[DEBUG] action DISPATCH HttpChannelOverHttp@380129b{s=HttpChannelState@7bf8633{s=HANDLING rs=BLOCKING os=OPEN is=IDLE awp=false se=false i=true al=0},r=21,c=false/false,a=HANDLING,uri=//localhost:38858/CookieServlet,age=0}
[DEBUG] REQUEST GET /CookieServlet on HttpChannelOverHttp@380129b{s=HttpChannelState@7bf8633{s=HANDLING rs=BLOCKING os=OPEN is=IDLE awp=false se=false i=true al=0},r=21,c=false/false,a=HANDLING,uri=//localhost:38858/CookieServlet,age=0}
[DEBUG] servlet null|/CookieServlet|null -> org.jsoup.integration.servlets.CookieServlet-d8305c2==org.jsoup.integration.servlets.CookieServlet@ca8db5d8{jsp=null,order=-1,inst=true,async=true,src=EMBEDDED:null,STARTED}
[DEBUG] chain=null
[DEBUG] write(array HeapByteBuffer@5e8b6faf[p=0,l=7,c=512,r=7]={<<<<table>>>>>One</th>...\x00\x00\x00\x00\x00\x00\x00})
[DEBUG] write(array) s=OPEN,api=BLOCKING,sc=false,e=null aggregated !flush DirectByteBuffer@1667663f[p=0,l=7,c=32768,r=7]={<<<<table>>>>Webserver...gue. Pr}
[DEBUG] write(array HeapByteBuffer@7f098f31[p=0,l=1,c=512,r=1]={<<<\n>>>table>>On...\x00\x00\x00\x00\x00\x00\x00})
[DEBUG] write(array) s=OPEN,api=BLOCKING,sc=false,e=null aggregated !flush DirectByteBuffer@1667663f[p=0,l=8,c=32768,r=8]={<<<<table>\n>>>ebserver ...gue. Pr}
[DEBUG] write(array HeapByteBuffer@399fef1b[p=0,l=43,c=512,r=43]={<<<<tr><th>One</th><td>CookieServlet</td></tr>>>>></tr>T 1...\x00\x00\x00\x00\x00\x00\x00})
[DEBUG] write(array) s=OPEN,api=BLOCKING,sc=false,e=null aggregated !flush DirectByteBuffer@1667663f[p=0,l=51,c=32768,r=51]={<<<<table>\n<tr><th>One</th><...CookieServlet</td></tr>>>><style ty...gue. Pr}
[DEBUG] write(array HeapByteBuffer@2d3d2bc5[p=0,l=1,c=512,r=1]={<<<\n>>>tr><th>On...\x00\x00\x00\x00\x00\x00\x00})
[DEBUG] write(array) s=OPEN,api=BLOCKING,sc=false,e=null aggregated !flush DirectByteBuffer@1667663f[p=0,l=52,c=32768,r=52]={<<<<table>\n<tr><th>One</th><...ookieServlet</td></tr>\n>>>style typ...gue. Pr}
[DEBUG] write(array HeapByteBuffer@28cecfda[p=0,l=34,c=512,r=34]={<<<<tr><th>One</th><td>Root</td></tr>>>>/td></tr>...\x00\x00\x00\x00\x00\x00\x00})
[DEBUG] write(array) s=OPEN,api=BLOCKING,sc=false,e=null aggregated !flush DirectByteBuffer@1667663f[p=0,l=86,c=32768,r=86]={<<<<table>\n<tr><th>One</th><...</th><td>Root</td></tr>>>> td, th {...gue. Pr}
[DEBUG] write(array HeapByteBuffer@1b8dbdf5[p=0,l=1,c=512,r=1]={<<<\n>>>tr><th>On...\x00\x00\x00\x00\x00\x00\x00})
[DEBUG] write(array) s=OPEN,api=BLOCKING,sc=false,e=null aggregated !flush DirectByteBuffer@1667663f[p=0,l=87,c=32768,r=87]={<<<<table>\n<tr><th>One</th><.../th><td>Root</td></tr>\n>>>td, th {f...gue. Pr}
[DEBUG] write(array HeapByteBuffer@5dac6ea8[p=0,l=8,c=512,r=8]={<<<</table>>>>One</th><...\x00\x00\x00\x00\x00\x00\x00})
[DEBUG] write(array) s=OPEN,api=BLOCKING,sc=false,e=null aggregated !flush DirectByteBuffer@1667663f[p=0,l=95,c=32768,r=95]={<<<<table>\n<tr><th>One</th><...Root</td></tr>\n</table>>>>font: 10p...gue. Pr}
[DEBUG] write(array HeapByteBuffer@190b15db[p=0,l=1,c=512,r=1]={<<<\n>>>/table>On...\x00\x00\x00\x00\x00\x00\x00})
[DEBUG] write(array) s=OPEN,api=BLOCKING,sc=false,e=null aggregated !flush DirectByteBuffer@1667663f[p=0,l=96,c=32768,r=96]={<<<<table>\n<tr><th>One</th><...oot</td></tr>\n</table>\n>>>ont: 10pt...gue. Pr}
[DEBUG] handled=true async=false committed=false on HttpChannelOverHttp@380129b{s=HttpChannelState@7bf8633{s=HANDLING rs=BLOCKING os=OPEN is=IDLE awp=false se=false i=true al=0},r=21,c=false/false,a=HANDLING,uri=//localhost:38858/CookieServlet,age=0}
[DEBUG] unhandle HttpChannelState@7bf8633{s=HANDLING rs=BLOCKING os=OPEN is=IDLE awp=false se=false i=true al=0}
[DEBUG] nextAction(false) COMPLETE HttpChannelState@7bf8633{s=HANDLING rs=COMPLETING os=OPEN is=IDLE awp=false se=false i=false al=0}
[DEBUG] action COMPLETE HttpChannelOverHttp@380129b{s=HttpChannelState@7bf8633{s=HANDLING rs=COMPLETING os=OPEN is=IDLE awp=false se=false i=false al=0},r=21,c=false/false,a=HANDLING,uri=//localhost:38858/CookieServlet,age=0}
[DEBUG] filled 0 HeapByteBuffer@22b9b50d[p=0,l=0,c=8192,r=0]={<<<>>>GET /Cook...\x86&h\xA0{\xC1\xC2}
[DEBUG] filled 0 HeapByteBuffer@22b9b50d[p=0,l=0,c=8192,r=0]={<<<>>>GET /Cook...\x86&h\xA0{\xC1\xC2}
[DEBUG] HttpConnection@42bd18a0::SocketChannelEndPoint@d47ed43{l=/127.0.0.1:38858,r=/127.0.0.1:42940,OPEN,fill=-,flush=-,to=1/30000}{io=0/0,kio=0,kro=1}->HttpConnection@42bd18a0[p=HttpParser{s=CONTENT,0 of -1},g=HttpGenerator@73351804{s=START}]=>HttpChannelOverHttp@380129b{s=HttpChannelState@7bf8633{s=HANDLING rs=COMPLETING os=OPEN is=IDLE awp=false se=false i=false al=0},r=21,c=false/false,a=HANDLING,uri=//localhost:38858/CookieServlet,age=0} filled 0 HeapByteBuffer@22b9b50d[p=0,l=0,c=8192,r=0]={<<<>>>GET /Cook...\x86&h\xA0{\xC1\xC2}
[DEBUG] HttpConnection@42bd18a0::SocketChannelEndPoint@d47ed43{l=/127.0.0.1:38858,r=/127.0.0.1:42940,OPEN,fill=-,flush=-,to=1/30000}{io=0/0,kio=0,kro=1}->HttpConnection@42bd18a0[p=HttpParser{s=CONTENT,0 of -1},g=HttpGenerator@73351804{s=START}]=>HttpChannelOverHttp@380129b{s=HttpChannelState@7bf8633{s=HANDLING rs=COMPLETING os=OPEN is=IDLE awp=false se=false i=false al=0},r=21,c=false/false,a=HANDLING,uri=//localhost:38858/CookieServlet,age=1} parse HeapByteBuffer@22b9b50d[p=0,l=0,c=8192,r=0]={<<<>>>GET /Cook...\x86&h\xA0{\xC1\xC2} {}
[DEBUG] parseNext s=CONTENT HeapByteBuffer@22b9b50d[p=0,l=0,c=8192,r=0]={<<<>>>GET /Cook...\x86&h\xA0{\xC1\xC2}
[DEBUG] CONTENT --> CONTENT_END
[DEBUG] onContentComplete HttpChannelOverHttp@380129b{s=HttpChannelState@7bf8633{s=HANDLING rs=COMPLETING os=OPEN is=IDLE awp=false se=false i=false al=0},r=21,c=false/false,a=HANDLING,uri=//localhost:38858/CookieServlet,age=7}
[DEBUG] CONTENT_END --> END
[DEBUG] onRequestComplete HttpChannelOverHttp@380129b{s=HttpChannelState@7bf8633{s=HANDLING rs=COMPLETING os=OPEN is=IDLE awp=false se=false i=false al=0},r=21,c=false/false,a=HANDLING,uri=//localhost:38858/CookieServlet,age=7}
[DEBUG] HttpInputOverHTTP@8cf6f52[c=0,q=0,[0]=null,s=STREAM] addContent EOF
[DEBUG] HttpConnection@42bd18a0::SocketChannelEndPoint@d47ed43{l=/127.0.0.1:38858,r=/127.0.0.1:42940,OPEN,fill=-,flush=-,to=20/30000}{io=0/0,kio=0,kro=1}->HttpConnection@42bd18a0[p=HttpParser{s=END,0 of -1},g=HttpGenerator@73351804{s=START}]=>HttpChannelOverHttp@380129b{s=HttpChannelState@7bf8633{s=HANDLING rs=COMPLETING os=OPEN is=IDLE awp=false se=false i=false al=0},r=21,c=false/false,a=HANDLING,uri=//localhost:38858/CookieServlet,age=20} parsed false HttpParser{s=END,0 of -1}
[DEBUG] releaseRequestBuffer HttpConnection@42bd18a0::SocketChannelEndPoint@d47ed43{l=/127.0.0.1:38858,r=/127.0.0.1:42940,OPEN,fill=-,flush=-,to=20/30000}{io=0/0,kio=0,kro=1}->HttpConnection@42bd18a0[p=HttpParser{s=END,0 of -1},g=HttpGenerator@73351804{s=START}]=>HttpChannelOverHttp@380129b{s=HttpChannelState@7bf8633{s=HANDLING rs=COMPLETING os=OPEN is=IDLE awp=false se=false i=false al=0},r=21,c=false/false,a=HANDLING,uri=//localhost:38858/CookieServlet,age=20}
[DEBUG] complete(org.eclipse.jetty.util.Callback$3@47e5b93f) s=CLOSING,api=BLOCKED,sc=false,e=null s=false e=null, c=DirectByteBuffer@1667663f[p=0,l=96,c=32768,r=96]={<<<<table>\n<tr><th>One</th><...oot</td></tr>\n</table>\n>>>ont: 10pt...gue. Pr}
[DEBUG] sendResponse info=null content=DirectByteBuffer@1667663f[p=0,l=96,c=32768,r=96]={<<<<table>\n<tr><th>One</th><...oot</td></tr>\n</table>\n>>>ont: 10pt...gue. Pr} complete=true committing=true callback=org.eclipse.jetty.server.HttpOutput$WriteCompleteCB@31f1c623
[DEBUG] COMMIT for /CookieServlet on HttpChannelOverHttp@380129b{s=HttpChannelState@7bf8633{s=HANDLING rs=COMPLETING os=COMMITTED is=IDLE awp=false se=false i=false al=0},r=21,c=false/false,a=HANDLING,uri=//localhost:38858/CookieServlet,age=20}
200 null HTTP/1.1
Date: Mon, 20 Sep 2021 19:30:18 GMT
Content-Type: text/html;charset=utf-8


[DEBUG] generate: NEED_HEADER for SendCallback@5f75d958[PROCESSING][i=HTTP/1.1{s=200,h=2,cl=-1},cb=org.eclipse.jetty.server.HttpChannel$SendCallback@f96379b] (null,[p=0,l=96,c=32768,r=96],true)@START
[DEBUG] generateHeaders HTTP/1.1{s=200,h=2,cl=-1} last=true content=DirectByteBuffer@1667663f[p=0,l=96,c=32768,r=96]={<<<<table>\n<tr><th>One</th><...oot</td></tr>\n</table>\n>>>ont: 10pt...gue. Pr}
[DEBUG] Date: Mon, 20 Sep 2021 19:30:18 GMT
Content-Type: text/html;charset=utf-8


[DEBUG] CONTENT_LENGTH
[DEBUG] generate: FLUSH for SendCallback@5f75d958[PROCESSING][i=HTTP/1.1{s=200,h=2,cl=-1},cb=org.eclipse.jetty.server.HttpChannel$SendCallback@f96379b] ([p=0,l=148,c=8192,r=148],[p=0,l=96,c=32768,r=96],true)@COMPLETING
[DEBUG] write: WriteFlusher@21254e7e{IDLE}->null [HeapByteBuffer@78a30358[p=0,l=148,c=8192,r=148]={<<<HTTP/1.1 200 OK\r\nDate: Mo...y(9.4.43.v20210629)\r\n\r\n>>>rvlet; Pa...\xCe\x1f\xAf\xC2\x8d\xCey},DirectByteBuffer@1667663f[p=0,l=96,c=32768,r=96]={<<<<table>\n<tr><th>One</th><...oot</td></tr>\n</table>\n>>>ont: 10pt...gue. Pr}]
[DEBUG] update WriteFlusher@21254e7e{WRITING}->null:IDLE-->WRITING
[DEBUG] flushed 244 SocketChannelEndPoint@d47ed43{l=/127.0.0.1:38858,r=/127.0.0.1:42940,OPEN,fill=-,flush=W,to=22/30000}{io=0/0,kio=0,kro=1}->HttpConnection@42bd18a0[p=HttpParser{s=END,0 of -1},g=HttpGenerator@73351804{s=COMPLETING}]=>HttpChannelOverHttp@380129b{s=HttpChannelState@7bf8633{s=HANDLING rs=COMPLETING os=COMMITTED is=IDLE awp=false se=false i=false al=0},r=21,c=false/false,a=HANDLING,uri=//localhost:38858/CookieServlet,age=22}
[DEBUG] Flushed=true written=244 remaining=0 WriteFlusher@21254e7e{WRITING}->null
[DEBUG] update WriteFlusher@21254e7e{IDLE}->null:WRITING-->IDLE
[DEBUG] generate: DONE for SendCallback@5f75d958[PROCESSING][i=HTTP/1.1{s=200,h=2,cl=-1},cb=org.eclipse.jetty.server.HttpChannel$SendCallback@f96379b] ([p=148,l=148,c=8192,r=0],[p=96,l=96,c=32768,r=0],true)@END
[DEBUG] onWriteComplete(true,null) s=CLOSING,api=BLOCKED,sc=false,e=null->s=CLOSED,api=BLOCKING,sc=false,e=null c=null cb=org.eclipse.jetty.util.Callback$3@47e5b93f w=false
[DEBUG] completed HttpChannelState@7bf8633{s=HANDLING rs=COMPLETING os=COMPLETED is=IDLE awp=false se=false i=false al=0}
[DEBUG] unhandle HttpChannelState@7bf8633{s=HANDLING rs=COMPLETED os=COMPLETED is=IDLE awp=false se=false i=false al=0}
[DEBUG] nextAction(false) TERMINATED HttpChannelState@7bf8633{s=IDLE rs=COMPLETED os=COMPLETED is=IDLE awp=false se=false i=false al=0}
[DEBUG] action TERMINATED HttpChannelOverHttp@380129b{s=HttpChannelState@7bf8633{s=IDLE rs=COMPLETED os=COMPLETED is=IDLE awp=false se=false i=false al=0},r=21,c=true/true,a=IDLE,uri=//localhost:38858/CookieServlet,age=22}
[DEBUG] onCompleted for /CookieServlet written=96
[DEBUG] recycle HttpChannelState@7bf8633{s=IDLE rs=COMPLETED os=COMPLETED is=IDLE awp=false se=false i=false al=0}
[DEBUG] reset HttpParser{s=END,0 of -1}
[DEBUG] END --> START
[DEBUG] !handle TERMINATED HttpChannelOverHttp@380129b{s=HttpChannelState@7bf8633{s=IDLE rs=BLOCKING os=OPEN is=IDLE awp=false se=false i=true al=0},r=21,c=false/false,a=IDLE,uri=null,age=0}
[DEBUG] filled 229 HeapByteBuffer@41e05b38[p=0,l=229,c=8192,r=229]={<<<GET /EchoServlet HTTP/1.1...nection: keep-alive\r\n\r\n>>>\r\n\r\n:3885...\x00\x00\x00\x00\x00\x00\x00}
[DEBUG] HttpConnection@42bd18a0::SocketChannelEndPoint@d47ed43{l=/127.0.0.1:38858,r=/127.0.0.1:42940,OPEN,fill=-,flush=-,to=0/30000}{io=0/0,kio=0,kro=1}->HttpConnection@42bd18a0[p=HttpParser{s=START,0 of -1},g=HttpGenerator@73351804{s=START}]=>HttpChannelOverHttp@380129b{s=HttpChannelState@7bf8633{s=IDLE rs=BLOCKING os=OPEN is=IDLE awp=false se=false i=true al=0},r=21,c=false/false,a=IDLE,uri=null,age=0} filled 229 HeapByteBuffer@41e05b38[p=0,l=229,c=8192,r=229]={<<<GET /EchoServlet HTTP/1.1...nection: keep-alive\r\n\r\n>>>\r\n\r\n:3885...\x00\x00\x00\x00\x00\x00\x00}
[DEBUG] HttpConnection@42bd18a0::SocketChannelEndPoint@d47ed43{l=/127.0.0.1:38858,r=/127.0.0.1:42940,OPEN,fill=-,flush=-,to=0/30000}{io=0/0,kio=0,kro=1}->HttpConnection@42bd18a0[p=HttpParser{s=START,0 of -1},g=HttpGenerator@73351804{s=START}]=>HttpChannelOverHttp@380129b{s=HttpChannelState@7bf8633{s=IDLE rs=BLOCKING os=OPEN is=IDLE awp=false se=false i=true al=0},r=21,c=false/false,a=IDLE,uri=null,age=0} parse HeapByteBuffer@41e05b38[p=0,l=229,c=8192,r=229]={<<<GET /EchoServlet HTTP/1.1...nection: keep-alive\r\n\r\n>>>\r\n\r\n:3885...\x00\x00\x00\x00\x00\x00\x00} {}
[DEBUG] parseNext s=START HeapByteBuffer@41e05b38[p=0,l=229,c=8192,r=229]={<<<GET /EchoServlet HTTP/1.1...nection: keep-alive\r\n\r\n>>>\r\n\r\n:3885...\x00\x00\x00\x00\x00\x00\x00}
[DEBUG] START --> SPACE1
[DEBUG] SPACE1 --> URI
[DEBUG] URI --> SPACE2
[DEBUG] SPACE2 --> REQUEST_VERSION
[DEBUG] REQUEST_VERSION --> HEADER
[DEBUG] HEADER:Cookie: One=EchoServlet; One=Root --> IN_VALUE
[DEBUG] HEADER:Cookie: One=EchoServlet; One=Root --> FIELD
[DEBUG] HEADER:Accept-Encoding: gzip --> IN_VALUE
[DEBUG] HEADER:Accept-Encoding: gzip --> FIELD
[DEBUG] HEADER:User-Agent: Jsoup Testalot v0.1 --> IN_VALUE
[DEBUG] HEADER:User-Agent: Jsoup Testalot v0.1 --> FIELD
[DEBUG] HEADER:Host: localhost:38858 --> IN_VALUE
[DEBUG] HEADER:Host: localhost:38858 --> FIELD
[DEBUG] HEADER:Accept: text/html, image/gif, image/jpeg, *; q=.2, */*; q=.2 --> IN_VALUE
[DEBUG] HEADER:Accept: text/html, image/gif, image/jpeg, *; q=.2, */*; q=.2 --> FIELD
[DEBUG] HEADER:Connection: keep-alive --> IN_VALUE
[DEBUG] HEADER:Connection: keep-alive --> FIELD
[DEBUG] HEADER --> CONTENT
[DEBUG] REQUEST for //localhost:38858/EchoServlet on HttpChannelOverHttp@380129b{s=HttpChannelState@7bf8633{s=IDLE rs=BLOCKING os=OPEN is=IDLE awp=false se=false i=true al=0},r=22,c=false/false,a=IDLE,uri=//localhost:38858/EchoServlet,age=0}
GET //localhost:38858/EchoServlet HTTP/1.1
Cookie: One=EchoServlet; One=Root
Accept-Encoding: gzip
User-Agent: Jsoup Testalot v0.1
Host: localhost:38858
Accept: text/html, image/gif, image/jpeg, *; q=.2, */*; q=.2
Connection: keep-alive


[DEBUG] HttpConnection@42bd18a0::SocketChannelEndPoint@d47ed43{l=/127.0.0.1:38858,r=/127.0.0.1:42940,OPEN,fill=-,flush=-,to=0/30000}{io=0/0,kio=0,kro=1}->HttpConnection@42bd18a0[p=HttpParser{s=CONTENT,0 of -1},g=HttpGenerator@73351804{s=START}]=>HttpChannelOverHttp@380129b{s=HttpChannelState@7bf8633{s=IDLE rs=BLOCKING os=OPEN is=IDLE awp=false se=false i=true al=0},r=22,c=false/false,a=IDLE,uri=//localhost:38858/EchoServlet,age=1} parsed true HttpParser{s=CONTENT,0 of -1}
[DEBUG] releaseRequestBuffer HttpConnection@42bd18a0::SocketChannelEndPoint@d47ed43{l=/127.0.0.1:38858,r=/127.0.0.1:42940,OPEN,fill=-,flush=-,to=1/30000}{io=0/0,kio=0,kro=1}->HttpConnection@42bd18a0[p=HttpParser{s=CONTENT,0 of -1},g=HttpGenerator@73351804{s=START}]=>HttpChannelOverHttp@380129b{s=HttpChannelState@7bf8633{s=IDLE rs=BLOCKING os=OPEN is=IDLE awp=false se=false i=true al=0},r=22,c=false/false,a=IDLE,uri=//localhost:38858/EchoServlet,age=1}
[DEBUG] handle //localhost:38858/EchoServlet HttpChannelOverHttp@380129b{s=HttpChannelState@7bf8633{s=IDLE rs=BLOCKING os=OPEN is=IDLE awp=false se=false i=true al=0},r=22,c=false/false,a=IDLE,uri=//localhost:38858/EchoServlet,age=1} 
[DEBUG] handling HttpChannelState@7bf8633{s=IDLE rs=BLOCKING os=OPEN is=IDLE awp=false se=false i=true al=0}
[DEBUG] action DISPATCH HttpChannelOverHttp@380129b{s=HttpChannelState@7bf8633{s=HANDLING rs=BLOCKING os=OPEN is=IDLE awp=false se=false i=true al=0},r=22,c=false/false,a=HANDLING,uri=//localhost:38858/EchoServlet,age=1}
[DEBUG] REQUEST GET /EchoServlet on HttpChannelOverHttp@380129b{s=HttpChannelState@7bf8633{s=HANDLING rs=BLOCKING os=OPEN is=IDLE awp=false se=false i=true al=0},r=22,c=false/false,a=HANDLING,uri=//localhost:38858/EchoServlet,age=1}
[DEBUG] servlet null|/EchoServlet|null -> org.jsoup.integration.servlets.EchoServlet-422c3c7a==org.jsoup.integration.servlets.EchoServlet@66e2fba5{jsp=null,order=-1,inst=true,async=true,src=EMBEDDED:null,STARTED}
[DEBUG] chain=null
[DEBUG] write(array HeapByteBuffer@4e724e7f[p=0,l=235,c=512,r=235]={<<<<title>Webserver Environm...\n    <table border="0">>>>\x00\x00\x00\x00\x00\x00\x00\x00\x00...\x00\x00\x00\x00\x00\x00\x00})
[DEBUG] write(array) s=OPEN,api=BLOCKING,sc=false,e=null aggregated !flush DirectByteBuffer@577d71b2[p=0,l=235,c=32768,r=235]={<<<<title>Webserver Environm...\n    <table border="0">>>><tr><th>M...gue. Pr}
[DEBUG] write(array HeapByteBuffer@24343acf[p=0,l=36,c=512,r=36]={<<<<tr><th>Method</th><td>GET</td></tr>>>>es</title...\x00\x00\x00\x00\x00\x00\x00})
[DEBUG] write(array) s=OPEN,api=BLOCKING,sc=false,e=null aggregated !flush DirectByteBuffer@577d71b2[p=0,l=271,c=32768,r=271]={<<<<title>Webserver Environm...d</th><td>GET</td></tr>>>>\n<tr><th>...gue. Pr}
[DEBUG] write(array HeapByteBuffer@1b4b30b4[p=0,l=1,c=512,r=1]={<<<\n>>>tr><th>Me...\x00\x00\x00\x00\x00\x00\x00})
[DEBUG] write(array) s=OPEN,api=BLOCKING,sc=false,e=null aggregated !flush DirectByteBuffer@577d71b2[p=0,l=272,c=32768,r=272]={<<<<title>Webserver Environm...</th><td>GET</td></tr>\n>>><tr><th>R...gue. Pr}
[DEBUG] write(array HeapByteBuffer@255ff6a9[p=0,l=50,c=512,r=50]={<<<<tr><th>Request URI</th><...>/EchoServlet</td></tr>>>> <style t...\x00\x00\x00\x00\x00\x00\x00})
[DEBUG] write(array) s=OPEN,api=BLOCKING,sc=false,e=null aggregated !flush DirectByteBuffer@577d71b2[p=0,l=322,c=32768,r=322]={<<<<title>Webserver Environm...>/EchoServlet</td></tr>>>>\n<tr><th>...gue. Pr}
[DEBUG] write(array HeapByteBuffer@790245cb[p=0,l=1,c=512,r=1]={<<<\n>>>tr><th>Re...\x00\x00\x00\x00\x00\x00\x00})
[DEBUG] write(array) s=OPEN,api=BLOCKING,sc=false,e=null aggregated !flush DirectByteBuffer@577d71b2[p=0,l=323,c=32768,r=323]={<<<<title>Webserver Environm.../EchoServlet</td></tr>\n>>><tr><th>Q...gue. Pr}
[DEBUG] write(array HeapByteBuffer@7ce5ea66[p=0,l=39,c=512,r=39]={<<<<tr><th>Query String</th><td></td></tr>>>>t</td></t...\x00\x00\x00\x00\x00\x00\x00})
[DEBUG] write(array) s=OPEN,api=BLOCKING,sc=false,e=null aggregated !flush DirectByteBuffer@577d71b2[p=0,l=362,c=32768,r=362]={<<<<title>Webserver Environm...ring</th><td></td></tr>>>>\n<tr><th>...gue. Pr}
[DEBUG] write(array HeapByteBuffer@3e69bbde[p=0,l=1,c=512,r=1]={<<<\n>>>tr><th>Qu...\x00\x00\x00\x00\x00\x00\x00})
[DEBUG] write(array) s=OPEN,api=BLOCKING,sc=false,e=null aggregated !flush DirectByteBuffer@577d71b2[p=0,l=363,c=32768,r=363]={<<<<title>Webserver Environm...ing</th><td></td></tr>\n>>><tr><th>R...gue. Pr}
[DEBUG] write(array HeapByteBuffer@6459e804[p=0,l=58,c=512,r=58]={<<<<tr><th>Cookie</th><td>On...let; One=Root</td></tr>>>>type="tex...\x00\x00\x00\x00\x00\x00\x00})
[DEBUG] write(array) s=OPEN,api=BLOCKING,sc=false,e=null aggregated !flush DirectByteBuffer@577d71b2[p=0,l=421,c=32768,r=421]={<<<<title>Webserver Environm...let; One=Root</td></tr>>>>>Accept</...gue. Pr}
[DEBUG] write(array HeapByteBuffer@f1ec559[p=0,l=1,c=512,r=1]={<<<\n>>>tr><th>Co...\x00\x00\x00\x00\x00\x00\x00})
[DEBUG] write(array) s=OPEN,api=BLOCKING,sc=false,e=null aggregated !flush DirectByteBuffer@577d71b2[p=0,l=422,c=32768,r=422]={<<<<title>Webserver Environm...et; One=Root</td></tr>\n>>>Accept</t...gue. Pr}
[DEBUG] write(array HeapByteBuffer@5cfbb806[p=0,l=85,c=512,r=85]={<<<<tr><th>Accept</th><td>te....2, */*; q=.2</td></tr>>>>, td, th ...\x00\x00\x00\x00\x00\x00\x00})
[DEBUG] write(array) s=OPEN,api=BLOCKING,sc=false,e=null aggregated !flush DirectByteBuffer@577d71b2[p=0,l=507,c=32768,r=507]={<<<<title>Webserver Environm....2, */*; q=.2</td></tr>>>>>User-Age...gue. Pr}
[DEBUG] write(array HeapByteBuffer@2f3f5f0c[p=0,l=1,c=512,r=1]={<<<\n>>>tr><th>Ac...\x00\x00\x00\x00\x00\x00\x00})
[DEBUG] write(array) s=OPEN,api=BLOCKING,sc=false,e=null aggregated !flush DirectByteBuffer@577d71b2[p=0,l=508,c=32768,r=508]={<<<<title>Webserver Environm...2, */*; q=.2</td></tr>\n>>>User-Agen...gue. Pr}
[DEBUG] write(array HeapByteBuffer@40d9b27[p=0,l=56,c=512,r=56]={<<<<tr><th>User-Agent</th><t...Testalot v0.1</td></tr>>>> *; q=.2,...\x00\x00\x00\x00\x00\x00\x00})
[DEBUG] write(array) s=OPEN,api=BLOCKING,sc=false,e=null aggregated !flush DirectByteBuffer@577d71b2[p=0,l=564,c=32768,r=564]={<<<<title>Webserver Environm...Testalot v0.1</td></tr>>>>x64) Appl...gue. Pr}
[DEBUG] write(array HeapByteBuffer@7d40b2f2[p=0,l=1,c=512,r=1]={<<<\n>>>tr><th>Us...\x00\x00\x00\x00\x00\x00\x00})
[DEBUG] write(array) s=OPEN,api=BLOCKING,sc=false,e=null aggregated !flush DirectByteBuffer@577d71b2[p=0,l=565,c=32768,r=565]={<<<<title>Webserver Environm...estalot v0.1</td></tr>\n>>>64) Apple...gue. Pr}
[DEBUG] write(array HeapByteBuffer@7c7a1ed4[p=0,l=47,c=512,r=47]={<<<<tr><th>Connection</th><td>keep-alive</td></tr>>>>/td></tr>...\x00\x00\x00\x00\x00\x00\x00})
[DEBUG] write(array) s=OPEN,api=BLOCKING,sc=false,e=null aggregated !flush DirectByteBuffer@577d71b2[p=0,l=612,c=32768,r=612]={<<<<title>Webserver Environm...td>keep-alive</td></tr>>>>me/79.0.3...gue. Pr}
[DEBUG] write(array HeapByteBuffer@29e8f968[p=0,l=1,c=512,r=1]={<<<\n>>>tr><th>Co...\x00\x00\x00\x00\x00\x00\x00})
[DEBUG] write(array) s=OPEN,api=BLOCKING,sc=false,e=null aggregated !flush DirectByteBuffer@577d71b2[p=0,l=613,c=32768,r=613]={<<<<title>Webserver Environm...d>keep-alive</td></tr>\n>>>e/79.0.39...gue. Pr}
[DEBUG] write(array HeapByteBuffer@41d49bd1[p=0,l=46,c=512,r=46]={<<<<tr><th>Host</th><td>localhost:38858</td></tr>>>>>/td></tr...\x00\x00\x00\x00\x00\x00\x00})
[DEBUG] write(array) s=OPEN,api=BLOCKING,sc=false,e=null aggregated !flush DirectByteBuffer@577d71b2[p=0,l=659,c=32768,r=659]={<<<<title>Webserver Environm...calhost:38858</td></tr>>>>h>Connect...gue. Pr}
[DEBUG] write(array HeapByteBuffer@39fb663b[p=0,l=1,c=512,r=1]={<<<\n>>>tr><th>Ho...\x00\x00\x00\x00\x00\x00\x00})
[DEBUG] write(array) s=OPEN,api=BLOCKING,sc=false,e=null aggregated !flush DirectByteBuffer@577d71b2[p=0,l=660,c=32768,r=660]={<<<<title>Webserver Environm...alhost:38858</td></tr>\n>>>>Connecti...gue. Pr}
[DEBUG] write(array HeapByteBuffer@155b436e[p=0,l=46,c=512,r=46]={<<<<tr><th>Accept-Encoding</th><td>gzip</td></tr>>>>>/td></tr...\x00\x00\x00\x00\x00\x00\x00})
[DEBUG] write(array) s=OPEN,api=BLOCKING,sc=false,e=null aggregated !flush DirectByteBuffer@577d71b2[p=0,l=706,c=32768,r=706]={<<<<title>Webserver Environm...</th><td>gzip</td></tr>>>>th>Sec-Fe...gue. Pr}
[DEBUG] write(array HeapByteBuffer@7b96cb14[p=0,l=1,c=512,r=1]={<<<\n>>>tr><th>Ac...\x00\x00\x00\x00\x00\x00\x00})
[DEBUG] write(array) s=OPEN,api=BLOCKING,sc=false,e=null aggregated !flush DirectByteBuffer@577d71b2[p=0,l=707,c=32768,r=707]={<<<<title>Webserver Environm.../th><td>gzip</td></tr>\n>>>h>Sec-Fet...gue. Pr}
[DEBUG] write(array HeapByteBuffer@1e79dda4[p=0,l=49,c=512,r=49]={<<<<tr><th>Cookie: One</th><...d>EchoServlet</td></tr>>>>d></tr> *...\x00\x00\x00\x00\x00\x00\x00})
[DEBUG] write(array) s=OPEN,api=BLOCKING,sc=false,e=null aggregated !flush DirectByteBuffer@577d71b2[p=0,l=756,c=32768,r=756]={<<<<title>Webserver Environm...d>EchoServlet</td></tr>>>>><th>Host...gue. Pr}
[DEBUG] write(array HeapByteBuffer@7cd1baee[p=0,l=1,c=512,r=1]={<<<\n>>>tr><th>Co...\x00\x00\x00\x00\x00\x00\x00})
[DEBUG] write(array) s=OPEN,api=BLOCKING,sc=false,e=null aggregated !flush DirectByteBuffer@577d71b2[p=0,l=757,c=32768,r=757]={<<<<title>Webserver Environm...>EchoServlet</td></tr>\n>>><th>Host<...gue. Pr}
[DEBUG] write(array HeapByteBuffer@33ded629[p=0,l=42,c=512,r=42]={<<<<tr><th>Cookie: One</th><td>Root</td></tr>>>>d></tr>d>...\x00\x00\x00\x00\x00\x00\x00})
[DEBUG] write(array) s=OPEN,api=BLOCKING,sc=false,e=null aggregated !flush DirectByteBuffer@577d71b2[p=0,l=799,c=32768,r=799]={<<<<title>Webserver Environm...</th><td>Root</td></tr>>>>\n<tr><th>...gue. Pr}
[DEBUG] write(array HeapByteBuffer@7edd652d[p=0,l=1,c=512,r=1]={<<<\n>>>tr><th>Co...\x00\x00\x00\x00\x00\x00\x00})
[DEBUG] write(array) s=OPEN,api=BLOCKING,sc=false,e=null aggregated !flush DirectByteBuffer@577d71b2[p=0,l=800,c=32768,r=800]={<<<<title>Webserver Environm.../th><td>Root</td></tr>\n>>><tr><th>A...gue. Pr}
[DEBUG] filled 0 HeapByteBuffer@22b9b50d[p=0,l=0,c=8192,r=0]={<<<>>>GET /Cook...\x86&h\xA0{\xC1\xC2}
[DEBUG] filled 0 HeapByteBuffer@22b9b50d[p=0,l=0,c=8192,r=0]={<<<>>>GET /Cook...\x86&h\xA0{\xC1\xC2}
[DEBUG] HttpConnection@42bd18a0::SocketChannelEndPoint@d47ed43{l=/127.0.0.1:38858,r=/127.0.0.1:42940,OPEN,fill=-,flush=-,to=3/30000}{io=0/0,kio=0,kro=1}->HttpConnection@42bd18a0[p=HttpParser{s=CONTENT,0 of -1},g=HttpGenerator@73351804{s=START}]=>HttpChannelOverHttp@380129b{s=HttpChannelState@7bf8633{s=HANDLING rs=BLOCKING os=OPEN is=IDLE awp=false se=false i=true al=0},r=22,c=false/false,a=HANDLING,uri=//localhost:38858/EchoServlet,age=3} filled 0 HeapByteBuffer@22b9b50d[p=0,l=0,c=8192,r=0]={<<<>>>GET /Cook...\x86&h\xA0{\xC1\xC2}
[DEBUG] HttpConnection@42bd18a0::SocketChannelEndPoint@d47ed43{l=/127.0.0.1:38858,r=/127.0.0.1:42940,OPEN,fill=-,flush=-,to=5/30000}{io=0/0,kio=0,kro=1}->HttpConnection@42bd18a0[p=HttpParser{s=CONTENT,0 of -1},g=HttpGenerator@73351804{s=START}]=>HttpChannelOverHttp@380129b{s=HttpChannelState@7bf8633{s=HANDLING rs=BLOCKING os=OPEN is=IDLE awp=false se=false i=true al=0},r=22,c=false/false,a=HANDLING,uri=//localhost:38858/EchoServlet,age=6} parse HeapByteBuffer@22b9b50d[p=0,l=0,c=8192,r=0]={<<<>>>GET /Cook...\x86&h\xA0{\xC1\xC2} {}
[DEBUG] parseNext s=CONTENT HeapByteBuffer@22b9b50d[p=0,l=0,c=8192,r=0]={<<<>>>GET /Cook...\x86&h\xA0{\xC1\xC2}
[DEBUG] CONTENT --> CONTENT_END
[DEBUG] onContentComplete HttpChannelOverHttp@380129b{s=HttpChannelState@7bf8633{s=HANDLING rs=BLOCKING os=OPEN is=IDLE awp=false se=false i=true al=0},r=22,c=false/false,a=HANDLING,uri=//localhost:38858/EchoServlet,age=6}
[DEBUG] CONTENT_END --> END
[DEBUG] onRequestComplete HttpChannelOverHttp@380129b{s=HttpChannelState@7bf8633{s=HANDLING rs=BLOCKING os=OPEN is=IDLE awp=false se=false i=true al=0},r=22,c=false/false,a=HANDLING,uri=//localhost:38858/EchoServlet,age=6}
[DEBUG] HttpInputOverHTTP@8cf6f52[c=0,q=0,[0]=null,s=STREAM] addContent EOF
[DEBUG] HttpConnection@42bd18a0::SocketChannelEndPoint@d47ed43{l=/127.0.0.1:38858,r=/127.0.0.1:42940,OPEN,fill=-,flush=-,to=6/30000}{io=0/0,kio=0,kro=1}->HttpConnection@42bd18a0[p=HttpParser{s=END,0 of -1},g=HttpGenerator@73351804{s=START}]=>HttpChannelOverHttp@380129b{s=HttpChannelState@7bf8633{s=HANDLING rs=BLOCKING os=OPEN is=IDLE awp=false se=false i=true al=0},r=22,c=false/false,a=HANDLING,uri=//localhost:38858/EchoServlet,age=6} parsed false HttpParser{s=END,0 of -1}
[DEBUG] releaseRequestBuffer HttpConnection@42bd18a0::SocketChannelEndPoint@d47ed43{l=/127.0.0.1:38858,r=/127.0.0.1:42940,OPEN,fill=-,flush=-,to=6/30000}{io=0/0,kio=0,kro=1}->HttpConnection@42bd18a0[p=HttpParser{s=END,0 of -1},g=HttpGenerator@73351804{s=START}]=>HttpChannelOverHttp@380129b{s=HttpChannelState@7bf8633{s=HANDLING rs=BLOCKING os=OPEN is=IDLE awp=false se=false i=true al=0},r=22,c=false/false,a=HANDLING,uri=//localhost:38858/EchoServlet,age=6}
[DEBUG] onEof HttpChannelState@7bf8633{s=HANDLING rs=BLOCKING os=OPEN is=IDLE awp=false se=false i=true al=0}
[DEBUG] write(array HeapByteBuffer@2e1903af[p=0,l=8,c=512,r=8]={<<<</table>>>>Cookie: O...\x00\x00\x00\x00\x00\x00\x00})
[DEBUG] write(array) s=OPEN,api=BLOCKING,sc=false,e=null aggregated !flush DirectByteBuffer@577d71b2[p=0,l=808,c=32768,r=808]={<<<<title>Webserver Environm...Root</td></tr>\n</table>>>>Accept-En...gue. Pr}
[DEBUG] write(array HeapByteBuffer@5f6eca48[p=0,l=1,c=512,r=1]={<<<\n>>>/table>Co...\x00\x00\x00\x00\x00\x00\x00})
[DEBUG] write(array) s=OPEN,api=BLOCKING,sc=false,e=null aggregated !flush DirectByteBuffer@577d71b2[p=0,l=809,c=32768,r=809]={<<<<title>Webserver Environm...oot</td></tr>\n</table>\n>>>ccept-Enc...gue. Pr}
[DEBUG] handled=true async=false committed=false on HttpChannelOverHttp@380129b{s=HttpChannelState@7bf8633{s=HANDLING rs=BLOCKING os=OPEN is=READY awp=false se=false i=true al=0},r=22,c=false/false,a=HANDLING,uri=//localhost:38858/EchoServlet,age=6}
[DEBUG] unhandle HttpChannelState@7bf8633{s=HANDLING rs=BLOCKING os=OPEN is=READY awp=false se=false i=true al=0}
[DEBUG] nextAction(false) COMPLETE HttpChannelState@7bf8633{s=HANDLING rs=COMPLETING os=OPEN is=READY awp=false se=false i=false al=0}
[DEBUG] action COMPLETE HttpChannelOverHttp@380129b{s=HttpChannelState@7bf8633{s=HANDLING rs=COMPLETING os=OPEN is=READY awp=false se=false i=false al=0},r=22,c=false/false,a=HANDLING,uri=//localhost:38858/EchoServlet,age=6}
[DEBUG] complete(org.eclipse.jetty.util.Callback$3@1a443012) s=CLOSING,api=BLOCKED,sc=false,e=null s=false e=null, c=DirectByteBuffer@577d71b2[p=0,l=809,c=32768,r=809]={<<<<title>Webserver Environm...oot</td></tr>\n</table>\n>>>ccept-Enc...gue. Pr}
[DEBUG] sendResponse info=null content=DirectByteBuffer@577d71b2[p=0,l=809,c=32768,r=809]={<<<<title>Webserver Environm...oot</td></tr>\n</table>\n>>>ccept-Enc...gue. Pr} complete=true committing=true callback=org.eclipse.jetty.server.HttpOutput$WriteCompleteCB@f25ca7a
[DEBUG] COMMIT for /EchoServlet on HttpChannelOverHttp@380129b{s=HttpChannelState@7bf8633{s=HANDLING rs=COMPLETING os=COMMITTED is=READY awp=false se=false i=false al=0},r=22,c=false/false,a=HANDLING,uri=//localhost:38858/EchoServlet,age=6}
200 null HTTP/1.1
Date: Mon, 20 Sep 2021 19:30:18 GMT
Content-Type: text/html;charset=utf-8
Cache-Control: no-cache
Cache-Control: no-store


[DEBUG] generate: NEED_HEADER for SendCallback@5f75d958[PROCESSING][i=HTTP/1.1{s=200,h=4,cl=-1},cb=org.eclipse.jetty.server.HttpChannel$SendCallback@69c7a44a] (null,[p=0,l=809,c=32768,r=809],true)@START
[DEBUG] generateHeaders HTTP/1.1{s=200,h=4,cl=-1} last=true content=DirectByteBuffer@577d71b2[p=0,l=809,c=32768,r=809]={<<<<title>Webserver Environm...oot</td></tr>\n</table>\n>>>ccept-Enc...gue. Pr}
[DEBUG] Date: Mon, 20 Sep 2021 19:30:18 GMT
Content-Type: text/html;charset=utf-8
Cache-Control: no-cache
Cache-Control: no-store


[DEBUG] CONTENT_LENGTH
[DEBUG] generate: FLUSH for SendCallback@5f75d958[PROCESSING][i=HTTP/1.1{s=200,h=4,cl=-1},cb=org.eclipse.jetty.server.HttpChannel$SendCallback@69c7a44a] ([p=0,l=199,c=8192,r=199],[p=0,l=809,c=32768,r=809],true)@COMPLETING
[DEBUG] write: WriteFlusher@21254e7e{IDLE}->null [HeapByteBuffer@78a30358[p=0,l=199,c=8192,r=199]={<<<HTTP/1.1 200 OK\r\nDate: Mo...y(9.4.43.v20210629)\r\n\r\n>>>ne=EchoSe...\xCe\x1f\xAf\xC2\x8d\xCey},DirectByteBuffer@577d71b2[p=0,l=809,c=32768,r=809]={<<<<title>Webserver Environm...oot</td></tr>\n</table>\n>>>ccept-Enc...gue. Pr}]
[DEBUG] update WriteFlusher@21254e7e{WRITING}->null:IDLE-->WRITING
[DEBUG] flushed 1008 SocketChannelEndPoint@d47ed43{l=/127.0.0.1:38858,r=/127.0.0.1:42940,OPEN,fill=-,flush=W,to=7/30000}{io=0/0,kio=0,kro=1}->HttpConnection@42bd18a0[p=HttpParser{s=END,0 of -1},g=HttpGenerator@73351804{s=COMPLETING}]=>HttpChannelOverHttp@380129b{s=HttpChannelState@7bf8633{s=HANDLING rs=COMPLETING os=COMMITTED is=READY awp=false se=false i=false al=0},r=22,c=false/false,a=HANDLING,uri=//localhost:38858/EchoServlet,age=7}
[DEBUG] Flushed=true written=1008 remaining=0 WriteFlusher@21254e7e{WRITING}->null
[DEBUG] update WriteFlusher@21254e7e{IDLE}->null:WRITING-->IDLE
[DEBUG] generate: DONE for SendCallback@5f75d958[PROCESSING][i=HTTP/1.1{s=200,h=4,cl=-1},cb=org.eclipse.jetty.server.HttpChannel$SendCallback@69c7a44a] ([p=199,l=199,c=8192,r=0],[p=809,l=809,c=32768,r=0],true)@END
[DEBUG] onWriteComplete(true,null) s=CLOSING,api=BLOCKED,sc=false,e=null->s=CLOSED,api=BLOCKING,sc=false,e=null c=null cb=org.eclipse.jetty.util.Callback$3@1a443012 w=false
[DEBUG] completed HttpChannelState@7bf8633{s=HANDLING rs=COMPLETING os=COMPLETED is=READY awp=false se=false i=false al=0}
[DEBUG] unhandle HttpChannelState@7bf8633{s=HANDLING rs=COMPLETED os=COMPLETED is=READY awp=false se=false i=false al=0}
[DEBUG] nextAction(false) TERMINATED HttpChannelState@7bf8633{s=IDLE rs=COMPLETED os=COMPLETED is=READY awp=false se=false i=false al=0}
[DEBUG] action TERMINATED HttpChannelOverHttp@380129b{s=HttpChannelState@7bf8633{s=IDLE rs=COMPLETED os=COMPLETED is=READY awp=false se=false i=false al=0},r=22,c=true/true,a=IDLE,uri=//localhost:38858/EchoServlet,age=8}
[DEBUG] onCompleted for /EchoServlet written=809
[DEBUG] recycle HttpChannelState@7bf8633{s=IDLE rs=COMPLETED os=COMPLETED is=READY awp=false se=false i=false al=0}
[DEBUG] reset HttpParser{s=END,0 of -1}
[DEBUG] END --> START
[DEBUG] !handle TERMINATED HttpChannelOverHttp@380129b{s=HttpChannelState@7bf8633{s=IDLE rs=BLOCKING os=OPEN is=IDLE awp=false se=false i=true al=0},r=22,c=false/false,a=IDLE,uri=null,age=0}
[DEBUG] filled 292 HeapByteBuffer@41e05b38[p=0,l=292,c=8192,r=292]={<<<GET /CookieServlet HTTP/1...nection: keep-alive\r\n\r\n>>>*/*; q=.2...\x00\x00\x00\x00\x00\x00\x00}
[DEBUG] HttpConnection@42bd18a0::SocketChannelEndPoint@d47ed43{l=/127.0.0.1:38858,r=/127.0.0.1:42940,OPEN,fill=-,flush=-,to=0/30000}{io=0/0,kio=0,kro=1}->HttpConnection@42bd18a0[p=HttpParser{s=START,0 of -1},g=HttpGenerator@73351804{s=START}]=>HttpChannelOverHttp@380129b{s=HttpChannelState@7bf8633{s=IDLE rs=BLOCKING os=OPEN is=IDLE awp=false se=false i=true al=0},r=22,c=false/false,a=IDLE,uri=null,age=0} filled 292 HeapByteBuffer@41e05b38[p=0,l=292,c=8192,r=292]={<<<GET /CookieServlet HTTP/1...nection: keep-alive\r\n\r\n>>>*/*; q=.2...\x00\x00\x00\x00\x00\x00\x00}
[DEBUG] HttpConnection@42bd18a0::SocketChannelEndPoint@d47ed43{l=/127.0.0.1:38858,r=/127.0.0.1:42940,OPEN,fill=-,flush=-,to=0/30000}{io=0/0,kio=0,kro=1}->HttpConnection@42bd18a0[p=HttpParser{s=START,0 of -1},g=HttpGenerator@73351804{s=START}]=>HttpChannelOverHttp@380129b{s=HttpChannelState@7bf8633{s=IDLE rs=BLOCKING os=OPEN is=IDLE awp=false se=false i=true al=0},r=22,c=false/false,a=IDLE,uri=null,age=0} parse HeapByteBuffer@41e05b38[p=0,l=292,c=8192,r=292]={<<<GET /CookieServlet HTTP/1...nection: keep-alive\r\n\r\n>>>*/*; q=.2...\x00\x00\x00\x00\x00\x00\x00} {}
[DEBUG] parseNext s=START HeapByteBuffer@41e05b38[p=0,l=292,c=8192,r=292]={<<<GET /CookieServlet HTTP/1...nection: keep-alive\r\n\r\n>>>*/*; q=.2...\x00\x00\x00\x00\x00\x00\x00}
[DEBUG] START --> SPACE1
[DEBUG] SPACE1 --> URI
[DEBUG] URI --> SPACE2
[DEBUG] SPACE2 --> REQUEST_VERSION
[DEBUG] REQUEST_VERSION --> HEADER
[DEBUG] HEADER:Accept-Encoding: gzip --> IN_VALUE
[DEBUG] HEADER:Accept-Encoding: gzip --> FIELD
[DEBUG] HEADER:User-Agent: Mozilla/5.0 (Windows NT 10.0; Win64; x64) AppleWebKit/537.36 (KHTML, like Gecko) Chrome/79.0.3945.130 Safari/537.36 --> IN_VALUE
[DEBUG] HEADER:User-Agent: Mozilla/5.0 (Windows NT 10.0; Win64; x64) AppleWebKit/537.36 (KHTML, like Gecko) Chrome/79.0.3945.130 Safari/537.36 --> FIELD
[DEBUG] HEADER:Host: localhost:38858 --> IN_VALUE
[DEBUG] HEADER:Host: localhost:38858 --> FIELD
[DEBUG] HEADER:Accept: text/html, image/gif, image/jpeg, *; q=.2, */*; q=.2 --> IN_VALUE
[DEBUG] HEADER:Accept: text/html, image/gif, image/jpeg, *; q=.2, */*; q=.2 --> FIELD
[DEBUG] HEADER:Connection: keep-alive --> IN_VALUE
[DEBUG] HEADER:Connection: keep-alive --> FIELD
[DEBUG] HEADER --> CONTENT
[DEBUG] REQUEST for //localhost:38858/CookieServlet on HttpChannelOverHttp@380129b{s=HttpChannelState@7bf8633{s=IDLE rs=BLOCKING os=OPEN is=IDLE awp=false se=false i=true al=0},r=23,c=false/false,a=IDLE,uri=//localhost:38858/CookieServlet,age=0}
GET //localhost:38858/CookieServlet HTTP/1.1
Accept-Encoding: gzip
User-Agent: Mozilla/5.0 (Windows NT 10.0; Win64; x64) AppleWebKit/537.36 (KHTML, like Gecko) Chrome/79.0.3945.130 Safari/537.36
Host: localhost:38858
Accept: text/html, image/gif, image/jpeg, *; q=.2, */*; q=.2
Connection: keep-alive


[DEBUG] HttpConnection@42bd18a0::SocketChannelEndPoint@d47ed43{l=/127.0.0.1:38858,r=/127.0.0.1:42940,OPEN,fill=-,flush=-,to=2/30000}{io=0/0,kio=0,kro=1}->HttpConnection@42bd18a0[p=HttpParser{s=CONTENT,0 of -1},g=HttpGenerator@73351804{s=START}]=>HttpChannelOverHttp@380129b{s=HttpChannelState@7bf8633{s=IDLE rs=BLOCKING os=OPEN is=IDLE awp=false se=false i=true al=0},r=23,c=false/false,a=IDLE,uri=//localhost:38858/CookieServlet,age=0} parsed true HttpParser{s=CONTENT,0 of -1}
[DEBUG] releaseRequestBuffer HttpConnection@42bd18a0::SocketChannelEndPoint@d47ed43{l=/127.0.0.1:38858,r=/127.0.0.1:42940,OPEN,fill=-,flush=-,to=2/30000}{io=0/0,kio=0,kro=1}->HttpConnection@42bd18a0[p=HttpParser{s=CONTENT,0 of -1},g=HttpGenerator@73351804{s=START}]=>HttpChannelOverHttp@380129b{s=HttpChannelState@7bf8633{s=IDLE rs=BLOCKING os=OPEN is=IDLE awp=false se=false i=true al=0},r=23,c=false/false,a=IDLE,uri=//localhost:38858/CookieServlet,age=0}
[DEBUG] handle //localhost:38858/CookieServlet HttpChannelOverHttp@380129b{s=HttpChannelState@7bf8633{s=IDLE rs=BLOCKING os=OPEN is=IDLE awp=false se=false i=true al=0},r=23,c=false/false,a=IDLE,uri=//localhost:38858/CookieServlet,age=0} 
[DEBUG] handling HttpChannelState@7bf8633{s=IDLE rs=BLOCKING os=OPEN is=IDLE awp=false se=false i=true al=0}
[DEBUG] action DISPATCH HttpChannelOverHttp@380129b{s=HttpChannelState@7bf8633{s=HANDLING rs=BLOCKING os=OPEN is=IDLE awp=false se=false i=true al=0},r=23,c=false/false,a=HANDLING,uri=//localhost:38858/CookieServlet,age=0}
[DEBUG] REQUEST GET /CookieServlet on HttpChannelOverHttp@380129b{s=HttpChannelState@7bf8633{s=HANDLING rs=BLOCKING os=OPEN is=IDLE awp=false se=false i=true al=0},r=23,c=false/false,a=HANDLING,uri=//localhost:38858/CookieServlet,age=0}
[DEBUG] servlet null|/CookieServlet|null -> org.jsoup.integration.servlets.CookieServlet-d8305c2==org.jsoup.integration.servlets.CookieServlet@ca8db5d8{jsp=null,order=-1,inst=true,async=true,src=EMBEDDED:null,STARTED}
[DEBUG] chain=null
[DEBUG] write(array HeapByteBuffer@40d21fb0[p=0,l=7,c=512,r=7]={<<<<table>>>>>Cookie: ...\x00\x00\x00\x00\x00\x00\x00})
[DEBUG] write(array) s=OPEN,api=BLOCKING,sc=false,e=null aggregated !flush DirectByteBuffer@1c19d748[p=0,l=7,c=32768,r=7]={<<<<table>>>>\n</table>...gue. Pr}
[DEBUG] write(array HeapByteBuffer@7b2d7318[p=0,l=1,c=512,r=1]={<<<\n>>>table>>Co...\x00\x00\x00\x00\x00\x00\x00})
[DEBUG] write(array) s=OPEN,api=BLOCKING,sc=false,e=null aggregated !flush DirectByteBuffer@1c19d748[p=0,l=8,c=32768,r=8]={<<<<table>\n>>></table>\n...gue. Pr}
[DEBUG] write(array HeapByteBuffer@5afa101d[p=0,l=8,c=512,r=8]={<<<</table>>>>Cookie: O...\x00\x00\x00\x00\x00\x00\x00})
[DEBUG] write(array) s=OPEN,api=BLOCKING,sc=false,e=null aggregated !flush DirectByteBuffer@1c19d748[p=0,l=16,c=32768,r=16]={<<<<table>\n</table>>>>\n>Two</va...gue. Pr}
[DEBUG] write(array HeapByteBuffer@e4b1afc[p=0,l=1,c=512,r=1]={<<<\n>>>/table>Co...\x00\x00\x00\x00\x00\x00\x00})
[DEBUG] write(array) s=OPEN,api=BLOCKING,sc=false,e=null aggregated !flush DirectByteBuffer@1c19d748[p=0,l=17,c=32768,r=17]={<<<<table>\n</table>\n>>>>Two</val...gue. Pr}
[DEBUG] handled=true async=false committed=false on HttpChannelOverHttp@380129b{s=HttpChannelState@7bf8633{s=HANDLING rs=BLOCKING os=OPEN is=IDLE awp=false se=false i=true al=0},r=23,c=false/false,a=HANDLING,uri=//localhost:38858/CookieServlet,age=1}
[DEBUG] unhandle HttpChannelState@7bf8633{s=HANDLING rs=BLOCKING os=OPEN is=IDLE awp=false se=false i=true al=0}
[DEBUG] nextAction(false) COMPLETE HttpChannelState@7bf8633{s=HANDLING rs=COMPLETING os=OPEN is=IDLE awp=false se=false i=false al=0}
[DEBUG] action COMPLETE HttpChannelOverHttp@380129b{s=HttpChannelState@7bf8633{s=HANDLING rs=COMPLETING os=OPEN is=IDLE awp=false se=false i=false al=0},r=23,c=false/false,a=HANDLING,uri=//localhost:38858/CookieServlet,age=1}
[DEBUG] filled 0 HeapByteBuffer@22b9b50d[p=0,l=0,c=8192,r=0]={<<<>>>GET /Cook...\x86&h\xA0{\xC1\xC2}
[DEBUG] filled 0 HeapByteBuffer@22b9b50d[p=0,l=0,c=8192,r=0]={<<<>>>GET /Cook...\x86&h\xA0{\xC1\xC2}
[DEBUG] HttpConnection@42bd18a0::SocketChannelEndPoint@d47ed43{l=/127.0.0.1:38858,r=/127.0.0.1:42940,OPEN,fill=-,flush=-,to=3/30000}{io=0/0,kio=0,kro=1}->HttpConnection@42bd18a0[p=HttpParser{s=CONTENT,0 of -1},g=HttpGenerator@73351804{s=START}]=>HttpChannelOverHttp@380129b{s=HttpChannelState@7bf8633{s=HANDLING rs=COMPLETING os=OPEN is=IDLE awp=false se=false i=false al=0},r=23,c=false/false,a=HANDLING,uri=//localhost:38858/CookieServlet,age=1} filled 0 HeapByteBuffer@22b9b50d[p=0,l=0,c=8192,r=0]={<<<>>>GET /Cook...\x86&h\xA0{\xC1\xC2}
[DEBUG] HttpConnection@42bd18a0::SocketChannelEndPoint@d47ed43{l=/127.0.0.1:38858,r=/127.0.0.1:42940,OPEN,fill=-,flush=-,to=3/30000}{io=0/0,kio=0,kro=1}->HttpConnection@42bd18a0[p=HttpParser{s=CONTENT,0 of -1},g=HttpGenerator@73351804{s=START}]=>HttpChannelOverHttp@380129b{s=HttpChannelState@7bf8633{s=HANDLING rs=COMPLETING os=OPEN is=IDLE awp=false se=false i=false al=0},r=23,c=false/false,a=HANDLING,uri=//localhost:38858/CookieServlet,age=1} parse HeapByteBuffer@22b9b50d[p=0,l=0,c=8192,r=0]={<<<>>>GET /Cook...\x86&h\xA0{\xC1\xC2} {}
[DEBUG] parseNext s=CONTENT HeapByteBuffer@22b9b50d[p=0,l=0,c=8192,r=0]={<<<>>>GET /Cook...\x86&h\xA0{\xC1\xC2}
[DEBUG] CONTENT --> CONTENT_END
[DEBUG] onContentComplete HttpChannelOverHttp@380129b{s=HttpChannelState@7bf8633{s=HANDLING rs=COMPLETING os=OPEN is=IDLE awp=false se=false i=false al=0},r=23,c=false/false,a=HANDLING,uri=//localhost:38858/CookieServlet,age=1}
[DEBUG] CONTENT_END --> END
[DEBUG] onRequestComplete HttpChannelOverHttp@380129b{s=HttpChannelState@7bf8633{s=HANDLING rs=COMPLETING os=OPEN is=IDLE awp=false se=false i=false al=0},r=23,c=false/false,a=HANDLING,uri=//localhost:38858/CookieServlet,age=1}
[DEBUG] HttpInputOverHTTP@8cf6f52[c=0,q=0,[0]=null,s=STREAM] addContent EOF
[DEBUG] HttpConnection@42bd18a0::SocketChannelEndPoint@d47ed43{l=/127.0.0.1:38858,r=/127.0.0.1:42940,OPEN,fill=-,flush=-,to=3/30000}{io=0/0,kio=0,kro=1}->HttpConnection@42bd18a0[p=HttpParser{s=END,0 of -1},g=HttpGenerator@73351804{s=START}]=>HttpChannelOverHttp@380129b{s=HttpChannelState@7bf8633{s=HANDLING rs=COMPLETING os=OPEN is=IDLE awp=false se=false i=false al=0},r=23,c=false/false,a=HANDLING,uri=//localhost:38858/CookieServlet,age=1} parsed false HttpParser{s=END,0 of -1}
[DEBUG] releaseRequestBuffer HttpConnection@42bd18a0::SocketChannelEndPoint@d47ed43{l=/127.0.0.1:38858,r=/127.0.0.1:42940,OPEN,fill=-,flush=-,to=3/30000}{io=0/0,kio=0,kro=1}->HttpConnection@42bd18a0[p=HttpParser{s=END,0 of -1},g=HttpGenerator@73351804{s=START}]=>HttpChannelOverHttp@380129b{s=HttpChannelState@7bf8633{s=HANDLING rs=COMPLETING os=OPEN is=IDLE awp=false se=false i=false al=0},r=23,c=false/false,a=HANDLING,uri=//localhost:38858/CookieServlet,age=1}
[DEBUG] complete(org.eclipse.jetty.util.Callback$3@5eb4bb1a) s=CLOSING,api=BLOCKED,sc=false,e=null s=false e=null, c=DirectByteBuffer@1c19d748[p=0,l=17,c=32768,r=17]={<<<<table>\n</table>\n>>>>Two</val...gue. Pr}
[DEBUG] sendResponse info=null content=DirectByteBuffer@1c19d748[p=0,l=17,c=32768,r=17]={<<<<table>\n</table>\n>>>>Two</val...gue. Pr} complete=true committing=true callback=org.eclipse.jetty.server.HttpOutput$WriteCompleteCB@4e11b667
[DEBUG] COMMIT for /CookieServlet on HttpChannelOverHttp@380129b{s=HttpChannelState@7bf8633{s=HANDLING rs=COMPLETING os=COMMITTED is=IDLE awp=false se=false i=false al=0},r=23,c=false/false,a=HANDLING,uri=//localhost:38858/CookieServlet,age=1}
200 null HTTP/1.1
Date: Mon, 20 Sep 2021 19:30:18 GMT
Content-Type: text/html;charset=utf-8


[DEBUG] generate: NEED_HEADER for SendCallback@5f75d958[PROCESSING][i=HTTP/1.1{s=200,h=2,cl=-1},cb=org.eclipse.jetty.server.HttpChannel$SendCallback@44613d40] (null,[p=0,l=17,c=32768,r=17],true)@START
[DEBUG] generateHeaders HTTP/1.1{s=200,h=2,cl=-1} last=true content=DirectByteBuffer@1c19d748[p=0,l=17,c=32768,r=17]={<<<<table>\n</table>\n>>>>Two</val...gue. Pr}
[DEBUG] Date: Mon, 20 Sep 2021 19:30:18 GMT
Content-Type: text/html;charset=utf-8


[DEBUG] CONTENT_LENGTH
[DEBUG] generate: FLUSH for SendCallback@5f75d958[PROCESSING][i=HTTP/1.1{s=200,h=2,cl=-1},cb=org.eclipse.jetty.server.HttpChannel$SendCallback@44613d40] ([p=0,l=148,c=8192,r=148],[p=0,l=17,c=32768,r=17],true)@COMPLETING
[DEBUG] write: WriteFlusher@21254e7e{IDLE}->null [HeapByteBuffer@78a30358[p=0,l=148,c=8192,r=148]={<<<HTTP/1.1 200 OK\r\nDate: Mo...y(9.4.43.v20210629)\r\n\r\n>>>nt-Length...\xCe\x1f\xAf\xC2\x8d\xCey},DirectByteBuffer@1c19d748[p=0,l=17,c=32768,r=17]={<<<<table>\n</table>\n>>>>Two</val...gue. Pr}]
[DEBUG] update WriteFlusher@21254e7e{WRITING}->null:IDLE-->WRITING
[DEBUG] flushed 165 SocketChannelEndPoint@d47ed43{l=/127.0.0.1:38858,r=/127.0.0.1:42940,OPEN,fill=-,flush=W,to=5/30000}{io=0/0,kio=0,kro=1}->HttpConnection@42bd18a0[p=HttpParser{s=END,0 of -1},g=HttpGenerator@73351804{s=COMPLETING}]=>HttpChannelOverHttp@380129b{s=HttpChannelState@7bf8633{s=HANDLING rs=COMPLETING os=COMMITTED is=IDLE awp=false se=false i=false al=0},r=23,c=false/false,a=HANDLING,uri=//localhost:38858/CookieServlet,age=4}
[DEBUG] Flushed=true written=165 remaining=0 WriteFlusher@21254e7e{WRITING}->null
[DEBUG] update WriteFlusher@21254e7e{IDLE}->null:WRITING-->IDLE
[DEBUG] generate: DONE for SendCallback@5f75d958[PROCESSING][i=HTTP/1.1{s=200,h=2,cl=-1},cb=org.eclipse.jetty.server.HttpChannel$SendCallback@44613d40] ([p=148,l=148,c=8192,r=0],[p=17,l=17,c=32768,r=0],true)@END
[DEBUG] onWriteComplete(true,null) s=CLOSING,api=BLOCKED,sc=false,e=null->s=CLOSED,api=BLOCKING,sc=false,e=null c=null cb=org.eclipse.jetty.util.Callback$3@5eb4bb1a w=false
[DEBUG] completed HttpChannelState@7bf8633{s=HANDLING rs=COMPLETING os=COMPLETED is=IDLE awp=false se=false i=false al=0}
[DEBUG] unhandle HttpChannelState@7bf8633{s=HANDLING rs=COMPLETED os=COMPLETED is=IDLE awp=false se=false i=false al=0}
[DEBUG] nextAction(false) TERMINATED HttpChannelState@7bf8633{s=IDLE rs=COMPLETED os=COMPLETED is=IDLE awp=false se=false i=false al=0}
[DEBUG] action TERMINATED HttpChannelOverHttp@380129b{s=HttpChannelState@7bf8633{s=IDLE rs=COMPLETED os=COMPLETED is=IDLE awp=false se=false i=false al=0},r=23,c=true/true,a=IDLE,uri=//localhost:38858/CookieServlet,age=4}
[DEBUG] onCompleted for /CookieServlet written=17
[DEBUG] recycle HttpChannelState@7bf8633{s=IDLE rs=COMPLETED os=COMPLETED is=IDLE awp=false se=false i=false al=0}
[DEBUG] reset HttpParser{s=END,0 of -1}
[DEBUG] END --> START
[DEBUG] !handle TERMINATED HttpChannelOverHttp@380129b{s=HttpChannelState@7bf8633{s=IDLE rs=BLOCKING os=OPEN is=IDLE awp=false se=false i=true al=0},r=23,c=false/false,a=IDLE,uri=null,age=0}
[DEBUG] filled 242 HeapByteBuffer@41e05b38[p=0,l=242,c=8192,r=242]={<<<GET /CookieServlet HTTP/1...nection: keep-alive\r\n\r\n>>>eg, *; q=...\x00\x00\x00\x00\x00\x00\x00}
[DEBUG] HttpConnection@42bd18a0::SocketChannelEndPoint@d47ed43{l=/127.0.0.1:38858,r=/127.0.0.1:42940,OPEN,fill=-,flush=-,to=0/30000}{io=0/0,kio=0,kro=1}->HttpConnection@42bd18a0[p=HttpParser{s=START,0 of -1},g=HttpGenerator@73351804{s=START}]=>HttpChannelOverHttp@380129b{s=HttpChannelState@7bf8633{s=IDLE rs=BLOCKING os=OPEN is=IDLE awp=false se=false i=true al=0},r=23,c=false/false,a=IDLE,uri=null,age=0} filled 242 HeapByteBuffer@41e05b38[p=0,l=242,c=8192,r=242]={<<<GET /CookieServlet HTTP/1...nection: keep-alive\r\n\r\n>>>eg, *; q=...\x00\x00\x00\x00\x00\x00\x00}
[DEBUG] HttpConnection@42bd18a0::SocketChannelEndPoint@d47ed43{l=/127.0.0.1:38858,r=/127.0.0.1:42940,OPEN,fill=-,flush=-,to=0/30000}{io=0/0,kio=0,kro=1}->HttpConnection@42bd18a0[p=HttpParser{s=START,0 of -1},g=HttpGenerator@73351804{s=START}]=>HttpChannelOverHttp@380129b{s=HttpChannelState@7bf8633{s=IDLE rs=BLOCKING os=OPEN is=IDLE awp=false se=false i=true al=0},r=23,c=false/false,a=IDLE,uri=null,age=0} parse HeapByteBuffer@41e05b38[p=0,l=242,c=8192,r=242]={<<<GET /CookieServlet HTTP/1...nection: keep-alive\r\n\r\n>>>eg, *; q=...\x00\x00\x00\x00\x00\x00\x00} {}
[DEBUG] parseNext s=START HeapByteBuffer@41e05b38[p=0,l=242,c=8192,r=242]={<<<GET /CookieServlet HTTP/1...nection: keep-alive\r\n\r\n>>>eg, *; q=...\x00\x00\x00\x00\x00\x00\x00}
[DEBUG] START --> SPACE1
[DEBUG] SPACE1 --> URI
[DEBUG] URI --> SPACE2
[DEBUG] SPACE2 --> REQUEST_VERSION
[DEBUG] REQUEST_VERSION --> HEADER
[DEBUG] HEADER:Cookie --> VALUE
[DEBUG] HEADER:Cookie --> IN_VALUE
[DEBUG] HEADER:Cookie --> FIELD
[DEBUG] HEADER:Accept-Encoding: gzip --> IN_VALUE
[DEBUG] HEADER:Accept-Encoding: gzip --> FIELD
[DEBUG] HEADER:User-Agent: Jsoup Testalot v0.1 --> IN_VALUE
[DEBUG] HEADER:User-Agent: Jsoup Testalot v0.1 --> FIELD
[DEBUG] HEADER:Host: localhost:38858 --> IN_VALUE
[DEBUG] HEADER:Host: localhost:38858 --> FIELD
[DEBUG] HEADER:Accept: text/html, image/gif, image/jpeg, *; q=.2, */*; q=.2 --> IN_VALUE
[DEBUG] HEADER:Accept: text/html, image/gif, image/jpeg, *; q=.2, */*; q=.2 --> FIELD
[DEBUG] HEADER:Connection: keep-alive --> IN_VALUE
[DEBUG] HEADER:Connection: keep-alive --> FIELD
[DEBUG] HEADER --> CONTENT
[DEBUG] REQUEST for //localhost:38858/CookieServlet on HttpChannelOverHttp@380129b{s=HttpChannelState@7bf8633{s=IDLE rs=BLOCKING os=OPEN is=IDLE awp=false se=false i=true al=0},r=24,c=false/false,a=IDLE,uri=//localhost:38858/CookieServlet,age=0}
GET //localhost:38858/CookieServlet HTTP/1.1
Cookie: Bar=Qux; One=CookieServlet; One=Root
Accept-Encoding: gzip
User-Agent: Jsoup Testalot v0.1
Host: localhost:38858
Accept: text/html, image/gif, image/jpeg, *; q=.2, */*; q=.2
Connection: keep-alive


[DEBUG] HttpConnection@42bd18a0::SocketChannelEndPoint@d47ed43{l=/127.0.0.1:38858,r=/127.0.0.1:42940,OPEN,fill=-,flush=-,to=0/30000}{io=0/0,kio=0,kro=1}->HttpConnection@42bd18a0[p=HttpParser{s=CONTENT,0 of -1},g=HttpGenerator@73351804{s=START}]=>HttpChannelOverHttp@380129b{s=HttpChannelState@7bf8633{s=IDLE rs=BLOCKING os=OPEN is=IDLE awp=false se=false i=true al=0},r=24,c=false/false,a=IDLE,uri=//localhost:38858/CookieServlet,age=0} parsed true HttpParser{s=CONTENT,0 of -1}
[DEBUG] releaseRequestBuffer HttpConnection@42bd18a0::SocketChannelEndPoint@d47ed43{l=/127.0.0.1:38858,r=/127.0.0.1:42940,OPEN,fill=-,flush=-,to=2/30000}{io=0/0,kio=0,kro=1}->HttpConnection@42bd18a0[p=HttpParser{s=CONTENT,0 of -1},g=HttpGenerator@73351804{s=START}]=>HttpChannelOverHttp@380129b{s=HttpChannelState@7bf8633{s=IDLE rs=BLOCKING os=OPEN is=IDLE awp=false se=false i=true al=0},r=24,c=false/false,a=IDLE,uri=//localhost:38858/CookieServlet,age=3}
[DEBUG] handle //localhost:38858/CookieServlet HttpChannelOverHttp@380129b{s=HttpChannelState@7bf8633{s=IDLE rs=BLOCKING os=OPEN is=IDLE awp=false se=false i=true al=0},r=24,c=false/false,a=IDLE,uri=//localhost:38858/CookieServlet,age=3} 
[DEBUG] handling HttpChannelState@7bf8633{s=IDLE rs=BLOCKING os=OPEN is=IDLE awp=false se=false i=true al=0}
[DEBUG] action DISPATCH HttpChannelOverHttp@380129b{s=HttpChannelState@7bf8633{s=HANDLING rs=BLOCKING os=OPEN is=IDLE awp=false se=false i=true al=0},r=24,c=false/false,a=HANDLING,uri=//localhost:38858/CookieServlet,age=3}
[DEBUG] REQUEST GET /CookieServlet on HttpChannelOverHttp@380129b{s=HttpChannelState@7bf8633{s=HANDLING rs=BLOCKING os=OPEN is=IDLE awp=false se=false i=true al=0},r=24,c=false/false,a=HANDLING,uri=//localhost:38858/CookieServlet,age=3}
[DEBUG] servlet null|/CookieServlet|null -> org.jsoup.integration.servlets.CookieServlet-d8305c2==org.jsoup.integration.servlets.CookieServlet@ca8db5d8{jsp=null,order=-1,inst=true,async=true,src=EMBEDDED:null,STARTED}
[DEBUG] chain=null
[DEBUG] write(array HeapByteBuffer@122b53ca[p=0,l=7,c=512,r=7]={<<<<table>>>>>Cookie: ...\x00\x00\x00\x00\x00\x00\x00})
[DEBUG] write(array) s=OPEN,api=BLOCKING,sc=false,e=null aggregated !flush DirectByteBuffer@1492b79c[p=0,l=7,c=32768,r=7]={<<<<table>>>>\n</table>...gue. Pr}
[DEBUG] write(array HeapByteBuffer@69bc46fe[p=0,l=1,c=512,r=1]={<<<\n>>>table>>Co...\x00\x00\x00\x00\x00\x00\x00})
[DEBUG] write(array) s=OPEN,api=BLOCKING,sc=false,e=null aggregated !flush DirectByteBuffer@1492b79c[p=0,l=8,c=32768,r=8]={<<<<table>\n>>></table>\n...gue. Pr}
[DEBUG] write(array HeapByteBuffer@2add6720[p=0,l=33,c=512,r=33]={<<<<tr><th>Bar</th><td>Qux</td></tr>>>>/td></tr>...\x00\x00\x00\x00\x00\x00\x00})
[DEBUG] write(array) s=OPEN,api=BLOCKING,sc=false,e=null aggregated !flush DirectByteBuffer@1492b79c[p=0,l=41,c=32768,r=41]={<<<<table>\n<tr><th>Bar</th><td>Qux</td></tr>>>>itle>\n   ...gue. Pr}
[DEBUG] write(array HeapByteBuffer@671bc406[p=0,l=1,c=512,r=1]={<<<\n>>>tr><th>Ba...\x00\x00\x00\x00\x00\x00\x00})
[DEBUG] write(array) s=OPEN,api=BLOCKING,sc=false,e=null aggregated !flush DirectByteBuffer@1492b79c[p=0,l=42,c=32768,r=42]={<<<<table>\n<tr><th>Bar</th><td>Qux</td></tr>\n>>>tle>\n    ...gue. Pr}
[DEBUG] write(array HeapByteBuffer@2f666e2c[p=0,l=43,c=512,r=43]={<<<<tr><th>One</th><td>CookieServlet</td></tr>>>>></tr>d><...\x00\x00\x00\x00\x00\x00\x00})
[DEBUG] write(array) s=OPEN,api=BLOCKING,sc=false,e=null aggregated !flush DirectByteBuffer@1492b79c[p=0,l=85,c=32768,r=85]={<<<<table>\n<tr><th>Bar</th><...CookieServlet</td></tr>>>>, td, th ...gue. Pr}
[DEBUG] write(array HeapByteBuffer@24665688[p=0,l=1,c=512,r=1]={<<<\n>>>tr><th>On...\x00\x00\x00\x00\x00\x00\x00})
[DEBUG] write(array) s=OPEN,api=BLOCKING,sc=false,e=null aggregated !flush DirectByteBuffer@1492b79c[p=0,l=86,c=32768,r=86]={<<<<table>\n<tr><th>Bar</th><...ookieServlet</td></tr>\n>>> td, th {...gue. Pr}
[DEBUG] write(array HeapByteBuffer@65c3c143[p=0,l=34,c=512,r=34]={<<<<tr><th>One</th><td>Root</td></tr>>>>/td></tr>...\x00\x00\x00\x00\x00\x00\x00})
[DEBUG] write(array) s=OPEN,api=BLOCKING,sc=false,e=null aggregated !flush DirectByteBuffer@1492b79c[p=0,l=120,c=32768,r=120]={<<<<table>\n<tr><th>Bar</th><...</th><td>Root</td></tr>>>>, sans-se...gue. Pr}
[DEBUG] write(array HeapByteBuffer@5cc11209[p=0,l=1,c=512,r=1]={<<<\n>>>tr><th>On...\x00\x00\x00\x00\x00\x00\x00})
[DEBUG] write(array) s=OPEN,api=BLOCKING,sc=false,e=null aggregated !flush DirectByteBuffer@1492b79c[p=0,l=121,c=32768,r=121]={<<<<table>\n<tr><th>Bar</th><.../th><td>Root</td></tr>\n>>> sans-ser...gue. Pr}
[DEBUG] write(array HeapByteBuffer@40ca10b3[p=0,l=8,c=512,r=8]={<<<</table>>>>One</th><...\x00\x00\x00\x00\x00\x00\x00})
[DEBUG] write(array) s=OPEN,api=BLOCKING,sc=false,e=null aggregated !flush DirectByteBuffer@1492b79c[p=0,l=129,c=32768,r=129]={<<<<table>\n<tr><th>Bar</th><...Root</td></tr>\n</table>>>>rif; text...gue. Pr}
[DEBUG] write(array HeapByteBuffer@568ecc34[p=0,l=1,c=512,r=1]={<<<\n>>>/table>On...\x00\x00\x00\x00\x00\x00\x00})
[DEBUG] write(array) s=OPEN,api=BLOCKING,sc=false,e=null aggregated !flush DirectByteBuffer@1492b79c[p=0,l=130,c=32768,r=130]={<<<<table>\n<tr><th>Bar</th><...oot</td></tr>\n</table>\n>>>if; text-...gue. Pr}
[DEBUG] handled=true async=false committed=false on HttpChannelOverHttp@380129b{s=HttpChannelState@7bf8633{s=HANDLING rs=BLOCKING os=OPEN is=IDLE awp=false se=false i=true al=0},r=24,c=false/false,a=HANDLING,uri=//localhost:38858/CookieServlet,age=3}
[DEBUG] unhandle HttpChannelState@7bf8633{s=HANDLING rs=BLOCKING os=OPEN is=IDLE awp=false se=false i=true al=0}
[DEBUG] nextAction(false) COMPLETE HttpChannelState@7bf8633{s=HANDLING rs=COMPLETING os=OPEN is=IDLE awp=false se=false i=false al=0}
[DEBUG] action COMPLETE HttpChannelOverHttp@380129b{s=HttpChannelState@7bf8633{s=HANDLING rs=COMPLETING os=OPEN is=IDLE awp=false se=false i=false al=0},r=24,c=false/false,a=HANDLING,uri=//localhost:38858/CookieServlet,age=3}
[DEBUG] filled 0 HeapByteBuffer@22b9b50d[p=0,l=0,c=8192,r=0]={<<<>>>GET /Cook...\x86&h\xA0{\xC1\xC2}
[DEBUG] filled 0 HeapByteBuffer@22b9b50d[p=0,l=0,c=8192,r=0]={<<<>>>GET /Cook...\x86&h\xA0{\xC1\xC2}
[DEBUG] HttpConnection@42bd18a0::SocketChannelEndPoint@d47ed43{l=/127.0.0.1:38858,r=/127.0.0.1:42940,OPEN,fill=-,flush=-,to=3/30000}{io=0/0,kio=0,kro=1}->HttpConnection@42bd18a0[p=HttpParser{s=CONTENT,0 of -1},g=HttpGenerator@73351804{s=START}]=>HttpChannelOverHttp@380129b{s=HttpChannelState@7bf8633{s=HANDLING rs=COMPLETING os=OPEN is=IDLE awp=false se=false i=false al=0},r=24,c=false/false,a=HANDLING,uri=//localhost:38858/CookieServlet,age=3} filled 0 HeapByteBuffer@22b9b50d[p=0,l=0,c=8192,r=0]={<<<>>>GET /Cook...\x86&h\xA0{\xC1\xC2}
[DEBUG] HttpConnection@42bd18a0::SocketChannelEndPoint@d47ed43{l=/127.0.0.1:38858,r=/127.0.0.1:42940,OPEN,fill=-,flush=-,to=3/30000}{io=0/0,kio=0,kro=1}->HttpConnection@42bd18a0[p=HttpParser{s=CONTENT,0 of -1},g=HttpGenerator@73351804{s=START}]=>HttpChannelOverHttp@380129b{s=HttpChannelState@7bf8633{s=HANDLING rs=COMPLETING os=OPEN is=IDLE awp=false se=false i=false al=0},r=24,c=false/false,a=HANDLING,uri=//localhost:38858/CookieServlet,age=3} parse HeapByteBuffer@22b9b50d[p=0,l=0,c=8192,r=0]={<<<>>>GET /Cook...\x86&h\xA0{\xC1\xC2} {}
[DEBUG] parseNext s=CONTENT HeapByteBuffer@22b9b50d[p=0,l=0,c=8192,r=0]={<<<>>>GET /Cook...\x86&h\xA0{\xC1\xC2}
[DEBUG] CONTENT --> CONTENT_END
[DEBUG] onContentComplete HttpChannelOverHttp@380129b{s=HttpChannelState@7bf8633{s=HANDLING rs=COMPLETING os=OPEN is=IDLE awp=false se=false i=false al=0},r=24,c=false/false,a=HANDLING,uri=//localhost:38858/CookieServlet,age=4}
[DEBUG] CONTENT_END --> END
[DEBUG] onRequestComplete HttpChannelOverHttp@380129b{s=HttpChannelState@7bf8633{s=HANDLING rs=COMPLETING os=OPEN is=IDLE awp=false se=false i=false al=0},r=24,c=false/false,a=HANDLING,uri=//localhost:38858/CookieServlet,age=4}
[DEBUG] HttpInputOverHTTP@8cf6f52[c=0,q=0,[0]=null,s=STREAM] addContent EOF
[DEBUG] HttpConnection@42bd18a0::SocketChannelEndPoint@d47ed43{l=/127.0.0.1:38858,r=/127.0.0.1:42940,OPEN,fill=-,flush=-,to=4/30000}{io=0/0,kio=0,kro=1}->HttpConnection@42bd18a0[p=HttpParser{s=END,0 of -1},g=HttpGenerator@73351804{s=START}]=>HttpChannelOverHttp@380129b{s=HttpChannelState@7bf8633{s=HANDLING rs=COMPLETING os=OPEN is=IDLE awp=false se=false i=false al=0},r=24,c=false/false,a=HANDLING,uri=//localhost:38858/CookieServlet,age=4} parsed false HttpParser{s=END,0 of -1}
[DEBUG] releaseRequestBuffer HttpConnection@42bd18a0::SocketChannelEndPoint@d47ed43{l=/127.0.0.1:38858,r=/127.0.0.1:42940,OPEN,fill=-,flush=-,to=4/30000}{io=0/0,kio=0,kro=1}->HttpConnection@42bd18a0[p=HttpParser{s=END,0 of -1},g=HttpGenerator@73351804{s=START}]=>HttpChannelOverHttp@380129b{s=HttpChannelState@7bf8633{s=HANDLING rs=COMPLETING os=OPEN is=IDLE awp=false se=false i=false al=0},r=24,c=false/false,a=HANDLING,uri=//localhost:38858/CookieServlet,age=4}
[DEBUG] complete(org.eclipse.jetty.util.Callback$3@2dbcd67f) s=CLOSING,api=BLOCKED,sc=false,e=null s=false e=null, c=DirectByteBuffer@1492b79c[p=0,l=130,c=32768,r=130]={<<<<table>\n<tr><th>Bar</th><...oot</td></tr>\n</table>\n>>>if; text-...gue. Pr}
[DEBUG] sendResponse info=null content=DirectByteBuffer@1492b79c[p=0,l=130,c=32768,r=130]={<<<<table>\n<tr><th>Bar</th><...oot</td></tr>\n</table>\n>>>if; text-...gue. Pr} complete=true committing=true callback=org.eclipse.jetty.server.HttpOutput$WriteCompleteCB@7939c89b
[DEBUG] COMMIT for /CookieServlet on HttpChannelOverHttp@380129b{s=HttpChannelState@7bf8633{s=HANDLING rs=COMPLETING os=COMMITTED is=IDLE awp=false se=false i=false al=0},r=24,c=false/false,a=HANDLING,uri=//localhost:38858/CookieServlet,age=4}
200 null HTTP/1.1
Date: Mon, 20 Sep 2021 19:30:18 GMT
Content-Type: text/html;charset=utf-8


[DEBUG] generate: NEED_HEADER for SendCallback@5f75d958[PROCESSING][i=HTTP/1.1{s=200,h=2,cl=-1},cb=org.eclipse.jetty.server.HttpChannel$SendCallback@69e60087] (null,[p=0,l=130,c=32768,r=130],true)@START
[DEBUG] generateHeaders HTTP/1.1{s=200,h=2,cl=-1} last=true content=DirectByteBuffer@1492b79c[p=0,l=130,c=32768,r=130]={<<<<table>\n<tr><th>Bar</th><...oot</td></tr>\n</table>\n>>>if; text-...gue. Pr}
[DEBUG] Date: Mon, 20 Sep 2021 19:30:18 GMT
Content-Type: text/html;charset=utf-8


[DEBUG] CONTENT_LENGTH
[DEBUG] generate: FLUSH for SendCallback@5f75d958[PROCESSING][i=HTTP/1.1{s=200,h=2,cl=-1},cb=org.eclipse.jetty.server.HttpChannel$SendCallback@69e60087] ([p=0,l=149,c=8192,r=149],[p=0,l=130,c=32768,r=130],true)@COMPLETING
[DEBUG] write: WriteFlusher@21254e7e{IDLE}->null [HeapByteBuffer@78a30358[p=0,l=149,c=8192,r=149]={<<<HTTP/1.1 200 OK\r\nDate: Mo...y(9.4.43.v20210629)\r\n\r\n>>>t-Length:...\xCe\x1f\xAf\xC2\x8d\xCey},DirectByteBuffer@1492b79c[p=0,l=130,c=32768,r=130]={<<<<table>\n<tr><th>Bar</th><...oot</td></tr>\n</table>\n>>>if; text-...gue. Pr}]
[DEBUG] update WriteFlusher@21254e7e{WRITING}->null:IDLE-->WRITING
]]></system-out>
  </testcase>
</testsuite>