<?xml version="1.0" encoding="UTF-8"?>
<testsuite xmlns:xsi="http://www.w3.org/2001/XMLSchema-instance" xsi:noNamespaceSchemaLocation="https://maven.apache.org/surefire/maven-surefire-plugin/xsd/surefire-test-report-3.0.xsd" version="3.0" name="org.jsoup.nodes.ElementTest" time="0.269" tests="134" errors="0" skipped="0" failures="0">
  <properties>
    <property name="awt.toolkit" value="sun.awt.X11.XToolkit"/>
    <property name="file.encoding.pkg" value="sun.io"/>
    <property name="java.specification.version" value="1.8"/>
    <property name="sun.cpu.isalist" value=""/>
    <property name="sun.jnu.encoding" value="UTF-8"/>
    <property name="java.class.path" value="/home/ubuntu/jsoup/target/test-classes:/home/ubuntu/jsoup/target/generated-classes/cobertura:/home/ubuntu/.m2/repository/org/junit/jupiter/junit-jupiter/5.8.0/junit-jupiter-5.8.0.jar:/home/ubuntu/.m2/repository/org/junit/jupiter/junit-jupiter-api/5.8.0/junit-jupiter-api-5.8.0.jar:/home/ubuntu/.m2/repository/org/opentest4j/opentest4j/1.2.0/opentest4j-1.2.0.jar:/home/ubuntu/.m2/repository/org/junit/platform/junit-platform-commons/1.8.0/junit-platform-commons-1.8.0.jar:/home/ubuntu/.m2/repository/org/apiguardian/apiguardian-api/1.1.2/apiguardian-api-1.1.2.jar:/home/ubuntu/.m2/repository/org/junit/jupiter/junit-jupiter-params/5.8.0/junit-jupiter-params-5.8.0.jar:/home/ubuntu/.m2/repository/org/junit/jupiter/junit-jupiter-engine/5.8.0/junit-jupiter-engine-5.8.0.jar:/home/ubuntu/.m2/repository/org/junit/platform/junit-platform-engine/1.8.0/junit-platform-engine-1.8.0.jar:/home/ubuntu/.m2/repository/com/google/code/gson/gson/2.8.8/gson-2.8.8.jar:/home/ubuntu/.m2/repository/org/eclipse/jetty/jetty-server/9.4.43.v20210629/jetty-server-9.4.43.v20210629.jar:/home/ubuntu/.m2/repository/javax/servlet/javax.servlet-api/3.1.0/javax.servlet-api-3.1.0.jar:/home/ubuntu/.m2/repository/org/eclipse/jetty/jetty-http/9.4.43.v20210629/jetty-http-9.4.43.v20210629.jar:/home/ubuntu/.m2/repository/org/eclipse/jetty/jetty-util/9.4.43.v20210629/jetty-util-9.4.43.v20210629.jar:/home/ubuntu/.m2/repository/org/eclipse/jetty/jetty-io/9.4.43.v20210629/jetty-io-9.4.43.v20210629.jar:/home/ubuntu/.m2/repository/org/eclipse/jetty/jetty-servlet/9.4.43.v20210629/jetty-servlet-9.4.43.v20210629.jar:/home/ubuntu/.m2/repository/org/eclipse/jetty/jetty-security/9.4.43.v20210629/jetty-security-9.4.43.v20210629.jar:/home/ubuntu/.m2/repository/org/eclipse/jetty/jetty-util-ajax/9.4.43.v20210629/jetty-util-ajax-9.4.43.v20210629.jar:/home/ubuntu/.m2/repository/com/google/code/findbugs/jsr305/3.0.2/jsr305-3.0.2.jar:/home/ubuntu/.m2/repository/net/sourceforge/cobertura/cobertura/2.1.1/cobertura-2.1.1.jar:/home/ubuntu/.m2/repository/jaxen/jaxen/1.1.4/jaxen-1.1.4.jar:/home/ubuntu/.m2/repository/org/apache/ant/ant/1.8.3/ant-1.8.3.jar:/home/ubuntu/.m2/repository/org/apache/ant/ant-launcher/1.8.3/ant-launcher-1.8.3.jar:/home/ubuntu/.m2/repository/org/apache/ant/ant-junit/1.8.3/ant-junit-1.8.3.jar:/home/ubuntu/.m2/repository/org/mortbay/jetty/servlet-api-2.5/6.1.14/servlet-api-2.5-6.1.14.jar:/home/ubuntu/.m2/repository/org/mortbay/jetty/jetty/6.1.14/jetty-6.1.14.jar:/home/ubuntu/.m2/repository/org/mortbay/jetty/jetty-util/6.1.14/jetty-util-6.1.14.jar:/usr/lib/jvm/java-8-openjdk-amd64/jre/../lib/tools.jar:/home/ubuntu/.m2/repository/org/slf4j/slf4j-api/1.7.5/slf4j-api-1.7.5.jar:/home/ubuntu/.m2/repository/ch/qos/logback/logback-classic/1.0.13/logback-classic-1.0.13.jar:/home/ubuntu/.m2/repository/ch/qos/logback/logback-core/1.0.13/logback-core-1.0.13.jar:/home/ubuntu/.m2/repository/junit/junit/4.11/junit-4.11.jar:/home/ubuntu/.m2/repository/org/hamcrest/hamcrest-core/1.3/hamcrest-core-1.3.jar:/home/ubuntu/.m2/repository/org/apache/commons/commons-lang3/3.3.2/commons-lang3-3.3.2.jar:"/>
    <property name="java.vm.vendor" value="Private Build"/>
    <property name="sun.arch.data.model" value="64"/>
    <property name="java.vendor.url" value="http://java.oracle.com/"/>
    <property name="user.timezone" value="Etc/UTC"/>
    <property name="java.vm.specification.version" value="1.8"/>
    <property name="os.name" value="Linux"/>
    <property name="user.country" value="US"/>
    <property name="sun.java.launcher" value="SUN_STANDARD"/>
    <property name="sun.boot.library.path" value="/usr/lib/jvm/java-8-openjdk-amd64/jre/lib/amd64"/>
    <property name="sun.java.command" value="/home/ubuntu/jsoup/target/surefire/surefirebooter7323666008193123.jar /home/ubuntu/jsoup/target/surefire 2021-09-20T19-29-57_152-jvmRun1 surefire7154921910731547436tmp surefire_07487924543571756645tmp"/>
    <property name="surefire.test.class.path" value="/home/ubuntu/jsoup/target/test-classes:/home/ubuntu/jsoup/target/generated-classes/cobertura:/home/ubuntu/.m2/repository/org/junit/jupiter/junit-jupiter/5.8.0/junit-jupiter-5.8.0.jar:/home/ubuntu/.m2/repository/org/junit/jupiter/junit-jupiter-api/5.8.0/junit-jupiter-api-5.8.0.jar:/home/ubuntu/.m2/repository/org/opentest4j/opentest4j/1.2.0/opentest4j-1.2.0.jar:/home/ubuntu/.m2/repository/org/junit/platform/junit-platform-commons/1.8.0/junit-platform-commons-1.8.0.jar:/home/ubuntu/.m2/repository/org/apiguardian/apiguardian-api/1.1.2/apiguardian-api-1.1.2.jar:/home/ubuntu/.m2/repository/org/junit/jupiter/junit-jupiter-params/5.8.0/junit-jupiter-params-5.8.0.jar:/home/ubuntu/.m2/repository/org/junit/jupiter/junit-jupiter-engine/5.8.0/junit-jupiter-engine-5.8.0.jar:/home/ubuntu/.m2/repository/org/junit/platform/junit-platform-engine/1.8.0/junit-platform-engine-1.8.0.jar:/home/ubuntu/.m2/repository/com/google/code/gson/gson/2.8.8/gson-2.8.8.jar:/home/ubuntu/.m2/repository/org/eclipse/jetty/jetty-server/9.4.43.v20210629/jetty-server-9.4.43.v20210629.jar:/home/ubuntu/.m2/repository/javax/servlet/javax.servlet-api/3.1.0/javax.servlet-api-3.1.0.jar:/home/ubuntu/.m2/repository/org/eclipse/jetty/jetty-http/9.4.43.v20210629/jetty-http-9.4.43.v20210629.jar:/home/ubuntu/.m2/repository/org/eclipse/jetty/jetty-util/9.4.43.v20210629/jetty-util-9.4.43.v20210629.jar:/home/ubuntu/.m2/repository/org/eclipse/jetty/jetty-io/9.4.43.v20210629/jetty-io-9.4.43.v20210629.jar:/home/ubuntu/.m2/repository/org/eclipse/jetty/jetty-servlet/9.4.43.v20210629/jetty-servlet-9.4.43.v20210629.jar:/home/ubuntu/.m2/repository/org/eclipse/jetty/jetty-security/9.4.43.v20210629/jetty-security-9.4.43.v20210629.jar:/home/ubuntu/.m2/repository/org/eclipse/jetty/jetty-util-ajax/9.4.43.v20210629/jetty-util-ajax-9.4.43.v20210629.jar:/home/ubuntu/.m2/repository/com/google/code/findbugs/jsr305/3.0.2/jsr305-3.0.2.jar:/home/ubuntu/.m2/repository/net/sourceforge/cobertura/cobertura/2.1.1/cobertura-2.1.1.jar:/home/ubuntu/.m2/repository/jaxen/jaxen/1.1.4/jaxen-1.1.4.jar:/home/ubuntu/.m2/repository/org/apache/ant/ant/1.8.3/ant-1.8.3.jar:/home/ubuntu/.m2/repository/org/apache/ant/ant-launcher/1.8.3/ant-launcher-1.8.3.jar:/home/ubuntu/.m2/repository/org/apache/ant/ant-junit/1.8.3/ant-junit-1.8.3.jar:/home/ubuntu/.m2/repository/org/mortbay/jetty/servlet-api-2.5/6.1.14/servlet-api-2.5-6.1.14.jar:/home/ubuntu/.m2/repository/org/mortbay/jetty/jetty/6.1.14/jetty-6.1.14.jar:/home/ubuntu/.m2/repository/org/mortbay/jetty/jetty-util/6.1.14/jetty-util-6.1.14.jar:/usr/lib/jvm/java-8-openjdk-amd64/jre/../lib/tools.jar:/home/ubuntu/.m2/repository/org/slf4j/slf4j-api/1.7.5/slf4j-api-1.7.5.jar:/home/ubuntu/.m2/repository/ch/qos/logback/logback-classic/1.0.13/logback-classic-1.0.13.jar:/home/ubuntu/.m2/repository/ch/qos/logback/logback-core/1.0.13/logback-core-1.0.13.jar:/home/ubuntu/.m2/repository/junit/junit/4.11/junit-4.11.jar:/home/ubuntu/.m2/repository/org/hamcrest/hamcrest-core/1.3/hamcrest-core-1.3.jar:/home/ubuntu/.m2/repository/org/apache/commons/commons-lang3/3.3.2/commons-lang3-3.3.2.jar:"/>
    <property name="sun.cpu.endian" value="little"/>
    <property name="user.home" value="/home/ubuntu"/>
    <property name="user.language" value="en"/>
    <property name="java.specification.vendor" value="Oracle Corporation"/>
    <property name="java.home" value="/usr/lib/jvm/java-8-openjdk-amd64/jre"/>
    <property name="basedir" value="/home/ubuntu/jsoup"/>
    <property name="file.separator" value="/"/>
    <property name="line.separator" value="&#10;"/>
    <property name="java.vm.specification.vendor" value="Oracle Corporation"/>
    <property name="java.specification.name" value="Java Platform API Specification"/>
    <property name="java.awt.graphicsenv" value="sun.awt.X11GraphicsEnvironment"/>
    <property name="surefire.real.class.path" value="/home/ubuntu/jsoup/target/surefire/surefirebooter7323666008193123.jar"/>
    <property name="sun.boot.class.path" value="/usr/lib/jvm/java-8-openjdk-amd64/jre/lib/resources.jar:/usr/lib/jvm/java-8-openjdk-amd64/jre/lib/rt.jar:/usr/lib/jvm/java-8-openjdk-amd64/jre/lib/sunrsasign.jar:/usr/lib/jvm/java-8-openjdk-amd64/jre/lib/jsse.jar:/usr/lib/jvm/java-8-openjdk-amd64/jre/lib/jce.jar:/usr/lib/jvm/java-8-openjdk-amd64/jre/lib/charsets.jar:/usr/lib/jvm/java-8-openjdk-amd64/jre/lib/jfr.jar:/usr/lib/jvm/java-8-openjdk-amd64/jre/classes"/>
    <property name="sun.management.compiler" value="HotSpot 64-Bit Tiered Compilers"/>
    <property name="java.runtime.version" value="1.8.0_292-8u292-b10-0ubuntu1~16.04.1-b10"/>
    <property name="user.name" value="ubuntu"/>
    <property name="path.separator" value=":"/>
    <property name="os.version" value="4.4.0-1128-aws"/>
    <property name="java.endorsed.dirs" value="/usr/lib/jvm/java-8-openjdk-amd64/jre/lib/endorsed"/>
    <property name="java.runtime.name" value="OpenJDK Runtime Environment"/>
    <property name="file.encoding" value="UTF-8"/>
    <property name="java.vm.name" value="OpenJDK 64-Bit Server VM"/>
    <property name="localRepository" value="/home/ubuntu/.m2/repository"/>
    <property name="java.vendor.url.bug" value="http://bugreport.sun.com/bugreport/"/>
    <property name="java.io.tmpdir" value="/tmp"/>
    <property name="java.version" value="1.8.0_292"/>
    <property name="user.dir" value="/home/ubuntu/jsoup"/>
    <property name="os.arch" value="amd64"/>
    <property name="java.vm.specification.name" value="Java Virtual Machine Specification"/>
    <property name="java.awt.printerjob" value="sun.print.PSPrinterJob"/>
    <property name="sun.os.patch.level" value="unknown"/>
    <property name="java.library.path" value="/usr/java/packages/lib/amd64:/usr/lib/x86_64-linux-gnu/jni:/lib/x86_64-linux-gnu:/usr/lib/x86_64-linux-gnu:/usr/lib/jni:/lib:/usr/lib"/>
    <property name="java.vm.info" value="mixed mode"/>
    <property name="java.vendor" value="Private Build"/>
    <property name="java.vm.version" value="25.292-b10"/>
    <property name="java.ext.dirs" value="/usr/lib/jvm/java-8-openjdk-amd64/jre/lib/ext:/usr/java/packages/lib/ext"/>
    <property name="sun.io.unicode.encoding" value="UnicodeLittle"/>
    <property name="java.class.version" value="52.0"/>
  </properties>
  <testcase name="testFormatOutline" classname="org.jsoup.nodes.ElementTest" time="0.003"/>
  <testcase name="moveChildrenToOuter" classname="org.jsoup.nodes.ElementTest" time="0.004"/>
  <testcase name="attributeSizeDoesNotAutoVivify" classname="org.jsoup.nodes.ElementTest" time="0.002"/>
  <testcase name="parentlessToString" classname="org.jsoup.nodes.ElementTest" time="0.001"/>
  <testcase name="testBrHasSpaceCaseSensitive" classname="org.jsoup.nodes.ElementTest" time="0.001"/>
  <testcase name="testNotActuallyAReparent" classname="org.jsoup.nodes.ElementTest" time="0.001"/>
  <testcase name="testBasicFormats" classname="org.jsoup.nodes.ElementTest" time="0.001"/>
  <testcase name="insertChildrenArgumentValidation" classname="org.jsoup.nodes.ElementTest" time="0.001"/>
  <testcase name="testPrependElement" classname="org.jsoup.nodes.ElementTest" time="0.001"/>
  <testcase name="testOuterHtml" classname="org.jsoup.nodes.ElementTest" time="0.005"/>
  <testcase name="testHashcodeIsStableWithContentChanges" classname="org.jsoup.nodes.ElementTest" time="0.001"/>
  <testcase name="voidTestFilterCallReturnsElement" classname="org.jsoup.nodes.ElementTest" time="0.002"/>
  <testcase name="elementByTagName" classname="org.jsoup.nodes.ElementTest" time="0.001"/>
  <testcase name="doesntDeleteZWJWhenNormalizingText" classname="org.jsoup.nodes.ElementTest" time="0.004"/>
  <testcase name="testClonesClassnames" classname="org.jsoup.nodes.ElementTest" time="0.001"/>
  <testcase name="appendMustCorrectlyMoveChildrenInsideOneParentElement" classname="org.jsoup.nodes.ElementTest" time="0.001"/>
  <testcase name="before" classname="org.jsoup.nodes.ElementTest" time="0.003"/>
  <testcase name="testChildSizeWithMixedContent" classname="org.jsoup.nodes.ElementTest" time="0"/>
  <testcase name="testWrapNoop" classname="org.jsoup.nodes.ElementTest" time="0.001"/>
  <testcase name="testRemoveBeforeIndex" classname="org.jsoup.nodes.ElementTest" time="0.001"/>
  <testcase name="testChainedRemoveAttributes" classname="org.jsoup.nodes.ElementTest" time="0"/>
  <testcase name="booleanAttributeOutput" classname="org.jsoup.nodes.ElementTest" time="0.005"/>
  <testcase name="testAddNewHtml" classname="org.jsoup.nodes.ElementTest" time="0.001"/>
  <testcase name="testAddNewText" classname="org.jsoup.nodes.ElementTest" time="0"/>
  <testcase name="testCssPathDuplicateIds" classname="org.jsoup.nodes.ElementTest" time="0.005"/>
  <testcase name="testPreviousElementSiblings" classname="org.jsoup.nodes.ElementTest" time="0.003"/>
  <testcase name="testGetElementById" classname="org.jsoup.nodes.ElementTest" time="0.001"/>
  <testcase name="accessorsDoNotVivifyAttributes" classname="org.jsoup.nodes.ElementTest" time="0.001"/>
  <testcase name="testClone" classname="org.jsoup.nodes.ElementTest" time="0.001"/>
  <testcase name="testSetId" classname="org.jsoup.nodes.ElementTest" time="0.001"/>
  <testcase name="testHtmlContainsOuter" classname="org.jsoup.nodes.ElementTest" time="0.002"/>
  <testcase name="testClassDomMethods" classname="org.jsoup.nodes.ElementTest" time="0"/>
  <testcase name="testRoot" classname="org.jsoup.nodes.ElementTest" time="0"/>
  <testcase name="testWrap" classname="org.jsoup.nodes.ElementTest" time="0.002"/>
  <testcase name="testNamespacedElements" classname="org.jsoup.nodes.ElementTest" time="0.001"/>
  <testcase name="testClassNames" classname="org.jsoup.nodes.ElementTest" time="0"/>
  <testcase name="testWrapWithSimpleRemainder" classname="org.jsoup.nodes.ElementTest" time="0"/>
  <testcase name="loopMoveChildren" classname="org.jsoup.nodes.ElementTest" time="0"/>
  <testcase name="testElementSiblingIndex" classname="org.jsoup.nodes.ElementTest" time="0.001"/>
  <testcase name="testId" classname="org.jsoup.nodes.ElementTest" time="0"/>
  <testcase name="testIs" classname="org.jsoup.nodes.ElementTest" time="0.003"/>
  <testcase name="testEvalMethods" classname="org.jsoup.nodes.ElementTest" time="0"/>
  <testcase name="testEmptyElementFormatHtml" classname="org.jsoup.nodes.ElementTest" time="0"/>
  <testcase name="testLoopedRemoveAttributes" classname="org.jsoup.nodes.ElementTest" time="0.001"/>
  <testcase name="testShadowElementsAreUpdated" classname="org.jsoup.nodes.ElementTest" time="0.001"/>
  <testcase name="testFirstElementSiblingOnOrphan" classname="org.jsoup.nodes.ElementTest" time="0"/>
  <testcase name="testKeepsPreTextAtDepth" classname="org.jsoup.nodes.ElementTest" time="0.001"/>
  <testcase name="testGetElementsWithAttribute" classname="org.jsoup.nodes.ElementTest" time="0"/>
  <testcase name="testNoIndentOnScriptAndStyle" classname="org.jsoup.nodes.ElementTest" time="0.001"/>
  <testcase name="orphanDivToString" classname="org.jsoup.nodes.ElementTest" time="0"/>
  <testcase name="testAppendRowToTable" classname="org.jsoup.nodes.ElementTest" time="0.001"/>
  <testcase name="testGetElementsWithClass" classname="org.jsoup.nodes.ElementTest" time="0.001"/>
  <testcase name="testShallowClone" classname="org.jsoup.nodes.ElementTest" time="0.001"/>
  <testcase name="testWrapWithRemainder" classname="org.jsoup.nodes.ElementTest" time="0.002"/>
  <testcase name="testClearAttributes" classname="org.jsoup.nodes.ElementTest" time="0"/>
  <testcase name="testKeepsPreTextInCode" classname="org.jsoup.nodes.ElementTest" time="0.001"/>
  <testcase name="testHasClassDomMethods" classname="org.jsoup.nodes.ElementTest" time="0"/>
  <testcase name="testWrapOnOrphan" classname="org.jsoup.nodes.ElementTest" time="0.001"/>
  <testcase name="testGetParents" classname="org.jsoup.nodes.ElementTest" time="0.001"/>
  <testcase name="testGetText" classname="org.jsoup.nodes.ElementTest" time="0.006"/>
  <testcase name="testPrettyWithEnDashBody" classname="org.jsoup.nodes.ElementTest" time="0.001"/>
  <testcase name="getElementsByTagName" classname="org.jsoup.nodes.ElementTest" time="0"/>
  <testcase name="testFormatHtml" classname="org.jsoup.nodes.ElementTest" time="0"/>
  <testcase name="testGetElementsWithAttributeValue" classname="org.jsoup.nodes.ElementTest" time="0.001"/>
  <testcase name="testWholeText" classname="org.jsoup.nodes.ElementTest" time="0.001"/>
  <testcase name="testGetElementsWithAttributeDash" classname="org.jsoup.nodes.ElementTest" time="0.001"/>
  <testcase name="testManipulateTextNodes" classname="org.jsoup.nodes.ElementTest" time="0"/>
  <testcase name="testChildThrowsIndexOutOfBoundsOnMissing" classname="org.jsoup.nodes.ElementTest" time="0.005"/>
  <testcase name="testPrependRowToTable" classname="org.jsoup.nodes.ElementTest" time="0.001"/>
  <testcase name="testFirstAndLastSiblings" classname="org.jsoup.nodes.ElementTest" time="0"/>
  <testcase name="testGetTextNodes" classname="org.jsoup.nodes.ElementTest" time="0"/>
  <testcase name="after" classname="org.jsoup.nodes.ElementTest" time="0.001"/>
  <testcase name="testContainerOutput" classname="org.jsoup.nodes.ElementTest" time="0"/>
  <testcase name="testInnerHtml" classname="org.jsoup.nodes.ElementTest" time="0.002"/>
  <testcase name="testHasText" classname="org.jsoup.nodes.ElementTest" time="0"/>
  <testcase name="testRemoveAttr" classname="org.jsoup.nodes.ElementTest" time="0.001"/>
  <testcase name="textHasSpaceBetweenDivAndCenterTags" classname="org.jsoup.nodes.ElementTest" time="0"/>
  <testcase name="testClosest" classname="org.jsoup.nodes.ElementTest" time="0"/>
  <testcase name="testWrapArtificialStructure" classname="org.jsoup.nodes.ElementTest" time="0.001"/>
  <testcase name="testGetDataNodes" classname="org.jsoup.nodes.ElementTest" time="0.001"/>
  <testcase name="testCssPath" classname="org.jsoup.nodes.ElementTest" time="0.008"/>
  <testcase name="testSetHtmlTitle" classname="org.jsoup.nodes.ElementTest" time="0.001"/>
  <testcase name="testChildrenElements" classname="org.jsoup.nodes.ElementTest" time="0.001"/>
  <testcase name="testShallowCloneToString" classname="org.jsoup.nodes.ElementTest" time="0.001"/>
  <testcase name="moveByAppend" classname="org.jsoup.nodes.ElementTest" time="0"/>
  <testcase name="testNormalisesText" classname="org.jsoup.nodes.ElementTest" time="0"/>
  <testcase name="testPrettyAndOutlineWithEnDashBody" classname="org.jsoup.nodes.ElementTest" time="0.001"/>
  <testcase name="testClassUpdates" classname="org.jsoup.nodes.ElementTest" time="0"/>
  <testcase name="testAddNewElement" classname="org.jsoup.nodes.ElementTest" time="0.001"/>
  <testcase name="testNotPrettyWithEnDashBody" classname="org.jsoup.nodes.ElementTest" time="0"/>
  <testcase name="testHashAndEqualsAndValue" classname="org.jsoup.nodes.ElementTest" time="0.001"/>
  <testcase name="testElementSiblingIndexSameContent" classname="org.jsoup.nodes.ElementTest" time="0"/>
  <testcase name="testGetChildText" classname="org.jsoup.nodes.ElementTest" time="0"/>
  <testcase name="testRelativeUrls" classname="org.jsoup.nodes.ElementTest" time="0.001"/>
  <testcase name="testSetIndent" classname="org.jsoup.nodes.ElementTest" time="0"/>
  <testcase name="childNodesAccessorDoesNotVivify" classname="org.jsoup.nodes.ElementTest" time="0.004"/>
  <testcase name="testThrowsOnAddNullText" classname="org.jsoup.nodes.ElementTest" time="0.001"/>
  <testcase name="testGetSiblingsWithDuplicateContent" classname="org.jsoup.nodes.ElementTest" time="0.001"/>
  <testcase name="testNormalizesInvisiblesInText" classname="org.jsoup.nodes.ElementTest" time="0.001"/>
  <testcase name="insertChildrenAsCopy" classname="org.jsoup.nodes.ElementTest" time="0.001"/>
  <testcase name="testTagNameSet" classname="org.jsoup.nodes.ElementTest" time="0.001"/>
  <testcase name="testReparentSeperateNodes" classname="org.jsoup.nodes.ElementTest" time="0.005"/>
  <testcase name="styleHtmlRoundTrips" classname="org.jsoup.nodes.ElementTest" time="0"/>
  <testcase name="appendChildren" classname="org.jsoup.nodes.ElementTest" time="0"/>
  <testcase name="moveChildren" classname="org.jsoup.nodes.ElementTest" time="0.004"/>
  <testcase name="dataset" classname="org.jsoup.nodes.ElementTest" time="0.001"/>
  <testcase name="testPrependText" classname="org.jsoup.nodes.ElementTest" time="0.001"/>
  <testcase name="testNormalizesNbspInText" classname="org.jsoup.nodes.ElementTest" time="0"/>
  <testcase name="testRemoveAfterIndex" classname="org.jsoup.nodes.ElementTest" time="0"/>
  <testcase name="testThrowsOnPrependNullText" classname="org.jsoup.nodes.ElementTest" time="0.001"/>
  <testcase name="testGetSiblings" classname="org.jsoup.nodes.ElementTest" time="0.001"/>
  <testcase name="testSetHtml" classname="org.jsoup.nodes.ElementTest" time="0.001"/>
  <testcase name="testSetText" classname="org.jsoup.nodes.ElementTest" time="0.001"/>
  <testcase name="testNextElementSiblings" classname="org.jsoup.nodes.ElementTest" time="0"/>
  <testcase name="testAddBooleanAttribute" classname="org.jsoup.nodes.ElementTest" time="0.001"/>
  <testcase name="testRelativeIdnUrls" classname="org.jsoup.nodes.ElementTest" time="0"/>
  <testcase name="prependChildren" classname="org.jsoup.nodes.ElementTest" time="0.001"/>
  <testcase name="textHasSpaceAfterBlockTags" classname="org.jsoup.nodes.ElementTest" time="0.002"/>
  <testcase name="whiteSpaceClassElement" classname="org.jsoup.nodes.ElementTest" time="0"/>
  <testcase name="classNamesAndAttributeNameIsCaseInsensitive" classname="org.jsoup.nodes.ElementTest" time="0"/>
  <testcase name="testPrependNewHtml" classname="org.jsoup.nodes.ElementTest" time="0.001"/>
  <testcase name="testRemovingEmptyClassAttributeWhenLastClassRemoved" classname="org.jsoup.nodes.ElementTest" time="0"/>
  <testcase name="testBrHasSpace" classname="org.jsoup.nodes.ElementTest" time="0"/>
  <testcase name="testKeepsPreText" classname="org.jsoup.nodes.ElementTest" time="0.001"/>
  <testcase name="emptyChildrenElementsIsModifiable" classname="org.jsoup.nodes.ElementTest" time="0"/>
  <testcase name="testNotPretty" classname="org.jsoup.nodes.ElementTest" time="0"/>
  <testcase name="testNextElementSiblingAfterClone" classname="org.jsoup.nodes.ElementTest" time="0.002"/>
  <testcase name="testAppendTo" classname="org.jsoup.nodes.ElementTest" time="0"/>
  <testcase name="testScriptTextHtmlSetAsData" classname="org.jsoup.nodes.ElementTest" time="0.001"/>
  <testcase name="getNamespacedElementsByTag" classname="org.jsoup.nodes.ElementTest" time="0.001"/>
  <testcase name="testTraverse" classname="org.jsoup.nodes.ElementTest" time="0.002"/>
  <testcase name="isBlock" classname="org.jsoup.nodes.ElementTest" time="0"/>
  <testcase name="insertChildrenAtPosition" classname="org.jsoup.nodes.ElementTest" time="0.001"/>
  <testcase name="elementIsNotASiblingOfItself" classname="org.jsoup.nodes.ElementTest" time="0"/>
</testsuite>